-- The C compiler identification is GNU 13.3.0
-- The CXX compiler identification is GNU 13.3.0
-- Detecting C compiler ABI info
-- Detecting C compiler ABI info - done
-- Check for working C compiler: /usr/bin/cc - skipped
-- Detecting C compile features
-- Detecting C compile features - done
-- Detecting CXX compiler ABI info
-- Detecting CXX compiler ABI info - done
-- Check for working CXX compiler: /usr/bin/c++ - skipped
-- Detecting CXX compile features
-- Detecting CXX compile features - done
-- Found ament_cmake: 2.5.4 (/opt/ros/jazzy/share/ament_cmake/cmake)
-- Found Python3: /usr/bin/python3 (found version "3.12.3") found components: Interpreter 
-- Found rclcpp: 28.1.10 (/opt/ros/jazzy/share/rclcpp/cmake)
-- Found rosidl_generator_c: 4.6.5 (/opt/ros/jazzy/share/rosidl_generator_c/cmake)
-- Found rosidl_generator_cpp: 4.6.5 (/opt/ros/jazzy/share/rosidl_generator_cpp/cmake)
-- Using all available rosidl_typesupport_c: rosidl_typesupport_fastrtps_c;rosidl_typesupport_introspection_c
-- Using all available rosidl_typesupport_cpp: rosidl_typesupport_fastrtps_cpp;rosidl_typesupport_introspection_cpp
-- Found rmw_implementation_cmake: 7.3.2 (/opt/ros/jazzy/share/rmw_implementation_cmake/cmake)
-- Found rmw_fastrtps_cpp: 8.4.2 (/opt/ros/jazzy/share/rmw_fastrtps_cpp/cmake)
-- Found OpenSSL: /usr/lib/x86_64-linux-gnu/libcrypto.so (found version "3.0.13")  
-- Found FastRTPS: /opt/ros/jazzy/include (Required is at least version "2.13") 
-- Using RMW implementation 'rmw_fastrtps_cpp' as default
-- Found std_msgs: 5.3.6 (/opt/ros/jazzy/share/std_msgs/cmake)
-- Found ament_lint_auto: 0.17.2 (/opt/ros/jazzy/share/ament_lint_auto/cmake)
-- Added test 'flake8' to check Python code syntax and style conventions
-- Configured 'flake8' exclude dirs and/or files: 
-- Added test 'lint_cmake' to check CMake code style
-- Added test 'pep257' to check Python code against some of the docstring style conventions in PEP 257
-- Added test 'xmllint' to check XML markup files
-- Configuring done (0.7s)
-- Generating done (0.0s)
-- Build files have been written to: /home/robot/husky_master_jazzy/ws/build/brainbox_husky_bringup
-- Install configuration: ""
-- Installing: /home/robot/husky_master_jazzy/ws/install/brainbox_husky_bringup/share/brainbox_husky_bringup/launch
-- Installing: /home/robot/husky_master_jazzy/ws/install/brainbox_husky_bringup/share/brainbox_husky_bringup/launch/brainbox_husky_bringup.launch.py
-- Installing: /home/robot/husky_master_jazzy/ws/install/brainbox_husky_bringup/share/brainbox_husky_bringup/launch/ouster.launch.py
-- Installing: /home/robot/husky_master_jazzy/ws/install/brainbox_husky_bringup/share/brainbox_husky_bringup/launch/relay_topics.launch.py
-- Installing: /home/robot/husky_master_jazzy/ws/install/brainbox_husky_bringup/share/brainbox_husky_bringup/config
-- Installing: /home/robot/husky_master_jazzy/ws/install/brainbox_husky_bringup/share/brainbox_husky_bringup/config/vn100.yaml
-- Installing: /home/robot/husky_master_jazzy/ws/install/brainbox_husky_bringup/share/brainbox_husky_bringup/config/ublox.yaml
-- Installing: /home/robot/husky_master_jazzy/ws/install/brainbox_husky_bringup/share/brainbox_husky_bringup/config/ouster_driver_params.yaml
-- Installing: /home/robot/husky_master_jazzy/ws/install/brainbox_husky_bringup/share/ament_index/resource_index/package_run_dependencies/brainbox_husky_bringup
-- Installing: /home/robot/husky_master_jazzy/ws/install/brainbox_husky_bringup/share/ament_index/resource_index/parent_prefix_path/brainbox_husky_bringup
-- Installing: /home/robot/husky_master_jazzy/ws/install/brainbox_husky_bringup/share/brainbox_husky_bringup/environment/ament_prefix_path.sh
-- Installing: /home/robot/husky_master_jazzy/ws/install/brainbox_husky_bringup/share/brainbox_husky_bringup/environment/ament_prefix_path.dsv
-- Installing: /home/robot/husky_master_jazzy/ws/install/brainbox_husky_bringup/share/brainbox_husky_bringup/environment/path.sh
-- Installing: /home/robot/husky_master_jazzy/ws/install/brainbox_husky_bringup/share/brainbox_husky_bringup/environment/path.dsv
-- Installing: /home/robot/husky_master_jazzy/ws/install/brainbox_husky_bringup/share/brainbox_husky_bringup/local_setup.bash
-- Installing: /home/robot/husky_master_jazzy/ws/install/brainbox_husky_bringup/share/brainbox_husky_bringup/local_setup.sh
-- Installing: /home/robot/husky_master_jazzy/ws/install/brainbox_husky_bringup/share/brainbox_husky_bringup/local_setup.zsh
-- Installing: /home/robot/husky_master_jazzy/ws/install/brainbox_husky_bringup/share/brainbox_husky_bringup/local_setup.dsv
-- Installing: /home/robot/husky_master_jazzy/ws/install/brainbox_husky_bringup/share/brainbox_husky_bringup/package.dsv
-- Installing: /home/robot/husky_master_jazzy/ws/install/brainbox_husky_bringup/share/ament_index/resource_index/packages/brainbox_husky_bringup
-- Installing: /home/robot/husky_master_jazzy/ws/install/brainbox_husky_bringup/share/brainbox_husky_bringup/cmake/brainbox_husky_bringupConfig.cmake
-- Installing: /home/robot/husky_master_jazzy/ws/install/brainbox_husky_bringup/share/brainbox_husky_bringup/cmake/brainbox_husky_bringupConfig-version.cmake
-- Installing: /home/robot/husky_master_jazzy/ws/install/brainbox_husky_bringup/share/brainbox_husky_bringup/package.xml
