1754687263.9782586 [INFO] [launch]: All log files can be found below /home/dcist/.ros/log/2025-08-08-21-07-43-977730-dcist-37971
1754687263.9783304 [INFO] [launch]: Default logging verbosity is set to INFO
1754687264.1056705 [INFO] [rviz2-1]: process started with pid [37987]
1754687264.1057537 [INFO] [os_driver-2]: process started with pid [37988]
1754687264.1057849 [INFO] [pointcloud_to_laserscan_node-3]: process started with pid [37989]
1754687264.1868393 [rviz2-1] qt.qpa.xcb: could not connect to display localhost:10.0
1754687264.1870019 [rviz2-1] qt.qpa.plugin: Could not load the Qt platform plugin "xcb" in "" even though it was found.
1754687264.1870403 [rviz2-1] This application failed to start because no Qt platform plugin could be initialized. Reinstalling the application may fix this problem.
1754687264.1870694 [rviz2-1] 
1754687264.1870940 [rviz2-1] Available platform plugins are: eglfs, linuxfb, minimal, minimalegl, offscreen, vnc, wayland-egl, wayland, wayland-xcomposite-egl, wayland-xcomposite-glx, xcb.
1754687264.1871178 [rviz2-1] 
1754687264.2010045 [ERROR] [pointcloud_to_laserscan_node-3]: process has died [pid 37989, exit code -6, cmd '/home/dcist/dcist_ws/install/pointcloud_to_laserscan/lib/pointcloud_to_laserscan/pointcloud_to_laserscan_node --ros-args -r __node:=ouster_scan_band --params-file /home/dcist/dcist_ws/install/brainbox_husky_bringup/share/brainbox_husky_bringup/config/pointcloud_to_laserscan.yaml -r cloud_in:=/ouster/points -r scan:=/ouster/scan_multi'].
1754687264.2795100 [ERROR] [rviz2-1]: process has died [pid 37987, exit code -6, cmd '/opt/ros/jazzy/lib/rviz2/rviz2 -d /home/dcist/dcist_ws/install/ouster_ros/share/ouster_ros/config/viz.rviz --ros-args -r __node:=rviz2 -r __ns:=/ouster'].
1754687272.7885411 [WARNING] [launch]: user interrupted with ctrl-c (SIGINT)
1754687273.3564503 [WARNING] [launch_ros.utilities.lifecycle_event_manager]: Abandoning wait for the '/ouster/os_driver/change_state' service response, due to shutdown.
1754687278.3697782 [ERROR] [os_driver-2]: process[os_driver-2] failed to terminate '5' seconds after receiving 'SIGINT', escalating to 'SIGTERM'
1754687278.3700764 [INFO] [os_driver-2]: sending signal 'SIGTERM' to process[os_driver-2]
1754687283.3707662 [ERROR] [os_driver-2]: process[os_driver-2] failed to terminate '10.0' seconds after receiving 'SIGTERM', escalating to 'SIGKILL'
1754687283.3710513 [INFO] [os_driver-2]: sending signal 'SIGKILL' to process[os_driver-2]
1754687283.3758523 [ERROR] [os_driver-2]: process has died [pid 37988, exit code -9, cmd '/home/dcist/dcist_ws/install/ouster_ros/lib/ouster_ros/os_driver --ros-args -r __node:=os_driver -r __ns:=/ouster --params-file /home/dcist/dcist_ws/install/brainbox_husky_bringup/share/brainbox_husky_bringup/config/ouster_driver_params.yaml'].
