[33mCMake Warning (dev) at /usr/lib/x86_64-linux-gnu/cmake/pcl/Modules/FindFLANN.cmake:45 (find_package):
  Policy CMP0144 is not set: find_package uses upper-case <PACKAGENAME>_ROOT
  variables.  Run "cmake --help-policy CMP0144" for policy details.  Use the
  cmake_policy command to set the policy and suppress this warning.

  CMake variable FLANN_ROOT is set to:

    /usr

  For compatibility, find_package is ignoring the variable, but code in a
  .cmake module might still use it.
Call Stack (most recent call first):
  /usr/lib/x86_64-linux-gnu/cmake/pcl/PCLConfig.cmake:261 (find_package)
  /usr/lib/x86_64-linux-gnu/cmake/pcl/PCLConfig.cmake:306 (find_flann)
  /usr/lib/x86_64-linux-gnu/cmake/pcl/PCLConfig.cmake:570 (find_external_library)
  /opt/ros/jazzy/share/pcl_conversions/cmake/ament_cmake_export_dependencies-extras.cmake:21 (find_package)
  /opt/ros/jazzy/share/pcl_conversions/cmake/pcl_conversionsConfig.cmake:41 (include)
  /opt/ros/jazzy/share/pcl_ros/cmake/ament_cmake_export_dependencies-extras.cmake:21 (find_package)
  /opt/ros/jazzy/share/pcl_ros/cmake/pcl_rosConfig.cmake:41 (include)
  CMakeLists.txt:11 (find_package)
This warning is for project developers.  Use -Wno-dev to suppress it.
[0m
[33mCMake Warning (dev) at CMakeLists.txt:15 (find_package):
  Policy CMP0074 is not set: find_package uses <PackageName>_ROOT variables.
  Run "cmake --help-policy CMP0074" for policy details.  Use the cmake_policy
  command to set the policy and suppress this warning.

  CMake variable PCL_ROOT is set to:

    /usr

  For compatibility, CMake is ignoring the variable.
This warning is for project developers.  Use -Wno-dev to suppress it.
[0m
[01m[K/home/robot/husky_master_jazzy/ws/src/path_planning/src/occupancy_grid_node.cpp:[m[K In constructor ‘[01m[KOccupancyGridNode::[01;32m[KOccupancyGridNode[m[K()[m[K’:
[01m[K/home/robot/husky_master_jazzy/ws/src/path_planning/src/occupancy_grid_node.cpp:13:56:[m[K [01;31m[Kerror: [m[Kfound ‘[01m[K:[m[K’ in nested-name-specifier, expected ‘[01m[K::[m[K’
   13 |                                 [this](sensor_msgs::msg[01;31m[K:[m[KPointCloud2::SharedPtr msg) {
      |                                                        [01;31m[K^[m[K
      |                                                        [32m[K::[m[K
gmake[2]: *** [CMakeFiles/occupancy_grid_node.dir/build.make:76: CMakeFiles/occupancy_grid_node.dir/src/occupancy_grid_node.cpp.o] Error 1
gmake[1]: *** [CMakeFiles/Makefile2:137: CMakeFiles/occupancy_grid_node.dir/all] Error 2
gmake: *** [Makefile:146: all] Error 2
