[0.006s] Invoking command in '/home/robot/husky_master_jazzy/ws/build/path_planning': CMAKE_PREFIX_PATH=${CMAKE_PREFIX_PATH}:/opt/ros/jazzy DEBUGINFOD_URLS=https://debuginfod.ubuntu.com /usr/bin/cmake /home/robot/husky_master_jazzy/ws/src/path_planning -DCMAKE_INSTALL_PREFIX=/home/robot/husky_master_jazzy/ws/install/path_planning
[0.015s] -- Found ament_cmake: 2.5.4 (/opt/ros/jazzy/share/ament_cmake/cmake)
[0.140s] -- Found pcl_ros: 2.6.2 (/opt/ros/jazzy/share/pcl_ros/cmake)
[0.161s] -- Found rosidl_generator_c: 4.6.5 (/opt/ros/jazzy/share/rosidl_generator_c/cmake)
[0.166s] -- Found rosidl_generator_cpp: 4.6.5 (/opt/ros/jazzy/share/rosidl_generator_cpp/cmake)
[0.172s] -- Using all available rosidl_typesupport_c: rosidl_typesupport_fastrtps_c;rosidl_typesupport_introspection_c
[0.179s] -- Using all available rosidl_typesupport_cpp: rosidl_typesupport_fastrtps_cpp;rosidl_typesupport_introspection_cpp
[0.213s] -- Found rmw_implementation_cmake: 7.3.2 (/opt/ros/jazzy/share/rmw_implementation_cmake/cmake)
[0.214s] -- Found rmw_fastrtps_cpp: 8.4.2 (/opt/ros/jazzy/share/rmw_fastrtps_cpp/cmake)
[0.256s] -- Using RMW implementation 'rmw_fastrtps_cpp' as default
[0.352s] [33mCMake Warning (dev) at /usr/lib/x86_64-linux-gnu/cmake/pcl/Modules/FindFLANN.cmake:45 (find_package):
[0.352s]   Policy CMP0144 is not set: find_package uses upper-case <PACKAGENAME>_ROOT
[0.352s]   variables.  Run "cmake --help-policy CMP0144" for policy details.  Use the
[0.352s]   cmake_policy command to set the policy and suppress this warning.
[0.352s] 
[0.352s]   CMake variable FLANN_ROOT is set to:
[0.352s] 
[0.352s]     /usr
[0.352s] 
[0.352s]   For compatibility, find_package is ignoring the variable, but code in a
[0.352s]   .cmake module might still use it.
[0.352s] Call Stack (most recent call first):
[0.352s]   /usr/lib/x86_64-linux-gnu/cmake/pcl/PCLConfig.cmake:261 (find_package)
[0.352s]   /usr/lib/x86_64-linux-gnu/cmake/pcl/PCLConfig.cmake:306 (find_flann)
[0.352s]   /usr/lib/x86_64-linux-gnu/cmake/pcl/PCLConfig.cmake:570 (find_external_library)
[0.352s]   /opt/ros/jazzy/share/pcl_conversions/cmake/ament_cmake_export_dependencies-extras.cmake:21 (find_package)
[0.353s]   /opt/ros/jazzy/share/pcl_conversions/cmake/pcl_conversionsConfig.cmake:41 (include)
[0.353s]   /opt/ros/jazzy/share/pcl_ros/cmake/ament_cmake_export_dependencies-extras.cmake:21 (find_package)
[0.353s]   /opt/ros/jazzy/share/pcl_ros/cmake/pcl_rosConfig.cmake:41 (include)
[0.353s]   CMakeLists.txt:11 (find_package)
[0.353s] This warning is for project developers.  Use -Wno-dev to suppress it.
[0.353s] [0m
[0.353s] -- Found flann version 1.9.2
[0.617s] -- OpenNI found (version: 1.5.4.0, include: /usr/include/ni, lib: /usr/lib/libOpenNI.so;libusb::libusb)
[0.620s] -- OpenNI2 found (version: 2.2.0.33, include: /usr/include/openni2, lib: /usr/lib/x86_64-linux-gnu/libOpenNI2.so;libusb::libusb)
[0.897s] -- OpenNI found (version: 1.5.4.0, include: /usr/include/ni, lib: /usr/lib/libOpenNI.so;libusb::libusb)
[0.902s] -- OpenNI2 found (version: 2.2.0.33, include: /usr/include/openni2, lib: /usr/lib/x86_64-linux-gnu/libOpenNI2.so;libusb::libusb)
[1.156s] -- Found Qhull version 8.0.2
[1.420s] -- OpenNI found (version: 1.5.4.0, include: /usr/include/ni, lib: /usr/lib/libOpenNI.so;libusb::libusb)
[1.741s] -- Found eigen3_cmake_module: 0.3.0 (/opt/ros/jazzy/share/eigen3_cmake_module/cmake)
[1.742s] -- Ensuring Eigen3 include directory is part of orocos-kdl CMake target
[1.744s] [33mCMake Warning (dev) at CMakeLists.txt:15 (find_package):
[1.745s]   Policy CMP0074 is not set: find_package uses <PackageName>_ROOT variables.
[1.745s]   Run "cmake --help-policy CMP0074" for policy details.  Use the cmake_policy
[1.745s]   command to set the policy and suppress this warning.
[1.745s] 
[1.745s]   CMake variable PCL_ROOT is set to:
[1.745s] 
[1.745s]     /usr
[1.745s] 
[1.745s]   For compatibility, CMake is ignoring the variable.
[1.745s] This warning is for project developers.  Use -Wno-dev to suppress it.
[1.745s] [0m
[1.758s] -- Found ament_lint_auto: 0.17.2 (/opt/ros/jazzy/share/ament_lint_auto/cmake)
[1.820s] -- Added test 'cppcheck' to perform static code analysis on C / C++ code
[1.820s] -- Configured cppcheck include dirs: 
[1.820s] -- Configured cppcheck exclude dirs and/or files: 
[1.821s] -- Added test 'lint_cmake' to check CMake code style
[1.821s] -- Added test 'uncrustify' to check C / C++ code style
[1.821s] -- Configured uncrustify additional arguments: 
[1.822s] -- Added test 'xmllint' to check XML markup files
[1.822s] -- Configuring done (1.8s)
[1.873s] -- Generating done (0.0s)
[1.876s] -- Build files have been written to: /home/robot/husky_master_jazzy/ws/build/path_planning
[1.888s] Invoked command in '/home/robot/husky_master_jazzy/ws/build/path_planning' returned '0': CMAKE_PREFIX_PATH=${CMAKE_PREFIX_PATH}:/opt/ros/jazzy DEBUGINFOD_URLS=https://debuginfod.ubuntu.com /usr/bin/cmake /home/robot/husky_master_jazzy/ws/src/path_planning -DCMAKE_INSTALL_PREFIX=/home/robot/husky_master_jazzy/ws/install/path_planning
[1.889s] Invoking command in '/home/robot/husky_master_jazzy/ws/build/path_planning': CMAKE_PREFIX_PATH=${CMAKE_PREFIX_PATH}:/opt/ros/jazzy DEBUGINFOD_URLS=https://debuginfod.ubuntu.com /usr/bin/cmake --build /home/robot/husky_master_jazzy/ws/build/path_planning -- -j24 -l24
[1.924s] [ 50%] [32mBuilding CXX object CMakeFiles/occupancy_grid_node.dir/src/occupancy_grid_node.cpp.o[0m
[4.622s] [01m[K/home/robot/husky_master_jazzy/ws/src/path_planning/src/occupancy_grid_node.cpp:[m[K In constructor ‘[01m[KOccupancyGridNode::[01;32m[KOccupancyGridNode[m[K()[m[K’:
[4.622s] [01m[K/home/robot/husky_master_jazzy/ws/src/path_planning/src/occupancy_grid_node.cpp:13:56:[m[K [01;31m[Kerror: [m[Kfound ‘[01m[K:[m[K’ in nested-name-specifier, expected ‘[01m[K::[m[K’
[4.622s]    13 |                                 [this](sensor_msgs::msg[01;31m[K:[m[KPointCloud2::SharedPtr msg) {
[4.622s]       |                                                        [01;31m[K^[m[K
[4.622s]       |                                                        [32m[K::[m[K
[5.519s] gmake[2]: *** [CMakeFiles/occupancy_grid_node.dir/build.make:76: CMakeFiles/occupancy_grid_node.dir/src/occupancy_grid_node.cpp.o] Error 1
[5.519s] gmake[1]: *** [CMakeFiles/Makefile2:137: CMakeFiles/occupancy_grid_node.dir/all] Error 2
[5.519s] gmake: *** [Makefile:146: all] Error 2
[5.521s] Invoked command in '/home/robot/husky_master_jazzy/ws/build/path_planning' returned '2': CMAKE_PREFIX_PATH=${CMAKE_PREFIX_PATH}:/opt/ros/jazzy DEBUGINFOD_URLS=https://debuginfod.ubuntu.com /usr/bin/cmake --build /home/robot/husky_master_jazzy/ws/build/path_planning -- -j24 -l24
