[0.013s] Invoking command in '/home/mrsl-perch/husky-master-jazzy/ws/build/zed_components': CMAKE_PREFIX_PATH=${CMAKE_PREFIX_PATH}:/opt/ros/jazzy DEBUGINFOD_URLS=https://debuginfod.ubuntu.com /usr/bin/cmake /home/mrsl-perch/husky-master-jazzy/ws/src/zed-ros2-wrapper/zed_components -DAMENT_CMAKE_SYMLINK_INSTALL=1 -DCMAKE_INSTALL_PREFIX=/home/mrsl-perch/husky-master-jazzy/ws/install/zed_components
[0.119s] -- The C compiler identification is GNU 13.3.0
[0.192s] -- The CXX compiler identification is GNU 13.3.0
[0.204s] -- Detecting C compiler ABI info
[0.266s] -- Detecting C compiler ABI info - done
[0.272s] -- Check for working C compiler: /usr/bin/cc - skipped
[0.273s] -- Detecting C compile features
[0.273s] -- Detecting C compile features - done
[0.280s] -- Detecting CXX compiler ABI info
[0.346s] -- Detecting CXX compiler ABI info - done
[0.353s] -- Check for working CXX compiler: /usr/bin/c++ - skipped
[0.353s] -- Detecting CXX compile features
[0.354s] -- Detecting CXX compile features - done
[0.365s] [31mCMake Error at CMakeLists.txt:84 (find_package):
[0.365s]   By not providing "FindZED.cmake" in CMAKE_MODULE_PATH this project has
[0.365s]   asked CMake to find a package configuration file provided by "ZED", but
[0.365s]   CMake did not find one.
[0.365s] 
[0.365s]   Could not find a package configuration file provided by "ZED" with any of
[0.365s]   the following names:
[0.365s] 
[0.365s]     ZEDConfig.cmake
[0.365s]     zed-config.cmake
[0.365s] 
[0.365s]   Add the installation prefix of "ZED" to CMAKE_PREFIX_PATH or set "ZED_DIR"
[0.365s]   to a directory containing one of the above files.  If "ZED" provides a
[0.365s]   separate development package or SDK, be sure it has been installed.
[0.365s] 
[0.365s] [0m
[0.365s] -- Configuring incomplete, errors occurred!
