1755031016.3997777 [INFO] [launch]: All log files can be found below /home/dcist/.ros/log/2025-08-12-20-36-56-399204-dcist-4094
1755031016.3998508 [INFO] [launch]: Default logging verbosity is set to INFO
1755031016.6407752 [INFO] [rviz2-1]: process started with pid [4111]
1755031016.6408796 [INFO] [os_driver-2]: process started with pid [4112]
1755031016.6409214 [INFO] [robot_state_publisher-3]: process started with pid [4113]
1755031016.6409740 [INFO] [ros2_control_node-4]: process started with pid [4114]
1755031016.6410058 [INFO] [spawner-5]: process started with pid [4115]
1755031016.6410396 [INFO] [spawner-6]: process started with pid [4116]
1755031016.6410697 [INFO] [ekf_node-7]: process started with pid [4117]
1755031016.6410949 [INFO] [marker_server-8]: process started with pid [4118]
1755031016.6411195 [INFO] [twist_mux-9]: process started with pid [4119]
1755031016.6411481 [INFO] [joy_linux_node-10]: process started with pid [4120]
1755031016.6411726 [INFO] [teleop_node-11]: process started with pid [4121]
1755031016.6411998 [INFO] [aggregator_node-12]: process started with pid [4122]
1755031016.6412306 [INFO] [clearpath_diagnostic_updater-13]: process started with pid [4123]
1755031016.6412559 [INFO] [foxglove_bridge-14]: process started with pid [4124]
1755031016.6412790 [INFO] [battery_state_control-15]: process started with pid [4125]
1755031016.6413026 [INFO] [battery_state_estimator-16]: process started with pid [4126]
1755031016.6413255 [INFO] [wireless_watcher-17]: process started with pid [4127]
1755031016.6413505 [INFO] [pointcloud_to_laserscan_node-18]: process started with pid [4128]
1755031016.6842210 [robot_state_publisher-3] [INFO] [1755031016.683829323] [a200_0000.robot_state_publisher]: Robot initialized
1755031016.7088554 [rviz2-1] QStandardPaths: XDG_RUNTIME_DIR not set, defaulting to '/tmp/runtime-dcist'
1755031017.1516206 [rviz2-1] [INFO] [1755031017.151421759] [rviz2]: Stereo is NOT SUPPORTED
1755031017.1518133 [rviz2-1] [INFO] [1755031017.151481110] [rviz2]: OpenGl version: 4.6 (GLSL 4.6)
1755031017.2019618 [rviz2-1] [INFO] [1755031017.201768567] [rviz2]: Stereo is NOT SUPPORTED
1755031017.2513604 [rviz2-1] [INFO] [1755031017.251250250] [ouster.rviz2]: Subscribing to: /ouster/points
1755031017.2514331 [rviz2-1] 
1755031017.2523386 [rviz2-1] [INFO] [1755031017.252235048] [ouster.rviz2]: Subscribing to: /ouster/points
1755031017.2523944 [rviz2-1] 
1755031017.2673500 [rviz2-1] [INFO] [1755031017.267122463] [ouster.rviz2]: Subscribing to: /ouster/points
1755031017.2674429 [rviz2-1] 
1755031017.3384781 [rviz2-1] [INFO] [1755031017.338252632] [rviz2]: Stereo is NOT SUPPORTED
1755031018.3410165 [INFO] [spawner-6]: process has finished cleanly [pid 4116]
1755031019.6979661 [INFO] [spawner-5]: process has finished cleanly [pid 4115]
1755031039.6101179 [INFO] [launch.user]: os_driver activating...
1755031187.3898637 [rviz2-1] [INFO] [1755031187.389463991] [ouster.rviz2]: Message Filter dropping message: frame 'os_lidar' at time 1755031186.281 for reason 'discarding message because the queue is full'
1755031187.4844027 [rviz2-1] [INFO] [1755031187.484079442] [ouster.rviz2]: Message Filter dropping message: frame 'os_lidar' at time 1755031186.381 for reason 'discarding message because the queue is full'
1755031187.6127126 [rviz2-1] [INFO] [1755031187.612414999] [ouster.rviz2]: Message Filter dropping message: frame 'os_lidar' at time 1755031186.481 for reason 'discarding message because the queue is full'
1755031187.7085912 [rviz2-1] [INFO] [1755031187.708261874] [ouster.rviz2]: Message Filter dropping message: frame 'os_lidar' at time 1755031186.581 for reason 'discarding message because the queue is full'
1755031187.8051353 [rviz2-1] [INFO] [1755031187.805060018] [ouster.rviz2]: Message Filter dropping message: frame 'os_lidar' at time 1755031186.681 for reason 'discarding message because the queue is full'
1755031187.9014089 [rviz2-1] [INFO] [1755031187.901094027] [ouster.rviz2]: Message Filter dropping message: frame 'os_lidar' at time 1755031186.781 for reason 'discarding message because the queue is full'
1755031187.9964356 [rviz2-1] [INFO] [1755031187.996153126] [ouster.rviz2]: Message Filter dropping message: frame 'os_lidar' at time 1755031186.881 for reason 'discarding message because the queue is full'
1755031188.0929182 [rviz2-1] [INFO] [1755031188.092633515] [ouster.rviz2]: Message Filter dropping message: frame 'os_lidar' at time 1755031186.981 for reason 'discarding message because the queue is full'
1755031188.1891437 [rviz2-1] [INFO] [1755031188.188811228] [ouster.rviz2]: Message Filter dropping message: frame 'os_lidar' at time 1755031187.081 for reason 'discarding message because the queue is full'
1755031188.2846847 [rviz2-1] [INFO] [1755031188.284313577] [ouster.rviz2]: Message Filter dropping message: frame 'os_lidar' at time 1755031187.181 for reason 'discarding message because the queue is full'
1755031188.4133863 [rviz2-1] [INFO] [1755031188.413131445] [ouster.rviz2]: Message Filter dropping message: frame 'os_lidar' at time 1755031187.281 for reason 'discarding message because the queue is full'
1755031188.5088933 [rviz2-1] [INFO] [1755031188.508595463] [ouster.rviz2]: Message Filter dropping message: frame 'os_lidar' at time 1755031187.381 for reason 'discarding message because the queue is full'
1755031188.6053705 [rviz2-1] [INFO] [1755031188.605071422] [ouster.rviz2]: Message Filter dropping message: frame 'os_lidar' at time 1755031187.481 for reason 'discarding message because the queue is full'
1755031188.7011380 [rviz2-1] [INFO] [1755031188.700790715] [ouster.rviz2]: Message Filter dropping message: frame 'os_lidar' at time 1755031187.581 for reason 'discarding message because the queue is full'
1755031188.7965233 [rviz2-1] [INFO] [1755031188.796212123] [ouster.rviz2]: Message Filter dropping message: frame 'os_lidar' at time 1755031187.681 for reason 'discarding message because the queue is full'
1755031188.8932154 [rviz2-1] [INFO] [1755031188.892827304] [ouster.rviz2]: Message Filter dropping message: frame 'os_lidar' at time 1755031187.781 for reason 'discarding message because the queue is full'
1755031188.9891911 [rviz2-1] [INFO] [1755031188.988791253] [ouster.rviz2]: Message Filter dropping message: frame 'os_lidar' at time 1755031187.881 for reason 'discarding message because the queue is full'
1755031189.0853248 [rviz2-1] [INFO] [1755031189.085028577] [ouster.rviz2]: Message Filter dropping message: frame 'os_lidar' at time 1755031187.981 for reason 'discarding message because the queue is full'
1755031189.2133522 [rviz2-1] [INFO] [1755031189.213029620] [ouster.rviz2]: Message Filter dropping message: frame 'os_lidar' at time 1755031188.081 for reason 'discarding message because the queue is full'
1755031189.3091459 [rviz2-1] [INFO] [1755031189.308829476] [ouster.rviz2]: Message Filter dropping message: frame 'os_lidar' at time 1755031188.181 for reason 'discarding message because the queue is full'
1755031189.4048135 [rviz2-1] [INFO] [1755031189.404484409] [ouster.rviz2]: Message Filter dropping message: frame 'os_lidar' at time 1755031188.281 for reason 'discarding message because the queue is full'
1755031189.5004807 [rviz2-1] [INFO] [1755031189.500211864] [ouster.rviz2]: Message Filter dropping message: frame 'os_lidar' at time 1755031188.381 for reason 'discarding message because the queue is full'
1755031189.5968487 [rviz2-1] [INFO] [1755031189.596585631] [ouster.rviz2]: Message Filter dropping message: frame 'os_lidar' at time 1755031188.481 for reason 'discarding message because the queue is full'
1755031189.6931663 [rviz2-1] [INFO] [1755031189.692906378] [ouster.rviz2]: Message Filter dropping message: frame 'os_lidar' at time 1755031188.581 for reason 'discarding message because the queue is full'
1755031189.7896395 [rviz2-1] [INFO] [1755031189.789021390] [ouster.rviz2]: Message Filter dropping message: frame 'os_lidar' at time 1755031188.681 for reason 'discarding message because the queue is full'
1755031189.8848419 [rviz2-1] [INFO] [1755031189.884394107] [ouster.rviz2]: Message Filter dropping message: frame 'os_lidar' at time 1755031188.781 for reason 'discarding message because the queue is full'
1755031190.0130713 [rviz2-1] [INFO] [1755031190.012806829] [ouster.rviz2]: Message Filter dropping message: frame 'os_lidar' at time 1755031188.881 for reason 'discarding message because the queue is full'
1755031190.1092873 [rviz2-1] [INFO] [1755031190.109003674] [ouster.rviz2]: Message Filter dropping message: frame 'os_lidar' at time 1755031188.981 for reason 'discarding message because the queue is full'
1755031190.2051992 [rviz2-1] [INFO] [1755031190.204913783] [ouster.rviz2]: Message Filter dropping message: frame 'os_lidar' at time 1755031189.081 for reason 'discarding message because the queue is full'
1755031190.3009574 [rviz2-1] [INFO] [1755031190.300655749] [ouster.rviz2]: Message Filter dropping message: frame 'os_lidar' at time 1755031189.181 for reason 'discarding message because the queue is full'
1755031190.3964450 [rviz2-1] [INFO] [1755031190.396360914] [ouster.rviz2]: Message Filter dropping message: frame 'os_lidar' at time 1755031189.281 for reason 'discarding message because the queue is full'
1755031190.4927099 [rviz2-1] [INFO] [1755031190.492455816] [ouster.rviz2]: Message Filter dropping message: frame 'os_lidar' at time 1755031189.381 for reason 'discarding message because the queue is full'
1755031190.5892773 [rviz2-1] [INFO] [1755031190.588957757] [ouster.rviz2]: Message Filter dropping message: frame 'os_lidar' at time 1755031189.481 for reason 'discarding message because the queue is full'
1755031190.6854367 [rviz2-1] [INFO] [1755031190.685109771] [ouster.rviz2]: Message Filter dropping message: frame 'os_lidar' at time 1755031189.581 for reason 'discarding message because the queue is full'
1755031190.8126273 [rviz2-1] [INFO] [1755031190.812265619] [ouster.rviz2]: Message Filter dropping message: frame 'os_lidar' at time 1755031189.681 for reason 'discarding message because the queue is full'
1755031190.9087331 [rviz2-1] [INFO] [1755031190.908368342] [ouster.rviz2]: Message Filter dropping message: frame 'os_lidar' at time 1755031189.781 for reason 'discarding message because the queue is full'
1755031191.0049136 [rviz2-1] [INFO] [1755031191.004609638] [ouster.rviz2]: Message Filter dropping message: frame 'os_lidar' at time 1755031189.881 for reason 'discarding message because the queue is full'
1755031191.1014082 [rviz2-1] [INFO] [1755031191.101089779] [ouster.rviz2]: Message Filter dropping message: frame 'os_lidar' at time 1755031189.981 for reason 'discarding message because the queue is full'
1755031191.1966264 [rviz2-1] [INFO] [1755031191.196290165] [ouster.rviz2]: Message Filter dropping message: frame 'os_lidar' at time 1755031190.081 for reason 'discarding message because the queue is full'
1755031191.2933891 [rviz2-1] [INFO] [1755031191.293044152] [ouster.rviz2]: Message Filter dropping message: frame 'os_lidar' at time 1755031190.181 for reason 'discarding message because the queue is full'
1755031191.3896315 [rviz2-1] [INFO] [1755031191.389251238] [ouster.rviz2]: Message Filter dropping message: frame 'os_lidar' at time 1755031190.281 for reason 'discarding message because the queue is full'
1755031191.4848397 [rviz2-1] [INFO] [1755031191.484547555] [ouster.rviz2]: Message Filter dropping message: frame 'os_lidar' at time 1755031190.381 for reason 'discarding message because the queue is full'
1755031191.6129804 [rviz2-1] [INFO] [1755031191.612693614] [ouster.rviz2]: Message Filter dropping message: frame 'os_lidar' at time 1755031190.481 for reason 'discarding message because the queue is full'
1755031191.7086463 [rviz2-1] [INFO] [1755031191.708396410] [ouster.rviz2]: Message Filter dropping message: frame 'os_lidar' at time 1755031190.581 for reason 'discarding message because the queue is full'
1755031191.8048594 [rviz2-1] [INFO] [1755031191.804599786] [ouster.rviz2]: Message Filter dropping message: frame 'os_lidar' at time 1755031190.681 for reason 'discarding message because the queue is full'
1755031191.9013021 [rviz2-1] [INFO] [1755031191.900995665] [ouster.rviz2]: Message Filter dropping message: frame 'os_lidar' at time 1755031190.781 for reason 'discarding message because the queue is full'
1755031191.9970582 [rviz2-1] [INFO] [1755031191.996740492] [ouster.rviz2]: Message Filter dropping message: frame 'os_lidar' at time 1755031190.881 for reason 'discarding message because the queue is full'
1755031192.0931177 [rviz2-1] [INFO] [1755031192.092778125] [ouster.rviz2]: Message Filter dropping message: frame 'os_lidar' at time 1755031190.981 for reason 'discarding message because the queue is full'
1755031192.1891160 [rviz2-1] [INFO] [1755031192.188714357] [ouster.rviz2]: Message Filter dropping message: frame 'os_lidar' at time 1755031191.081 for reason 'discarding message because the queue is full'
1755031192.2848618 [rviz2-1] [INFO] [1755031192.284600937] [ouster.rviz2]: Message Filter dropping message: frame 'os_lidar' at time 1755031191.181 for reason 'discarding message because the queue is full'
1755031192.4128783 [rviz2-1] [INFO] [1755031192.412648345] [ouster.rviz2]: Message Filter dropping message: frame 'os_lidar' at time 1755031191.281 for reason 'discarding message because the queue is full'
1755031192.5089607 [rviz2-1] [INFO] [1755031192.508664838] [ouster.rviz2]: Message Filter dropping message: frame 'os_lidar' at time 1755031191.381 for reason 'discarding message because the queue is full'
1755031192.6053138 [rviz2-1] [INFO] [1755031192.605011638] [ouster.rviz2]: Message Filter dropping message: frame 'os_lidar' at time 1755031191.481 for reason 'discarding message because the queue is full'
1755031192.7006814 [rviz2-1] [INFO] [1755031192.700429729] [ouster.rviz2]: Message Filter dropping message: frame 'os_lidar' at time 1755031191.581 for reason 'discarding message because the queue is full'
1755031192.7973797 [rviz2-1] [INFO] [1755031192.797063655] [ouster.rviz2]: Message Filter dropping message: frame 'os_lidar' at time 1755031191.681 for reason 'discarding message because the queue is full'
1755031192.8925574 [rviz2-1] [INFO] [1755031192.892241101] [ouster.rviz2]: Message Filter dropping message: frame 'os_lidar' at time 1755031191.781 for reason 'discarding message because the queue is full'
1755031192.9886751 [rviz2-1] [INFO] [1755031192.988390257] [ouster.rviz2]: Message Filter dropping message: frame 'os_lidar' at time 1755031191.881 for reason 'discarding message because the queue is full'
1755031193.0852702 [rviz2-1] [INFO] [1755031193.084889820] [ouster.rviz2]: Message Filter dropping message: frame 'os_lidar' at time 1755031191.981 for reason 'discarding message because the queue is full'
1755031193.2132993 [rviz2-1] [INFO] [1755031193.212966790] [ouster.rviz2]: Message Filter dropping message: frame 'os_lidar' at time 1755031192.081 for reason 'discarding message because the queue is full'
1755031193.3087590 [rviz2-1] [INFO] [1755031193.308438463] [ouster.rviz2]: Message Filter dropping message: frame 'os_lidar' at time 1755031192.181 for reason 'discarding message because the queue is full'
1755031193.4051638 [rviz2-1] [INFO] [1755031193.404854524] [ouster.rviz2]: Message Filter dropping message: frame 'os_lidar' at time 1755031192.281 for reason 'discarding message because the queue is full'
1755031193.5008931 [rviz2-1] [INFO] [1755031193.500560692] [ouster.rviz2]: Message Filter dropping message: frame 'os_lidar' at time 1755031192.381 for reason 'discarding message because the queue is full'
1755031193.5966489 [rviz2-1] [INFO] [1755031193.596387303] [ouster.rviz2]: Message Filter dropping message: frame 'os_lidar' at time 1755031192.481 for reason 'discarding message because the queue is full'
1755031193.6933677 [rviz2-1] [INFO] [1755031193.693067150] [ouster.rviz2]: Message Filter dropping message: frame 'os_lidar' at time 1755031192.581 for reason 'discarding message because the queue is full'
1755031193.7895257 [rviz2-1] [INFO] [1755031193.789007092] [ouster.rviz2]: Message Filter dropping message: frame 'os_lidar' at time 1755031192.681 for reason 'discarding message because the queue is full'
1755031193.8854349 [rviz2-1] [INFO] [1755031193.885119028] [ouster.rviz2]: Message Filter dropping message: frame 'os_lidar' at time 1755031192.781 for reason 'discarding message because the queue is full'
1755031194.0127587 [rviz2-1] [INFO] [1755031194.012484234] [ouster.rviz2]: Message Filter dropping message: frame 'os_lidar' at time 1755031192.881 for reason 'discarding message because the queue is full'
1755031194.1084774 [rviz2-1] [INFO] [1755031194.108235203] [ouster.rviz2]: Message Filter dropping message: frame 'os_lidar' at time 1755031192.981 for reason 'discarding message because the queue is full'
1755031194.2052228 [rviz2-1] [INFO] [1755031194.204871190] [ouster.rviz2]: Message Filter dropping message: frame 'os_lidar' at time 1755031193.081 for reason 'discarding message because the queue is full'
1755031194.3005073 [rviz2-1] [INFO] [1755031194.300292954] [ouster.rviz2]: Message Filter dropping message: frame 'os_lidar' at time 1755031193.181 for reason 'discarding message because the queue is full'
1755031194.3969023 [rviz2-1] [INFO] [1755031194.396612894] [ouster.rviz2]: Message Filter dropping message: frame 'os_lidar' at time 1755031193.281 for reason 'discarding message because the queue is full'
1755031194.4930234 [rviz2-1] [INFO] [1755031194.492681030] [ouster.rviz2]: Message Filter dropping message: frame 'os_lidar' at time 1755031193.381 for reason 'discarding message because the queue is full'
1755031194.5893233 [rviz2-1] [INFO] [1755031194.588959710] [ouster.rviz2]: Message Filter dropping message: frame 'os_lidar' at time 1755031193.481 for reason 'discarding message because the queue is full'
1755031194.6847522 [rviz2-1] [INFO] [1755031194.684353633] [ouster.rviz2]: Message Filter dropping message: frame 'os_lidar' at time 1755031193.581 for reason 'discarding message because the queue is full'
1755031194.8130572 [rviz2-1] [INFO] [1755031194.812765730] [ouster.rviz2]: Message Filter dropping message: frame 'os_lidar' at time 1755031193.681 for reason 'discarding message because the queue is full'
1755031194.9085922 [rviz2-1] [INFO] [1755031194.908287125] [ouster.rviz2]: Message Filter dropping message: frame 'os_lidar' at time 1755031193.781 for reason 'discarding message because the queue is full'
1755031195.0371041 [rviz2-1] [INFO] [1755031195.036771675] [ouster.rviz2]: Message Filter dropping message: frame 'os_lidar' at time 1755031193.881 for reason 'discarding message because the queue is full'
1755031195.1012032 [rviz2-1] [INFO] [1755031195.100922788] [ouster.rviz2]: Message Filter dropping message: frame 'os_lidar' at time 1755031193.981 for reason 'discarding message because the queue is full'
1755031195.1973593 [rviz2-1] [INFO] [1755031195.197104397] [ouster.rviz2]: Message Filter dropping message: frame 'os_lidar' at time 1755031194.081 for reason 'discarding message because the queue is full'
1755031195.2924623 [rviz2-1] [INFO] [1755031195.292186874] [ouster.rviz2]: Message Filter dropping message: frame 'os_lidar' at time 1755031194.181 for reason 'discarding message because the queue is full'
1755031195.3884938 [rviz2-1] [INFO] [1755031195.388214980] [ouster.rviz2]: Message Filter dropping message: frame 'os_lidar' at time 1755031194.281 for reason 'discarding message because the queue is full'
1755031195.4853497 [rviz2-1] [INFO] [1755031195.485072363] [ouster.rviz2]: Message Filter dropping message: frame 'os_lidar' at time 1755031194.381 for reason 'discarding message because the queue is full'
1755031195.6131766 [rviz2-1] [INFO] [1755031195.613085834] [ouster.rviz2]: Message Filter dropping message: frame 'os_lidar' at time 1755031194.481 for reason 'discarding message because the queue is full'
1755031195.7084987 [rviz2-1] [INFO] [1755031195.708200831] [ouster.rviz2]: Message Filter dropping message: frame 'os_lidar' at time 1755031194.581 for reason 'discarding message because the queue is full'
1755031195.8045490 [rviz2-1] [INFO] [1755031195.804234598] [ouster.rviz2]: Message Filter dropping message: frame 'os_lidar' at time 1755031194.681 for reason 'discarding message because the queue is full'
1755031195.9007368 [rviz2-1] [INFO] [1755031195.900431017] [ouster.rviz2]: Message Filter dropping message: frame 'os_lidar' at time 1755031194.781 for reason 'discarding message because the queue is full'
1755031195.9967818 [rviz2-1] [INFO] [1755031195.996454243] [ouster.rviz2]: Message Filter dropping message: frame 'os_lidar' at time 1755031194.881 for reason 'discarding message because the queue is full'
1755031196.0929031 [rviz2-1] [INFO] [1755031196.092648493] [ouster.rviz2]: Message Filter dropping message: frame 'os_lidar' at time 1755031194.981 for reason 'discarding message because the queue is full'
1755031196.1893532 [rviz2-1] [INFO] [1755031196.188977706] [ouster.rviz2]: Message Filter dropping message: frame 'os_lidar' at time 1755031195.081 for reason 'discarding message because the queue is full'
1755031196.2855735 [rviz2-1] [INFO] [1755031196.285143826] [ouster.rviz2]: Message Filter dropping message: frame 'os_lidar' at time 1755031195.181 for reason 'discarding message because the queue is full'
1755031196.4128907 [rviz2-1] [INFO] [1755031196.412579406] [ouster.rviz2]: Message Filter dropping message: frame 'os_lidar' at time 1755031195.281 for reason 'discarding message because the queue is full'
1755031196.5088732 [rviz2-1] [INFO] [1755031196.508603933] [ouster.rviz2]: Message Filter dropping message: frame 'os_lidar' at time 1755031195.381 for reason 'discarding message because the queue is full'
1755031196.6054170 [rviz2-1] [INFO] [1755031196.605098329] [ouster.rviz2]: Message Filter dropping message: frame 'os_lidar' at time 1755031195.481 for reason 'discarding message because the queue is full'
1755031196.7009718 [rviz2-1] [INFO] [1755031196.700707778] [ouster.rviz2]: Message Filter dropping message: frame 'os_lidar' at time 1755031195.581 for reason 'discarding message because the queue is full'
1755031196.7971754 [rviz2-1] [INFO] [1755031196.796882717] [ouster.rviz2]: Message Filter dropping message: frame 'os_lidar' at time 1755031195.681 for reason 'discarding message because the queue is full'
1755031196.8932106 [rviz2-1] [INFO] [1755031196.892948775] [ouster.rviz2]: Message Filter dropping message: frame 'os_lidar' at time 1755031195.781 for reason 'discarding message because the queue is full'
1755031196.9892011 [rviz2-1] [INFO] [1755031196.988799659] [ouster.rviz2]: Message Filter dropping message: frame 'os_lidar' at time 1755031195.881 for reason 'discarding message because the queue is full'
1755031197.0854855 [rviz2-1] [INFO] [1755031197.085136832] [ouster.rviz2]: Message Filter dropping message: frame 'os_lidar' at time 1755031195.981 for reason 'discarding message because the queue is full'
1755031197.2133243 [rviz2-1] [INFO] [1755031197.213012453] [ouster.rviz2]: Message Filter dropping message: frame 'os_lidar' at time 1755031196.081 for reason 'discarding message because the queue is full'
1755031197.3091462 [rviz2-1] [INFO] [1755031197.308838397] [ouster.rviz2]: Message Filter dropping message: frame 'os_lidar' at time 1755031196.181 for reason 'discarding message because the queue is full'
1755031197.4047484 [rviz2-1] [INFO] [1755031197.404485187] [ouster.rviz2]: Message Filter dropping message: frame 'os_lidar' at time 1755031196.281 for reason 'discarding message because the queue is full'
1755031197.5005720 [rviz2-1] [INFO] [1755031197.500280650] [ouster.rviz2]: Message Filter dropping message: frame 'os_lidar' at time 1755031196.381 for reason 'discarding message because the queue is full'
1755031197.5966833 [rviz2-1] [INFO] [1755031197.596408650] [ouster.rviz2]: Message Filter dropping message: frame 'os_lidar' at time 1755031196.481 for reason 'discarding message because the queue is full'
1755031197.6927328 [rviz2-1] [INFO] [1755031197.692318065] [ouster.rviz2]: Message Filter dropping message: frame 'os_lidar' at time 1755031196.581 for reason 'discarding message because the queue is full'
1755031197.7890606 [rviz2-1] [INFO] [1755031197.788705210] [ouster.rviz2]: Message Filter dropping message: frame 'os_lidar' at time 1755031196.681 for reason 'discarding message because the queue is full'
1755031197.9169281 [rviz2-1] [INFO] [1755031197.916646252] [ouster.rviz2]: Message Filter dropping message: frame 'os_lidar' at time 1755031196.781 for reason 'discarding message because the queue is full'
1755031198.0125251 [rviz2-1] [INFO] [1755031198.012213911] [ouster.rviz2]: Message Filter dropping message: frame 'os_lidar' at time 1755031196.881 for reason 'discarding message because the queue is full'
1755031198.1090069 [rviz2-1] [INFO] [1755031198.108654818] [ouster.rviz2]: Message Filter dropping message: frame 'os_lidar' at time 1755031196.981 for reason 'discarding message because the queue is full'
1755031198.2051616 [rviz2-1] [INFO] [1755031198.204971472] [ouster.rviz2]: Message Filter dropping message: frame 'os_lidar' at time 1755031197.081 for reason 'discarding message because the queue is full'
1755031198.3006072 [rviz2-1] [INFO] [1755031198.300407329] [ouster.rviz2]: Message Filter dropping message: frame 'os_lidar' at time 1755031197.181 for reason 'discarding message because the queue is full'
1755031198.3970582 [rviz2-1] [INFO] [1755031198.396740164] [ouster.rviz2]: Message Filter dropping message: frame 'os_lidar' at time 1755031197.281 for reason 'discarding message because the queue is full'
1755031198.4933524 [rviz2-1] [INFO] [1755031198.493097979] [ouster.rviz2]: Message Filter dropping message: frame 'os_lidar' at time 1755031197.381 for reason 'discarding message because the queue is full'
1755031198.5890207 [rviz2-1] [INFO] [1755031198.588638348] [ouster.rviz2]: Message Filter dropping message: frame 'os_lidar' at time 1755031197.481 for reason 'discarding message because the queue is full'
1755031198.6849792 [rviz2-1] [INFO] [1755031198.684619196] [ouster.rviz2]: Message Filter dropping message: frame 'os_lidar' at time 1755031197.581 for reason 'discarding message because the queue is full'
1755031198.8133039 [rviz2-1] [INFO] [1755031198.812990337] [ouster.rviz2]: Message Filter dropping message: frame 'os_lidar' at time 1755031197.681 for reason 'discarding message because the queue is full'
1755031198.9090300 [rviz2-1] [INFO] [1755031198.908695730] [ouster.rviz2]: Message Filter dropping message: frame 'os_lidar' at time 1755031197.781 for reason 'discarding message because the queue is full'
1755031199.0053356 [rviz2-1] [INFO] [1755031199.005042425] [ouster.rviz2]: Message Filter dropping message: frame 'os_lidar' at time 1755031197.881 for reason 'discarding message because the queue is full'
1755031199.1006424 [rviz2-1] [INFO] [1755031199.100386251] [ouster.rviz2]: Message Filter dropping message: frame 'os_lidar' at time 1755031197.981 for reason 'discarding message because the queue is full'
1755031199.1970599 [rviz2-1] [INFO] [1755031199.196705546] [ouster.rviz2]: Message Filter dropping message: frame 'os_lidar' at time 1755031198.081 for reason 'discarding message because the queue is full'
1755031199.2928734 [rviz2-1] [INFO] [1755031199.292536232] [ouster.rviz2]: Message Filter dropping message: frame 'os_lidar' at time 1755031198.181 for reason 'discarding message because the queue is full'
1755031199.3895223 [rviz2-1] [INFO] [1755031199.388910828] [ouster.rviz2]: Message Filter dropping message: frame 'os_lidar' at time 1755031198.281 for reason 'discarding message because the queue is full'
1755031199.4847226 [rviz2-1] [INFO] [1755031199.484386767] [ouster.rviz2]: Message Filter dropping message: frame 'os_lidar' at time 1755031198.381 for reason 'discarding message because the queue is full'
1755031199.6129029 [rviz2-1] [INFO] [1755031199.612668288] [ouster.rviz2]: Message Filter dropping message: frame 'os_lidar' at time 1755031198.481 for reason 'discarding message because the queue is full'
1755031199.7095175 [rviz2-1] [INFO] [1755031199.709181327] [ouster.rviz2]: Message Filter dropping message: frame 'os_lidar' at time 1755031198.581 for reason 'discarding message because the queue is full'
1755031199.8054399 [rviz2-1] [INFO] [1755031199.805099195] [ouster.rviz2]: Message Filter dropping message: frame 'os_lidar' at time 1755031198.681 for reason 'discarding message because the queue is full'
1755031199.9007838 [rviz2-1] [INFO] [1755031199.900527943] [ouster.rviz2]: Message Filter dropping message: frame 'os_lidar' at time 1755031198.781 for reason 'discarding message because the queue is full'
1755031199.9972024 [rviz2-1] [INFO] [1755031199.996900419] [ouster.rviz2]: Message Filter dropping message: frame 'os_lidar' at time 1755031198.881 for reason 'discarding message because the queue is full'
1755031200.0933928 [rviz2-1] [INFO] [1755031200.093156324] [ouster.rviz2]: Message Filter dropping message: frame 'os_lidar' at time 1755031198.981 for reason 'discarding message because the queue is full'
1755031200.1889443 [rviz2-1] [INFO] [1755031200.188596973] [ouster.rviz2]: Message Filter dropping message: frame 'os_lidar' at time 1755031199.081 for reason 'discarding message because the queue is full'
1755031200.2851653 [rviz2-1] [INFO] [1755031200.284859888] [ouster.rviz2]: Message Filter dropping message: frame 'os_lidar' at time 1755031199.181 for reason 'discarding message because the queue is full'
1755031200.4128625 [rviz2-1] [INFO] [1755031200.412548468] [ouster.rviz2]: Message Filter dropping message: frame 'os_lidar' at time 1755031199.281 for reason 'discarding message because the queue is full'
1755031200.5085721 [rviz2-1] [INFO] [1755031200.508286633] [ouster.rviz2]: Message Filter dropping message: frame 'os_lidar' at time 1755031199.381 for reason 'discarding message because the queue is full'
1755031200.6047740 [rviz2-1] [INFO] [1755031200.604533718] [ouster.rviz2]: Message Filter dropping message: frame 'os_lidar' at time 1755031199.481 for reason 'discarding message because the queue is full'
1755031200.7014301 [rviz2-1] [INFO] [1755031200.701154490] [ouster.rviz2]: Message Filter dropping message: frame 'os_lidar' at time 1755031199.581 for reason 'discarding message because the queue is full'
1755031200.7973390 [rviz2-1] [INFO] [1755031200.797067648] [ouster.rviz2]: Message Filter dropping message: frame 'os_lidar' at time 1755031199.681 for reason 'discarding message because the queue is full'
1755031200.8933015 [rviz2-1] [INFO] [1755031200.893069198] [ouster.rviz2]: Message Filter dropping message: frame 'os_lidar' at time 1755031199.781 for reason 'discarding message because the queue is full'
1755031200.9894080 [rviz2-1] [INFO] [1755031200.989126529] [ouster.rviz2]: Message Filter dropping message: frame 'os_lidar' at time 1755031199.881 for reason 'discarding message because the queue is full'
1755031201.0854936 [rviz2-1] [INFO] [1755031201.085152141] [ouster.rviz2]: Message Filter dropping message: frame 'os_lidar' at time 1755031199.981 for reason 'discarding message because the queue is full'
1755031201.2133389 [rviz2-1] [INFO] [1755031201.213100557] [ouster.rviz2]: Message Filter dropping message: frame 'os_lidar' at time 1755031200.081 for reason 'discarding message because the queue is full'
1755031201.3094184 [rviz2-1] [INFO] [1755031201.309169820] [ouster.rviz2]: Message Filter dropping message: frame 'os_lidar' at time 1755031200.181 for reason 'discarding message because the queue is full'
1755031201.4053879 [rviz2-1] [INFO] [1755031201.405081999] [ouster.rviz2]: Message Filter dropping message: frame 'os_lidar' at time 1755031200.281 for reason 'discarding message because the queue is full'
1755031201.5014577 [rviz2-1] [INFO] [1755031201.501142161] [ouster.rviz2]: Message Filter dropping message: frame 'os_lidar' at time 1755031200.381 for reason 'discarding message because the queue is full'
1755031201.5974643 [rviz2-1] [INFO] [1755031201.597135662] [ouster.rviz2]: Message Filter dropping message: frame 'os_lidar' at time 1755031200.481 for reason 'discarding message because the queue is full'
1755031201.6926405 [rviz2-1] [INFO] [1755031201.692318356] [ouster.rviz2]: Message Filter dropping message: frame 'os_lidar' at time 1755031200.581 for reason 'discarding message because the queue is full'
1755031201.7901120 [rviz2-1] [INFO] [1755031201.789723005] [ouster.rviz2]: Message Filter dropping message: frame 'os_lidar' at time 1755031200.681 for reason 'discarding message because the queue is full'
1755031201.8852017 [rviz2-1] [INFO] [1755031201.884728306] [ouster.rviz2]: Message Filter dropping message: frame 'os_lidar' at time 1755031200.781 for reason 'discarding message because the queue is full'
1755031202.0134370 [rviz2-1] [INFO] [1755031202.013128812] [ouster.rviz2]: Message Filter dropping message: frame 'os_lidar' at time 1755031200.881 for reason 'discarding message because the queue is full'
1755031202.1092808 [rviz2-1] [INFO] [1755031202.109079283] [ouster.rviz2]: Message Filter dropping message: frame 'os_lidar' at time 1755031200.981 for reason 'discarding message because the queue is full'
1755031202.2053299 [rviz2-1] [INFO] [1755031202.205070934] [ouster.rviz2]: Message Filter dropping message: frame 'os_lidar' at time 1755031201.081 for reason 'discarding message because the queue is full'
1755031202.3014297 [rviz2-1] [INFO] [1755031202.301140687] [ouster.rviz2]: Message Filter dropping message: frame 'os_lidar' at time 1755031201.181 for reason 'discarding message because the queue is full'
1755031202.3973825 [rviz2-1] [INFO] [1755031202.397099978] [ouster.rviz2]: Message Filter dropping message: frame 'os_lidar' at time 1755031201.281 for reason 'discarding message because the queue is full'
1755031202.4932995 [rviz2-1] [INFO] [1755031202.493046499] [ouster.rviz2]: Message Filter dropping message: frame 'os_lidar' at time 1755031201.381 for reason 'discarding message because the queue is full'
1755031202.5901120 [rviz2-1] [INFO] [1755031202.589713714] [ouster.rviz2]: Message Filter dropping message: frame 'os_lidar' at time 1755031201.481 for reason 'discarding message because the queue is full'
1755031202.6854205 [rviz2-1] [INFO] [1755031202.685153635] [ouster.rviz2]: Message Filter dropping message: frame 'os_lidar' at time 1755031201.581 for reason 'discarding message because the queue is full'
1755031202.8134706 [rviz2-1] [INFO] [1755031202.813150334] [ouster.rviz2]: Message Filter dropping message: frame 'os_lidar' at time 1755031201.681 for reason 'discarding message because the queue is full'
1755031202.9093077 [rviz2-1] [INFO] [1755031202.909026023] [ouster.rviz2]: Message Filter dropping message: frame 'os_lidar' at time 1755031201.781 for reason 'discarding message because the queue is full'
1755031203.0050364 [rviz2-1] [INFO] [1755031203.004760509] [ouster.rviz2]: Message Filter dropping message: frame 'os_lidar' at time 1755031201.881 for reason 'discarding message because the queue is full'
1755031203.1007764 [rviz2-1] [INFO] [1755031203.100497567] [ouster.rviz2]: Message Filter dropping message: frame 'os_lidar' at time 1755031201.981 for reason 'discarding message because the queue is full'
1755031203.1978493 [rviz2-1] [INFO] [1755031203.197187773] [ouster.rviz2]: Message Filter dropping message: frame 'os_lidar' at time 1755031202.081 for reason 'discarding message because the queue is full'
1755031203.2931387 [rviz2-1] [INFO] [1755031203.292908000] [ouster.rviz2]: Message Filter dropping message: frame 'os_lidar' at time 1755031202.181 for reason 'discarding message because the queue is full'
1755031203.3887081 [rviz2-1] [INFO] [1755031203.388394543] [ouster.rviz2]: Message Filter dropping message: frame 'os_lidar' at time 1755031202.281 for reason 'discarding message because the queue is full'
1755031203.4855728 [rviz2-1] [INFO] [1755031203.485267103] [ouster.rviz2]: Message Filter dropping message: frame 'os_lidar' at time 1755031202.381 for reason 'discarding message because the queue is full'
1755031203.6133754 [rviz2-1] [INFO] [1755031203.613107620] [ouster.rviz2]: Message Filter dropping message: frame 'os_lidar' at time 1755031202.481 for reason 'discarding message because the queue is full'
1755031203.7084937 [rviz2-1] [INFO] [1755031203.708216045] [ouster.rviz2]: Message Filter dropping message: frame 'os_lidar' at time 1755031202.581 for reason 'discarding message because the queue is full'
1755031203.8054457 [rviz2-1] [INFO] [1755031203.805119185] [ouster.rviz2]: Message Filter dropping message: frame 'os_lidar' at time 1755031202.681 for reason 'discarding message because the queue is full'
1755031203.9014683 [rviz2-1] [INFO] [1755031203.901157618] [ouster.rviz2]: Message Filter dropping message: frame 'os_lidar' at time 1755031202.781 for reason 'discarding message because the queue is full'
1755031203.9973767 [rviz2-1] [INFO] [1755031203.997065199] [ouster.rviz2]: Message Filter dropping message: frame 'os_lidar' at time 1755031202.881 for reason 'discarding message because the queue is full'
1755031204.0934937 [rviz2-1] [INFO] [1755031204.093220926] [ouster.rviz2]: Message Filter dropping message: frame 'os_lidar' at time 1755031202.981 for reason 'discarding message because the queue is full'
1755031204.1895390 [rviz2-1] [INFO] [1755031204.189143358] [ouster.rviz2]: Message Filter dropping message: frame 'os_lidar' at time 1755031203.081 for reason 'discarding message because the queue is full'
1755031204.2850568 [rviz2-1] [INFO] [1755031204.284688612] [ouster.rviz2]: Message Filter dropping message: frame 'os_lidar' at time 1755031203.181 for reason 'discarding message because the queue is full'
1755031204.3847432 [rviz2-1] [INFO] [1755031204.384389830] [ouster.rviz2]: Message Filter dropping message: frame 'os_lidar' at time 1755031203.281 for reason 'discarding message because the queue is full'
1755031204.5094438 [rviz2-1] [INFO] [1755031204.509149777] [ouster.rviz2]: Message Filter dropping message: frame 'os_lidar' at time 1755031203.381 for reason 'discarding message because the queue is full'
1755031204.6054113 [rviz2-1] [INFO] [1755031204.605155560] [ouster.rviz2]: Message Filter dropping message: frame 'os_lidar' at time 1755031203.481 for reason 'discarding message because the queue is full'
1755031204.7007947 [rviz2-1] [INFO] [1755031204.700567602] [ouster.rviz2]: Message Filter dropping message: frame 'os_lidar' at time 1755031203.581 for reason 'discarding message because the queue is full'
1755031204.7967768 [rviz2-1] [INFO] [1755031204.796555005] [ouster.rviz2]: Message Filter dropping message: frame 'os_lidar' at time 1755031203.681 for reason 'discarding message because the queue is full'
1755031204.8930390 [rviz2-1] [INFO] [1755031204.892771963] [ouster.rviz2]: Message Filter dropping message: frame 'os_lidar' at time 1755031203.781 for reason 'discarding message because the queue is full'
1755031204.9884548 [rviz2-1] [INFO] [1755031204.988142184] [ouster.rviz2]: Message Filter dropping message: frame 'os_lidar' at time 1755031203.881 for reason 'discarding message because the queue is full'
1755031205.0851879 [rviz2-1] [INFO] [1755031205.084890923] [ouster.rviz2]: Message Filter dropping message: frame 'os_lidar' at time 1755031203.981 for reason 'discarding message because the queue is full'
1755031205.2130442 [rviz2-1] [INFO] [1755031205.212768053] [ouster.rviz2]: Message Filter dropping message: frame 'os_lidar' at time 1755031204.081 for reason 'discarding message because the queue is full'
1755031205.3094158 [rviz2-1] [INFO] [1755031205.309139195] [ouster.rviz2]: Message Filter dropping message: frame 'os_lidar' at time 1755031204.181 for reason 'discarding message because the queue is full'
1755031205.4047785 [rviz2-1] [INFO] [1755031205.404488117] [ouster.rviz2]: Message Filter dropping message: frame 'os_lidar' at time 1755031204.281 for reason 'discarding message because the queue is full'
1755031205.5008469 [rviz2-1] [INFO] [1755031205.500560472] [ouster.rviz2]: Message Filter dropping message: frame 'os_lidar' at time 1755031204.381 for reason 'discarding message because the queue is full'
1755031205.5965278 [rviz2-1] [INFO] [1755031205.596218970] [ouster.rviz2]: Message Filter dropping message: frame 'os_lidar' at time 1755031204.481 for reason 'discarding message because the queue is full'
1755031205.6933730 [rviz2-1] [INFO] [1755031205.693115392] [ouster.rviz2]: Message Filter dropping message: frame 'os_lidar' at time 1755031204.581 for reason 'discarding message because the queue is full'
1755031205.7885180 [rviz2-1] [INFO] [1755031205.788223649] [ouster.rviz2]: Message Filter dropping message: frame 'os_lidar' at time 1755031204.681 for reason 'discarding message because the queue is full'
1755031205.8845282 [rviz2-1] [INFO] [1755031205.884243544] [ouster.rviz2]: Message Filter dropping message: frame 'os_lidar' at time 1755031204.781 for reason 'discarding message because the queue is full'
1755031206.0124395 [rviz2-1] [INFO] [1755031206.012226166] [ouster.rviz2]: Message Filter dropping message: frame 'os_lidar' at time 1755031204.881 for reason 'discarding message because the queue is full'
1755031206.1095102 [rviz2-1] [INFO] [1755031206.109218701] [ouster.rviz2]: Message Filter dropping message: frame 'os_lidar' at time 1755031204.981 for reason 'discarding message because the queue is full'
1755031206.2047708 [rviz2-1] [INFO] [1755031206.204514082] [ouster.rviz2]: Message Filter dropping message: frame 'os_lidar' at time 1755031205.081 for reason 'discarding message because the queue is full'
1755031206.3015292 [rviz2-1] [INFO] [1755031206.301202382] [ouster.rviz2]: Message Filter dropping message: frame 'os_lidar' at time 1755031205.181 for reason 'discarding message because the queue is full'
1755031206.3965669 [rviz2-1] [INFO] [1755031206.396298729] [ouster.rviz2]: Message Filter dropping message: frame 'os_lidar' at time 1755031205.281 for reason 'discarding message because the queue is full'
1755031206.4924710 [rviz2-1] [INFO] [1755031206.492215772] [ouster.rviz2]: Message Filter dropping message: frame 'os_lidar' at time 1755031205.381 for reason 'discarding message because the queue is full'
1755031206.6138542 [rviz2-1] [INFO] [1755031206.613581454] [ouster.rviz2]: Message Filter dropping message: frame 'os_lidar' at time 1755031205.481 for reason 'discarding message because the queue is full'
1755031206.7998469 [INFO] [rviz2-1]: process has finished cleanly [pid 4111]
