[0.033s] Invoking command in '/home/mrsl-perch/husky-master-jazzy/ws/build/ouster_ros': DEBUGINFOD_URLS=https://debuginfod.ubuntu.com /usr/bin/cmake /home/mrsl-perch/husky-master-jazzy/ws/src/ouster-ros -DCATKIN_INSTALL_INTO_PREFIX_ROOT=0 -DCATKIN_SYMLINK_INSTALL=ON -DCMAKE_INSTALL_PREFIX=/home/mrsl-perch/husky-master-jazzy/ws/install/ouster_ros
[0.037s] [31mCMake Error at CMakeLists.txt:4 (include):
[0.037s]   include could not find requested file:
[0.037s] 
[0.037s]     DefaultBuildType
[0.038s] 
[0.038s] [0m
[0.050s] -- Found Boost: /usr/lib/x86_64-linux-gnu/cmake/Boost-1.83.0/BoostConfig.cmake (found suitable version "1.83.0", minimum required is "1.65.0") found components: system filesystem iostreams serialization 
[0.051s] -- looking for PCL_COMMON
[0.052s] -- Found tf2_eigen: 0.36.12 (/opt/ros/jazzy/share/tf2_eigen/cmake)
[0.212s] -- Found rosidl_generator_c: 4.6.5 (/opt/ros/jazzy/share/rosidl_generator_c/cmake)
[0.218s] -- Found rosidl_generator_cpp: 4.6.5 (/opt/ros/jazzy/share/rosidl_generator_cpp/cmake)
[0.225s] -- Using all available rosidl_typesupport_c: rosidl_typesupport_fastrtps_c;rosidl_typesupport_introspection_c
[0.233s] -- Using all available rosidl_typesupport_cpp: rosidl_typesupport_fastrtps_cpp;rosidl_typesupport_introspection_cpp
[0.313s] -- Found rmw_implementation_cmake: 7.3.2 (/opt/ros/jazzy/share/rmw_implementation_cmake/cmake)
[0.313s] -- Found rmw_fastrtps_cpp: 8.4.2 (/opt/ros/jazzy/share/rmw_fastrtps_cpp/cmake)
[0.353s] -- Using RMW implementation 'rmw_fastrtps_cpp' as default
[0.466s] -- Found Boost: /usr/lib/x86_64-linux-gnu/cmake/Boost-1.83.0/BoostConfig.cmake (found version "1.83.0")  
[0.473s] [31mCMake Error at CMakeLists.txt:16 (find_package):
[0.473s]   By not providing "Findcatkin.cmake" in CMAKE_MODULE_PATH this project has
[0.473s]   asked CMake to find a package configuration file provided by "catkin", but
[0.473s]   CMake did not find one.
[0.473s] 
[0.473s]   Could not find a package configuration file provided by "catkin" with any
[0.473s]   of the following names:
[0.473s] 
[0.473s]     catkinConfig.cmake
[0.473s]     catkin-config.cmake
[0.473s] 
[0.473s]   Add the installation prefix of "catkin" to CMAKE_PREFIX_PATH or set
[0.473s]   "catkin_DIR" to a directory containing one of the above files.  If "catkin"
[0.473s]   provides a separate development package or SDK, be sure it has been
[0.473s]   installed.
[0.473s] 
[0.473s] [0m
[0.473s] -- Configuring incomplete, errors occurred!
[0.479s] Invoked command in '/home/mrsl-perch/husky-master-jazzy/ws/build/ouster_ros' returned '1': DEBUGINFOD_URLS=https://debuginfod.ubuntu.com /usr/bin/cmake /home/mrsl-perch/husky-master-jazzy/ws/src/ouster-ros -DCATKIN_INSTALL_INTO_PREFIX_ROOT=0 -DCATKIN_SYMLINK_INSTALL=ON -DCMAKE_INSTALL_PREFIX=/home/mrsl-perch/husky-master-jazzy/ws/install/ouster_ros
