[0.064s] DEBUG:colcon:Command line arguments: ['/usr/bin/colcon', 'build', '--symlink-install']
[0.064s] DEBUG:colcon:Parsed command line arguments: Namespace(log_base=None, log_level=None, verb_name='build', build_base='build', install_base='install', merge_install=False, symlink_install=True, test_result_base=None, continue_on_error=False, executor='parallel', parallel_workers=16, event_handlers=None, ignore_user_meta=False, metas=['./colcon.meta'], base_paths=['.'], packages_ignore=None, packages_ignore_regex=None, paths=None, packages_up_to=None, packages_up_to_regex=None, packages_above=None, packages_above_and_dependencies=None, packages_above_depth=None, packages_select_by_dep=None, packages_skip_by_dep=None, packages_skip_up_to=None, packages_select_build_failed=False, packages_skip_build_finished=False, packages_select_test_failures=False, packages_skip_test_passed=False, packages_select=None, packages_skip=None, packages_select_regex=None, packages_skip_regex=None, packages_start=None, packages_end=None, allow_overriding=[], cmake_args=None, cmake_target=None, cmake_target_skip_unavailable=False, cmake_clean_cache=False, cmake_clean_first=False, cmake_force_configure=False, ament_cmake_args=None, catkin_cmake_args=None, catkin_skip_building_tests=False, mixin_files=None, mixin=None, verb_parser=<colcon_mixin.mixin.mixin_argument.MixinArgumentDecorator object at 0x79483fbb4fe0>, verb_extension=<colcon_core.verb.build.BuildVerb object at 0x79483fdae2a0>, main=<bound method BuildVerb.main of <colcon_core.verb.build.BuildVerb object at 0x79483fdae2a0>>, mixin_verb=('build',))
[0.087s] Level 1:colcon.colcon_core.package_discovery:discover_packages(colcon_meta) check parameters
[0.087s] Level 1:colcon.colcon_core.package_discovery:discover_packages(recursive) check parameters
[0.087s] Level 1:colcon.colcon_core.package_discovery:discover_packages(ignore) check parameters
[0.087s] Level 1:colcon.colcon_core.package_discovery:discover_packages(path) check parameters
[0.087s] Level 1:colcon.colcon_core.package_discovery:discover_packages(colcon_meta) discover
[0.087s] Level 1:colcon.colcon_core.package_discovery:discover_packages(recursive) discover
[0.087s] INFO:colcon.colcon_core.package_discovery:Crawling recursively for packages in '/home/mrsl-perch/husky-master-jazzy/ws'
[0.087s] Level 1:colcon.colcon_core.package_identification:_identify(.) by extensions ['ignore', 'ignore_ament_install']
[0.087s] Level 1:colcon.colcon_core.package_identification:_identify(.) by extension 'ignore'
[0.087s] Level 1:colcon.colcon_core.package_identification:_identify(.) by extension 'ignore_ament_install'
[0.087s] Level 1:colcon.colcon_core.package_identification:_identify(.) by extensions ['colcon_pkg']
[0.087s] Level 1:colcon.colcon_core.package_identification:_identify(.) by extension 'colcon_pkg'
[0.087s] Level 1:colcon.colcon_core.package_identification:_identify(.) by extensions ['colcon_meta']
[0.087s] Level 1:colcon.colcon_core.package_identification:_identify(.) by extension 'colcon_meta'
[0.087s] Level 1:colcon.colcon_core.package_identification:_identify(.) by extensions ['ros']
[0.087s] Level 1:colcon.colcon_core.package_identification:_identify(.) by extension 'ros'
[0.103s] Level 1:colcon.colcon_core.package_identification:_identify(.) by extensions ['cmake', 'python']
[0.103s] Level 1:colcon.colcon_core.package_identification:_identify(.) by extension 'cmake'
[0.103s] Level 1:colcon.colcon_core.package_identification:_identify(.) by extension 'python'
[0.103s] Level 1:colcon.colcon_core.package_identification:_identify(.) by extensions ['python_setup_py']
[0.103s] Level 1:colcon.colcon_core.package_identification:_identify(.) by extension 'python_setup_py'
[0.103s] Level 1:colcon.colcon_core.package_identification:_identify(build) by extensions ['ignore', 'ignore_ament_install']
[0.103s] Level 1:colcon.colcon_core.package_identification:_identify(build) by extension 'ignore'
[0.103s] Level 1:colcon.colcon_core.package_identification:_identify(build) ignored
[0.103s] Level 1:colcon.colcon_core.package_identification:_identify(install) by extensions ['ignore', 'ignore_ament_install']
[0.103s] Level 1:colcon.colcon_core.package_identification:_identify(install) by extension 'ignore'
[0.103s] Level 1:colcon.colcon_core.package_identification:_identify(install) ignored
[0.103s] Level 1:colcon.colcon_core.package_identification:_identify(log) by extensions ['ignore', 'ignore_ament_install']
[0.103s] Level 1:colcon.colcon_core.package_identification:_identify(log) by extension 'ignore'
[0.103s] Level 1:colcon.colcon_core.package_identification:_identify(log) ignored
[0.103s] Level 1:colcon.colcon_core.package_identification:_identify(src) by extensions ['ignore', 'ignore_ament_install']
[0.103s] Level 1:colcon.colcon_core.package_identification:_identify(src) by extension 'ignore'
[0.103s] Level 1:colcon.colcon_core.package_identification:_identify(src) by extension 'ignore_ament_install'
[0.103s] Level 1:colcon.colcon_core.package_identification:_identify(src) by extensions ['colcon_pkg']
[0.103s] Level 1:colcon.colcon_core.package_identification:_identify(src) by extension 'colcon_pkg'
[0.103s] Level 1:colcon.colcon_core.package_identification:_identify(src) by extensions ['colcon_meta']
[0.103s] Level 1:colcon.colcon_core.package_identification:_identify(src) by extension 'colcon_meta'
[0.103s] Level 1:colcon.colcon_core.package_identification:_identify(src) by extensions ['ros']
[0.103s] Level 1:colcon.colcon_core.package_identification:_identify(src) by extension 'ros'
[0.103s] Level 1:colcon.colcon_core.package_identification:_identify(src) by extensions ['cmake', 'python']
[0.103s] Level 1:colcon.colcon_core.package_identification:_identify(src) by extension 'cmake'
[0.103s] Level 1:colcon.colcon_core.package_identification:_identify(src) by extension 'python'
[0.104s] Level 1:colcon.colcon_core.package_identification:_identify(src) by extensions ['python_setup_py']
[0.104s] Level 1:colcon.colcon_core.package_identification:_identify(src) by extension 'python_setup_py'
[0.104s] Level 1:colcon.colcon_core.package_identification:_identify(src/DLIO) by extensions ['ignore', 'ignore_ament_install']
[0.104s] Level 1:colcon.colcon_core.package_identification:_identify(src/DLIO) by extension 'ignore'
[0.104s] Level 1:colcon.colcon_core.package_identification:_identify(src/DLIO) by extension 'ignore_ament_install'
[0.104s] Level 1:colcon.colcon_core.package_identification:_identify(src/DLIO) by extensions ['colcon_pkg']
[0.104s] Level 1:colcon.colcon_core.package_identification:_identify(src/DLIO) by extension 'colcon_pkg'
[0.104s] Level 1:colcon.colcon_core.package_identification:_identify(src/DLIO) by extensions ['colcon_meta']
[0.104s] Level 1:colcon.colcon_core.package_identification:_identify(src/DLIO) by extension 'colcon_meta'
[0.104s] Level 1:colcon.colcon_core.package_identification:_identify(src/DLIO) by extensions ['ros']
[0.104s] Level 1:colcon.colcon_core.package_identification:_identify(src/DLIO) by extension 'ros'
[0.105s] DEBUG:colcon.colcon_core.package_identification:Package 'src/DLIO' with type 'ros.catkin' and name 'direct_lidar_inertial_odometry'
[0.105s] Level 1:colcon.colcon_core.package_identification:_identify(src/brainbox_husky_bringup) by extensions ['ignore', 'ignore_ament_install']
[0.105s] Level 1:colcon.colcon_core.package_identification:_identify(src/brainbox_husky_bringup) by extension 'ignore'
[0.105s] Level 1:colcon.colcon_core.package_identification:_identify(src/brainbox_husky_bringup) by extension 'ignore_ament_install'
[0.106s] Level 1:colcon.colcon_core.package_identification:_identify(src/brainbox_husky_bringup) by extensions ['colcon_pkg']
[0.106s] Level 1:colcon.colcon_core.package_identification:_identify(src/brainbox_husky_bringup) by extension 'colcon_pkg'
[0.106s] Level 1:colcon.colcon_core.package_identification:_identify(src/brainbox_husky_bringup) by extensions ['colcon_meta']
[0.106s] Level 1:colcon.colcon_core.package_identification:_identify(src/brainbox_husky_bringup) by extension 'colcon_meta'
[0.106s] Level 1:colcon.colcon_core.package_identification:_identify(src/brainbox_husky_bringup) by extensions ['ros']
[0.106s] Level 1:colcon.colcon_core.package_identification:_identify(src/brainbox_husky_bringup) by extension 'ros'
[0.106s] DEBUG:colcon.colcon_core.package_identification:Package 'src/brainbox_husky_bringup' with type 'ros.ament_cmake' and name 'brainbox_husky_bringup'
[0.106s] Level 1:colcon.colcon_core.package_identification:_identify(src/ouster-ros) by extensions ['ignore', 'ignore_ament_install']
[0.106s] Level 1:colcon.colcon_core.package_identification:_identify(src/ouster-ros) by extension 'ignore'
[0.106s] Level 1:colcon.colcon_core.package_identification:_identify(src/ouster-ros) by extension 'ignore_ament_install'
[0.106s] Level 1:colcon.colcon_core.package_identification:_identify(src/ouster-ros) by extensions ['colcon_pkg']
[0.106s] Level 1:colcon.colcon_core.package_identification:_identify(src/ouster-ros) by extension 'colcon_pkg'
[0.106s] Level 1:colcon.colcon_core.package_identification:_identify(src/ouster-ros) by extensions ['colcon_meta']
[0.106s] Level 1:colcon.colcon_core.package_identification:_identify(src/ouster-ros) by extension 'colcon_meta'
[0.106s] Level 1:colcon.colcon_core.package_identification:_identify(src/ouster-ros) by extensions ['ros']
[0.106s] Level 1:colcon.colcon_core.package_identification:_identify(src/ouster-ros) by extension 'ros'
[0.107s] DEBUG:colcon.colcon_core.package_identification:Package 'src/ouster-ros' with type 'ros.catkin' and name 'ouster_ros'
[0.107s] Level 1:colcon.colcon_core.package_discovery:discover_packages(recursive) using defaults
[0.107s] Level 1:colcon.colcon_core.package_discovery:discover_packages(ignore) discover
[0.107s] Level 1:colcon.colcon_core.package_discovery:discover_packages(ignore) using defaults
[0.107s] Level 1:colcon.colcon_core.package_discovery:discover_packages(path) discover
[0.107s] Level 1:colcon.colcon_core.package_discovery:discover_packages(path) using defaults
[0.118s] Level 1:colcon.colcon_core.package_discovery:discover_packages(prefix_path) check parameters
[0.118s] Level 1:colcon.colcon_core.package_discovery:discover_packages(prefix_path) discover
[0.119s] DEBUG:colcon.colcon_installed_package_information.package_discovery:Found 317 installed packages in /opt/ros/jazzy
[0.120s] Level 1:colcon.colcon_core.package_discovery:discover_packages(prefix_path) using defaults
[0.145s] Level 5:colcon.colcon_core.verb:set package 'brainbox_husky_bringup' build argument 'cmake_args' from command line to 'None'
[0.145s] Level 5:colcon.colcon_core.verb:set package 'brainbox_husky_bringup' build argument 'cmake_target' from command line to 'None'
[0.145s] Level 5:colcon.colcon_core.verb:set package 'brainbox_husky_bringup' build argument 'cmake_target_skip_unavailable' from command line to 'False'
[0.145s] Level 5:colcon.colcon_core.verb:set package 'brainbox_husky_bringup' build argument 'cmake_clean_cache' from command line to 'False'
[0.145s] Level 5:colcon.colcon_core.verb:set package 'brainbox_husky_bringup' build argument 'cmake_clean_first' from command line to 'False'
[0.145s] Level 5:colcon.colcon_core.verb:set package 'brainbox_husky_bringup' build argument 'cmake_force_configure' from command line to 'False'
[0.145s] Level 5:colcon.colcon_core.verb:set package 'brainbox_husky_bringup' build argument 'ament_cmake_args' from command line to 'None'
[0.145s] Level 5:colcon.colcon_core.verb:set package 'brainbox_husky_bringup' build argument 'catkin_cmake_args' from command line to 'None'
[0.145s] Level 5:colcon.colcon_core.verb:set package 'brainbox_husky_bringup' build argument 'catkin_skip_building_tests' from command line to 'False'
[0.145s] DEBUG:colcon.colcon_core.verb:Building package 'brainbox_husky_bringup' with the following arguments: {'ament_cmake_args': None, 'build_base': '/home/mrsl-perch/husky-master-jazzy/ws/build/brainbox_husky_bringup', 'catkin_cmake_args': None, 'catkin_skip_building_tests': False, 'cmake_args': None, 'cmake_clean_cache': False, 'cmake_clean_first': False, 'cmake_force_configure': False, 'cmake_target': None, 'cmake_target_skip_unavailable': False, 'install_base': '/home/mrsl-perch/husky-master-jazzy/ws/install/brainbox_husky_bringup', 'merge_install': False, 'path': '/home/mrsl-perch/husky-master-jazzy/ws/src/brainbox_husky_bringup', 'symlink_install': True, 'test_result_base': None}
[0.145s] Level 5:colcon.colcon_core.verb:set package 'direct_lidar_inertial_odometry' build argument 'cmake_args' from command line to 'None'
[0.145s] Level 5:colcon.colcon_core.verb:set package 'direct_lidar_inertial_odometry' build argument 'cmake_target' from command line to 'None'
[0.145s] Level 5:colcon.colcon_core.verb:set package 'direct_lidar_inertial_odometry' build argument 'cmake_target_skip_unavailable' from command line to 'False'
[0.145s] Level 5:colcon.colcon_core.verb:set package 'direct_lidar_inertial_odometry' build argument 'cmake_clean_cache' from command line to 'False'
[0.145s] Level 5:colcon.colcon_core.verb:set package 'direct_lidar_inertial_odometry' build argument 'cmake_clean_first' from command line to 'False'
[0.145s] Level 5:colcon.colcon_core.verb:set package 'direct_lidar_inertial_odometry' build argument 'cmake_force_configure' from command line to 'False'
[0.145s] Level 5:colcon.colcon_core.verb:set package 'direct_lidar_inertial_odometry' build argument 'ament_cmake_args' from command line to 'None'
[0.146s] Level 5:colcon.colcon_core.verb:set package 'direct_lidar_inertial_odometry' build argument 'catkin_cmake_args' from command line to 'None'
[0.146s] Level 5:colcon.colcon_core.verb:set package 'direct_lidar_inertial_odometry' build argument 'catkin_skip_building_tests' from command line to 'False'
[0.146s] DEBUG:colcon.colcon_core.verb:Building package 'direct_lidar_inertial_odometry' with the following arguments: {'ament_cmake_args': None, 'build_base': '/home/mrsl-perch/husky-master-jazzy/ws/build/direct_lidar_inertial_odometry', 'catkin_cmake_args': None, 'catkin_skip_building_tests': False, 'cmake_args': None, 'cmake_clean_cache': False, 'cmake_clean_first': False, 'cmake_force_configure': False, 'cmake_target': None, 'cmake_target_skip_unavailable': False, 'install_base': '/home/mrsl-perch/husky-master-jazzy/ws/install/direct_lidar_inertial_odometry', 'merge_install': False, 'path': '/home/mrsl-perch/husky-master-jazzy/ws/src/DLIO', 'symlink_install': True, 'test_result_base': None}
[0.146s] Level 5:colcon.colcon_core.verb:set package 'ouster_ros' build argument 'cmake_args' from command line to 'None'
[0.146s] Level 5:colcon.colcon_core.verb:set package 'ouster_ros' build argument 'cmake_target' from command line to 'None'
[0.146s] Level 5:colcon.colcon_core.verb:set package 'ouster_ros' build argument 'cmake_target_skip_unavailable' from command line to 'False'
[0.146s] Level 5:colcon.colcon_core.verb:set package 'ouster_ros' build argument 'cmake_clean_cache' from command line to 'False'
[0.146s] Level 5:colcon.colcon_core.verb:set package 'ouster_ros' build argument 'cmake_clean_first' from command line to 'False'
[0.146s] Level 5:colcon.colcon_core.verb:set package 'ouster_ros' build argument 'cmake_force_configure' from command line to 'False'
[0.146s] Level 5:colcon.colcon_core.verb:set package 'ouster_ros' build argument 'ament_cmake_args' from command line to 'None'
[0.146s] Level 5:colcon.colcon_core.verb:set package 'ouster_ros' build argument 'catkin_cmake_args' from command line to 'None'
[0.146s] Level 5:colcon.colcon_core.verb:set package 'ouster_ros' build argument 'catkin_skip_building_tests' from command line to 'False'
[0.146s] DEBUG:colcon.colcon_core.verb:Building package 'ouster_ros' with the following arguments: {'ament_cmake_args': None, 'build_base': '/home/mrsl-perch/husky-master-jazzy/ws/build/ouster_ros', 'catkin_cmake_args': None, 'catkin_skip_building_tests': False, 'cmake_args': None, 'cmake_clean_cache': False, 'cmake_clean_first': False, 'cmake_force_configure': False, 'cmake_target': None, 'cmake_target_skip_unavailable': False, 'install_base': '/home/mrsl-perch/husky-master-jazzy/ws/install/ouster_ros', 'merge_install': False, 'path': '/home/mrsl-perch/husky-master-jazzy/ws/src/ouster-ros', 'symlink_install': True, 'test_result_base': None}
[0.146s] INFO:colcon.colcon_core.executor:Executing jobs using 'parallel' executor
[0.146s] DEBUG:colcon.colcon_parallel_executor.executor.parallel:run_until_complete
[0.147s] INFO:colcon.colcon_ros.task.ament_cmake.build:Building ROS package in '/home/mrsl-perch/husky-master-jazzy/ws/src/brainbox_husky_bringup' with build type 'ament_cmake'
[0.147s] INFO:colcon.colcon_cmake.task.cmake.build:Building CMake package in '/home/mrsl-perch/husky-master-jazzy/ws/src/brainbox_husky_bringup'
[0.147s] INFO:colcon.colcon_core.plugin_system:Skipping extension 'colcon_core.shell.bat': Not used on non-Windows systems
[0.148s] INFO:colcon.colcon_core.shell:Skip shell extension 'powershell' for command environment: Not usable outside of PowerShell
[0.148s] DEBUG:colcon.colcon_core.shell:Skip shell extension 'dsv' for command environment
[0.150s] INFO:colcon.colcon_ros.task.catkin.build:Building ROS package in '/home/mrsl-perch/husky-master-jazzy/ws/src/DLIO' with build type 'catkin'
[0.150s] INFO:colcon.colcon_cmake.task.cmake.build:Building CMake package in '/home/mrsl-perch/husky-master-jazzy/ws/src/DLIO'
[0.150s] INFO:colcon.colcon_core.shell:Skip shell extension 'powershell' for command environment: Not usable outside of PowerShell
[0.150s] DEBUG:colcon.colcon_core.shell:Skip shell extension 'dsv' for command environment
[0.153s] INFO:colcon.colcon_ros.task.catkin.build:Building ROS package in '/home/mrsl-perch/husky-master-jazzy/ws/src/ouster-ros' with build type 'catkin'
[0.153s] INFO:colcon.colcon_cmake.task.cmake.build:Building CMake package in '/home/mrsl-perch/husky-master-jazzy/ws/src/ouster-ros'
[0.153s] INFO:colcon.colcon_core.shell:Skip shell extension 'powershell' for command environment: Not usable outside of PowerShell
[0.153s] DEBUG:colcon.colcon_core.shell:Skip shell extension 'dsv' for command environment
[0.161s] DEBUG:colcon.colcon_core.event_handler.log_command:Invoking command in '/home/mrsl-perch/husky-master-jazzy/ws/build/brainbox_husky_bringup': CMAKE_PREFIX_PATH=${CMAKE_PREFIX_PATH}:/opt/ros/jazzy DEBUGINFOD_URLS=https://debuginfod.ubuntu.com /usr/bin/cmake --build /home/mrsl-perch/husky-master-jazzy/ws/build/brainbox_husky_bringup -- -j16 -l16
[0.162s] DEBUG:colcon.colcon_core.event_handler.log_command:Invoking command in '/home/mrsl-perch/husky-master-jazzy/ws/build/direct_lidar_inertial_odometry': DEBUGINFOD_URLS=https://debuginfod.ubuntu.com /usr/bin/cmake /home/mrsl-perch/husky-master-jazzy/ws/src/DLIO -DCATKIN_INSTALL_INTO_PREFIX_ROOT=0 -DCATKIN_SYMLINK_INSTALL=ON -DCMAKE_INSTALL_PREFIX=/home/mrsl-perch/husky-master-jazzy/ws/install/direct_lidar_inertial_odometry
[0.186s] DEBUG:colcon.colcon_core.event_handler.log_command:Invoking command in '/home/mrsl-perch/husky-master-jazzy/ws/build/ouster_ros': DEBUGINFOD_URLS=https://debuginfod.ubuntu.com /usr/bin/cmake /home/mrsl-perch/husky-master-jazzy/ws/src/ouster-ros -DCATKIN_INSTALL_INTO_PREFIX_ROOT=0 -DCATKIN_SYMLINK_INSTALL=ON -DCMAKE_INSTALL_PREFIX=/home/mrsl-perch/husky-master-jazzy/ws/install/ouster_ros
[0.189s] DEBUG:colcon.colcon_core.event_handler.log_command:Invoked command in '/home/mrsl-perch/husky-master-jazzy/ws/build/brainbox_husky_bringup' returned '0': CMAKE_PREFIX_PATH=${CMAKE_PREFIX_PATH}:/opt/ros/jazzy DEBUGINFOD_URLS=https://debuginfod.ubuntu.com /usr/bin/cmake --build /home/mrsl-perch/husky-master-jazzy/ws/build/brainbox_husky_bringup -- -j16 -l16
[0.195s] DEBUG:colcon.colcon_core.event_handler.log_command:Invoking command in '/home/mrsl-perch/husky-master-jazzy/ws/build/brainbox_husky_bringup': CMAKE_PREFIX_PATH=${CMAKE_PREFIX_PATH}:/opt/ros/jazzy DEBUGINFOD_URLS=https://debuginfod.ubuntu.com /usr/bin/cmake --install /home/mrsl-perch/husky-master-jazzy/ws/build/brainbox_husky_bringup
[0.291s] Level 1:colcon.colcon_core.environment:create_environment_scripts_only(brainbox_husky_bringup)
[0.291s] DEBUG:colcon.colcon_core.event_handler.log_command:Invoked command in '/home/mrsl-perch/husky-master-jazzy/ws/build/brainbox_husky_bringup' returned '0': CMAKE_PREFIX_PATH=${CMAKE_PREFIX_PATH}:/opt/ros/jazzy DEBUGINFOD_URLS=https://debuginfod.ubuntu.com /usr/bin/cmake --install /home/mrsl-perch/husky-master-jazzy/ws/build/brainbox_husky_bringup
[0.293s] Level 1:colcon.colcon_core.environment:checking '/home/mrsl-perch/husky-master-jazzy/ws/install/brainbox_husky_bringup' for CMake module files
[0.293s] Level 1:colcon.colcon_core.environment:checking '/home/mrsl-perch/husky-master-jazzy/ws/install/brainbox_husky_bringup' for CMake config files
[0.293s] Level 1:colcon.colcon_core.shell:create_environment_hook('brainbox_husky_bringup', 'cmake_prefix_path')
[0.293s] INFO:colcon.colcon_core.shell:Creating environment hook '/home/mrsl-perch/husky-master-jazzy/ws/install/brainbox_husky_bringup/share/brainbox_husky_bringup/hook/cmake_prefix_path.ps1'
[0.294s] INFO:colcon.colcon_core.shell:Creating environment descriptor '/home/mrsl-perch/husky-master-jazzy/ws/install/brainbox_husky_bringup/share/brainbox_husky_bringup/hook/cmake_prefix_path.dsv'
[0.295s] INFO:colcon.colcon_core.shell:Creating environment hook '/home/mrsl-perch/husky-master-jazzy/ws/install/brainbox_husky_bringup/share/brainbox_husky_bringup/hook/cmake_prefix_path.sh'
[0.295s] Level 1:colcon.colcon_core.environment:checking '/home/mrsl-perch/husky-master-jazzy/ws/install/brainbox_husky_bringup/bin'
[0.295s] Level 1:colcon.colcon_core.environment:checking '/home/mrsl-perch/husky-master-jazzy/ws/install/brainbox_husky_bringup/lib/pkgconfig/brainbox_husky_bringup.pc'
[0.295s] Level 1:colcon.colcon_core.environment:checking '/home/mrsl-perch/husky-master-jazzy/ws/install/brainbox_husky_bringup/lib/python3.12/site-packages'
[0.295s] Level 1:colcon.colcon_core.environment:checking '/home/mrsl-perch/husky-master-jazzy/ws/install/brainbox_husky_bringup/bin'
[0.296s] INFO:colcon.colcon_core.shell:Creating package script '/home/mrsl-perch/husky-master-jazzy/ws/install/brainbox_husky_bringup/share/brainbox_husky_bringup/package.ps1'
[0.296s] INFO:colcon.colcon_core.shell:Creating package descriptor '/home/mrsl-perch/husky-master-jazzy/ws/install/brainbox_husky_bringup/share/brainbox_husky_bringup/package.dsv'
[0.296s] INFO:colcon.colcon_core.shell:Creating package script '/home/mrsl-perch/husky-master-jazzy/ws/install/brainbox_husky_bringup/share/brainbox_husky_bringup/package.sh'
[0.297s] INFO:colcon.colcon_core.shell:Creating package script '/home/mrsl-perch/husky-master-jazzy/ws/install/brainbox_husky_bringup/share/brainbox_husky_bringup/package.bash'
[0.297s] INFO:colcon.colcon_core.shell:Creating package script '/home/mrsl-perch/husky-master-jazzy/ws/install/brainbox_husky_bringup/share/brainbox_husky_bringup/package.zsh'
[0.297s] Level 1:colcon.colcon_core.environment:create_file_with_runtime_dependencies(/home/mrsl-perch/husky-master-jazzy/ws/install/brainbox_husky_bringup/share/colcon-core/packages/brainbox_husky_bringup)
[0.298s] Level 1:colcon.colcon_core.environment:create_environment_scripts_only(brainbox_husky_bringup)
[0.298s] Level 1:colcon.colcon_core.environment:checking '/home/mrsl-perch/husky-master-jazzy/ws/install/brainbox_husky_bringup' for CMake module files
[0.298s] Level 1:colcon.colcon_core.environment:checking '/home/mrsl-perch/husky-master-jazzy/ws/install/brainbox_husky_bringup' for CMake config files
[0.298s] Level 1:colcon.colcon_core.shell:create_environment_hook('brainbox_husky_bringup', 'cmake_prefix_path')
[0.298s] INFO:colcon.colcon_core.shell:Creating environment hook '/home/mrsl-perch/husky-master-jazzy/ws/install/brainbox_husky_bringup/share/brainbox_husky_bringup/hook/cmake_prefix_path.ps1'
[0.298s] INFO:colcon.colcon_core.shell:Creating environment descriptor '/home/mrsl-perch/husky-master-jazzy/ws/install/brainbox_husky_bringup/share/brainbox_husky_bringup/hook/cmake_prefix_path.dsv'
[0.299s] INFO:colcon.colcon_core.shell:Creating environment hook '/home/mrsl-perch/husky-master-jazzy/ws/install/brainbox_husky_bringup/share/brainbox_husky_bringup/hook/cmake_prefix_path.sh'
[0.299s] Level 1:colcon.colcon_core.environment:checking '/home/mrsl-perch/husky-master-jazzy/ws/install/brainbox_husky_bringup/bin'
[0.299s] Level 1:colcon.colcon_core.environment:checking '/home/mrsl-perch/husky-master-jazzy/ws/install/brainbox_husky_bringup/lib/pkgconfig/brainbox_husky_bringup.pc'
[0.299s] Level 1:colcon.colcon_core.environment:checking '/home/mrsl-perch/husky-master-jazzy/ws/install/brainbox_husky_bringup/lib/python3.12/site-packages'
[0.299s] Level 1:colcon.colcon_core.environment:checking '/home/mrsl-perch/husky-master-jazzy/ws/install/brainbox_husky_bringup/bin'
[0.299s] INFO:colcon.colcon_core.shell:Creating package script '/home/mrsl-perch/husky-master-jazzy/ws/install/brainbox_husky_bringup/share/brainbox_husky_bringup/package.ps1'
[0.299s] INFO:colcon.colcon_core.shell:Creating package descriptor '/home/mrsl-perch/husky-master-jazzy/ws/install/brainbox_husky_bringup/share/brainbox_husky_bringup/package.dsv'
[0.300s] INFO:colcon.colcon_core.shell:Creating package script '/home/mrsl-perch/husky-master-jazzy/ws/install/brainbox_husky_bringup/share/brainbox_husky_bringup/package.sh'
[0.300s] INFO:colcon.colcon_core.shell:Creating package script '/home/mrsl-perch/husky-master-jazzy/ws/install/brainbox_husky_bringup/share/brainbox_husky_bringup/package.bash'
[0.300s] INFO:colcon.colcon_core.shell:Creating package script '/home/mrsl-perch/husky-master-jazzy/ws/install/brainbox_husky_bringup/share/brainbox_husky_bringup/package.zsh'
[0.300s] Level 1:colcon.colcon_core.environment:create_file_with_runtime_dependencies(/home/mrsl-perch/husky-master-jazzy/ws/install/brainbox_husky_bringup/share/colcon-core/packages/brainbox_husky_bringup)
[0.632s] DEBUG:colcon.colcon_core.event_handler.log_command:Invoked command in '/home/mrsl-perch/husky-master-jazzy/ws/build/ouster_ros' returned '1': DEBUGINFOD_URLS=https://debuginfod.ubuntu.com /usr/bin/cmake /home/mrsl-perch/husky-master-jazzy/ws/src/ouster-ros -DCATKIN_INSTALL_INTO_PREFIX_ROOT=0 -DCATKIN_SYMLINK_INSTALL=ON -DCMAKE_INSTALL_PREFIX=/home/mrsl-perch/husky-master-jazzy/ws/install/ouster_ros
[0.638s] Level 1:colcon.colcon_core.environment:create_environment_scripts_only(ouster_ros)
[0.639s] Level 1:colcon.colcon_core.environment:checking '/home/mrsl-perch/husky-master-jazzy/ws/install/ouster_ros' for CMake module files
[0.639s] Level 1:colcon.colcon_core.environment:checking '/home/mrsl-perch/husky-master-jazzy/ws/install/ouster_ros' for CMake config files
[0.639s] Level 1:colcon.colcon_core.environment:checking '/home/mrsl-perch/husky-master-jazzy/ws/install/ouster_ros/bin'
[0.639s] Level 1:colcon.colcon_core.environment:checking '/home/mrsl-perch/husky-master-jazzy/ws/install/ouster_ros/lib/pkgconfig/ouster_ros.pc'
[0.639s] Level 1:colcon.colcon_core.environment:checking '/home/mrsl-perch/husky-master-jazzy/ws/install/ouster_ros/lib/python3.12/site-packages'
[0.639s] Level 1:colcon.colcon_core.environment:checking '/home/mrsl-perch/husky-master-jazzy/ws/install/ouster_ros/bin'
[0.639s] INFO:colcon.colcon_core.shell:Creating package script '/home/mrsl-perch/husky-master-jazzy/ws/install/ouster_ros/share/ouster_ros/package.ps1'
[0.640s] INFO:colcon.colcon_core.shell:Creating package descriptor '/home/mrsl-perch/husky-master-jazzy/ws/install/ouster_ros/share/ouster_ros/package.dsv'
[0.640s] INFO:colcon.colcon_core.shell:Creating package script '/home/mrsl-perch/husky-master-jazzy/ws/install/ouster_ros/share/ouster_ros/package.sh'
[0.640s] INFO:colcon.colcon_core.shell:Creating package script '/home/mrsl-perch/husky-master-jazzy/ws/install/ouster_ros/share/ouster_ros/package.bash'
[0.640s] INFO:colcon.colcon_core.shell:Creating package script '/home/mrsl-perch/husky-master-jazzy/ws/install/ouster_ros/share/ouster_ros/package.zsh'
[0.640s] Level 1:colcon.colcon_core.environment:create_file_with_runtime_dependencies(/home/mrsl-perch/husky-master-jazzy/ws/install/ouster_ros/share/colcon-core/packages/ouster_ros)
[1.586s] DEBUG:colcon.colcon_parallel_executor.executor.parallel:closing loop
[1.586s] DEBUG:colcon.colcon_parallel_executor.executor.parallel:loop closed
[1.586s] DEBUG:colcon.colcon_parallel_executor.executor.parallel:run_until_complete finished with '1'
[1.586s] DEBUG:colcon.colcon_core.event_reactor:joining thread
[1.590s] INFO:colcon.colcon_core.plugin_system:Skipping extension 'colcon_notification.desktop_notification.terminal_notifier': Not used on non-Darwin systems
[1.590s] INFO:colcon.colcon_core.plugin_system:Skipping extension 'colcon_notification.desktop_notification.win32': Not used on non-Windows systems
[1.590s] INFO:colcon.colcon_notification.desktop_notification:Sending desktop notification using 'notify2'
[1.600s] DEBUG:colcon.colcon_core.event_reactor:joined thread
[1.600s] INFO:colcon.colcon_core.shell:Creating prefix script '/home/mrsl-perch/husky-master-jazzy/ws/install/local_setup.ps1'
[1.601s] INFO:colcon.colcon_core.shell:Creating prefix util module '/home/mrsl-perch/husky-master-jazzy/ws/install/_local_setup_util_ps1.py'
[1.602s] INFO:colcon.colcon_core.shell:Creating prefix chain script '/home/mrsl-perch/husky-master-jazzy/ws/install/setup.ps1'
[1.602s] INFO:colcon.colcon_core.shell:Creating prefix script '/home/mrsl-perch/husky-master-jazzy/ws/install/local_setup.sh'
[1.603s] INFO:colcon.colcon_core.shell:Creating prefix util module '/home/mrsl-perch/husky-master-jazzy/ws/install/_local_setup_util_sh.py'
[1.603s] INFO:colcon.colcon_core.shell:Creating prefix chain script '/home/mrsl-perch/husky-master-jazzy/ws/install/setup.sh'
[1.604s] INFO:colcon.colcon_core.shell:Creating prefix script '/home/mrsl-perch/husky-master-jazzy/ws/install/local_setup.bash'
[1.604s] INFO:colcon.colcon_core.shell:Creating prefix chain script '/home/mrsl-perch/husky-master-jazzy/ws/install/setup.bash'
[1.604s] INFO:colcon.colcon_core.shell:Creating prefix script '/home/mrsl-perch/husky-master-jazzy/ws/install/local_setup.zsh'
[1.605s] INFO:colcon.colcon_core.shell:Creating prefix chain script '/home/mrsl-perch/husky-master-jazzy/ws/install/setup.zsh'
