-- Install configuration: ""
-- Up-to-date: /home/robot/husky_master_jazzy/ws/install/brainbox_husky_bringup/share/brainbox_husky_bringup/launch
-- Up-to-date: /home/robot/husky_master_jazzy/ws/install/brainbox_husky_bringup/share/brainbox_husky_bringup/launch/brainbox_husky_bringup.launch.py
-- Up-to-date: /home/robot/husky_master_jazzy/ws/install/brainbox_husky_bringup/share/brainbox_husky_bringup/launch/ouster.launch.py
-- Up-to-date: /home/robot/husky_master_jazzy/ws/install/brainbox_husky_bringup/share/brainbox_husky_bringup/launch/relay_topics.launch.py
-- Up-to-date: /home/robot/husky_master_jazzy/ws/install/brainbox_husky_bringup/share/brainbox_husky_bringup/config
-- Up-to-date: /home/robot/husky_master_jazzy/ws/install/brainbox_husky_bringup/share/brainbox_husky_bringup/config/vn100.yaml
-- Up-to-date: /home/robot/husky_master_jazzy/ws/install/brainbox_husky_bringup/share/brainbox_husky_bringup/config/ublox.yaml
-- Up-to-date: /home/robot/husky_master_jazzy/ws/install/brainbox_husky_bringup/share/brainbox_husky_bringup/config/ouster_driver_params.yaml
-- Up-to-date: /home/robot/husky_master_jazzy/ws/install/brainbox_husky_bringup/share/ament_index/resource_index/package_run_dependencies/brainbox_husky_bringup
-- Up-to-date: /home/robot/husky_master_jazzy/ws/install/brainbox_husky_bringup/share/ament_index/resource_index/parent_prefix_path/brainbox_husky_bringup
-- Up-to-date: /home/robot/husky_master_jazzy/ws/install/brainbox_husky_bringup/share/brainbox_husky_bringup/environment/ament_prefix_path.sh
-- Up-to-date: /home/robot/husky_master_jazzy/ws/install/brainbox_husky_bringup/share/brainbox_husky_bringup/environment/ament_prefix_path.dsv
-- Up-to-date: /home/robot/husky_master_jazzy/ws/install/brainbox_husky_bringup/share/brainbox_husky_bringup/environment/path.sh
-- Up-to-date: /home/robot/husky_master_jazzy/ws/install/brainbox_husky_bringup/share/brainbox_husky_bringup/environment/path.dsv
-- Up-to-date: /home/robot/husky_master_jazzy/ws/install/brainbox_husky_bringup/share/brainbox_husky_bringup/local_setup.bash
-- Up-to-date: /home/robot/husky_master_jazzy/ws/install/brainbox_husky_bringup/share/brainbox_husky_bringup/local_setup.sh
-- Up-to-date: /home/robot/husky_master_jazzy/ws/install/brainbox_husky_bringup/share/brainbox_husky_bringup/local_setup.zsh
-- Up-to-date: /home/robot/husky_master_jazzy/ws/install/brainbox_husky_bringup/share/brainbox_husky_bringup/local_setup.dsv
-- Up-to-date: /home/robot/husky_master_jazzy/ws/install/brainbox_husky_bringup/share/brainbox_husky_bringup/package.dsv
-- Up-to-date: /home/robot/husky_master_jazzy/ws/install/brainbox_husky_bringup/share/ament_index/resource_index/packages/brainbox_husky_bringup
-- Up-to-date: /home/robot/husky_master_jazzy/ws/install/brainbox_husky_bringup/share/brainbox_husky_bringup/cmake/brainbox_husky_bringupConfig.cmake
-- Up-to-date: /home/robot/husky_master_jazzy/ws/install/brainbox_husky_bringup/share/brainbox_husky_bringup/cmake/brainbox_husky_bringupConfig-version.cmake
-- Up-to-date: /home/robot/husky_master_jazzy/ws/install/brainbox_husky_bringup/share/brainbox_husky_bringup/package.xml
