[INFO] [1755204142.737241690] [AnalyzerGroup]: Retrieved 29 parameter(s) for analyzer group with prefix ''.
[INFO] [1755204142.737281590] [AnalyzerGroup]: Group 'Clearpath Diagnostics', creating diagnostic_aggregator/AnalyzerGroup 'Platform' (breadcrumb: platform) ...
[INFO] [1755204142.738343463] [AnalyzerGroup]: Retrieved 22 parameter(s) for analyzer group with prefix 'platform'.
[INFO] [1755204142.738351633] [AnalyzerGroup]: Group '/Clearpath Diagnostics/Platform', creating diagnostic_aggregator/GenericAnalyzer 'Drive System' (breadcrumb: analyzers.drive) ...
[INFO] [1755204142.738483512] [GenericAnalyzerBase]: Initialized analyzer 'Drive System' with path '/Clearpath Diagnostics/Platform/Drive System' and breadcrumb 'platform.analyzers.drive'.
[INFO] [1755204142.738489662] [AnalyzerGroup]: Adding analyzer 'Drive System' to group '/Clearpath Diagnostics/Platform'.
[INFO] [1755204142.738493412] [AnalyzerGroup]: Group '/Clearpath Diagnostics/Platform', creating diagnostic_aggregator/GenericAnalyzer 'Networking' (breadcrumb: analyzers.networking) ...
[INFO] [1755204142.738506452] [GenericAnalyzerBase]: Initialized analyzer 'Networking' with path '/Clearpath Diagnostics/Platform/Networking' and breadcrumb 'platform.analyzers.networking'.
[INFO] [1755204142.738509602] [AnalyzerGroup]: Adding analyzer 'Networking' to group '/Clearpath Diagnostics/Platform'.
[INFO] [1755204142.738512812] [AnalyzerGroup]: Group '/Clearpath Diagnostics/Platform', creating diagnostic_aggregator/GenericAnalyzer 'Odometry' (breadcrumb: analyzers.odometry) ...
[INFO] [1755204142.738524892] [GenericAnalyzerBase]: Initialized analyzer 'Odometry' with path '/Clearpath Diagnostics/Platform/Odometry' and breadcrumb 'platform.analyzers.odometry'.
[INFO] [1755204142.738527802] [AnalyzerGroup]: Adding analyzer 'Odometry' to group '/Clearpath Diagnostics/Platform'.
[INFO] [1755204142.738530531] [AnalyzerGroup]: Group '/Clearpath Diagnostics/Platform', creating diagnostic_aggregator/GenericAnalyzer 'Power' (breadcrumb: analyzers.power) ...
[INFO] [1755204142.738541191] [GenericAnalyzerBase]: Initialized analyzer 'Power' with path '/Clearpath Diagnostics/Platform/Power' and breadcrumb 'platform.analyzers.power'.
[INFO] [1755204142.738544251] [AnalyzerGroup]: Adding analyzer 'Power' to group '/Clearpath Diagnostics/Platform'.
[INFO] [1755204142.738547151] [AnalyzerGroup]: Group '/Clearpath Diagnostics/Platform', creating diagnostic_aggregator/GenericAnalyzer 'E-stop Status' (breadcrumb: analyzers.stop_status) ...
[INFO] [1755204142.738557671] [GenericAnalyzerBase]: Initialized analyzer 'E-stop Status' with path '/Clearpath Diagnostics/Platform/E-stop Status' and breadcrumb 'platform.analyzers.stop_status'.
[INFO] [1755204142.738560551] [AnalyzerGroup]: Adding analyzer 'E-stop Status' to group '/Clearpath Diagnostics/Platform'.
[INFO] [1755204142.738563041] [AnalyzerGroup]: Initialized analyzer group '/Clearpath Diagnostics/Platform' with path '/Clearpath Diagnostics/Platform' and breadcrumb 'platform'.
[INFO] [1755204142.738567661] [AnalyzerGroup]: Adding analyzer '/Clearpath Diagnostics/Platform' to group 'Clearpath Diagnostics'.
[INFO] [1755204142.738571501] [AnalyzerGroup]: Initialized analyzer group 'Clearpath Diagnostics' with path '/Clearpath Diagnostics' and breadcrumb ''.
[INFO] [1755204142.738581061] [GenericAnalyzerBase]: Initialized analyzer 'Other' with path '/Clearpath Diagnostics/Other' and breadcrumb ''.
[INFO] [1755204142.795239376] [GenericAnalyzer]: Analyzer 'Odometry' matches 'ekf_node: Filter diagnostic updater'.
[INFO] [1755204142.795258136] [AnalyzerGroup]: Group '/Clearpath Diagnostics/Platform' has a match with my analyzer 'Odometry'.
[INFO] [1755204142.795263146] [AnalyzerGroup]: Group 'Clearpath Diagnostics' has a match with my analyzer '/Clearpath Diagnostics/Platform'.
[INFO] [1755204142.795303066] [GenericAnalyzer]: Analyzer 'Odometry' matches 'ekf_node: odometry/filtered topic status'.
[INFO] [1755204142.795309076] [AnalyzerGroup]: Group '/Clearpath Diagnostics/Platform' has a match with my analyzer 'Odometry'.
[INFO] [1755204142.795311866] [AnalyzerGroup]: Group 'Clearpath Diagnostics' has a match with my analyzer '/Clearpath Diagnostics/Platform'.
[INFO] [1755204142.800469912] [GenericAnalyzer]: Analyzer 'Drive System' matches 'controller_manager: Controllers Activity'.
[INFO] [1755204142.800486732] [AnalyzerGroup]: Group '/Clearpath Diagnostics/Platform' has a match with my analyzer 'Drive System'.
[INFO] [1755204142.800493082] [AnalyzerGroup]: Group 'Clearpath Diagnostics' has a match with my analyzer '/Clearpath Diagnostics/Platform'.
[INFO] [1755204142.800521502] [GenericAnalyzer]: Analyzer 'Drive System' matches 'controller_manager: Hardware Components Activity'.
[INFO] [1755204142.800525282] [AnalyzerGroup]: Group '/Clearpath Diagnostics/Platform' has a match with my analyzer 'Drive System'.
[INFO] [1755204142.800529192] [AnalyzerGroup]: Group 'Clearpath Diagnostics' has a match with my analyzer '/Clearpath Diagnostics/Platform'.
[INFO] [1755204142.800541072] [GenericAnalyzer]: Analyzer 'Drive System' matches 'controller_manager: Controller Manager Activity'.
[INFO] [1755204142.800544232] [AnalyzerGroup]: Group '/Clearpath Diagnostics/Platform' has a match with my analyzer 'Drive System'.
[INFO] [1755204142.800547802] [AnalyzerGroup]: Group 'Clearpath Diagnostics' has a match with my analyzer '/Clearpath Diagnostics/Platform'.
[INFO] [1755204142.867596000] [GenericAnalyzer]: Analyzer 'Drive System' matches 'joy_node: Joystick Driver Status'.
[INFO] [1755204142.867610170] [AnalyzerGroup]: Group '/Clearpath Diagnostics/Platform' has a match with my analyzer 'Drive System'.
[INFO] [1755204142.867617420] [AnalyzerGroup]: Group 'Clearpath Diagnostics' has a match with my analyzer '/Clearpath Diagnostics/Platform'.
[INFO] [1755204143.761461929] [GenericAnalyzer]: Analyzer 'Power' matches 'clearpath_diagnostic_updater: Power Status'.
[INFO] [1755204143.761480879] [AnalyzerGroup]: Group '/Clearpath Diagnostics/Platform' has a match with my analyzer 'Power'.
[INFO] [1755204143.761484569] [AnalyzerGroup]: Group 'Clearpath Diagnostics' has a match with my analyzer '/Clearpath Diagnostics/Platform'.
[INFO] [1755204143.761493029] [GenericAnalyzer]: Analyzer 'Power' matches 'clearpath_diagnostic_updater: Battery Management System'.
[INFO] [1755204143.761495809] [AnalyzerGroup]: Group '/Clearpath Diagnostics/Platform' has a match with my analyzer 'Power'.
[INFO] [1755204143.761497969] [AnalyzerGroup]: Group 'Clearpath Diagnostics' has a match with my analyzer '/Clearpath Diagnostics/Platform'.
[INFO] [1755204143.761503689] [GenericAnalyzer]: Analyzer 'E-stop Status' matches 'clearpath_diagnostic_updater: E-stop Status'.
[INFO] [1755204143.761506408] [AnalyzerGroup]: Group '/Clearpath Diagnostics/Platform' has a match with my analyzer 'E-stop Status'.
[INFO] [1755204143.761508868] [AnalyzerGroup]: Group 'Clearpath Diagnostics' has a match with my analyzer '/Clearpath Diagnostics/Platform'.
[INFO] [1755204143.761942226] [GenericAnalyzer]: Analyzer 'Drive System' matches 'twist_mux: Twist mux status'.
[INFO] [1755204143.761950996] [AnalyzerGroup]: Group '/Clearpath Diagnostics/Platform' has a match with my analyzer 'Drive System'.
[INFO] [1755204143.761955396] [AnalyzerGroup]: Group 'Clearpath Diagnostics' has a match with my analyzer '/Clearpath Diagnostics/Platform'.
