[INFO] [1755200096.938116273] [AnalyzerGroup]: Retrieved 29 parameter(s) for analyzer group with prefix ''.
[INFO] [1755200096.938147983] [AnalyzerGroup]: Group 'Clearpath Diagnostics', creating diagnostic_aggregator/AnalyzerGroup 'Platform' (breadcrumb: platform) ...
[INFO] [1755200096.939031093] [AnalyzerGroup]: Retrieved 22 parameter(s) for analyzer group with prefix 'platform'.
[INFO] [1755200096.939040413] [AnalyzerGroup]: Group '/Clearpath Diagnostics/Platform', creating diagnostic_aggregator/GenericAnalyzer 'Drive System' (breadcrumb: analyzers.drive) ...
[INFO] [1755200096.939198414] [GenericAnalyzerBase]: Initialized analyzer 'Drive System' with path '/Clearpath Diagnostics/Platform/Drive System' and breadcrumb 'platform.analyzers.drive'.
[INFO] [1755200096.939205754] [AnalyzerGroup]: Adding analyzer 'Drive System' to group '/Clearpath Diagnostics/Platform'.
[INFO] [1755200096.939210374] [AnalyzerGroup]: Group '/Clearpath Diagnostics/Platform', creating diagnostic_aggregator/GenericAnalyzer 'Networking' (breadcrumb: analyzers.networking) ...
[INFO] [1755200096.939226924] [GenericAnalyzerBase]: Initialized analyzer 'Networking' with path '/Clearpath Diagnostics/Platform/Networking' and breadcrumb 'platform.analyzers.networking'.
[INFO] [1755200096.939230614] [AnalyzerGroup]: Adding analyzer 'Networking' to group '/Clearpath Diagnostics/Platform'.
[INFO] [1755200096.939233884] [AnalyzerGroup]: Group '/Clearpath Diagnostics/Platform', creating diagnostic_aggregator/GenericAnalyzer 'Odometry' (breadcrumb: analyzers.odometry) ...
[INFO] [1755200096.939248604] [GenericAnalyzerBase]: Initialized analyzer 'Odometry' with path '/Clearpath Diagnostics/Platform/Odometry' and breadcrumb 'platform.analyzers.odometry'.
[INFO] [1755200096.939252014] [AnalyzerGroup]: Adding analyzer 'Odometry' to group '/Clearpath Diagnostics/Platform'.
[INFO] [1755200096.939255204] [AnalyzerGroup]: Group '/Clearpath Diagnostics/Platform', creating diagnostic_aggregator/GenericAnalyzer 'Power' (breadcrumb: analyzers.power) ...
[INFO] [1755200096.939268204] [GenericAnalyzerBase]: Initialized analyzer 'Power' with path '/Clearpath Diagnostics/Platform/Power' and breadcrumb 'platform.analyzers.power'.
[INFO] [1755200096.939271644] [AnalyzerGroup]: Adding analyzer 'Power' to group '/Clearpath Diagnostics/Platform'.
[INFO] [1755200096.939274634] [AnalyzerGroup]: Group '/Clearpath Diagnostics/Platform', creating diagnostic_aggregator/GenericAnalyzer 'E-stop Status' (breadcrumb: analyzers.stop_status) ...
[INFO] [1755200096.939286544] [GenericAnalyzerBase]: Initialized analyzer 'E-stop Status' with path '/Clearpath Diagnostics/Platform/E-stop Status' and breadcrumb 'platform.analyzers.stop_status'.
[INFO] [1755200096.939290084] [AnalyzerGroup]: Adding analyzer 'E-stop Status' to group '/Clearpath Diagnostics/Platform'.
[INFO] [1755200096.939292734] [AnalyzerGroup]: Initialized analyzer group '/Clearpath Diagnostics/Platform' with path '/Clearpath Diagnostics/Platform' and breadcrumb 'platform'.
[INFO] [1755200096.939297814] [AnalyzerGroup]: Adding analyzer '/Clearpath Diagnostics/Platform' to group 'Clearpath Diagnostics'.
[INFO] [1755200096.939301944] [AnalyzerGroup]: Initialized analyzer group 'Clearpath Diagnostics' with path '/Clearpath Diagnostics' and breadcrumb ''.
[INFO] [1755200096.939308724] [GenericAnalyzerBase]: Initialized analyzer 'Other' with path '/Clearpath Diagnostics/Other' and breadcrumb ''.
[INFO] [1755200096.943714599] [GenericAnalyzer]: Analyzer 'Drive System' matches 'joy_node: Joystick Driver Status'.
[INFO] [1755200096.943722939] [AnalyzerGroup]: Group '/Clearpath Diagnostics/Platform' has a match with my analyzer 'Drive System'.
[INFO] [1755200096.943727419] [AnalyzerGroup]: Group 'Clearpath Diagnostics' has a match with my analyzer '/Clearpath Diagnostics/Platform'.
[INFO] [1755200096.949232465] [GenericAnalyzer]: Analyzer 'Drive System' matches 'twist_mux: Twist mux status'.
[INFO] [1755200096.949243975] [AnalyzerGroup]: Group '/Clearpath Diagnostics/Platform' has a match with my analyzer 'Drive System'.
[INFO] [1755200096.949249875] [AnalyzerGroup]: Group 'Clearpath Diagnostics' has a match with my analyzer '/Clearpath Diagnostics/Platform'.
[INFO] [1755200096.958281326] [GenericAnalyzer]: Analyzer 'Odometry' matches 'ekf_node: Filter diagnostic updater'.
[INFO] [1755200096.958301316] [AnalyzerGroup]: Group '/Clearpath Diagnostics/Platform' has a match with my analyzer 'Odometry'.
[INFO] [1755200096.958306876] [AnalyzerGroup]: Group 'Clearpath Diagnostics' has a match with my analyzer '/Clearpath Diagnostics/Platform'.
[INFO] [1755200096.958340086] [GenericAnalyzer]: Analyzer 'Odometry' matches 'ekf_node: odometry/filtered topic status'.
[INFO] [1755200096.958343416] [AnalyzerGroup]: Group '/Clearpath Diagnostics/Platform' has a match with my analyzer 'Odometry'.
[INFO] [1755200096.958346036] [AnalyzerGroup]: Group 'Clearpath Diagnostics' has a match with my analyzer '/Clearpath Diagnostics/Platform'.
[INFO] [1755200096.961185589] [GenericAnalyzer]: Analyzer 'Drive System' matches 'controller_manager: Controllers Activity'.
[INFO] [1755200096.961199759] [AnalyzerGroup]: Group '/Clearpath Diagnostics/Platform' has a match with my analyzer 'Drive System'.
[INFO] [1755200096.961205899] [AnalyzerGroup]: Group 'Clearpath Diagnostics' has a match with my analyzer '/Clearpath Diagnostics/Platform'.
[INFO] [1755200096.961357009] [GenericAnalyzer]: Analyzer 'Drive System' matches 'controller_manager: Hardware Components Activity'.
[INFO] [1755200096.961361959] [AnalyzerGroup]: Group '/Clearpath Diagnostics/Platform' has a match with my analyzer 'Drive System'.
[INFO] [1755200096.961364939] [AnalyzerGroup]: Group 'Clearpath Diagnostics' has a match with my analyzer '/Clearpath Diagnostics/Platform'.
[INFO] [1755200096.961379179] [GenericAnalyzer]: Analyzer 'Drive System' matches 'controller_manager: Controller Manager Activity'.
[INFO] [1755200096.961381739] [AnalyzerGroup]: Group '/Clearpath Diagnostics/Platform' has a match with my analyzer 'Drive System'.
[INFO] [1755200096.961384029] [AnalyzerGroup]: Group 'Clearpath Diagnostics' has a match with my analyzer '/Clearpath Diagnostics/Platform'.
[INFO] [1755200097.943728049] [GenericAnalyzer]: Analyzer 'Power' matches 'clearpath_diagnostic_updater: Power Status'.
[INFO] [1755200097.943744159] [AnalyzerGroup]: Group '/Clearpath Diagnostics/Platform' has a match with my analyzer 'Power'.
[INFO] [1755200097.943746909] [AnalyzerGroup]: Group 'Clearpath Diagnostics' has a match with my analyzer '/Clearpath Diagnostics/Platform'.
[INFO] [1755200097.943753359] [GenericAnalyzer]: Analyzer 'Power' matches 'clearpath_diagnostic_updater: Battery Management System'.
[INFO] [1755200097.943755479] [AnalyzerGroup]: Group '/Clearpath Diagnostics/Platform' has a match with my analyzer 'Power'.
[INFO] [1755200097.943756989] [AnalyzerGroup]: Group 'Clearpath Diagnostics' has a match with my analyzer '/Clearpath Diagnostics/Platform'.
[INFO] [1755200097.943760749] [GenericAnalyzer]: Analyzer 'E-stop Status' matches 'clearpath_diagnostic_updater: E-stop Status'.
[INFO] [1755200097.943762659] [AnalyzerGroup]: Group '/Clearpath Diagnostics/Platform' has a match with my analyzer 'E-stop Status'.
[INFO] [1755200097.943764399] [AnalyzerGroup]: Group 'Clearpath Diagnostics' has a match with my analyzer '/Clearpath Diagnostics/Platform'.
