[INFO] [1755204672.232955890] [AnalyzerGroup]: Retrieved 29 parameter(s) for analyzer group with prefix ''.
[INFO] [1755204672.232994793] [AnalyzerGroup]: Group 'Clearpath Diagnostics', creating diagnostic_aggregator/AnalyzerGroup 'Platform' (breadcrumb: platform) ...
[INFO] [1755204672.238991961] [AnalyzerGroup]: Retrieved 22 parameter(s) for analyzer group with prefix 'platform'.
[INFO] [1755204672.239013457] [AnalyzerGroup]: Group '/Clearpath Diagnostics/Platform', creating diagnostic_aggregator/GenericAnalyzer 'Drive System' (breadcrumb: analyzers.drive) ...
[INFO] [1755204672.239155352] [GenericAnalyzerBase]: Initialized analyzer 'Drive System' with path '/Clearpath Diagnostics/Platform/Drive System' and breadcrumb 'platform.analyzers.drive'.
[INFO] [1755204672.239161241] [AnalyzerGroup]: Adding analyzer 'Drive System' to group '/Clearpath Diagnostics/Platform'.
[INFO] [1755204672.239164661] [AnalyzerGroup]: Group '/Clearpath Diagnostics/Platform', creating diagnostic_aggregator/GenericAnalyzer 'Networking' (breadcrumb: analyzers.networking) ...
[INFO] [1755204672.239177559] [GenericAnalyzerBase]: Initialized analyzer 'Networking' with path '/Clearpath Diagnostics/Platform/Networking' and breadcrumb 'platform.analyzers.networking'.
[INFO] [1755204672.239180448] [AnalyzerGroup]: Adding analyzer 'Networking' to group '/Clearpath Diagnostics/Platform'.
[INFO] [1755204672.239182968] [AnalyzerGroup]: Group '/Clearpath Diagnostics/Platform', creating diagnostic_aggregator/GenericAnalyzer 'Odometry' (breadcrumb: analyzers.odometry) ...
[INFO] [1755204672.239194856] [GenericAnalyzerBase]: Initialized analyzer 'Odometry' with path '/Clearpath Diagnostics/Platform/Odometry' and breadcrumb 'platform.analyzers.odometry'.
[INFO] [1755204672.239197545] [AnalyzerGroup]: Adding analyzer 'Odometry' to group '/Clearpath Diagnostics/Platform'.
[INFO] [1755204672.239199895] [AnalyzerGroup]: Group '/Clearpath Diagnostics/Platform', creating diagnostic_aggregator/GenericAnalyzer 'Power' (breadcrumb: analyzers.power) ...
[INFO] [1755204672.239210623] [GenericAnalyzerBase]: Initialized analyzer 'Power' with path '/Clearpath Diagnostics/Platform/Power' and breadcrumb 'platform.analyzers.power'.
[INFO] [1755204672.239213402] [AnalyzerGroup]: Adding analyzer 'Power' to group '/Clearpath Diagnostics/Platform'.
[INFO] [1755204672.239215922] [AnalyzerGroup]: Group '/Clearpath Diagnostics/Platform', creating diagnostic_aggregator/GenericAnalyzer 'E-stop Status' (breadcrumb: analyzers.stop_status) ...
[INFO] [1755204672.239226000] [GenericAnalyzerBase]: Initialized analyzer 'E-stop Status' with path '/Clearpath Diagnostics/Platform/E-stop Status' and breadcrumb 'platform.analyzers.stop_status'.
[INFO] [1755204672.239228740] [AnalyzerGroup]: Adding analyzer 'E-stop Status' to group '/Clearpath Diagnostics/Platform'.
[INFO] [1755204672.239230959] [AnalyzerGroup]: Initialized analyzer group '/Clearpath Diagnostics/Platform' with path '/Clearpath Diagnostics/Platform' and breadcrumb 'platform'.
[INFO] [1755204672.239235078] [AnalyzerGroup]: Adding analyzer '/Clearpath Diagnostics/Platform' to group 'Clearpath Diagnostics'.
[INFO] [1755204672.239240158] [AnalyzerGroup]: Initialized analyzer group 'Clearpath Diagnostics' with path '/Clearpath Diagnostics' and breadcrumb ''.
[INFO] [1755204672.239247606] [GenericAnalyzerBase]: Initialized analyzer 'Other' with path '/Clearpath Diagnostics/Other' and breadcrumb ''.
[INFO] [1755204672.254919718] [GenericAnalyzer]: Analyzer 'Odometry' matches 'ekf_node: Filter diagnostic updater'.
[INFO] [1755204672.254934516] [AnalyzerGroup]: Group '/Clearpath Diagnostics/Platform' has a match with my analyzer 'Odometry'.
[INFO] [1755204672.254939215] [AnalyzerGroup]: Group 'Clearpath Diagnostics' has a match with my analyzer '/Clearpath Diagnostics/Platform'.
[INFO] [1755204672.254966960] [GenericAnalyzer]: Analyzer 'Odometry' matches 'ekf_node: odometry/filtered topic status'.
[INFO] [1755204672.254969879] [AnalyzerGroup]: Group '/Clearpath Diagnostics/Platform' has a match with my analyzer 'Odometry'.
[INFO] [1755204672.254972449] [AnalyzerGroup]: Group 'Clearpath Diagnostics' has a match with my analyzer '/Clearpath Diagnostics/Platform'.
[INFO] [1755204672.260526425] [GenericAnalyzer]: Analyzer 'Drive System' matches 'controller_manager: Controllers Activity'.
[INFO] [1755204672.260539243] [AnalyzerGroup]: Group '/Clearpath Diagnostics/Platform' has a match with my analyzer 'Drive System'.
[INFO] [1755204672.260544282] [AnalyzerGroup]: Group 'Clearpath Diagnostics' has a match with my analyzer '/Clearpath Diagnostics/Platform'.
[INFO] [1755204672.260567108] [GenericAnalyzer]: Analyzer 'Drive System' matches 'controller_manager: Hardware Components Activity'.
[INFO] [1755204672.260569337] [AnalyzerGroup]: Group '/Clearpath Diagnostics/Platform' has a match with my analyzer 'Drive System'.
[INFO] [1755204672.260571677] [AnalyzerGroup]: Group 'Clearpath Diagnostics' has a match with my analyzer '/Clearpath Diagnostics/Platform'.
[INFO] [1755204672.260578816] [GenericAnalyzer]: Analyzer 'Drive System' matches 'controller_manager: Controller Manager Activity'.
[INFO] [1755204672.260580835] [AnalyzerGroup]: Group '/Clearpath Diagnostics/Platform' has a match with my analyzer 'Drive System'.
[INFO] [1755204672.260582975] [AnalyzerGroup]: Group 'Clearpath Diagnostics' has a match with my analyzer '/Clearpath Diagnostics/Platform'.
[INFO] [1755204672.347681103] [GenericAnalyzer]: Analyzer 'Drive System' matches 'joy_node: Joystick Driver Status'.
[INFO] [1755204672.347694450] [AnalyzerGroup]: Group '/Clearpath Diagnostics/Platform' has a match with my analyzer 'Drive System'.
[INFO] [1755204672.347700649] [AnalyzerGroup]: Group 'Clearpath Diagnostics' has a match with my analyzer '/Clearpath Diagnostics/Platform'.
[INFO] [1755204673.220324831] [GenericAnalyzer]: Analyzer 'Drive System' matches 'twist_mux: Twist mux status'.
[INFO] [1755204673.220338319] [AnalyzerGroup]: Group '/Clearpath Diagnostics/Platform' has a match with my analyzer 'Drive System'.
[INFO] [1755204673.220343838] [AnalyzerGroup]: Group 'Clearpath Diagnostics' has a match with my analyzer '/Clearpath Diagnostics/Platform'.
[INFO] [1755204673.221251183] [GenericAnalyzer]: Analyzer 'Power' matches 'clearpath_diagnostic_updater: Power Status'.
[INFO] [1755204673.221260472] [AnalyzerGroup]: Group '/Clearpath Diagnostics/Platform' has a match with my analyzer 'Power'.
[INFO] [1755204673.221264191] [AnalyzerGroup]: Group 'Clearpath Diagnostics' has a match with my analyzer '/Clearpath Diagnostics/Platform'.
[INFO] [1755204673.221271300] [GenericAnalyzer]: Analyzer 'Power' matches 'clearpath_diagnostic_updater: Battery Management System'.
[INFO] [1755204673.221274069] [AnalyzerGroup]: Group '/Clearpath Diagnostics/Platform' has a match with my analyzer 'Power'.
[INFO] [1755204673.221276309] [AnalyzerGroup]: Group 'Clearpath Diagnostics' has a match with my analyzer '/Clearpath Diagnostics/Platform'.
[INFO] [1755204673.221284028] [GenericAnalyzer]: Analyzer 'E-stop Status' matches 'clearpath_diagnostic_updater: E-stop Status'.
[INFO] [1755204673.221286837] [AnalyzerGroup]: Group '/Clearpath Diagnostics/Platform' has a match with my analyzer 'E-stop Status'.
[INFO] [1755204673.221289357] [AnalyzerGroup]: Group 'Clearpath Diagnostics' has a match with my analyzer '/Clearpath Diagnostics/Platform'.
[INFO] [1755205149.693687547] [rclcpp]: signal_handler(signum=2)
