[INFO] [1755199751.606767481] [AnalyzerGroup]: Retrieved 29 parameter(s) for analyzer group with prefix ''.
[INFO] [1755199751.606817851] [AnalyzerGroup]: Group 'Clearpath Diagnostics', creating diagnostic_aggregator/AnalyzerGroup 'Platform' (breadcrumb: platform) ...
[INFO] [1755199751.607706362] [AnalyzerGroup]: Retrieved 22 parameter(s) for analyzer group with prefix 'platform'.
[INFO] [1755199751.607718242] [AnalyzerGroup]: Group '/Clearpath Diagnostics/Platform', creating diagnostic_aggregator/GenericAnalyzer 'Drive System' (breadcrumb: analyzers.drive) ...
[INFO] [1755199751.607866722] [GenericAnalyzerBase]: Initialized analyzer 'Drive System' with path '/Clearpath Diagnostics/Platform/Drive System' and breadcrumb 'platform.analyzers.drive'.
[INFO] [1755199751.607872732] [AnalyzerGroup]: Adding analyzer 'Drive System' to group '/Clearpath Diagnostics/Platform'.
[INFO] [1755199751.607876792] [AnalyzerGroup]: Group '/Clearpath Diagnostics/Platform', creating diagnostic_aggregator/GenericAnalyzer 'Networking' (breadcrumb: analyzers.networking) ...
[INFO] [1755199751.607891402] [GenericAnalyzerBase]: Initialized analyzer 'Networking' with path '/Clearpath Diagnostics/Platform/Networking' and breadcrumb 'platform.analyzers.networking'.
[INFO] [1755199751.607894762] [AnalyzerGroup]: Adding analyzer 'Networking' to group '/Clearpath Diagnostics/Platform'.
[INFO] [1755199751.607898022] [AnalyzerGroup]: Group '/Clearpath Diagnostics/Platform', creating diagnostic_aggregator/GenericAnalyzer 'Odometry' (breadcrumb: analyzers.odometry) ...
[INFO] [1755199751.607911412] [GenericAnalyzerBase]: Initialized analyzer 'Odometry' with path '/Clearpath Diagnostics/Platform/Odometry' and breadcrumb 'platform.analyzers.odometry'.
[INFO] [1755199751.607914702] [AnalyzerGroup]: Adding analyzer 'Odometry' to group '/Clearpath Diagnostics/Platform'.
[INFO] [1755199751.607917662] [AnalyzerGroup]: Group '/Clearpath Diagnostics/Platform', creating diagnostic_aggregator/GenericAnalyzer 'Power' (breadcrumb: analyzers.power) ...
[INFO] [1755199751.607929862] [GenericAnalyzerBase]: Initialized analyzer 'Power' with path '/Clearpath Diagnostics/Platform/Power' and breadcrumb 'platform.analyzers.power'.
[INFO] [1755199751.607933032] [AnalyzerGroup]: Adding analyzer 'Power' to group '/Clearpath Diagnostics/Platform'.
[INFO] [1755199751.607935912] [AnalyzerGroup]: Group '/Clearpath Diagnostics/Platform', creating diagnostic_aggregator/GenericAnalyzer 'E-stop Status' (breadcrumb: analyzers.stop_status) ...
[INFO] [1755199751.607947082] [GenericAnalyzerBase]: Initialized analyzer 'E-stop Status' with path '/Clearpath Diagnostics/Platform/E-stop Status' and breadcrumb 'platform.analyzers.stop_status'.
[INFO] [1755199751.607950242] [AnalyzerGroup]: Adding analyzer 'E-stop Status' to group '/Clearpath Diagnostics/Platform'.
[INFO] [1755199751.607952782] [AnalyzerGroup]: Initialized analyzer group '/Clearpath Diagnostics/Platform' with path '/Clearpath Diagnostics/Platform' and breadcrumb 'platform'.
[INFO] [1755199751.607957772] [AnalyzerGroup]: Adding analyzer '/Clearpath Diagnostics/Platform' to group 'Clearpath Diagnostics'.
[INFO] [1755199751.607962452] [AnalyzerGroup]: Initialized analyzer group 'Clearpath Diagnostics' with path '/Clearpath Diagnostics' and breadcrumb ''.
[INFO] [1755199751.607969482] [GenericAnalyzerBase]: Initialized analyzer 'Other' with path '/Clearpath Diagnostics/Other' and breadcrumb ''.
[INFO] [1755199751.962407130] [GenericAnalyzer]: Analyzer 'Drive System' matches 'twist_mux: Twist mux status'.
[INFO] [1755199751.962429640] [AnalyzerGroup]: Group '/Clearpath Diagnostics/Platform' has a match with my analyzer 'Drive System'.
[INFO] [1755199751.962435880] [AnalyzerGroup]: Group 'Clearpath Diagnostics' has a match with my analyzer '/Clearpath Diagnostics/Platform'.
[INFO] [1755199751.995478628] [GenericAnalyzer]: Analyzer 'Odometry' matches 'ekf_node: Filter diagnostic updater'.
[INFO] [1755199751.995511968] [AnalyzerGroup]: Group '/Clearpath Diagnostics/Platform' has a match with my analyzer 'Odometry'.
[INFO] [1755199751.995516568] [AnalyzerGroup]: Group 'Clearpath Diagnostics' has a match with my analyzer '/Clearpath Diagnostics/Platform'.
[INFO] [1755199751.995563688] [GenericAnalyzer]: Analyzer 'Odometry' matches 'ekf_node: odometry/filtered topic status'.
[INFO] [1755199751.995580038] [AnalyzerGroup]: Group '/Clearpath Diagnostics/Platform' has a match with my analyzer 'Odometry'.
[INFO] [1755199751.995582958] [AnalyzerGroup]: Group 'Clearpath Diagnostics' has a match with my analyzer '/Clearpath Diagnostics/Platform'.
[INFO] [1755199752.000597084] [GenericAnalyzer]: Analyzer 'Power' matches 'clearpath_diagnostic_updater: Power Status'.
[INFO] [1755199752.001153215] [AnalyzerGroup]: Group '/Clearpath Diagnostics/Platform' has a match with my analyzer 'Power'.
[INFO] [1755199752.001160345] [AnalyzerGroup]: Group 'Clearpath Diagnostics' has a match with my analyzer '/Clearpath Diagnostics/Platform'.
[INFO] [1755199752.001176525] [GenericAnalyzer]: Analyzer 'Power' matches 'clearpath_diagnostic_updater: Battery Management System'.
[INFO] [1755199752.001179955] [AnalyzerGroup]: Group '/Clearpath Diagnostics/Platform' has a match with my analyzer 'Power'.
[INFO] [1755199752.001182485] [AnalyzerGroup]: Group 'Clearpath Diagnostics' has a match with my analyzer '/Clearpath Diagnostics/Platform'.
[INFO] [1755199752.001188815] [GenericAnalyzer]: Analyzer 'E-stop Status' matches 'clearpath_diagnostic_updater: E-stop Status'.
[INFO] [1755199752.001191725] [AnalyzerGroup]: Group '/Clearpath Diagnostics/Platform' has a match with my analyzer 'E-stop Status'.
[INFO] [1755199752.001194485] [AnalyzerGroup]: Group 'Clearpath Diagnostics' has a match with my analyzer '/Clearpath Diagnostics/Platform'.
[INFO] [1755199752.001229435] [GenericAnalyzer]: Analyzer 'Drive System' matches 'joy_node: Joystick Driver Status'.
[INFO] [1755199752.001233305] [AnalyzerGroup]: Group '/Clearpath Diagnostics/Platform' has a match with my analyzer 'Drive System'.
[INFO] [1755199752.001237225] [AnalyzerGroup]: Group 'Clearpath Diagnostics' has a match with my analyzer '/Clearpath Diagnostics/Platform'.
[INFO] [1755199752.997225560] [GenericAnalyzer]: Analyzer 'Drive System' matches 'controller_manager: Controllers Activity'.
[INFO] [1755199752.997248020] [AnalyzerGroup]: Group '/Clearpath Diagnostics/Platform' has a match with my analyzer 'Drive System'.
[INFO] [1755199752.997253840] [AnalyzerGroup]: Group 'Clearpath Diagnostics' has a match with my analyzer '/Clearpath Diagnostics/Platform'.
[INFO] [1755199752.997260260] [GenericAnalyzer]: Analyzer 'Drive System' matches 'controller_manager: Hardware Components Activity'.
[INFO] [1755199752.997262760] [AnalyzerGroup]: Group '/Clearpath Diagnostics/Platform' has a match with my analyzer 'Drive System'.
[INFO] [1755199752.997265130] [AnalyzerGroup]: Group 'Clearpath Diagnostics' has a match with my analyzer '/Clearpath Diagnostics/Platform'.
[INFO] [1755199752.997270450] [GenericAnalyzer]: Analyzer 'Drive System' matches 'controller_manager: Controller Manager Activity'.
[INFO] [1755199752.997273150] [AnalyzerGroup]: Group '/Clearpath Diagnostics/Platform' has a match with my analyzer 'Drive System'.
[INFO] [1755199752.997276430] [AnalyzerGroup]: Group 'Clearpath Diagnostics' has a match with my analyzer '/Clearpath Diagnostics/Platform'.
[INFO] [1755199782.096816658] [rclcpp]: signal_handler(signum=2)
