[INFO] [1755199609.988024091] [AnalyzerGroup]: Retrieved 29 parameter(s) for analyzer group with prefix ''.
[INFO] [1755199609.988069101] [AnalyzerGroup]: Group 'Clearpath Diagnostics', creating diagnostic_aggregator/AnalyzerGroup 'Platform' (breadcrumb: platform) ...
[INFO] [1755199609.988886332] [AnalyzerGroup]: Retrieved 22 parameter(s) for analyzer group with prefix 'platform'.
[INFO] [1755199609.988893542] [AnalyzerGroup]: Group '/Clearpath Diagnostics/Platform', creating diagnostic_aggregator/GenericAnalyzer 'Drive System' (breadcrumb: analyzers.drive) ...
[INFO] [1755199609.989041852] [GenericAnalyzerBase]: Initialized analyzer 'Drive System' with path '/Clearpath Diagnostics/Platform/Drive System' and breadcrumb 'platform.analyzers.drive'.
[INFO] [1755199609.989051552] [AnalyzerGroup]: Adding analyzer 'Drive System' to group '/Clearpath Diagnostics/Platform'.
[INFO] [1755199609.989055192] [AnalyzerGroup]: Group '/Clearpath Diagnostics/Platform', creating diagnostic_aggregator/GenericAnalyzer 'Networking' (breadcrumb: analyzers.networking) ...
[INFO] [1755199609.989070062] [GenericAnalyzerBase]: Initialized analyzer 'Networking' with path '/Clearpath Diagnostics/Platform/Networking' and breadcrumb 'platform.analyzers.networking'.
[INFO] [1755199609.989073342] [AnalyzerGroup]: Adding analyzer 'Networking' to group '/Clearpath Diagnostics/Platform'.
[INFO] [1755199609.989076122] [AnalyzerGroup]: Group '/Clearpath Diagnostics/Platform', creating diagnostic_aggregator/GenericAnalyzer 'Odometry' (breadcrumb: analyzers.odometry) ...
[INFO] [1755199609.989089262] [GenericAnalyzerBase]: Initialized analyzer 'Odometry' with path '/Clearpath Diagnostics/Platform/Odometry' and breadcrumb 'platform.analyzers.odometry'.
[INFO] [1755199609.989092282] [AnalyzerGroup]: Adding analyzer 'Odometry' to group '/Clearpath Diagnostics/Platform'.
[INFO] [1755199609.989095042] [AnalyzerGroup]: Group '/Clearpath Diagnostics/Platform', creating diagnostic_aggregator/GenericAnalyzer 'Power' (breadcrumb: analyzers.power) ...
[INFO] [1755199609.989106802] [GenericAnalyzerBase]: Initialized analyzer 'Power' with path '/Clearpath Diagnostics/Platform/Power' and breadcrumb 'platform.analyzers.power'.
[INFO] [1755199609.989110342] [AnalyzerGroup]: Adding analyzer 'Power' to group '/Clearpath Diagnostics/Platform'.
[INFO] [1755199609.989113192] [AnalyzerGroup]: Group '/Clearpath Diagnostics/Platform', creating diagnostic_aggregator/GenericAnalyzer 'E-stop Status' (breadcrumb: analyzers.stop_status) ...
[INFO] [1755199609.989123802] [GenericAnalyzerBase]: Initialized analyzer 'E-stop Status' with path '/Clearpath Diagnostics/Platform/E-stop Status' and breadcrumb 'platform.analyzers.stop_status'.
[INFO] [1755199609.989126782] [AnalyzerGroup]: Adding analyzer 'E-stop Status' to group '/Clearpath Diagnostics/Platform'.
[INFO] [1755199609.989129112] [AnalyzerGroup]: Initialized analyzer group '/Clearpath Diagnostics/Platform' with path '/Clearpath Diagnostics/Platform' and breadcrumb 'platform'.
[INFO] [1755199609.989133602] [AnalyzerGroup]: Adding analyzer '/Clearpath Diagnostics/Platform' to group 'Clearpath Diagnostics'.
[INFO] [1755199609.989137852] [AnalyzerGroup]: Initialized analyzer group 'Clearpath Diagnostics' with path '/Clearpath Diagnostics' and breadcrumb ''.
[INFO] [1755199609.989144102] [GenericAnalyzerBase]: Initialized analyzer 'Other' with path '/Clearpath Diagnostics/Other' and breadcrumb ''.
[INFO] [1755199610.003581379] [GenericAnalyzer]: Analyzer 'Power' matches 'clearpath_diagnostic_updater: Power Status'.
[INFO] [1755199610.003595449] [AnalyzerGroup]: Group '/Clearpath Diagnostics/Platform' has a match with my analyzer 'Power'.
[INFO] [1755199610.003599929] [AnalyzerGroup]: Group 'Clearpath Diagnostics' has a match with my analyzer '/Clearpath Diagnostics/Platform'.
[INFO] [1755199610.003630899] [GenericAnalyzer]: Analyzer 'Power' matches 'clearpath_diagnostic_updater: Battery Management System'.
[INFO] [1755199610.003634119] [AnalyzerGroup]: Group '/Clearpath Diagnostics/Platform' has a match with my analyzer 'Power'.
[INFO] [1755199610.003636619] [AnalyzerGroup]: Group 'Clearpath Diagnostics' has a match with my analyzer '/Clearpath Diagnostics/Platform'.
[INFO] [1755199610.003674569] [GenericAnalyzer]: Analyzer 'E-stop Status' matches 'clearpath_diagnostic_updater: E-stop Status'.
[INFO] [1755199610.003678089] [AnalyzerGroup]: Group '/Clearpath Diagnostics/Platform' has a match with my analyzer 'E-stop Status'.
[INFO] [1755199610.003680979] [AnalyzerGroup]: Group 'Clearpath Diagnostics' has a match with my analyzer '/Clearpath Diagnostics/Platform'.
[INFO] [1755199610.125691109] [GenericAnalyzer]: Analyzer 'Drive System' matches 'joy_node: Joystick Driver Status'.
[INFO] [1755199610.125707849] [AnalyzerGroup]: Group '/Clearpath Diagnostics/Platform' has a match with my analyzer 'Drive System'.
[INFO] [1755199610.125713769] [AnalyzerGroup]: Group 'Clearpath Diagnostics' has a match with my analyzer '/Clearpath Diagnostics/Platform'.
[INFO] [1755199610.962309081] [GenericAnalyzer]: Analyzer 'Drive System' matches 'twist_mux: Twist mux status'.
[INFO] [1755199610.962324521] [AnalyzerGroup]: Group '/Clearpath Diagnostics/Platform' has a match with my analyzer 'Drive System'.
[INFO] [1755199610.962331321] [AnalyzerGroup]: Group 'Clearpath Diagnostics' has a match with my analyzer '/Clearpath Diagnostics/Platform'.
[INFO] [1755199610.993712187] [GenericAnalyzer]: Analyzer 'Odometry' matches 'ekf_node: Filter diagnostic updater'.
[INFO] [1755199610.993720487] [AnalyzerGroup]: Group '/Clearpath Diagnostics/Platform' has a match with my analyzer 'Odometry'.
[INFO] [1755199610.993723267] [AnalyzerGroup]: Group 'Clearpath Diagnostics' has a match with my analyzer '/Clearpath Diagnostics/Platform'.
[INFO] [1755199610.993729147] [GenericAnalyzer]: Analyzer 'Odometry' matches 'ekf_node: odometry/filtered topic status'.
[INFO] [1755199610.993731017] [AnalyzerGroup]: Group '/Clearpath Diagnostics/Platform' has a match with my analyzer 'Odometry'.
[INFO] [1755199610.993732807] [AnalyzerGroup]: Group 'Clearpath Diagnostics' has a match with my analyzer '/Clearpath Diagnostics/Platform'.
[INFO] [1755199610.996647321] [GenericAnalyzer]: Analyzer 'Drive System' matches 'controller_manager: Controllers Activity'.
[INFO] [1755199610.996655131] [AnalyzerGroup]: Group '/Clearpath Diagnostics/Platform' has a match with my analyzer 'Drive System'.
[INFO] [1755199610.996659921] [AnalyzerGroup]: Group 'Clearpath Diagnostics' has a match with my analyzer '/Clearpath Diagnostics/Platform'.
[INFO] [1755199610.996667671] [GenericAnalyzer]: Analyzer 'Drive System' matches 'controller_manager: Hardware Components Activity'.
[INFO] [1755199610.996670981] [AnalyzerGroup]: Group '/Clearpath Diagnostics/Platform' has a match with my analyzer 'Drive System'.
[INFO] [1755199610.996674911] [AnalyzerGroup]: Group 'Clearpath Diagnostics' has a match with my analyzer '/Clearpath Diagnostics/Platform'.
[INFO] [1755199610.996680731] [GenericAnalyzer]: Analyzer 'Drive System' matches 'controller_manager: Controller Manager Activity'.
[INFO] [1755199610.996683991] [AnalyzerGroup]: Group '/Clearpath Diagnostics/Platform' has a match with my analyzer 'Drive System'.
[INFO] [1755199610.996687781] [AnalyzerGroup]: Group 'Clearpath Diagnostics' has a match with my analyzer '/Clearpath Diagnostics/Platform'.
[INFO] [1755199762.302121172] [rclcpp]: signal_handler(signum=2)
