[INFO] [1754949346.848940014] [slam_toolbox]: Configuring
[INFO] [1754949346.854800327] [slam_toolbox]: Using solver plugin solver_plugins::CeresSolver
[INFO] [1754949346.864817613] [slam_toolbox]: Activating
[INFO] [1754949347.049436711] [slam_toolbox]: Message Filter dropping message: frame 'os_lidar' at time 1754949346.869 for reason 'the timestamp on the message is earlier than all the data in the transform cache'
[INFO] [1754949347.147121010] [slam_toolbox]: Message Filter dropping message: frame 'os_lidar' at time 1754949346.969 for reason 'the timestamp on the message is earlier than all the data in the transform cache'
[INFO] [1754949347.246147022] [slam_toolbox]: Message Filter dropping message: frame 'os_lidar' at time 1754949347.069 for reason 'the timestamp on the message is earlier than all the data in the transform cache'
[INFO] [1754949347.346483445] [slam_toolbox]: Message Filter dropping message: frame 'os_lidar' at time 1754949347.169 for reason 'the timestamp on the message is earlier than all the data in the transform cache'
[INFO] [1754949347.446193372] [slam_toolbox]: Message Filter dropping message: frame 'os_lidar' at time 1754949347.269 for reason 'the timestamp on the message is earlier than all the data in the transform cache'
[INFO] [1754949347.545767979] [slam_toolbox]: Message Filter dropping message: frame 'os_lidar' at time 1754949347.369 for reason 'the timestamp on the message is earlier than all the data in the transform cache'
[INFO] [1754949347.646489970] [slam_toolbox]: Message Filter dropping message: frame 'os_lidar' at time 1754949347.469 for reason 'the timestamp on the message is earlier than all the data in the transform cache'
[INFO] [1754949347.746290556] [slam_toolbox]: Message Filter dropping message: frame 'os_lidar' at time 1754949347.569 for reason 'the timestamp on the message is earlier than all the data in the transform cache'
[INFO] [1754949347.846235731] [slam_toolbox]: Message Filter dropping message: frame 'os_lidar' at time 1754949347.669 for reason 'the timestamp on the message is earlier than all the data in the transform cache'
[INFO] [1754949347.946199756] [slam_toolbox]: Message Filter dropping message: frame 'os_lidar' at time 1754949347.769 for reason 'the timestamp on the message is earlier than all the data in the transform cache'
[INFO] [1754949348.046088402] [slam_toolbox]: Message Filter dropping message: frame 'os_lidar' at time 1754949347.869 for reason 'the timestamp on the message is earlier than all the data in the transform cache'
[INFO] [1754949348.146049287] [slam_toolbox]: Message Filter dropping message: frame 'os_lidar' at time 1754949347.969 for reason 'the timestamp on the message is earlier than all the data in the transform cache'
[INFO] [1754949348.246054762] [slam_toolbox]: Message Filter dropping message: frame 'os_lidar' at time 1754949348.069 for reason 'the timestamp on the message is earlier than all the data in the transform cache'
[INFO] [1754949348.346060767] [slam_toolbox]: Message Filter dropping message: frame 'os_lidar' at time 1754949348.169 for reason 'the timestamp on the message is earlier than all the data in the transform cache'
[INFO] [1754949348.445667475] [slam_toolbox]: Message Filter dropping message: frame 'os_lidar' at time 1754949348.269 for reason 'the timestamp on the message is earlier than all the data in the transform cache'
[INFO] [1754949348.546331195] [slam_toolbox]: Message Filter dropping message: frame 'os_lidar' at time 1754949348.369 for reason 'the timestamp on the message is earlier than all the data in the transform cache'
[INFO] [1754949348.646123012] [slam_toolbox]: Message Filter dropping message: frame 'os_lidar' at time 1754949348.469 for reason 'the timestamp on the message is earlier than all the data in the transform cache'
[INFO] [1754949348.746650683] [slam_toolbox]: Message Filter dropping message: frame 'os_lidar' at time 1754949348.569 for reason 'the timestamp on the message is earlier than all the data in the transform cache'
[INFO] [1754949348.947449308] [slam_toolbox]: Message Filter dropping message: frame 'os_lidar' at time 1754949348.769 for reason 'the timestamp on the message is earlier than all the data in the transform cache'
[INFO] [1754949349.047635711] [slam_toolbox]: Message Filter dropping message: frame 'os_lidar' at time 1754949348.869 for reason 'the timestamp on the message is earlier than all the data in the transform cache'
[INFO] [1754949349.146235905] [slam_toolbox]: Message Filter dropping message: frame 'os_lidar' at time 1754949348.969 for reason 'the timestamp on the message is earlier than all the data in the transform cache'
[INFO] [1754949349.246692347] [slam_toolbox]: Message Filter dropping message: frame 'os_lidar' at time 1754949349.069 for reason 'the timestamp on the message is earlier than all the data in the transform cache'
[INFO] [1754949349.346175025] [slam_toolbox]: Message Filter dropping message: frame 'os_lidar' at time 1754949349.169 for reason 'the timestamp on the message is earlier than all the data in the transform cache'
[INFO] [1754949349.445814172] [slam_toolbox]: Message Filter dropping message: frame 'os_lidar' at time 1754949349.269 for reason 'the timestamp on the message is earlier than all the data in the transform cache'
[INFO] [1754949349.545895407] [slam_toolbox]: Message Filter dropping message: frame 'os_lidar' at time 1754949349.369 for reason 'the timestamp on the message is earlier than all the data in the transform cache'
[INFO] [1754949349.645649813] [slam_toolbox]: Message Filter dropping message: frame 'os_lidar' at time 1754949349.469 for reason 'the timestamp on the message is earlier than all the data in the transform cache'
[INFO] [1754949349.746939340] [slam_toolbox]: Message Filter dropping message: frame 'os_lidar' at time 1754949349.569 for reason 'the timestamp on the message is earlier than all the data in the transform cache'
[INFO] [1754949349.846111910] [slam_toolbox]: Message Filter dropping message: frame 'os_lidar' at time 1754949349.669 for reason 'the timestamp on the message is earlier than all the data in the transform cache'
[INFO] [1754949349.945936606] [slam_toolbox]: Message Filter dropping message: frame 'os_lidar' at time 1754949349.769 for reason 'the timestamp on the message is earlier than all the data in the transform cache'
[INFO] [1754949350.046320408] [slam_toolbox]: Message Filter dropping message: frame 'os_lidar' at time 1754949349.869 for reason 'the timestamp on the message is earlier than all the data in the transform cache'
[INFO] [1754949350.148370520] [slam_toolbox]: Message Filter dropping message: frame 'os_lidar' at time 1754949349.969 for reason 'the timestamp on the message is earlier than all the data in the transform cache'
[INFO] [1754949350.346600750] [slam_toolbox]: Message Filter dropping message: frame 'os_lidar' at time 1754949350.169 for reason 'the timestamp on the message is earlier than all the data in the transform cache'
[INFO] [1754949350.445479012] [slam_toolbox]: Message Filter dropping message: frame 'os_lidar' at time 1754949350.269 for reason 'the timestamp on the message is earlier than all the data in the transform cache'
[INFO] [1754949350.546116083] [slam_toolbox]: Message Filter dropping message: frame 'os_lidar' at time 1754949350.369 for reason 'the timestamp on the message is earlier than all the data in the transform cache'
[INFO] [1754949350.646000478] [slam_toolbox]: Message Filter dropping message: frame 'os_lidar' at time 1754949350.469 for reason 'the timestamp on the message is earlier than all the data in the transform cache'
[INFO] [1754949350.746328291] [slam_toolbox]: Message Filter dropping message: frame 'os_lidar' at time 1754949350.569 for reason 'the timestamp on the message is earlier than all the data in the transform cache'
[INFO] [1754949350.846307295] [slam_toolbox]: Message Filter dropping message: frame 'os_lidar' at time 1754949350.669 for reason 'the timestamp on the message is earlier than all the data in the transform cache'
[INFO] [1754949350.945949623] [slam_toolbox]: Message Filter dropping message: frame 'os_lidar' at time 1754949350.769 for reason 'the timestamp on the message is earlier than all the data in the transform cache'
[INFO] [1754949351.046032427] [slam_toolbox]: Message Filter dropping message: frame 'os_lidar' at time 1754949350.869 for reason 'the timestamp on the message is earlier than all the data in the transform cache'
[INFO] [1754949351.147139144] [slam_toolbox]: Message Filter dropping message: frame 'os_lidar' at time 1754949350.969 for reason 'the timestamp on the message is earlier than all the data in the transform cache'
[INFO] [1754949351.248433661] [slam_toolbox]: Message Filter dropping message: frame 'os_lidar' at time 1754949351.069 for reason 'the timestamp on the message is earlier than all the data in the transform cache'
[INFO] [1754949351.346421078] [slam_toolbox]: Message Filter dropping message: frame 'os_lidar' at time 1754949351.169 for reason 'the timestamp on the message is earlier than all the data in the transform cache'
[INFO] [1754949351.445700117] [slam_toolbox]: Message Filter dropping message: frame 'os_lidar' at time 1754949351.269 for reason 'the timestamp on the message is earlier than all the data in the transform cache'
[INFO] [1754949351.546105359] [slam_toolbox]: Message Filter dropping message: frame 'os_lidar' at time 1754949351.369 for reason 'the timestamp on the message is earlier than all the data in the transform cache'
[INFO] [1754949351.646163133] [slam_toolbox]: Message Filter dropping message: frame 'os_lidar' at time 1754949351.469 for reason 'the timestamp on the message is earlier than all the data in the transform cache'
[INFO] [1754949351.746017969] [slam_toolbox]: Message Filter dropping message: frame 'os_lidar' at time 1754949351.569 for reason 'the timestamp on the message is earlier than all the data in the transform cache'
[INFO] [1754949351.846234182] [slam_toolbox]: Message Filter dropping message: frame 'os_lidar' at time 1754949351.669 for reason 'the timestamp on the message is earlier than all the data in the transform cache'
[INFO] [1754949351.946358806] [slam_toolbox]: Message Filter dropping message: frame 'os_lidar' at time 1754949351.769 for reason 'the timestamp on the message is earlier than all the data in the transform cache'
[INFO] [1754949352.046501539] [slam_toolbox]: Message Filter dropping message: frame 'os_lidar' at time 1754949351.869 for reason 'the timestamp on the message is earlier than all the data in the transform cache'
[INFO] [1754949352.146306085] [slam_toolbox]: Message Filter dropping message: frame 'os_lidar' at time 1754949351.969 for reason 'the timestamp on the message is earlier than all the data in the transform cache'
[INFO] [1754949352.247142145] [slam_toolbox]: Message Filter dropping message: frame 'os_lidar' at time 1754949352.069 for reason 'the timestamp on the message is earlier than all the data in the transform cache'
[INFO] [1754949352.345917887] [slam_toolbox]: Message Filter dropping message: frame 'os_lidar' at time 1754949352.169 for reason 'the timestamp on the message is earlier than all the data in the transform cache'
[INFO] [1754949352.446246209] [slam_toolbox]: Message Filter dropping message: frame 'os_lidar' at time 1754949352.269 for reason 'the timestamp on the message is earlier than all the data in the transform cache'
[INFO] [1754949352.546192054] [slam_toolbox]: Message Filter dropping message: frame 'os_lidar' at time 1754949352.369 for reason 'the timestamp on the message is earlier than all the data in the transform cache'
[INFO] [1754949352.646019949] [slam_toolbox]: Message Filter dropping message: frame 'os_lidar' at time 1754949352.469 for reason 'the timestamp on the message is earlier than all the data in the transform cache'
[INFO] [1754949352.747069637] [slam_toolbox]: Message Filter dropping message: frame 'os_lidar' at time 1754949352.569 for reason 'the timestamp on the message is earlier than all the data in the transform cache'
[INFO] [1754949352.846078338] [slam_toolbox]: Message Filter dropping message: frame 'os_lidar' at time 1754949352.669 for reason 'the timestamp on the message is earlier than all the data in the transform cache'
[INFO] [1754949352.946130462] [slam_toolbox]: Message Filter dropping message: frame 'os_lidar' at time 1754949352.769 for reason 'the timestamp on the message is earlier than all the data in the transform cache'
[INFO] [1754949353.046467684] [slam_toolbox]: Message Filter dropping message: frame 'os_lidar' at time 1754949352.869 for reason 'the timestamp on the message is earlier than all the data in the transform cache'
[INFO] [1754949353.147109005] [slam_toolbox]: Message Filter dropping message: frame 'os_lidar' at time 1754949352.969 for reason 'the timestamp on the message is earlier than all the data in the transform cache'
[INFO] [1754949353.246792001] [slam_toolbox]: Message Filter dropping message: frame 'os_lidar' at time 1754949353.069 for reason 'the timestamp on the message is earlier than all the data in the transform cache'
[INFO] [1754949353.346608867] [slam_toolbox]: Message Filter dropping message: frame 'os_lidar' at time 1754949353.169 for reason 'the timestamp on the message is earlier than all the data in the transform cache'
[INFO] [1754949353.445952795] [slam_toolbox]: Message Filter dropping message: frame 'os_lidar' at time 1754949353.269 for reason 'the timestamp on the message is earlier than all the data in the transform cache'
[INFO] [1754949353.548671652] [slam_toolbox]: Message Filter dropping message: frame 'os_lidar' at time 1754949353.369 for reason 'the timestamp on the message is earlier than all the data in the transform cache'
[INFO] [1754949353.646454771] [slam_toolbox]: Message Filter dropping message: frame 'os_lidar' at time 1754949353.469 for reason 'the timestamp on the message is earlier than all the data in the transform cache'
[INFO] [1754949353.746570654] [slam_toolbox]: Message Filter dropping message: frame 'os_lidar' at time 1754949353.569 for reason 'the timestamp on the message is earlier than all the data in the transform cache'
[INFO] [1754949353.846537749] [slam_toolbox]: Message Filter dropping message: frame 'os_lidar' at time 1754949353.669 for reason 'the timestamp on the message is earlier than all the data in the transform cache'
[INFO] [1754949353.946432864] [slam_toolbox]: Message Filter dropping message: frame 'os_lidar' at time 1754949353.769 for reason 'the timestamp on the message is earlier than all the data in the transform cache'
[INFO] [1754949354.046530078] [slam_toolbox]: Message Filter dropping message: frame 'os_lidar' at time 1754949353.869 for reason 'the timestamp on the message is earlier than all the data in the transform cache'
[INFO] [1754949354.146497152] [slam_toolbox]: Message Filter dropping message: frame 'os_lidar' at time 1754949353.969 for reason 'the timestamp on the message is earlier than all the data in the transform cache'
[INFO] [1754949354.246214608] [slam_toolbox]: Message Filter dropping message: frame 'os_lidar' at time 1754949354.069 for reason 'the timestamp on the message is earlier than all the data in the transform cache'
[INFO] [1754949354.346427561] [slam_toolbox]: Message Filter dropping message: frame 'os_lidar' at time 1754949354.169 for reason 'the timestamp on the message is earlier than all the data in the transform cache'
[INFO] [1754949354.446812493] [slam_toolbox]: Message Filter dropping message: frame 'os_lidar' at time 1754949354.269 for reason 'the timestamp on the message is earlier than all the data in the transform cache'
[INFO] [1754949354.546681388] [slam_toolbox]: Message Filter dropping message: frame 'os_lidar' at time 1754949354.369 for reason 'the timestamp on the message is earlier than all the data in the transform cache'
[INFO] [1754949354.746990055] [slam_toolbox]: Message Filter dropping message: frame 'os_lidar' at time 1754949354.569 for reason 'the timestamp on the message is earlier than all the data in the transform cache'
[INFO] [1754949354.847536016] [slam_toolbox]: Message Filter dropping message: frame 'os_lidar' at time 1754949354.669 for reason 'the timestamp on the message is earlier than all the data in the transform cache'
[INFO] [1754949354.948399144] [slam_toolbox]: Message Filter dropping message: frame 'os_lidar' at time 1754949354.769 for reason 'the timestamp on the message is earlier than all the data in the transform cache'
[INFO] [1754949355.046592830] [slam_toolbox]: Message Filter dropping message: frame 'os_lidar' at time 1754949354.869 for reason 'the timestamp on the message is earlier than all the data in the transform cache'
[INFO] [1754949355.148949849] [slam_toolbox]: Message Filter dropping message: frame 'os_lidar' at time 1754949354.969 for reason 'the timestamp on the message is earlier than all the data in the transform cache'
[INFO] [1754949355.246644488] [slam_toolbox]: Message Filter dropping message: frame 'os_lidar' at time 1754949355.069 for reason 'the timestamp on the message is earlier than all the data in the transform cache'
[INFO] [1754949355.345870027] [slam_toolbox]: Message Filter dropping message: frame 'os_lidar' at time 1754949355.169 for reason 'the timestamp on the message is earlier than all the data in the transform cache'
[INFO] [1754949355.445911711] [slam_toolbox]: Message Filter dropping message: frame 'os_lidar' at time 1754949355.269 for reason 'the timestamp on the message is earlier than all the data in the transform cache'
[INFO] [1754949355.546494991] [slam_toolbox]: Message Filter dropping message: frame 'os_lidar' at time 1754949355.369 for reason 'the timestamp on the message is earlier than all the data in the transform cache'
[INFO] [1754949355.646430616] [slam_toolbox]: Message Filter dropping message: frame 'os_lidar' at time 1754949355.469 for reason 'the timestamp on the message is earlier than all the data in the transform cache'
[INFO] [1754949355.746440280] [slam_toolbox]: Message Filter dropping message: frame 'os_lidar' at time 1754949355.569 for reason 'the timestamp on the message is earlier than all the data in the transform cache'
[INFO] [1754949355.846150566] [slam_toolbox]: Message Filter dropping message: frame 'os_lidar' at time 1754949355.669 for reason 'the timestamp on the message is earlier than all the data in the transform cache'
[INFO] [1754949355.946806346] [slam_toolbox]: Message Filter dropping message: frame 'os_lidar' at time 1754949355.769 for reason 'the timestamp on the message is earlier than all the data in the transform cache'
[INFO] [1754949356.047219718] [slam_toolbox]: Message Filter dropping message: frame 'os_lidar' at time 1754949355.869 for reason 'the timestamp on the message is earlier than all the data in the transform cache'
[INFO] [1754949356.146202398] [slam_toolbox]: Message Filter dropping message: frame 'os_lidar' at time 1754949355.969 for reason 'the timestamp on the message is earlier than all the data in the transform cache'
[INFO] [1754949356.247331285] [slam_toolbox]: Message Filter dropping message: frame 'os_lidar' at time 1754949356.069 for reason 'the timestamp on the message is earlier than all the data in the transform cache'
[INFO] [1754949356.348689330] [slam_toolbox]: Message Filter dropping message: frame 'os_lidar' at time 1754949356.169 for reason 'the timestamp on the message is earlier than all the data in the transform cache'
[INFO] [1754949356.446623138] [slam_toolbox]: Message Filter dropping message: frame 'os_lidar' at time 1754949356.269 for reason 'the timestamp on the message is earlier than all the data in the transform cache'
[INFO] [1754949356.546900090] [slam_toolbox]: Message Filter dropping message: frame 'os_lidar' at time 1754949356.369 for reason 'the timestamp on the message is earlier than all the data in the transform cache'
[INFO] [1754949356.646174518] [slam_toolbox]: Message Filter dropping message: frame 'os_lidar' at time 1754949356.469 for reason 'the timestamp on the message is earlier than all the data in the transform cache'
[INFO] [1754949356.746184783] [slam_toolbox]: Message Filter dropping message: frame 'os_lidar' at time 1754949356.569 for reason 'the timestamp on the message is earlier than all the data in the transform cache'
[INFO] [1754949356.845993178] [slam_toolbox]: Message Filter dropping message: frame 'os_lidar' at time 1754949356.669 for reason 'the timestamp on the message is earlier than all the data in the transform cache'
[INFO] [1754949356.945962752] [slam_toolbox]: Message Filter dropping message: frame 'os_lidar' at time 1754949356.769 for reason 'the timestamp on the message is earlier than all the data in the transform cache'
[INFO] [1754949357.046149795] [slam_toolbox]: Message Filter dropping message: frame 'os_lidar' at time 1754949356.869 for reason 'the timestamp on the message is earlier than all the data in the transform cache'
[INFO] [1754949357.145892461] [slam_toolbox]: Message Filter dropping message: frame 'os_lidar' at time 1754949356.969 for reason 'the timestamp on the message is earlier than all the data in the transform cache'
[INFO] [1754949357.246152463] [slam_toolbox]: Message Filter dropping message: frame 'os_lidar' at time 1754949357.069 for reason 'the timestamp on the message is earlier than all the data in the transform cache'
[INFO] [1754949357.346153657] [slam_toolbox]: Message Filter dropping message: frame 'os_lidar' at time 1754949357.169 for reason 'the timestamp on the message is earlier than all the data in the transform cache'
[INFO] [1754949357.447115515] [slam_toolbox]: Message Filter dropping message: frame 'os_lidar' at time 1754949357.269 for reason 'the timestamp on the message is earlier than all the data in the transform cache'
[INFO] [1754949357.546542692] [slam_toolbox]: Message Filter dropping message: frame 'os_lidar' at time 1754949357.370 for reason 'the timestamp on the message is earlier than all the data in the transform cache'
[INFO] [1754949357.646903464] [slam_toolbox]: Message Filter dropping message: frame 'os_lidar' at time 1754949357.469 for reason 'the timestamp on the message is earlier than all the data in the transform cache'
[INFO] [1754949357.746981887] [slam_toolbox]: Message Filter dropping message: frame 'os_lidar' at time 1754949357.569 for reason 'the timestamp on the message is earlier than all the data in the transform cache'
[INFO] [1754949357.847115100] [slam_toolbox]: Message Filter dropping message: frame 'os_lidar' at time 1754949357.669 for reason 'the timestamp on the message is earlier than all the data in the transform cache'
[INFO] [1754949357.946784346] [slam_toolbox]: Message Filter dropping message: frame 'os_lidar' at time 1754949357.769 for reason 'the timestamp on the message is earlier than all the data in the transform cache'
[INFO] [1754949358.047057008] [slam_toolbox]: Message Filter dropping message: frame 'os_lidar' at time 1754949357.869 for reason 'the timestamp on the message is earlier than all the data in the transform cache'
[INFO] [1754949358.146191858] [slam_toolbox]: Message Filter dropping message: frame 'os_lidar' at time 1754949357.969 for reason 'the timestamp on the message is earlier than all the data in the transform cache'
[INFO] [1754949358.246935057] [slam_toolbox]: Message Filter dropping message: frame 'os_lidar' at time 1754949358.069 for reason 'the timestamp on the message is earlier than all the data in the transform cache'
[INFO] [1754949358.346179196] [slam_toolbox]: Message Filter dropping message: frame 'os_lidar' at time 1754949358.169 for reason 'the timestamp on the message is earlier than all the data in the transform cache'
[INFO] [1754949358.446800716] [slam_toolbox]: Message Filter dropping message: frame 'os_lidar' at time 1754949358.269 for reason 'the timestamp on the message is earlier than all the data in the transform cache'
[INFO] [1754949358.648183914] [slam_toolbox]: Message Filter dropping message: frame 'os_lidar' at time 1754949358.469 for reason 'the timestamp on the message is earlier than all the data in the transform cache'
[INFO] [1754949358.749302301] [slam_toolbox]: Message Filter dropping message: frame 'os_lidar' at time 1754949358.569 for reason 'the timestamp on the message is earlier than all the data in the transform cache'
[INFO] [1754949358.846159475] [slam_toolbox]: Message Filter dropping message: frame 'os_lidar' at time 1754949358.669 for reason 'the timestamp on the message is earlier than all the data in the transform cache'
[INFO] [1754949358.946532986] [slam_toolbox]: Message Filter dropping message: frame 'os_lidar' at time 1754949358.769 for reason 'the timestamp on the message is earlier than all the data in the transform cache'
[INFO] [1754949359.046570760] [slam_toolbox]: Message Filter dropping message: frame 'os_lidar' at time 1754949358.869 for reason 'the timestamp on the message is earlier than all the data in the transform cache'
[INFO] [1754949359.146342655] [slam_toolbox]: Message Filter dropping message: frame 'os_lidar' at time 1754949358.969 for reason 'the timestamp on the message is earlier than all the data in the transform cache'
[INFO] [1754949359.248276727] [slam_toolbox]: Message Filter dropping message: frame 'os_lidar' at time 1754949359.069 for reason 'the timestamp on the message is earlier than all the data in the transform cache'
[INFO] [1754949359.346367133] [slam_toolbox]: Message Filter dropping message: frame 'os_lidar' at time 1754949359.169 for reason 'the timestamp on the message is earlier than all the data in the transform cache'
[INFO] [1754949359.447541579] [slam_toolbox]: Message Filter dropping message: frame 'os_lidar' at time 1754949359.269 for reason 'the timestamp on the message is earlier than all the data in the transform cache'
[INFO] [1754949359.549324621] [slam_toolbox]: Message Filter dropping message: frame 'os_lidar' at time 1754949359.369 for reason 'the timestamp on the message is earlier than all the data in the transform cache'
[INFO] [1754949359.646651242] [slam_toolbox]: Message Filter dropping message: frame 'os_lidar' at time 1754949359.469 for reason 'the timestamp on the message is earlier than all the data in the transform cache'
[INFO] [1754949359.747729089] [slam_toolbox]: Message Filter dropping message: frame 'os_lidar' at time 1754949359.569 for reason 'the timestamp on the message is earlier than all the data in the transform cache'
[INFO] [1754949359.846562400] [slam_toolbox]: Message Filter dropping message: frame 'os_lidar' at time 1754949359.669 for reason 'the timestamp on the message is earlier than all the data in the transform cache'
[INFO] [1754949359.946228496] [slam_toolbox]: Message Filter dropping message: frame 'os_lidar' at time 1754949359.769 for reason 'the timestamp on the message is earlier than all the data in the transform cache'
[INFO] [1754949360.046431408] [slam_toolbox]: Message Filter dropping message: frame 'os_lidar' at time 1754949359.869 for reason 'the timestamp on the message is earlier than all the data in the transform cache'
[INFO] [1754949360.146389732] [slam_toolbox]: Message Filter dropping message: frame 'os_lidar' at time 1754949359.969 for reason 'the timestamp on the message is earlier than all the data in the transform cache'
[INFO] [1754949360.245981699] [slam_toolbox]: Message Filter dropping message: frame 'os_lidar' at time 1754949360.069 for reason 'the timestamp on the message is earlier than all the data in the transform cache'
[INFO] [1754949360.346274150] [slam_toolbox]: Message Filter dropping message: frame 'os_lidar' at time 1754949360.169 for reason 'the timestamp on the message is earlier than all the data in the transform cache'
[INFO] [1754949360.446513202] [slam_toolbox]: Message Filter dropping message: frame 'os_lidar' at time 1754949360.269 for reason 'the timestamp on the message is earlier than all the data in the transform cache'
[INFO] [1754949360.546779774] [slam_toolbox]: Message Filter dropping message: frame 'os_lidar' at time 1754949360.369 for reason 'the timestamp on the message is earlier than all the data in the transform cache'
[INFO] [1754949360.648492477] [slam_toolbox]: Message Filter dropping message: frame 'os_lidar' at time 1754949360.469 for reason 'the timestamp on the message is earlier than all the data in the transform cache'
[INFO] [1754949360.747141449] [slam_toolbox]: Message Filter dropping message: frame 'os_lidar' at time 1754949360.569 for reason 'the timestamp on the message is earlier than all the data in the transform cache'
[INFO] [1754949360.846378078] [slam_toolbox]: Message Filter dropping message: frame 'os_lidar' at time 1754949360.669 for reason 'the timestamp on the message is earlier than all the data in the transform cache'
[INFO] [1754949360.946766309] [slam_toolbox]: Message Filter dropping message: frame 'os_lidar' at time 1754949360.770 for reason 'the timestamp on the message is earlier than all the data in the transform cache'
[INFO] [1754949361.047877345] [slam_toolbox]: Message Filter dropping message: frame 'os_lidar' at time 1754949360.869 for reason 'the timestamp on the message is earlier than all the data in the transform cache'
[INFO] [1754949361.146647337] [slam_toolbox]: Message Filter dropping message: frame 'os_lidar' at time 1754949360.969 for reason 'the timestamp on the message is earlier than all the data in the transform cache'
[INFO] [1754949361.249301423] [slam_toolbox]: Message Filter dropping message: frame 'os_lidar' at time 1754949361.069 for reason 'the timestamp on the message is earlier than all the data in the transform cache'
[INFO] [1754949361.346975272] [slam_toolbox]: Message Filter dropping message: frame 'os_lidar' at time 1754949361.169 for reason 'the timestamp on the message is earlier than all the data in the transform cache'
[INFO] [1754949361.446747027] [slam_toolbox]: Message Filter dropping message: frame 'os_lidar' at time 1754949361.269 for reason 'the timestamp on the message is earlier than all the data in the transform cache'
[INFO] [1754949361.546585701] [slam_toolbox]: Message Filter dropping message: frame 'os_lidar' at time 1754949361.369 for reason 'the timestamp on the message is earlier than all the data in the transform cache'
[INFO] [1754949361.650036763] [slam_toolbox]: Message Filter dropping message: frame 'os_lidar' at time 1754949361.469 for reason 'the timestamp on the message is earlier than all the data in the transform cache'
[INFO] [1754949361.747338243] [slam_toolbox]: Message Filter dropping message: frame 'os_lidar' at time 1754949361.569 for reason 'the timestamp on the message is earlier than all the data in the transform cache'
[INFO] [1754949361.846630862] [slam_toolbox]: Message Filter dropping message: frame 'os_lidar' at time 1754949361.669 for reason 'the timestamp on the message is earlier than all the data in the transform cache'
[INFO] [1754949361.946619525] [slam_toolbox]: Message Filter dropping message: frame 'os_lidar' at time 1754949361.769 for reason 'the timestamp on the message is earlier than all the data in the transform cache'
[INFO] [1754949362.046401610] [slam_toolbox]: Message Filter dropping message: frame 'os_lidar' at time 1754949361.869 for reason 'the timestamp on the message is earlier than all the data in the transform cache'
[INFO] [1754949362.146587122] [slam_toolbox]: Message Filter dropping message: frame 'os_lidar' at time 1754949361.969 for reason 'the timestamp on the message is earlier than all the data in the transform cache'
[INFO] [1754949362.246833114] [slam_toolbox]: Message Filter dropping message: frame 'os_lidar' at time 1754949362.069 for reason 'the timestamp on the message is earlier than all the data in the transform cache'
[INFO] [1754949362.347076436] [slam_toolbox]: Message Filter dropping message: frame 'os_lidar' at time 1754949362.169 for reason 'the timestamp on the message is earlier than all the data in the transform cache'
[INFO] [1754949362.447082269] [slam_toolbox]: Message Filter dropping message: frame 'os_lidar' at time 1754949362.269 for reason 'the timestamp on the message is earlier than all the data in the transform cache'
[INFO] [1754949362.546555386] [slam_toolbox]: Message Filter dropping message: frame 'os_lidar' at time 1754949362.369 for reason 'the timestamp on the message is earlier than all the data in the transform cache'
[INFO] [1754949362.646500780] [slam_toolbox]: Message Filter dropping message: frame 'os_lidar' at time 1754949362.469 for reason 'the timestamp on the message is earlier than all the data in the transform cache'
[INFO] [1754949362.747099009] [slam_toolbox]: Message Filter dropping message: frame 'os_lidar' at time 1754949362.569 for reason 'the timestamp on the message is earlier than all the data in the transform cache'
[INFO] [1754949362.846490077] [slam_toolbox]: Message Filter dropping message: frame 'os_lidar' at time 1754949362.669 for reason 'the timestamp on the message is earlier than all the data in the transform cache'
[INFO] [1754949362.947215596] [slam_toolbox]: Message Filter dropping message: frame 'os_lidar' at time 1754949362.769 for reason 'the timestamp on the message is earlier than all the data in the transform cache'
[INFO] [1754949363.047033220] [slam_toolbox]: Message Filter dropping message: frame 'os_lidar' at time 1754949362.869 for reason 'the timestamp on the message is earlier than all the data in the transform cache'
[INFO] [1754949363.246634039] [slam_toolbox]: Message Filter dropping message: frame 'os_lidar' at time 1754949363.069 for reason 'the timestamp on the message is earlier than all the data in the transform cache'
[INFO] [1754949363.346899351] [slam_toolbox]: Message Filter dropping message: frame 'os_lidar' at time 1754949363.169 for reason 'the timestamp on the message is earlier than all the data in the transform cache'
[INFO] [1754949363.446384397] [slam_toolbox]: Message Filter dropping message: frame 'os_lidar' at time 1754949363.269 for reason 'the timestamp on the message is earlier than all the data in the transform cache'
[INFO] [1754949363.546214892] [slam_toolbox]: Message Filter dropping message: frame 'os_lidar' at time 1754949363.369 for reason 'the timestamp on the message is earlier than all the data in the transform cache'
[INFO] [1754949363.645914007] [slam_toolbox]: Message Filter dropping message: frame 'os_lidar' at time 1754949363.469 for reason 'the timestamp on the message is earlier than all the data in the transform cache'
[INFO] [1754949363.746787065] [slam_toolbox]: Message Filter dropping message: frame 'os_lidar' at time 1754949363.569 for reason 'the timestamp on the message is earlier than all the data in the transform cache'
[INFO] [1754949363.846984457] [slam_toolbox]: Message Filter dropping message: frame 'os_lidar' at time 1754949363.669 for reason 'the timestamp on the message is earlier than all the data in the transform cache'
[INFO] [1754949363.946789731] [slam_toolbox]: Message Filter dropping message: frame 'os_lidar' at time 1754949363.769 for reason 'the timestamp on the message is earlier than all the data in the transform cache'
[INFO] [1754949364.048743882] [slam_toolbox]: Message Filter dropping message: frame 'os_lidar' at time 1754949363.869 for reason 'the timestamp on the message is earlier than all the data in the transform cache'
[INFO] [1754949364.146834167] [slam_toolbox]: Message Filter dropping message: frame 'os_lidar' at time 1754949363.969 for reason 'the timestamp on the message is earlier than all the data in the transform cache'
[INFO] [1754949364.249627133] [slam_toolbox]: Message Filter dropping message: frame 'os_lidar' at time 1754949364.069 for reason 'the timestamp on the message is earlier than all the data in the transform cache'
[INFO] [1754949364.345978239] [slam_toolbox]: Message Filter dropping message: frame 'os_lidar' at time 1754949364.169 for reason 'the timestamp on the message is earlier than all the data in the transform cache'
[INFO] [1754949364.446695398] [slam_toolbox]: Message Filter dropping message: frame 'os_lidar' at time 1754949364.269 for reason 'the timestamp on the message is earlier than all the data in the transform cache'
[INFO] [1754949364.546230314] [slam_toolbox]: Message Filter dropping message: frame 'os_lidar' at time 1754949364.369 for reason 'the timestamp on the message is earlier than all the data in the transform cache'
[INFO] [1754949364.645921730] [slam_toolbox]: Message Filter dropping message: frame 'os_lidar' at time 1754949364.469 for reason 'the timestamp on the message is earlier than all the data in the transform cache'
[INFO] [1754949364.746347260] [slam_toolbox]: Message Filter dropping message: frame 'os_lidar' at time 1754949364.569 for reason 'the timestamp on the message is earlier than all the data in the transform cache'
[INFO] [1754949364.846144424] [slam_toolbox]: Message Filter dropping message: frame 'os_lidar' at time 1754949364.669 for reason 'the timestamp on the message is earlier than all the data in the transform cache'
[INFO] [1754949364.946005169] [slam_toolbox]: Message Filter dropping message: frame 'os_lidar' at time 1754949364.769 for reason 'the timestamp on the message is earlier than all the data in the transform cache'
[INFO] [1754949365.048058369] [slam_toolbox]: Message Filter dropping message: frame 'os_lidar' at time 1754949364.869 for reason 'the timestamp on the message is earlier than all the data in the transform cache'
[INFO] [1754949365.348102888] [slam_toolbox]: Message Filter dropping message: frame 'os_lidar' at time 1754949365.169 for reason 'the timestamp on the message is earlier than all the data in the transform cache'
[INFO] [1754949365.446166873] [slam_toolbox]: Message Filter dropping message: frame 'os_lidar' at time 1754949365.269 for reason 'the timestamp on the message is earlier than all the data in the transform cache'
[INFO] [1754949365.548228723] [slam_toolbox]: Message Filter dropping message: frame 'os_lidar' at time 1754949365.369 for reason 'the timestamp on the message is earlier than all the data in the transform cache'
[INFO] [1754949365.646167469] [slam_toolbox]: Message Filter dropping message: frame 'os_lidar' at time 1754949365.469 for reason 'the timestamp on the message is earlier than all the data in the transform cache'
[INFO] [1754949365.746204682] [slam_toolbox]: Message Filter dropping message: frame 'os_lidar' at time 1754949365.569 for reason 'the timestamp on the message is earlier than all the data in the transform cache'
[INFO] [1754949365.847366188] [slam_toolbox]: Message Filter dropping message: frame 'os_lidar' at time 1754949365.669 for reason 'the timestamp on the message is earlier than all the data in the transform cache'
[INFO] [1754949365.947062743] [slam_toolbox]: Message Filter dropping message: frame 'os_lidar' at time 1754949365.769 for reason 'the timestamp on the message is earlier than all the data in the transform cache'
[INFO] [1754949366.097598904] [rclcpp]: signal_handler(signum=2)
