[INFO] [1754933996.068238017] [slam_toolbox]: Configuring
[INFO] [1754933996.072780882] [slam_toolbox]: Using solver plugin solver_plugins::CeresSolver
[INFO] [1754933996.081575109] [slam_toolbox]: Activating
[INFO] [1754933996.204422993] [slam_toolbox]: Message Filter dropping message: frame 'os_lidar' at time 1754933996.027 for reason 'the timestamp on the message is earlier than all the data in the transform cache'
[INFO] [1754933996.304529079] [slam_toolbox]: Message Filter dropping message: frame 'os_lidar' at time 1754933996.128 for reason 'the timestamp on the message is earlier than all the data in the transform cache'
[INFO] [1754933996.504271788] [slam_toolbox]: Message Filter dropping message: frame 'os_lidar' at time 1754933996.328 for reason 'the timestamp on the message is earlier than all the data in the transform cache'
[INFO] [1754933996.604892425] [slam_toolbox]: Message Filter dropping message: frame 'os_lidar' at time 1754933996.428 for reason 'the timestamp on the message is earlier than all the data in the transform cache'
[INFO] [1754933996.705769219] [slam_toolbox]: Message Filter dropping message: frame 'os_lidar' at time 1754933996.528 for reason 'the timestamp on the message is earlier than all the data in the transform cache'
[INFO] [1754933996.805100437] [slam_toolbox]: Message Filter dropping message: frame 'os_lidar' at time 1754933996.628 for reason 'the timestamp on the message is earlier than all the data in the transform cache'
[INFO] [1754933996.904983886] [slam_toolbox]: Message Filter dropping message: frame 'os_lidar' at time 1754933996.728 for reason 'the timestamp on the message is earlier than all the data in the transform cache'
[INFO] [1754933997.005003834] [slam_toolbox]: Message Filter dropping message: frame 'os_lidar' at time 1754933996.828 for reason 'the timestamp on the message is earlier than all the data in the transform cache'
[INFO] [1754933997.104873776] [slam_toolbox]: Message Filter dropping message: frame 'os_lidar' at time 1754933996.928 for reason 'the timestamp on the message is earlier than all the data in the transform cache'
[INFO] [1754933997.204605801] [slam_toolbox]: Message Filter dropping message: frame 'os_lidar' at time 1754933997.028 for reason 'the timestamp on the message is earlier than all the data in the transform cache'
[INFO] [1754933997.304512503] [slam_toolbox]: Message Filter dropping message: frame 'os_lidar' at time 1754933997.128 for reason 'the timestamp on the message is earlier than all the data in the transform cache'
[INFO] [1754933997.404262467] [slam_toolbox]: Message Filter dropping message: frame 'os_lidar' at time 1754933997.228 for reason 'the timestamp on the message is earlier than all the data in the transform cache'
[INFO] [1754933997.604203119] [slam_toolbox]: Message Filter dropping message: frame 'os_lidar' at time 1754933997.427 for reason 'the timestamp on the message is earlier than all the data in the transform cache'
[INFO] [1754933997.704575293] [slam_toolbox]: Message Filter dropping message: frame 'os_lidar' at time 1754933997.527 for reason 'the timestamp on the message is earlier than all the data in the transform cache'
[INFO] [1754933997.804372257] [slam_toolbox]: Message Filter dropping message: frame 'os_lidar' at time 1754933997.627 for reason 'the timestamp on the message is earlier than all the data in the transform cache'
[INFO] [1754933997.904242809] [slam_toolbox]: Message Filter dropping message: frame 'os_lidar' at time 1754933997.727 for reason 'the timestamp on the message is earlier than all the data in the transform cache'
[INFO] [1754933998.004267859] [slam_toolbox]: Message Filter dropping message: frame 'os_lidar' at time 1754933997.828 for reason 'the timestamp on the message is earlier than all the data in the transform cache'
[INFO] [1754933998.104614787] [slam_toolbox]: Message Filter dropping message: frame 'os_lidar' at time 1754933997.928 for reason 'the timestamp on the message is earlier than all the data in the transform cache'
[INFO] [1754933998.204286435] [slam_toolbox]: Message Filter dropping message: frame 'os_lidar' at time 1754933998.028 for reason 'the timestamp on the message is earlier than all the data in the transform cache'
[INFO] [1754933998.304756991] [slam_toolbox]: Message Filter dropping message: frame 'os_lidar' at time 1754933998.128 for reason 'the timestamp on the message is earlier than all the data in the transform cache'
[INFO] [1754933998.408520543] [slam_toolbox]: Message Filter dropping message: frame 'os_lidar' at time 1754933998.228 for reason 'the timestamp on the message is earlier than all the data in the transform cache'
[INFO] [1754933998.504486482] [slam_toolbox]: Message Filter dropping message: frame 'os_lidar' at time 1754933998.328 for reason 'the timestamp on the message is earlier than all the data in the transform cache'
[INFO] [1754933998.606246026] [slam_toolbox]: Message Filter dropping message: frame 'os_lidar' at time 1754933998.428 for reason 'the timestamp on the message is earlier than all the data in the transform cache'
[INFO] [1754933998.704408909] [slam_toolbox]: Message Filter dropping message: frame 'os_lidar' at time 1754933998.528 for reason 'the timestamp on the message is earlier than all the data in the transform cache'
[INFO] [1754933998.804243645] [slam_toolbox]: Message Filter dropping message: frame 'os_lidar' at time 1754933998.627 for reason 'the timestamp on the message is earlier than all the data in the transform cache'
[INFO] [1754933998.903772826] [slam_toolbox]: Message Filter dropping message: frame 'os_lidar' at time 1754933998.727 for reason 'the timestamp on the message is earlier than all the data in the transform cache'
[INFO] [1754933999.004077325] [slam_toolbox]: Message Filter dropping message: frame 'os_lidar' at time 1754933998.827 for reason 'the timestamp on the message is earlier than all the data in the transform cache'
[INFO] [1754933999.103681197] [slam_toolbox]: Message Filter dropping message: frame 'os_lidar' at time 1754933998.928 for reason 'the timestamp on the message is earlier than all the data in the transform cache'
[INFO] [1754933999.203753452] [slam_toolbox]: Message Filter dropping message: frame 'os_lidar' at time 1754933999.028 for reason 'the timestamp on the message is earlier than all the data in the transform cache'
[INFO] [1754933999.303990294] [slam_toolbox]: Message Filter dropping message: frame 'os_lidar' at time 1754933999.128 for reason 'the timestamp on the message is earlier than all the data in the transform cache'
[INFO] [1754933999.404433063] [slam_toolbox]: Message Filter dropping message: frame 'os_lidar' at time 1754933999.228 for reason 'the timestamp on the message is earlier than all the data in the transform cache'
[INFO] [1754933999.506560675] [slam_toolbox]: Message Filter dropping message: frame 'os_lidar' at time 1754933999.328 for reason 'the timestamp on the message is earlier than all the data in the transform cache'
[INFO] [1754933999.604386036] [slam_toolbox]: Message Filter dropping message: frame 'os_lidar' at time 1754933999.428 for reason 'the timestamp on the message is earlier than all the data in the transform cache'
[INFO] [1754933999.704369292] [slam_toolbox]: Message Filter dropping message: frame 'os_lidar' at time 1754933999.528 for reason 'the timestamp on the message is earlier than all the data in the transform cache'
[INFO] [1754933999.804539686] [slam_toolbox]: Message Filter dropping message: frame 'os_lidar' at time 1754933999.628 for reason 'the timestamp on the message is earlier than all the data in the transform cache'
[INFO] [1754933999.905753272] [slam_toolbox]: Message Filter dropping message: frame 'os_lidar' at time 1754933999.727 for reason 'the timestamp on the message is earlier than all the data in the transform cache'
[INFO] [1754934000.004199113] [slam_toolbox]: Message Filter dropping message: frame 'os_lidar' at time 1754933999.827 for reason 'the timestamp on the message is earlier than all the data in the transform cache'
[INFO] [1754934000.104237092] [slam_toolbox]: Message Filter dropping message: frame 'os_lidar' at time 1754933999.928 for reason 'the timestamp on the message is earlier than all the data in the transform cache'
[INFO] [1754934000.204250680] [slam_toolbox]: Message Filter dropping message: frame 'os_lidar' at time 1754934000.028 for reason 'the timestamp on the message is earlier than all the data in the transform cache'
[INFO] [1754934000.304230010] [slam_toolbox]: Message Filter dropping message: frame 'os_lidar' at time 1754934000.128 for reason 'the timestamp on the message is earlier than all the data in the transform cache'
[INFO] [1754934000.404219499] [slam_toolbox]: Message Filter dropping message: frame 'os_lidar' at time 1754934000.227 for reason 'the timestamp on the message is earlier than all the data in the transform cache'
[INFO] [1754934000.504157499] [slam_toolbox]: Message Filter dropping message: frame 'os_lidar' at time 1754934000.328 for reason 'the timestamp on the message is earlier than all the data in the transform cache'
[INFO] [1754934000.605872290] [slam_toolbox]: Message Filter dropping message: frame 'os_lidar' at time 1754934000.428 for reason 'the timestamp on the message is earlier than all the data in the transform cache'
[INFO] [1754934000.704075388] [slam_toolbox]: Message Filter dropping message: frame 'os_lidar' at time 1754934000.528 for reason 'the timestamp on the message is earlier than all the data in the transform cache'
[INFO] [1754934000.804139456] [slam_toolbox]: Message Filter dropping message: frame 'os_lidar' at time 1754934000.627 for reason 'the timestamp on the message is earlier than all the data in the transform cache'
[INFO] [1754934000.904358731] [slam_toolbox]: Message Filter dropping message: frame 'os_lidar' at time 1754934000.727 for reason 'the timestamp on the message is earlier than all the data in the transform cache'
[INFO] [1754934001.004263532] [slam_toolbox]: Message Filter dropping message: frame 'os_lidar' at time 1754934000.827 for reason 'the timestamp on the message is earlier than all the data in the transform cache'
[INFO] [1754934001.103921639] [slam_toolbox]: Message Filter dropping message: frame 'os_lidar' at time 1754934000.927 for reason 'the timestamp on the message is earlier than all the data in the transform cache'
[INFO] [1754934001.207815998] [slam_toolbox]: Message Filter dropping message: frame 'os_lidar' at time 1754934001.027 for reason 'the timestamp on the message is earlier than all the data in the transform cache'
[INFO] [1754934001.306273545] [slam_toolbox]: Message Filter dropping message: frame 'os_lidar' at time 1754934001.128 for reason 'the timestamp on the message is earlier than all the data in the transform cache'
[INFO] [1754934001.404636843] [slam_toolbox]: Message Filter dropping message: frame 'os_lidar' at time 1754934001.227 for reason 'the timestamp on the message is earlier than all the data in the transform cache'
[INFO] [1754934001.504126883] [slam_toolbox]: Message Filter dropping message: frame 'os_lidar' at time 1754934001.328 for reason 'the timestamp on the message is earlier than all the data in the transform cache'
[INFO] [1754934001.604952401] [slam_toolbox]: Message Filter dropping message: frame 'os_lidar' at time 1754934001.428 for reason 'the timestamp on the message is earlier than all the data in the transform cache'
[INFO] [1754934001.704006909] [slam_toolbox]: Message Filter dropping message: frame 'os_lidar' at time 1754934001.528 for reason 'the timestamp on the message is earlier than all the data in the transform cache'
[INFO] [1754934001.803826794] [slam_toolbox]: Message Filter dropping message: frame 'os_lidar' at time 1754934001.627 for reason 'the timestamp on the message is earlier than all the data in the transform cache'
[INFO] [1754934001.904523804] [slam_toolbox]: Message Filter dropping message: frame 'os_lidar' at time 1754934001.728 for reason 'the timestamp on the message is earlier than all the data in the transform cache'
[INFO] [1754934002.004482666] [slam_toolbox]: Message Filter dropping message: frame 'os_lidar' at time 1754934001.828 for reason 'the timestamp on the message is earlier than all the data in the transform cache'
[INFO] [1754934002.104432452] [slam_toolbox]: Message Filter dropping message: frame 'os_lidar' at time 1754934001.928 for reason 'the timestamp on the message is earlier than all the data in the transform cache'
[INFO] [1754934002.204511495] [slam_toolbox]: Message Filter dropping message: frame 'os_lidar' at time 1754934002.028 for reason 'the timestamp on the message is earlier than all the data in the transform cache'
[INFO] [1754934002.304039428] [slam_toolbox]: Message Filter dropping message: frame 'os_lidar' at time 1754934002.128 for reason 'the timestamp on the message is earlier than all the data in the transform cache'
[INFO] [1754934002.404227899] [slam_toolbox]: Message Filter dropping message: frame 'os_lidar' at time 1754934002.227 for reason 'the timestamp on the message is earlier than all the data in the transform cache'
[INFO] [1754934002.504611978] [slam_toolbox]: Message Filter dropping message: frame 'os_lidar' at time 1754934002.328 for reason 'the timestamp on the message is earlier than all the data in the transform cache'
[INFO] [1754934002.604939137] [slam_toolbox]: Message Filter dropping message: frame 'os_lidar' at time 1754934002.427 for reason 'the timestamp on the message is earlier than all the data in the transform cache'
[INFO] [1754934002.704562898] [slam_toolbox]: Message Filter dropping message: frame 'os_lidar' at time 1754934002.527 for reason 'the timestamp on the message is earlier than all the data in the transform cache'
[INFO] [1754934002.804775119] [slam_toolbox]: Message Filter dropping message: frame 'os_lidar' at time 1754934002.627 for reason 'the timestamp on the message is earlier than all the data in the transform cache'
[INFO] [1754934002.904349221] [slam_toolbox]: Message Filter dropping message: frame 'os_lidar' at time 1754934002.727 for reason 'the timestamp on the message is earlier than all the data in the transform cache'
[INFO] [1754934003.004511953] [slam_toolbox]: Message Filter dropping message: frame 'os_lidar' at time 1754934002.827 for reason 'the timestamp on the message is earlier than all the data in the transform cache'
[INFO] [1754934003.103752452] [slam_toolbox]: Message Filter dropping message: frame 'os_lidar' at time 1754934002.927 for reason 'the timestamp on the message is earlier than all the data in the transform cache'
[INFO] [1754934003.204522187] [slam_toolbox]: Message Filter dropping message: frame 'os_lidar' at time 1754934003.027 for reason 'the timestamp on the message is earlier than all the data in the transform cache'
[INFO] [1754934003.304500785] [slam_toolbox]: Message Filter dropping message: frame 'os_lidar' at time 1754934003.127 for reason 'the timestamp on the message is earlier than all the data in the transform cache'
[INFO] [1754934003.404283886] [slam_toolbox]: Message Filter dropping message: frame 'os_lidar' at time 1754934003.228 for reason 'the timestamp on the message is earlier than all the data in the transform cache'
[INFO] [1754934003.504223735] [slam_toolbox]: Message Filter dropping message: frame 'os_lidar' at time 1754934003.328 for reason 'the timestamp on the message is earlier than all the data in the transform cache'
[INFO] [1754934003.604471068] [slam_toolbox]: Message Filter dropping message: frame 'os_lidar' at time 1754934003.427 for reason 'the timestamp on the message is earlier than all the data in the transform cache'
[INFO] [1754934003.704305938] [slam_toolbox]: Message Filter dropping message: frame 'os_lidar' at time 1754934003.527 for reason 'the timestamp on the message is earlier than all the data in the transform cache'
[INFO] [1754934003.804381525] [slam_toolbox]: Message Filter dropping message: frame 'os_lidar' at time 1754934003.627 for reason 'the timestamp on the message is earlier than all the data in the transform cache'
[INFO] [1754934003.904412902] [slam_toolbox]: Message Filter dropping message: frame 'os_lidar' at time 1754934003.727 for reason 'the timestamp on the message is earlier than all the data in the transform cache'
[INFO] [1754934004.003742830] [slam_toolbox]: Message Filter dropping message: frame 'os_lidar' at time 1754934003.827 for reason 'the timestamp on the message is earlier than all the data in the transform cache'
[INFO] [1754934004.104342731] [slam_toolbox]: Message Filter dropping message: frame 'os_lidar' at time 1754934003.927 for reason 'the timestamp on the message is earlier than all the data in the transform cache'
[INFO] [1754934004.204144064] [slam_toolbox]: Message Filter dropping message: frame 'os_lidar' at time 1754934004.027 for reason 'the timestamp on the message is earlier than all the data in the transform cache'
[INFO] [1754934004.303688572] [slam_toolbox]: Message Filter dropping message: frame 'os_lidar' at time 1754934004.127 for reason 'the timestamp on the message is earlier than all the data in the transform cache'
[INFO] [1754934004.405071770] [slam_toolbox]: Message Filter dropping message: frame 'os_lidar' at time 1754934004.227 for reason 'the timestamp on the message is earlier than all the data in the transform cache'
[INFO] [1754934004.504175785] [slam_toolbox]: Message Filter dropping message: frame 'os_lidar' at time 1754934004.327 for reason 'the timestamp on the message is earlier than all the data in the transform cache'
[INFO] [1754934004.604243484] [slam_toolbox]: Message Filter dropping message: frame 'os_lidar' at time 1754934004.427 for reason 'the timestamp on the message is earlier than all the data in the transform cache'
[INFO] [1754934004.704239205] [slam_toolbox]: Message Filter dropping message: frame 'os_lidar' at time 1754934004.528 for reason 'the timestamp on the message is earlier than all the data in the transform cache'
[INFO] [1754934004.804469121] [slam_toolbox]: Message Filter dropping message: frame 'os_lidar' at time 1754934004.628 for reason 'the timestamp on the message is earlier than all the data in the transform cache'
[INFO] [1754934004.904214396] [slam_toolbox]: Message Filter dropping message: frame 'os_lidar' at time 1754934004.728 for reason 'the timestamp on the message is earlier than all the data in the transform cache'
[INFO] [1754934005.004379774] [slam_toolbox]: Message Filter dropping message: frame 'os_lidar' at time 1754934004.828 for reason 'the timestamp on the message is earlier than all the data in the transform cache'
[INFO] [1754934005.104103831] [slam_toolbox]: Message Filter dropping message: frame 'os_lidar' at time 1754934004.928 for reason 'the timestamp on the message is earlier than all the data in the transform cache'
[INFO] [1754934005.204322891] [slam_toolbox]: Message Filter dropping message: frame 'os_lidar' at time 1754934005.027 for reason 'the timestamp on the message is earlier than all the data in the transform cache'
[INFO] [1754934005.304641029] [slam_toolbox]: Message Filter dropping message: frame 'os_lidar' at time 1754934005.128 for reason 'the timestamp on the message is earlier than all the data in the transform cache'
[INFO] [1754934005.404491935] [slam_toolbox]: Message Filter dropping message: frame 'os_lidar' at time 1754934005.228 for reason 'the timestamp on the message is earlier than all the data in the transform cache'
[INFO] [1754934005.504400519] [slam_toolbox]: Message Filter dropping message: frame 'os_lidar' at time 1754934005.328 for reason 'the timestamp on the message is earlier than all the data in the transform cache'
[INFO] [1754934005.604363883] [slam_toolbox]: Message Filter dropping message: frame 'os_lidar' at time 1754934005.428 for reason 'the timestamp on the message is earlier than all the data in the transform cache'
[INFO] [1754934005.706535851] [slam_toolbox]: Message Filter dropping message: frame 'os_lidar' at time 1754934005.528 for reason 'the timestamp on the message is earlier than all the data in the transform cache'
[INFO] [1754934005.805112727] [slam_toolbox]: Message Filter dropping message: frame 'os_lidar' at time 1754934005.628 for reason 'the timestamp on the message is earlier than all the data in the transform cache'
[INFO] [1754934005.904529020] [slam_toolbox]: Message Filter dropping message: frame 'os_lidar' at time 1754934005.727 for reason 'the timestamp on the message is earlier than all the data in the transform cache'
[INFO] [1754934006.004365856] [slam_toolbox]: Message Filter dropping message: frame 'os_lidar' at time 1754934005.827 for reason 'the timestamp on the message is earlier than all the data in the transform cache'
[INFO] [1754934006.104299753] [slam_toolbox]: Message Filter dropping message: frame 'os_lidar' at time 1754934005.927 for reason 'the timestamp on the message is earlier than all the data in the transform cache'
[INFO] [1754934006.304412813] [slam_toolbox]: Message Filter dropping message: frame 'os_lidar' at time 1754934006.128 for reason 'the timestamp on the message is earlier than all the data in the transform cache'
[INFO] [1754934006.404081074] [slam_toolbox]: Message Filter dropping message: frame 'os_lidar' at time 1754934006.228 for reason 'the timestamp on the message is earlier than all the data in the transform cache'
[INFO] [1754934006.504201038] [slam_toolbox]: Message Filter dropping message: frame 'os_lidar' at time 1754934006.328 for reason 'the timestamp on the message is earlier than all the data in the transform cache'
[INFO] [1754934006.604085636] [slam_toolbox]: Message Filter dropping message: frame 'os_lidar' at time 1754934006.428 for reason 'the timestamp on the message is earlier than all the data in the transform cache'
[INFO] [1754934006.704098272] [slam_toolbox]: Message Filter dropping message: frame 'os_lidar' at time 1754934006.528 for reason 'the timestamp on the message is earlier than all the data in the transform cache'
[INFO] [1754934006.803853282] [slam_toolbox]: Message Filter dropping message: frame 'os_lidar' at time 1754934006.628 for reason 'the timestamp on the message is earlier than all the data in the transform cache'
[INFO] [1754934006.904930071] [slam_toolbox]: Message Filter dropping message: frame 'os_lidar' at time 1754934006.728 for reason 'the timestamp on the message is earlier than all the data in the transform cache'
[INFO] [1754934007.104149539] [slam_toolbox]: Message Filter dropping message: frame 'os_lidar' at time 1754934006.927 for reason 'the timestamp on the message is earlier than all the data in the transform cache'
[INFO] [1754934007.204254066] [slam_toolbox]: Message Filter dropping message: frame 'os_lidar' at time 1754934007.027 for reason 'the timestamp on the message is earlier than all the data in the transform cache'
[INFO] [1754934007.304325593] [slam_toolbox]: Message Filter dropping message: frame 'os_lidar' at time 1754934007.128 for reason 'the timestamp on the message is earlier than all the data in the transform cache'
[INFO] [1754934007.405034431] [slam_toolbox]: Message Filter dropping message: frame 'os_lidar' at time 1754934007.228 for reason 'the timestamp on the message is earlier than all the data in the transform cache'
[INFO] [1754934007.507263514] [slam_toolbox]: Message Filter dropping message: frame 'os_lidar' at time 1754934007.328 for reason 'the timestamp on the message is earlier than all the data in the transform cache'
[INFO] [1754934007.604629685] [slam_toolbox]: Message Filter dropping message: frame 'os_lidar' at time 1754934007.428 for reason 'the timestamp on the message is earlier than all the data in the transform cache'
[INFO] [1754934007.704908819] [slam_toolbox]: Message Filter dropping message: frame 'os_lidar' at time 1754934007.528 for reason 'the timestamp on the message is earlier than all the data in the transform cache'
[INFO] [1754934007.904501764] [slam_toolbox]: Message Filter dropping message: frame 'os_lidar' at time 1754934007.728 for reason 'the timestamp on the message is earlier than all the data in the transform cache'
[INFO] [1754934008.205480410] [slam_toolbox]: Message Filter dropping message: frame 'os_lidar' at time 1754934008.028 for reason 'the timestamp on the message is earlier than all the data in the transform cache'
[INFO] [1754934008.404829104] [slam_toolbox]: Message Filter dropping message: frame 'os_lidar' at time 1754934008.228 for reason 'the timestamp on the message is earlier than all the data in the transform cache'
[INFO] [1754934008.504516750] [slam_toolbox]: Message Filter dropping message: frame 'os_lidar' at time 1754934008.328 for reason 'the timestamp on the message is earlier than all the data in the transform cache'
[INFO] [1754934008.603983131] [slam_toolbox]: Message Filter dropping message: frame 'os_lidar' at time 1754934008.428 for reason 'the timestamp on the message is earlier than all the data in the transform cache'
[INFO] [1754934008.704424805] [slam_toolbox]: Message Filter dropping message: frame 'os_lidar' at time 1754934008.528 for reason 'the timestamp on the message is earlier than all the data in the transform cache'
[INFO] [1754934008.804197310] [slam_toolbox]: Message Filter dropping message: frame 'os_lidar' at time 1754934008.628 for reason 'the timestamp on the message is earlier than all the data in the transform cache'
[INFO] [1754934008.904455728] [slam_toolbox]: Message Filter dropping message: frame 'os_lidar' at time 1754934008.728 for reason 'the timestamp on the message is earlier than all the data in the transform cache'
[INFO] [1754934009.004705366] [slam_toolbox]: Message Filter dropping message: frame 'os_lidar' at time 1754934008.828 for reason 'the timestamp on the message is earlier than all the data in the transform cache'
[INFO] [1754934009.104340146] [slam_toolbox]: Message Filter dropping message: frame 'os_lidar' at time 1754934008.928 for reason 'the timestamp on the message is earlier than all the data in the transform cache'
[INFO] [1754934009.204185603] [slam_toolbox]: Message Filter dropping message: frame 'os_lidar' at time 1754934009.028 for reason 'the timestamp on the message is earlier than all the data in the transform cache'
[INFO] [1754934009.304530552] [slam_toolbox]: Message Filter dropping message: frame 'os_lidar' at time 1754934009.128 for reason 'the timestamp on the message is earlier than all the data in the transform cache'
[INFO] [1754934009.404592675] [slam_toolbox]: Message Filter dropping message: frame 'os_lidar' at time 1754934009.228 for reason 'the timestamp on the message is earlier than all the data in the transform cache'
[INFO] [1754934009.504658319] [slam_toolbox]: Message Filter dropping message: frame 'os_lidar' at time 1754934009.328 for reason 'the timestamp on the message is earlier than all the data in the transform cache'
[INFO] [1754934009.604178391] [slam_toolbox]: Message Filter dropping message: frame 'os_lidar' at time 1754934009.428 for reason 'the timestamp on the message is earlier than all the data in the transform cache'
[INFO] [1754934009.704592169] [slam_toolbox]: Message Filter dropping message: frame 'os_lidar' at time 1754934009.528 for reason 'the timestamp on the message is earlier than all the data in the transform cache'
[INFO] [1754934009.804506105] [slam_toolbox]: Message Filter dropping message: frame 'os_lidar' at time 1754934009.628 for reason 'the timestamp on the message is earlier than all the data in the transform cache'
[INFO] [1754934009.904279633] [slam_toolbox]: Message Filter dropping message: frame 'os_lidar' at time 1754934009.728 for reason 'the timestamp on the message is earlier than all the data in the transform cache'
[INFO] [1754934010.004839848] [slam_toolbox]: Message Filter dropping message: frame 'os_lidar' at time 1754934009.828 for reason 'the timestamp on the message is earlier than all the data in the transform cache'
[INFO] [1754934010.204557057] [slam_toolbox]: Message Filter dropping message: frame 'os_lidar' at time 1754934010.028 for reason 'the timestamp on the message is earlier than all the data in the transform cache'
[INFO] [1754934010.304309428] [slam_toolbox]: Message Filter dropping message: frame 'os_lidar' at time 1754934010.128 for reason 'the timestamp on the message is earlier than all the data in the transform cache'
[INFO] [1754934010.404825098] [slam_toolbox]: Message Filter dropping message: frame 'os_lidar' at time 1754934010.228 for reason 'the timestamp on the message is earlier than all the data in the transform cache'
[INFO] [1754934010.504533000] [slam_toolbox]: Message Filter dropping message: frame 'os_lidar' at time 1754934010.328 for reason 'the timestamp on the message is earlier than all the data in the transform cache'
[INFO] [1754934010.604772333] [slam_toolbox]: Message Filter dropping message: frame 'os_lidar' at time 1754934010.428 for reason 'the timestamp on the message is earlier than all the data in the transform cache'
[INFO] [1754934010.704813770] [slam_toolbox]: Message Filter dropping message: frame 'os_lidar' at time 1754934010.528 for reason 'the timestamp on the message is earlier than all the data in the transform cache'
[INFO] [1754934010.804752088] [slam_toolbox]: Message Filter dropping message: frame 'os_lidar' at time 1754934010.628 for reason 'the timestamp on the message is earlier than all the data in the transform cache'
[INFO] [1754934010.904882843] [slam_toolbox]: Message Filter dropping message: frame 'os_lidar' at time 1754934010.728 for reason 'the timestamp on the message is earlier than all the data in the transform cache'
[INFO] [1754934011.204872901] [slam_toolbox]: Message Filter dropping message: frame 'os_lidar' at time 1754934011.028 for reason 'the timestamp on the message is earlier than all the data in the transform cache'
[INFO] [1754934011.305025618] [slam_toolbox]: Message Filter dropping message: frame 'os_lidar' at time 1754934011.128 for reason 'the timestamp on the message is earlier than all the data in the transform cache'
[INFO] [1754934011.405062208] [slam_toolbox]: Message Filter dropping message: frame 'os_lidar' at time 1754934011.228 for reason 'the timestamp on the message is earlier than all the data in the transform cache'
[INFO] [1754934011.476976215] [rclcpp]: signal_handler(signum=2)
