[INFO] [1754691702.927380015] [slam_toolbox]: Configuring
[INFO] [1754691702.932046200] [slam_toolbox]: Using solver plugin solver_plugins::CeresSolver
[INFO] [1754691702.941601688] [slam_toolbox]: Activating
[INFO] [1754691703.037633403] [slam_toolbox]: Message Filter dropping message: frame 'os_lidar' at time 1754691702.861 for reason 'the timestamp on the message is earlier than all the data in the transform cache'
[INFO] [1754691703.137821747] [slam_toolbox]: Message Filter dropping message: frame 'os_lidar' at time 1754691702.961 for reason 'the timestamp on the message is earlier than all the data in the transform cache'
[INFO] [1754691703.237426876] [slam_toolbox]: Message Filter dropping message: frame 'os_lidar' at time 1754691703.061 for reason 'the timestamp on the message is earlier than all the data in the transform cache'
[INFO] [1754691703.341603920] [slam_toolbox]: Message Filter dropping message: frame 'os_lidar' at time 1754691703.161 for reason 'the timestamp on the message is earlier than all the data in the transform cache'
[INFO] [1754691703.537705070] [slam_toolbox]: Message Filter dropping message: frame 'os_lidar' at time 1754691703.361 for reason 'the timestamp on the message is earlier than all the data in the transform cache'
[INFO] [1754691703.737657642] [slam_toolbox]: Message Filter dropping message: frame 'os_lidar' at time 1754691703.561 for reason 'the timestamp on the message is earlier than all the data in the transform cache'
[INFO] [1754691703.839030737] [slam_toolbox]: Message Filter dropping message: frame 'os_lidar' at time 1754691703.661 for reason 'the timestamp on the message is earlier than all the data in the transform cache'
[INFO] [1754691703.937517534] [slam_toolbox]: Message Filter dropping message: frame 'os_lidar' at time 1754691703.761 for reason 'the timestamp on the message is earlier than all the data in the transform cache'
[INFO] [1754691704.037334371] [slam_toolbox]: Message Filter dropping message: frame 'os_lidar' at time 1754691703.861 for reason 'the timestamp on the message is earlier than all the data in the transform cache'
[INFO] [1754691704.137335347] [slam_toolbox]: Message Filter dropping message: frame 'os_lidar' at time 1754691703.961 for reason 'the timestamp on the message is earlier than all the data in the transform cache'
[INFO] [1754691704.237501601] [slam_toolbox]: Message Filter dropping message: frame 'os_lidar' at time 1754691704.061 for reason 'the timestamp on the message is earlier than all the data in the transform cache'
[INFO] [1754691704.337230238] [slam_toolbox]: Message Filter dropping message: frame 'os_lidar' at time 1754691704.161 for reason 'the timestamp on the message is earlier than all the data in the transform cache'
[INFO] [1754691704.437308713] [slam_toolbox]: Message Filter dropping message: frame 'os_lidar' at time 1754691704.261 for reason 'the timestamp on the message is earlier than all the data in the transform cache'
[INFO] [1754691704.537525278] [slam_toolbox]: Message Filter dropping message: frame 'os_lidar' at time 1754691704.361 for reason 'the timestamp on the message is earlier than all the data in the transform cache'
[INFO] [1754691704.737844766] [slam_toolbox]: Message Filter dropping message: frame 'os_lidar' at time 1754691704.561 for reason 'the timestamp on the message is earlier than all the data in the transform cache'
[INFO] [1754691704.837490454] [slam_toolbox]: Message Filter dropping message: frame 'os_lidar' at time 1754691704.661 for reason 'the timestamp on the message is earlier than all the data in the transform cache'
[INFO] [1754691704.937912467] [slam_toolbox]: Message Filter dropping message: frame 'os_lidar' at time 1754691704.761 for reason 'the timestamp on the message is earlier than all the data in the transform cache'
[INFO] [1754691705.037605225] [slam_toolbox]: Message Filter dropping message: frame 'os_lidar' at time 1754691704.861 for reason 'the timestamp on the message is earlier than all the data in the transform cache'
[INFO] [1754691705.137284383] [slam_toolbox]: Message Filter dropping message: frame 'os_lidar' at time 1754691704.961 for reason 'the timestamp on the message is earlier than all the data in the transform cache'
[INFO] [1754691705.237775995] [slam_toolbox]: Message Filter dropping message: frame 'os_lidar' at time 1754691705.061 for reason 'the timestamp on the message is earlier than all the data in the transform cache'
[INFO] [1754691705.338414795] [slam_toolbox]: Message Filter dropping message: frame 'os_lidar' at time 1754691705.161 for reason 'the timestamp on the message is earlier than all the data in the transform cache'
[INFO] [1754691705.439247105] [slam_toolbox]: Message Filter dropping message: frame 'os_lidar' at time 1754691705.261 for reason 'the timestamp on the message is earlier than all the data in the transform cache'
[INFO] [1754691705.539558518] [slam_toolbox]: Message Filter dropping message: frame 'os_lidar' at time 1754691705.361 for reason 'the timestamp on the message is earlier than all the data in the transform cache'
[INFO] [1754691705.638171774] [slam_toolbox]: Message Filter dropping message: frame 'os_lidar' at time 1754691705.461 for reason 'the timestamp on the message is earlier than all the data in the transform cache'
[INFO] [1754691705.737895042] [slam_toolbox]: Message Filter dropping message: frame 'os_lidar' at time 1754691705.561 for reason 'the timestamp on the message is earlier than all the data in the transform cache'
[INFO] [1754691705.837581329] [slam_toolbox]: Message Filter dropping message: frame 'os_lidar' at time 1754691705.661 for reason 'the timestamp on the message is earlier than all the data in the transform cache'
[INFO] [1754691705.937755344] [slam_toolbox]: Message Filter dropping message: frame 'os_lidar' at time 1754691705.761 for reason 'the timestamp on the message is earlier than all the data in the transform cache'
[INFO] [1754691706.037849959] [slam_toolbox]: Message Filter dropping message: frame 'os_lidar' at time 1754691705.861 for reason 'the timestamp on the message is earlier than all the data in the transform cache'
[INFO] [1754691706.137809145] [slam_toolbox]: Message Filter dropping message: frame 'os_lidar' at time 1754691705.961 for reason 'the timestamp on the message is earlier than all the data in the transform cache'
[INFO] [1754691706.237560052] [slam_toolbox]: Message Filter dropping message: frame 'os_lidar' at time 1754691706.061 for reason 'the timestamp on the message is earlier than all the data in the transform cache'
[INFO] [1754691706.337441888] [slam_toolbox]: Message Filter dropping message: frame 'os_lidar' at time 1754691706.161 for reason 'the timestamp on the message is earlier than all the data in the transform cache'
[INFO] [1754691706.437540723] [slam_toolbox]: Message Filter dropping message: frame 'os_lidar' at time 1754691706.261 for reason 'the timestamp on the message is earlier than all the data in the transform cache'
[INFO] [1754691706.538039345] [slam_toolbox]: Message Filter dropping message: frame 'os_lidar' at time 1754691706.361 for reason 'the timestamp on the message is earlier than all the data in the transform cache'
[INFO] [1754691706.637630934] [slam_toolbox]: Message Filter dropping message: frame 'os_lidar' at time 1754691706.461 for reason 'the timestamp on the message is earlier than all the data in the transform cache'
[INFO] [1754691706.738497273] [slam_toolbox]: Message Filter dropping message: frame 'os_lidar' at time 1754691706.561 for reason 'the timestamp on the message is earlier than all the data in the transform cache'
[INFO] [1754691706.837893183] [slam_toolbox]: Message Filter dropping message: frame 'os_lidar' at time 1754691706.661 for reason 'the timestamp on the message is earlier than all the data in the transform cache'
[INFO] [1754691706.937767480] [slam_toolbox]: Message Filter dropping message: frame 'os_lidar' at time 1754691706.761 for reason 'the timestamp on the message is earlier than all the data in the transform cache'
[INFO] [1754691707.038005284] [slam_toolbox]: Message Filter dropping message: frame 'os_lidar' at time 1754691706.861 for reason 'the timestamp on the message is earlier than all the data in the transform cache'
[INFO] [1754691707.138095519] [slam_toolbox]: Message Filter dropping message: frame 'os_lidar' at time 1754691706.961 for reason 'the timestamp on the message is earlier than all the data in the transform cache'
[INFO] [1754691707.237906186] [slam_toolbox]: Message Filter dropping message: frame 'os_lidar' at time 1754691707.061 for reason 'the timestamp on the message is earlier than all the data in the transform cache'
[INFO] [1754691707.337971121] [slam_toolbox]: Message Filter dropping message: frame 'os_lidar' at time 1754691707.161 for reason 'the timestamp on the message is earlier than all the data in the transform cache'
[INFO] [1754691707.437474180] [slam_toolbox]: Message Filter dropping message: frame 'os_lidar' at time 1754691707.261 for reason 'the timestamp on the message is earlier than all the data in the transform cache'
[INFO] [1754691707.537959662] [slam_toolbox]: Message Filter dropping message: frame 'os_lidar' at time 1754691707.361 for reason 'the timestamp on the message is earlier than all the data in the transform cache'
[INFO] [1754691707.637740820] [slam_toolbox]: Message Filter dropping message: frame 'os_lidar' at time 1754691707.461 for reason 'the timestamp on the message is earlier than all the data in the transform cache'
[INFO] [1754691707.737683866] [slam_toolbox]: Message Filter dropping message: frame 'os_lidar' at time 1754691707.561 for reason 'the timestamp on the message is earlier than all the data in the transform cache'
[INFO] [1754691707.837560122] [slam_toolbox]: Message Filter dropping message: frame 'os_lidar' at time 1754691707.661 for reason 'the timestamp on the message is earlier than all the data in the transform cache'
[INFO] [1754691707.937574968] [slam_toolbox]: Message Filter dropping message: frame 'os_lidar' at time 1754691707.761 for reason 'the timestamp on the message is earlier than all the data in the transform cache'
[INFO] [1754691708.037616123] [slam_toolbox]: Message Filter dropping message: frame 'os_lidar' at time 1754691707.861 for reason 'the timestamp on the message is earlier than all the data in the transform cache'
[INFO] [1754691708.138021186] [slam_toolbox]: Message Filter dropping message: frame 'os_lidar' at time 1754691707.961 for reason 'the timestamp on the message is earlier than all the data in the transform cache'
[INFO] [1754691708.237428666] [slam_toolbox]: Message Filter dropping message: frame 'os_lidar' at time 1754691708.061 for reason 'the timestamp on the message is earlier than all the data in the transform cache'
[INFO] [1754691708.337635730] [slam_toolbox]: Message Filter dropping message: frame 'os_lidar' at time 1754691708.161 for reason 'the timestamp on the message is earlier than all the data in the transform cache'
[INFO] [1754691708.438584989] [slam_toolbox]: Message Filter dropping message: frame 'os_lidar' at time 1754691708.261 for reason 'the timestamp on the message is earlier than all the data in the transform cache'
[INFO] [1754691708.537988229] [slam_toolbox]: Message Filter dropping message: frame 'os_lidar' at time 1754691708.361 for reason 'the timestamp on the message is earlier than all the data in the transform cache'
[INFO] [1754691708.638547700] [slam_toolbox]: Message Filter dropping message: frame 'os_lidar' at time 1754691708.461 for reason 'the timestamp on the message is earlier than all the data in the transform cache'
[INFO] [1754691708.737901111] [slam_toolbox]: Message Filter dropping message: frame 'os_lidar' at time 1754691708.561 for reason 'the timestamp on the message is earlier than all the data in the transform cache'
[INFO] [1754691708.837112052] [slam_toolbox]: Message Filter dropping message: frame 'os_lidar' at time 1754691708.661 for reason 'the timestamp on the message is earlier than all the data in the transform cache'
[INFO] [1754691708.937911502] [slam_toolbox]: Message Filter dropping message: frame 'os_lidar' at time 1754691708.761 for reason 'the timestamp on the message is earlier than all the data in the transform cache'
[INFO] [1754691709.037923738] [slam_toolbox]: Message Filter dropping message: frame 'os_lidar' at time 1754691708.861 for reason 'the timestamp on the message is earlier than all the data in the transform cache'
[INFO] [1754691709.137756905] [slam_toolbox]: Message Filter dropping message: frame 'os_lidar' at time 1754691708.961 for reason 'the timestamp on the message is earlier than all the data in the transform cache'
[INFO] [1754691709.238017558] [slam_toolbox]: Message Filter dropping message: frame 'os_lidar' at time 1754691709.061 for reason 'the timestamp on the message is earlier than all the data in the transform cache'
[INFO] [1754691709.337810706] [slam_toolbox]: Message Filter dropping message: frame 'os_lidar' at time 1754691709.161 for reason 'the timestamp on the message is earlier than all the data in the transform cache'
[INFO] [1754691709.438478646] [slam_toolbox]: Message Filter dropping message: frame 'os_lidar' at time 1754691709.261 for reason 'the timestamp on the message is earlier than all the data in the transform cache'
[INFO] [1754691709.537945896] [slam_toolbox]: Message Filter dropping message: frame 'os_lidar' at time 1754691709.361 for reason 'the timestamp on the message is earlier than all the data in the transform cache'
[INFO] [1754691709.637566265] [slam_toolbox]: Message Filter dropping message: frame 'os_lidar' at time 1754691709.461 for reason 'the timestamp on the message is earlier than all the data in the transform cache'
[INFO] [1754691709.737950028] [slam_toolbox]: Message Filter dropping message: frame 'os_lidar' at time 1754691709.561 for reason 'the timestamp on the message is earlier than all the data in the transform cache'
[INFO] [1754691709.837525636] [slam_toolbox]: Message Filter dropping message: frame 'os_lidar' at time 1754691709.661 for reason 'the timestamp on the message is earlier than all the data in the transform cache'
[INFO] [1754691709.937752080] [slam_toolbox]: Message Filter dropping message: frame 'os_lidar' at time 1754691709.761 for reason 'the timestamp on the message is earlier than all the data in the transform cache'
[INFO] [1754691710.037778266] [slam_toolbox]: Message Filter dropping message: frame 'os_lidar' at time 1754691709.861 for reason 'the timestamp on the message is earlier than all the data in the transform cache'
[INFO] [1754691710.138086019] [slam_toolbox]: Message Filter dropping message: frame 'os_lidar' at time 1754691709.961 for reason 'the timestamp on the message is earlier than all the data in the transform cache'
[INFO] [1754691710.238058355] [slam_toolbox]: Message Filter dropping message: frame 'os_lidar' at time 1754691710.061 for reason 'the timestamp on the message is earlier than all the data in the transform cache'
[INFO] [1754691710.337870382] [slam_toolbox]: Message Filter dropping message: frame 'os_lidar' at time 1754691710.161 for reason 'the timestamp on the message is earlier than all the data in the transform cache'
[INFO] [1754691710.437907798] [slam_toolbox]: Message Filter dropping message: frame 'os_lidar' at time 1754691710.261 for reason 'the timestamp on the message is earlier than all the data in the transform cache'
[INFO] [1754691710.537735325] [slam_toolbox]: Message Filter dropping message: frame 'os_lidar' at time 1754691710.361 for reason 'the timestamp on the message is earlier than all the data in the transform cache'
[INFO] [1754691710.637329894] [slam_toolbox]: Message Filter dropping message: frame 'os_lidar' at time 1754691710.461 for reason 'the timestamp on the message is earlier than all the data in the transform cache'
[INFO] [1754691710.738138143] [slam_toolbox]: Message Filter dropping message: frame 'os_lidar' at time 1754691710.561 for reason 'the timestamp on the message is earlier than all the data in the transform cache'
[INFO] [1754691710.940687806] [slam_toolbox]: Message Filter dropping message: frame 'os_lidar' at time 1754691710.761 for reason 'the timestamp on the message is earlier than all the data in the transform cache'
[INFO] [1754691711.038715106] [slam_toolbox]: Message Filter dropping message: frame 'os_lidar' at time 1754691710.861 for reason 'the timestamp on the message is earlier than all the data in the transform cache'
[INFO] [1754691711.237725255] [slam_toolbox]: Message Filter dropping message: frame 'os_lidar' at time 1754691711.061 for reason 'the timestamp on the message is earlier than all the data in the transform cache'
[INFO] [1754691711.337172415] [slam_toolbox]: Message Filter dropping message: frame 'os_lidar' at time 1754691711.161 for reason 'the timestamp on the message is earlier than all the data in the transform cache'
[INFO] [1754691711.437251691] [slam_toolbox]: Message Filter dropping message: frame 'os_lidar' at time 1754691711.261 for reason 'the timestamp on the message is earlier than all the data in the transform cache'
[INFO] [1754691711.538222029] [slam_toolbox]: Message Filter dropping message: frame 'os_lidar' at time 1754691711.361 for reason 'the timestamp on the message is earlier than all the data in the transform cache'
[INFO] [1754691711.637351351] [slam_toolbox]: Message Filter dropping message: frame 'os_lidar' at time 1754691711.461 for reason 'the timestamp on the message is earlier than all the data in the transform cache'
[INFO] [1754691711.737685654] [slam_toolbox]: Message Filter dropping message: frame 'os_lidar' at time 1754691711.561 for reason 'the timestamp on the message is earlier than all the data in the transform cache'
[INFO] [1754691711.837082745] [slam_toolbox]: Message Filter dropping message: frame 'os_lidar' at time 1754691711.661 for reason 'the timestamp on the message is earlier than all the data in the transform cache'
[INFO] [1754691711.937751355] [slam_toolbox]: Message Filter dropping message: frame 'os_lidar' at time 1754691711.761 for reason 'the timestamp on the message is earlier than all the data in the transform cache'
[INFO] [1754691712.038211188] [slam_toolbox]: Message Filter dropping message: frame 'os_lidar' at time 1754691711.861 for reason 'the timestamp on the message is earlier than all the data in the transform cache'
[INFO] [1754691712.137718297] [slam_toolbox]: Message Filter dropping message: frame 'os_lidar' at time 1754691711.961 for reason 'the timestamp on the message is earlier than all the data in the transform cache'
[INFO] [1754691712.237702763] [slam_toolbox]: Message Filter dropping message: frame 'os_lidar' at time 1754691712.061 for reason 'the timestamp on the message is earlier than all the data in the transform cache'
[INFO] [1754691712.337722359] [slam_toolbox]: Message Filter dropping message: frame 'os_lidar' at time 1754691712.161 for reason 'the timestamp on the message is earlier than all the data in the transform cache'
[INFO] [1754691712.437982033] [slam_toolbox]: Message Filter dropping message: frame 'os_lidar' at time 1754691712.261 for reason 'the timestamp on the message is earlier than all the data in the transform cache'
[INFO] [1754691712.538023748] [slam_toolbox]: Message Filter dropping message: frame 'os_lidar' at time 1754691712.361 for reason 'the timestamp on the message is earlier than all the data in the transform cache'
[INFO] [1754691712.638899307] [slam_toolbox]: Message Filter dropping message: frame 'os_lidar' at time 1754691712.461 for reason 'the timestamp on the message is earlier than all the data in the transform cache'
[INFO] [1754691712.737817721] [slam_toolbox]: Message Filter dropping message: frame 'os_lidar' at time 1754691712.561 for reason 'the timestamp on the message is earlier than all the data in the transform cache'
[INFO] [1754691712.938064151] [slam_toolbox]: Message Filter dropping message: frame 'os_lidar' at time 1754691712.761 for reason 'the timestamp on the message is earlier than all the data in the transform cache'
[INFO] [1754691713.038394274] [slam_toolbox]: Message Filter dropping message: frame 'os_lidar' at time 1754691712.861 for reason 'the timestamp on the message is earlier than all the data in the transform cache'
[INFO] [1754691713.137643676] [slam_toolbox]: Message Filter dropping message: frame 'os_lidar' at time 1754691712.961 for reason 'the timestamp on the message is earlier than all the data in the transform cache'
[INFO] [1754691713.338193773] [slam_toolbox]: Message Filter dropping message: frame 'os_lidar' at time 1754691713.161 for reason 'the timestamp on the message is earlier than all the data in the transform cache'
[INFO] [1754691713.437775272] [slam_toolbox]: Message Filter dropping message: frame 'os_lidar' at time 1754691713.261 for reason 'the timestamp on the message is earlier than all the data in the transform cache'
[INFO] [1754691713.537720808] [slam_toolbox]: Message Filter dropping message: frame 'os_lidar' at time 1754691713.361 for reason 'the timestamp on the message is earlier than all the data in the transform cache'
[INFO] [1754691713.737618251] [slam_toolbox]: Message Filter dropping message: frame 'os_lidar' at time 1754691713.561 for reason 'the timestamp on the message is earlier than all the data in the transform cache'
[INFO] [1754691713.838210612] [slam_toolbox]: Message Filter dropping message: frame 'os_lidar' at time 1754691713.661 for reason 'the timestamp on the message is earlier than all the data in the transform cache'
[INFO] [1754691713.937872271] [slam_toolbox]: Message Filter dropping message: frame 'os_lidar' at time 1754691713.761 for reason 'the timestamp on the message is earlier than all the data in the transform cache'
[INFO] [1754691714.037815017] [slam_toolbox]: Message Filter dropping message: frame 'os_lidar' at time 1754691713.861 for reason 'the timestamp on the message is earlier than all the data in the transform cache'
[INFO] [1754691714.137817363] [slam_toolbox]: Message Filter dropping message: frame 'os_lidar' at time 1754691713.961 for reason 'the timestamp on the message is earlier than all the data in the transform cache'
[INFO] [1754691714.238007457] [slam_toolbox]: Message Filter dropping message: frame 'os_lidar' at time 1754691714.061 for reason 'the timestamp on the message is earlier than all the data in the transform cache'
[INFO] [1754691714.337747935] [slam_toolbox]: Message Filter dropping message: frame 'os_lidar' at time 1754691714.161 for reason 'the timestamp on the message is earlier than all the data in the transform cache'
[INFO] [1754691714.437894810] [slam_toolbox]: Message Filter dropping message: frame 'os_lidar' at time 1754691714.261 for reason 'the timestamp on the message is earlier than all the data in the transform cache'
[INFO] [1754691714.538419872] [slam_toolbox]: Message Filter dropping message: frame 'os_lidar' at time 1754691714.361 for reason 'the timestamp on the message is earlier than all the data in the transform cache'
[INFO] [1754691714.637779072] [slam_toolbox]: Message Filter dropping message: frame 'os_lidar' at time 1754691714.461 for reason 'the timestamp on the message is earlier than all the data in the transform cache'
[INFO] [1754691714.737268682] [slam_toolbox]: Message Filter dropping message: frame 'os_lidar' at time 1754691714.561 for reason 'the timestamp on the message is earlier than all the data in the transform cache'
[INFO] [1754691714.838405119] [slam_toolbox]: Message Filter dropping message: frame 'os_lidar' at time 1754691714.661 for reason 'the timestamp on the message is earlier than all the data in the transform cache'
[INFO] [1754691714.937887519] [slam_toolbox]: Message Filter dropping message: frame 'os_lidar' at time 1754691714.761 for reason 'the timestamp on the message is earlier than all the data in the transform cache'
[INFO] [1754691715.037862495] [slam_toolbox]: Message Filter dropping message: frame 'os_lidar' at time 1754691714.861 for reason 'the timestamp on the message is earlier than all the data in the transform cache'
[INFO] [1754691715.137678332] [slam_toolbox]: Message Filter dropping message: frame 'os_lidar' at time 1754691714.961 for reason 'the timestamp on the message is earlier than all the data in the transform cache'
[INFO] [1754691715.237509810] [slam_toolbox]: Message Filter dropping message: frame 'os_lidar' at time 1754691715.061 for reason 'the timestamp on the message is earlier than all the data in the transform cache'
[INFO] [1754691715.337322477] [slam_toolbox]: Message Filter dropping message: frame 'os_lidar' at time 1754691715.161 for reason 'the timestamp on the message is earlier than all the data in the transform cache'
[INFO] [1754691715.437707650] [slam_toolbox]: Message Filter dropping message: frame 'os_lidar' at time 1754691715.261 for reason 'the timestamp on the message is earlier than all the data in the transform cache'
[INFO] [1754691715.538119323] [slam_toolbox]: Message Filter dropping message: frame 'os_lidar' at time 1754691715.361 for reason 'the timestamp on the message is earlier than all the data in the transform cache'
[INFO] [1754691715.637499903] [slam_toolbox]: Message Filter dropping message: frame 'os_lidar' at time 1754691715.461 for reason 'the timestamp on the message is earlier than all the data in the transform cache'
[INFO] [1754691715.737575059] [slam_toolbox]: Message Filter dropping message: frame 'os_lidar' at time 1754691715.561 for reason 'the timestamp on the message is earlier than all the data in the transform cache'
[INFO] [1754691715.838686436] [slam_toolbox]: Message Filter dropping message: frame 'os_lidar' at time 1754691715.661 for reason 'the timestamp on the message is earlier than all the data in the transform cache'
[INFO] [1754691715.889271745] [rclcpp]: signal_handler(signum=2)
