[INFO] [1755202038.599662366] [slam_toolbox]: Configuring
[INFO] [1755202038.622053882] [slam_toolbox]: Using solver plugin solver_plugins::CeresSolver
[INFO] [1755202038.653057932] [slam_toolbox]: Activating
[INFO] [1755202038.806799830] [slam_toolbox]: Message Filter dropping message: frame 'os_lidar' at time 1755202038.627 for reason 'the timestamp on the message is earlier than all the data in the transform cache'
[INFO] [1755202038.904156902] [slam_toolbox]: Message Filter dropping message: frame 'os_lidar' at time 1755202038.727 for reason 'the timestamp on the message is earlier than all the data in the transform cache'
[INFO] [1755202039.003866569] [slam_toolbox]: Message Filter dropping message: frame 'os_lidar' at time 1755202038.827 for reason 'the timestamp on the message is earlier than all the data in the transform cache'
[INFO] [1755202039.105055007] [slam_toolbox]: Message Filter dropping message: frame 'os_lidar' at time 1755202038.927 for reason 'the timestamp on the message is earlier than all the data in the transform cache'
[INFO] [1755202039.204758434] [slam_toolbox]: Message Filter dropping message: frame 'os_lidar' at time 1755202039.027 for reason 'the timestamp on the message is earlier than all the data in the transform cache'
[INFO] [1755202039.304486871] [slam_toolbox]: Message Filter dropping message: frame 'os_lidar' at time 1755202039.127 for reason 'the timestamp on the message is earlier than all the data in the transform cache'
[INFO] [1755202039.404306608] [slam_toolbox]: Message Filter dropping message: frame 'os_lidar' at time 1755202039.227 for reason 'the timestamp on the message is earlier than all the data in the transform cache'
[INFO] [1755202039.505405756] [slam_toolbox]: Message Filter dropping message: frame 'os_lidar' at time 1755202039.327 for reason 'the timestamp on the message is earlier than all the data in the transform cache'
[INFO] [1755202039.605214303] [slam_toolbox]: Message Filter dropping message: frame 'os_lidar' at time 1755202039.427 for reason 'the timestamp on the message is earlier than all the data in the transform cache'
[INFO] [1755202039.704987970] [slam_toolbox]: Message Filter dropping message: frame 'os_lidar' at time 1755202039.527 for reason 'the timestamp on the message is earlier than all the data in the transform cache'
[INFO] [1755202039.805149564] [slam_toolbox]: Message Filter dropping message: frame 'os_lidar' at time 1755202039.627 for reason 'the timestamp on the message is earlier than all the data in the transform cache'
[INFO] [1755202039.905260349] [slam_toolbox]: Message Filter dropping message: frame 'os_lidar' at time 1755202039.727 for reason 'the timestamp on the message is earlier than all the data in the transform cache'
[INFO] [1755202040.005539052] [slam_toolbox]: Message Filter dropping message: frame 'os_lidar' at time 1755202039.827 for reason 'the timestamp on the message is earlier than all the data in the transform cache'
[INFO] [1755202040.105081801] [slam_toolbox]: Message Filter dropping message: frame 'os_lidar' at time 1755202039.927 for reason 'the timestamp on the message is earlier than all the data in the transform cache'
[INFO] [1755202040.205230356] [slam_toolbox]: Message Filter dropping message: frame 'os_lidar' at time 1755202040.027 for reason 'the timestamp on the message is earlier than all the data in the transform cache'
[INFO] [1755202040.305222692] [slam_toolbox]: Message Filter dropping message: frame 'os_lidar' at time 1755202040.127 for reason 'the timestamp on the message is earlier than all the data in the transform cache'
[INFO] [1755202040.404711341] [slam_toolbox]: Message Filter dropping message: frame 'os_lidar' at time 1755202040.227 for reason 'the timestamp on the message is earlier than all the data in the transform cache'
[INFO] [1755202040.505096415] [slam_toolbox]: Message Filter dropping message: frame 'os_lidar' at time 1755202040.327 for reason 'the timestamp on the message is earlier than all the data in the transform cache'
[INFO] [1755202040.605721576] [slam_toolbox]: Message Filter dropping message: frame 'os_lidar' at time 1755202040.427 for reason 'the timestamp on the message is earlier than all the data in the transform cache'
[INFO] [1755202040.707462271] [slam_toolbox]: Message Filter dropping message: frame 'os_lidar' at time 1755202040.527 for reason 'the timestamp on the message is earlier than all the data in the transform cache'
[INFO] [1755202040.804491556] [slam_toolbox]: Message Filter dropping message: frame 'os_lidar' at time 1755202040.627 for reason 'the timestamp on the message is earlier than all the data in the transform cache'
[INFO] [1755202040.905651224] [slam_toolbox]: Message Filter dropping message: frame 'os_lidar' at time 1755202040.727 for reason 'the timestamp on the message is earlier than all the data in the transform cache'
[INFO] [1755202041.005660900] [slam_toolbox]: Message Filter dropping message: frame 'os_lidar' at time 1755202040.827 for reason 'the timestamp on the message is earlier than all the data in the transform cache'
[INFO] [1755202041.105639647] [slam_toolbox]: Message Filter dropping message: frame 'os_lidar' at time 1755202040.927 for reason 'the timestamp on the message is earlier than all the data in the transform cache'
[INFO] [1755202041.204565610] [slam_toolbox]: Message Filter dropping message: frame 'os_lidar' at time 1755202041.027 for reason 'the timestamp on the message is earlier than all the data in the transform cache'
[INFO] [1755202041.305018513] [slam_toolbox]: Message Filter dropping message: frame 'os_lidar' at time 1755202041.127 for reason 'the timestamp on the message is earlier than all the data in the transform cache'
[INFO] [1755202041.404992470] [slam_toolbox]: Message Filter dropping message: frame 'os_lidar' at time 1755202041.227 for reason 'the timestamp on the message is earlier than all the data in the transform cache'
[INFO] [1755202041.504986746] [slam_toolbox]: Message Filter dropping message: frame 'os_lidar' at time 1755202041.327 for reason 'the timestamp on the message is earlier than all the data in the transform cache'
[INFO] [1755202041.604924173] [slam_toolbox]: Message Filter dropping message: frame 'os_lidar' at time 1755202041.427 for reason 'the timestamp on the message is earlier than all the data in the transform cache'
[INFO] [1755202041.705154298] [slam_toolbox]: Message Filter dropping message: frame 'os_lidar' at time 1755202041.527 for reason 'the timestamp on the message is earlier than all the data in the transform cache'
[INFO] [1755202041.804980865] [slam_toolbox]: Message Filter dropping message: frame 'os_lidar' at time 1755202041.627 for reason 'the timestamp on the message is earlier than all the data in the transform cache'
[INFO] [1755202041.905176440] [slam_toolbox]: Message Filter dropping message: frame 'os_lidar' at time 1755202041.727 for reason 'the timestamp on the message is earlier than all the data in the transform cache'
[INFO] [1755202712.058487919] [rclcpp]: signal_handler(signum=2)
