[INFO] [1755201232.461485902] [slam_toolbox]: Configuring
[INFO] [1755201232.468194445] [slam_toolbox]: Using solver plugin solver_plugins::CeresSolver
[INFO] [1755201232.481391765] [slam_toolbox]: Activating
[INFO] [1755201232.692634566] [slam_toolbox]: Message Filter dropping message: frame 'os_lidar' at time 1755201232.515 for reason 'the timestamp on the message is earlier than all the data in the transform cache'
[INFO] [1755201232.792334844] [slam_toolbox]: Message Filter dropping message: frame 'os_lidar' at time 1755201232.615 for reason 'the timestamp on the message is earlier than all the data in the transform cache'
[INFO] [1755201232.893170160] [slam_toolbox]: Message Filter dropping message: frame 'os_lidar' at time 1755201232.715 for reason 'the timestamp on the message is earlier than all the data in the transform cache'
[INFO] [1755201232.992019338] [slam_toolbox]: Message Filter dropping message: frame 'os_lidar' at time 1755201232.815 for reason 'the timestamp on the message is earlier than all the data in the transform cache'
[INFO] [1755201233.092727070] [slam_toolbox]: Message Filter dropping message: frame 'os_lidar' at time 1755201232.915 for reason 'the timestamp on the message is earlier than all the data in the transform cache'
[INFO] [1755201233.192412294] [slam_toolbox]: Message Filter dropping message: frame 'os_lidar' at time 1755201233.015 for reason 'the timestamp on the message is earlier than all the data in the transform cache'
[INFO] [1755201233.292163307] [slam_toolbox]: Message Filter dropping message: frame 'os_lidar' at time 1755201233.115 for reason 'the timestamp on the message is earlier than all the data in the transform cache'
[INFO] [1755201233.392645432] [slam_toolbox]: Message Filter dropping message: frame 'os_lidar' at time 1755201233.215 for reason 'the timestamp on the message is earlier than all the data in the transform cache'
[INFO] [1755201233.492068939] [slam_toolbox]: Message Filter dropping message: frame 'os_lidar' at time 1755201233.315 for reason 'the timestamp on the message is earlier than all the data in the transform cache'
[INFO] [1755201233.592419736] [slam_toolbox]: Message Filter dropping message: frame 'os_lidar' at time 1755201233.415 for reason 'the timestamp on the message is earlier than all the data in the transform cache'
[INFO] [1755201233.692258848] [slam_toolbox]: Message Filter dropping message: frame 'os_lidar' at time 1755201233.515 for reason 'the timestamp on the message is earlier than all the data in the transform cache'
[INFO] [1755201233.793092449] [slam_toolbox]: Message Filter dropping message: frame 'os_lidar' at time 1755201233.615 for reason 'the timestamp on the message is earlier than all the data in the transform cache'
[INFO] [1755201233.891806134] [slam_toolbox]: Message Filter dropping message: frame 'os_lidar' at time 1755201233.715 for reason 'the timestamp on the message is earlier than all the data in the transform cache'
[INFO] [1755201233.992753673] [slam_toolbox]: Message Filter dropping message: frame 'os_lidar' at time 1755201233.815 for reason 'the timestamp on the message is earlier than all the data in the transform cache'
[INFO] [1755201234.092524521] [slam_toolbox]: Message Filter dropping message: frame 'os_lidar' at time 1755201233.915 for reason 'the timestamp on the message is earlier than all the data in the transform cache'
[INFO] [1755201234.192833673] [slam_toolbox]: Message Filter dropping message: frame 'os_lidar' at time 1755201234.015 for reason 'the timestamp on the message is earlier than all the data in the transform cache'
[INFO] [1755201234.292942327] [slam_toolbox]: Message Filter dropping message: frame 'os_lidar' at time 1755201234.115 for reason 'the timestamp on the message is earlier than all the data in the transform cache'
[INFO] [1755201234.392437509] [slam_toolbox]: Message Filter dropping message: frame 'os_lidar' at time 1755201234.215 for reason 'the timestamp on the message is earlier than all the data in the transform cache'
[INFO] [1755201234.492683052] [slam_toolbox]: Message Filter dropping message: frame 'os_lidar' at time 1755201234.315 for reason 'the timestamp on the message is earlier than all the data in the transform cache'
[INFO] [1755201234.592699557] [slam_toolbox]: Message Filter dropping message: frame 'os_lidar' at time 1755201234.415 for reason 'the timestamp on the message is earlier than all the data in the transform cache'
[INFO] [1755201234.692202638] [slam_toolbox]: Message Filter dropping message: frame 'os_lidar' at time 1755201234.515 for reason 'the timestamp on the message is earlier than all the data in the transform cache'
[INFO] [1755201234.798335564] [slam_toolbox]: Message Filter dropping message: frame 'os_lidar' at time 1755201234.615 for reason 'the timestamp on the message is earlier than all the data in the transform cache'
[INFO] [1755201234.892010161] [slam_toolbox]: Message Filter dropping message: frame 'os_lidar' at time 1755201234.715 for reason 'the timestamp on the message is earlier than all the data in the transform cache'
[INFO] [1755201234.994630237] [slam_toolbox]: Message Filter dropping message: frame 'os_lidar' at time 1755201234.815 for reason 'the timestamp on the message is earlier than all the data in the transform cache'
[INFO] [1755201235.093413311] [slam_toolbox]: Message Filter dropping message: frame 'os_lidar' at time 1755201234.915 for reason 'the timestamp on the message is earlier than all the data in the transform cache'
[INFO] [1755201235.192280405] [slam_toolbox]: Message Filter dropping message: frame 'os_lidar' at time 1755201235.015 for reason 'the timestamp on the message is earlier than all the data in the transform cache'
[INFO] [1755201235.292841629] [slam_toolbox]: Message Filter dropping message: frame 'os_lidar' at time 1755201235.115 for reason 'the timestamp on the message is earlier than all the data in the transform cache'
[INFO] [1755201235.392757491] [slam_toolbox]: Message Filter dropping message: frame 'os_lidar' at time 1755201235.215 for reason 'the timestamp on the message is earlier than all the data in the transform cache'
[INFO] [1755201235.492334806] [slam_toolbox]: Message Filter dropping message: frame 'os_lidar' at time 1755201235.315 for reason 'the timestamp on the message is earlier than all the data in the transform cache'
[INFO] [1755201235.592716433] [slam_toolbox]: Message Filter dropping message: frame 'os_lidar' at time 1755201235.415 for reason 'the timestamp on the message is earlier than all the data in the transform cache'
[INFO] [1755201235.798090963] [slam_toolbox]: Message Filter dropping message: frame 'os_lidar' at time 1755201235.615 for reason 'the timestamp on the message is earlier than all the data in the transform cache'
[INFO] [1755201363.354303562] [rclcpp]: signal_handler(signum=2)
