[INFO] [1755201367.749679585] [slam_toolbox]: Configuring
[INFO] [1755201367.756014041] [slam_toolbox]: Using solver plugin solver_plugins::CeresSolver
[INFO] [1755201367.770213981] [slam_toolbox]: Activating
[INFO] [1755201368.124586216] [slam_toolbox]: Message Filter dropping message: frame 'os_lidar' at time 1755201367.945 for reason 'the timestamp on the message is earlier than all the data in the transform cache'
[INFO] [1755201368.221742172] [slam_toolbox]: Message Filter dropping message: frame 'os_lidar' at time 1755201368.045 for reason 'the timestamp on the message is earlier than all the data in the transform cache'
[INFO] [1755201368.322321150] [slam_toolbox]: Message Filter dropping message: frame 'os_lidar' at time 1755201368.145 for reason 'the timestamp on the message is earlier than all the data in the transform cache'
[INFO] [1755201368.422537011] [slam_toolbox]: Message Filter dropping message: frame 'os_lidar' at time 1755201368.245 for reason 'the timestamp on the message is earlier than all the data in the transform cache'
[INFO] [1755201368.522481233] [slam_toolbox]: Message Filter dropping message: frame 'os_lidar' at time 1755201368.345 for reason 'the timestamp on the message is earlier than all the data in the transform cache'
[INFO] [1755201368.622232898] [slam_toolbox]: Message Filter dropping message: frame 'os_lidar' at time 1755201368.445 for reason 'the timestamp on the message is earlier than all the data in the transform cache'
[INFO] [1755201368.725071736] [slam_toolbox]: Message Filter dropping message: frame 'os_lidar' at time 1755201368.545 for reason 'the timestamp on the message is earlier than all the data in the transform cache'
[INFO] [1755201368.822840828] [slam_toolbox]: Message Filter dropping message: frame 'os_lidar' at time 1755201368.646 for reason 'the timestamp on the message is earlier than all the data in the transform cache'
[INFO] [1755201368.923154697] [slam_toolbox]: Message Filter dropping message: frame 'os_lidar' at time 1755201368.746 for reason 'the timestamp on the message is earlier than all the data in the transform cache'
[INFO] [1755201369.023265209] [slam_toolbox]: Message Filter dropping message: frame 'os_lidar' at time 1755201368.846 for reason 'the timestamp on the message is earlier than all the data in the transform cache'
[INFO] [1755201369.124123725] [slam_toolbox]: Message Filter dropping message: frame 'os_lidar' at time 1755201368.946 for reason 'the timestamp on the message is earlier than all the data in the transform cache'
[INFO] [1755201369.223332484] [slam_toolbox]: Message Filter dropping message: frame 'os_lidar' at time 1755201369.046 for reason 'the timestamp on the message is earlier than all the data in the transform cache'
[INFO] [1755201369.323346947] [slam_toolbox]: Message Filter dropping message: frame 'os_lidar' at time 1755201369.146 for reason 'the timestamp on the message is earlier than all the data in the transform cache'
[INFO] [1755201369.423705447] [slam_toolbox]: Message Filter dropping message: frame 'os_lidar' at time 1755201369.246 for reason 'the timestamp on the message is earlier than all the data in the transform cache'
[INFO] [1755201369.522763908] [slam_toolbox]: Message Filter dropping message: frame 'os_lidar' at time 1755201369.346 for reason 'the timestamp on the message is earlier than all the data in the transform cache'
[INFO] [1755201369.622851451] [slam_toolbox]: Message Filter dropping message: frame 'os_lidar' at time 1755201369.446 for reason 'the timestamp on the message is earlier than all the data in the transform cache'
[INFO] [1755201369.724586469] [slam_toolbox]: Message Filter dropping message: frame 'os_lidar' at time 1755201369.546 for reason 'the timestamp on the message is earlier than all the data in the transform cache'
[INFO] [1755201369.823086985] [slam_toolbox]: Message Filter dropping message: frame 'os_lidar' at time 1755201369.646 for reason 'the timestamp on the message is earlier than all the data in the transform cache'
[INFO] [1755201369.922971029] [slam_toolbox]: Message Filter dropping message: frame 'os_lidar' at time 1755201369.746 for reason 'the timestamp on the message is earlier than all the data in the transform cache'
[INFO] [1755201370.022261458] [slam_toolbox]: Message Filter dropping message: frame 'os_lidar' at time 1755201369.845 for reason 'the timestamp on the message is earlier than all the data in the transform cache'
[INFO] [1755201370.122411040] [slam_toolbox]: Message Filter dropping message: frame 'os_lidar' at time 1755201369.945 for reason 'the timestamp on the message is earlier than all the data in the transform cache'
[INFO] [1755201370.222419424] [slam_toolbox]: Message Filter dropping message: frame 'os_lidar' at time 1755201370.045 for reason 'the timestamp on the message is earlier than all the data in the transform cache'
[INFO] [1755201370.322412718] [slam_toolbox]: Message Filter dropping message: frame 'os_lidar' at time 1755201370.145 for reason 'the timestamp on the message is earlier than all the data in the transform cache'
[INFO] [1755201370.422413271] [slam_toolbox]: Message Filter dropping message: frame 'os_lidar' at time 1755201370.245 for reason 'the timestamp on the message is earlier than all the data in the transform cache'
[INFO] [1755201370.522349385] [slam_toolbox]: Message Filter dropping message: frame 'os_lidar' at time 1755201370.345 for reason 'the timestamp on the message is earlier than all the data in the transform cache'
[INFO] [1755201370.622091311] [slam_toolbox]: Message Filter dropping message: frame 'os_lidar' at time 1755201370.445 for reason 'the timestamp on the message is earlier than all the data in the transform cache'
[INFO] [1755201370.722223334] [slam_toolbox]: Message Filter dropping message: frame 'os_lidar' at time 1755201370.545 for reason 'the timestamp on the message is earlier than all the data in the transform cache'
[INFO] [1755201532.756292933] [rclcpp]: signal_handler(signum=2)
