[INFO] [1754690537.192186432] [slam_toolbox]: Configuring
[INFO] [1754690537.196637863] [slam_toolbox]: Using solver plugin solver_plugins::CeresSolver
[INFO] [1754690544.291086849] [slam_toolbox]: Activating
[INFO] [1754690544.433568326] [slam_toolbox]: Message Filter dropping message: frame 'os_lidar' at time 282614.112 for reason 'the timestamp on the message is earlier than all the data in the transform cache'
[INFO] [1754690544.733689895] [slam_toolbox]: Message Filter dropping message: frame 'os_lidar' at time 282614.412 for reason 'the timestamp on the message is earlier than all the data in the transform cache'
[INFO] [1754690544.833413711] [slam_toolbox]: Message Filter dropping message: frame 'os_lidar' at time 282614.512 for reason 'the timestamp on the message is earlier than all the data in the transform cache'
[INFO] [1754690544.933501774] [slam_toolbox]: Message Filter dropping message: frame 'os_lidar' at time 282614.612 for reason 'the timestamp on the message is earlier than all the data in the transform cache'
[INFO] [1754690545.033572676] [slam_toolbox]: Message Filter dropping message: frame 'os_lidar' at time 282614.712 for reason 'the timestamp on the message is earlier than all the data in the transform cache'
[INFO] [1754690545.133369812] [slam_toolbox]: Message Filter dropping message: frame 'os_lidar' at time 282614.812 for reason 'the timestamp on the message is earlier than all the data in the transform cache'
[INFO] [1754690545.233538244] [slam_toolbox]: Message Filter dropping message: frame 'os_lidar' at time 282614.912 for reason 'the timestamp on the message is earlier than all the data in the transform cache'
[INFO] [1754690545.333420149] [slam_toolbox]: Message Filter dropping message: frame 'os_lidar' at time 282615.012 for reason 'the timestamp on the message is earlier than all the data in the transform cache'
[INFO] [1754690545.533412216] [slam_toolbox]: Message Filter dropping message: frame 'os_lidar' at time 282615.212 for reason 'the timestamp on the message is earlier than all the data in the transform cache'
[INFO] [1754690545.633435960] [slam_toolbox]: Message Filter dropping message: frame 'os_lidar' at time 282615.312 for reason 'the timestamp on the message is earlier than all the data in the transform cache'
[INFO] [1754690545.733656452] [slam_toolbox]: Message Filter dropping message: frame 'os_lidar' at time 282615.412 for reason 'the timestamp on the message is earlier than all the data in the transform cache'
[INFO] [1754690545.833716895] [slam_toolbox]: Message Filter dropping message: frame 'os_lidar' at time 282615.512 for reason 'the timestamp on the message is earlier than all the data in the transform cache'
[INFO] [1754690545.933451081] [slam_toolbox]: Message Filter dropping message: frame 'os_lidar' at time 282615.612 for reason 'the timestamp on the message is earlier than all the data in the transform cache'
[INFO] [1754690546.134366161] [slam_toolbox]: Message Filter dropping message: frame 'os_lidar' at time 282615.812 for reason 'the timestamp on the message is earlier than all the data in the transform cache'
[INFO] [1754690546.233986378] [slam_toolbox]: Message Filter dropping message: frame 'os_lidar' at time 282615.912 for reason 'the timestamp on the message is earlier than all the data in the transform cache'
[INFO] [1754690546.333456887] [slam_toolbox]: Message Filter dropping message: frame 'os_lidar' at time 282616.012 for reason 'the timestamp on the message is earlier than all the data in the transform cache'
[INFO] [1754690546.433352252] [slam_toolbox]: Message Filter dropping message: frame 'os_lidar' at time 282616.112 for reason 'the timestamp on the message is earlier than all the data in the transform cache'
[INFO] [1754690546.633543648] [slam_toolbox]: Message Filter dropping message: frame 'os_lidar' at time 282616.312 for reason 'the timestamp on the message is earlier than all the data in the transform cache'
[INFO] [1754690546.733682641] [slam_toolbox]: Message Filter dropping message: frame 'os_lidar' at time 282616.412 for reason 'the timestamp on the message is earlier than all the data in the transform cache'
[INFO] [1754690546.833474877] [slam_toolbox]: Message Filter dropping message: frame 'os_lidar' at time 282616.512 for reason 'the timestamp on the message is earlier than all the data in the transform cache'
[INFO] [1754690546.933329812] [slam_toolbox]: Message Filter dropping message: frame 'os_lidar' at time 282616.612 for reason 'the timestamp on the message is earlier than all the data in the transform cache'
[INFO] [1754690547.133454889] [slam_toolbox]: Message Filter dropping message: frame 'os_lidar' at time 282616.812 for reason 'the timestamp on the message is earlier than all the data in the transform cache'
[INFO] [1754690547.233459983] [slam_toolbox]: Message Filter dropping message: frame 'os_lidar' at time 282616.912 for reason 'the timestamp on the message is earlier than all the data in the transform cache'
[INFO] [1754690547.633468140] [slam_toolbox]: Message Filter dropping message: frame 'os_lidar' at time 282617.312 for reason 'the timestamp on the message is earlier than all the data in the transform cache'
[INFO] [1754690547.834810667] [slam_toolbox]: Message Filter dropping message: frame 'os_lidar' at time 282617.512 for reason 'the timestamp on the message is earlier than all the data in the transform cache'
[INFO] [1754690547.933426304] [slam_toolbox]: Message Filter dropping message: frame 'os_lidar' at time 282617.612 for reason 'the timestamp on the message is earlier than all the data in the transform cache'
[INFO] [1754690548.033796325] [slam_toolbox]: Message Filter dropping message: frame 'os_lidar' at time 282617.712 for reason 'the timestamp on the message is earlier than all the data in the transform cache'
[INFO] [1754690548.333663590] [slam_toolbox]: Message Filter dropping message: frame 'os_lidar' at time 282618.012 for reason 'the timestamp on the message is earlier than all the data in the transform cache'
[INFO] [1754690548.433356107] [slam_toolbox]: Message Filter dropping message: frame 'os_lidar' at time 282618.112 for reason 'the timestamp on the message is earlier than all the data in the transform cache'
[INFO] [1754690548.533146304] [slam_toolbox]: Message Filter dropping message: frame 'os_lidar' at time 282618.212 for reason 'the timestamp on the message is earlier than all the data in the transform cache'
[INFO] [1754690548.632966570] [slam_toolbox]: Message Filter dropping message: frame 'os_lidar' at time 282618.312 for reason 'the timestamp on the message is earlier than all the data in the transform cache'
[INFO] [1754690548.733758197] [slam_toolbox]: Message Filter dropping message: frame 'os_lidar' at time 282618.412 for reason 'the timestamp on the message is earlier than all the data in the transform cache'
[INFO] [1754690548.833100068] [slam_toolbox]: Message Filter dropping message: frame 'os_lidar' at time 282618.512 for reason 'the timestamp on the message is earlier than all the data in the transform cache'
[INFO] [1754690549.033965439] [slam_toolbox]: Message Filter dropping message: frame 'os_lidar' at time 282618.712 for reason 'the timestamp on the message is earlier than all the data in the transform cache'
[INFO] [1754690549.133506418] [slam_toolbox]: Message Filter dropping message: frame 'os_lidar' at time 282618.812 for reason 'the timestamp on the message is earlier than all the data in the transform cache'
[INFO] [1754690549.233462833] [slam_toolbox]: Message Filter dropping message: frame 'os_lidar' at time 282618.912 for reason 'the timestamp on the message is earlier than all the data in the transform cache'
[INFO] [1754690549.333461668] [slam_toolbox]: Message Filter dropping message: frame 'os_lidar' at time 282619.012 for reason 'the timestamp on the message is earlier than all the data in the transform cache'
[INFO] [1754690549.433857530] [slam_toolbox]: Message Filter dropping message: frame 'os_lidar' at time 282619.112 for reason 'the timestamp on the message is earlier than all the data in the transform cache'
[INFO] [1754690549.533478118] [slam_toolbox]: Message Filter dropping message: frame 'os_lidar' at time 282619.212 for reason 'the timestamp on the message is earlier than all the data in the transform cache'
[INFO] [1754690549.633917439] [slam_toolbox]: Message Filter dropping message: frame 'os_lidar' at time 282619.312 for reason 'the timestamp on the message is earlier than all the data in the transform cache'
[INFO] [1754690549.733789375] [slam_toolbox]: Message Filter dropping message: frame 'os_lidar' at time 282619.412 for reason 'the timestamp on the message is earlier than all the data in the transform cache'
[INFO] [1754690549.833746190] [slam_toolbox]: Message Filter dropping message: frame 'os_lidar' at time 282619.512 for reason 'the timestamp on the message is earlier than all the data in the transform cache'
[INFO] [1754690549.934218491] [slam_toolbox]: Message Filter dropping message: frame 'os_lidar' at time 282619.612 for reason 'the timestamp on the message is earlier than all the data in the transform cache'
[INFO] [1754690550.033530872] [slam_toolbox]: Message Filter dropping message: frame 'os_lidar' at time 282619.712 for reason 'the timestamp on the message is earlier than all the data in the transform cache'
[INFO] [1754690550.133285989] [slam_toolbox]: Message Filter dropping message: frame 'os_lidar' at time 282619.812 for reason 'the timestamp on the message is earlier than all the data in the transform cache'
[INFO] [1754690550.233888679] [slam_toolbox]: Message Filter dropping message: frame 'os_lidar' at time 282619.912 for reason 'the timestamp on the message is earlier than all the data in the transform cache'
[INFO] [1754690550.333658126] [slam_toolbox]: Message Filter dropping message: frame 'os_lidar' at time 282620.012 for reason 'the timestamp on the message is earlier than all the data in the transform cache'
[INFO] [1754690550.433924699] [slam_toolbox]: Message Filter dropping message: frame 'os_lidar' at time 282620.112 for reason 'the timestamp on the message is earlier than all the data in the transform cache'
[INFO] [1754690550.534397660] [slam_toolbox]: Message Filter dropping message: frame 'os_lidar' at time 282620.212 for reason 'the timestamp on the message is earlier than all the data in the transform cache'
[INFO] [1754690550.734788007] [slam_toolbox]: Message Filter dropping message: frame 'os_lidar' at time 282620.412 for reason 'the timestamp on the message is earlier than all the data in the transform cache'
[INFO] [1754690550.833954009] [slam_toolbox]: Message Filter dropping message: frame 'os_lidar' at time 282620.512 for reason 'the timestamp on the message is earlier than all the data in the transform cache'
[INFO] [1754690551.033905560] [slam_toolbox]: Message Filter dropping message: frame 'os_lidar' at time 282620.712 for reason 'the timestamp on the message is earlier than all the data in the transform cache'
[INFO] [1754690551.233635274] [slam_toolbox]: Message Filter dropping message: frame 'os_lidar' at time 282620.912 for reason 'the timestamp on the message is earlier than all the data in the transform cache'
[INFO] [1754690551.433829273] [slam_toolbox]: Message Filter dropping message: frame 'os_lidar' at time 282621.112 for reason 'the timestamp on the message is earlier than all the data in the transform cache'
[INFO] [1754690551.533654210] [slam_toolbox]: Message Filter dropping message: frame 'os_lidar' at time 282621.212 for reason 'the timestamp on the message is earlier than all the data in the transform cache'
[INFO] [1754690551.733683050] [slam_toolbox]: Message Filter dropping message: frame 'os_lidar' at time 282621.412 for reason 'the timestamp on the message is earlier than all the data in the transform cache'
[INFO] [1754690552.034586039] [slam_toolbox]: Message Filter dropping message: frame 'os_lidar' at time 282621.712 for reason 'the timestamp on the message is earlier than all the data in the transform cache'
[INFO] [1754690552.133473904] [slam_toolbox]: Message Filter dropping message: frame 'os_lidar' at time 282621.812 for reason 'the timestamp on the message is earlier than all the data in the transform cache'
[INFO] [1754690552.233790497] [slam_toolbox]: Message Filter dropping message: frame 'os_lidar' at time 282621.912 for reason 'the timestamp on the message is earlier than all the data in the transform cache'
[INFO] [1754690552.333516635] [slam_toolbox]: Message Filter dropping message: frame 'os_lidar' at time 282622.012 for reason 'the timestamp on the message is earlier than all the data in the transform cache'
[INFO] [1754690552.433530041] [slam_toolbox]: Message Filter dropping message: frame 'os_lidar' at time 282622.112 for reason 'the timestamp on the message is earlier than all the data in the transform cache'
[INFO] [1754690552.533887543] [slam_toolbox]: Message Filter dropping message: frame 'os_lidar' at time 282622.212 for reason 'the timestamp on the message is earlier than all the data in the transform cache'
[INFO] [1754690552.633917559] [slam_toolbox]: Message Filter dropping message: frame 'os_lidar' at time 282622.312 for reason 'the timestamp on the message is earlier than all the data in the transform cache'
[INFO] [1754690552.734060563] [slam_toolbox]: Message Filter dropping message: frame 'os_lidar' at time 282622.412 for reason 'the timestamp on the message is earlier than all the data in the transform cache'
[INFO] [1754690552.833664113] [slam_toolbox]: Message Filter dropping message: frame 'os_lidar' at time 282622.512 for reason 'the timestamp on the message is earlier than all the data in the transform cache'
[INFO] [1754690552.933523110] [slam_toolbox]: Message Filter dropping message: frame 'os_lidar' at time 282622.612 for reason 'the timestamp on the message is earlier than all the data in the transform cache'
[INFO] [1754690553.033970921] [slam_toolbox]: Message Filter dropping message: frame 'os_lidar' at time 282622.712 for reason 'the timestamp on the message is earlier than all the data in the transform cache'
[INFO] [1754690553.133756819] [slam_toolbox]: Message Filter dropping message: frame 'os_lidar' at time 282622.812 for reason 'the timestamp on the message is earlier than all the data in the transform cache'
[INFO] [1754690553.233937314] [slam_toolbox]: Message Filter dropping message: frame 'os_lidar' at time 282622.912 for reason 'the timestamp on the message is earlier than all the data in the transform cache'
[INFO] [1754690553.333663162] [slam_toolbox]: Message Filter dropping message: frame 'os_lidar' at time 282623.012 for reason 'the timestamp on the message is earlier than all the data in the transform cache'
[INFO] [1754690553.433967506] [slam_toolbox]: Message Filter dropping message: frame 'os_lidar' at time 282623.112 for reason 'the timestamp on the message is earlier than all the data in the transform cache'
[INFO] [1754690553.534041321] [slam_toolbox]: Message Filter dropping message: frame 'os_lidar' at time 282623.212 for reason 'the timestamp on the message is earlier than all the data in the transform cache'
[INFO] [1754690553.634262225] [slam_toolbox]: Message Filter dropping message: frame 'os_lidar' at time 282623.312 for reason 'the timestamp on the message is earlier than all the data in the transform cache'
[INFO] [1754690554.034189470] [slam_toolbox]: Message Filter dropping message: frame 'os_lidar' at time 282623.712 for reason 'the timestamp on the message is earlier than all the data in the transform cache'
[INFO] [1754690554.433563730] [slam_toolbox]: Message Filter dropping message: frame 'os_lidar' at time 282624.112 for reason 'the timestamp on the message is earlier than all the data in the transform cache'
[INFO] [1754690555.033736477] [slam_toolbox]: Message Filter dropping message: frame 'os_lidar' at time 282624.712 for reason 'the timestamp on the message is earlier than all the data in the transform cache'
[INFO] [1754690555.134976962] [slam_toolbox]: Message Filter dropping message: frame 'os_lidar' at time 282624.812 for reason 'the timestamp on the message is earlier than all the data in the transform cache'
[INFO] [1754690555.233809779] [slam_toolbox]: Message Filter dropping message: frame 'os_lidar' at time 282624.912 for reason 'the timestamp on the message is earlier than all the data in the transform cache'
[INFO] [1754690555.336736510] [slam_toolbox]: Message Filter dropping message: frame 'os_lidar' at time 282625.012 for reason 'the timestamp on the message is earlier than all the data in the transform cache'
[INFO] [1754690555.534083867] [slam_toolbox]: Message Filter dropping message: frame 'os_lidar' at time 282625.212 for reason 'the timestamp on the message is earlier than all the data in the transform cache'
[INFO] [1754690555.634290921] [slam_toolbox]: Message Filter dropping message: frame 'os_lidar' at time 282625.312 for reason 'the timestamp on the message is earlier than all the data in the transform cache'
[INFO] [1754690555.737303091] [slam_toolbox]: Message Filter dropping message: frame 'os_lidar' at time 282625.412 for reason 'the timestamp on the message is earlier than all the data in the transform cache'
[INFO] [1754690555.836780502] [slam_toolbox]: Message Filter dropping message: frame 'os_lidar' at time 282625.511 for reason 'the timestamp on the message is earlier than all the data in the transform cache'
[INFO] [1754690555.934149462] [slam_toolbox]: Message Filter dropping message: frame 'os_lidar' at time 282625.611 for reason 'the timestamp on the message is earlier than all the data in the transform cache'
[INFO] [1754690556.033582684] [slam_toolbox]: Message Filter dropping message: frame 'os_lidar' at time 282625.711 for reason 'the timestamp on the message is earlier than all the data in the transform cache'
[INFO] [1754690556.133698860] [slam_toolbox]: Message Filter dropping message: frame 'os_lidar' at time 282625.812 for reason 'the timestamp on the message is earlier than all the data in the transform cache'
[INFO] [1754690556.233768566] [slam_toolbox]: Message Filter dropping message: frame 'os_lidar' at time 282625.912 for reason 'the timestamp on the message is earlier than all the data in the transform cache'
[INFO] [1754690556.333612334] [slam_toolbox]: Message Filter dropping message: frame 'os_lidar' at time 282626.012 for reason 'the timestamp on the message is earlier than all the data in the transform cache'
[INFO] [1754690556.433735410] [slam_toolbox]: Message Filter dropping message: frame 'os_lidar' at time 282626.112 for reason 'the timestamp on the message is earlier than all the data in the transform cache'
[INFO] [1754690556.533672607] [slam_toolbox]: Message Filter dropping message: frame 'os_lidar' at time 282626.211 for reason 'the timestamp on the message is earlier than all the data in the transform cache'
[INFO] [1754690556.633352617] [slam_toolbox]: Message Filter dropping message: frame 'os_lidar' at time 282626.311 for reason 'the timestamp on the message is earlier than all the data in the transform cache'
[INFO] [1754690556.734353355] [slam_toolbox]: Message Filter dropping message: frame 'os_lidar' at time 282626.411 for reason 'the timestamp on the message is earlier than all the data in the transform cache'
[INFO] [1754690556.833844086] [slam_toolbox]: Message Filter dropping message: frame 'os_lidar' at time 282626.511 for reason 'the timestamp on the message is earlier than all the data in the transform cache'
[INFO] [1754690556.933589325] [slam_toolbox]: Message Filter dropping message: frame 'os_lidar' at time 282626.611 for reason 'the timestamp on the message is earlier than all the data in the transform cache'
[INFO] [1754690557.034324636] [slam_toolbox]: Message Filter dropping message: frame 'os_lidar' at time 282626.711 for reason 'the timestamp on the message is earlier than all the data in the transform cache'
[INFO] [1754690557.134168495] [slam_toolbox]: Message Filter dropping message: frame 'os_lidar' at time 282626.811 for reason 'the timestamp on the message is earlier than all the data in the transform cache'
[INFO] [1754690557.234271131] [slam_toolbox]: Message Filter dropping message: frame 'os_lidar' at time 282626.911 for reason 'the timestamp on the message is earlier than all the data in the transform cache'
[INFO] [1754690557.333798912] [slam_toolbox]: Message Filter dropping message: frame 'os_lidar' at time 282627.012 for reason 'the timestamp on the message is earlier than all the data in the transform cache'
[INFO] [1754690557.433650120] [slam_toolbox]: Message Filter dropping message: frame 'os_lidar' at time 282627.112 for reason 'the timestamp on the message is earlier than all the data in the transform cache'
[INFO] [1754690557.534153523] [slam_toolbox]: Message Filter dropping message: frame 'os_lidar' at time 282627.212 for reason 'the timestamp on the message is earlier than all the data in the transform cache'
[INFO] [1754690557.633719804] [slam_toolbox]: Message Filter dropping message: frame 'os_lidar' at time 282627.312 for reason 'the timestamp on the message is earlier than all the data in the transform cache'
[INFO] [1754690557.733875920] [slam_toolbox]: Message Filter dropping message: frame 'os_lidar' at time 282627.411 for reason 'the timestamp on the message is earlier than all the data in the transform cache'
[INFO] [1754690557.834465162] [slam_toolbox]: Message Filter dropping message: frame 'os_lidar' at time 282627.511 for reason 'the timestamp on the message is earlier than all the data in the transform cache'
[INFO] [1754690557.934233361] [slam_toolbox]: Message Filter dropping message: frame 'os_lidar' at time 282627.611 for reason 'the timestamp on the message is earlier than all the data in the transform cache'
[INFO] [1754690558.033484925] [slam_toolbox]: Message Filter dropping message: frame 'os_lidar' at time 282627.711 for reason 'the timestamp on the message is earlier than all the data in the transform cache'
[INFO] [1754690558.134582942] [slam_toolbox]: Message Filter dropping message: frame 'os_lidar' at time 282627.811 for reason 'the timestamp on the message is earlier than all the data in the transform cache'
[INFO] [1754690558.236647762] [slam_toolbox]: Message Filter dropping message: frame 'os_lidar' at time 282627.912 for reason 'the timestamp on the message is earlier than all the data in the transform cache'
[INFO] [1754690558.334280370] [slam_toolbox]: Message Filter dropping message: frame 'os_lidar' at time 282628.012 for reason 'the timestamp on the message is earlier than all the data in the transform cache'
[INFO] [1754690558.433933121] [slam_toolbox]: Message Filter dropping message: frame 'os_lidar' at time 282628.112 for reason 'the timestamp on the message is earlier than all the data in the transform cache'
[INFO] [1754690558.534037377] [slam_toolbox]: Message Filter dropping message: frame 'os_lidar' at time 282628.212 for reason 'the timestamp on the message is earlier than all the data in the transform cache'
[INFO] [1754690558.734092981] [slam_toolbox]: Message Filter dropping message: frame 'os_lidar' at time 282628.412 for reason 'the timestamp on the message is earlier than all the data in the transform cache'
[INFO] [1754690558.835536406] [slam_toolbox]: Message Filter dropping message: frame 'os_lidar' at time 282628.512 for reason 'the timestamp on the message is earlier than all the data in the transform cache'
[INFO] [1754690559.334364254] [slam_toolbox]: Message Filter dropping message: frame 'os_lidar' at time 282629.012 for reason 'the timestamp on the message is earlier than all the data in the transform cache'
[INFO] [1754690559.434581700] [slam_toolbox]: Message Filter dropping message: frame 'os_lidar' at time 282629.112 for reason 'the timestamp on the message is earlier than all the data in the transform cache'
[INFO] [1754690559.534709587] [slam_toolbox]: Message Filter dropping message: frame 'os_lidar' at time 282629.212 for reason 'the timestamp on the message is earlier than all the data in the transform cache'
[INFO] [1754690559.633958191] [slam_toolbox]: Message Filter dropping message: frame 'os_lidar' at time 282629.312 for reason 'the timestamp on the message is earlier than all the data in the transform cache'
[INFO] [1754690559.734331355] [slam_toolbox]: Message Filter dropping message: frame 'os_lidar' at time 282629.412 for reason 'the timestamp on the message is earlier than all the data in the transform cache'
[INFO] [1754690559.834976638] [slam_toolbox]: Message Filter dropping message: frame 'os_lidar' at time 282629.512 for reason 'the timestamp on the message is earlier than all the data in the transform cache'
[INFO] [1754690559.934534289] [slam_toolbox]: Message Filter dropping message: frame 'os_lidar' at time 282629.612 for reason 'the timestamp on the message is earlier than all the data in the transform cache'
[INFO] [1754690560.033969142] [slam_toolbox]: Message Filter dropping message: frame 'os_lidar' at time 282629.711 for reason 'the timestamp on the message is earlier than all the data in the transform cache'
[INFO] [1754690560.233973038] [slam_toolbox]: Message Filter dropping message: frame 'os_lidar' at time 282629.911 for reason 'the timestamp on the message is earlier than all the data in the transform cache'
[INFO] [1754690560.333851577] [slam_toolbox]: Message Filter dropping message: frame 'os_lidar' at time 282630.011 for reason 'the timestamp on the message is earlier than all the data in the transform cache'
[INFO] [1754690560.634147308] [slam_toolbox]: Message Filter dropping message: frame 'os_lidar' at time 282630.311 for reason 'the timestamp on the message is earlier than all the data in the transform cache'
[INFO] [1754690560.734854100] [slam_toolbox]: Message Filter dropping message: frame 'os_lidar' at time 282630.411 for reason 'the timestamp on the message is earlier than all the data in the transform cache'
[INFO] [1754690560.834639190] [slam_toolbox]: Message Filter dropping message: frame 'os_lidar' at time 282630.511 for reason 'the timestamp on the message is earlier than all the data in the transform cache'
[INFO] [1754690560.934788906] [slam_toolbox]: Message Filter dropping message: frame 'os_lidar' at time 282630.611 for reason 'the timestamp on the message is earlier than all the data in the transform cache'
[INFO] [1754690561.034746135] [slam_toolbox]: Message Filter dropping message: frame 'os_lidar' at time 282630.711 for reason 'the timestamp on the message is earlier than all the data in the transform cache'
[INFO] [1754690561.134004080] [slam_toolbox]: Message Filter dropping message: frame 'os_lidar' at time 282630.811 for reason 'the timestamp on the message is earlier than all the data in the transform cache'
[INFO] [1754690561.234004988] [slam_toolbox]: Message Filter dropping message: frame 'os_lidar' at time 282630.911 for reason 'the timestamp on the message is earlier than all the data in the transform cache'
[INFO] [1754690561.334001026] [slam_toolbox]: Message Filter dropping message: frame 'os_lidar' at time 282631.011 for reason 'the timestamp on the message is earlier than all the data in the transform cache'
[INFO] [1754690561.434708858] [slam_toolbox]: Message Filter dropping message: frame 'os_lidar' at time 282631.111 for reason 'the timestamp on the message is earlier than all the data in the transform cache'
[INFO] [1754690561.534053782] [slam_toolbox]: Message Filter dropping message: frame 'os_lidar' at time 282631.211 for reason 'the timestamp on the message is earlier than all the data in the transform cache'
[INFO] [1754690561.634258059] [slam_toolbox]: Message Filter dropping message: frame 'os_lidar' at time 282631.312 for reason 'the timestamp on the message is earlier than all the data in the transform cache'
[INFO] [1754690561.735645265] [slam_toolbox]: Message Filter dropping message: frame 'os_lidar' at time 282631.412 for reason 'the timestamp on the message is earlier than all the data in the transform cache'
[INFO] [1754690561.834423394] [slam_toolbox]: Message Filter dropping message: frame 'os_lidar' at time 282631.512 for reason 'the timestamp on the message is earlier than all the data in the transform cache'
[INFO] [1754690561.934401662] [slam_toolbox]: Message Filter dropping message: frame 'os_lidar' at time 282631.612 for reason 'the timestamp on the message is earlier than all the data in the transform cache'
[INFO] [1754690562.034149803] [slam_toolbox]: Message Filter dropping message: frame 'os_lidar' at time 282631.712 for reason 'the timestamp on the message is earlier than all the data in the transform cache'
[INFO] [1754690562.133855224] [slam_toolbox]: Message Filter dropping message: frame 'os_lidar' at time 282631.812 for reason 'the timestamp on the message is earlier than all the data in the transform cache'
[INFO] [1754690562.235310619] [slam_toolbox]: Message Filter dropping message: frame 'os_lidar' at time 282631.912 for reason 'the timestamp on the message is earlier than all the data in the transform cache'
[INFO] [1754690562.334139779] [slam_toolbox]: Message Filter dropping message: frame 'os_lidar' at time 282632.012 for reason 'the timestamp on the message is earlier than all the data in the transform cache'
[INFO] [1754690562.534617241] [slam_toolbox]: Message Filter dropping message: frame 'os_lidar' at time 282632.212 for reason 'the timestamp on the message is earlier than all the data in the transform cache'
[INFO] [1754690562.834708666] [slam_toolbox]: Message Filter dropping message: frame 'os_lidar' at time 282632.511 for reason 'the timestamp on the message is earlier than all the data in the transform cache'
[INFO] [1754690563.038764688] [slam_toolbox]: Message Filter dropping message: frame 'os_lidar' at time 282632.711 for reason 'the timestamp on the message is earlier than all the data in the transform cache'
[INFO] [1754690563.234488823] [slam_toolbox]: Message Filter dropping message: frame 'os_lidar' at time 282632.911 for reason 'the timestamp on the message is earlier than all the data in the transform cache'
[INFO] [1754690563.334125665] [slam_toolbox]: Message Filter dropping message: frame 'os_lidar' at time 282633.011 for reason 'the timestamp on the message is earlier than all the data in the transform cache'
[INFO] [1754690563.434488830] [slam_toolbox]: Message Filter dropping message: frame 'os_lidar' at time 282633.111 for reason 'the timestamp on the message is earlier than all the data in the transform cache'
[INFO] [1754690563.534193752] [slam_toolbox]: Message Filter dropping message: frame 'os_lidar' at time 282633.211 for reason 'the timestamp on the message is earlier than all the data in the transform cache'
[INFO] [1754690563.634448079] [slam_toolbox]: Message Filter dropping message: frame 'os_lidar' at time 282633.311 for reason 'the timestamp on the message is earlier than all the data in the transform cache'
[INFO] [1754690563.734182640] [slam_toolbox]: Message Filter dropping message: frame 'os_lidar' at time 282633.411 for reason 'the timestamp on the message is earlier than all the data in the transform cache'
[INFO] [1754690563.833936480] [slam_toolbox]: Message Filter dropping message: frame 'os_lidar' at time 282633.511 for reason 'the timestamp on the message is earlier than all the data in the transform cache'
[INFO] [1754690563.933935309] [slam_toolbox]: Message Filter dropping message: frame 'os_lidar' at time 282633.611 for reason 'the timestamp on the message is earlier than all the data in the transform cache'
[INFO] [1754690564.033786440] [slam_toolbox]: Message Filter dropping message: frame 'os_lidar' at time 282633.711 for reason 'the timestamp on the message is earlier than all the data in the transform cache'
[INFO] [1754690564.134141326] [slam_toolbox]: Message Filter dropping message: frame 'os_lidar' at time 282633.811 for reason 'the timestamp on the message is earlier than all the data in the transform cache'
[INFO] [1754690564.234064975] [slam_toolbox]: Message Filter dropping message: frame 'os_lidar' at time 282633.911 for reason 'the timestamp on the message is earlier than all the data in the transform cache'
[INFO] [1754690564.334217263] [slam_toolbox]: Message Filter dropping message: frame 'os_lidar' at time 282634.011 for reason 'the timestamp on the message is earlier than all the data in the transform cache'
[INFO] [1754690564.436401603] [slam_toolbox]: Message Filter dropping message: frame 'os_lidar' at time 282634.111 for reason 'the timestamp on the message is earlier than all the data in the transform cache'
[INFO] [1754690564.537666801] [slam_toolbox]: Message Filter dropping message: frame 'os_lidar' at time 282634.211 for reason 'the timestamp on the message is earlier than all the data in the transform cache'
[INFO] [1754690564.636729248] [slam_toolbox]: Message Filter dropping message: frame 'os_lidar' at time 282634.311 for reason 'the timestamp on the message is earlier than all the data in the transform cache'
[INFO] [1754690564.734964513] [slam_toolbox]: Message Filter dropping message: frame 'os_lidar' at time 282634.411 for reason 'the timestamp on the message is earlier than all the data in the transform cache'
[INFO] [1754690564.834422697] [slam_toolbox]: Message Filter dropping message: frame 'os_lidar' at time 282634.511 for reason 'the timestamp on the message is earlier than all the data in the transform cache'
[INFO] [1754690564.934352996] [slam_toolbox]: Message Filter dropping message: frame 'os_lidar' at time 282634.611 for reason 'the timestamp on the message is earlier than all the data in the transform cache'
[INFO] [1754690565.034173107] [slam_toolbox]: Message Filter dropping message: frame 'os_lidar' at time 282634.711 for reason 'the timestamp on the message is earlier than all the data in the transform cache'
[INFO] [1754690565.134212606] [slam_toolbox]: Message Filter dropping message: frame 'os_lidar' at time 282634.811 for reason 'the timestamp on the message is earlier than all the data in the transform cache'
[INFO] [1754690565.234463383] [slam_toolbox]: Message Filter dropping message: frame 'os_lidar' at time 282634.911 for reason 'the timestamp on the message is earlier than all the data in the transform cache'
[INFO] [1754690565.334150236] [slam_toolbox]: Message Filter dropping message: frame 'os_lidar' at time 282635.011 for reason 'the timestamp on the message is earlier than all the data in the transform cache'
[INFO] [1754690565.535712280] [slam_toolbox]: Message Filter dropping message: frame 'os_lidar' at time 282635.211 for reason 'the timestamp on the message is earlier than all the data in the transform cache'
[INFO] [1754690565.734951526] [slam_toolbox]: Message Filter dropping message: frame 'os_lidar' at time 282635.411 for reason 'the timestamp on the message is earlier than all the data in the transform cache'
[INFO] [1754690565.835000445] [slam_toolbox]: Message Filter dropping message: frame 'os_lidar' at time 282635.511 for reason 'the timestamp on the message is earlier than all the data in the transform cache'
[INFO] [1754690565.934257411] [slam_toolbox]: Message Filter dropping message: frame 'os_lidar' at time 282635.611 for reason 'the timestamp on the message is earlier than all the data in the transform cache'
[INFO] [1754690566.035104202] [slam_toolbox]: Message Filter dropping message: frame 'os_lidar' at time 282635.711 for reason 'the timestamp on the message is earlier than all the data in the transform cache'
[INFO] [1754690566.134995223] [slam_toolbox]: Message Filter dropping message: frame 'os_lidar' at time 282635.811 for reason 'the timestamp on the message is earlier than all the data in the transform cache'
[INFO] [1754690566.235085412] [slam_toolbox]: Message Filter dropping message: frame 'os_lidar' at time 282635.911 for reason 'the timestamp on the message is earlier than all the data in the transform cache'
[INFO] [1754690566.334760545] [slam_toolbox]: Message Filter dropping message: frame 'os_lidar' at time 282636.011 for reason 'the timestamp on the message is earlier than all the data in the transform cache'
[INFO] [1754690566.534162269] [slam_toolbox]: Message Filter dropping message: frame 'os_lidar' at time 282636.211 for reason 'the timestamp on the message is earlier than all the data in the transform cache'
[INFO] [1754690566.634810553] [slam_toolbox]: Message Filter dropping message: frame 'os_lidar' at time 282636.311 for reason 'the timestamp on the message is earlier than all the data in the transform cache'
[INFO] [1754690566.734479965] [slam_toolbox]: Message Filter dropping message: frame 'os_lidar' at time 282636.411 for reason 'the timestamp on the message is earlier than all the data in the transform cache'
[INFO] [1754690567.034601733] [slam_toolbox]: Message Filter dropping message: frame 'os_lidar' at time 282636.711 for reason 'the timestamp on the message is earlier than all the data in the transform cache'
[INFO] [1754690567.134896681] [slam_toolbox]: Message Filter dropping message: frame 'os_lidar' at time 282636.811 for reason 'the timestamp on the message is earlier than all the data in the transform cache'
[INFO] [1754690567.234160697] [slam_toolbox]: Message Filter dropping message: frame 'os_lidar' at time 282636.911 for reason 'the timestamp on the message is earlier than all the data in the transform cache'
[INFO] [1754690567.334953900] [slam_toolbox]: Message Filter dropping message: frame 'os_lidar' at time 282637.011 for reason 'the timestamp on the message is earlier than all the data in the transform cache'
[INFO] [1754690567.433940249] [slam_toolbox]: Message Filter dropping message: frame 'os_lidar' at time 282637.111 for reason 'the timestamp on the message is earlier than all the data in the transform cache'
[INFO] [1754690567.634509204] [slam_toolbox]: Message Filter dropping message: frame 'os_lidar' at time 282637.311 for reason 'the timestamp on the message is earlier than all the data in the transform cache'
[INFO] [1754690567.734725352] [slam_toolbox]: Message Filter dropping message: frame 'os_lidar' at time 282637.411 for reason 'the timestamp on the message is earlier than all the data in the transform cache'
[INFO] [1754690567.934777021] [slam_toolbox]: Message Filter dropping message: frame 'os_lidar' at time 282637.611 for reason 'the timestamp on the message is earlier than all the data in the transform cache'
[INFO] [1754690568.035561124] [slam_toolbox]: Message Filter dropping message: frame 'os_lidar' at time 282637.711 for reason 'the timestamp on the message is earlier than all the data in the transform cache'
[INFO] [1754690568.135030379] [slam_toolbox]: Message Filter dropping message: frame 'os_lidar' at time 282637.811 for reason 'the timestamp on the message is earlier than all the data in the transform cache'
[INFO] [1754690568.234602613] [slam_toolbox]: Message Filter dropping message: frame 'os_lidar' at time 282637.911 for reason 'the timestamp on the message is earlier than all the data in the transform cache'
[INFO] [1754690568.334637043] [slam_toolbox]: Message Filter dropping message: frame 'os_lidar' at time 282638.011 for reason 'the timestamp on the message is earlier than all the data in the transform cache'
[INFO] [1754690568.435210708] [slam_toolbox]: Message Filter dropping message: frame 'os_lidar' at time 282638.111 for reason 'the timestamp on the message is earlier than all the data in the transform cache'
[INFO] [1754690568.534637173] [slam_toolbox]: Message Filter dropping message: frame 'os_lidar' at time 282638.211 for reason 'the timestamp on the message is earlier than all the data in the transform cache'
[INFO] [1754690568.634427026] [slam_toolbox]: Message Filter dropping message: frame 'os_lidar' at time 282638.311 for reason 'the timestamp on the message is earlier than all the data in the transform cache'
[INFO] [1754690568.934719303] [slam_toolbox]: Message Filter dropping message: frame 'os_lidar' at time 282638.611 for reason 'the timestamp on the message is earlier than all the data in the transform cache'
[INFO] [1754690569.034877062] [slam_toolbox]: Message Filter dropping message: frame 'os_lidar' at time 282638.711 for reason 'the timestamp on the message is earlier than all the data in the transform cache'
[INFO] [1754690569.234756054] [slam_toolbox]: Message Filter dropping message: frame 'os_lidar' at time 282638.911 for reason 'the timestamp on the message is earlier than all the data in the transform cache'
[INFO] [1754690569.334770835] [slam_toolbox]: Message Filter dropping message: frame 'os_lidar' at time 282639.011 for reason 'the timestamp on the message is earlier than all the data in the transform cache'
[INFO] [1754690569.434784235] [slam_toolbox]: Message Filter dropping message: frame 'os_lidar' at time 282639.111 for reason 'the timestamp on the message is earlier than all the data in the transform cache'
[INFO] [1754690569.735278892] [slam_toolbox]: Message Filter dropping message: frame 'os_lidar' at time 282639.411 for reason 'the timestamp on the message is earlier than all the data in the transform cache'
[INFO] [1754690570.335190156] [slam_toolbox]: Message Filter dropping message: frame 'os_lidar' at time 282640.011 for reason 'the timestamp on the message is earlier than all the data in the transform cache'
[INFO] [1754690570.536528206] [slam_toolbox]: Message Filter dropping message: frame 'os_lidar' at time 282640.211 for reason 'the timestamp on the message is earlier than all the data in the transform cache'
[INFO] [1754690570.635471016] [slam_toolbox]: Message Filter dropping message: frame 'os_lidar' at time 282640.311 for reason 'the timestamp on the message is earlier than all the data in the transform cache'
[INFO] [1754690570.735335018] [slam_toolbox]: Message Filter dropping message: frame 'os_lidar' at time 282640.411 for reason 'the timestamp on the message is earlier than all the data in the transform cache'
[INFO] [1754690570.834386607] [slam_toolbox]: Message Filter dropping message: frame 'os_lidar' at time 282640.511 for reason 'the timestamp on the message is earlier than all the data in the transform cache'
[INFO] [1754690570.934963083] [slam_toolbox]: Message Filter dropping message: frame 'os_lidar' at time 282640.611 for reason 'the timestamp on the message is earlier than all the data in the transform cache'
[INFO] [1754690571.034299000] [slam_toolbox]: Message Filter dropping message: frame 'os_lidar' at time 282640.711 for reason 'the timestamp on the message is earlier than all the data in the transform cache'
[INFO] [1754690571.134433379] [slam_toolbox]: Message Filter dropping message: frame 'os_lidar' at time 282640.811 for reason 'the timestamp on the message is earlier than all the data in the transform cache'
[INFO] [1754690571.234001544] [slam_toolbox]: Message Filter dropping message: frame 'os_lidar' at time 282640.911 for reason 'the timestamp on the message is earlier than all the data in the transform cache'
[INFO] [1754690571.334066005] [slam_toolbox]: Message Filter dropping message: frame 'os_lidar' at time 282641.011 for reason 'the timestamp on the message is earlier than all the data in the transform cache'
[INFO] [1754690571.434336403] [slam_toolbox]: Message Filter dropping message: frame 'os_lidar' at time 282641.111 for reason 'the timestamp on the message is earlier than all the data in the transform cache'
[INFO] [1754690571.534362684] [slam_toolbox]: Message Filter dropping message: frame 'os_lidar' at time 282641.211 for reason 'the timestamp on the message is earlier than all the data in the transform cache'
[INFO] [1754690571.634079838] [slam_toolbox]: Message Filter dropping message: frame 'os_lidar' at time 282641.311 for reason 'the timestamp on the message is earlier than all the data in the transform cache'
[INFO] [1754690571.734153248] [slam_toolbox]: Message Filter dropping message: frame 'os_lidar' at time 282641.411 for reason 'the timestamp on the message is earlier than all the data in the transform cache'
[INFO] [1754690571.837093743] [slam_toolbox]: Message Filter dropping message: frame 'os_lidar' at time 282641.511 for reason 'the timestamp on the message is earlier than all the data in the transform cache'
[INFO] [1754690571.935025012] [slam_toolbox]: Message Filter dropping message: frame 'os_lidar' at time 282641.611 for reason 'the timestamp on the message is earlier than all the data in the transform cache'
[INFO] [1754690572.134505269] [slam_toolbox]: Message Filter dropping message: frame 'os_lidar' at time 282641.811 for reason 'the timestamp on the message is earlier than all the data in the transform cache'
[INFO] [1754690572.235260134] [slam_toolbox]: Message Filter dropping message: frame 'os_lidar' at time 282641.911 for reason 'the timestamp on the message is earlier than all the data in the transform cache'
[INFO] [1754690572.334414883] [slam_toolbox]: Message Filter dropping message: frame 'os_lidar' at time 282642.011 for reason 'the timestamp on the message is earlier than all the data in the transform cache'
[INFO] [1754690572.434444134] [slam_toolbox]: Message Filter dropping message: frame 'os_lidar' at time 282642.111 for reason 'the timestamp on the message is earlier than all the data in the transform cache'
[INFO] [1754690572.534856701] [slam_toolbox]: Message Filter dropping message: frame 'os_lidar' at time 282642.211 for reason 'the timestamp on the message is earlier than all the data in the transform cache'
[INFO] [1754690572.635045381] [slam_toolbox]: Message Filter dropping message: frame 'os_lidar' at time 282642.311 for reason 'the timestamp on the message is earlier than all the data in the transform cache'
[INFO] [1754690572.734455677] [slam_toolbox]: Message Filter dropping message: frame 'os_lidar' at time 282642.411 for reason 'the timestamp on the message is earlier than all the data in the transform cache'
[INFO] [1754690572.834460319] [slam_toolbox]: Message Filter dropping message: frame 'os_lidar' at time 282642.511 for reason 'the timestamp on the message is earlier than all the data in the transform cache'
[INFO] [1754690572.935306132] [slam_toolbox]: Message Filter dropping message: frame 'os_lidar' at time 282642.611 for reason 'the timestamp on the message is earlier than all the data in the transform cache'
[INFO] [1754690573.035175885] [slam_toolbox]: Message Filter dropping message: frame 'os_lidar' at time 282642.711 for reason 'the timestamp on the message is earlier than all the data in the transform cache'
[INFO] [1754690573.334541545] [slam_toolbox]: Message Filter dropping message: frame 'os_lidar' at time 282643.011 for reason 'the timestamp on the message is earlier than all the data in the transform cache'
[INFO] [1754690573.435629487] [slam_toolbox]: Message Filter dropping message: frame 'os_lidar' at time 282643.111 for reason 'the timestamp on the message is earlier than all the data in the transform cache'
[INFO] [1754690573.734778069] [slam_toolbox]: Message Filter dropping message: frame 'os_lidar' at time 282643.411 for reason 'the timestamp on the message is earlier than all the data in the transform cache'
[INFO] [1754690573.835109378] [slam_toolbox]: Message Filter dropping message: frame 'os_lidar' at time 282643.511 for reason 'the timestamp on the message is earlier than all the data in the transform cache'
[INFO] [1754690573.935297908] [slam_toolbox]: Message Filter dropping message: frame 'os_lidar' at time 282643.611 for reason 'the timestamp on the message is earlier than all the data in the transform cache'
[INFO] [1754690574.334868869] [slam_toolbox]: Message Filter dropping message: frame 'os_lidar' at time 282644.011 for reason 'the timestamp on the message is earlier than all the data in the transform cache'
[INFO] [1754690574.535082681] [slam_toolbox]: Message Filter dropping message: frame 'os_lidar' at time 282644.211 for reason 'the timestamp on the message is earlier than all the data in the transform cache'
[INFO] [1754690574.635421920] [slam_toolbox]: Message Filter dropping message: frame 'os_lidar' at time 282644.311 for reason 'the timestamp on the message is earlier than all the data in the transform cache'
[INFO] [1754690574.734983375] [slam_toolbox]: Message Filter dropping message: frame 'os_lidar' at time 282644.411 for reason 'the timestamp on the message is earlier than all the data in the transform cache'
[INFO] [1754690574.935232737] [slam_toolbox]: Message Filter dropping message: frame 'os_lidar' at time 282644.611 for reason 'the timestamp on the message is earlier than all the data in the transform cache'
[INFO] [1754690575.035332078] [slam_toolbox]: Message Filter dropping message: frame 'os_lidar' at time 282644.711 for reason 'the timestamp on the message is earlier than all the data in the transform cache'
[INFO] [1754690575.137381212] [slam_toolbox]: Message Filter dropping message: frame 'os_lidar' at time 282644.811 for reason 'the timestamp on the message is earlier than all the data in the transform cache'
[INFO] [1754690575.234738337] [slam_toolbox]: Message Filter dropping message: frame 'os_lidar' at time 282644.911 for reason 'the timestamp on the message is earlier than all the data in the transform cache'
[INFO] [1754690575.334805279] [slam_toolbox]: Message Filter dropping message: frame 'os_lidar' at time 282645.011 for reason 'the timestamp on the message is earlier than all the data in the transform cache'
[INFO] [1754690575.436874903] [slam_toolbox]: Message Filter dropping message: frame 'os_lidar' at time 282645.111 for reason 'the timestamp on the message is earlier than all the data in the transform cache'
[INFO] [1754690575.535008171] [slam_toolbox]: Message Filter dropping message: frame 'os_lidar' at time 282645.211 for reason 'the timestamp on the message is earlier than all the data in the transform cache'
[INFO] [1754690575.635296781] [slam_toolbox]: Message Filter dropping message: frame 'os_lidar' at time 282645.311 for reason 'the timestamp on the message is earlier than all the data in the transform cache'
[INFO] [1754690575.735752859] [slam_toolbox]: Message Filter dropping message: frame 'os_lidar' at time 282645.411 for reason 'the timestamp on the message is earlier than all the data in the transform cache'
[INFO] [1754690575.836185047] [slam_toolbox]: Message Filter dropping message: frame 'os_lidar' at time 282645.511 for reason 'the timestamp on the message is earlier than all the data in the transform cache'
[INFO] [1754690575.935177898] [slam_toolbox]: Message Filter dropping message: frame 'os_lidar' at time 282645.611 for reason 'the timestamp on the message is earlier than all the data in the transform cache'
[INFO] [1754690576.035569917] [slam_toolbox]: Message Filter dropping message: frame 'os_lidar' at time 282645.710 for reason 'the timestamp on the message is earlier than all the data in the transform cache'
[INFO] [1754690576.134706037] [slam_toolbox]: Message Filter dropping message: frame 'os_lidar' at time 282645.810 for reason 'the timestamp on the message is earlier than all the data in the transform cache'
[INFO] [1754690576.236310815] [slam_toolbox]: Message Filter dropping message: frame 'os_lidar' at time 282645.910 for reason 'the timestamp on the message is earlier than all the data in the transform cache'
[INFO] [1754690576.336861873] [slam_toolbox]: Message Filter dropping message: frame 'os_lidar' at time 282646.010 for reason 'the timestamp on the message is earlier than all the data in the transform cache'
[INFO] [1754690576.435342758] [slam_toolbox]: Message Filter dropping message: frame 'os_lidar' at time 282646.110 for reason 'the timestamp on the message is earlier than all the data in the transform cache'
[INFO] [1754690576.534952904] [slam_toolbox]: Message Filter dropping message: frame 'os_lidar' at time 282646.211 for reason 'the timestamp on the message is earlier than all the data in the transform cache'
[INFO] [1754690576.634926467] [slam_toolbox]: Message Filter dropping message: frame 'os_lidar' at time 282646.311 for reason 'the timestamp on the message is earlier than all the data in the transform cache'
[INFO] [1754690576.735582693] [slam_toolbox]: Message Filter dropping message: frame 'os_lidar' at time 282646.411 for reason 'the timestamp on the message is earlier than all the data in the transform cache'
[INFO] [1754690576.834631234] [slam_toolbox]: Message Filter dropping message: frame 'os_lidar' at time 282646.511 for reason 'the timestamp on the message is earlier than all the data in the transform cache'
[INFO] [1754690576.935025613] [slam_toolbox]: Message Filter dropping message: frame 'os_lidar' at time 282646.610 for reason 'the timestamp on the message is earlier than all the data in the transform cache'
[INFO] [1754690577.035154634] [slam_toolbox]: Message Filter dropping message: frame 'os_lidar' at time 282646.710 for reason 'the timestamp on the message is earlier than all the data in the transform cache'
[INFO] [1754690577.135195427] [slam_toolbox]: Message Filter dropping message: frame 'os_lidar' at time 282646.810 for reason 'the timestamp on the message is earlier than all the data in the transform cache'
[INFO] [1754690577.234737053] [slam_toolbox]: Message Filter dropping message: frame 'os_lidar' at time 282646.910 for reason 'the timestamp on the message is earlier than all the data in the transform cache'
[INFO] [1754690577.334968174] [slam_toolbox]: Message Filter dropping message: frame 'os_lidar' at time 282647.010 for reason 'the timestamp on the message is earlier than all the data in the transform cache'
[INFO] [1754690577.434811858] [slam_toolbox]: Message Filter dropping message: frame 'os_lidar' at time 282647.110 for reason 'the timestamp on the message is earlier than all the data in the transform cache'
[INFO] [1754690577.534996629] [slam_toolbox]: Message Filter dropping message: frame 'os_lidar' at time 282647.210 for reason 'the timestamp on the message is earlier than all the data in the transform cache'
[INFO] [1754690577.634475516] [slam_toolbox]: Message Filter dropping message: frame 'os_lidar' at time 282647.310 for reason 'the timestamp on the message is earlier than all the data in the transform cache'
[INFO] [1754690577.735223682] [slam_toolbox]: Message Filter dropping message: frame 'os_lidar' at time 282647.410 for reason 'the timestamp on the message is earlier than all the data in the transform cache'
[INFO] [1754690577.834734059] [slam_toolbox]: Message Filter dropping message: frame 'os_lidar' at time 282647.510 for reason 'the timestamp on the message is earlier than all the data in the transform cache'
[INFO] [1754690577.934795071] [slam_toolbox]: Message Filter dropping message: frame 'os_lidar' at time 282647.610 for reason 'the timestamp on the message is earlier than all the data in the transform cache'
[INFO] [1754690578.038771389] [slam_toolbox]: Message Filter dropping message: frame 'os_lidar' at time 282647.710 for reason 'the timestamp on the message is earlier than all the data in the transform cache'
[INFO] [1754690578.134992335] [slam_toolbox]: Message Filter dropping message: frame 'os_lidar' at time 282647.810 for reason 'the timestamp on the message is earlier than all the data in the transform cache'
[INFO] [1754690578.234815020] [slam_toolbox]: Message Filter dropping message: frame 'os_lidar' at time 282647.910 for reason 'the timestamp on the message is earlier than all the data in the transform cache'
[INFO] [1754690578.335038731] [slam_toolbox]: Message Filter dropping message: frame 'os_lidar' at time 282648.010 for reason 'the timestamp on the message is earlier than all the data in the transform cache'
[INFO] [1754690578.435289142] [slam_toolbox]: Message Filter dropping message: frame 'os_lidar' at time 282648.110 for reason 'the timestamp on the message is earlier than all the data in the transform cache'
[INFO] [1754690578.534580961] [slam_toolbox]: Message Filter dropping message: frame 'os_lidar' at time 282648.210 for reason 'the timestamp on the message is earlier than all the data in the transform cache'
[INFO] [1754690578.634598133] [slam_toolbox]: Message Filter dropping message: frame 'os_lidar' at time 282648.310 for reason 'the timestamp on the message is earlier than all the data in the transform cache'
[INFO] [1754690578.734707055] [slam_toolbox]: Message Filter dropping message: frame 'os_lidar' at time 282648.410 for reason 'the timestamp on the message is earlier than all the data in the transform cache'
[INFO] [1754690578.834780398] [slam_toolbox]: Message Filter dropping message: frame 'os_lidar' at time 282648.510 for reason 'the timestamp on the message is earlier than all the data in the transform cache'
[INFO] [1754690578.934704601] [slam_toolbox]: Message Filter dropping message: frame 'os_lidar' at time 282648.610 for reason 'the timestamp on the message is earlier than all the data in the transform cache'
[INFO] [1754690579.034701044] [slam_toolbox]: Message Filter dropping message: frame 'os_lidar' at time 282648.710 for reason 'the timestamp on the message is earlier than all the data in the transform cache'
[INFO] [1754690579.134252921] [slam_toolbox]: Message Filter dropping message: frame 'os_lidar' at time 282648.810 for reason 'the timestamp on the message is earlier than all the data in the transform cache'
[INFO] [1754690579.234270154] [slam_toolbox]: Message Filter dropping message: frame 'os_lidar' at time 282648.910 for reason 'the timestamp on the message is earlier than all the data in the transform cache'
[INFO] [1754690579.334345277] [slam_toolbox]: Message Filter dropping message: frame 'os_lidar' at time 282649.010 for reason 'the timestamp on the message is earlier than all the data in the transform cache'
[INFO] [1754690579.434417269] [slam_toolbox]: Message Filter dropping message: frame 'os_lidar' at time 282649.110 for reason 'the timestamp on the message is earlier than all the data in the transform cache'
[INFO] [1754690579.737194894] [slam_toolbox]: Message Filter dropping message: frame 'os_lidar' at time 282649.410 for reason 'the timestamp on the message is earlier than all the data in the transform cache'
[INFO] [1754690579.835804820] [slam_toolbox]: Message Filter dropping message: frame 'os_lidar' at time 282649.510 for reason 'the timestamp on the message is earlier than all the data in the transform cache'
[INFO] [1754690579.938626228] [slam_toolbox]: Message Filter dropping message: frame 'os_lidar' at time 282649.610 for reason 'the timestamp on the message is earlier than all the data in the transform cache'
[INFO] [1754690580.034657176] [slam_toolbox]: Message Filter dropping message: frame 'os_lidar' at time 282649.710 for reason 'the timestamp on the message is earlier than all the data in the transform cache'
[INFO] [1754690580.135197795] [slam_toolbox]: Message Filter dropping message: frame 'os_lidar' at time 282649.810 for reason 'the timestamp on the message is earlier than all the data in the transform cache'
[INFO] [1754690580.234526615] [slam_toolbox]: Message Filter dropping message: frame 'os_lidar' at time 282649.910 for reason 'the timestamp on the message is earlier than all the data in the transform cache'
[INFO] [1754690580.334777186] [slam_toolbox]: Message Filter dropping message: frame 'os_lidar' at time 282650.010 for reason 'the timestamp on the message is earlier than all the data in the transform cache'
[INFO] [1754690580.435925359] [slam_toolbox]: Message Filter dropping message: frame 'os_lidar' at time 282650.110 for reason 'the timestamp on the message is earlier than all the data in the transform cache'
[INFO] [1754690580.535193029] [slam_toolbox]: Message Filter dropping message: frame 'os_lidar' at time 282650.210 for reason 'the timestamp on the message is earlier than all the data in the transform cache'
[INFO] [1754690580.634921995] [slam_toolbox]: Message Filter dropping message: frame 'os_lidar' at time 282650.310 for reason 'the timestamp on the message is earlier than all the data in the transform cache'
[INFO] [1754690580.734685790] [slam_toolbox]: Message Filter dropping message: frame 'os_lidar' at time 282650.410 for reason 'the timestamp on the message is earlier than all the data in the transform cache'
[INFO] [1754690580.834928372] [slam_toolbox]: Message Filter dropping message: frame 'os_lidar' at time 282650.510 for reason 'the timestamp on the message is earlier than all the data in the transform cache'
[INFO] [1754690580.934699397] [slam_toolbox]: Message Filter dropping message: frame 'os_lidar' at time 282650.610 for reason 'the timestamp on the message is earlier than all the data in the transform cache'
[INFO] [1754690581.035991390] [slam_toolbox]: Message Filter dropping message: frame 'os_lidar' at time 282650.710 for reason 'the timestamp on the message is earlier than all the data in the transform cache'
[INFO] [1754690581.134951512] [slam_toolbox]: Message Filter dropping message: frame 'os_lidar' at time 282650.810 for reason 'the timestamp on the message is earlier than all the data in the transform cache'
[INFO] [1754690581.235110465] [slam_toolbox]: Message Filter dropping message: frame 'os_lidar' at time 282650.910 for reason 'the timestamp on the message is earlier than all the data in the transform cache'
[INFO] [1754690581.335215257] [slam_toolbox]: Message Filter dropping message: frame 'os_lidar' at time 282651.010 for reason 'the timestamp on the message is earlier than all the data in the transform cache'
[INFO] [1754690581.435379390] [slam_toolbox]: Message Filter dropping message: frame 'os_lidar' at time 282651.110 for reason 'the timestamp on the message is earlier than all the data in the transform cache'
[INFO] [1754690581.534999427] [slam_toolbox]: Message Filter dropping message: frame 'os_lidar' at time 282651.210 for reason 'the timestamp on the message is earlier than all the data in the transform cache'
[INFO] [1754690581.635043840] [slam_toolbox]: Message Filter dropping message: frame 'os_lidar' at time 282651.310 for reason 'the timestamp on the message is earlier than all the data in the transform cache'
[INFO] [1754690581.734465499] [slam_toolbox]: Message Filter dropping message: frame 'os_lidar' at time 282651.410 for reason 'the timestamp on the message is earlier than all the data in the transform cache'
[INFO] [1754690581.838760515] [slam_toolbox]: Message Filter dropping message: frame 'os_lidar' at time 282651.510 for reason 'the timestamp on the message is earlier than all the data in the transform cache'
[INFO] [1754690581.935064821] [slam_toolbox]: Message Filter dropping message: frame 'os_lidar' at time 282651.610 for reason 'the timestamp on the message is earlier than all the data in the transform cache'
[INFO] [1754690582.036762580] [slam_toolbox]: Message Filter dropping message: frame 'os_lidar' at time 282651.710 for reason 'the timestamp on the message is earlier than all the data in the transform cache'
[INFO] [1754690582.135171638] [slam_toolbox]: Message Filter dropping message: frame 'os_lidar' at time 282651.810 for reason 'the timestamp on the message is earlier than all the data in the transform cache'
[INFO] [1754690582.236264462] [slam_toolbox]: Message Filter dropping message: frame 'os_lidar' at time 282651.910 for reason 'the timestamp on the message is earlier than all the data in the transform cache'
[INFO] [1754690582.334548131] [slam_toolbox]: Message Filter dropping message: frame 'os_lidar' at time 282652.010 for reason 'the timestamp on the message is earlier than all the data in the transform cache'
[INFO] [1754690582.434388217] [slam_toolbox]: Message Filter dropping message: frame 'os_lidar' at time 282652.110 for reason 'the timestamp on the message is earlier than all the data in the transform cache'
[INFO] [1754690582.534185473] [slam_toolbox]: Message Filter dropping message: frame 'os_lidar' at time 282652.210 for reason 'the timestamp on the message is earlier than all the data in the transform cache'
[INFO] [1754690582.634331335] [slam_toolbox]: Message Filter dropping message: frame 'os_lidar' at time 282652.310 for reason 'the timestamp on the message is earlier than all the data in the transform cache'
[INFO] [1754690582.734247270] [slam_toolbox]: Message Filter dropping message: frame 'os_lidar' at time 282652.410 for reason 'the timestamp on the message is earlier than all the data in the transform cache'
[INFO] [1754690582.834263714] [slam_toolbox]: Message Filter dropping message: frame 'os_lidar' at time 282652.510 for reason 'the timestamp on the message is earlier than all the data in the transform cache'
[INFO] [1754690582.934624015] [slam_toolbox]: Message Filter dropping message: frame 'os_lidar' at time 282652.610 for reason 'the timestamp on the message is earlier than all the data in the transform cache'
[INFO] [1754690583.035405802] [slam_toolbox]: Message Filter dropping message: frame 'os_lidar' at time 282652.710 for reason 'the timestamp on the message is earlier than all the data in the transform cache'
[INFO] [1754690583.134715442] [slam_toolbox]: Message Filter dropping message: frame 'os_lidar' at time 282652.810 for reason 'the timestamp on the message is earlier than all the data in the transform cache'
[INFO] [1754690583.235617698] [slam_toolbox]: Message Filter dropping message: frame 'os_lidar' at time 282652.910 for reason 'the timestamp on the message is earlier than all the data in the transform cache'
[INFO] [1754690583.335022148] [slam_toolbox]: Message Filter dropping message: frame 'os_lidar' at time 282653.010 for reason 'the timestamp on the message is earlier than all the data in the transform cache'
[INFO] [1754690583.435083522] [slam_toolbox]: Message Filter dropping message: frame 'os_lidar' at time 282653.110 for reason 'the timestamp on the message is earlier than all the data in the transform cache'
[INFO] [1754690583.535864669] [slam_toolbox]: Message Filter dropping message: frame 'os_lidar' at time 282653.210 for reason 'the timestamp on the message is earlier than all the data in the transform cache'
[INFO] [1754690583.635218169] [slam_toolbox]: Message Filter dropping message: frame 'os_lidar' at time 282653.310 for reason 'the timestamp on the message is earlier than all the data in the transform cache'
[INFO] [1754690583.735018625] [slam_toolbox]: Message Filter dropping message: frame 'os_lidar' at time 282653.410 for reason 'the timestamp on the message is earlier than all the data in the transform cache'
[INFO] [1754690583.835395916] [slam_toolbox]: Message Filter dropping message: frame 'os_lidar' at time 282653.510 for reason 'the timestamp on the message is earlier than all the data in the transform cache'
[INFO] [1754690583.935074453] [slam_toolbox]: Message Filter dropping message: frame 'os_lidar' at time 282653.610 for reason 'the timestamp on the message is earlier than all the data in the transform cache'
[INFO] [1754690584.035047388] [slam_toolbox]: Message Filter dropping message: frame 'os_lidar' at time 282653.710 for reason 'the timestamp on the message is earlier than all the data in the transform cache'
[INFO] [1754690584.134985793] [slam_toolbox]: Message Filter dropping message: frame 'os_lidar' at time 282653.810 for reason 'the timestamp on the message is earlier than all the data in the transform cache'
[INFO] [1754690584.234874968] [slam_toolbox]: Message Filter dropping message: frame 'os_lidar' at time 282653.910 for reason 'the timestamp on the message is earlier than all the data in the transform cache'
[INFO] [1754690584.334706314] [slam_toolbox]: Message Filter dropping message: frame 'os_lidar' at time 282654.010 for reason 'the timestamp on the message is earlier than all the data in the transform cache'
[INFO] [1754690584.434511180] [slam_toolbox]: Message Filter dropping message: frame 'os_lidar' at time 282654.110 for reason 'the timestamp on the message is earlier than all the data in the transform cache'
[INFO] [1754690584.534877072] [slam_toolbox]: Message Filter dropping message: frame 'os_lidar' at time 282654.210 for reason 'the timestamp on the message is earlier than all the data in the transform cache'
[INFO] [1754690584.634453160] [slam_toolbox]: Message Filter dropping message: frame 'os_lidar' at time 282654.310 for reason 'the timestamp on the message is earlier than all the data in the transform cache'
[INFO] [1754690584.734620753] [slam_toolbox]: Message Filter dropping message: frame 'os_lidar' at time 282654.410 for reason 'the timestamp on the message is earlier than all the data in the transform cache'
[INFO] [1754690584.834721616] [slam_toolbox]: Message Filter dropping message: frame 'os_lidar' at time 282654.510 for reason 'the timestamp on the message is earlier than all the data in the transform cache'
[INFO] [1754690584.934516253] [slam_toolbox]: Message Filter dropping message: frame 'os_lidar' at time 282654.610 for reason 'the timestamp on the message is earlier than all the data in the transform cache'
[INFO] [1754690585.034712766] [slam_toolbox]: Message Filter dropping message: frame 'os_lidar' at time 282654.710 for reason 'the timestamp on the message is earlier than all the data in the transform cache'
[INFO] [1754690585.134565342] [slam_toolbox]: Message Filter dropping message: frame 'os_lidar' at time 282654.810 for reason 'the timestamp on the message is earlier than all the data in the transform cache'
[INFO] [1754690585.234531047] [slam_toolbox]: Message Filter dropping message: frame 'os_lidar' at time 282654.910 for reason 'the timestamp on the message is earlier than all the data in the transform cache'
[INFO] [1754690585.334271754] [slam_toolbox]: Message Filter dropping message: frame 'os_lidar' at time 282655.010 for reason 'the timestamp on the message is earlier than all the data in the transform cache'
[INFO] [1754690585.434292039] [slam_toolbox]: Message Filter dropping message: frame 'os_lidar' at time 282655.110 for reason 'the timestamp on the message is earlier than all the data in the transform cache'
[INFO] [1754690585.535374604] [slam_toolbox]: Message Filter dropping message: frame 'os_lidar' at time 282655.210 for reason 'the timestamp on the message is earlier than all the data in the transform cache'
[INFO] [1754690585.635225240] [slam_toolbox]: Message Filter dropping message: frame 'os_lidar' at time 282655.310 for reason 'the timestamp on the message is earlier than all the data in the transform cache'
[INFO] [1754690585.735368724] [slam_toolbox]: Message Filter dropping message: frame 'os_lidar' at time 282655.410 for reason 'the timestamp on the message is earlier than all the data in the transform cache'
[INFO] [1754690585.838677539] [slam_toolbox]: Message Filter dropping message: frame 'os_lidar' at time 282655.510 for reason 'the timestamp on the message is earlier than all the data in the transform cache'
[INFO] [1754690585.935060586] [slam_toolbox]: Message Filter dropping message: frame 'os_lidar' at time 282655.610 for reason 'the timestamp on the message is earlier than all the data in the transform cache'
[INFO] [1754690586.034663754] [slam_toolbox]: Message Filter dropping message: frame 'os_lidar' at time 282655.710 for reason 'the timestamp on the message is earlier than all the data in the transform cache'
[INFO] [1754690586.134665279] [slam_toolbox]: Message Filter dropping message: frame 'os_lidar' at time 282655.810 for reason 'the timestamp on the message is earlier than all the data in the transform cache'
[INFO] [1754690586.235094071] [slam_toolbox]: Message Filter dropping message: frame 'os_lidar' at time 282655.910 for reason 'the timestamp on the message is earlier than all the data in the transform cache'
[INFO] [1754690586.334377652] [slam_toolbox]: Message Filter dropping message: frame 'os_lidar' at time 282656.010 for reason 'the timestamp on the message is earlier than all the data in the transform cache'
[INFO] [1754690586.434676084] [slam_toolbox]: Message Filter dropping message: frame 'os_lidar' at time 282656.110 for reason 'the timestamp on the message is earlier than all the data in the transform cache'
[INFO] [1754690586.534779339] [slam_toolbox]: Message Filter dropping message: frame 'os_lidar' at time 282656.210 for reason 'the timestamp on the message is earlier than all the data in the transform cache'
[INFO] [1754690586.634802353] [slam_toolbox]: Message Filter dropping message: frame 'os_lidar' at time 282656.310 for reason 'the timestamp on the message is earlier than all the data in the transform cache'
[INFO] [1754690586.735119156] [slam_toolbox]: Message Filter dropping message: frame 'os_lidar' at time 282656.410 for reason 'the timestamp on the message is earlier than all the data in the transform cache'
[INFO] [1754690586.834742924] [slam_toolbox]: Message Filter dropping message: frame 'os_lidar' at time 282656.510 for reason 'the timestamp on the message is earlier than all the data in the transform cache'
[INFO] [1754690586.935309854] [slam_toolbox]: Message Filter dropping message: frame 'os_lidar' at time 282656.609 for reason 'the timestamp on the message is earlier than all the data in the transform cache'
[INFO] [1754690587.034686565] [slam_toolbox]: Message Filter dropping message: frame 'os_lidar' at time 282656.709 for reason 'the timestamp on the message is earlier than all the data in the transform cache'
[INFO] [1754690587.134528351] [slam_toolbox]: Message Filter dropping message: frame 'os_lidar' at time 282656.809 for reason 'the timestamp on the message is earlier than all the data in the transform cache'
[INFO] [1754690587.235046022] [slam_toolbox]: Message Filter dropping message: frame 'os_lidar' at time 282656.909 for reason 'the timestamp on the message is earlier than all the data in the transform cache'
[INFO] [1754690587.335400004] [slam_toolbox]: Message Filter dropping message: frame 'os_lidar' at time 282657.009 for reason 'the timestamp on the message is earlier than all the data in the transform cache'
[INFO] [1754690587.434699666] [slam_toolbox]: Message Filter dropping message: frame 'os_lidar' at time 282657.109 for reason 'the timestamp on the message is earlier than all the data in the transform cache'
[INFO] [1754690587.534869350] [slam_toolbox]: Message Filter dropping message: frame 'os_lidar' at time 282657.209 for reason 'the timestamp on the message is earlier than all the data in the transform cache'
[INFO] [1754690587.634860675] [slam_toolbox]: Message Filter dropping message: frame 'os_lidar' at time 282657.309 for reason 'the timestamp on the message is earlier than all the data in the transform cache'
[INFO] [1754690587.734657092] [slam_toolbox]: Message Filter dropping message: frame 'os_lidar' at time 282657.409 for reason 'the timestamp on the message is earlier than all the data in the transform cache'
[INFO] [1754690587.834540678] [slam_toolbox]: Message Filter dropping message: frame 'os_lidar' at time 282657.509 for reason 'the timestamp on the message is earlier than all the data in the transform cache'
[INFO] [1754690587.934521284] [slam_toolbox]: Message Filter dropping message: frame 'os_lidar' at time 282657.609 for reason 'the timestamp on the message is earlier than all the data in the transform cache'
[INFO] [1754690588.034669258] [slam_toolbox]: Message Filter dropping message: frame 'os_lidar' at time 282657.709 for reason 'the timestamp on the message is earlier than all the data in the transform cache'
[INFO] [1754690588.134753873] [slam_toolbox]: Message Filter dropping message: frame 'os_lidar' at time 282657.809 for reason 'the timestamp on the message is earlier than all the data in the transform cache'
[INFO] [1754690588.234786698] [slam_toolbox]: Message Filter dropping message: frame 'os_lidar' at time 282657.909 for reason 'the timestamp on the message is earlier than all the data in the transform cache'
[INFO] [1754690588.334953862] [slam_toolbox]: Message Filter dropping message: frame 'os_lidar' at time 282658.009 for reason 'the timestamp on the message is earlier than all the data in the transform cache'
[INFO] [1754690588.435581743] [slam_toolbox]: Message Filter dropping message: frame 'os_lidar' at time 282658.109 for reason 'the timestamp on the message is earlier than all the data in the transform cache'
[INFO] [1754690588.534769765] [slam_toolbox]: Message Filter dropping message: frame 'os_lidar' at time 282658.209 for reason 'the timestamp on the message is earlier than all the data in the transform cache'
[INFO] [1754690588.635648163] [slam_toolbox]: Message Filter dropping message: frame 'os_lidar' at time 282658.309 for reason 'the timestamp on the message is earlier than all the data in the transform cache'
[INFO] [1754690588.735297292] [slam_toolbox]: Message Filter dropping message: frame 'os_lidar' at time 282658.409 for reason 'the timestamp on the message is earlier than all the data in the transform cache'
[INFO] [1754690588.834706272] [slam_toolbox]: Message Filter dropping message: frame 'os_lidar' at time 282658.509 for reason 'the timestamp on the message is earlier than all the data in the transform cache'
[INFO] [1754690588.934581549] [slam_toolbox]: Message Filter dropping message: frame 'os_lidar' at time 282658.609 for reason 'the timestamp on the message is earlier than all the data in the transform cache'
[INFO] [1754690589.034921732] [slam_toolbox]: Message Filter dropping message: frame 'os_lidar' at time 282658.709 for reason 'the timestamp on the message is earlier than all the data in the transform cache'
[INFO] [1754690589.138684705] [slam_toolbox]: Message Filter dropping message: frame 'os_lidar' at time 282658.809 for reason 'the timestamp on the message is earlier than all the data in the transform cache'
[INFO] [1754690589.634588300] [slam_toolbox]: Message Filter dropping message: frame 'os_lidar' at time 282659.309 for reason 'the timestamp on the message is earlier than all the data in the transform cache'
[INFO] [1754690589.734899563] [slam_toolbox]: Message Filter dropping message: frame 'os_lidar' at time 282659.409 for reason 'the timestamp on the message is earlier than all the data in the transform cache'
[INFO] [1754690589.835009058] [slam_toolbox]: Message Filter dropping message: frame 'os_lidar' at time 282659.509 for reason 'the timestamp on the message is earlier than all the data in the transform cache'
[INFO] [1754690589.935459990] [slam_toolbox]: Message Filter dropping message: frame 'os_lidar' at time 282659.609 for reason 'the timestamp on the message is earlier than all the data in the transform cache'
[INFO] [1754690590.034888151] [slam_toolbox]: Message Filter dropping message: frame 'os_lidar' at time 282659.709 for reason 'the timestamp on the message is earlier than all the data in the transform cache'
[INFO] [1754690590.334781790] [slam_toolbox]: Message Filter dropping message: frame 'os_lidar' at time 282660.009 for reason 'the timestamp on the message is earlier than all the data in the transform cache'
[INFO] [1754690590.535158159] [slam_toolbox]: Message Filter dropping message: frame 'os_lidar' at time 282660.209 for reason 'the timestamp on the message is earlier than all the data in the transform cache'
[INFO] [1754690590.934934245] [slam_toolbox]: Message Filter dropping message: frame 'os_lidar' at time 282660.609 for reason 'the timestamp on the message is earlier than all the data in the transform cache'
[INFO] [1754690591.034716063] [slam_toolbox]: Message Filter dropping message: frame 'os_lidar' at time 282660.709 for reason 'the timestamp on the message is earlier than all the data in the transform cache'
[INFO] [1754690591.134933858] [slam_toolbox]: Message Filter dropping message: frame 'os_lidar' at time 282660.809 for reason 'the timestamp on the message is earlier than all the data in the transform cache'
[INFO] [1754690591.234797575] [slam_toolbox]: Message Filter dropping message: frame 'os_lidar' at time 282660.909 for reason 'the timestamp on the message is earlier than all the data in the transform cache'
[INFO] [1754690591.334885121] [slam_toolbox]: Message Filter dropping message: frame 'os_lidar' at time 282661.009 for reason 'the timestamp on the message is earlier than all the data in the transform cache'
[INFO] [1754690591.434474951] [slam_toolbox]: Message Filter dropping message: frame 'os_lidar' at time 282661.109 for reason 'the timestamp on the message is earlier than all the data in the transform cache'
[INFO] [1754690591.734319992] [slam_toolbox]: Message Filter dropping message: frame 'os_lidar' at time 282661.409 for reason 'the timestamp on the message is earlier than all the data in the transform cache'
[INFO] [1754690591.834774634] [slam_toolbox]: Message Filter dropping message: frame 'os_lidar' at time 282661.509 for reason 'the timestamp on the message is earlier than all the data in the transform cache'
[INFO] [1754690591.934701581] [slam_toolbox]: Message Filter dropping message: frame 'os_lidar' at time 282661.609 for reason 'the timestamp on the message is earlier than all the data in the transform cache'
[INFO] [1754690592.035027345] [slam_toolbox]: Message Filter dropping message: frame 'os_lidar' at time 282661.709 for reason 'the timestamp on the message is earlier than all the data in the transform cache'
[INFO] [1754690592.134750784] [slam_toolbox]: Message Filter dropping message: frame 'os_lidar' at time 282661.809 for reason 'the timestamp on the message is earlier than all the data in the transform cache'
[INFO] [1754690592.234775510] [slam_toolbox]: Message Filter dropping message: frame 'os_lidar' at time 282661.909 for reason 'the timestamp on the message is earlier than all the data in the transform cache'
[INFO] [1754690592.334549489] [slam_toolbox]: Message Filter dropping message: frame 'os_lidar' at time 282662.009 for reason 'the timestamp on the message is earlier than all the data in the transform cache'
[INFO] [1754690592.434802833] [slam_toolbox]: Message Filter dropping message: frame 'os_lidar' at time 282662.109 for reason 'the timestamp on the message is earlier than all the data in the transform cache'
[INFO] [1754690592.534922059] [slam_toolbox]: Message Filter dropping message: frame 'os_lidar' at time 282662.209 for reason 'the timestamp on the message is earlier than all the data in the transform cache'
[INFO] [1754690592.635136073] [slam_toolbox]: Message Filter dropping message: frame 'os_lidar' at time 282662.309 for reason 'the timestamp on the message is earlier than all the data in the transform cache'
[INFO] [1754690592.735101381] [slam_toolbox]: Message Filter dropping message: frame 'os_lidar' at time 282662.409 for reason 'the timestamp on the message is earlier than all the data in the transform cache'
[INFO] [1754690592.834790530] [slam_toolbox]: Message Filter dropping message: frame 'os_lidar' at time 282662.509 for reason 'the timestamp on the message is earlier than all the data in the transform cache'
[INFO] [1754690592.934917105] [slam_toolbox]: Message Filter dropping message: frame 'os_lidar' at time 282662.609 for reason 'the timestamp on the message is earlier than all the data in the transform cache'
[INFO] [1754690593.035053061] [slam_toolbox]: Message Filter dropping message: frame 'os_lidar' at time 282662.709 for reason 'the timestamp on the message is earlier than all the data in the transform cache'
[INFO] [1754690593.136491035] [slam_toolbox]: Message Filter dropping message: frame 'os_lidar' at time 282662.809 for reason 'the timestamp on the message is earlier than all the data in the transform cache'
[INFO] [1754690593.234909436] [slam_toolbox]: Message Filter dropping message: frame 'os_lidar' at time 282662.909 for reason 'the timestamp on the message is earlier than all the data in the transform cache'
[INFO] [1754690593.334503916] [slam_toolbox]: Message Filter dropping message: frame 'os_lidar' at time 282663.009 for reason 'the timestamp on the message is earlier than all the data in the transform cache'
[INFO] [1754690593.435061779] [slam_toolbox]: Message Filter dropping message: frame 'os_lidar' at time 282663.109 for reason 'the timestamp on the message is earlier than all the data in the transform cache'
[INFO] [1754690593.534222073] [slam_toolbox]: Message Filter dropping message: frame 'os_lidar' at time 282663.209 for reason 'the timestamp on the message is earlier than all the data in the transform cache'
[INFO] [1754690593.633958591] [slam_toolbox]: Message Filter dropping message: frame 'os_lidar' at time 282663.309 for reason 'the timestamp on the message is earlier than all the data in the transform cache'
[INFO] [1754690593.734277585] [slam_toolbox]: Message Filter dropping message: frame 'os_lidar' at time 282663.409 for reason 'the timestamp on the message is earlier than all the data in the transform cache'
[INFO] [1754690593.834120654] [slam_toolbox]: Message Filter dropping message: frame 'os_lidar' at time 282663.509 for reason 'the timestamp on the message is earlier than all the data in the transform cache'
[INFO] [1754690593.934048762] [slam_toolbox]: Message Filter dropping message: frame 'os_lidar' at time 282663.609 for reason 'the timestamp on the message is earlier than all the data in the transform cache'
[INFO] [1754690594.034259975] [slam_toolbox]: Message Filter dropping message: frame 'os_lidar' at time 282663.709 for reason 'the timestamp on the message is earlier than all the data in the transform cache'
[INFO] [1754690594.133860535] [slam_toolbox]: Message Filter dropping message: frame 'os_lidar' at time 282663.809 for reason 'the timestamp on the message is earlier than all the data in the transform cache'
[INFO] [1754690594.208905400] [rclcpp]: signal_handler(signum=2)
