[INFO] [1755204851.638820855] [slam_toolbox]: Configuring
[INFO] [1755204851.652309336] [slam_toolbox]: Using solver plugin solver_plugins::CeresSolver
[INFO] [1755204851.675023885] [slam_toolbox]: Activating
[INFO] [1755204851.907707948] [slam_toolbox]: Message Filter dropping message: frame 'os_lidar' at time 1755204851.730 for reason 'the timestamp on the message is earlier than all the data in the transform cache'
[INFO] [1755204852.007465493] [slam_toolbox]: Message Filter dropping message: frame 'os_lidar' at time 1755204851.830 for reason 'the timestamp on the message is earlier than all the data in the transform cache'
[INFO] [1755204852.107564989] [slam_toolbox]: Message Filter dropping message: frame 'os_lidar' at time 1755204851.930 for reason 'the timestamp on the message is earlier than all the data in the transform cache'
[INFO] [1755204852.207514028] [slam_toolbox]: Message Filter dropping message: frame 'os_lidar' at time 1755204852.030 for reason 'the timestamp on the message is earlier than all the data in the transform cache'
[INFO] [1755204852.307365029] [slam_toolbox]: Message Filter dropping message: frame 'os_lidar' at time 1755204852.130 for reason 'the timestamp on the message is earlier than all the data in the transform cache'
[INFO] [1755204852.407702031] [slam_toolbox]: Message Filter dropping message: frame 'os_lidar' at time 1755204852.230 for reason 'the timestamp on the message is earlier than all the data in the transform cache'
[INFO] [1755204852.508005903] [slam_toolbox]: Message Filter dropping message: frame 'os_lidar' at time 1755204852.330 for reason 'the timestamp on the message is earlier than all the data in the transform cache'
[INFO] [1755204852.609326428] [slam_toolbox]: Message Filter dropping message: frame 'os_lidar' at time 1755204852.430 for reason 'the timestamp on the message is earlier than all the data in the transform cache'
[INFO] [1755204852.708220706] [slam_toolbox]: Message Filter dropping message: frame 'os_lidar' at time 1755204852.530 for reason 'the timestamp on the message is earlier than all the data in the transform cache'
[INFO] [1755204852.808137675] [slam_toolbox]: Message Filter dropping message: frame 'os_lidar' at time 1755204852.630 for reason 'the timestamp on the message is earlier than all the data in the transform cache'
[INFO] [1755204852.909173754] [slam_toolbox]: Message Filter dropping message: frame 'os_lidar' at time 1755204852.730 for reason 'the timestamp on the message is earlier than all the data in the transform cache'
[INFO] [1755204853.008395446] [slam_toolbox]: Message Filter dropping message: frame 'os_lidar' at time 1755204852.830 for reason 'the timestamp on the message is earlier than all the data in the transform cache'
[INFO] [1755204853.107714853] [slam_toolbox]: Message Filter dropping message: frame 'os_lidar' at time 1755204852.930 for reason 'the timestamp on the message is earlier than all the data in the transform cache'
[INFO] [1755204853.208058571] [slam_toolbox]: Message Filter dropping message: frame 'os_lidar' at time 1755204853.030 for reason 'the timestamp on the message is earlier than all the data in the transform cache'
[INFO] [1755204853.308174394] [slam_toolbox]: Message Filter dropping message: frame 'os_lidar' at time 1755204853.130 for reason 'the timestamp on the message is earlier than all the data in the transform cache'
[INFO] [1755204853.408432085] [slam_toolbox]: Message Filter dropping message: frame 'os_lidar' at time 1755204853.230 for reason 'the timestamp on the message is earlier than all the data in the transform cache'
[INFO] [1755204853.507995378] [slam_toolbox]: Message Filter dropping message: frame 'os_lidar' at time 1755204853.330 for reason 'the timestamp on the message is earlier than all the data in the transform cache'
[INFO] [1755204853.607863905] [slam_toolbox]: Message Filter dropping message: frame 'os_lidar' at time 1755204853.430 for reason 'the timestamp on the message is earlier than all the data in the transform cache'
[INFO] [1755204853.708008697] [slam_toolbox]: Message Filter dropping message: frame 'os_lidar' at time 1755204853.530 for reason 'the timestamp on the message is earlier than all the data in the transform cache'
[INFO] [1755204853.807598599] [slam_toolbox]: Message Filter dropping message: frame 'os_lidar' at time 1755204853.630 for reason 'the timestamp on the message is earlier than all the data in the transform cache'
[INFO] [1755204853.907961928] [slam_toolbox]: Message Filter dropping message: frame 'os_lidar' at time 1755204853.730 for reason 'the timestamp on the message is earlier than all the data in the transform cache'
[INFO] [1755204854.008568952] [slam_toolbox]: Message Filter dropping message: frame 'os_lidar' at time 1755204853.830 for reason 'the timestamp on the message is earlier than all the data in the transform cache'
[INFO] [1755204854.108395917] [slam_toolbox]: Message Filter dropping message: frame 'os_lidar' at time 1755204853.930 for reason 'the timestamp on the message is earlier than all the data in the transform cache'
[INFO] [1755204854.208094274] [slam_toolbox]: Message Filter dropping message: frame 'os_lidar' at time 1755204854.030 for reason 'the timestamp on the message is earlier than all the data in the transform cache'
[INFO] [1755204854.308585418] [slam_toolbox]: Message Filter dropping message: frame 'os_lidar' at time 1755204854.130 for reason 'the timestamp on the message is earlier than all the data in the transform cache'
[INFO] [1755204854.407694485] [slam_toolbox]: Message Filter dropping message: frame 'os_lidar' at time 1755204854.230 for reason 'the timestamp on the message is earlier than all the data in the transform cache'
[INFO] [1755204854.509511255] [slam_toolbox]: Message Filter dropping message: frame 'os_lidar' at time 1755204854.330 for reason 'the timestamp on the message is earlier than all the data in the transform cache'
[INFO] [1755204854.608460616] [slam_toolbox]: Message Filter dropping message: frame 'os_lidar' at time 1755204854.430 for reason 'the timestamp on the message is earlier than all the data in the transform cache'
[INFO] [1755204854.807667784] [slam_toolbox]: Message Filter dropping message: frame 'os_lidar' at time 1755204854.630 for reason 'the timestamp on the message is earlier than all the data in the transform cache'
[INFO] [1755204854.907735795] [slam_toolbox]: Message Filter dropping message: frame 'os_lidar' at time 1755204854.730 for reason 'the timestamp on the message is earlier than all the data in the transform cache'
[INFO] [1755204855.007919823] [slam_toolbox]: Message Filter dropping message: frame 'os_lidar' at time 1755204854.830 for reason 'the timestamp on the message is earlier than all the data in the transform cache'
[INFO] [1755204855.107675536] [slam_toolbox]: Message Filter dropping message: frame 'os_lidar' at time 1755204854.930 for reason 'the timestamp on the message is earlier than all the data in the transform cache'
[INFO] [1755204855.207942361] [slam_toolbox]: Message Filter dropping message: frame 'os_lidar' at time 1755204855.030 for reason 'the timestamp on the message is earlier than all the data in the transform cache'
[INFO] [1755204855.308467000] [slam_toolbox]: Message Filter dropping message: frame 'os_lidar' at time 1755204855.130 for reason 'the timestamp on the message is earlier than all the data in the transform cache'
[INFO] [1755204855.407736193] [slam_toolbox]: Message Filter dropping message: frame 'os_lidar' at time 1755204855.230 for reason 'the timestamp on the message is earlier than all the data in the transform cache'
[INFO] [1755204855.508170864] [slam_toolbox]: Message Filter dropping message: frame 'os_lidar' at time 1755204855.330 for reason 'the timestamp on the message is earlier than all the data in the transform cache'
[INFO] [1755204855.607992536] [slam_toolbox]: Message Filter dropping message: frame 'os_lidar' at time 1755204855.430 for reason 'the timestamp on the message is earlier than all the data in the transform cache'
[INFO] [1755204855.708810941] [slam_toolbox]: Message Filter dropping message: frame 'os_lidar' at time 1755204855.530 for reason 'the timestamp on the message is earlier than all the data in the transform cache'
[INFO] [1755204855.807738789] [slam_toolbox]: Message Filter dropping message: frame 'os_lidar' at time 1755204855.630 for reason 'the timestamp on the message is earlier than all the data in the transform cache'
[INFO] [1755204855.908116461] [slam_toolbox]: Message Filter dropping message: frame 'os_lidar' at time 1755204855.730 for reason 'the timestamp on the message is earlier than all the data in the transform cache'
[INFO] [1755204856.008132360] [slam_toolbox]: Message Filter dropping message: frame 'os_lidar' at time 1755204855.830 for reason 'the timestamp on the message is earlier than all the data in the transform cache'
[INFO] [1755204856.108341213] [slam_toolbox]: Message Filter dropping message: frame 'os_lidar' at time 1755204855.930 for reason 'the timestamp on the message is earlier than all the data in the transform cache'
[INFO] [1755204856.207441815] [slam_toolbox]: Message Filter dropping message: frame 'os_lidar' at time 1755204856.030 for reason 'the timestamp on the message is earlier than all the data in the transform cache'
[INFO] [1755204856.308447383] [slam_toolbox]: Message Filter dropping message: frame 'os_lidar' at time 1755204856.130 for reason 'the timestamp on the message is earlier than all the data in the transform cache'
[INFO] [1755204856.408062757] [slam_toolbox]: Message Filter dropping message: frame 'os_lidar' at time 1755204856.230 for reason 'the timestamp on the message is earlier than all the data in the transform cache'
[INFO] [1755204856.507902206] [slam_toolbox]: Message Filter dropping message: frame 'os_lidar' at time 1755204856.330 for reason 'the timestamp on the message is earlier than all the data in the transform cache'
[INFO] [1755204856.607850693] [slam_toolbox]: Message Filter dropping message: frame 'os_lidar' at time 1755204856.430 for reason 'the timestamp on the message is earlier than all the data in the transform cache'
[INFO] [1755204856.708474528] [slam_toolbox]: Message Filter dropping message: frame 'os_lidar' at time 1755204856.530 for reason 'the timestamp on the message is earlier than all the data in the transform cache'
[INFO] [1755204856.808364556] [slam_toolbox]: Message Filter dropping message: frame 'os_lidar' at time 1755204856.630 for reason 'the timestamp on the message is earlier than all the data in the transform cache'
[INFO] [1755204856.908097287] [slam_toolbox]: Message Filter dropping message: frame 'os_lidar' at time 1755204856.730 for reason 'the timestamp on the message is earlier than all the data in the transform cache'
[INFO] [1755204857.009044727] [slam_toolbox]: Message Filter dropping message: frame 'os_lidar' at time 1755204856.830 for reason 'the timestamp on the message is earlier than all the data in the transform cache'
[INFO] [1755204857.108465671] [slam_toolbox]: Message Filter dropping message: frame 'os_lidar' at time 1755204856.930 for reason 'the timestamp on the message is earlier than all the data in the transform cache'
[INFO] [1755204857.209120412] [slam_toolbox]: Message Filter dropping message: frame 'os_lidar' at time 1755204857.030 for reason 'the timestamp on the message is earlier than all the data in the transform cache'
[INFO] [1755204857.308982358] [slam_toolbox]: Message Filter dropping message: frame 'os_lidar' at time 1755204857.131 for reason 'the timestamp on the message is earlier than all the data in the transform cache'
[INFO] [1755204857.408093577] [slam_toolbox]: Message Filter dropping message: frame 'os_lidar' at time 1755204857.231 for reason 'the timestamp on the message is earlier than all the data in the transform cache'
[INFO] [1755204857.508635281] [slam_toolbox]: Message Filter dropping message: frame 'os_lidar' at time 1755204857.330 for reason 'the timestamp on the message is earlier than all the data in the transform cache'
[INFO] [1755204857.608180063] [slam_toolbox]: Message Filter dropping message: frame 'os_lidar' at time 1755204857.430 for reason 'the timestamp on the message is earlier than all the data in the transform cache'
[INFO] [1755204857.708408552] [slam_toolbox]: Message Filter dropping message: frame 'os_lidar' at time 1755204857.530 for reason 'the timestamp on the message is earlier than all the data in the transform cache'
[INFO] [1755204857.808630602] [slam_toolbox]: Message Filter dropping message: frame 'os_lidar' at time 1755204857.630 for reason 'the timestamp on the message is earlier than all the data in the transform cache'
[INFO] [1755204857.908463798] [slam_toolbox]: Message Filter dropping message: frame 'os_lidar' at time 1755204857.730 for reason 'the timestamp on the message is earlier than all the data in the transform cache'
[INFO] [1755204858.009741419] [slam_toolbox]: Message Filter dropping message: frame 'os_lidar' at time 1755204857.830 for reason 'the timestamp on the message is earlier than all the data in the transform cache'
[INFO] [1755204858.108191247] [slam_toolbox]: Message Filter dropping message: frame 'os_lidar' at time 1755204857.930 for reason 'the timestamp on the message is earlier than all the data in the transform cache'
[INFO] [1755204858.208234247] [slam_toolbox]: Message Filter dropping message: frame 'os_lidar' at time 1755204858.030 for reason 'the timestamp on the message is earlier than all the data in the transform cache'
[INFO] [1755204858.308434935] [slam_toolbox]: Message Filter dropping message: frame 'os_lidar' at time 1755204858.130 for reason 'the timestamp on the message is earlier than all the data in the transform cache'
[INFO] [1755204858.409444147] [slam_toolbox]: Message Filter dropping message: frame 'os_lidar' at time 1755204858.230 for reason 'the timestamp on the message is earlier than all the data in the transform cache'
[INFO] [1755204858.508266939] [slam_toolbox]: Message Filter dropping message: frame 'os_lidar' at time 1755204858.330 for reason 'the timestamp on the message is earlier than all the data in the transform cache'
[INFO] [1755204858.607853367] [slam_toolbox]: Message Filter dropping message: frame 'os_lidar' at time 1755204858.430 for reason 'the timestamp on the message is earlier than all the data in the transform cache'
[INFO] [1755204858.708065134] [slam_toolbox]: Message Filter dropping message: frame 'os_lidar' at time 1755204858.530 for reason 'the timestamp on the message is earlier than all the data in the transform cache'
[INFO] [1755204858.808418439] [slam_toolbox]: Message Filter dropping message: frame 'os_lidar' at time 1755204858.630 for reason 'the timestamp on the message is earlier than all the data in the transform cache'
[INFO] [1755204858.907687922] [slam_toolbox]: Message Filter dropping message: frame 'os_lidar' at time 1755204858.730 for reason 'the timestamp on the message is earlier than all the data in the transform cache'
[INFO] [1755204859.008497428] [slam_toolbox]: Message Filter dropping message: frame 'os_lidar' at time 1755204858.830 for reason 'the timestamp on the message is earlier than all the data in the transform cache'
[INFO] [1755204859.108259571] [slam_toolbox]: Message Filter dropping message: frame 'os_lidar' at time 1755204858.930 for reason 'the timestamp on the message is earlier than all the data in the transform cache'
[INFO] [1755204859.208064002] [slam_toolbox]: Message Filter dropping message: frame 'os_lidar' at time 1755204859.030 for reason 'the timestamp on the message is earlier than all the data in the transform cache'
[INFO] [1755204859.308312006] [slam_toolbox]: Message Filter dropping message: frame 'os_lidar' at time 1755204859.130 for reason 'the timestamp on the message is earlier than all the data in the transform cache'
[INFO] [1755204859.408626578] [slam_toolbox]: Message Filter dropping message: frame 'os_lidar' at time 1755204859.230 for reason 'the timestamp on the message is earlier than all the data in the transform cache'
[INFO] [1755204859.508865602] [slam_toolbox]: Message Filter dropping message: frame 'os_lidar' at time 1755204859.330 for reason 'the timestamp on the message is earlier than all the data in the transform cache'
[INFO] [1755204859.608553915] [slam_toolbox]: Message Filter dropping message: frame 'os_lidar' at time 1755204859.430 for reason 'the timestamp on the message is earlier than all the data in the transform cache'
[INFO] [1755204859.708343647] [slam_toolbox]: Message Filter dropping message: frame 'os_lidar' at time 1755204859.530 for reason 'the timestamp on the message is earlier than all the data in the transform cache'
[INFO] [1755204859.808817937] [slam_toolbox]: Message Filter dropping message: frame 'os_lidar' at time 1755204859.630 for reason 'the timestamp on the message is earlier than all the data in the transform cache'
[INFO] [1755204859.908598939] [slam_toolbox]: Message Filter dropping message: frame 'os_lidar' at time 1755204859.731 for reason 'the timestamp on the message is earlier than all the data in the transform cache'
[INFO] [1755204860.008718885] [slam_toolbox]: Message Filter dropping message: frame 'os_lidar' at time 1755204859.831 for reason 'the timestamp on the message is earlier than all the data in the transform cache'
[INFO] [1755204860.108375906] [slam_toolbox]: Message Filter dropping message: frame 'os_lidar' at time 1755204859.931 for reason 'the timestamp on the message is earlier than all the data in the transform cache'
[INFO] [1755204860.208065717] [slam_toolbox]: Message Filter dropping message: frame 'os_lidar' at time 1755204860.030 for reason 'the timestamp on the message is earlier than all the data in the transform cache'
[INFO] [1755204860.307488503] [slam_toolbox]: Message Filter dropping message: frame 'os_lidar' at time 1755204860.130 for reason 'the timestamp on the message is earlier than all the data in the transform cache'
[INFO] [1755204860.408333513] [slam_toolbox]: Message Filter dropping message: frame 'os_lidar' at time 1755204860.230 for reason 'the timestamp on the message is earlier than all the data in the transform cache'
[INFO] [1755204860.509454408] [slam_toolbox]: Message Filter dropping message: frame 'os_lidar' at time 1755204860.330 for reason 'the timestamp on the message is earlier than all the data in the transform cache'
[INFO] [1755204860.608202196] [slam_toolbox]: Message Filter dropping message: frame 'os_lidar' at time 1755204860.430 for reason 'the timestamp on the message is earlier than all the data in the transform cache'
[INFO] [1755204860.707995395] [slam_toolbox]: Message Filter dropping message: frame 'os_lidar' at time 1755204860.530 for reason 'the timestamp on the message is earlier than all the data in the transform cache'
[INFO] [1755204860.808644849] [slam_toolbox]: Message Filter dropping message: frame 'os_lidar' at time 1755204860.630 for reason 'the timestamp on the message is earlier than all the data in the transform cache'
[INFO] [1755204860.908128993] [slam_toolbox]: Message Filter dropping message: frame 'os_lidar' at time 1755204860.730 for reason 'the timestamp on the message is earlier than all the data in the transform cache'
[INFO] [1755204861.007828914] [slam_toolbox]: Message Filter dropping message: frame 'os_lidar' at time 1755204860.830 for reason 'the timestamp on the message is earlier than all the data in the transform cache'
[INFO] [1755204861.108908407] [slam_toolbox]: Message Filter dropping message: frame 'os_lidar' at time 1755204860.930 for reason 'the timestamp on the message is earlier than all the data in the transform cache'
[INFO] [1755204861.208660194] [slam_toolbox]: Message Filter dropping message: frame 'os_lidar' at time 1755204861.030 for reason 'the timestamp on the message is earlier than all the data in the transform cache'
[INFO] [1755204861.308041898] [slam_toolbox]: Message Filter dropping message: frame 'os_lidar' at time 1755204861.130 for reason 'the timestamp on the message is earlier than all the data in the transform cache'
[INFO] [1755204861.408156329] [slam_toolbox]: Message Filter dropping message: frame 'os_lidar' at time 1755204861.230 for reason 'the timestamp on the message is earlier than all the data in the transform cache'
[INFO] [1755204861.508044244] [slam_toolbox]: Message Filter dropping message: frame 'os_lidar' at time 1755204861.330 for reason 'the timestamp on the message is earlier than all the data in the transform cache'
[INFO] [1755204861.607501436] [slam_toolbox]: Message Filter dropping message: frame 'os_lidar' at time 1755204861.430 for reason 'the timestamp on the message is earlier than all the data in the transform cache'
[INFO] [1755204861.707920382] [slam_toolbox]: Message Filter dropping message: frame 'os_lidar' at time 1755204861.530 for reason 'the timestamp on the message is earlier than all the data in the transform cache'
[INFO] [1755204861.807770027] [slam_toolbox]: Message Filter dropping message: frame 'os_lidar' at time 1755204861.630 for reason 'the timestamp on the message is earlier than all the data in the transform cache'
[INFO] [1755204861.908127213] [slam_toolbox]: Message Filter dropping message: frame 'os_lidar' at time 1755204861.730 for reason 'the timestamp on the message is earlier than all the data in the transform cache'
[INFO] [1755204862.008509489] [slam_toolbox]: Message Filter dropping message: frame 'os_lidar' at time 1755204861.830 for reason 'the timestamp on the message is earlier than all the data in the transform cache'
[INFO] [1755204862.108136386] [slam_toolbox]: Message Filter dropping message: frame 'os_lidar' at time 1755204861.930 for reason 'the timestamp on the message is earlier than all the data in the transform cache'
[INFO] [1755204862.212104935] [slam_toolbox]: Message Filter dropping message: frame 'os_lidar' at time 1755204862.030 for reason 'the timestamp on the message is earlier than all the data in the transform cache'
[INFO] [1755204862.308456520] [slam_toolbox]: Message Filter dropping message: frame 'os_lidar' at time 1755204862.130 for reason 'the timestamp on the message is earlier than all the data in the transform cache'
[INFO] [1755204862.408098417] [slam_toolbox]: Message Filter dropping message: frame 'os_lidar' at time 1755204862.230 for reason 'the timestamp on the message is earlier than all the data in the transform cache'
[INFO] [1755204862.508547659] [slam_toolbox]: Message Filter dropping message: frame 'os_lidar' at time 1755204862.330 for reason 'the timestamp on the message is earlier than all the data in the transform cache'
[INFO] [1755204862.608033048] [slam_toolbox]: Message Filter dropping message: frame 'os_lidar' at time 1755204862.430 for reason 'the timestamp on the message is earlier than all the data in the transform cache'
[INFO] [1755204862.707669945] [slam_toolbox]: Message Filter dropping message: frame 'os_lidar' at time 1755204862.530 for reason 'the timestamp on the message is earlier than all the data in the transform cache'
[INFO] [1755204862.807827313] [slam_toolbox]: Message Filter dropping message: frame 'os_lidar' at time 1755204862.630 for reason 'the timestamp on the message is earlier than all the data in the transform cache'
[INFO] [1755204862.907665406] [slam_toolbox]: Message Filter dropping message: frame 'os_lidar' at time 1755204862.730 for reason 'the timestamp on the message is earlier than all the data in the transform cache'
[INFO] [1755204863.007602917] [slam_toolbox]: Message Filter dropping message: frame 'os_lidar' at time 1755204862.830 for reason 'the timestamp on the message is earlier than all the data in the transform cache'
[INFO] [1755204863.107762231] [slam_toolbox]: Message Filter dropping message: frame 'os_lidar' at time 1755204862.930 for reason 'the timestamp on the message is earlier than all the data in the transform cache'
[INFO] [1755204863.208630833] [slam_toolbox]: Message Filter dropping message: frame 'os_lidar' at time 1755204863.030 for reason 'the timestamp on the message is earlier than all the data in the transform cache'
[INFO] [1755204863.310070845] [slam_toolbox]: Message Filter dropping message: frame 'os_lidar' at time 1755204863.130 for reason 'the timestamp on the message is earlier than all the data in the transform cache'
[INFO] [1755204863.408099338] [slam_toolbox]: Message Filter dropping message: frame 'os_lidar' at time 1755204863.230 for reason 'the timestamp on the message is earlier than all the data in the transform cache'
[INFO] [1755204863.508262913] [slam_toolbox]: Message Filter dropping message: frame 'os_lidar' at time 1755204863.330 for reason 'the timestamp on the message is earlier than all the data in the transform cache'
[INFO] [1755204863.608144073] [slam_toolbox]: Message Filter dropping message: frame 'os_lidar' at time 1755204863.430 for reason 'the timestamp on the message is earlier than all the data in the transform cache'
[INFO] [1755204863.708242908] [slam_toolbox]: Message Filter dropping message: frame 'os_lidar' at time 1755204863.530 for reason 'the timestamp on the message is earlier than all the data in the transform cache'
[INFO] [1755204863.808066819] [slam_toolbox]: Message Filter dropping message: frame 'os_lidar' at time 1755204863.630 for reason 'the timestamp on the message is earlier than all the data in the transform cache'
[INFO] [1755204863.909026130] [slam_toolbox]: Message Filter dropping message: frame 'os_lidar' at time 1755204863.730 for reason 'the timestamp on the message is earlier than all the data in the transform cache'
[INFO] [1755204864.008332609] [slam_toolbox]: Message Filter dropping message: frame 'os_lidar' at time 1755204863.830 for reason 'the timestamp on the message is earlier than all the data in the transform cache'
[INFO] [1755204864.108138128] [slam_toolbox]: Message Filter dropping message: frame 'os_lidar' at time 1755204863.930 for reason 'the timestamp on the message is earlier than all the data in the transform cache'
[INFO] [1755204864.207844209] [slam_toolbox]: Message Filter dropping message: frame 'os_lidar' at time 1755204864.030 for reason 'the timestamp on the message is earlier than all the data in the transform cache'
[INFO] [1755204864.308188758] [slam_toolbox]: Message Filter dropping message: frame 'os_lidar' at time 1755204864.130 for reason 'the timestamp on the message is earlier than all the data in the transform cache'
[INFO] [1755204864.408558136] [slam_toolbox]: Message Filter dropping message: frame 'os_lidar' at time 1755204864.230 for reason 'the timestamp on the message is earlier than all the data in the transform cache'
[INFO] [1755204864.508326955] [slam_toolbox]: Message Filter dropping message: frame 'os_lidar' at time 1755204864.330 for reason 'the timestamp on the message is earlier than all the data in the transform cache'
[INFO] [1755204864.608342270] [slam_toolbox]: Message Filter dropping message: frame 'os_lidar' at time 1755204864.430 for reason 'the timestamp on the message is earlier than all the data in the transform cache'
[INFO] [1755204864.708782127] [slam_toolbox]: Message Filter dropping message: frame 'os_lidar' at time 1755204864.530 for reason 'the timestamp on the message is earlier than all the data in the transform cache'
[INFO] [1755204864.808472228] [slam_toolbox]: Message Filter dropping message: frame 'os_lidar' at time 1755204864.630 for reason 'the timestamp on the message is earlier than all the data in the transform cache'
[INFO] [1755204864.908467683] [slam_toolbox]: Message Filter dropping message: frame 'os_lidar' at time 1755204864.730 for reason 'the timestamp on the message is earlier than all the data in the transform cache'
[INFO] [1755204865.008471468] [slam_toolbox]: Message Filter dropping message: frame 'os_lidar' at time 1755204864.830 for reason 'the timestamp on the message is earlier than all the data in the transform cache'
[INFO] [1755204865.108373442] [slam_toolbox]: Message Filter dropping message: frame 'os_lidar' at time 1755204864.930 for reason 'the timestamp on the message is earlier than all the data in the transform cache'
[INFO] [1755204865.209026893] [slam_toolbox]: Message Filter dropping message: frame 'os_lidar' at time 1755204865.030 for reason 'the timestamp on the message is earlier than all the data in the transform cache'
[INFO] [1755204865.308482456] [slam_toolbox]: Message Filter dropping message: frame 'os_lidar' at time 1755204865.130 for reason 'the timestamp on the message is earlier than all the data in the transform cache'
[INFO] [1755204865.408176374] [slam_toolbox]: Message Filter dropping message: frame 'os_lidar' at time 1755204865.230 for reason 'the timestamp on the message is earlier than all the data in the transform cache'
[INFO] [1755204865.508259985] [slam_toolbox]: Message Filter dropping message: frame 'os_lidar' at time 1755204865.330 for reason 'the timestamp on the message is earlier than all the data in the transform cache'
[INFO] [1755204865.608239998] [slam_toolbox]: Message Filter dropping message: frame 'os_lidar' at time 1755204865.430 for reason 'the timestamp on the message is earlier than all the data in the transform cache'
[INFO] [1755204865.708170152] [slam_toolbox]: Message Filter dropping message: frame 'os_lidar' at time 1755204865.530 for reason 'the timestamp on the message is earlier than all the data in the transform cache'
[INFO] [1755204865.807978898] [slam_toolbox]: Message Filter dropping message: frame 'os_lidar' at time 1755204865.630 for reason 'the timestamp on the message is earlier than all the data in the transform cache'
[INFO] [1755204865.908343504] [slam_toolbox]: Message Filter dropping message: frame 'os_lidar' at time 1755204865.730 for reason 'the timestamp on the message is earlier than all the data in the transform cache'
[INFO] [1755204866.010488548] [slam_toolbox]: Message Filter dropping message: frame 'os_lidar' at time 1755204865.830 for reason 'the timestamp on the message is earlier than all the data in the transform cache'
[INFO] [1755204866.107953744] [slam_toolbox]: Message Filter dropping message: frame 'os_lidar' at time 1755204865.930 for reason 'the timestamp on the message is earlier than all the data in the transform cache'
[INFO] [1755204866.209962298] [slam_toolbox]: Message Filter dropping message: frame 'os_lidar' at time 1755204866.030 for reason 'the timestamp on the message is earlier than all the data in the transform cache'
[INFO] [1755204866.308308568] [slam_toolbox]: Message Filter dropping message: frame 'os_lidar' at time 1755204866.130 for reason 'the timestamp on the message is earlier than all the data in the transform cache'
[INFO] [1755204866.373805963] [rclcpp]: signal_handler(signum=2)
