[INFO] [1755201606.486022673] [slam_toolbox]: Configuring
[INFO] [1755201606.492558466] [slam_toolbox]: Using solver plugin solver_plugins::CeresSolver
[INFO] [1755201606.506510270] [slam_toolbox]: Activating
[INFO] [1755201606.791449348] [slam_toolbox]: Message Filter dropping message: frame 'os_lidar' at time 1755201606.614 for reason 'the timestamp on the message is earlier than all the data in the transform cache'
[INFO] [1755201606.891364275] [slam_toolbox]: Message Filter dropping message: frame 'os_lidar' at time 1755201606.714 for reason 'the timestamp on the message is earlier than all the data in the transform cache'
[INFO] [1755201606.991485692] [slam_toolbox]: Message Filter dropping message: frame 'os_lidar' at time 1755201606.814 for reason 'the timestamp on the message is earlier than all the data in the transform cache'
[INFO] [1755201607.090930107] [slam_toolbox]: Message Filter dropping message: frame 'os_lidar' at time 1755201606.914 for reason 'the timestamp on the message is earlier than all the data in the transform cache'
[INFO] [1755201607.191221980] [slam_toolbox]: Message Filter dropping message: frame 'os_lidar' at time 1755201607.014 for reason 'the timestamp on the message is earlier than all the data in the transform cache'
[INFO] [1755201607.290629745] [slam_toolbox]: Message Filter dropping message: frame 'os_lidar' at time 1755201607.114 for reason 'the timestamp on the message is earlier than all the data in the transform cache'
[INFO] [1755201607.391515808] [slam_toolbox]: Message Filter dropping message: frame 'os_lidar' at time 1755201607.214 for reason 'the timestamp on the message is earlier than all the data in the transform cache'
[INFO] [1755201607.492055571] [slam_toolbox]: Message Filter dropping message: frame 'os_lidar' at time 1755201607.314 for reason 'the timestamp on the message is earlier than all the data in the transform cache'
[INFO] [1755201607.590975896] [slam_toolbox]: Message Filter dropping message: frame 'os_lidar' at time 1755201607.414 for reason 'the timestamp on the message is earlier than all the data in the transform cache'
[INFO] [1755201607.690702400] [slam_toolbox]: Message Filter dropping message: frame 'os_lidar' at time 1755201607.514 for reason 'the timestamp on the message is earlier than all the data in the transform cache'
[INFO] [1755201607.791435203] [slam_toolbox]: Message Filter dropping message: frame 'os_lidar' at time 1755201607.614 for reason 'the timestamp on the message is earlier than all the data in the transform cache'
[INFO] [1755201607.891134827] [slam_toolbox]: Message Filter dropping message: frame 'os_lidar' at time 1755201607.714 for reason 'the timestamp on the message is earlier than all the data in the transform cache'
[INFO] [1755201607.990783972] [slam_toolbox]: Message Filter dropping message: frame 'os_lidar' at time 1755201607.814 for reason 'the timestamp on the message is earlier than all the data in the transform cache'
[INFO] [1755201608.090993543] [slam_toolbox]: Message Filter dropping message: frame 'os_lidar' at time 1755201607.914 for reason 'the timestamp on the message is earlier than all the data in the transform cache'
[INFO] [1755201608.191300503] [slam_toolbox]: Message Filter dropping message: frame 'os_lidar' at time 1755201608.014 for reason 'the timestamp on the message is earlier than all the data in the transform cache'
[INFO] [1755201608.291341904] [slam_toolbox]: Message Filter dropping message: frame 'os_lidar' at time 1755201608.114 for reason 'the timestamp on the message is earlier than all the data in the transform cache'
[INFO] [1755201608.390401676] [slam_toolbox]: Message Filter dropping message: frame 'os_lidar' at time 1755201608.214 for reason 'the timestamp on the message is earlier than all the data in the transform cache'
[INFO] [1755201608.491027196] [slam_toolbox]: Message Filter dropping message: frame 'os_lidar' at time 1755201608.314 for reason 'the timestamp on the message is earlier than all the data in the transform cache'
[INFO] [1755201608.594312693] [slam_toolbox]: Message Filter dropping message: frame 'os_lidar' at time 1755201608.414 for reason 'the timestamp on the message is earlier than all the data in the transform cache'
[INFO] [1755201608.694923343] [slam_toolbox]: Message Filter dropping message: frame 'os_lidar' at time 1755201608.514 for reason 'the timestamp on the message is earlier than all the data in the transform cache'
[INFO] [1755201608.791055008] [slam_toolbox]: Message Filter dropping message: frame 'os_lidar' at time 1755201608.614 for reason 'the timestamp on the message is earlier than all the data in the transform cache'
[INFO] [1755201608.893114777] [slam_toolbox]: Message Filter dropping message: frame 'os_lidar' at time 1755201608.714 for reason 'the timestamp on the message is earlier than all the data in the transform cache'
[INFO] [1755201608.991096220] [slam_toolbox]: Message Filter dropping message: frame 'os_lidar' at time 1755201608.814 for reason 'the timestamp on the message is earlier than all the data in the transform cache'
[INFO] [1755201609.091041048] [slam_toolbox]: Message Filter dropping message: frame 'os_lidar' at time 1755201608.914 for reason 'the timestamp on the message is earlier than all the data in the transform cache'
[INFO] [1755201609.191218355] [slam_toolbox]: Message Filter dropping message: frame 'os_lidar' at time 1755201609.014 for reason 'the timestamp on the message is earlier than all the data in the transform cache'
[INFO] [1755201609.290817444] [slam_toolbox]: Message Filter dropping message: frame 'os_lidar' at time 1755201609.114 for reason 'the timestamp on the message is earlier than all the data in the transform cache'
[INFO] [1755201609.391619040] [slam_toolbox]: Message Filter dropping message: frame 'os_lidar' at time 1755201609.214 for reason 'the timestamp on the message is earlier than all the data in the transform cache'
[INFO] [1755201609.491484528] [slam_toolbox]: Message Filter dropping message: frame 'os_lidar' at time 1755201609.314 for reason 'the timestamp on the message is earlier than all the data in the transform cache'
[INFO] [1755201609.592869515] [slam_toolbox]: Message Filter dropping message: frame 'os_lidar' at time 1755201609.414 for reason 'the timestamp on the message is earlier than all the data in the transform cache'
[INFO] [1755201609.691667114] [slam_toolbox]: Message Filter dropping message: frame 'os_lidar' at time 1755201609.514 for reason 'the timestamp on the message is earlier than all the data in the transform cache'
[INFO] [1755201609.791567362] [slam_toolbox]: Message Filter dropping message: frame 'os_lidar' at time 1755201609.614 for reason 'the timestamp on the message is earlier than all the data in the transform cache'
[INFO] [1755201609.891123940] [slam_toolbox]: Message Filter dropping message: frame 'os_lidar' at time 1755201609.714 for reason 'the timestamp on the message is earlier than all the data in the transform cache'
[INFO] [1755201609.991299477] [slam_toolbox]: Message Filter dropping message: frame 'os_lidar' at time 1755201609.814 for reason 'the timestamp on the message is earlier than all the data in the transform cache'
[INFO] [1755201610.091258153] [slam_toolbox]: Message Filter dropping message: frame 'os_lidar' at time 1755201609.914 for reason 'the timestamp on the message is earlier than all the data in the transform cache'
[INFO] [1755201610.190838418] [slam_toolbox]: Message Filter dropping message: frame 'os_lidar' at time 1755201610.014 for reason 'the timestamp on the message is earlier than all the data in the transform cache'
[INFO] [1755202021.934120016] [rclcpp]: signal_handler(signum=2)
