[INFO] [1755028996.031535164] [slam_toolbox]: Configuring
[INFO] [1755028996.037588038] [slam_toolbox]: Using solver plugin solver_plugins::CeresSolver
[INFO] [1755028996.051241840] [slam_toolbox]: Activating
[INFO] [1755028996.356988902] [slam_toolbox]: Message Filter dropping message: frame 'os_lidar' at time 1755028996.178 for reason 'the timestamp on the message is earlier than all the data in the transform cache'
[INFO] [1755028996.456615374] [slam_toolbox]: Message Filter dropping message: frame 'os_lidar' at time 1755028996.278 for reason 'the timestamp on the message is earlier than all the data in the transform cache'
[INFO] [1755028996.556235865] [slam_toolbox]: Message Filter dropping message: frame 'os_lidar' at time 1755028996.378 for reason 'the timestamp on the message is earlier than all the data in the transform cache'
[INFO] [1755028996.656079126] [slam_toolbox]: Message Filter dropping message: frame 'os_lidar' at time 1755028996.478 for reason 'the timestamp on the message is earlier than all the data in the transform cache'
[INFO] [1755028996.856497048] [slam_toolbox]: Message Filter dropping message: frame 'os_lidar' at time 1755028996.678 for reason 'the timestamp on the message is earlier than all the data in the transform cache'
[INFO] [1755028996.956612270] [slam_toolbox]: Message Filter dropping message: frame 'os_lidar' at time 1755028996.778 for reason 'the timestamp on the message is earlier than all the data in the transform cache'
[INFO] [1755028997.056472592] [slam_toolbox]: Message Filter dropping message: frame 'os_lidar' at time 1755028996.878 for reason 'the timestamp on the message is earlier than all the data in the transform cache'
[INFO] [1755028997.156478389] [slam_toolbox]: Message Filter dropping message: frame 'os_lidar' at time 1755028996.978 for reason 'the timestamp on the message is earlier than all the data in the transform cache'
[INFO] [1755028997.256619122] [slam_toolbox]: Message Filter dropping message: frame 'os_lidar' at time 1755028997.078 for reason 'the timestamp on the message is earlier than all the data in the transform cache'
[INFO] [1755028997.356773276] [slam_toolbox]: Message Filter dropping message: frame 'os_lidar' at time 1755028997.178 for reason 'the timestamp on the message is earlier than all the data in the transform cache'
[INFO] [1755028997.456885988] [slam_toolbox]: Message Filter dropping message: frame 'os_lidar' at time 1755028997.278 for reason 'the timestamp on the message is earlier than all the data in the transform cache'
[INFO] [1755028997.556734299] [slam_toolbox]: Message Filter dropping message: frame 'os_lidar' at time 1755028997.378 for reason 'the timestamp on the message is earlier than all the data in the transform cache'
[INFO] [1755028997.656306209] [slam_toolbox]: Message Filter dropping message: frame 'os_lidar' at time 1755028997.478 for reason 'the timestamp on the message is earlier than all the data in the transform cache'
[INFO] [1755028997.755920410] [slam_toolbox]: Message Filter dropping message: frame 'os_lidar' at time 1755028997.578 for reason 'the timestamp on the message is earlier than all the data in the transform cache'
[INFO] [1755028997.855827023] [slam_toolbox]: Message Filter dropping message: frame 'os_lidar' at time 1755028997.678 for reason 'the timestamp on the message is earlier than all the data in the transform cache'
[INFO] [1755028997.955823540] [slam_toolbox]: Message Filter dropping message: frame 'os_lidar' at time 1755028997.778 for reason 'the timestamp on the message is earlier than all the data in the transform cache'
[INFO] [1755028998.055643270] [slam_toolbox]: Message Filter dropping message: frame 'os_lidar' at time 1755028997.878 for reason 'the timestamp on the message is earlier than all the data in the transform cache'
[INFO] [1755028998.156138758] [slam_toolbox]: Message Filter dropping message: frame 'os_lidar' at time 1755028997.978 for reason 'the timestamp on the message is earlier than all the data in the transform cache'
[INFO] [1755028998.256309542] [slam_toolbox]: Message Filter dropping message: frame 'os_lidar' at time 1755028998.078 for reason 'the timestamp on the message is earlier than all the data in the transform cache'
[INFO] [1755028998.356148843] [slam_toolbox]: Message Filter dropping message: frame 'os_lidar' at time 1755028998.178 for reason 'the timestamp on the message is earlier than all the data in the transform cache'
[INFO] [1755028998.456392211] [slam_toolbox]: Message Filter dropping message: frame 'os_lidar' at time 1755028998.278 for reason 'the timestamp on the message is earlier than all the data in the transform cache'
[INFO] [1755028998.556260062] [slam_toolbox]: Message Filter dropping message: frame 'os_lidar' at time 1755028998.378 for reason 'the timestamp on the message is earlier than all the data in the transform cache'
[INFO] [1755028998.656513770] [slam_toolbox]: Message Filter dropping message: frame 'os_lidar' at time 1755028998.478 for reason 'the timestamp on the message is earlier than all the data in the transform cache'
[INFO] [1755028998.756640913] [slam_toolbox]: Message Filter dropping message: frame 'os_lidar' at time 1755028998.578 for reason 'the timestamp on the message is earlier than all the data in the transform cache'
[INFO] [1755028998.856138519] [slam_toolbox]: Message Filter dropping message: frame 'os_lidar' at time 1755028998.678 for reason 'the timestamp on the message is earlier than all the data in the transform cache'
[INFO] [1755028998.956728321] [slam_toolbox]: Message Filter dropping message: frame 'os_lidar' at time 1755028998.778 for reason 'the timestamp on the message is earlier than all the data in the transform cache'
[INFO] [1755028999.059310347] [slam_toolbox]: Message Filter dropping message: frame 'os_lidar' at time 1755028998.878 for reason 'the timestamp on the message is earlier than all the data in the transform cache'
[INFO] [1755028999.157454736] [slam_toolbox]: Message Filter dropping message: frame 'os_lidar' at time 1755028998.978 for reason 'the timestamp on the message is earlier than all the data in the transform cache'
[INFO] [1755028999.257675553] [slam_toolbox]: Message Filter dropping message: frame 'os_lidar' at time 1755028999.078 for reason 'the timestamp on the message is earlier than all the data in the transform cache'
[INFO] [1755028999.356909008] [slam_toolbox]: Message Filter dropping message: frame 'os_lidar' at time 1755028999.178 for reason 'the timestamp on the message is earlier than all the data in the transform cache'
[INFO] [1755028999.456209016] [slam_toolbox]: Message Filter dropping message: frame 'os_lidar' at time 1755028999.278 for reason 'the timestamp on the message is earlier than all the data in the transform cache'
[INFO] [1755028999.556381711] [slam_toolbox]: Message Filter dropping message: frame 'os_lidar' at time 1755028999.378 for reason 'the timestamp on the message is earlier than all the data in the transform cache'
[INFO] [1755028999.656595377] [slam_toolbox]: Message Filter dropping message: frame 'os_lidar' at time 1755028999.478 for reason 'the timestamp on the message is earlier than all the data in the transform cache'
[INFO] [1755028999.756745390] [slam_toolbox]: Message Filter dropping message: frame 'os_lidar' at time 1755028999.578 for reason 'the timestamp on the message is earlier than all the data in the transform cache'
[INFO] [1755028999.856721657] [slam_toolbox]: Message Filter dropping message: frame 'os_lidar' at time 1755028999.678 for reason 'the timestamp on the message is earlier than all the data in the transform cache'
[INFO] [1755028999.957115551] [slam_toolbox]: Message Filter dropping message: frame 'os_lidar' at time 1755028999.778 for reason 'the timestamp on the message is earlier than all the data in the transform cache'
[INFO] [1755029000.057027444] [slam_toolbox]: Message Filter dropping message: frame 'os_lidar' at time 1755028999.878 for reason 'the timestamp on the message is earlier than all the data in the transform cache'
[INFO] [1755029000.157988022] [slam_toolbox]: Message Filter dropping message: frame 'os_lidar' at time 1755028999.978 for reason 'the timestamp on the message is earlier than all the data in the transform cache'
[INFO] [1755029000.256895683] [slam_toolbox]: Message Filter dropping message: frame 'os_lidar' at time 1755029000.078 for reason 'the timestamp on the message is earlier than all the data in the transform cache'
[INFO] [1755029000.357098139] [slam_toolbox]: Message Filter dropping message: frame 'os_lidar' at time 1755029000.178 for reason 'the timestamp on the message is earlier than all the data in the transform cache'
[INFO] [1755029000.456324034] [slam_toolbox]: Message Filter dropping message: frame 'os_lidar' at time 1755029000.278 for reason 'the timestamp on the message is earlier than all the data in the transform cache'
[INFO] [1755029000.556690157] [slam_toolbox]: Message Filter dropping message: frame 'os_lidar' at time 1755029000.378 for reason 'the timestamp on the message is earlier than all the data in the transform cache'
[INFO] [1755029000.657288039] [slam_toolbox]: Message Filter dropping message: frame 'os_lidar' at time 1755029000.478 for reason 'the timestamp on the message is earlier than all the data in the transform cache'
[INFO] [1755029000.757320328] [slam_toolbox]: Message Filter dropping message: frame 'os_lidar' at time 1755029000.578 for reason 'the timestamp on the message is earlier than all the data in the transform cache'
[INFO] [1755029000.856572684] [slam_toolbox]: Message Filter dropping message: frame 'os_lidar' at time 1755029000.678 for reason 'the timestamp on the message is earlier than all the data in the transform cache'
[INFO] [1755029000.959583467] [slam_toolbox]: Message Filter dropping message: frame 'os_lidar' at time 1755029000.779 for reason 'the timestamp on the message is earlier than all the data in the transform cache'
[INFO] [1755029001.059952680] [slam_toolbox]: Message Filter dropping message: frame 'os_lidar' at time 1755029000.879 for reason 'the timestamp on the message is earlier than all the data in the transform cache'
[INFO] [1755029088.250611333] [rclcpp]: signal_handler(signum=2)
