[INFO] [1755203071.984576542] [slam_toolbox]: Configuring
[INFO] [1755203072.000107166] [slam_toolbox]: Using solver plugin solver_plugins::CeresSolver
[INFO] [1755203072.029079176] [slam_toolbox]: Activating
[INFO] [1755203072.500412903] [slam_toolbox]: Message Filter dropping message: frame 'os_lidar' at time 1755203072.321 for reason 'the timestamp on the message is earlier than all the data in the transform cache'
[INFO] [1755203072.598609370] [slam_toolbox]: Message Filter dropping message: frame 'os_lidar' at time 1755203072.421 for reason 'the timestamp on the message is earlier than all the data in the transform cache'
[INFO] [1755203072.698777813] [slam_toolbox]: Message Filter dropping message: frame 'os_lidar' at time 1755203072.521 for reason 'the timestamp on the message is earlier than all the data in the transform cache'
[INFO] [1755203072.799264839] [slam_toolbox]: Message Filter dropping message: frame 'os_lidar' at time 1755203072.621 for reason 'the timestamp on the message is earlier than all the data in the transform cache'
[INFO] [1755203072.898697204] [slam_toolbox]: Message Filter dropping message: frame 'os_lidar' at time 1755203072.721 for reason 'the timestamp on the message is earlier than all the data in the transform cache'
[INFO] [1755203072.999477281] [slam_toolbox]: Message Filter dropping message: frame 'os_lidar' at time 1755203072.821 for reason 'the timestamp on the message is earlier than all the data in the transform cache'
[INFO] [1755203073.100652828] [slam_toolbox]: Message Filter dropping message: frame 'os_lidar' at time 1755203072.921 for reason 'the timestamp on the message is earlier than all the data in the transform cache'
[INFO] [1755203073.199335882] [slam_toolbox]: Message Filter dropping message: frame 'os_lidar' at time 1755203073.021 for reason 'the timestamp on the message is earlier than all the data in the transform cache'
[INFO] [1755203073.299459639] [slam_toolbox]: Message Filter dropping message: frame 'os_lidar' at time 1755203073.121 for reason 'the timestamp on the message is earlier than all the data in the transform cache'
[INFO] [1755203073.400347175] [slam_toolbox]: Message Filter dropping message: frame 'os_lidar' at time 1755203073.221 for reason 'the timestamp on the message is earlier than all the data in the transform cache'
[INFO] [1755203073.498749738] [slam_toolbox]: Message Filter dropping message: frame 'os_lidar' at time 1755203073.321 for reason 'the timestamp on the message is earlier than all the data in the transform cache'
[INFO] [1755203073.599352733] [slam_toolbox]: Message Filter dropping message: frame 'os_lidar' at time 1755203073.421 for reason 'the timestamp on the message is earlier than all the data in the transform cache'
[INFO] [1755203073.699439249] [slam_toolbox]: Message Filter dropping message: frame 'os_lidar' at time 1755203073.521 for reason 'the timestamp on the message is earlier than all the data in the transform cache'
[INFO] [1755203073.799215983] [slam_toolbox]: Message Filter dropping message: frame 'os_lidar' at time 1755203073.621 for reason 'the timestamp on the message is earlier than all the data in the transform cache'
[INFO] [1755203073.899629772] [slam_toolbox]: Message Filter dropping message: frame 'os_lidar' at time 1755203073.721 for reason 'the timestamp on the message is earlier than all the data in the transform cache'
[INFO] [1755203073.999476089] [slam_toolbox]: Message Filter dropping message: frame 'os_lidar' at time 1755203073.821 for reason 'the timestamp on the message is earlier than all the data in the transform cache'
[INFO] [1755203074.099001653] [slam_toolbox]: Message Filter dropping message: frame 'os_lidar' at time 1755203073.921 for reason 'the timestamp on the message is earlier than all the data in the transform cache'
[INFO] [1755203074.198955412] [slam_toolbox]: Message Filter dropping message: frame 'os_lidar' at time 1755203074.021 for reason 'the timestamp on the message is earlier than all the data in the transform cache'
[INFO] [1755203074.298283038] [slam_toolbox]: Message Filter dropping message: frame 'os_lidar' at time 1755203074.121 for reason 'the timestamp on the message is earlier than all the data in the transform cache'
[INFO] [1755203074.398569359] [slam_toolbox]: Message Filter dropping message: frame 'os_lidar' at time 1755203074.221 for reason 'the timestamp on the message is earlier than all the data in the transform cache'
[INFO] [1755203074.498801258] [slam_toolbox]: Message Filter dropping message: frame 'os_lidar' at time 1755203074.321 for reason 'the timestamp on the message is earlier than all the data in the transform cache'
[INFO] [1755203074.601187717] [slam_toolbox]: Message Filter dropping message: frame 'os_lidar' at time 1755203074.421 for reason 'the timestamp on the message is earlier than all the data in the transform cache'
[INFO] [1755203074.699008458] [slam_toolbox]: Message Filter dropping message: frame 'os_lidar' at time 1755203074.521 for reason 'the timestamp on the message is earlier than all the data in the transform cache'
[INFO] [1755203074.798855593] [slam_toolbox]: Message Filter dropping message: frame 'os_lidar' at time 1755203074.621 for reason 'the timestamp on the message is earlier than all the data in the transform cache'
[INFO] [1755203074.898904975] [slam_toolbox]: Message Filter dropping message: frame 'os_lidar' at time 1755203074.721 for reason 'the timestamp on the message is earlier than all the data in the transform cache'
[INFO] [1755203361.481728338] [rclcpp]: signal_handler(signum=2)
