[INFO] [1755201560.265583945] [slam_toolbox]: Configuring
[INFO] [1755201560.272764429] [slam_toolbox]: Using solver plugin solver_plugins::CeresSolver
[INFO] [1755201560.287411768] [slam_toolbox]: Activating
[INFO] [1755201573.895133102] [slam_toolbox]: Message Filter dropping message: frame 'os_lidar' at time 1755201573.713 for reason 'the timestamp on the message is earlier than all the data in the transform cache'
[INFO] [1755201573.990920426] [slam_toolbox]: Message Filter dropping message: frame 'os_lidar' at time 1755201573.813 for reason 'the timestamp on the message is earlier than all the data in the transform cache'
[INFO] [1755201574.089918126] [slam_toolbox]: Message Filter dropping message: frame 'os_lidar' at time 1755201573.913 for reason 'the timestamp on the message is earlier than all the data in the transform cache'
[INFO] [1755201574.189919897] [slam_toolbox]: Message Filter dropping message: frame 'os_lidar' at time 1755201574.013 for reason 'the timestamp on the message is earlier than all the data in the transform cache'
[INFO] [1755201574.289872096] [slam_toolbox]: Message Filter dropping message: frame 'os_lidar' at time 1755201574.113 for reason 'the timestamp on the message is earlier than all the data in the transform cache'
[INFO] [1755201574.389463127] [slam_toolbox]: Message Filter dropping message: frame 'os_lidar' at time 1755201574.213 for reason 'the timestamp on the message is earlier than all the data in the transform cache'
[INFO] [1755201574.490033497] [slam_toolbox]: Message Filter dropping message: frame 'os_lidar' at time 1755201574.313 for reason 'the timestamp on the message is earlier than all the data in the transform cache'
[INFO] [1755201574.589839357] [slam_toolbox]: Message Filter dropping message: frame 'os_lidar' at time 1755201574.413 for reason 'the timestamp on the message is earlier than all the data in the transform cache'
[INFO] [1755201574.789617737] [slam_toolbox]: Message Filter dropping message: frame 'os_lidar' at time 1755201574.613 for reason 'the timestamp on the message is earlier than all the data in the transform cache'
[INFO] [1755201574.889252917] [slam_toolbox]: Message Filter dropping message: frame 'os_lidar' at time 1755201574.713 for reason 'the timestamp on the message is earlier than all the data in the transform cache'
[INFO] [1755201574.989408037] [slam_toolbox]: Message Filter dropping message: frame 'os_lidar' at time 1755201574.813 for reason 'the timestamp on the message is earlier than all the data in the transform cache'
[INFO] [1755201575.090102703] [slam_toolbox]: Message Filter dropping message: frame 'os_lidar' at time 1755201574.913 for reason 'the timestamp on the message is earlier than all the data in the transform cache'
[INFO] [1755201575.189467759] [slam_toolbox]: Message Filter dropping message: frame 'os_lidar' at time 1755201575.013 for reason 'the timestamp on the message is earlier than all the data in the transform cache'
[INFO] [1755201575.289824476] [slam_toolbox]: Message Filter dropping message: frame 'os_lidar' at time 1755201575.113 for reason 'the timestamp on the message is earlier than all the data in the transform cache'
[INFO] [1755201575.389344332] [slam_toolbox]: Message Filter dropping message: frame 'os_lidar' at time 1755201575.213 for reason 'the timestamp on the message is earlier than all the data in the transform cache'
[INFO] [1755201575.489765398] [slam_toolbox]: Message Filter dropping message: frame 'os_lidar' at time 1755201575.313 for reason 'the timestamp on the message is earlier than all the data in the transform cache'
[INFO] [1755201575.590137164] [slam_toolbox]: Message Filter dropping message: frame 'os_lidar' at time 1755201575.413 for reason 'the timestamp on the message is earlier than all the data in the transform cache'
[INFO] [1755201575.689817620] [slam_toolbox]: Message Filter dropping message: frame 'os_lidar' at time 1755201575.513 for reason 'the timestamp on the message is earlier than all the data in the transform cache'
[INFO] [1755201575.790201376] [slam_toolbox]: Message Filter dropping message: frame 'os_lidar' at time 1755201575.613 for reason 'the timestamp on the message is earlier than all the data in the transform cache'
[INFO] [1755201575.890170702] [slam_toolbox]: Message Filter dropping message: frame 'os_lidar' at time 1755201575.713 for reason 'the timestamp on the message is earlier than all the data in the transform cache'
[INFO] [1755201575.990247978] [slam_toolbox]: Message Filter dropping message: frame 'os_lidar' at time 1755201575.813 for reason 'the timestamp on the message is earlier than all the data in the transform cache'
[INFO] [1755201576.089886501] [slam_toolbox]: Message Filter dropping message: frame 'os_lidar' at time 1755201575.913 for reason 'the timestamp on the message is earlier than all the data in the transform cache'
[INFO] [1755201576.189912913] [slam_toolbox]: Message Filter dropping message: frame 'os_lidar' at time 1755201576.013 for reason 'the timestamp on the message is earlier than all the data in the transform cache'
[INFO] [1755201576.289534225] [slam_toolbox]: Message Filter dropping message: frame 'os_lidar' at time 1755201576.113 for reason 'the timestamp on the message is earlier than all the data in the transform cache'
[INFO] [1755201576.390072787] [slam_toolbox]: Message Filter dropping message: frame 'os_lidar' at time 1755201576.213 for reason 'the timestamp on the message is earlier than all the data in the transform cache'
[INFO] [1755201576.490105939] [slam_toolbox]: Message Filter dropping message: frame 'os_lidar' at time 1755201576.313 for reason 'the timestamp on the message is earlier than all the data in the transform cache'
[INFO] [1755201576.590057091] [slam_toolbox]: Message Filter dropping message: frame 'os_lidar' at time 1755201576.413 for reason 'the timestamp on the message is earlier than all the data in the transform cache'
[INFO] [1755201576.690002944] [slam_toolbox]: Message Filter dropping message: frame 'os_lidar' at time 1755201576.513 for reason 'the timestamp on the message is earlier than all the data in the transform cache'
[INFO] [1755201576.789700436] [slam_toolbox]: Message Filter dropping message: frame 'os_lidar' at time 1755201576.613 for reason 'the timestamp on the message is earlier than all the data in the transform cache'
[INFO] [1755201576.889905268] [slam_toolbox]: Message Filter dropping message: frame 'os_lidar' at time 1755201576.713 for reason 'the timestamp on the message is earlier than all the data in the transform cache'
[INFO] [1755201576.990171990] [slam_toolbox]: Message Filter dropping message: frame 'os_lidar' at time 1755201576.813 for reason 'the timestamp on the message is earlier than all the data in the transform cache'
[INFO] [1755201577.089616599] [slam_toolbox]: Message Filter dropping message: frame 'os_lidar' at time 1755201576.913 for reason 'the timestamp on the message is earlier than all the data in the transform cache'
[INFO] [1755201577.192349717] [slam_toolbox]: Message Filter dropping message: frame 'os_lidar' at time 1755201577.013 for reason 'the timestamp on the message is earlier than all the data in the transform cache'
[INFO] [1755201577.289890875] [slam_toolbox]: Message Filter dropping message: frame 'os_lidar' at time 1755201577.113 for reason 'the timestamp on the message is earlier than all the data in the transform cache'
[INFO] [1755201577.389816093] [slam_toolbox]: Message Filter dropping message: frame 'os_lidar' at time 1755201577.213 for reason 'the timestamp on the message is earlier than all the data in the transform cache'
[INFO] [1755201577.489800222] [slam_toolbox]: Message Filter dropping message: frame 'os_lidar' at time 1755201577.313 for reason 'the timestamp on the message is earlier than all the data in the transform cache'
[INFO] [1755201577.590431640] [slam_toolbox]: Message Filter dropping message: frame 'os_lidar' at time 1755201577.413 for reason 'the timestamp on the message is earlier than all the data in the transform cache'
[INFO] [1755201577.689838308] [slam_toolbox]: Message Filter dropping message: frame 'os_lidar' at time 1755201577.513 for reason 'the timestamp on the message is earlier than all the data in the transform cache'
[INFO] [1755201577.790334096] [slam_toolbox]: Message Filter dropping message: frame 'os_lidar' at time 1755201577.613 for reason 'the timestamp on the message is earlier than all the data in the transform cache'
[INFO] [1755201577.890438424] [slam_toolbox]: Message Filter dropping message: frame 'os_lidar' at time 1755201577.713 for reason 'the timestamp on the message is earlier than all the data in the transform cache'
[INFO] [1755201577.989942503] [slam_toolbox]: Message Filter dropping message: frame 'os_lidar' at time 1755201577.813 for reason 'the timestamp on the message is earlier than all the data in the transform cache'
[INFO] [1755201578.092728606] [slam_toolbox]: Message Filter dropping message: frame 'os_lidar' at time 1755201577.913 for reason 'the timestamp on the message is earlier than all the data in the transform cache'
[INFO] [1755201578.189996941] [slam_toolbox]: Message Filter dropping message: frame 'os_lidar' at time 1755201578.013 for reason 'the timestamp on the message is earlier than all the data in the transform cache'
[INFO] [1755201578.289941516] [slam_toolbox]: Message Filter dropping message: frame 'os_lidar' at time 1755201578.113 for reason 'the timestamp on the message is earlier than all the data in the transform cache'
[INFO] [1755201578.389825290] [slam_toolbox]: Message Filter dropping message: frame 'os_lidar' at time 1755201578.213 for reason 'the timestamp on the message is earlier than all the data in the transform cache'
[INFO] [1755201578.490516664] [slam_toolbox]: Message Filter dropping message: frame 'os_lidar' at time 1755201578.313 for reason 'the timestamp on the message is earlier than all the data in the transform cache'
[INFO] [1755201578.590040728] [slam_toolbox]: Message Filter dropping message: frame 'os_lidar' at time 1755201578.413 for reason 'the timestamp on the message is earlier than all the data in the transform cache'
[INFO] [1755201578.690329493] [slam_toolbox]: Message Filter dropping message: frame 'os_lidar' at time 1755201578.513 for reason 'the timestamp on the message is earlier than all the data in the transform cache'
[INFO] [1755201578.790689127] [slam_toolbox]: Message Filter dropping message: frame 'os_lidar' at time 1755201578.613 for reason 'the timestamp on the message is earlier than all the data in the transform cache'
[INFO] [1755201578.890702781] [slam_toolbox]: Message Filter dropping message: frame 'os_lidar' at time 1755201578.713 for reason 'the timestamp on the message is earlier than all the data in the transform cache'
[INFO] [1755201578.990115426] [slam_toolbox]: Message Filter dropping message: frame 'os_lidar' at time 1755201578.813 for reason 'the timestamp on the message is earlier than all the data in the transform cache'
[INFO] [1755201579.090163727] [slam_toolbox]: Message Filter dropping message: frame 'os_lidar' at time 1755201578.913 for reason 'the timestamp on the message is earlier than all the data in the transform cache'
[INFO] [1755201579.189974587] [slam_toolbox]: Message Filter dropping message: frame 'os_lidar' at time 1755201579.013 for reason 'the timestamp on the message is earlier than all the data in the transform cache'
[INFO] [1755201579.289817338] [slam_toolbox]: Message Filter dropping message: frame 'os_lidar' at time 1755201579.113 for reason 'the timestamp on the message is earlier than all the data in the transform cache'
[INFO] [1755201579.389794338] [slam_toolbox]: Message Filter dropping message: frame 'os_lidar' at time 1755201579.213 for reason 'the timestamp on the message is earlier than all the data in the transform cache'
[INFO] [1755201579.490687439] [slam_toolbox]: Message Filter dropping message: frame 'os_lidar' at time 1755201579.313 for reason 'the timestamp on the message is earlier than all the data in the transform cache'
[INFO] [1755201579.590062379] [slam_toolbox]: Message Filter dropping message: frame 'os_lidar' at time 1755201579.413 for reason 'the timestamp on the message is earlier than all the data in the transform cache'
[INFO] [1755201579.689978950] [slam_toolbox]: Message Filter dropping message: frame 'os_lidar' at time 1755201579.513 for reason 'the timestamp on the message is earlier than all the data in the transform cache'
[INFO] [1755201579.789987890] [slam_toolbox]: Message Filter dropping message: frame 'os_lidar' at time 1755201579.613 for reason 'the timestamp on the message is earlier than all the data in the transform cache'
[INFO] [1755201579.890168060] [slam_toolbox]: Message Filter dropping message: frame 'os_lidar' at time 1755201579.713 for reason 'the timestamp on the message is earlier than all the data in the transform cache'
[INFO] [1755201579.990208631] [slam_toolbox]: Message Filter dropping message: frame 'os_lidar' at time 1755201579.813 for reason 'the timestamp on the message is earlier than all the data in the transform cache'
[INFO] [1755201580.089908358] [slam_toolbox]: Message Filter dropping message: frame 'os_lidar' at time 1755201579.913 for reason 'the timestamp on the message is earlier than all the data in the transform cache'
[INFO] [1755201580.190498065] [slam_toolbox]: Message Filter dropping message: frame 'os_lidar' at time 1755201580.013 for reason 'the timestamp on the message is earlier than all the data in the transform cache'
[INFO] [1755201580.291883131] [slam_toolbox]: Message Filter dropping message: frame 'os_lidar' at time 1755201580.113 for reason 'the timestamp on the message is earlier than all the data in the transform cache'
[INFO] [1755201580.390274658] [slam_toolbox]: Message Filter dropping message: frame 'os_lidar' at time 1755201580.213 for reason 'the timestamp on the message is earlier than all the data in the transform cache'
[INFO] [1755201580.490332594] [slam_toolbox]: Message Filter dropping message: frame 'os_lidar' at time 1755201580.313 for reason 'the timestamp on the message is earlier than all the data in the transform cache'
[INFO] [1755201580.590529831] [slam_toolbox]: Message Filter dropping message: frame 'os_lidar' at time 1755201580.413 for reason 'the timestamp on the message is earlier than all the data in the transform cache'
[INFO] [1755201580.690190778] [slam_toolbox]: Message Filter dropping message: frame 'os_lidar' at time 1755201580.513 for reason 'the timestamp on the message is earlier than all the data in the transform cache'
[INFO] [1755201580.791289644] [slam_toolbox]: Message Filter dropping message: frame 'os_lidar' at time 1755201580.613 for reason 'the timestamp on the message is earlier than all the data in the transform cache'
[INFO] [1755201580.890696301] [slam_toolbox]: Message Filter dropping message: frame 'os_lidar' at time 1755201580.713 for reason 'the timestamp on the message is earlier than all the data in the transform cache'
[INFO] [1755201580.990591428] [slam_toolbox]: Message Filter dropping message: frame 'os_lidar' at time 1755201580.813 for reason 'the timestamp on the message is earlier than all the data in the transform cache'
[INFO] [1755201581.090762811] [slam_toolbox]: Message Filter dropping message: frame 'os_lidar' at time 1755201580.913 for reason 'the timestamp on the message is earlier than all the data in the transform cache'
[INFO] [1755201581.193006693] [slam_toolbox]: Message Filter dropping message: frame 'os_lidar' at time 1755201581.013 for reason 'the timestamp on the message is earlier than all the data in the transform cache'
[INFO] [1755201581.290896476] [slam_toolbox]: Message Filter dropping message: frame 'os_lidar' at time 1755201581.113 for reason 'the timestamp on the message is earlier than all the data in the transform cache'
[INFO] [1755201581.492142442] [slam_toolbox]: Message Filter dropping message: frame 'os_lidar' at time 1755201581.313 for reason 'the timestamp on the message is earlier than all the data in the transform cache'
[INFO] [1755201581.590146995] [slam_toolbox]: Message Filter dropping message: frame 'os_lidar' at time 1755201581.413 for reason 'the timestamp on the message is earlier than all the data in the transform cache'
[INFO] [1755201581.689649898] [slam_toolbox]: Message Filter dropping message: frame 'os_lidar' at time 1755201581.513 for reason 'the timestamp on the message is earlier than all the data in the transform cache'
[INFO] [1755201581.790938051] [slam_toolbox]: Message Filter dropping message: frame 'os_lidar' at time 1755201581.613 for reason 'the timestamp on the message is earlier than all the data in the transform cache'
[INFO] [1755201581.889812294] [slam_toolbox]: Message Filter dropping message: frame 'os_lidar' at time 1755201581.713 for reason 'the timestamp on the message is earlier than all the data in the transform cache'
[INFO] [1755201581.990236687] [slam_toolbox]: Message Filter dropping message: frame 'os_lidar' at time 1755201581.813 for reason 'the timestamp on the message is earlier than all the data in the transform cache'
[INFO] [1755201582.090376786] [slam_toolbox]: Message Filter dropping message: frame 'os_lidar' at time 1755201581.913 for reason 'the timestamp on the message is earlier than all the data in the transform cache'
[INFO] [1755201582.189575795] [slam_toolbox]: Message Filter dropping message: frame 'os_lidar' at time 1755201582.013 for reason 'the timestamp on the message is earlier than all the data in the transform cache'
[INFO] [1755201582.290828514] [slam_toolbox]: Message Filter dropping message: frame 'os_lidar' at time 1755201582.113 for reason 'the timestamp on the message is earlier than all the data in the transform cache'
[INFO] [1755201582.390051004] [slam_toolbox]: Message Filter dropping message: frame 'os_lidar' at time 1755201582.213 for reason 'the timestamp on the message is earlier than all the data in the transform cache'
[INFO] [1755201582.491535082] [slam_toolbox]: Message Filter dropping message: frame 'os_lidar' at time 1755201582.313 for reason 'the timestamp on the message is earlier than all the data in the transform cache'
[INFO] [1755201582.590394052] [slam_toolbox]: Message Filter dropping message: frame 'os_lidar' at time 1755201582.413 for reason 'the timestamp on the message is earlier than all the data in the transform cache'
[INFO] [1755201582.691343870] [slam_toolbox]: Message Filter dropping message: frame 'os_lidar' at time 1755201582.513 for reason 'the timestamp on the message is earlier than all the data in the transform cache'
[INFO] [1755201582.790934059] [slam_toolbox]: Message Filter dropping message: frame 'os_lidar' at time 1755201582.613 for reason 'the timestamp on the message is earlier than all the data in the transform cache'
[INFO] [1755201582.890136329] [slam_toolbox]: Message Filter dropping message: frame 'os_lidar' at time 1755201582.713 for reason 'the timestamp on the message is earlier than all the data in the transform cache'
[INFO] [1755201582.990934907] [slam_toolbox]: Message Filter dropping message: frame 'os_lidar' at time 1755201582.813 for reason 'the timestamp on the message is earlier than all the data in the transform cache'
[INFO] [1755201583.090426873] [slam_toolbox]: Message Filter dropping message: frame 'os_lidar' at time 1755201582.913 for reason 'the timestamp on the message is earlier than all the data in the transform cache'
[INFO] [1755201583.190855179] [slam_toolbox]: Message Filter dropping message: frame 'os_lidar' at time 1755201583.013 for reason 'the timestamp on the message is earlier than all the data in the transform cache'
[INFO] [1755201583.290676624] [slam_toolbox]: Message Filter dropping message: frame 'os_lidar' at time 1755201583.113 for reason 'the timestamp on the message is earlier than all the data in the transform cache'
[INFO] [1755201583.390487589] [slam_toolbox]: Message Filter dropping message: frame 'os_lidar' at time 1755201583.213 for reason 'the timestamp on the message is earlier than all the data in the transform cache'
[INFO] [1755201583.490012305] [slam_toolbox]: Message Filter dropping message: frame 'os_lidar' at time 1755201583.313 for reason 'the timestamp on the message is earlier than all the data in the transform cache'
[INFO] [1755201583.590817670] [slam_toolbox]: Message Filter dropping message: frame 'os_lidar' at time 1755201583.413 for reason 'the timestamp on the message is earlier than all the data in the transform cache'
[INFO] [1755201583.690964005] [slam_toolbox]: Message Filter dropping message: frame 'os_lidar' at time 1755201583.513 for reason 'the timestamp on the message is earlier than all the data in the transform cache'
[INFO] [1755201583.790564221] [slam_toolbox]: Message Filter dropping message: frame 'os_lidar' at time 1755201583.613 for reason 'the timestamp on the message is earlier than all the data in the transform cache'
[INFO] [1755201583.891547206] [slam_toolbox]: Message Filter dropping message: frame 'os_lidar' at time 1755201583.713 for reason 'the timestamp on the message is earlier than all the data in the transform cache'
[INFO] [1755201583.990509141] [slam_toolbox]: Message Filter dropping message: frame 'os_lidar' at time 1755201583.813 for reason 'the timestamp on the message is earlier than all the data in the transform cache'
[INFO] [1755201584.090425573] [slam_toolbox]: Message Filter dropping message: frame 'os_lidar' at time 1755201583.913 for reason 'the timestamp on the message is earlier than all the data in the transform cache'
[INFO] [1755201584.191304385] [slam_toolbox]: Message Filter dropping message: frame 'os_lidar' at time 1755201584.013 for reason 'the timestamp on the message is earlier than all the data in the transform cache'
[INFO] [1755201584.290483157] [slam_toolbox]: Message Filter dropping message: frame 'os_lidar' at time 1755201584.113 for reason 'the timestamp on the message is earlier than all the data in the transform cache'
[INFO] [1755201584.391488418] [slam_toolbox]: Message Filter dropping message: frame 'os_lidar' at time 1755201584.213 for reason 'the timestamp on the message is earlier than all the data in the transform cache'
[INFO] [1755201584.491191510] [slam_toolbox]: Message Filter dropping message: frame 'os_lidar' at time 1755201584.313 for reason 'the timestamp on the message is earlier than all the data in the transform cache'
[INFO] [1755201584.590408262] [slam_toolbox]: Message Filter dropping message: frame 'os_lidar' at time 1755201584.413 for reason 'the timestamp on the message is earlier than all the data in the transform cache'
[INFO] [1755201584.691164103] [slam_toolbox]: Message Filter dropping message: frame 'os_lidar' at time 1755201584.513 for reason 'the timestamp on the message is earlier than all the data in the transform cache'
[INFO] [1755201584.791997134] [slam_toolbox]: Message Filter dropping message: frame 'os_lidar' at time 1755201584.613 for reason 'the timestamp on the message is earlier than all the data in the transform cache'
[INFO] [1755201584.891107586] [slam_toolbox]: Message Filter dropping message: frame 'os_lidar' at time 1755201584.713 for reason 'the timestamp on the message is earlier than all the data in the transform cache'
[INFO] [1755201584.991117668] [slam_toolbox]: Message Filter dropping message: frame 'os_lidar' at time 1755201584.813 for reason 'the timestamp on the message is earlier than all the data in the transform cache'
[INFO] [1755201585.090977376] [slam_toolbox]: Message Filter dropping message: frame 'os_lidar' at time 1755201584.913 for reason 'the timestamp on the message is earlier than all the data in the transform cache'
[INFO] [1755201585.190325565] [slam_toolbox]: Message Filter dropping message: frame 'os_lidar' at time 1755201585.013 for reason 'the timestamp on the message is earlier than all the data in the transform cache'
[INFO] [1755201585.290635482] [slam_toolbox]: Message Filter dropping message: frame 'os_lidar' at time 1755201585.113 for reason 'the timestamp on the message is earlier than all the data in the transform cache'
[INFO] [1755201585.390328571] [slam_toolbox]: Message Filter dropping message: frame 'os_lidar' at time 1755201585.213 for reason 'the timestamp on the message is earlier than all the data in the transform cache'
[INFO] [1755201585.490775668] [slam_toolbox]: Message Filter dropping message: frame 'os_lidar' at time 1755201585.313 for reason 'the timestamp on the message is earlier than all the data in the transform cache'
[INFO] [1755201585.590204296] [slam_toolbox]: Message Filter dropping message: frame 'os_lidar' at time 1755201585.413 for reason 'the timestamp on the message is earlier than all the data in the transform cache'
[INFO] [1755201585.690466864] [slam_toolbox]: Message Filter dropping message: frame 'os_lidar' at time 1755201585.513 for reason 'the timestamp on the message is earlier than all the data in the transform cache'
[INFO] [1755201585.791902822] [slam_toolbox]: Message Filter dropping message: frame 'os_lidar' at time 1755201585.613 for reason 'the timestamp on the message is earlier than all the data in the transform cache'
[INFO] [1755201585.890697200] [slam_toolbox]: Message Filter dropping message: frame 'os_lidar' at time 1755201585.713 for reason 'the timestamp on the message is earlier than all the data in the transform cache'
[INFO] [1755201585.990629288] [slam_toolbox]: Message Filter dropping message: frame 'os_lidar' at time 1755201585.813 for reason 'the timestamp on the message is earlier than all the data in the transform cache'
[INFO] [1755201586.091935582] [slam_toolbox]: Message Filter dropping message: frame 'os_lidar' at time 1755201585.913 for reason 'the timestamp on the message is earlier than all the data in the transform cache'
[INFO] [1755201586.191549017] [slam_toolbox]: Message Filter dropping message: frame 'os_lidar' at time 1755201586.013 for reason 'the timestamp on the message is earlier than all the data in the transform cache'
[INFO] [1755201586.290740971] [slam_toolbox]: Message Filter dropping message: frame 'os_lidar' at time 1755201586.113 for reason 'the timestamp on the message is earlier than all the data in the transform cache'
[INFO] [1755201586.390950765] [slam_toolbox]: Message Filter dropping message: frame 'os_lidar' at time 1755201586.213 for reason 'the timestamp on the message is earlier than all the data in the transform cache'
[INFO] [1755201586.491629949] [slam_toolbox]: Message Filter dropping message: frame 'os_lidar' at time 1755201586.313 for reason 'the timestamp on the message is earlier than all the data in the transform cache'
[INFO] [1755201586.591028634] [slam_toolbox]: Message Filter dropping message: frame 'os_lidar' at time 1755201586.413 for reason 'the timestamp on the message is earlier than all the data in the transform cache'
[INFO] [1755201586.693728807] [slam_toolbox]: Message Filter dropping message: frame 'os_lidar' at time 1755201586.513 for reason 'the timestamp on the message is earlier than all the data in the transform cache'
[INFO] [1755201586.790967353] [slam_toolbox]: Message Filter dropping message: frame 'os_lidar' at time 1755201586.613 for reason 'the timestamp on the message is earlier than all the data in the transform cache'
[INFO] [1755201586.891071417] [slam_toolbox]: Message Filter dropping message: frame 'os_lidar' at time 1755201586.713 for reason 'the timestamp on the message is earlier than all the data in the transform cache'
[INFO] [1755201586.991475351] [slam_toolbox]: Message Filter dropping message: frame 'os_lidar' at time 1755201586.813 for reason 'the timestamp on the message is earlier than all the data in the transform cache'
[INFO] [1755201587.090907742] [slam_toolbox]: Message Filter dropping message: frame 'os_lidar' at time 1755201586.913 for reason 'the timestamp on the message is earlier than all the data in the transform cache'
[INFO] [1755201587.190398663] [slam_toolbox]: Message Filter dropping message: frame 'os_lidar' at time 1755201587.013 for reason 'the timestamp on the message is earlier than all the data in the transform cache'
[INFO] [1755201587.291240624] [slam_toolbox]: Message Filter dropping message: frame 'os_lidar' at time 1755201587.113 for reason 'the timestamp on the message is earlier than all the data in the transform cache'
[INFO] [1755201587.392469034] [slam_toolbox]: Message Filter dropping message: frame 'os_lidar' at time 1755201587.213 for reason 'the timestamp on the message is earlier than all the data in the transform cache'
[INFO] [1755201587.490355335] [slam_toolbox]: Message Filter dropping message: frame 'os_lidar' at time 1755201587.313 for reason 'the timestamp on the message is earlier than all the data in the transform cache'
[INFO] [1755201587.590922226] [slam_toolbox]: Message Filter dropping message: frame 'os_lidar' at time 1755201587.413 for reason 'the timestamp on the message is earlier than all the data in the transform cache'
[INFO] [1755201587.692023016] [slam_toolbox]: Message Filter dropping message: frame 'os_lidar' at time 1755201587.513 for reason 'the timestamp on the message is earlier than all the data in the transform cache'
[INFO] [1755201587.790803687] [slam_toolbox]: Message Filter dropping message: frame 'os_lidar' at time 1755201587.613 for reason 'the timestamp on the message is earlier than all the data in the transform cache'
[INFO] [1755201587.890430408] [slam_toolbox]: Message Filter dropping message: frame 'os_lidar' at time 1755201587.713 for reason 'the timestamp on the message is earlier than all the data in the transform cache'
[INFO] [1755201587.992521408] [slam_toolbox]: Message Filter dropping message: frame 'os_lidar' at time 1755201587.813 for reason 'the timestamp on the message is earlier than all the data in the transform cache'
[INFO] [1755201588.090906106] [slam_toolbox]: Message Filter dropping message: frame 'os_lidar' at time 1755201587.913 for reason 'the timestamp on the message is earlier than all the data in the transform cache'
[INFO] [1755201588.191080073] [slam_toolbox]: Message Filter dropping message: frame 'os_lidar' at time 1755201588.013 for reason 'the timestamp on the message is earlier than all the data in the transform cache'
[INFO] [1755201588.291352080] [slam_toolbox]: Message Filter dropping message: frame 'os_lidar' at time 1755201588.113 for reason 'the timestamp on the message is earlier than all the data in the transform cache'
[INFO] [1755201588.390093568] [slam_toolbox]: Message Filter dropping message: frame 'os_lidar' at time 1755201588.213 for reason 'the timestamp on the message is earlier than all the data in the transform cache'
[INFO] [1755201588.490177354] [slam_toolbox]: Message Filter dropping message: frame 'os_lidar' at time 1755201588.313 for reason 'the timestamp on the message is earlier than all the data in the transform cache'
[INFO] [1755201588.592103501] [slam_toolbox]: Message Filter dropping message: frame 'os_lidar' at time 1755201588.413 for reason 'the timestamp on the message is earlier than all the data in the transform cache'
[INFO] [1755201588.690368208] [slam_toolbox]: Message Filter dropping message: frame 'os_lidar' at time 1755201588.513 for reason 'the timestamp on the message is earlier than all the data in the transform cache'
[INFO] [1755201588.791810655] [slam_toolbox]: Message Filter dropping message: frame 'os_lidar' at time 1755201588.613 for reason 'the timestamp on the message is earlier than all the data in the transform cache'
[INFO] [1755201588.890931783] [slam_toolbox]: Message Filter dropping message: frame 'os_lidar' at time 1755201588.713 for reason 'the timestamp on the message is earlier than all the data in the transform cache'
[INFO] [1755201588.991198029] [slam_toolbox]: Message Filter dropping message: frame 'os_lidar' at time 1755201588.813 for reason 'the timestamp on the message is earlier than all the data in the transform cache'
[INFO] [1755201589.090331854] [slam_toolbox]: Message Filter dropping message: frame 'os_lidar' at time 1755201588.913 for reason 'the timestamp on the message is earlier than all the data in the transform cache'
[INFO] [1755201589.190145787] [slam_toolbox]: Message Filter dropping message: frame 'os_lidar' at time 1755201589.013 for reason 'the timestamp on the message is earlier than all the data in the transform cache'
[INFO] [1755201589.390234854] [slam_toolbox]: Message Filter dropping message: frame 'os_lidar' at time 1755201589.213 for reason 'the timestamp on the message is earlier than all the data in the transform cache'
[INFO] [1755201589.490429458] [slam_toolbox]: Message Filter dropping message: frame 'os_lidar' at time 1755201589.313 for reason 'the timestamp on the message is earlier than all the data in the transform cache'
[INFO] [1755201589.590136851] [slam_toolbox]: Message Filter dropping message: frame 'os_lidar' at time 1755201589.413 for reason 'the timestamp on the message is earlier than all the data in the transform cache'
[INFO] [1755201589.690656975] [slam_toolbox]: Message Filter dropping message: frame 'os_lidar' at time 1755201589.513 for reason 'the timestamp on the message is earlier than all the data in the transform cache'
[INFO] [1755201589.790605278] [slam_toolbox]: Message Filter dropping message: frame 'os_lidar' at time 1755201589.613 for reason 'the timestamp on the message is earlier than all the data in the transform cache'
[INFO] [1755201589.891393871] [slam_toolbox]: Message Filter dropping message: frame 'os_lidar' at time 1755201589.713 for reason 'the timestamp on the message is earlier than all the data in the transform cache'
[INFO] [1755201589.991619745] [slam_toolbox]: Message Filter dropping message: frame 'os_lidar' at time 1755201589.813 for reason 'the timestamp on the message is earlier than all the data in the transform cache'
[INFO] [1755201590.090627365] [slam_toolbox]: Message Filter dropping message: frame 'os_lidar' at time 1755201589.913 for reason 'the timestamp on the message is earlier than all the data in the transform cache'
[INFO] [1755201590.190164766] [slam_toolbox]: Message Filter dropping message: frame 'os_lidar' at time 1755201590.013 for reason 'the timestamp on the message is earlier than all the data in the transform cache'
[INFO] [1755201590.290114556] [slam_toolbox]: Message Filter dropping message: frame 'os_lidar' at time 1755201590.113 for reason 'the timestamp on the message is earlier than all the data in the transform cache'
[INFO] [1755201590.391139965] [slam_toolbox]: Message Filter dropping message: frame 'os_lidar' at time 1755201590.213 for reason 'the timestamp on the message is earlier than all the data in the transform cache'
[INFO] [1755201590.490750385] [slam_toolbox]: Message Filter dropping message: frame 'os_lidar' at time 1755201590.313 for reason 'the timestamp on the message is earlier than all the data in the transform cache'
[INFO] [1755201590.590005006] [slam_toolbox]: Message Filter dropping message: frame 'os_lidar' at time 1755201590.413 for reason 'the timestamp on the message is earlier than all the data in the transform cache'
[INFO] [1755201590.691748704] [slam_toolbox]: Message Filter dropping message: frame 'os_lidar' at time 1755201590.513 for reason 'the timestamp on the message is earlier than all the data in the transform cache'
[INFO] [1755201590.790572255] [slam_toolbox]: Message Filter dropping message: frame 'os_lidar' at time 1755201590.613 for reason 'the timestamp on the message is earlier than all the data in the transform cache'
[INFO] [1755201590.890249715] [slam_toolbox]: Message Filter dropping message: frame 'os_lidar' at time 1755201590.713 for reason 'the timestamp on the message is earlier than all the data in the transform cache'
[INFO] [1755201590.990767745] [slam_toolbox]: Message Filter dropping message: frame 'os_lidar' at time 1755201590.813 for reason 'the timestamp on the message is earlier than all the data in the transform cache'
[INFO] [1755201591.091264281] [slam_toolbox]: Message Filter dropping message: frame 'os_lidar' at time 1755201590.913 for reason 'the timestamp on the message is earlier than all the data in the transform cache'
[INFO] [1755201591.191481198] [slam_toolbox]: Message Filter dropping message: frame 'os_lidar' at time 1755201591.013 for reason 'the timestamp on the message is earlier than all the data in the transform cache'
[INFO] [1755201591.290416535] [slam_toolbox]: Message Filter dropping message: frame 'os_lidar' at time 1755201591.113 for reason 'the timestamp on the message is earlier than all the data in the transform cache'
[INFO] [1755201591.390865091] [slam_toolbox]: Message Filter dropping message: frame 'os_lidar' at time 1755201591.213 for reason 'the timestamp on the message is earlier than all the data in the transform cache'
[INFO] [1755201591.490641908] [slam_toolbox]: Message Filter dropping message: frame 'os_lidar' at time 1755201591.313 for reason 'the timestamp on the message is earlier than all the data in the transform cache'
[INFO] [1755201591.590346904] [slam_toolbox]: Message Filter dropping message: frame 'os_lidar' at time 1755201591.413 for reason 'the timestamp on the message is earlier than all the data in the transform cache'
[INFO] [1755201591.691057110] [slam_toolbox]: Message Filter dropping message: frame 'os_lidar' at time 1755201591.513 for reason 'the timestamp on the message is earlier than all the data in the transform cache'
[INFO] [1755201591.789974277] [slam_toolbox]: Message Filter dropping message: frame 'os_lidar' at time 1755201591.613 for reason 'the timestamp on the message is earlier than all the data in the transform cache'
[INFO] [1755201591.890732913] [slam_toolbox]: Message Filter dropping message: frame 'os_lidar' at time 1755201591.713 for reason 'the timestamp on the message is earlier than all the data in the transform cache'
[INFO] [1755201591.990806840] [slam_toolbox]: Message Filter dropping message: frame 'os_lidar' at time 1755201591.813 for reason 'the timestamp on the message is earlier than all the data in the transform cache'
[INFO] [1755201592.089978394] [slam_toolbox]: Message Filter dropping message: frame 'os_lidar' at time 1755201591.913 for reason 'the timestamp on the message is earlier than all the data in the transform cache'
[INFO] [1755201592.190628646] [slam_toolbox]: Message Filter dropping message: frame 'os_lidar' at time 1755201592.013 for reason 'the timestamp on the message is earlier than all the data in the transform cache'
[INFO] [1755201592.290804839] [slam_toolbox]: Message Filter dropping message: frame 'os_lidar' at time 1755201592.113 for reason 'the timestamp on the message is earlier than all the data in the transform cache'
[INFO] [1755201592.389897923] [slam_toolbox]: Message Filter dropping message: frame 'os_lidar' at time 1755201592.213 for reason 'the timestamp on the message is earlier than all the data in the transform cache'
[INFO] [1755201592.493412263] [slam_toolbox]: Message Filter dropping message: frame 'os_lidar' at time 1755201592.313 for reason 'the timestamp on the message is earlier than all the data in the transform cache'
[INFO] [1755201592.590247279] [slam_toolbox]: Message Filter dropping message: frame 'os_lidar' at time 1755201592.413 for reason 'the timestamp on the message is earlier than all the data in the transform cache'
[INFO] [1755201592.690916791] [slam_toolbox]: Message Filter dropping message: frame 'os_lidar' at time 1755201592.513 for reason 'the timestamp on the message is earlier than all the data in the transform cache'
[INFO] [1755201592.790060095] [slam_toolbox]: Message Filter dropping message: frame 'os_lidar' at time 1755201592.613 for reason 'the timestamp on the message is earlier than all the data in the transform cache'
[INFO] [1755201592.890700357] [slam_toolbox]: Message Filter dropping message: frame 'os_lidar' at time 1755201592.713 for reason 'the timestamp on the message is earlier than all the data in the transform cache'
[INFO] [1755201592.990299490] [slam_toolbox]: Message Filter dropping message: frame 'os_lidar' at time 1755201592.813 for reason 'the timestamp on the message is earlier than all the data in the transform cache'
[INFO] [1755201593.090246950] [slam_toolbox]: Message Filter dropping message: frame 'os_lidar' at time 1755201592.913 for reason 'the timestamp on the message is earlier than all the data in the transform cache'
[INFO] [1755201593.190498640] [slam_toolbox]: Message Filter dropping message: frame 'os_lidar' at time 1755201593.013 for reason 'the timestamp on the message is earlier than all the data in the transform cache'
[INFO] [1755201593.392472857] [slam_toolbox]: Message Filter dropping message: frame 'os_lidar' at time 1755201593.213 for reason 'the timestamp on the message is earlier than all the data in the transform cache'
[INFO] [1755201593.491502138] [slam_toolbox]: Message Filter dropping message: frame 'os_lidar' at time 1755201593.313 for reason 'the timestamp on the message is earlier than all the data in the transform cache'
[INFO] [1755201593.590459928] [slam_toolbox]: Message Filter dropping message: frame 'os_lidar' at time 1755201593.413 for reason 'the timestamp on the message is earlier than all the data in the transform cache'
[INFO] [1755201593.691563717] [slam_toolbox]: Message Filter dropping message: frame 'os_lidar' at time 1755201593.513 for reason 'the timestamp on the message is earlier than all the data in the transform cache'
[INFO] [1755201593.790541387] [slam_toolbox]: Message Filter dropping message: frame 'os_lidar' at time 1755201593.613 for reason 'the timestamp on the message is earlier than all the data in the transform cache'
[INFO] [1755201593.891390686] [slam_toolbox]: Message Filter dropping message: frame 'os_lidar' at time 1755201593.713 for reason 'the timestamp on the message is earlier than all the data in the transform cache'
[INFO] [1755201593.990217066] [slam_toolbox]: Message Filter dropping message: frame 'os_lidar' at time 1755201593.813 for reason 'the timestamp on the message is earlier than all the data in the transform cache'
[INFO] [1755201594.091686782] [slam_toolbox]: Message Filter dropping message: frame 'os_lidar' at time 1755201593.913 for reason 'the timestamp on the message is earlier than all the data in the transform cache'
[INFO] [1755201594.190366639] [slam_toolbox]: Message Filter dropping message: frame 'os_lidar' at time 1755201594.013 for reason 'the timestamp on the message is earlier than all the data in the transform cache'
[INFO] [1755201594.392517269] [slam_toolbox]: Message Filter dropping message: frame 'os_lidar' at time 1755201594.213 for reason 'the timestamp on the message is earlier than all the data in the transform cache'
[INFO] [1755201594.491166286] [slam_toolbox]: Message Filter dropping message: frame 'os_lidar' at time 1755201594.313 for reason 'the timestamp on the message is earlier than all the data in the transform cache'
[INFO] [1755201594.590550033] [slam_toolbox]: Message Filter dropping message: frame 'os_lidar' at time 1755201594.413 for reason 'the timestamp on the message is earlier than all the data in the transform cache'
[INFO] [1755201594.691209558] [slam_toolbox]: Message Filter dropping message: frame 'os_lidar' at time 1755201594.513 for reason 'the timestamp on the message is earlier than all the data in the transform cache'
[INFO] [1755201594.890611621] [slam_toolbox]: Message Filter dropping message: frame 'os_lidar' at time 1755201594.713 for reason 'the timestamp on the message is earlier than all the data in the transform cache'
[INFO] [1755201594.991118067] [slam_toolbox]: Message Filter dropping message: frame 'os_lidar' at time 1755201594.813 for reason 'the timestamp on the message is earlier than all the data in the transform cache'
[INFO] [1755201595.090804640] [slam_toolbox]: Message Filter dropping message: frame 'os_lidar' at time 1755201594.913 for reason 'the timestamp on the message is earlier than all the data in the transform cache'
[INFO] [1755201595.190364843] [slam_toolbox]: Message Filter dropping message: frame 'os_lidar' at time 1755201595.013 for reason 'the timestamp on the message is earlier than all the data in the transform cache'
[INFO] [1755201595.290098046] [slam_toolbox]: Message Filter dropping message: frame 'os_lidar' at time 1755201595.113 for reason 'the timestamp on the message is earlier than all the data in the transform cache'
[INFO] [1755201595.390894818] [slam_toolbox]: Message Filter dropping message: frame 'os_lidar' at time 1755201595.213 for reason 'the timestamp on the message is earlier than all the data in the transform cache'
[INFO] [1755201595.491037291] [slam_toolbox]: Message Filter dropping message: frame 'os_lidar' at time 1755201595.313 for reason 'the timestamp on the message is earlier than all the data in the transform cache'
[INFO] [1755201595.590333624] [slam_toolbox]: Message Filter dropping message: frame 'os_lidar' at time 1755201595.413 for reason 'the timestamp on the message is earlier than all the data in the transform cache'
[INFO] [1755201595.690016067] [slam_toolbox]: Message Filter dropping message: frame 'os_lidar' at time 1755201595.513 for reason 'the timestamp on the message is earlier than all the data in the transform cache'
[INFO] [1755201595.790956149] [slam_toolbox]: Message Filter dropping message: frame 'os_lidar' at time 1755201595.613 for reason 'the timestamp on the message is earlier than all the data in the transform cache'
[INFO] [1755201595.890831392] [slam_toolbox]: Message Filter dropping message: frame 'os_lidar' at time 1755201595.713 for reason 'the timestamp on the message is earlier than all the data in the transform cache'
[INFO] [1755201596.091975083] [slam_toolbox]: Message Filter dropping message: frame 'os_lidar' at time 1755201595.913 for reason 'the timestamp on the message is earlier than all the data in the transform cache'
[INFO] [1755201596.191353723] [slam_toolbox]: Message Filter dropping message: frame 'os_lidar' at time 1755201596.013 for reason 'the timestamp on the message is earlier than all the data in the transform cache'
[INFO] [1755201596.291536932] [slam_toolbox]: Message Filter dropping message: frame 'os_lidar' at time 1755201596.113 for reason 'the timestamp on the message is earlier than all the data in the transform cache'
[INFO] [1755201596.390372642] [slam_toolbox]: Message Filter dropping message: frame 'os_lidar' at time 1755201596.213 for reason 'the timestamp on the message is earlier than all the data in the transform cache'
[INFO] [1755201596.490519571] [slam_toolbox]: Message Filter dropping message: frame 'os_lidar' at time 1755201596.313 for reason 'the timestamp on the message is earlier than all the data in the transform cache'
[INFO] [1755201596.590445081] [slam_toolbox]: Message Filter dropping message: frame 'os_lidar' at time 1755201596.413 for reason 'the timestamp on the message is earlier than all the data in the transform cache'
[INFO] [1755201596.790354870] [slam_toolbox]: Message Filter dropping message: frame 'os_lidar' at time 1755201596.613 for reason 'the timestamp on the message is earlier than all the data in the transform cache'
[INFO] [1755201596.989978548] [slam_toolbox]: Message Filter dropping message: frame 'os_lidar' at time 1755201596.814 for reason 'the timestamp on the message is earlier than all the data in the transform cache'
[INFO] [1755201597.192858578] [slam_toolbox]: Message Filter dropping message: frame 'os_lidar' at time 1755201597.013 for reason 'the timestamp on the message is earlier than all the data in the transform cache'
[INFO] [1755201597.290258257] [slam_toolbox]: Message Filter dropping message: frame 'os_lidar' at time 1755201597.113 for reason 'the timestamp on the message is earlier than all the data in the transform cache'
[INFO] [1755201597.391054002] [slam_toolbox]: Message Filter dropping message: frame 'os_lidar' at time 1755201597.213 for reason 'the timestamp on the message is earlier than all the data in the transform cache'
[INFO] [1755201597.490212108] [slam_toolbox]: Message Filter dropping message: frame 'os_lidar' at time 1755201597.313 for reason 'the timestamp on the message is earlier than all the data in the transform cache'
[INFO] [1755201597.590605844] [slam_toolbox]: Message Filter dropping message: frame 'os_lidar' at time 1755201597.413 for reason 'the timestamp on the message is earlier than all the data in the transform cache'
[INFO] [1755201597.691551259] [slam_toolbox]: Message Filter dropping message: frame 'os_lidar' at time 1755201597.513 for reason 'the timestamp on the message is earlier than all the data in the transform cache'
[INFO] [1755201597.790928576] [slam_toolbox]: Message Filter dropping message: frame 'os_lidar' at time 1755201597.613 for reason 'the timestamp on the message is earlier than all the data in the transform cache'
[INFO] [1755201597.891443431] [slam_toolbox]: Message Filter dropping message: frame 'os_lidar' at time 1755201597.713 for reason 'the timestamp on the message is earlier than all the data in the transform cache'
[INFO] [1755201597.991003247] [slam_toolbox]: Message Filter dropping message: frame 'os_lidar' at time 1755201597.813 for reason 'the timestamp on the message is earlier than all the data in the transform cache'
[INFO] [1755201598.090417661] [slam_toolbox]: Message Filter dropping message: frame 'os_lidar' at time 1755201597.913 for reason 'the timestamp on the message is earlier than all the data in the transform cache'
[INFO] [1755201598.190766103] [slam_toolbox]: Message Filter dropping message: frame 'os_lidar' at time 1755201598.013 for reason 'the timestamp on the message is earlier than all the data in the transform cache'
[INFO] [1755201598.290945236] [slam_toolbox]: Message Filter dropping message: frame 'os_lidar' at time 1755201598.113 for reason 'the timestamp on the message is earlier than all the data in the transform cache'
[INFO] [1755201598.390822139] [slam_toolbox]: Message Filter dropping message: frame 'os_lidar' at time 1755201598.213 for reason 'the timestamp on the message is earlier than all the data in the transform cache'
[INFO] [1755201598.490682701] [slam_toolbox]: Message Filter dropping message: frame 'os_lidar' at time 1755201598.313 for reason 'the timestamp on the message is earlier than all the data in the transform cache'
[INFO] [1755201598.591001974] [slam_toolbox]: Message Filter dropping message: frame 'os_lidar' at time 1755201598.413 for reason 'the timestamp on the message is earlier than all the data in the transform cache'
[INFO] [1755201598.691539586] [slam_toolbox]: Message Filter dropping message: frame 'os_lidar' at time 1755201598.513 for reason 'the timestamp on the message is earlier than all the data in the transform cache'
[INFO] [1755201598.790698999] [slam_toolbox]: Message Filter dropping message: frame 'os_lidar' at time 1755201598.613 for reason 'the timestamp on the message is earlier than all the data in the transform cache'
[INFO] [1755201598.890599042] [slam_toolbox]: Message Filter dropping message: frame 'os_lidar' at time 1755201598.713 for reason 'the timestamp on the message is earlier than all the data in the transform cache'
[INFO] [1755201598.990914105] [slam_toolbox]: Message Filter dropping message: frame 'os_lidar' at time 1755201598.813 for reason 'the timestamp on the message is earlier than all the data in the transform cache'
[INFO] [1755201599.091310914] [slam_toolbox]: Message Filter dropping message: frame 'os_lidar' at time 1755201598.913 for reason 'the timestamp on the message is earlier than all the data in the transform cache'
[INFO] [1755201599.190628274] [slam_toolbox]: Message Filter dropping message: frame 'os_lidar' at time 1755201599.013 for reason 'the timestamp on the message is earlier than all the data in the transform cache'
[INFO] [1755201599.290615483] [slam_toolbox]: Message Filter dropping message: frame 'os_lidar' at time 1755201599.113 for reason 'the timestamp on the message is earlier than all the data in the transform cache'
[INFO] [1755201599.390322933] [slam_toolbox]: Message Filter dropping message: frame 'os_lidar' at time 1755201599.213 for reason 'the timestamp on the message is earlier than all the data in the transform cache'
[INFO] [1755201599.491498241] [slam_toolbox]: Message Filter dropping message: frame 'os_lidar' at time 1755201599.313 for reason 'the timestamp on the message is earlier than all the data in the transform cache'
[INFO] [1755201599.590313091] [slam_toolbox]: Message Filter dropping message: frame 'os_lidar' at time 1755201599.413 for reason 'the timestamp on the message is earlier than all the data in the transform cache'
[INFO] [1755201599.690949100] [slam_toolbox]: Message Filter dropping message: frame 'os_lidar' at time 1755201599.513 for reason 'the timestamp on the message is earlier than all the data in the transform cache'
[INFO] [1755201599.791087720] [slam_toolbox]: Message Filter dropping message: frame 'os_lidar' at time 1755201599.613 for reason 'the timestamp on the message is earlier than all the data in the transform cache'
[INFO] [1755201599.891415418] [slam_toolbox]: Message Filter dropping message: frame 'os_lidar' at time 1755201599.713 for reason 'the timestamp on the message is earlier than all the data in the transform cache'
[INFO] [1755201599.992552147] [slam_toolbox]: Message Filter dropping message: frame 'os_lidar' at time 1755201599.813 for reason 'the timestamp on the message is earlier than all the data in the transform cache'
[INFO] [1755201600.103287403] [slam_toolbox]: Message Filter dropping message: frame 'os_lidar' at time 1755201599.913 for reason 'the timestamp on the message is earlier than all the data in the transform cache'
[INFO] [1755201600.191068371] [slam_toolbox]: Message Filter dropping message: frame 'os_lidar' at time 1755201600.015 for reason 'the timestamp on the message is earlier than all the data in the transform cache'
[INFO] [1755201600.292146776] [slam_toolbox]: Message Filter dropping message: frame 'os_lidar' at time 1755201600.113 for reason 'the timestamp on the message is earlier than all the data in the transform cache'
[INFO] [1755201600.391469772] [slam_toolbox]: Message Filter dropping message: frame 'os_lidar' at time 1755201600.213 for reason 'the timestamp on the message is earlier than all the data in the transform cache'
[INFO] [1755201600.491204949] [slam_toolbox]: Message Filter dropping message: frame 'os_lidar' at time 1755201600.313 for reason 'the timestamp on the message is earlier than all the data in the transform cache'
[INFO] [1755201600.591021795] [slam_toolbox]: Message Filter dropping message: frame 'os_lidar' at time 1755201600.413 for reason 'the timestamp on the message is earlier than all the data in the transform cache'
[INFO] [1755201600.690899851] [slam_toolbox]: Message Filter dropping message: frame 'os_lidar' at time 1755201600.513 for reason 'the timestamp on the message is earlier than all the data in the transform cache'
[INFO] [1755201600.791583457] [slam_toolbox]: Message Filter dropping message: frame 'os_lidar' at time 1755201600.613 for reason 'the timestamp on the message is earlier than all the data in the transform cache'
[INFO] [1755201600.890129674] [slam_toolbox]: Message Filter dropping message: frame 'os_lidar' at time 1755201600.713 for reason 'the timestamp on the message is earlier than all the data in the transform cache'
[INFO] [1755201600.990596820] [slam_toolbox]: Message Filter dropping message: frame 'os_lidar' at time 1755201600.813 for reason 'the timestamp on the message is earlier than all the data in the transform cache'
[INFO] [1755201601.090433053] [slam_toolbox]: Message Filter dropping message: frame 'os_lidar' at time 1755201600.913 for reason 'the timestamp on the message is earlier than all the data in the transform cache'
[INFO] [1755201601.192489864] [slam_toolbox]: Message Filter dropping message: frame 'os_lidar' at time 1755201601.013 for reason 'the timestamp on the message is earlier than all the data in the transform cache'
[INFO] [1755201601.290901308] [slam_toolbox]: Message Filter dropping message: frame 'os_lidar' at time 1755201601.113 for reason 'the timestamp on the message is earlier than all the data in the transform cache'
[INFO] [1755201601.391399581] [slam_toolbox]: Message Filter dropping message: frame 'os_lidar' at time 1755201601.213 for reason 'the timestamp on the message is earlier than all the data in the transform cache'
[INFO] [1755201601.493006272] [slam_toolbox]: Message Filter dropping message: frame 'os_lidar' at time 1755201601.313 for reason 'the timestamp on the message is earlier than all the data in the transform cache'
[INFO] [1755201601.590511567] [slam_toolbox]: Message Filter dropping message: frame 'os_lidar' at time 1755201601.413 for reason 'the timestamp on the message is earlier than all the data in the transform cache'
[INFO] [1755201601.690921590] [slam_toolbox]: Message Filter dropping message: frame 'os_lidar' at time 1755201601.513 for reason 'the timestamp on the message is earlier than all the data in the transform cache'
[INFO] [1755201601.790450833] [slam_toolbox]: Message Filter dropping message: frame 'os_lidar' at time 1755201601.613 for reason 'the timestamp on the message is earlier than all the data in the transform cache'
[INFO] [1755201601.890544516] [slam_toolbox]: Message Filter dropping message: frame 'os_lidar' at time 1755201601.713 for reason 'the timestamp on the message is earlier than all the data in the transform cache'
[INFO] [1755201601.990581658] [slam_toolbox]: Message Filter dropping message: frame 'os_lidar' at time 1755201601.813 for reason 'the timestamp on the message is earlier than all the data in the transform cache'
[INFO] [1755201602.090772278] [slam_toolbox]: Message Filter dropping message: frame 'os_lidar' at time 1755201601.913 for reason 'the timestamp on the message is earlier than all the data in the transform cache'
[INFO] [1755201602.190255148] [slam_toolbox]: Message Filter dropping message: frame 'os_lidar' at time 1755201602.013 for reason 'the timestamp on the message is earlier than all the data in the transform cache'
[INFO] [1755201602.291215697] [slam_toolbox]: Message Filter dropping message: frame 'os_lidar' at time 1755201602.113 for reason 'the timestamp on the message is earlier than all the data in the transform cache'
[INFO] [1755201602.392357625] [slam_toolbox]: Message Filter dropping message: frame 'os_lidar' at time 1755201602.213 for reason 'the timestamp on the message is earlier than all the data in the transform cache'
[INFO] [1755201602.491614896] [slam_toolbox]: Message Filter dropping message: frame 'os_lidar' at time 1755201602.313 for reason 'the timestamp on the message is earlier than all the data in the transform cache'
[INFO] [1755201602.591009046] [slam_toolbox]: Message Filter dropping message: frame 'os_lidar' at time 1755201602.413 for reason 'the timestamp on the message is earlier than all the data in the transform cache'
[INFO] [1755201602.691396625] [slam_toolbox]: Message Filter dropping message: frame 'os_lidar' at time 1755201602.514 for reason 'the timestamp on the message is earlier than all the data in the transform cache'
[INFO] [1755201602.791569095] [slam_toolbox]: Message Filter dropping message: frame 'os_lidar' at time 1755201602.614 for reason 'the timestamp on the message is earlier than all the data in the transform cache'
[INFO] [1755201602.891240935] [slam_toolbox]: Message Filter dropping message: frame 'os_lidar' at time 1755201602.714 for reason 'the timestamp on the message is earlier than all the data in the transform cache'
[INFO] [1755201602.991588294] [slam_toolbox]: Message Filter dropping message: frame 'os_lidar' at time 1755201602.814 for reason 'the timestamp on the message is earlier than all the data in the transform cache'
[INFO] [1755201603.091096201] [slam_toolbox]: Message Filter dropping message: frame 'os_lidar' at time 1755201602.914 for reason 'the timestamp on the message is earlier than all the data in the transform cache'
[INFO] [1755201603.192756626] [slam_toolbox]: Message Filter dropping message: frame 'os_lidar' at time 1755201603.014 for reason 'the timestamp on the message is earlier than all the data in the transform cache'
[INFO] [1755201603.290981284] [slam_toolbox]: Message Filter dropping message: frame 'os_lidar' at time 1755201603.114 for reason 'the timestamp on the message is earlier than all the data in the transform cache'
[INFO] [1755201603.391160430] [slam_toolbox]: Message Filter dropping message: frame 'os_lidar' at time 1755201603.214 for reason 'the timestamp on the message is earlier than all the data in the transform cache'
[INFO] [1755201603.493165685] [slam_toolbox]: Message Filter dropping message: frame 'os_lidar' at time 1755201603.314 for reason 'the timestamp on the message is earlier than all the data in the transform cache'
[INFO] [1755201603.592151312] [slam_toolbox]: Message Filter dropping message: frame 'os_lidar' at time 1755201603.414 for reason 'the timestamp on the message is earlier than all the data in the transform cache'
[INFO] [1755201603.691261709] [slam_toolbox]: Message Filter dropping message: frame 'os_lidar' at time 1755201603.514 for reason 'the timestamp on the message is earlier than all the data in the transform cache'
[INFO] [1755201603.890575653] [slam_toolbox]: Message Filter dropping message: frame 'os_lidar' at time 1755201603.714 for reason 'the timestamp on the message is earlier than all the data in the transform cache'
[INFO] [1755201603.991471528] [slam_toolbox]: Message Filter dropping message: frame 'os_lidar' at time 1755201603.814 for reason 'the timestamp on the message is earlier than all the data in the transform cache'
[INFO] [1755201604.091201392] [slam_toolbox]: Message Filter dropping message: frame 'os_lidar' at time 1755201603.914 for reason 'the timestamp on the message is earlier than all the data in the transform cache'
[INFO] [1755201604.191068365] [slam_toolbox]: Message Filter dropping message: frame 'os_lidar' at time 1755201604.014 for reason 'the timestamp on the message is earlier than all the data in the transform cache'
[INFO] [1755201604.290724439] [slam_toolbox]: Message Filter dropping message: frame 'os_lidar' at time 1755201604.114 for reason 'the timestamp on the message is earlier than all the data in the transform cache'
[INFO] [1755201604.390302912] [slam_toolbox]: Message Filter dropping message: frame 'os_lidar' at time 1755201604.214 for reason 'the timestamp on the message is earlier than all the data in the transform cache'
[INFO] [1755201604.490295416] [slam_toolbox]: Message Filter dropping message: frame 'os_lidar' at time 1755201604.314 for reason 'the timestamp on the message is earlier than all the data in the transform cache'
[INFO] [1755201604.590488939] [slam_toolbox]: Message Filter dropping message: frame 'os_lidar' at time 1755201604.414 for reason 'the timestamp on the message is earlier than all the data in the transform cache'
[INFO] [1755201604.666242058] [rclcpp]: signal_handler(signum=2)
