[INFO] [1754936269.224281661] [slam_toolbox]: Configuring
[INFO] [1754936269.228787828] [slam_toolbox]: Using solver plugin solver_plugins::CeresSolver
[INFO] [1754936269.240110337] [slam_toolbox]: Activating
[INFO] [1754936269.541409696] [slam_toolbox]: Message Filter dropping message: frame 'os_lidar' at time 1754936269.364 for reason 'the timestamp on the message is earlier than all the data in the transform cache'
[INFO] [1754936269.642808272] [slam_toolbox]: Message Filter dropping message: frame 'os_lidar' at time 1754936269.464 for reason 'the timestamp on the message is earlier than all the data in the transform cache'
[INFO] [1754936269.741577858] [slam_toolbox]: Message Filter dropping message: frame 'os_lidar' at time 1754936269.564 for reason 'the timestamp on the message is earlier than all the data in the transform cache'
[INFO] [1754936269.841595284] [slam_toolbox]: Message Filter dropping message: frame 'os_lidar' at time 1754936269.664 for reason 'the timestamp on the message is earlier than all the data in the transform cache'
[INFO] [1754936269.941396142] [slam_toolbox]: Message Filter dropping message: frame 'os_lidar' at time 1754936269.764 for reason 'the timestamp on the message is earlier than all the data in the transform cache'
[INFO] [1754936270.041431408] [slam_toolbox]: Message Filter dropping message: frame 'os_lidar' at time 1754936269.864 for reason 'the timestamp on the message is earlier than all the data in the transform cache'
[INFO] [1754936270.141560014] [slam_toolbox]: Message Filter dropping message: frame 'os_lidar' at time 1754936269.964 for reason 'the timestamp on the message is earlier than all the data in the transform cache'
[INFO] [1754936270.242050227] [slam_toolbox]: Message Filter dropping message: frame 'os_lidar' at time 1754936270.064 for reason 'the timestamp on the message is earlier than all the data in the transform cache'
[INFO] [1754936270.341427929] [slam_toolbox]: Message Filter dropping message: frame 'os_lidar' at time 1754936270.164 for reason 'the timestamp on the message is earlier than all the data in the transform cache'
[INFO] [1754936270.541078125] [slam_toolbox]: Message Filter dropping message: frame 'os_lidar' at time 1754936270.364 for reason 'the timestamp on the message is earlier than all the data in the transform cache'
[INFO] [1754936270.641515718] [slam_toolbox]: Message Filter dropping message: frame 'os_lidar' at time 1754936270.465 for reason 'the timestamp on the message is earlier than all the data in the transform cache'
[INFO] [1754936270.743224683] [slam_toolbox]: Message Filter dropping message: frame 'os_lidar' at time 1754936270.565 for reason 'the timestamp on the message is earlier than all the data in the transform cache'
[INFO] [1754936270.841648401] [slam_toolbox]: Message Filter dropping message: frame 'os_lidar' at time 1754936270.665 for reason 'the timestamp on the message is earlier than all the data in the transform cache'
[INFO] [1754936270.941833717] [slam_toolbox]: Message Filter dropping message: frame 'os_lidar' at time 1754936270.765 for reason 'the timestamp on the message is earlier than all the data in the transform cache'
[INFO] [1754936271.041894013] [slam_toolbox]: Message Filter dropping message: frame 'os_lidar' at time 1754936270.864 for reason 'the timestamp on the message is earlier than all the data in the transform cache'
[INFO] [1754936271.141513773] [slam_toolbox]: Message Filter dropping message: frame 'os_lidar' at time 1754936270.964 for reason 'the timestamp on the message is earlier than all the data in the transform cache'
[INFO] [1754936271.241569370] [slam_toolbox]: Message Filter dropping message: frame 'os_lidar' at time 1754936271.064 for reason 'the timestamp on the message is earlier than all the data in the transform cache'
[INFO] [1754936271.341410469] [slam_toolbox]: Message Filter dropping message: frame 'os_lidar' at time 1754936271.164 for reason 'the timestamp on the message is earlier than all the data in the transform cache'
[INFO] [1754936271.443038394] [slam_toolbox]: Message Filter dropping message: frame 'os_lidar' at time 1754936271.265 for reason 'the timestamp on the message is earlier than all the data in the transform cache'
[INFO] [1754936271.541712061] [slam_toolbox]: Message Filter dropping message: frame 'os_lidar' at time 1754936271.365 for reason 'the timestamp on the message is earlier than all the data in the transform cache'
[INFO] [1754936271.641527700] [slam_toolbox]: Message Filter dropping message: frame 'os_lidar' at time 1754936271.465 for reason 'the timestamp on the message is earlier than all the data in the transform cache'
[INFO] [1754936271.742017784] [slam_toolbox]: Message Filter dropping message: frame 'os_lidar' at time 1754936271.565 for reason 'the timestamp on the message is earlier than all the data in the transform cache'
[INFO] [1754936271.842815355] [slam_toolbox]: Message Filter dropping message: frame 'os_lidar' at time 1754936271.664 for reason 'the timestamp on the message is earlier than all the data in the transform cache'
[INFO] [1754936271.941512332] [slam_toolbox]: Message Filter dropping message: frame 'os_lidar' at time 1754936271.764 for reason 'the timestamp on the message is earlier than all the data in the transform cache'
[INFO] [1754936272.041548019] [slam_toolbox]: Message Filter dropping message: frame 'os_lidar' at time 1754936271.864 for reason 'the timestamp on the message is earlier than all the data in the transform cache'
[INFO] [1754936272.141310648] [slam_toolbox]: Message Filter dropping message: frame 'os_lidar' at time 1754936271.964 for reason 'the timestamp on the message is earlier than all the data in the transform cache'
[INFO] [1754936272.241783342] [slam_toolbox]: Message Filter dropping message: frame 'os_lidar' at time 1754936272.064 for reason 'the timestamp on the message is earlier than all the data in the transform cache'
[INFO] [1754936272.341335844] [slam_toolbox]: Message Filter dropping message: frame 'os_lidar' at time 1754936272.164 for reason 'the timestamp on the message is earlier than all the data in the transform cache'
[INFO] [1754936337.801654685] [rclcpp]: signal_handler(signum=2)
