[INFO] [1755200125.615766810] [slam_toolbox]: Configuring
[INFO] [1755200125.623293619] [slam_toolbox]: Using solver plugin solver_plugins::CeresSolver
[INFO] [1755200125.639058707] [slam_toolbox]: Activating
[INFO] [1755200125.954514600] [slam_toolbox]: Message Filter dropping message: frame 'os_lidar' at time 1755200125.775 for reason 'the timestamp on the message is earlier than all the data in the transform cache'
[INFO] [1755200126.052755623] [slam_toolbox]: Message Filter dropping message: frame 'os_lidar' at time 1755200125.875 for reason 'the timestamp on the message is earlier than all the data in the transform cache'
[INFO] [1755200126.153354639] [slam_toolbox]: Message Filter dropping message: frame 'os_lidar' at time 1755200125.975 for reason 'the timestamp on the message is earlier than all the data in the transform cache'
[INFO] [1755200126.251815582] [slam_toolbox]: Message Filter dropping message: frame 'os_lidar' at time 1755200126.075 for reason 'the timestamp on the message is earlier than all the data in the transform cache'
[INFO] [1755200126.351968007] [slam_toolbox]: Message Filter dropping message: frame 'os_lidar' at time 1755200126.175 for reason 'the timestamp on the message is earlier than all the data in the transform cache'
[INFO] [1755200126.451662152] [slam_toolbox]: Message Filter dropping message: frame 'os_lidar' at time 1755200126.275 for reason 'the timestamp on the message is earlier than all the data in the transform cache'
[INFO] [1755200126.551676927] [slam_toolbox]: Message Filter dropping message: frame 'os_lidar' at time 1755200126.375 for reason 'the timestamp on the message is earlier than all the data in the transform cache'
[INFO] [1755200126.651838012] [slam_toolbox]: Message Filter dropping message: frame 'os_lidar' at time 1755200126.475 for reason 'the timestamp on the message is earlier than all the data in the transform cache'
[INFO] [1755200126.752142088] [slam_toolbox]: Message Filter dropping message: frame 'os_lidar' at time 1755200126.575 for reason 'the timestamp on the message is earlier than all the data in the transform cache'
[INFO] [1755200126.851824162] [slam_toolbox]: Message Filter dropping message: frame 'os_lidar' at time 1755200126.675 for reason 'the timestamp on the message is earlier than all the data in the transform cache'
[INFO] [1755200126.951847987] [slam_toolbox]: Message Filter dropping message: frame 'os_lidar' at time 1755200126.775 for reason 'the timestamp on the message is earlier than all the data in the transform cache'
[INFO] [1755200127.152168518] [slam_toolbox]: Message Filter dropping message: frame 'os_lidar' at time 1755200126.975 for reason 'the timestamp on the message is earlier than all the data in the transform cache'
[INFO] [1755200127.251905163] [slam_toolbox]: Message Filter dropping message: frame 'os_lidar' at time 1755200127.075 for reason 'the timestamp on the message is earlier than all the data in the transform cache'
[INFO] [1755200127.352215398] [slam_toolbox]: Message Filter dropping message: frame 'os_lidar' at time 1755200127.175 for reason 'the timestamp on the message is earlier than all the data in the transform cache'
[INFO] [1755200127.452111323] [slam_toolbox]: Message Filter dropping message: frame 'os_lidar' at time 1755200127.275 for reason 'the timestamp on the message is earlier than all the data in the transform cache'
[INFO] [1755200127.551879408] [slam_toolbox]: Message Filter dropping message: frame 'os_lidar' at time 1755200127.375 for reason 'the timestamp on the message is earlier than all the data in the transform cache'
[INFO] [1755200127.653066334] [slam_toolbox]: Message Filter dropping message: frame 'os_lidar' at time 1755200127.475 for reason 'the timestamp on the message is earlier than all the data in the transform cache'
[INFO] [1755200127.951870418] [slam_toolbox]: Message Filter dropping message: frame 'os_lidar' at time 1755200127.775 for reason 'the timestamp on the message is earlier than all the data in the transform cache'
[INFO] [1755200128.053336215] [slam_toolbox]: Message Filter dropping message: frame 'os_lidar' at time 1755200127.875 for reason 'the timestamp on the message is earlier than all the data in the transform cache'
[INFO] [1755200128.151786908] [slam_toolbox]: Message Filter dropping message: frame 'os_lidar' at time 1755200127.975 for reason 'the timestamp on the message is earlier than all the data in the transform cache'
[INFO] [1755200128.252004983] [slam_toolbox]: Message Filter dropping message: frame 'os_lidar' at time 1755200128.075 for reason 'the timestamp on the message is earlier than all the data in the transform cache'
[INFO] [1755200128.351871198] [slam_toolbox]: Message Filter dropping message: frame 'os_lidar' at time 1755200128.175 for reason 'the timestamp on the message is earlier than all the data in the transform cache'
[INFO] [1755200128.452061893] [slam_toolbox]: Message Filter dropping message: frame 'os_lidar' at time 1755200128.275 for reason 'the timestamp on the message is earlier than all the data in the transform cache'
[INFO] [1755200128.552235819] [slam_toolbox]: Message Filter dropping message: frame 'os_lidar' at time 1755200128.375 for reason 'the timestamp on the message is earlier than all the data in the transform cache'
[INFO] [1755200128.652464244] [slam_toolbox]: Message Filter dropping message: frame 'os_lidar' at time 1755200128.475 for reason 'the timestamp on the message is earlier than all the data in the transform cache'
[INFO] [1755200128.753540970] [slam_toolbox]: Message Filter dropping message: frame 'os_lidar' at time 1755200128.575 for reason 'the timestamp on the message is earlier than all the data in the transform cache'
[INFO] [1755200128.852089914] [slam_toolbox]: Message Filter dropping message: frame 'os_lidar' at time 1755200128.675 for reason 'the timestamp on the message is earlier than all the data in the transform cache'
[INFO] [1755200128.951986609] [slam_toolbox]: Message Filter dropping message: frame 'os_lidar' at time 1755200128.775 for reason 'the timestamp on the message is earlier than all the data in the transform cache'
[INFO] [1755200129.051961324] [slam_toolbox]: Message Filter dropping message: frame 'os_lidar' at time 1755200128.875 for reason 'the timestamp on the message is earlier than all the data in the transform cache'
[INFO] [1755200129.153208890] [slam_toolbox]: Message Filter dropping message: frame 'os_lidar' at time 1755200128.975 for reason 'the timestamp on the message is earlier than all the data in the transform cache'
[INFO] [1755200129.252132804] [slam_toolbox]: Message Filter dropping message: frame 'os_lidar' at time 1755200129.075 for reason 'the timestamp on the message is earlier than all the data in the transform cache'
[INFO] [1755200129.352022789] [slam_toolbox]: Message Filter dropping message: frame 'os_lidar' at time 1755200129.175 for reason 'the timestamp on the message is earlier than all the data in the transform cache'
[INFO] [1755200129.451981234] [slam_toolbox]: Message Filter dropping message: frame 'os_lidar' at time 1755200129.275 for reason 'the timestamp on the message is earlier than all the data in the transform cache'
[INFO] [1755200129.552770030] [slam_toolbox]: Message Filter dropping message: frame 'os_lidar' at time 1755200129.375 for reason 'the timestamp on the message is earlier than all the data in the transform cache'
[INFO] [1755200129.652076314] [slam_toolbox]: Message Filter dropping message: frame 'os_lidar' at time 1755200129.475 for reason 'the timestamp on the message is earlier than all the data in the transform cache'
[INFO] [1755200129.752320620] [slam_toolbox]: Message Filter dropping message: frame 'os_lidar' at time 1755200129.575 for reason 'the timestamp on the message is earlier than all the data in the transform cache'
[INFO] [1755200129.853077016] [slam_toolbox]: Message Filter dropping message: frame 'os_lidar' at time 1755200129.675 for reason 'the timestamp on the message is earlier than all the data in the transform cache'
[INFO] [1755200129.951904369] [slam_toolbox]: Message Filter dropping message: frame 'os_lidar' at time 1755200129.775 for reason 'the timestamp on the message is earlier than all the data in the transform cache'
[INFO] [1755200130.051880394] [slam_toolbox]: Message Filter dropping message: frame 'os_lidar' at time 1755200129.875 for reason 'the timestamp on the message is earlier than all the data in the transform cache'
[INFO] [1755200130.151774499] [slam_toolbox]: Message Filter dropping message: frame 'os_lidar' at time 1755200129.975 for reason 'the timestamp on the message is earlier than all the data in the transform cache'
[INFO] [1755200130.252428435] [slam_toolbox]: Message Filter dropping message: frame 'os_lidar' at time 1755200130.075 for reason 'the timestamp on the message is earlier than all the data in the transform cache'
[INFO] [1755200130.353713192] [slam_toolbox]: Message Filter dropping message: frame 'os_lidar' at time 1755200130.175 for reason 'the timestamp on the message is earlier than all the data in the transform cache'
[INFO] [1755200130.451877984] [slam_toolbox]: Message Filter dropping message: frame 'os_lidar' at time 1755200130.275 for reason 'the timestamp on the message is earlier than all the data in the transform cache'
[INFO] [1755200130.553420871] [slam_toolbox]: Message Filter dropping message: frame 'os_lidar' at time 1755200130.375 for reason 'the timestamp on the message is earlier than all the data in the transform cache'
[INFO] [1755200130.652053885] [slam_toolbox]: Message Filter dropping message: frame 'os_lidar' at time 1755200130.475 for reason 'the timestamp on the message is earlier than all the data in the transform cache'
[INFO] [1755200130.752910241] [slam_toolbox]: Message Filter dropping message: frame 'os_lidar' at time 1755200130.575 for reason 'the timestamp on the message is earlier than all the data in the transform cache'
[INFO] [1755200130.852451135] [slam_toolbox]: Message Filter dropping message: frame 'os_lidar' at time 1755200130.675 for reason 'the timestamp on the message is earlier than all the data in the transform cache'
[INFO] [1755200130.952446880] [slam_toolbox]: Message Filter dropping message: frame 'os_lidar' at time 1755200130.775 for reason 'the timestamp on the message is earlier than all the data in the transform cache'
[INFO] [1755200131.052633836] [slam_toolbox]: Message Filter dropping message: frame 'os_lidar' at time 1755200130.875 for reason 'the timestamp on the message is earlier than all the data in the transform cache'
[INFO] [1755200131.156154915] [slam_toolbox]: Message Filter dropping message: frame 'os_lidar' at time 1755200130.975 for reason 'the timestamp on the message is earlier than all the data in the transform cache'
[INFO] [1755200131.252268075] [slam_toolbox]: Message Filter dropping message: frame 'os_lidar' at time 1755200131.075 for reason 'the timestamp on the message is earlier than all the data in the transform cache'
[INFO] [1755200131.352642721] [slam_toolbox]: Message Filter dropping message: frame 'os_lidar' at time 1755200131.175 for reason 'the timestamp on the message is earlier than all the data in the transform cache'
[INFO] [1755200131.452391856] [slam_toolbox]: Message Filter dropping message: frame 'os_lidar' at time 1755200131.275 for reason 'the timestamp on the message is earlier than all the data in the transform cache'
[INFO] [1755200131.552593641] [slam_toolbox]: Message Filter dropping message: frame 'os_lidar' at time 1755200131.375 for reason 'the timestamp on the message is earlier than all the data in the transform cache'
[INFO] [1755200131.652701826] [slam_toolbox]: Message Filter dropping message: frame 'os_lidar' at time 1755200131.475 for reason 'the timestamp on the message is earlier than all the data in the transform cache'
[INFO] [1755200131.752253151] [slam_toolbox]: Message Filter dropping message: frame 'os_lidar' at time 1755200131.575 for reason 'the timestamp on the message is earlier than all the data in the transform cache'
[INFO] [1755200131.852747646] [slam_toolbox]: Message Filter dropping message: frame 'os_lidar' at time 1755200131.675 for reason 'the timestamp on the message is earlier than all the data in the transform cache'
[INFO] [1755200131.952334111] [slam_toolbox]: Message Filter dropping message: frame 'os_lidar' at time 1755200131.775 for reason 'the timestamp on the message is earlier than all the data in the transform cache'
[INFO] [1755200132.054209628] [slam_toolbox]: Message Filter dropping message: frame 'os_lidar' at time 1755200131.875 for reason 'the timestamp on the message is earlier than all the data in the transform cache'
[INFO] [1755200132.153330842] [slam_toolbox]: Message Filter dropping message: frame 'os_lidar' at time 1755200131.975 for reason 'the timestamp on the message is earlier than all the data in the transform cache'
[INFO] [1755200132.252742007] [slam_toolbox]: Message Filter dropping message: frame 'os_lidar' at time 1755200132.075 for reason 'the timestamp on the message is earlier than all the data in the transform cache'
[INFO] [1755200132.352752392] [slam_toolbox]: Message Filter dropping message: frame 'os_lidar' at time 1755200132.175 for reason 'the timestamp on the message is earlier than all the data in the transform cache'
[INFO] [1755200132.452182956] [slam_toolbox]: Message Filter dropping message: frame 'os_lidar' at time 1755200132.275 for reason 'the timestamp on the message is earlier than all the data in the transform cache'
[INFO] [1755200132.551908321] [slam_toolbox]: Message Filter dropping message: frame 'os_lidar' at time 1755200132.375 for reason 'the timestamp on the message is earlier than all the data in the transform cache'
[INFO] [1755200132.652118636] [slam_toolbox]: Message Filter dropping message: frame 'os_lidar' at time 1755200132.475 for reason 'the timestamp on the message is earlier than all the data in the transform cache'
[INFO] [1755200132.752328031] [slam_toolbox]: Message Filter dropping message: frame 'os_lidar' at time 1755200132.575 for reason 'the timestamp on the message is earlier than all the data in the transform cache'
[INFO] [1755200132.852098656] [slam_toolbox]: Message Filter dropping message: frame 'os_lidar' at time 1755200132.675 for reason 'the timestamp on the message is earlier than all the data in the transform cache'
[INFO] [1755200132.952132391] [slam_toolbox]: Message Filter dropping message: frame 'os_lidar' at time 1755200132.775 for reason 'the timestamp on the message is earlier than all the data in the transform cache'
[INFO] [1755200133.053673398] [slam_toolbox]: Message Filter dropping message: frame 'os_lidar' at time 1755200132.875 for reason 'the timestamp on the message is earlier than all the data in the transform cache'
[INFO] [1755200133.152341572] [slam_toolbox]: Message Filter dropping message: frame 'os_lidar' at time 1755200132.975 for reason 'the timestamp on the message is earlier than all the data in the transform cache'
[INFO] [1755200133.253006957] [slam_toolbox]: Message Filter dropping message: frame 'os_lidar' at time 1755200133.075 for reason 'the timestamp on the message is earlier than all the data in the transform cache'
[INFO] [1755200133.352088982] [slam_toolbox]: Message Filter dropping message: frame 'os_lidar' at time 1755200133.175 for reason 'the timestamp on the message is earlier than all the data in the transform cache'
[INFO] [1755200133.452742437] [slam_toolbox]: Message Filter dropping message: frame 'os_lidar' at time 1755200133.275 for reason 'the timestamp on the message is earlier than all the data in the transform cache'
[INFO] [1755200133.553912654] [slam_toolbox]: Message Filter dropping message: frame 'os_lidar' at time 1755200133.375 for reason 'the timestamp on the message is earlier than all the data in the transform cache'
[INFO] [1755200133.652358217] [slam_toolbox]: Message Filter dropping message: frame 'os_lidar' at time 1755200133.475 for reason 'the timestamp on the message is earlier than all the data in the transform cache'
[INFO] [1755200133.752735673] [slam_toolbox]: Message Filter dropping message: frame 'os_lidar' at time 1755200133.575 for reason 'the timestamp on the message is earlier than all the data in the transform cache'
[INFO] [1755200133.852098367] [slam_toolbox]: Message Filter dropping message: frame 'os_lidar' at time 1755200133.675 for reason 'the timestamp on the message is earlier than all the data in the transform cache'
[INFO] [1755200133.952020072] [slam_toolbox]: Message Filter dropping message: frame 'os_lidar' at time 1755200133.775 for reason 'the timestamp on the message is earlier than all the data in the transform cache'
[INFO] [1755200134.052843568] [slam_toolbox]: Message Filter dropping message: frame 'os_lidar' at time 1755200133.875 for reason 'the timestamp on the message is earlier than all the data in the transform cache'
[INFO] [1755200134.152611303] [slam_toolbox]: Message Filter dropping message: frame 'os_lidar' at time 1755200133.975 for reason 'the timestamp on the message is earlier than all the data in the transform cache'
[INFO] [1755200134.252558528] [slam_toolbox]: Message Filter dropping message: frame 'os_lidar' at time 1755200134.075 for reason 'the timestamp on the message is earlier than all the data in the transform cache'
[INFO] [1755200134.352543743] [slam_toolbox]: Message Filter dropping message: frame 'os_lidar' at time 1755200134.175 for reason 'the timestamp on the message is earlier than all the data in the transform cache'
[INFO] [1755200134.452352588] [slam_toolbox]: Message Filter dropping message: frame 'os_lidar' at time 1755200134.275 for reason 'the timestamp on the message is earlier than all the data in the transform cache'
[INFO] [1755200134.552152363] [slam_toolbox]: Message Filter dropping message: frame 'os_lidar' at time 1755200134.375 for reason 'the timestamp on the message is earlier than all the data in the transform cache'
[INFO] [1755200134.652391858] [slam_toolbox]: Message Filter dropping message: frame 'os_lidar' at time 1755200134.475 for reason 'the timestamp on the message is earlier than all the data in the transform cache'
[INFO] [1755200134.752619673] [slam_toolbox]: Message Filter dropping message: frame 'os_lidar' at time 1755200134.575 for reason 'the timestamp on the message is earlier than all the data in the transform cache'
[INFO] [1755200134.852596788] [slam_toolbox]: Message Filter dropping message: frame 'os_lidar' at time 1755200134.675 for reason 'the timestamp on the message is earlier than all the data in the transform cache'
[INFO] [1755200134.952751074] [slam_toolbox]: Message Filter dropping message: frame 'os_lidar' at time 1755200134.775 for reason 'the timestamp on the message is earlier than all the data in the transform cache'
[INFO] [1755200135.052782649] [slam_toolbox]: Message Filter dropping message: frame 'os_lidar' at time 1755200134.875 for reason 'the timestamp on the message is earlier than all the data in the transform cache'
[INFO] [1755200135.152338143] [slam_toolbox]: Message Filter dropping message: frame 'os_lidar' at time 1755200134.975 for reason 'the timestamp on the message is earlier than all the data in the transform cache'
[INFO] [1755200135.252637239] [slam_toolbox]: Message Filter dropping message: frame 'os_lidar' at time 1755200135.075 for reason 'the timestamp on the message is earlier than all the data in the transform cache'
[INFO] [1755200135.354366476] [slam_toolbox]: Message Filter dropping message: frame 'os_lidar' at time 1755200135.175 for reason 'the timestamp on the message is earlier than all the data in the transform cache'
[INFO] [1755200135.452556389] [slam_toolbox]: Message Filter dropping message: frame 'os_lidar' at time 1755200135.275 for reason 'the timestamp on the message is earlier than all the data in the transform cache'
[INFO] [1755200135.552398434] [slam_toolbox]: Message Filter dropping message: frame 'os_lidar' at time 1755200135.375 for reason 'the timestamp on the message is earlier than all the data in the transform cache'
[INFO] [1755200135.652348929] [slam_toolbox]: Message Filter dropping message: frame 'os_lidar' at time 1755200135.475 for reason 'the timestamp on the message is earlier than all the data in the transform cache'
[INFO] [1755200135.751857023] [slam_toolbox]: Message Filter dropping message: frame 'os_lidar' at time 1755200135.575 for reason 'the timestamp on the message is earlier than all the data in the transform cache'
[INFO] [1755200135.851869998] [slam_toolbox]: Message Filter dropping message: frame 'os_lidar' at time 1755200135.675 for reason 'the timestamp on the message is earlier than all the data in the transform cache'
[INFO] [1755200135.951765803] [slam_toolbox]: Message Filter dropping message: frame 'os_lidar' at time 1755200135.775 for reason 'the timestamp on the message is earlier than all the data in the transform cache'
[INFO] [1755200136.054614242] [slam_toolbox]: Message Filter dropping message: frame 'os_lidar' at time 1755200135.875 for reason 'the timestamp on the message is earlier than all the data in the transform cache'
[INFO] [1755200136.152117854] [slam_toolbox]: Message Filter dropping message: frame 'os_lidar' at time 1755200135.975 for reason 'the timestamp on the message is earlier than all the data in the transform cache'
[INFO] [1755200136.254689372] [slam_toolbox]: Message Filter dropping message: frame 'os_lidar' at time 1755200136.075 for reason 'the timestamp on the message is earlier than all the data in the transform cache'
[INFO] [1755200136.352228264] [slam_toolbox]: Message Filter dropping message: frame 'os_lidar' at time 1755200136.175 for reason 'the timestamp on the message is earlier than all the data in the transform cache'
[INFO] [1755200136.452738020] [slam_toolbox]: Message Filter dropping message: frame 'os_lidar' at time 1755200136.275 for reason 'the timestamp on the message is earlier than all the data in the transform cache'
[INFO] [1755200136.552482784] [slam_toolbox]: Message Filter dropping message: frame 'os_lidar' at time 1755200136.375 for reason 'the timestamp on the message is earlier than all the data in the transform cache'
[INFO] [1755200136.652877560] [slam_toolbox]: Message Filter dropping message: frame 'os_lidar' at time 1755200136.475 for reason 'the timestamp on the message is earlier than all the data in the transform cache'
[INFO] [1755200136.752585845] [slam_toolbox]: Message Filter dropping message: frame 'os_lidar' at time 1755200136.575 for reason 'the timestamp on the message is earlier than all the data in the transform cache'
[INFO] [1755200136.852762560] [slam_toolbox]: Message Filter dropping message: frame 'os_lidar' at time 1755200136.675 for reason 'the timestamp on the message is earlier than all the data in the transform cache'
[INFO] [1755200136.952136544] [slam_toolbox]: Message Filter dropping message: frame 'os_lidar' at time 1755200136.775 for reason 'the timestamp on the message is earlier than all the data in the transform cache'
[INFO] [1755200137.052446620] [slam_toolbox]: Message Filter dropping message: frame 'os_lidar' at time 1755200136.876 for reason 'the timestamp on the message is earlier than all the data in the transform cache'
[INFO] [1755200137.152304464] [slam_toolbox]: Message Filter dropping message: frame 'os_lidar' at time 1755200136.976 for reason 'the timestamp on the message is earlier than all the data in the transform cache'
[INFO] [1755200137.252403660] [slam_toolbox]: Message Filter dropping message: frame 'os_lidar' at time 1755200137.076 for reason 'the timestamp on the message is earlier than all the data in the transform cache'
[INFO] [1755200137.352841495] [slam_toolbox]: Message Filter dropping message: frame 'os_lidar' at time 1755200137.176 for reason 'the timestamp on the message is earlier than all the data in the transform cache'
[INFO] [1755200137.452756480] [slam_toolbox]: Message Filter dropping message: frame 'os_lidar' at time 1755200137.276 for reason 'the timestamp on the message is earlier than all the data in the transform cache'
[INFO] [1755200137.553588126] [slam_toolbox]: Message Filter dropping message: frame 'os_lidar' at time 1755200137.376 for reason 'the timestamp on the message is earlier than all the data in the transform cache'
[INFO] [1755200137.655201833] [slam_toolbox]: Message Filter dropping message: frame 'os_lidar' at time 1755200137.476 for reason 'the timestamp on the message is earlier than all the data in the transform cache'
[INFO] [1755200137.752382835] [slam_toolbox]: Message Filter dropping message: frame 'os_lidar' at time 1755200137.576 for reason 'the timestamp on the message is earlier than all the data in the transform cache'
[INFO] [1755200137.852957351] [slam_toolbox]: Message Filter dropping message: frame 'os_lidar' at time 1755200137.676 for reason 'the timestamp on the message is earlier than all the data in the transform cache'
[INFO] [1755200137.954379657] [slam_toolbox]: Message Filter dropping message: frame 'os_lidar' at time 1755200137.776 for reason 'the timestamp on the message is earlier than all the data in the transform cache'
[INFO] [1755200138.052694600] [slam_toolbox]: Message Filter dropping message: frame 'os_lidar' at time 1755200137.876 for reason 'the timestamp on the message is earlier than all the data in the transform cache'
[INFO] [1755200138.154273987] [slam_toolbox]: Message Filter dropping message: frame 'os_lidar' at time 1755200137.976 for reason 'the timestamp on the message is earlier than all the data in the transform cache'
[INFO] [1755200138.253488602] [slam_toolbox]: Message Filter dropping message: frame 'os_lidar' at time 1755200138.076 for reason 'the timestamp on the message is earlier than all the data in the transform cache'
[INFO] [1755200138.354168327] [slam_toolbox]: Message Filter dropping message: frame 'os_lidar' at time 1755200138.176 for reason 'the timestamp on the message is earlier than all the data in the transform cache'
[INFO] [1755200138.453247531] [slam_toolbox]: Message Filter dropping message: frame 'os_lidar' at time 1755200138.276 for reason 'the timestamp on the message is earlier than all the data in the transform cache'
[INFO] [1755200138.553179156] [slam_toolbox]: Message Filter dropping message: frame 'os_lidar' at time 1755200138.376 for reason 'the timestamp on the message is earlier than all the data in the transform cache'
[INFO] [1755200138.652891961] [slam_toolbox]: Message Filter dropping message: frame 'os_lidar' at time 1755200138.476 for reason 'the timestamp on the message is earlier than all the data in the transform cache'
[INFO] [1755200138.753164806] [slam_toolbox]: Message Filter dropping message: frame 'os_lidar' at time 1755200138.576 for reason 'the timestamp on the message is earlier than all the data in the transform cache'
[INFO] [1755200138.853087891] [slam_toolbox]: Message Filter dropping message: frame 'os_lidar' at time 1755200138.676 for reason 'the timestamp on the message is earlier than all the data in the transform cache'
[INFO] [1755200138.953570167] [slam_toolbox]: Message Filter dropping message: frame 'os_lidar' at time 1755200138.776 for reason 'the timestamp on the message is earlier than all the data in the transform cache'
[INFO] [1755200139.053090092] [slam_toolbox]: Message Filter dropping message: frame 'os_lidar' at time 1755200138.876 for reason 'the timestamp on the message is earlier than all the data in the transform cache'
[INFO] [1755200139.152841226] [slam_toolbox]: Message Filter dropping message: frame 'os_lidar' at time 1755200138.976 for reason 'the timestamp on the message is earlier than all the data in the transform cache'
[INFO] [1755200139.252951441] [slam_toolbox]: Message Filter dropping message: frame 'os_lidar' at time 1755200139.076 for reason 'the timestamp on the message is earlier than all the data in the transform cache'
[INFO] [1755200139.354261218] [slam_toolbox]: Message Filter dropping message: frame 'os_lidar' at time 1755200139.176 for reason 'the timestamp on the message is earlier than all the data in the transform cache'
[INFO] [1755200139.453047462] [slam_toolbox]: Message Filter dropping message: frame 'os_lidar' at time 1755200139.276 for reason 'the timestamp on the message is earlier than all the data in the transform cache'
[INFO] [1755200139.552737096] [slam_toolbox]: Message Filter dropping message: frame 'os_lidar' at time 1755200139.376 for reason 'the timestamp on the message is earlier than all the data in the transform cache'
[INFO] [1755200139.653407912] [slam_toolbox]: Message Filter dropping message: frame 'os_lidar' at time 1755200139.476 for reason 'the timestamp on the message is earlier than all the data in the transform cache'
[INFO] [1755200139.753453037] [slam_toolbox]: Message Filter dropping message: frame 'os_lidar' at time 1755200139.576 for reason 'the timestamp on the message is earlier than all the data in the transform cache'
[INFO] [1755200139.852617451] [slam_toolbox]: Message Filter dropping message: frame 'os_lidar' at time 1755200139.676 for reason 'the timestamp on the message is earlier than all the data in the transform cache'
[INFO] [1755200139.952941767] [slam_toolbox]: Message Filter dropping message: frame 'os_lidar' at time 1755200139.776 for reason 'the timestamp on the message is earlier than all the data in the transform cache'
[INFO] [1755200140.053099362] [slam_toolbox]: Message Filter dropping message: frame 'os_lidar' at time 1755200139.876 for reason 'the timestamp on the message is earlier than all the data in the transform cache'
[INFO] [1755200140.152902437] [slam_toolbox]: Message Filter dropping message: frame 'os_lidar' at time 1755200139.976 for reason 'the timestamp on the message is earlier than all the data in the transform cache'
[INFO] [1755200140.252884392] [slam_toolbox]: Message Filter dropping message: frame 'os_lidar' at time 1755200140.076 for reason 'the timestamp on the message is earlier than all the data in the transform cache'
[INFO] [1755200140.353217307] [slam_toolbox]: Message Filter dropping message: frame 'os_lidar' at time 1755200140.176 for reason 'the timestamp on the message is earlier than all the data in the transform cache'
[INFO] [1755200140.452551932] [slam_toolbox]: Message Filter dropping message: frame 'os_lidar' at time 1755200140.276 for reason 'the timestamp on the message is earlier than all the data in the transform cache'
[INFO] [1755200140.554321139] [slam_toolbox]: Message Filter dropping message: frame 'os_lidar' at time 1755200140.376 for reason 'the timestamp on the message is earlier than all the data in the transform cache'
[INFO] [1755200140.653039062] [slam_toolbox]: Message Filter dropping message: frame 'os_lidar' at time 1755200140.476 for reason 'the timestamp on the message is earlier than all the data in the transform cache'
[INFO] [1755200140.752981357] [slam_toolbox]: Message Filter dropping message: frame 'os_lidar' at time 1755200140.576 for reason 'the timestamp on the message is earlier than all the data in the transform cache'
[INFO] [1755200140.825470461] [rclcpp]: signal_handler(signum=2)
