[INFO] [1754946611.168171146] [slam_toolbox]: Configuring
[INFO] [1754946611.176060153] [slam_toolbox]: Using solver plugin solver_plugins::CeresSolver
[INFO] [1754946611.189685101] [slam_toolbox]: Activating
[INFO] [1754946611.532608502] [slam_toolbox]: Message Filter dropping message: frame 'os_lidar' at time 1754946611.352 for reason 'the timestamp on the message is earlier than all the data in the transform cache'
[INFO] [1754946611.630394223] [slam_toolbox]: Message Filter dropping message: frame 'os_lidar' at time 1754946611.452 for reason 'the timestamp on the message is earlier than all the data in the transform cache'
[INFO] [1754946611.729704854] [slam_toolbox]: Message Filter dropping message: frame 'os_lidar' at time 1754946611.552 for reason 'the timestamp on the message is earlier than all the data in the transform cache'
[INFO] [1754946611.829022455] [slam_toolbox]: Message Filter dropping message: frame 'os_lidar' at time 1754946611.652 for reason 'the timestamp on the message is earlier than all the data in the transform cache'
[INFO] [1754946611.930649201] [slam_toolbox]: Message Filter dropping message: frame 'os_lidar' at time 1754946611.752 for reason 'the timestamp on the message is earlier than all the data in the transform cache'
[INFO] [1754946612.029779674] [slam_toolbox]: Message Filter dropping message: frame 'os_lidar' at time 1754946611.852 for reason 'the timestamp on the message is earlier than all the data in the transform cache'
[INFO] [1754946612.129512182] [slam_toolbox]: Message Filter dropping message: frame 'os_lidar' at time 1754946611.952 for reason 'the timestamp on the message is earlier than all the data in the transform cache'
[INFO] [1754946612.229917465] [slam_toolbox]: Message Filter dropping message: frame 'os_lidar' at time 1754946612.052 for reason 'the timestamp on the message is earlier than all the data in the transform cache'
[INFO] [1754946612.329492435] [slam_toolbox]: Message Filter dropping message: frame 'os_lidar' at time 1754946612.152 for reason 'the timestamp on the message is earlier than all the data in the transform cache'
[INFO] [1754946612.429327942] [slam_toolbox]: Message Filter dropping message: frame 'os_lidar' at time 1754946612.252 for reason 'the timestamp on the message is earlier than all the data in the transform cache'
[INFO] [1754946612.529794416] [slam_toolbox]: Message Filter dropping message: frame 'os_lidar' at time 1754946612.352 for reason 'the timestamp on the message is earlier than all the data in the transform cache'
[INFO] [1754946612.629341965] [slam_toolbox]: Message Filter dropping message: frame 'os_lidar' at time 1754946612.452 for reason 'the timestamp on the message is earlier than all the data in the transform cache'
[INFO] [1754946612.729621169] [slam_toolbox]: Message Filter dropping message: frame 'os_lidar' at time 1754946612.552 for reason 'the timestamp on the message is earlier than all the data in the transform cache'
[INFO] [1754946612.830258062] [slam_toolbox]: Message Filter dropping message: frame 'os_lidar' at time 1754946612.652 for reason 'the timestamp on the message is earlier than all the data in the transform cache'
[INFO] [1754946612.929495793] [slam_toolbox]: Message Filter dropping message: frame 'os_lidar' at time 1754946612.752 for reason 'the timestamp on the message is earlier than all the data in the transform cache'
[INFO] [1754946613.029567949] [slam_toolbox]: Message Filter dropping message: frame 'os_lidar' at time 1754946612.852 for reason 'the timestamp on the message is earlier than all the data in the transform cache'
[INFO] [1754946613.230293697] [slam_toolbox]: Message Filter dropping message: frame 'os_lidar' at time 1754946613.052 for reason 'the timestamp on the message is earlier than all the data in the transform cache'
[INFO] [1754946613.329343819] [slam_toolbox]: Message Filter dropping message: frame 'os_lidar' at time 1754946613.152 for reason 'the timestamp on the message is earlier than all the data in the transform cache'
[INFO] [1754946613.530011607] [slam_toolbox]: Message Filter dropping message: frame 'os_lidar' at time 1754946613.352 for reason 'the timestamp on the message is earlier than all the data in the transform cache'
[INFO] [1754946613.629473377] [slam_toolbox]: Message Filter dropping message: frame 'os_lidar' at time 1754946613.452 for reason 'the timestamp on the message is earlier than all the data in the transform cache'
[INFO] [1754946613.729281515] [slam_toolbox]: Message Filter dropping message: frame 'os_lidar' at time 1754946613.552 for reason 'the timestamp on the message is earlier than all the data in the transform cache'
[INFO] [1754946613.829648899] [slam_toolbox]: Message Filter dropping message: frame 'os_lidar' at time 1754946613.652 for reason 'the timestamp on the message is earlier than all the data in the transform cache'
[INFO] [1754946613.930001033] [slam_toolbox]: Message Filter dropping message: frame 'os_lidar' at time 1754946613.752 for reason 'the timestamp on the message is earlier than all the data in the transform cache'
[INFO] [1754946614.029640291] [slam_toolbox]: Message Filter dropping message: frame 'os_lidar' at time 1754946613.852 for reason 'the timestamp on the message is earlier than all the data in the transform cache'
[INFO] [1754946614.129632977] [slam_toolbox]: Message Filter dropping message: frame 'os_lidar' at time 1754946613.952 for reason 'the timestamp on the message is earlier than all the data in the transform cache'
[INFO] [1754946614.229511054] [slam_toolbox]: Message Filter dropping message: frame 'os_lidar' at time 1754946614.052 for reason 'the timestamp on the message is earlier than all the data in the transform cache'
[INFO] [1754946614.329133493] [slam_toolbox]: Message Filter dropping message: frame 'os_lidar' at time 1754946614.152 for reason 'the timestamp on the message is earlier than all the data in the transform cache'
[INFO] [1754946614.429714925] [slam_toolbox]: Message Filter dropping message: frame 'os_lidar' at time 1754946614.252 for reason 'the timestamp on the message is earlier than all the data in the transform cache'
[INFO] [1754946614.529287284] [slam_toolbox]: Message Filter dropping message: frame 'os_lidar' at time 1754946614.352 for reason 'the timestamp on the message is earlier than all the data in the transform cache'
[INFO] [1754946614.629529469] [slam_toolbox]: Message Filter dropping message: frame 'os_lidar' at time 1754946614.452 for reason 'the timestamp on the message is earlier than all the data in the transform cache'
[INFO] [1754946614.729690544] [slam_toolbox]: Message Filter dropping message: frame 'os_lidar' at time 1754946614.552 for reason 'the timestamp on the message is earlier than all the data in the transform cache'
[INFO] [1754946614.831763576] [slam_toolbox]: Message Filter dropping message: frame 'os_lidar' at time 1754946614.652 for reason 'the timestamp on the message is earlier than all the data in the transform cache'
[INFO] [1754946614.932592227] [slam_toolbox]: Message Filter dropping message: frame 'os_lidar' at time 1754946614.752 for reason 'the timestamp on the message is earlier than all the data in the transform cache'
[INFO] [1754946615.030133890] [slam_toolbox]: Message Filter dropping message: frame 'os_lidar' at time 1754946614.852 for reason 'the timestamp on the message is earlier than all the data in the transform cache'
[INFO] [1754946615.129704879] [slam_toolbox]: Message Filter dropping message: frame 'os_lidar' at time 1754946614.952 for reason 'the timestamp on the message is earlier than all the data in the transform cache'
[INFO] [1754946615.231490872] [slam_toolbox]: Message Filter dropping message: frame 'os_lidar' at time 1754946615.052 for reason 'the timestamp on the message is earlier than all the data in the transform cache'
[INFO] [1754946615.329177554] [slam_toolbox]: Message Filter dropping message: frame 'os_lidar' at time 1754946615.152 for reason 'the timestamp on the message is earlier than all the data in the transform cache'
[INFO] [1754946615.528990597] [slam_toolbox]: Message Filter dropping message: frame 'os_lidar' at time 1754946615.352 for reason 'the timestamp on the message is earlier than all the data in the transform cache'
[INFO] [1754946615.628938704] [slam_toolbox]: Message Filter dropping message: frame 'os_lidar' at time 1754946615.452 for reason 'the timestamp on the message is earlier than all the data in the transform cache'
[INFO] [1754946615.729763904] [slam_toolbox]: Message Filter dropping message: frame 'os_lidar' at time 1754946615.552 for reason 'the timestamp on the message is earlier than all the data in the transform cache'
[INFO] [1754946615.829103035] [slam_toolbox]: Message Filter dropping message: frame 'os_lidar' at time 1754946615.652 for reason 'the timestamp on the message is earlier than all the data in the transform cache'
[INFO] [1754946615.928888202] [slam_toolbox]: Message Filter dropping message: frame 'os_lidar' at time 1754946615.752 for reason 'the timestamp on the message is earlier than all the data in the transform cache'
[INFO] [1754946616.029248506] [slam_toolbox]: Message Filter dropping message: frame 'os_lidar' at time 1754946615.852 for reason 'the timestamp on the message is earlier than all the data in the transform cache'
[INFO] [1754946616.129995487] [slam_toolbox]: Message Filter dropping message: frame 'os_lidar' at time 1754946615.952 for reason 'the timestamp on the message is earlier than all the data in the transform cache'
[INFO] [1754946616.229698575] [slam_toolbox]: Message Filter dropping message: frame 'os_lidar' at time 1754946616.052 for reason 'the timestamp on the message is earlier than all the data in the transform cache'
[INFO] [1754946616.329746230] [slam_toolbox]: Message Filter dropping message: frame 'os_lidar' at time 1754946616.152 for reason 'the timestamp on the message is earlier than all the data in the transform cache'
[INFO] [1754946616.430186324] [slam_toolbox]: Message Filter dropping message: frame 'os_lidar' at time 1754946616.252 for reason 'the timestamp on the message is earlier than all the data in the transform cache'
[INFO] [1754946616.529259027] [slam_toolbox]: Message Filter dropping message: frame 'os_lidar' at time 1754946616.352 for reason 'the timestamp on the message is earlier than all the data in the transform cache'
[INFO] [1754946616.629344192] [slam_toolbox]: Message Filter dropping message: frame 'os_lidar' at time 1754946616.452 for reason 'the timestamp on the message is earlier than all the data in the transform cache'
[INFO] [1754946616.729318909] [slam_toolbox]: Message Filter dropping message: frame 'os_lidar' at time 1754946616.552 for reason 'the timestamp on the message is earlier than all the data in the transform cache'
[INFO] [1754946616.829760642] [slam_toolbox]: Message Filter dropping message: frame 'os_lidar' at time 1754946616.652 for reason 'the timestamp on the message is earlier than all the data in the transform cache'
[INFO] [1754946616.929468400] [slam_toolbox]: Message Filter dropping message: frame 'os_lidar' at time 1754946616.752 for reason 'the timestamp on the message is earlier than all the data in the transform cache'
[INFO] [1754946617.029064579] [slam_toolbox]: Message Filter dropping message: frame 'os_lidar' at time 1754946616.852 for reason 'the timestamp on the message is earlier than all the data in the transform cache'
[INFO] [1754946617.129359113] [slam_toolbox]: Message Filter dropping message: frame 'os_lidar' at time 1754946616.952 for reason 'the timestamp on the message is earlier than all the data in the transform cache'
[INFO] [1754946617.229688146] [slam_toolbox]: Message Filter dropping message: frame 'os_lidar' at time 1754946617.052 for reason 'the timestamp on the message is earlier than all the data in the transform cache'
[INFO] [1754946617.329652682] [slam_toolbox]: Message Filter dropping message: frame 'os_lidar' at time 1754946617.152 for reason 'the timestamp on the message is earlier than all the data in the transform cache'
[INFO] [1754946617.429551049] [slam_toolbox]: Message Filter dropping message: frame 'os_lidar' at time 1754946617.252 for reason 'the timestamp on the message is earlier than all the data in the transform cache'
[INFO] [1754946617.730006573] [slam_toolbox]: Message Filter dropping message: frame 'os_lidar' at time 1754946617.552 for reason 'the timestamp on the message is earlier than all the data in the transform cache'
[INFO] [1754946617.829190784] [slam_toolbox]: Message Filter dropping message: frame 'os_lidar' at time 1754946617.652 for reason 'the timestamp on the message is earlier than all the data in the transform cache'
[INFO] [1754946617.929743756] [slam_toolbox]: Message Filter dropping message: frame 'os_lidar' at time 1754946617.752 for reason 'the timestamp on the message is earlier than all the data in the transform cache'
[INFO] [1754946618.032285115] [slam_toolbox]: Message Filter dropping message: frame 'os_lidar' at time 1754946617.852 for reason 'the timestamp on the message is earlier than all the data in the transform cache'
[INFO] [1754946618.330222426] [slam_toolbox]: Message Filter dropping message: frame 'os_lidar' at time 1754946618.152 for reason 'the timestamp on the message is earlier than all the data in the transform cache'
[INFO] [1754946618.430609479] [slam_toolbox]: Message Filter dropping message: frame 'os_lidar' at time 1754946618.252 for reason 'the timestamp on the message is earlier than all the data in the transform cache'
[INFO] [1754946618.530129947] [slam_toolbox]: Message Filter dropping message: frame 'os_lidar' at time 1754946618.352 for reason 'the timestamp on the message is earlier than all the data in the transform cache'
[INFO] [1754946618.629528217] [slam_toolbox]: Message Filter dropping message: frame 'os_lidar' at time 1754946618.452 for reason 'the timestamp on the message is earlier than all the data in the transform cache'
[INFO] [1754946618.729475453] [slam_toolbox]: Message Filter dropping message: frame 'os_lidar' at time 1754946618.552 for reason 'the timestamp on the message is earlier than all the data in the transform cache'
[INFO] [1754946618.829822067] [slam_toolbox]: Message Filter dropping message: frame 'os_lidar' at time 1754946618.652 for reason 'the timestamp on the message is earlier than all the data in the transform cache'
[INFO] [1754946619.129788484] [slam_toolbox]: Message Filter dropping message: frame 'os_lidar' at time 1754946618.952 for reason 'the timestamp on the message is earlier than all the data in the transform cache'
[INFO] [1754946619.229565251] [slam_toolbox]: Message Filter dropping message: frame 'os_lidar' at time 1754946619.052 for reason 'the timestamp on the message is earlier than all the data in the transform cache'
[INFO] [1754946619.329210909] [slam_toolbox]: Message Filter dropping message: frame 'os_lidar' at time 1754946619.152 for reason 'the timestamp on the message is earlier than all the data in the transform cache'
[INFO] [1754946619.529041811] [slam_toolbox]: Message Filter dropping message: frame 'os_lidar' at time 1754946619.352 for reason 'the timestamp on the message is earlier than all the data in the transform cache'
[INFO] [1754946619.629515253] [slam_toolbox]: Message Filter dropping message: frame 'os_lidar' at time 1754946619.452 for reason 'the timestamp on the message is earlier than all the data in the transform cache'
[INFO] [1754946619.729467799] [slam_toolbox]: Message Filter dropping message: frame 'os_lidar' at time 1754946619.552 for reason 'the timestamp on the message is earlier than all the data in the transform cache'
[INFO] [1754946619.929317121] [slam_toolbox]: Message Filter dropping message: frame 'os_lidar' at time 1754946619.752 for reason 'the timestamp on the message is earlier than all the data in the transform cache'
[INFO] [1754946620.029583855] [slam_toolbox]: Message Filter dropping message: frame 'os_lidar' at time 1754946619.852 for reason 'the timestamp on the message is earlier than all the data in the transform cache'
[INFO] [1754946620.129688040] [slam_toolbox]: Message Filter dropping message: frame 'os_lidar' at time 1754946619.952 for reason 'the timestamp on the message is earlier than all the data in the transform cache'
[INFO] [1754946620.229551646] [slam_toolbox]: Message Filter dropping message: frame 'os_lidar' at time 1754946620.052 for reason 'the timestamp on the message is earlier than all the data in the transform cache'
[INFO] [1754946620.329472052] [slam_toolbox]: Message Filter dropping message: frame 'os_lidar' at time 1754946620.152 for reason 'the timestamp on the message is earlier than all the data in the transform cache'
[INFO] [1754946620.429592937] [slam_toolbox]: Message Filter dropping message: frame 'os_lidar' at time 1754946620.252 for reason 'the timestamp on the message is earlier than all the data in the transform cache'
[INFO] [1754946620.528961146] [slam_toolbox]: Message Filter dropping message: frame 'os_lidar' at time 1754946620.352 for reason 'the timestamp on the message is earlier than all the data in the transform cache'
[INFO] [1754946620.630858849] [slam_toolbox]: Message Filter dropping message: frame 'os_lidar' at time 1754946620.452 for reason 'the timestamp on the message is earlier than all the data in the transform cache'
[INFO] [1754946620.729174196] [slam_toolbox]: Message Filter dropping message: frame 'os_lidar' at time 1754946620.552 for reason 'the timestamp on the message is earlier than all the data in the transform cache'
[INFO] [1754946620.829048232] [slam_toolbox]: Message Filter dropping message: frame 'os_lidar' at time 1754946620.652 for reason 'the timestamp on the message is earlier than all the data in the transform cache'
[INFO] [1754946621.229548380] [slam_toolbox]: Message Filter dropping message: frame 'os_lidar' at time 1754946621.052 for reason 'the timestamp on the message is earlier than all the data in the transform cache'
[INFO] [1754946621.329529955] [slam_toolbox]: Message Filter dropping message: frame 'os_lidar' at time 1754946621.152 for reason 'the timestamp on the message is earlier than all the data in the transform cache'
[INFO] [1754946621.429767569] [slam_toolbox]: Message Filter dropping message: frame 'os_lidar' at time 1754946621.252 for reason 'the timestamp on the message is earlier than all the data in the transform cache'
[INFO] [1754946621.629897249] [slam_toolbox]: Message Filter dropping message: frame 'os_lidar' at time 1754946621.452 for reason 'the timestamp on the message is earlier than all the data in the transform cache'
[INFO] [1754946621.729446417] [slam_toolbox]: Message Filter dropping message: frame 'os_lidar' at time 1754946621.552 for reason 'the timestamp on the message is earlier than all the data in the transform cache'
[INFO] [1754946621.829557812] [slam_toolbox]: Message Filter dropping message: frame 'os_lidar' at time 1754946621.652 for reason 'the timestamp on the message is earlier than all the data in the transform cache'
[INFO] [1754946621.929027330] [slam_toolbox]: Message Filter dropping message: frame 'os_lidar' at time 1754946621.752 for reason 'the timestamp on the message is earlier than all the data in the transform cache'
[INFO] [1754946622.029435063] [slam_toolbox]: Message Filter dropping message: frame 'os_lidar' at time 1754946621.852 for reason 'the timestamp on the message is earlier than all the data in the transform cache'
[INFO] [1754946622.128750863] [slam_toolbox]: Message Filter dropping message: frame 'os_lidar' at time 1754946621.952 for reason 'the timestamp on the message is earlier than all the data in the transform cache'
[INFO] [1754946622.229371804] [slam_toolbox]: Message Filter dropping message: frame 'os_lidar' at time 1754946622.052 for reason 'the timestamp on the message is earlier than all the data in the transform cache'
[INFO] [1754946622.331174867] [slam_toolbox]: Message Filter dropping message: frame 'os_lidar' at time 1754946622.152 for reason 'the timestamp on the message is earlier than all the data in the transform cache'
[INFO] [1754946622.430623775] [slam_toolbox]: Message Filter dropping message: frame 'os_lidar' at time 1754946622.252 for reason 'the timestamp on the message is earlier than all the data in the transform cache'
[INFO] [1754946622.531598334] [slam_toolbox]: Message Filter dropping message: frame 'os_lidar' at time 1754946622.352 for reason 'the timestamp on the message is earlier than all the data in the transform cache'
[INFO] [1754946622.629173396] [slam_toolbox]: Message Filter dropping message: frame 'os_lidar' at time 1754946622.452 for reason 'the timestamp on the message is earlier than all the data in the transform cache'
[INFO] [1754946622.729974336] [slam_toolbox]: Message Filter dropping message: frame 'os_lidar' at time 1754946622.552 for reason 'the timestamp on the message is earlier than all the data in the transform cache'
[INFO] [1754946622.829385305] [slam_toolbox]: Message Filter dropping message: frame 'os_lidar' at time 1754946622.652 for reason 'the timestamp on the message is earlier than all the data in the transform cache'
[INFO] [1754946622.929582358] [slam_toolbox]: Message Filter dropping message: frame 'os_lidar' at time 1754946622.752 for reason 'the timestamp on the message is earlier than all the data in the transform cache'
[INFO] [1754946623.029088117] [slam_toolbox]: Message Filter dropping message: frame 'os_lidar' at time 1754946622.852 for reason 'the timestamp on the message is earlier than all the data in the transform cache'
[INFO] [1754946623.129374770] [slam_toolbox]: Message Filter dropping message: frame 'os_lidar' at time 1754946622.952 for reason 'the timestamp on the message is earlier than all the data in the transform cache'
[INFO] [1754946623.228838209] [slam_toolbox]: Message Filter dropping message: frame 'os_lidar' at time 1754946623.052 for reason 'the timestamp on the message is earlier than all the data in the transform cache'
[INFO] [1754946623.328960233] [slam_toolbox]: Message Filter dropping message: frame 'os_lidar' at time 1754946623.152 for reason 'the timestamp on the message is earlier than all the data in the transform cache'
[INFO] [1754946623.429219166] [slam_toolbox]: Message Filter dropping message: frame 'os_lidar' at time 1754946623.252 for reason 'the timestamp on the message is earlier than all the data in the transform cache'
[INFO] [1754946623.529064052] [slam_toolbox]: Message Filter dropping message: frame 'os_lidar' at time 1754946623.352 for reason 'the timestamp on the message is earlier than all the data in the transform cache'
[INFO] [1754946623.629122027] [slam_toolbox]: Message Filter dropping message: frame 'os_lidar' at time 1754946623.452 for reason 'the timestamp on the message is earlier than all the data in the transform cache'
[INFO] [1754946623.729124872] [slam_toolbox]: Message Filter dropping message: frame 'os_lidar' at time 1754946623.552 for reason 'the timestamp on the message is earlier than all the data in the transform cache'
[INFO] [1754946623.830135410] [slam_toolbox]: Message Filter dropping message: frame 'os_lidar' at time 1754946623.652 for reason 'the timestamp on the message is earlier than all the data in the transform cache'
[INFO] [1754946623.929920377] [slam_toolbox]: Message Filter dropping message: frame 'os_lidar' at time 1754946623.752 for reason 'the timestamp on the message is earlier than all the data in the transform cache'
[INFO] [1754946624.029649363] [slam_toolbox]: Message Filter dropping message: frame 'os_lidar' at time 1754946623.852 for reason 'the timestamp on the message is earlier than all the data in the transform cache'
[INFO] [1754946624.129449950] [slam_toolbox]: Message Filter dropping message: frame 'os_lidar' at time 1754946623.952 for reason 'the timestamp on the message is earlier than all the data in the transform cache'
[INFO] [1754946624.232600873] [slam_toolbox]: Message Filter dropping message: frame 'os_lidar' at time 1754946624.052 for reason 'the timestamp on the message is earlier than all the data in the transform cache'
[INFO] [1754946624.331279837] [slam_toolbox]: Message Filter dropping message: frame 'os_lidar' at time 1754946624.152 for reason 'the timestamp on the message is earlier than all the data in the transform cache'
[INFO] [1754946624.429404045] [slam_toolbox]: Message Filter dropping message: frame 'os_lidar' at time 1754946624.252 for reason 'the timestamp on the message is earlier than all the data in the transform cache'
[INFO] [1754946624.529957896] [slam_toolbox]: Message Filter dropping message: frame 'os_lidar' at time 1754946624.352 for reason 'the timestamp on the message is earlier than all the data in the transform cache'
[INFO] [1754946624.629641063] [slam_toolbox]: Message Filter dropping message: frame 'os_lidar' at time 1754946624.452 for reason 'the timestamp on the message is earlier than all the data in the transform cache'
[INFO] [1754946624.729474949] [slam_toolbox]: Message Filter dropping message: frame 'os_lidar' at time 1754946624.552 for reason 'the timestamp on the message is earlier than all the data in the transform cache'
[INFO] [1754946624.829395595] [slam_toolbox]: Message Filter dropping message: frame 'os_lidar' at time 1754946624.652 for reason 'the timestamp on the message is earlier than all the data in the transform cache'
[INFO] [1754946624.929476669] [slam_toolbox]: Message Filter dropping message: frame 'os_lidar' at time 1754946624.752 for reason 'the timestamp on the message is earlier than all the data in the transform cache'
[INFO] [1754946625.029813302] [slam_toolbox]: Message Filter dropping message: frame 'os_lidar' at time 1754946624.852 for reason 'the timestamp on the message is earlier than all the data in the transform cache'
[INFO] [1754946625.129787706] [slam_toolbox]: Message Filter dropping message: frame 'os_lidar' at time 1754946624.952 for reason 'the timestamp on the message is earlier than all the data in the transform cache'
[INFO] [1754946625.229751242] [slam_toolbox]: Message Filter dropping message: frame 'os_lidar' at time 1754946625.052 for reason 'the timestamp on the message is earlier than all the data in the transform cache'
[INFO] [1754946625.329596717] [slam_toolbox]: Message Filter dropping message: frame 'os_lidar' at time 1754946625.152 for reason 'the timestamp on the message is earlier than all the data in the transform cache'
[INFO] [1754946625.429456313] [slam_toolbox]: Message Filter dropping message: frame 'os_lidar' at time 1754946625.252 for reason 'the timestamp on the message is earlier than all the data in the transform cache'
[INFO] [1754946625.529568967] [slam_toolbox]: Message Filter dropping message: frame 'os_lidar' at time 1754946625.352 for reason 'the timestamp on the message is earlier than all the data in the transform cache'
[INFO] [1754946625.629549942] [slam_toolbox]: Message Filter dropping message: frame 'os_lidar' at time 1754946625.452 for reason 'the timestamp on the message is earlier than all the data in the transform cache'
[INFO] [1754946625.730108193] [slam_toolbox]: Message Filter dropping message: frame 'os_lidar' at time 1754946625.552 for reason 'the timestamp on the message is earlier than all the data in the transform cache'
[INFO] [1754946625.829576912] [slam_toolbox]: Message Filter dropping message: frame 'os_lidar' at time 1754946625.652 for reason 'the timestamp on the message is earlier than all the data in the transform cache'
[INFO] [1754946625.929434827] [slam_toolbox]: Message Filter dropping message: frame 'os_lidar' at time 1754946625.752 for reason 'the timestamp on the message is earlier than all the data in the transform cache'
[INFO] [1754946626.029548201] [slam_toolbox]: Message Filter dropping message: frame 'os_lidar' at time 1754946625.852 for reason 'the timestamp on the message is earlier than all the data in the transform cache'
[INFO] [1754946626.130306681] [slam_toolbox]: Message Filter dropping message: frame 'os_lidar' at time 1754946625.952 for reason 'the timestamp on the message is earlier than all the data in the transform cache'
[INFO] [1754946626.232694660] [slam_toolbox]: Message Filter dropping message: frame 'os_lidar' at time 1754946626.052 for reason 'the timestamp on the message is earlier than all the data in the transform cache'
[INFO] [1754946626.331741081] [slam_toolbox]: Message Filter dropping message: frame 'os_lidar' at time 1754946626.152 for reason 'the timestamp on the message is earlier than all the data in the transform cache'
[INFO] [1754946626.432058403] [slam_toolbox]: Message Filter dropping message: frame 'os_lidar' at time 1754946626.252 for reason 'the timestamp on the message is earlier than all the data in the transform cache'
[INFO] [1754946626.529418976] [slam_toolbox]: Message Filter dropping message: frame 'os_lidar' at time 1754946626.352 for reason 'the timestamp on the message is earlier than all the data in the transform cache'
[INFO] [1754946626.630336164] [slam_toolbox]: Message Filter dropping message: frame 'os_lidar' at time 1754946626.452 for reason 'the timestamp on the message is earlier than all the data in the transform cache'
[INFO] [1754946626.729464585] [slam_toolbox]: Message Filter dropping message: frame 'os_lidar' at time 1754946626.552 for reason 'the timestamp on the message is earlier than all the data in the transform cache'
[INFO] [1754946626.830062425] [slam_toolbox]: Message Filter dropping message: frame 'os_lidar' at time 1754946626.652 for reason 'the timestamp on the message is earlier than all the data in the transform cache'
[INFO] [1754946626.929249825] [slam_toolbox]: Message Filter dropping message: frame 'os_lidar' at time 1754946626.752 for reason 'the timestamp on the message is earlier than all the data in the transform cache'
[INFO] [1754946627.030317043] [slam_toolbox]: Message Filter dropping message: frame 'os_lidar' at time 1754946626.852 for reason 'the timestamp on the message is earlier than all the data in the transform cache'
[INFO] [1754946627.129944630] [slam_toolbox]: Message Filter dropping message: frame 'os_lidar' at time 1754946626.952 for reason 'the timestamp on the message is earlier than all the data in the transform cache'
[INFO] [1754946627.229371108] [slam_toolbox]: Message Filter dropping message: frame 'os_lidar' at time 1754946627.052 for reason 'the timestamp on the message is earlier than all the data in the transform cache'
[INFO] [1754946627.329092335] [slam_toolbox]: Message Filter dropping message: frame 'os_lidar' at time 1754946627.152 for reason 'the timestamp on the message is earlier than all the data in the transform cache'
[INFO] [1754946627.429970713] [slam_toolbox]: Message Filter dropping message: frame 'os_lidar' at time 1754946627.252 for reason 'the timestamp on the message is earlier than all the data in the transform cache'
[INFO] [1754946627.529699720] [slam_toolbox]: Message Filter dropping message: frame 'os_lidar' at time 1754946627.352 for reason 'the timestamp on the message is earlier than all the data in the transform cache'
[INFO] [1754946627.631984759] [slam_toolbox]: Message Filter dropping message: frame 'os_lidar' at time 1754946627.452 for reason 'the timestamp on the message is earlier than all the data in the transform cache'
[INFO] [1754946627.729614769] [slam_toolbox]: Message Filter dropping message: frame 'os_lidar' at time 1754946627.552 for reason 'the timestamp on the message is earlier than all the data in the transform cache'
[INFO] [1754946627.829758673] [slam_toolbox]: Message Filter dropping message: frame 'os_lidar' at time 1754946627.652 for reason 'the timestamp on the message is earlier than all the data in the transform cache'
[INFO] [1754946627.929563469] [slam_toolbox]: Message Filter dropping message: frame 'os_lidar' at time 1754946627.752 for reason 'the timestamp on the message is earlier than all the data in the transform cache'
[INFO] [1754946628.029433604] [slam_toolbox]: Message Filter dropping message: frame 'os_lidar' at time 1754946627.852 for reason 'the timestamp on the message is earlier than all the data in the transform cache'
[INFO] [1754946628.131122177] [slam_toolbox]: Message Filter dropping message: frame 'os_lidar' at time 1754946627.952 for reason 'the timestamp on the message is earlier than all the data in the transform cache'
[INFO] [1754946628.218630976] [rclcpp]: signal_handler(signum=2)
