[INFO] [1755034514.838759299] [slam_toolbox]: Configuring
[INFO] [1755034514.866054738] [slam_toolbox]: Using solver plugin solver_plugins::CeresSolver
[INFO] [1755034514.953609974] [slam_toolbox]: Activating
[INFO] [1755034515.210921112] [slam_toolbox]: Message Filter dropping message: frame 'os_lidar' at time 1755034515.030 for reason 'the timestamp on the message is earlier than all the data in the transform cache'
[INFO] [1755034515.308479768] [slam_toolbox]: Message Filter dropping message: frame 'os_lidar' at time 1755034515.130 for reason 'the timestamp on the message is earlier than all the data in the transform cache'
[INFO] [1755034515.407152182] [slam_toolbox]: Message Filter dropping message: frame 'os_lidar' at time 1755034515.230 for reason 'the timestamp on the message is earlier than all the data in the transform cache'
[INFO] [1755034515.507738295] [slam_toolbox]: Message Filter dropping message: frame 'os_lidar' at time 1755034515.330 for reason 'the timestamp on the message is earlier than all the data in the transform cache'
[INFO] [1755034515.607105012] [slam_toolbox]: Message Filter dropping message: frame 'os_lidar' at time 1755034515.430 for reason 'the timestamp on the message is earlier than all the data in the transform cache'
[INFO] [1755034515.706960313] [slam_toolbox]: Message Filter dropping message: frame 'os_lidar' at time 1755034515.530 for reason 'the timestamp on the message is earlier than all the data in the transform cache'
[INFO] [1755034515.806824464] [slam_toolbox]: Message Filter dropping message: frame 'os_lidar' at time 1755034515.630 for reason 'the timestamp on the message is earlier than all the data in the transform cache'
[INFO] [1755034515.907266129] [slam_toolbox]: Message Filter dropping message: frame 'os_lidar' at time 1755034515.730 for reason 'the timestamp on the message is earlier than all the data in the transform cache'
[INFO] [1755034516.007551555] [slam_toolbox]: Message Filter dropping message: frame 'os_lidar' at time 1755034515.830 for reason 'the timestamp on the message is earlier than all the data in the transform cache'
[INFO] [1755034516.108112700] [slam_toolbox]: Message Filter dropping message: frame 'os_lidar' at time 1755034515.930 for reason 'the timestamp on the message is earlier than all the data in the transform cache'
[INFO] [1755034516.207993492] [slam_toolbox]: Message Filter dropping message: frame 'os_lidar' at time 1755034516.030 for reason 'the timestamp on the message is earlier than all the data in the transform cache'
[INFO] [1755034516.307604177] [slam_toolbox]: Message Filter dropping message: frame 'os_lidar' at time 1755034516.130 for reason 'the timestamp on the message is earlier than all the data in the transform cache'
[INFO] [1755034516.407645048] [slam_toolbox]: Message Filter dropping message: frame 'os_lidar' at time 1755034516.230 for reason 'the timestamp on the message is earlier than all the data in the transform cache'
[INFO] [1755034516.510674375] [slam_toolbox]: Message Filter dropping message: frame 'os_lidar' at time 1755034516.330 for reason 'the timestamp on the message is earlier than all the data in the transform cache'
[INFO] [1755034516.607817107] [slam_toolbox]: Message Filter dropping message: frame 'os_lidar' at time 1755034516.430 for reason 'the timestamp on the message is earlier than all the data in the transform cache'
[INFO] [1755034516.707807599] [slam_toolbox]: Message Filter dropping message: frame 'os_lidar' at time 1755034516.530 for reason 'the timestamp on the message is earlier than all the data in the transform cache'
[INFO] [1755034516.807002988] [slam_toolbox]: Message Filter dropping message: frame 'os_lidar' at time 1755034516.630 for reason 'the timestamp on the message is earlier than all the data in the transform cache'
[INFO] [1755034516.907217067] [slam_toolbox]: Message Filter dropping message: frame 'os_lidar' at time 1755034516.730 for reason 'the timestamp on the message is earlier than all the data in the transform cache'
[INFO] [1755034517.007688162] [slam_toolbox]: Message Filter dropping message: frame 'os_lidar' at time 1755034516.830 for reason 'the timestamp on the message is earlier than all the data in the transform cache'
[INFO] [1755034517.107112911] [slam_toolbox]: Message Filter dropping message: frame 'os_lidar' at time 1755034516.930 for reason 'the timestamp on the message is earlier than all the data in the transform cache'
[INFO] [1755034517.207655937] [slam_toolbox]: Message Filter dropping message: frame 'os_lidar' at time 1755034517.030 for reason 'the timestamp on the message is earlier than all the data in the transform cache'
[INFO] [1755034517.307545030] [slam_toolbox]: Message Filter dropping message: frame 'os_lidar' at time 1755034517.130 for reason 'the timestamp on the message is earlier than all the data in the transform cache'
[INFO] [1755034517.408475952] [slam_toolbox]: Message Filter dropping message: frame 'os_lidar' at time 1755034517.230 for reason 'the timestamp on the message is earlier than all the data in the transform cache'
[INFO] [1755034517.508479994] [slam_toolbox]: Message Filter dropping message: frame 'os_lidar' at time 1755034517.330 for reason 'the timestamp on the message is earlier than all the data in the transform cache'
[INFO] [1755034517.607118931] [slam_toolbox]: Message Filter dropping message: frame 'os_lidar' at time 1755034517.430 for reason 'the timestamp on the message is earlier than all the data in the transform cache'
[INFO] [1755034517.707425340] [slam_toolbox]: Message Filter dropping message: frame 'os_lidar' at time 1755034517.530 for reason 'the timestamp on the message is earlier than all the data in the transform cache'
[INFO] [1755034517.807499781] [slam_toolbox]: Message Filter dropping message: frame 'os_lidar' at time 1755034517.630 for reason 'the timestamp on the message is earlier than all the data in the transform cache'
[INFO] [1755034517.907951699] [slam_toolbox]: Message Filter dropping message: frame 'os_lidar' at time 1755034517.730 for reason 'the timestamp on the message is earlier than all the data in the transform cache'
[INFO] [1755034518.007712993] [slam_toolbox]: Message Filter dropping message: frame 'os_lidar' at time 1755034517.830 for reason 'the timestamp on the message is earlier than all the data in the transform cache'
[INFO] [1755034518.107969914] [slam_toolbox]: Message Filter dropping message: frame 'os_lidar' at time 1755034517.930 for reason 'the timestamp on the message is earlier than all the data in the transform cache'
[INFO] [1755034518.209562260] [slam_toolbox]: Message Filter dropping message: frame 'os_lidar' at time 1755034518.030 for reason 'the timestamp on the message is earlier than all the data in the transform cache'
[INFO] [1755034518.308198258] [slam_toolbox]: Message Filter dropping message: frame 'os_lidar' at time 1755034518.130 for reason 'the timestamp on the message is earlier than all the data in the transform cache'
[INFO] [1755034518.408048613] [slam_toolbox]: Message Filter dropping message: frame 'os_lidar' at time 1755034518.230 for reason 'the timestamp on the message is earlier than all the data in the transform cache'
[INFO] [1755034518.507597231] [slam_toolbox]: Message Filter dropping message: frame 'os_lidar' at time 1755034518.330 for reason 'the timestamp on the message is earlier than all the data in the transform cache'
[INFO] [1755035299.862079580] [rclcpp]: signal_handler(signum=2)
