[INFO] [1755203371.006784964] [slam_toolbox]: Configuring
[INFO] [1755203371.019824436] [slam_toolbox]: Using solver plugin solver_plugins::CeresSolver
[INFO] [1755203371.044952723] [slam_toolbox]: Activating
[INFO] [1755203371.913811294] [slam_toolbox]: Message Filter dropping message: frame 'os_lidar' at time 1755203371.736 for reason 'the timestamp on the message is earlier than all the data in the transform cache'
[INFO] [1755203372.013283893] [slam_toolbox]: Message Filter dropping message: frame 'os_lidar' at time 1755203371.836 for reason 'the timestamp on the message is earlier than all the data in the transform cache'
[INFO] [1755203372.113719939] [slam_toolbox]: Message Filter dropping message: frame 'os_lidar' at time 1755203371.936 for reason 'the timestamp on the message is earlier than all the data in the transform cache'
[INFO] [1755203372.213655667] [slam_toolbox]: Message Filter dropping message: frame 'os_lidar' at time 1755203372.036 for reason 'the timestamp on the message is earlier than all the data in the transform cache'
[INFO] [1755203372.313786227] [slam_toolbox]: Message Filter dropping message: frame 'os_lidar' at time 1755203372.136 for reason 'the timestamp on the message is earlier than all the data in the transform cache'
[INFO] [1755203372.413991539] [slam_toolbox]: Message Filter dropping message: frame 'os_lidar' at time 1755203372.236 for reason 'the timestamp on the message is earlier than all the data in the transform cache'
[INFO] [1755203372.513885326] [slam_toolbox]: Message Filter dropping message: frame 'os_lidar' at time 1755203372.336 for reason 'the timestamp on the message is earlier than all the data in the transform cache'
[INFO] [1755203372.614685448] [slam_toolbox]: Message Filter dropping message: frame 'os_lidar' at time 1755203372.436 for reason 'the timestamp on the message is earlier than all the data in the transform cache'
[INFO] [1755203372.714517194] [slam_toolbox]: Message Filter dropping message: frame 'os_lidar' at time 1755203372.536 for reason 'the timestamp on the message is earlier than all the data in the transform cache'
[INFO] [1755203372.816710721] [slam_toolbox]: Message Filter dropping message: frame 'os_lidar' at time 1755203372.636 for reason 'the timestamp on the message is earlier than all the data in the transform cache'
[INFO] [1755203372.913725077] [slam_toolbox]: Message Filter dropping message: frame 'os_lidar' at time 1755203372.736 for reason 'the timestamp on the message is earlier than all the data in the transform cache'
[INFO] [1755203373.013599613] [slam_toolbox]: Message Filter dropping message: frame 'os_lidar' at time 1755203372.836 for reason 'the timestamp on the message is earlier than all the data in the transform cache'
[INFO] [1755203373.114133011] [slam_toolbox]: Message Filter dropping message: frame 'os_lidar' at time 1755203372.936 for reason 'the timestamp on the message is earlier than all the data in the transform cache'
[INFO] [1755203373.213430667] [slam_toolbox]: Message Filter dropping message: frame 'os_lidar' at time 1755203373.036 for reason 'the timestamp on the message is earlier than all the data in the transform cache'
[INFO] [1755203373.314095837] [slam_toolbox]: Message Filter dropping message: frame 'os_lidar' at time 1755203373.136 for reason 'the timestamp on the message is earlier than all the data in the transform cache'
[INFO] [1755203373.413670008] [slam_toolbox]: Message Filter dropping message: frame 'os_lidar' at time 1755203373.236 for reason 'the timestamp on the message is earlier than all the data in the transform cache'
[INFO] [1755203373.514576652] [slam_toolbox]: Message Filter dropping message: frame 'os_lidar' at time 1755203373.336 for reason 'the timestamp on the message is earlier than all the data in the transform cache'
[INFO] [1755203373.613248257] [slam_toolbox]: Message Filter dropping message: frame 'os_lidar' at time 1755203373.436 for reason 'the timestamp on the message is earlier than all the data in the transform cache'
[INFO] [1755203373.713617352] [slam_toolbox]: Message Filter dropping message: frame 'os_lidar' at time 1755203373.536 for reason 'the timestamp on the message is earlier than all the data in the transform cache'
[INFO] [1755203373.814182150] [slam_toolbox]: Message Filter dropping message: frame 'os_lidar' at time 1755203373.636 for reason 'the timestamp on the message is earlier than all the data in the transform cache'
[INFO] [1755203373.913752051] [slam_toolbox]: Message Filter dropping message: frame 'os_lidar' at time 1755203373.736 for reason 'the timestamp on the message is earlier than all the data in the transform cache'
[INFO] [1755203374.013299791] [slam_toolbox]: Message Filter dropping message: frame 'os_lidar' at time 1755203373.836 for reason 'the timestamp on the message is earlier than all the data in the transform cache'
[INFO] [1755203374.117235270] [slam_toolbox]: Message Filter dropping message: frame 'os_lidar' at time 1755203373.936 for reason 'the timestamp on the message is earlier than all the data in the transform cache'
[INFO] [1755203374.213913589] [slam_toolbox]: Message Filter dropping message: frame 'os_lidar' at time 1755203374.036 for reason 'the timestamp on the message is earlier than all the data in the transform cache'
[INFO] [1755203374.313617512] [slam_toolbox]: Message Filter dropping message: frame 'os_lidar' at time 1755203374.136 for reason 'the timestamp on the message is earlier than all the data in the transform cache'
[INFO] [1755203487.122158077] [rclcpp]: signal_handler(signum=2)
