[INFO] [1755204742.644680930] [slam_toolbox]: Configuring
[INFO] [1755204742.652697784] [slam_toolbox]: Using solver plugin solver_plugins::CeresSolver
[INFO] [1755204742.667586103] [slam_toolbox]: Activating
[INFO] [1755204743.008281106] [slam_toolbox]: Message Filter dropping message: frame 'os_lidar' at time 1755204742.828 for reason 'the timestamp on the message is earlier than all the data in the transform cache'
[INFO] [1755204743.106729457] [slam_toolbox]: Message Filter dropping message: frame 'os_lidar' at time 1755204742.928 for reason 'the timestamp on the message is earlier than all the data in the transform cache'
[INFO] [1755204743.205128269] [slam_toolbox]: Message Filter dropping message: frame 'os_lidar' at time 1755204743.028 for reason 'the timestamp on the message is earlier than all the data in the transform cache'
[INFO] [1755204743.305361755] [slam_toolbox]: Message Filter dropping message: frame 'os_lidar' at time 1755204743.128 for reason 'the timestamp on the message is earlier than all the data in the transform cache'
[INFO] [1755204743.405375738] [slam_toolbox]: Message Filter dropping message: frame 'os_lidar' at time 1755204743.228 for reason 'the timestamp on the message is earlier than all the data in the transform cache'
[INFO] [1755204743.505471469] [slam_toolbox]: Message Filter dropping message: frame 'os_lidar' at time 1755204743.328 for reason 'the timestamp on the message is earlier than all the data in the transform cache'
[INFO] [1755204743.605767422] [slam_toolbox]: Message Filter dropping message: frame 'os_lidar' at time 1755204743.428 for reason 'the timestamp on the message is earlier than all the data in the transform cache'
[INFO] [1755204743.709604676] [slam_toolbox]: Message Filter dropping message: frame 'os_lidar' at time 1755204743.528 for reason 'the timestamp on the message is earlier than all the data in the transform cache'
[INFO] [1755204743.807791096] [slam_toolbox]: Message Filter dropping message: frame 'os_lidar' at time 1755204743.628 for reason 'the timestamp on the message is earlier than all the data in the transform cache'
[INFO] [1755204743.906361502] [slam_toolbox]: Message Filter dropping message: frame 'os_lidar' at time 1755204743.728 for reason 'the timestamp on the message is earlier than all the data in the transform cache'
[INFO] [1755204744.007602174] [slam_toolbox]: Message Filter dropping message: frame 'os_lidar' at time 1755204743.828 for reason 'the timestamp on the message is earlier than all the data in the transform cache'
[INFO] [1755204744.105293572] [slam_toolbox]: Message Filter dropping message: frame 'os_lidar' at time 1755204743.928 for reason 'the timestamp on the message is earlier than all the data in the transform cache'
[INFO] [1755204744.205235500] [slam_toolbox]: Message Filter dropping message: frame 'os_lidar' at time 1755204744.028 for reason 'the timestamp on the message is earlier than all the data in the transform cache'
[INFO] [1755204744.305323601] [slam_toolbox]: Message Filter dropping message: frame 'os_lidar' at time 1755204744.128 for reason 'the timestamp on the message is earlier than all the data in the transform cache'
[INFO] [1755204744.405171401] [slam_toolbox]: Message Filter dropping message: frame 'os_lidar' at time 1755204744.228 for reason 'the timestamp on the message is earlier than all the data in the transform cache'
[INFO] [1755204744.505005622] [slam_toolbox]: Message Filter dropping message: frame 'os_lidar' at time 1755204744.328 for reason 'the timestamp on the message is earlier than all the data in the transform cache'
[INFO] [1755204744.605075155] [slam_toolbox]: Message Filter dropping message: frame 'os_lidar' at time 1755204744.428 for reason 'the timestamp on the message is earlier than all the data in the transform cache'
[INFO] [1755204744.705218965] [slam_toolbox]: Message Filter dropping message: frame 'os_lidar' at time 1755204744.528 for reason 'the timestamp on the message is earlier than all the data in the transform cache'
[INFO] [1755204744.805695152] [slam_toolbox]: Message Filter dropping message: frame 'os_lidar' at time 1755204744.628 for reason 'the timestamp on the message is earlier than all the data in the transform cache'
[INFO] [1755204744.905501144] [slam_toolbox]: Message Filter dropping message: frame 'os_lidar' at time 1755204744.728 for reason 'the timestamp on the message is earlier than all the data in the transform cache'
[INFO] [1755204745.005224361] [slam_toolbox]: Message Filter dropping message: frame 'os_lidar' at time 1755204744.828 for reason 'the timestamp on the message is earlier than all the data in the transform cache'
[INFO] [1755204745.105604252] [slam_toolbox]: Message Filter dropping message: frame 'os_lidar' at time 1755204744.928 for reason 'the timestamp on the message is earlier than all the data in the transform cache'
[INFO] [1755204745.205333726] [slam_toolbox]: Message Filter dropping message: frame 'os_lidar' at time 1755204745.028 for reason 'the timestamp on the message is earlier than all the data in the transform cache'
[INFO] [1755204745.305483595] [slam_toolbox]: Message Filter dropping message: frame 'os_lidar' at time 1755204745.128 for reason 'the timestamp on the message is earlier than all the data in the transform cache'
[INFO] [1755204745.405817077] [slam_toolbox]: Message Filter dropping message: frame 'os_lidar' at time 1755204745.228 for reason 'the timestamp on the message is earlier than all the data in the transform cache'
[INFO] [1755204745.505330669] [slam_toolbox]: Message Filter dropping message: frame 'os_lidar' at time 1755204745.328 for reason 'the timestamp on the message is earlier than all the data in the transform cache'
[INFO] [1755204745.605445459] [slam_toolbox]: Message Filter dropping message: frame 'os_lidar' at time 1755204745.428 for reason 'the timestamp on the message is earlier than all the data in the transform cache'
[INFO] [1755204745.705140704] [slam_toolbox]: Message Filter dropping message: frame 'os_lidar' at time 1755204745.528 for reason 'the timestamp on the message is earlier than all the data in the transform cache'
[INFO] [1755204745.805174217] [slam_toolbox]: Message Filter dropping message: frame 'os_lidar' at time 1755204745.628 for reason 'the timestamp on the message is earlier than all the data in the transform cache'
[INFO] [1755204745.905382904] [slam_toolbox]: Message Filter dropping message: frame 'os_lidar' at time 1755204745.728 for reason 'the timestamp on the message is earlier than all the data in the transform cache'
[INFO] [1755204746.005651401] [slam_toolbox]: Message Filter dropping message: frame 'os_lidar' at time 1755204745.828 for reason 'the timestamp on the message is earlier than all the data in the transform cache'
[INFO] [1755204750.859578396] [rclcpp]: signal_handler(signum=2)
