[INFO] [1755031606.253560169] [slam_toolbox]: Configuring
[INFO] [1755031606.262957421] [slam_toolbox]: Using solver plugin solver_plugins::CeresSolver
[INFO] [1755031606.279868192] [slam_toolbox]: Activating
[INFO] [1755031606.578176249] [slam_toolbox]: Message Filter dropping message: frame 'os_lidar' at time 1755031606.399 for reason 'the timestamp on the message is earlier than all the data in the transform cache'
[INFO] [1755031606.676351399] [slam_toolbox]: Message Filter dropping message: frame 'os_lidar' at time 1755031606.499 for reason 'the timestamp on the message is earlier than all the data in the transform cache'
[INFO] [1755031606.776445723] [slam_toolbox]: Message Filter dropping message: frame 'os_lidar' at time 1755031606.599 for reason 'the timestamp on the message is earlier than all the data in the transform cache'
[INFO] [1755031606.876205399] [slam_toolbox]: Message Filter dropping message: frame 'os_lidar' at time 1755031606.699 for reason 'the timestamp on the message is earlier than all the data in the transform cache'
[INFO] [1755031606.976458666] [slam_toolbox]: Message Filter dropping message: frame 'os_lidar' at time 1755031606.799 for reason 'the timestamp on the message is earlier than all the data in the transform cache'
[INFO] [1755031607.076291945] [slam_toolbox]: Message Filter dropping message: frame 'os_lidar' at time 1755031606.899 for reason 'the timestamp on the message is earlier than all the data in the transform cache'
[INFO] [1755031607.176688876] [slam_toolbox]: Message Filter dropping message: frame 'os_lidar' at time 1755031606.999 for reason 'the timestamp on the message is earlier than all the data in the transform cache'
[INFO] [1755031607.276414111] [slam_toolbox]: Message Filter dropping message: frame 'os_lidar' at time 1755031607.099 for reason 'the timestamp on the message is earlier than all the data in the transform cache'
[INFO] [1755031607.377158520] [slam_toolbox]: Message Filter dropping message: frame 'os_lidar' at time 1755031607.199 for reason 'the timestamp on the message is earlier than all the data in the transform cache'
[INFO] [1755031607.476204451] [slam_toolbox]: Message Filter dropping message: frame 'os_lidar' at time 1755031607.299 for reason 'the timestamp on the message is earlier than all the data in the transform cache'
[INFO] [1755031607.675978200] [slam_toolbox]: Message Filter dropping message: frame 'os_lidar' at time 1755031607.499 for reason 'the timestamp on the message is earlier than all the data in the transform cache'
[INFO] [1755031607.776816291] [slam_toolbox]: Message Filter dropping message: frame 'os_lidar' at time 1755031607.599 for reason 'the timestamp on the message is earlier than all the data in the transform cache'
[INFO] [1755031607.876390153] [slam_toolbox]: Message Filter dropping message: frame 'os_lidar' at time 1755031607.699 for reason 'the timestamp on the message is earlier than all the data in the transform cache'
[INFO] [1755031607.979227719] [slam_toolbox]: Message Filter dropping message: frame 'os_lidar' at time 1755031607.799 for reason 'the timestamp on the message is earlier than all the data in the transform cache'
[INFO] [1755031608.076889509] [slam_toolbox]: Message Filter dropping message: frame 'os_lidar' at time 1755031607.899 for reason 'the timestamp on the message is earlier than all the data in the transform cache'
[INFO] [1755031608.176819990] [slam_toolbox]: Message Filter dropping message: frame 'os_lidar' at time 1755031607.999 for reason 'the timestamp on the message is earlier than all the data in the transform cache'
[INFO] [1755031608.276760571] [slam_toolbox]: Message Filter dropping message: frame 'os_lidar' at time 1755031608.099 for reason 'the timestamp on the message is earlier than all the data in the transform cache'
[INFO] [1755031608.376198961] [slam_toolbox]: Message Filter dropping message: frame 'os_lidar' at time 1755031608.199 for reason 'the timestamp on the message is earlier than all the data in the transform cache'
[INFO] [1755031608.476677704] [slam_toolbox]: Message Filter dropping message: frame 'os_lidar' at time 1755031608.299 for reason 'the timestamp on the message is earlier than all the data in the transform cache'
[INFO] [1755031608.578294383] [slam_toolbox]: Message Filter dropping message: frame 'os_lidar' at time 1755031608.399 for reason 'the timestamp on the message is earlier than all the data in the transform cache'
[INFO] [1755031608.677057177] [slam_toolbox]: Message Filter dropping message: frame 'os_lidar' at time 1755031608.499 for reason 'the timestamp on the message is earlier than all the data in the transform cache'
[INFO] [1755031608.776690832] [slam_toolbox]: Message Filter dropping message: frame 'os_lidar' at time 1755031608.599 for reason 'the timestamp on the message is earlier than all the data in the transform cache'
[INFO] [1755031608.876389427] [slam_toolbox]: Message Filter dropping message: frame 'os_lidar' at time 1755031608.699 for reason 'the timestamp on the message is earlier than all the data in the transform cache'
[INFO] [1755031608.979556351] [slam_toolbox]: Message Filter dropping message: frame 'os_lidar' at time 1755031608.799 for reason 'the timestamp on the message is earlier than all the data in the transform cache'
[INFO] [1755031609.076875433] [slam_toolbox]: Message Filter dropping message: frame 'os_lidar' at time 1755031608.899 for reason 'the timestamp on the message is earlier than all the data in the transform cache'
[INFO] [1755031609.176145990] [slam_toolbox]: Message Filter dropping message: frame 'os_lidar' at time 1755031608.999 for reason 'the timestamp on the message is earlier than all the data in the transform cache'
[INFO] [1755031609.276633104] [slam_toolbox]: Message Filter dropping message: frame 'os_lidar' at time 1755031609.099 for reason 'the timestamp on the message is earlier than all the data in the transform cache'
[INFO] [1755031609.376569375] [slam_toolbox]: Message Filter dropping message: frame 'os_lidar' at time 1755031609.199 for reason 'the timestamp on the message is earlier than all the data in the transform cache'
[INFO] [1755031609.477123901] [slam_toolbox]: Message Filter dropping message: frame 'os_lidar' at time 1755031609.299 for reason 'the timestamp on the message is earlier than all the data in the transform cache'
[INFO] [1755031609.576838127] [slam_toolbox]: Message Filter dropping message: frame 'os_lidar' at time 1755031609.399 for reason 'the timestamp on the message is earlier than all the data in the transform cache'
[INFO] [1755031609.676862361] [slam_toolbox]: Message Filter dropping message: frame 'os_lidar' at time 1755031609.499 for reason 'the timestamp on the message is earlier than all the data in the transform cache'
[INFO] [1755031609.777558169] [slam_toolbox]: Message Filter dropping message: frame 'os_lidar' at time 1755031609.599 for reason 'the timestamp on the message is earlier than all the data in the transform cache'
[INFO] [1755031609.876357025] [slam_toolbox]: Message Filter dropping message: frame 'os_lidar' at time 1755031609.699 for reason 'the timestamp on the message is earlier than all the data in the transform cache'
[INFO] [1755031609.977694088] [slam_toolbox]: Message Filter dropping message: frame 'os_lidar' at time 1755031609.799 for reason 'the timestamp on the message is earlier than all the data in the transform cache'
[INFO] [1755031610.076652087] [slam_toolbox]: Message Filter dropping message: frame 'os_lidar' at time 1755031609.899 for reason 'the timestamp on the message is earlier than all the data in the transform cache'
[INFO] [1755031610.176965038] [slam_toolbox]: Message Filter dropping message: frame 'os_lidar' at time 1755031609.999 for reason 'the timestamp on the message is earlier than all the data in the transform cache'
[INFO] [1755031610.276889429] [slam_toolbox]: Message Filter dropping message: frame 'os_lidar' at time 1755031610.099 for reason 'the timestamp on the message is earlier than all the data in the transform cache'
[INFO] [1755031815.468532117] [rclcpp]: signal_handler(signum=2)
