[INFO] [1755201026.810161244] [slam_toolbox]: Configuring
[INFO] [1755201026.818460995] [slam_toolbox]: Using solver plugin solver_plugins::CeresSolver
[INFO] [1755201026.831583233] [slam_toolbox]: Activating
[INFO] [1755201027.093161363] [slam_toolbox]: Message Filter dropping message: frame 'os_lidar' at time 1755201026.913 for reason 'the timestamp on the message is earlier than all the data in the transform cache'
[INFO] [1755201027.191537387] [slam_toolbox]: Message Filter dropping message: frame 'os_lidar' at time 1755201027.013 for reason 'the timestamp on the message is earlier than all the data in the transform cache'
[INFO] [1755201027.290456572] [slam_toolbox]: Message Filter dropping message: frame 'os_lidar' at time 1755201027.113 for reason 'the timestamp on the message is earlier than all the data in the transform cache'
[INFO] [1755201027.390316297] [slam_toolbox]: Message Filter dropping message: frame 'os_lidar' at time 1755201027.213 for reason 'the timestamp on the message is earlier than all the data in the transform cache'
[INFO] [1755201027.490470762] [slam_toolbox]: Message Filter dropping message: frame 'os_lidar' at time 1755201027.313 for reason 'the timestamp on the message is earlier than all the data in the transform cache'
[INFO] [1755201027.590486201] [slam_toolbox]: Message Filter dropping message: frame 'os_lidar' at time 1755201027.413 for reason 'the timestamp on the message is earlier than all the data in the transform cache'
[INFO] [1755201027.690341216] [slam_toolbox]: Message Filter dropping message: frame 'os_lidar' at time 1755201027.513 for reason 'the timestamp on the message is earlier than all the data in the transform cache'
[INFO] [1755201027.791151749] [slam_toolbox]: Message Filter dropping message: frame 'os_lidar' at time 1755201027.613 for reason 'the timestamp on the message is earlier than all the data in the transform cache'
[INFO] [1755201027.890540719] [slam_toolbox]: Message Filter dropping message: frame 'os_lidar' at time 1755201027.713 for reason 'the timestamp on the message is earlier than all the data in the transform cache'
[INFO] [1755201027.990277928] [slam_toolbox]: Message Filter dropping message: frame 'os_lidar' at time 1755201027.813 for reason 'the timestamp on the message is earlier than all the data in the transform cache'
[INFO] [1755201028.090212576] [slam_toolbox]: Message Filter dropping message: frame 'os_lidar' at time 1755201027.913 for reason 'the timestamp on the message is earlier than all the data in the transform cache'
[INFO] [1755201028.190465823] [slam_toolbox]: Message Filter dropping message: frame 'os_lidar' at time 1755201028.013 for reason 'the timestamp on the message is earlier than all the data in the transform cache'
[INFO] [1755201028.291143156] [slam_toolbox]: Message Filter dropping message: frame 'os_lidar' at time 1755201028.113 for reason 'the timestamp on the message is earlier than all the data in the transform cache'
[INFO] [1755201028.390419544] [slam_toolbox]: Message Filter dropping message: frame 'os_lidar' at time 1755201028.213 for reason 'the timestamp on the message is earlier than all the data in the transform cache'
[INFO] [1755201028.489732721] [slam_toolbox]: Message Filter dropping message: frame 'os_lidar' at time 1755201028.313 for reason 'the timestamp on the message is earlier than all the data in the transform cache'
[INFO] [1755201028.589954459] [slam_toolbox]: Message Filter dropping message: frame 'os_lidar' at time 1755201028.413 for reason 'the timestamp on the message is earlier than all the data in the transform cache'
[INFO] [1755201028.690221595] [slam_toolbox]: Message Filter dropping message: frame 'os_lidar' at time 1755201028.513 for reason 'the timestamp on the message is earlier than all the data in the transform cache'
[INFO] [1755201028.790249239] [slam_toolbox]: Message Filter dropping message: frame 'os_lidar' at time 1755201028.613 for reason 'the timestamp on the message is earlier than all the data in the transform cache'
[INFO] [1755201028.890444808] [slam_toolbox]: Message Filter dropping message: frame 'os_lidar' at time 1755201028.713 for reason 'the timestamp on the message is earlier than all the data in the transform cache'
[INFO] [1755201028.990094734] [slam_toolbox]: Message Filter dropping message: frame 'os_lidar' at time 1755201028.813 for reason 'the timestamp on the message is earlier than all the data in the transform cache'
[INFO] [1755201029.090186790] [slam_toolbox]: Message Filter dropping message: frame 'os_lidar' at time 1755201028.913 for reason 'the timestamp on the message is earlier than all the data in the transform cache'
[INFO] [1755201029.191039581] [slam_toolbox]: Message Filter dropping message: frame 'os_lidar' at time 1755201029.013 for reason 'the timestamp on the message is earlier than all the data in the transform cache'
[INFO] [1755201029.290262602] [slam_toolbox]: Message Filter dropping message: frame 'os_lidar' at time 1755201029.113 for reason 'the timestamp on the message is earlier than all the data in the transform cache'
[INFO] [1755201029.391748983] [slam_toolbox]: Message Filter dropping message: frame 'os_lidar' at time 1755201029.213 for reason 'the timestamp on the message is earlier than all the data in the transform cache'
[INFO] [1755201029.489934977] [slam_toolbox]: Message Filter dropping message: frame 'os_lidar' at time 1755201029.313 for reason 'the timestamp on the message is earlier than all the data in the transform cache'
[INFO] [1755201029.590747479] [slam_toolbox]: Message Filter dropping message: frame 'os_lidar' at time 1755201029.413 for reason 'the timestamp on the message is earlier than all the data in the transform cache'
[INFO] [1755201029.690506053] [slam_toolbox]: Message Filter dropping message: frame 'os_lidar' at time 1755201029.513 for reason 'the timestamp on the message is earlier than all the data in the transform cache'
[INFO] [1755201029.789703586] [slam_toolbox]: Message Filter dropping message: frame 'os_lidar' at time 1755201029.613 for reason 'the timestamp on the message is earlier than all the data in the transform cache'
[INFO] [1755201029.889325925] [slam_toolbox]: Message Filter dropping message: frame 'os_lidar' at time 1755201029.713 for reason 'the timestamp on the message is earlier than all the data in the transform cache'
[INFO] [1755201228.423943187] [rclcpp]: signal_handler(signum=2)
