[INFO] [1755204762.249527969] [slam_toolbox]: Configuring
[INFO] [1755204762.255912744] [slam_toolbox]: Using solver plugin solver_plugins::CeresSolver
[INFO] [1755204762.271082222] [slam_toolbox]: Activating
[INFO] [1755204762.605999182] [slam_toolbox]: Message Filter dropping message: frame 'os_lidar' at time 1755204762.428 for reason 'the timestamp on the message is earlier than all the data in the transform cache'
[INFO] [1755204762.706538518] [slam_toolbox]: Message Filter dropping message: frame 'os_lidar' at time 1755204762.528 for reason 'the timestamp on the message is earlier than all the data in the transform cache'
[INFO] [1755204762.805550618] [slam_toolbox]: Message Filter dropping message: frame 'os_lidar' at time 1755204762.628 for reason 'the timestamp on the message is earlier than all the data in the transform cache'
[INFO] [1755204762.905503522] [slam_toolbox]: Message Filter dropping message: frame 'os_lidar' at time 1755204762.728 for reason 'the timestamp on the message is earlier than all the data in the transform cache'
[INFO] [1755204763.005020759] [slam_toolbox]: Message Filter dropping message: frame 'os_lidar' at time 1755204762.828 for reason 'the timestamp on the message is earlier than all the data in the transform cache'
[INFO] [1755204763.105715298] [slam_toolbox]: Message Filter dropping message: frame 'os_lidar' at time 1755204762.928 for reason 'the timestamp on the message is earlier than all the data in the transform cache'
[INFO] [1755204763.206279371] [slam_toolbox]: Message Filter dropping message: frame 'os_lidar' at time 1755204763.028 for reason 'the timestamp on the message is earlier than all the data in the transform cache'
[INFO] [1755204763.307211454] [slam_toolbox]: Message Filter dropping message: frame 'os_lidar' at time 1755204763.128 for reason 'the timestamp on the message is earlier than all the data in the transform cache'
[INFO] [1755204763.407547174] [slam_toolbox]: Message Filter dropping message: frame 'os_lidar' at time 1755204763.228 for reason 'the timestamp on the message is earlier than all the data in the transform cache'
[INFO] [1755204763.505984689] [slam_toolbox]: Message Filter dropping message: frame 'os_lidar' at time 1755204763.328 for reason 'the timestamp on the message is earlier than all the data in the transform cache'
[INFO] [1755204763.606101555] [slam_toolbox]: Message Filter dropping message: frame 'os_lidar' at time 1755204763.429 for reason 'the timestamp on the message is earlier than all the data in the transform cache'
[INFO] [1755204763.706308948] [slam_toolbox]: Message Filter dropping message: frame 'os_lidar' at time 1755204763.529 for reason 'the timestamp on the message is earlier than all the data in the transform cache'
[INFO] [1755204763.805439583] [slam_toolbox]: Message Filter dropping message: frame 'os_lidar' at time 1755204763.629 for reason 'the timestamp on the message is earlier than all the data in the transform cache'
[INFO] [1755204763.905824402] [slam_toolbox]: Message Filter dropping message: frame 'os_lidar' at time 1755204763.729 for reason 'the timestamp on the message is earlier than all the data in the transform cache'
[INFO] [1755204764.005470692] [slam_toolbox]: Message Filter dropping message: frame 'os_lidar' at time 1755204763.829 for reason 'the timestamp on the message is earlier than all the data in the transform cache'
[INFO] [1755204764.105925885] [slam_toolbox]: Message Filter dropping message: frame 'os_lidar' at time 1755204763.929 for reason 'the timestamp on the message is earlier than all the data in the transform cache'
[INFO] [1755204764.205725648] [slam_toolbox]: Message Filter dropping message: frame 'os_lidar' at time 1755204764.029 for reason 'the timestamp on the message is earlier than all the data in the transform cache'
[INFO] [1755204764.305705295] [slam_toolbox]: Message Filter dropping message: frame 'os_lidar' at time 1755204764.129 for reason 'the timestamp on the message is earlier than all the data in the transform cache'
[INFO] [1755204764.405790629] [slam_toolbox]: Message Filter dropping message: frame 'os_lidar' at time 1755204764.229 for reason 'the timestamp on the message is earlier than all the data in the transform cache'
[INFO] [1755204764.505952651] [slam_toolbox]: Message Filter dropping message: frame 'os_lidar' at time 1755204764.329 for reason 'the timestamp on the message is earlier than all the data in the transform cache'
[INFO] [1755204764.605627997] [slam_toolbox]: Message Filter dropping message: frame 'os_lidar' at time 1755204764.429 for reason 'the timestamp on the message is earlier than all the data in the transform cache'
[INFO] [1755204764.705490797] [slam_toolbox]: Message Filter dropping message: frame 'os_lidar' at time 1755204764.529 for reason 'the timestamp on the message is earlier than all the data in the transform cache'
[INFO] [1755204764.905592987] [slam_toolbox]: Message Filter dropping message: frame 'os_lidar' at time 1755204764.729 for reason 'the timestamp on the message is earlier than all the data in the transform cache'
[INFO] [1755204765.005833058] [slam_toolbox]: Message Filter dropping message: frame 'os_lidar' at time 1755204764.829 for reason 'the timestamp on the message is earlier than all the data in the transform cache'
[INFO] [1755204765.105607997] [slam_toolbox]: Message Filter dropping message: frame 'os_lidar' at time 1755204764.929 for reason 'the timestamp on the message is earlier than all the data in the transform cache'
[INFO] [1755204765.205737386] [slam_toolbox]: Message Filter dropping message: frame 'os_lidar' at time 1755204765.029 for reason 'the timestamp on the message is earlier than all the data in the transform cache'
[INFO] [1755204765.305949633] [slam_toolbox]: Message Filter dropping message: frame 'os_lidar' at time 1755204765.129 for reason 'the timestamp on the message is earlier than all the data in the transform cache'
[INFO] [1755204765.405722592] [slam_toolbox]: Message Filter dropping message: frame 'os_lidar' at time 1755204765.229 for reason 'the timestamp on the message is earlier than all the data in the transform cache'
[INFO] [1755204765.505739934] [slam_toolbox]: Message Filter dropping message: frame 'os_lidar' at time 1755204765.329 for reason 'the timestamp on the message is earlier than all the data in the transform cache'
[INFO] [1755204765.605920972] [slam_toolbox]: Message Filter dropping message: frame 'os_lidar' at time 1755204765.429 for reason 'the timestamp on the message is earlier than all the data in the transform cache'
[INFO] [1755204806.841207969] [rclcpp]: signal_handler(signum=2)
