[INFO] [1755035603.897964075] [slam_toolbox]: Configuring
[INFO] [1755035603.904367821] [slam_toolbox]: Using solver plugin solver_plugins::CeresSolver
[INFO] [1755035603.919921598] [slam_toolbox]: Activating
[INFO] [1755035604.186657398] [slam_toolbox]: Message Filter dropping message: frame 'os_lidar' at time 1755035604.009 for reason 'the timestamp on the message is earlier than all the data in the transform cache'
[INFO] [1755035604.286249187] [slam_toolbox]: Message Filter dropping message: frame 'os_lidar' at time 1755035604.109 for reason 'the timestamp on the message is earlier than all the data in the transform cache'
[INFO] [1755035604.386305014] [slam_toolbox]: Message Filter dropping message: frame 'os_lidar' at time 1755035604.209 for reason 'the timestamp on the message is earlier than all the data in the transform cache'
[INFO] [1755035604.486776659] [slam_toolbox]: Message Filter dropping message: frame 'os_lidar' at time 1755035604.309 for reason 'the timestamp on the message is earlier than all the data in the transform cache'
[INFO] [1755035604.586775937] [slam_toolbox]: Message Filter dropping message: frame 'os_lidar' at time 1755035604.409 for reason 'the timestamp on the message is earlier than all the data in the transform cache'
[INFO] [1755035604.689840098] [slam_toolbox]: Message Filter dropping message: frame 'os_lidar' at time 1755035604.509 for reason 'the timestamp on the message is earlier than all the data in the transform cache'
[INFO] [1755035604.787011670] [slam_toolbox]: Message Filter dropping message: frame 'os_lidar' at time 1755035604.609 for reason 'the timestamp on the message is earlier than all the data in the transform cache'
[INFO] [1755035604.887078068] [slam_toolbox]: Message Filter dropping message: frame 'os_lidar' at time 1755035604.709 for reason 'the timestamp on the message is earlier than all the data in the transform cache'
[INFO] [1755035604.986890096] [slam_toolbox]: Message Filter dropping message: frame 'os_lidar' at time 1755035604.809 for reason 'the timestamp on the message is earlier than all the data in the transform cache'
[INFO] [1755035605.086517655] [slam_toolbox]: Message Filter dropping message: frame 'os_lidar' at time 1755035604.909 for reason 'the timestamp on the message is earlier than all the data in the transform cache'
[INFO] [1755035605.186549253] [slam_toolbox]: Message Filter dropping message: frame 'os_lidar' at time 1755035605.009 for reason 'the timestamp on the message is earlier than all the data in the transform cache'
[INFO] [1755035605.286597010] [slam_toolbox]: Message Filter dropping message: frame 'os_lidar' at time 1755035605.109 for reason 'the timestamp on the message is earlier than all the data in the transform cache'
[INFO] [1755035605.786494388] [slam_toolbox]: Message Filter dropping message: frame 'os_lidar' at time 1755035605.609 for reason 'the timestamp on the message is earlier than all the data in the transform cache'
[INFO] [1755035605.886565186] [slam_toolbox]: Message Filter dropping message: frame 'os_lidar' at time 1755035605.709 for reason 'the timestamp on the message is earlier than all the data in the transform cache'
[INFO] [1755035605.986377364] [slam_toolbox]: Message Filter dropping message: frame 'os_lidar' at time 1755035605.809 for reason 'the timestamp on the message is earlier than all the data in the transform cache'
[INFO] [1755035606.086781150] [slam_toolbox]: Message Filter dropping message: frame 'os_lidar' at time 1755035605.909 for reason 'the timestamp on the message is earlier than all the data in the transform cache'
[INFO] [1755035606.186454959] [slam_toolbox]: Message Filter dropping message: frame 'os_lidar' at time 1755035606.009 for reason 'the timestamp on the message is earlier than all the data in the transform cache'
[INFO] [1755035606.288558576] [slam_toolbox]: Message Filter dropping message: frame 'os_lidar' at time 1755035606.109 for reason 'the timestamp on the message is earlier than all the data in the transform cache'
[INFO] [1755035606.386588114] [slam_toolbox]: Message Filter dropping message: frame 'os_lidar' at time 1755035606.209 for reason 'the timestamp on the message is earlier than all the data in the transform cache'
[INFO] [1755035606.486762581] [slam_toolbox]: Message Filter dropping message: frame 'os_lidar' at time 1755035606.309 for reason 'the timestamp on the message is earlier than all the data in the transform cache'
[INFO] [1755035606.586631389] [slam_toolbox]: Message Filter dropping message: frame 'os_lidar' at time 1755035606.409 for reason 'the timestamp on the message is earlier than all the data in the transform cache'
[INFO] [1755035606.686440428] [slam_toolbox]: Message Filter dropping message: frame 'os_lidar' at time 1755035606.509 for reason 'the timestamp on the message is earlier than all the data in the transform cache'
[INFO] [1755035606.789984187] [slam_toolbox]: Message Filter dropping message: frame 'os_lidar' at time 1755035606.609 for reason 'the timestamp on the message is earlier than all the data in the transform cache'
[INFO] [1755035606.887201699] [slam_toolbox]: Message Filter dropping message: frame 'os_lidar' at time 1755035606.709 for reason 'the timestamp on the message is earlier than all the data in the transform cache'
[INFO] [1755035606.989381476] [slam_toolbox]: Message Filter dropping message: frame 'os_lidar' at time 1755035606.809 for reason 'the timestamp on the message is earlier than all the data in the transform cache'
[INFO] [1755035607.088203990] [slam_toolbox]: Message Filter dropping message: frame 'os_lidar' at time 1755035606.909 for reason 'the timestamp on the message is earlier than all the data in the transform cache'
[INFO] [1755035607.187638551] [slam_toolbox]: Message Filter dropping message: frame 'os_lidar' at time 1755035607.009 for reason 'the timestamp on the message is earlier than all the data in the transform cache'
[INFO] [1755035607.287755549] [slam_toolbox]: Message Filter dropping message: frame 'os_lidar' at time 1755035607.109 for reason 'the timestamp on the message is earlier than all the data in the transform cache'
[INFO] [1755035607.386491044] [slam_toolbox]: Message Filter dropping message: frame 'os_lidar' at time 1755035607.209 for reason 'the timestamp on the message is earlier than all the data in the transform cache'
[INFO] [1755035607.486391143] [slam_toolbox]: Message Filter dropping message: frame 'os_lidar' at time 1755035607.309 for reason 'the timestamp on the message is earlier than all the data in the transform cache'
[INFO] [1755035607.586851718] [slam_toolbox]: Message Filter dropping message: frame 'os_lidar' at time 1755035607.409 for reason 'the timestamp on the message is earlier than all the data in the transform cache'
[INFO] [1755035607.687432814] [slam_toolbox]: Message Filter dropping message: frame 'os_lidar' at time 1755035607.509 for reason 'the timestamp on the message is earlier than all the data in the transform cache'
[INFO] [1755035607.786741986] [slam_toolbox]: Message Filter dropping message: frame 'os_lidar' at time 1755035607.609 for reason 'the timestamp on the message is earlier than all the data in the transform cache'
[INFO] [1755035626.875499015] [rclcpp]: signal_handler(signum=2)
