[INFO] [1755036193.390291864] [slam_toolbox]: Configuring
[INFO] [1755036193.399642319] [slam_toolbox]: Using solver plugin solver_plugins::CeresSolver
[INFO] [1755036193.426130582] [slam_toolbox]: Activating
[INFO] [1755036194.063908798] [slam_toolbox]: Message Filter dropping message: frame 'os_lidar' at time 1755036193.885 for reason 'the timestamp on the message is earlier than all the data in the transform cache'
[INFO] [1755036194.163637139] [slam_toolbox]: Message Filter dropping message: frame 'os_lidar' at time 1755036193.985 for reason 'the timestamp on the message is earlier than all the data in the transform cache'
[INFO] [1755036194.262609158] [slam_toolbox]: Message Filter dropping message: frame 'os_lidar' at time 1755036194.085 for reason 'the timestamp on the message is earlier than all the data in the transform cache'
[INFO] [1755036194.363001951] [slam_toolbox]: Message Filter dropping message: frame 'os_lidar' at time 1755036194.185 for reason 'the timestamp on the message is earlier than all the data in the transform cache'
[INFO] [1755036194.463113948] [slam_toolbox]: Message Filter dropping message: frame 'os_lidar' at time 1755036194.285 for reason 'the timestamp on the message is earlier than all the data in the transform cache'
[INFO] [1755036194.563950466] [slam_toolbox]: Message Filter dropping message: frame 'os_lidar' at time 1755036194.385 for reason 'the timestamp on the message is earlier than all the data in the transform cache'
[INFO] [1755036194.663521649] [slam_toolbox]: Message Filter dropping message: frame 'os_lidar' at time 1755036194.485 for reason 'the timestamp on the message is earlier than all the data in the transform cache'
[INFO] [1755036194.763724654] [slam_toolbox]: Message Filter dropping message: frame 'os_lidar' at time 1755036194.585 for reason 'the timestamp on the message is earlier than all the data in the transform cache'
[INFO] [1755036194.863330576] [slam_toolbox]: Message Filter dropping message: frame 'os_lidar' at time 1755036194.685 for reason 'the timestamp on the message is earlier than all the data in the transform cache'
[INFO] [1755036194.964813457] [slam_toolbox]: Message Filter dropping message: frame 'os_lidar' at time 1755036194.785 for reason 'the timestamp on the message is earlier than all the data in the transform cache'
[INFO] [1755036195.062823518] [slam_toolbox]: Message Filter dropping message: frame 'os_lidar' at time 1755036194.885 for reason 'the timestamp on the message is earlier than all the data in the transform cache'
[INFO] [1755036195.162837997] [slam_toolbox]: Message Filter dropping message: frame 'os_lidar' at time 1755036194.985 for reason 'the timestamp on the message is earlier than all the data in the transform cache'
[INFO] [1755036195.262645928] [slam_toolbox]: Message Filter dropping message: frame 'os_lidar' at time 1755036195.085 for reason 'the timestamp on the message is earlier than all the data in the transform cache'
[INFO] [1755036195.363790954] [slam_toolbox]: Message Filter dropping message: frame 'os_lidar' at time 1755036195.185 for reason 'the timestamp on the message is earlier than all the data in the transform cache'
[INFO] [1755036195.463592974] [slam_toolbox]: Message Filter dropping message: frame 'os_lidar' at time 1755036195.285 for reason 'the timestamp on the message is earlier than all the data in the transform cache'
[INFO] [1755036195.563786101] [slam_toolbox]: Message Filter dropping message: frame 'os_lidar' at time 1755036195.385 for reason 'the timestamp on the message is earlier than all the data in the transform cache'
[INFO] [1755036195.664043277] [slam_toolbox]: Message Filter dropping message: frame 'os_lidar' at time 1755036195.485 for reason 'the timestamp on the message is earlier than all the data in the transform cache'
[INFO] [1755036195.763254415] [slam_toolbox]: Message Filter dropping message: frame 'os_lidar' at time 1755036195.585 for reason 'the timestamp on the message is earlier than all the data in the transform cache'
[INFO] [1755036195.862996326] [slam_toolbox]: Message Filter dropping message: frame 'os_lidar' at time 1755036195.685 for reason 'the timestamp on the message is earlier than all the data in the transform cache'
[INFO] [1755036195.963385611] [slam_toolbox]: Message Filter dropping message: frame 'os_lidar' at time 1755036195.785 for reason 'the timestamp on the message is earlier than all the data in the transform cache'
[INFO] [1755036196.062806697] [slam_toolbox]: Message Filter dropping message: frame 'os_lidar' at time 1755036195.885 for reason 'the timestamp on the message is earlier than all the data in the transform cache'
[INFO] [1755036196.163442890] [slam_toolbox]: Message Filter dropping message: frame 'os_lidar' at time 1755036195.985 for reason 'the timestamp on the message is earlier than all the data in the transform cache'
[INFO] [1755036196.263708327] [slam_toolbox]: Message Filter dropping message: frame 'os_lidar' at time 1755036196.085 for reason 'the timestamp on the message is earlier than all the data in the transform cache'
[INFO] [1755036196.363635188] [slam_toolbox]: Message Filter dropping message: frame 'os_lidar' at time 1755036196.185 for reason 'the timestamp on the message is earlier than all the data in the transform cache'
[INFO] [1755036196.463263312] [slam_toolbox]: Message Filter dropping message: frame 'os_lidar' at time 1755036196.285 for reason 'the timestamp on the message is earlier than all the data in the transform cache'
[INFO] [1755036196.562995005] [slam_toolbox]: Message Filter dropping message: frame 'os_lidar' at time 1755036196.385 for reason 'the timestamp on the message is earlier than all the data in the transform cache'
[INFO] [1755036196.663361560] [slam_toolbox]: Message Filter dropping message: frame 'os_lidar' at time 1755036196.485 for reason 'the timestamp on the message is earlier than all the data in the transform cache'
[INFO] [1755036312.080806366] [rclcpp]: signal_handler(signum=2)
