[INFO] [1754933957.730954241] [slam_toolbox]: Configuring
[INFO] [1754933957.739311145] [slam_toolbox]: Using solver plugin solver_plugins::CeresSolver
[INFO] [1754933957.752345137] [slam_toolbox]: Activating
[INFO] [1754933957.905547147] [slam_toolbox]: Message Filter dropping message: frame 'os_lidar' at time 1754933957.728 for reason 'the timestamp on the message is earlier than all the data in the transform cache'
[INFO] [1754933958.104286674] [slam_toolbox]: Message Filter dropping message: frame 'os_lidar' at time 1754933957.928 for reason 'the timestamp on the message is earlier than all the data in the transform cache'
[INFO] [1754933958.304166954] [slam_toolbox]: Message Filter dropping message: frame 'os_lidar' at time 1754933958.128 for reason 'the timestamp on the message is earlier than all the data in the transform cache'
[INFO] [1754933958.604032627] [slam_toolbox]: Message Filter dropping message: frame 'os_lidar' at time 1754933958.428 for reason 'the timestamp on the message is earlier than all the data in the transform cache'
[INFO] [1754933958.804210932] [slam_toolbox]: Message Filter dropping message: frame 'os_lidar' at time 1754933958.628 for reason 'the timestamp on the message is earlier than all the data in the transform cache'
[INFO] [1754933959.004416016] [slam_toolbox]: Message Filter dropping message: frame 'os_lidar' at time 1754933958.828 for reason 'the timestamp on the message is earlier than all the data in the transform cache'
[INFO] [1754933959.104483901] [slam_toolbox]: Message Filter dropping message: frame 'os_lidar' at time 1754933958.928 for reason 'the timestamp on the message is earlier than all the data in the transform cache'
[INFO] [1754933959.205071218] [slam_toolbox]: Message Filter dropping message: frame 'os_lidar' at time 1754933959.028 for reason 'the timestamp on the message is earlier than all the data in the transform cache'
[INFO] [1754933959.305130324] [slam_toolbox]: Message Filter dropping message: frame 'os_lidar' at time 1754933959.128 for reason 'the timestamp on the message is earlier than all the data in the transform cache'
[INFO] [1754933959.404754057] [slam_toolbox]: Message Filter dropping message: frame 'os_lidar' at time 1754933959.228 for reason 'the timestamp on the message is earlier than all the data in the transform cache'
[INFO] [1754933959.504732164] [slam_toolbox]: Message Filter dropping message: frame 'os_lidar' at time 1754933959.328 for reason 'the timestamp on the message is earlier than all the data in the transform cache'
[INFO] [1754933959.604371597] [slam_toolbox]: Message Filter dropping message: frame 'os_lidar' at time 1754933959.428 for reason 'the timestamp on the message is earlier than all the data in the transform cache'
[INFO] [1754933959.704590600] [slam_toolbox]: Message Filter dropping message: frame 'os_lidar' at time 1754933959.528 for reason 'the timestamp on the message is earlier than all the data in the transform cache'
[INFO] [1754933959.804675606] [slam_toolbox]: Message Filter dropping message: frame 'os_lidar' at time 1754933959.628 for reason 'the timestamp on the message is earlier than all the data in the transform cache'
[INFO] [1754933959.904644683] [slam_toolbox]: Message Filter dropping message: frame 'os_lidar' at time 1754933959.728 for reason 'the timestamp on the message is earlier than all the data in the transform cache'
[INFO] [1754933960.104729849] [slam_toolbox]: Message Filter dropping message: frame 'os_lidar' at time 1754933959.928 for reason 'the timestamp on the message is earlier than all the data in the transform cache'
[INFO] [1754933960.205077693] [slam_toolbox]: Message Filter dropping message: frame 'os_lidar' at time 1754933960.028 for reason 'the timestamp on the message is earlier than all the data in the transform cache'
[INFO] [1754933960.304530372] [slam_toolbox]: Message Filter dropping message: frame 'os_lidar' at time 1754933960.128 for reason 'the timestamp on the message is earlier than all the data in the transform cache'
[INFO] [1754933960.404514252] [slam_toolbox]: Message Filter dropping message: frame 'os_lidar' at time 1754933960.228 for reason 'the timestamp on the message is earlier than all the data in the transform cache'
[INFO] [1754933960.504292186] [slam_toolbox]: Message Filter dropping message: frame 'os_lidar' at time 1754933960.328 for reason 'the timestamp on the message is earlier than all the data in the transform cache'
[INFO] [1754933960.604239207] [slam_toolbox]: Message Filter dropping message: frame 'os_lidar' at time 1754933960.428 for reason 'the timestamp on the message is earlier than all the data in the transform cache'
[INFO] [1754933960.704696809] [slam_toolbox]: Message Filter dropping message: frame 'os_lidar' at time 1754933960.528 for reason 'the timestamp on the message is earlier than all the data in the transform cache'
[INFO] [1754933960.805324358] [slam_toolbox]: Message Filter dropping message: frame 'os_lidar' at time 1754933960.628 for reason 'the timestamp on the message is earlier than all the data in the transform cache'
[INFO] [1754933960.904405244] [slam_toolbox]: Message Filter dropping message: frame 'os_lidar' at time 1754933960.728 for reason 'the timestamp on the message is earlier than all the data in the transform cache'
[INFO] [1754933961.004433254] [slam_toolbox]: Message Filter dropping message: frame 'os_lidar' at time 1754933960.828 for reason 'the timestamp on the message is earlier than all the data in the transform cache'
[INFO] [1754933961.104280050] [slam_toolbox]: Message Filter dropping message: frame 'os_lidar' at time 1754933960.928 for reason 'the timestamp on the message is earlier than all the data in the transform cache'
[INFO] [1754933961.204396411] [slam_toolbox]: Message Filter dropping message: frame 'os_lidar' at time 1754933961.028 for reason 'the timestamp on the message is earlier than all the data in the transform cache'
[INFO] [1754933961.303860553] [slam_toolbox]: Message Filter dropping message: frame 'os_lidar' at time 1754933961.128 for reason 'the timestamp on the message is earlier than all the data in the transform cache'
[INFO] [1754933961.405115974] [slam_toolbox]: Message Filter dropping message: frame 'os_lidar' at time 1754933961.228 for reason 'the timestamp on the message is earlier than all the data in the transform cache'
[INFO] [1754933961.604868895] [slam_toolbox]: Message Filter dropping message: frame 'os_lidar' at time 1754933961.428 for reason 'the timestamp on the message is earlier than all the data in the transform cache'
[INFO] [1754933961.704633602] [slam_toolbox]: Message Filter dropping message: frame 'os_lidar' at time 1754933961.528 for reason 'the timestamp on the message is earlier than all the data in the transform cache'
[INFO] [1754933961.805829734] [slam_toolbox]: Message Filter dropping message: frame 'os_lidar' at time 1754933961.628 for reason 'the timestamp on the message is earlier than all the data in the transform cache'
[INFO] [1754933961.905243977] [slam_toolbox]: Message Filter dropping message: frame 'os_lidar' at time 1754933961.728 for reason 'the timestamp on the message is earlier than all the data in the transform cache'
[INFO] [1754933962.004330407] [slam_toolbox]: Message Filter dropping message: frame 'os_lidar' at time 1754933961.828 for reason 'the timestamp on the message is earlier than all the data in the transform cache'
[INFO] [1754933962.104055637] [slam_toolbox]: Message Filter dropping message: frame 'os_lidar' at time 1754933961.928 for reason 'the timestamp on the message is earlier than all the data in the transform cache'
[INFO] [1754933962.204125283] [slam_toolbox]: Message Filter dropping message: frame 'os_lidar' at time 1754933962.028 for reason 'the timestamp on the message is earlier than all the data in the transform cache'
[INFO] [1754933962.304596411] [slam_toolbox]: Message Filter dropping message: frame 'os_lidar' at time 1754933962.128 for reason 'the timestamp on the message is earlier than all the data in the transform cache'
[INFO] [1754933962.405163007] [slam_toolbox]: Message Filter dropping message: frame 'os_lidar' at time 1754933962.228 for reason 'the timestamp on the message is earlier than all the data in the transform cache'
[INFO] [1754933962.503844686] [slam_toolbox]: Message Filter dropping message: frame 'os_lidar' at time 1754933962.328 for reason 'the timestamp on the message is earlier than all the data in the transform cache'
[INFO] [1754933962.604047138] [slam_toolbox]: Message Filter dropping message: frame 'os_lidar' at time 1754933962.428 for reason 'the timestamp on the message is earlier than all the data in the transform cache'
[INFO] [1754933962.703633592] [slam_toolbox]: Message Filter dropping message: frame 'os_lidar' at time 1754933962.528 for reason 'the timestamp on the message is earlier than all the data in the transform cache'
[INFO] [1754933962.803825635] [slam_toolbox]: Message Filter dropping message: frame 'os_lidar' at time 1754933962.628 for reason 'the timestamp on the message is earlier than all the data in the transform cache'
[INFO] [1754933962.905298205] [slam_toolbox]: Message Filter dropping message: frame 'os_lidar' at time 1754933962.728 for reason 'the timestamp on the message is earlier than all the data in the transform cache'
[INFO] [1754933963.004377987] [slam_toolbox]: Message Filter dropping message: frame 'os_lidar' at time 1754933962.828 for reason 'the timestamp on the message is earlier than all the data in the transform cache'
[INFO] [1754933963.104766370] [slam_toolbox]: Message Filter dropping message: frame 'os_lidar' at time 1754933962.928 for reason 'the timestamp on the message is earlier than all the data in the transform cache'
[INFO] [1754933963.204151580] [slam_toolbox]: Message Filter dropping message: frame 'os_lidar' at time 1754933963.028 for reason 'the timestamp on the message is earlier than all the data in the transform cache'
[INFO] [1754933963.304559422] [slam_toolbox]: Message Filter dropping message: frame 'os_lidar' at time 1754933963.128 for reason 'the timestamp on the message is earlier than all the data in the transform cache'
[INFO] [1754933963.604400173] [slam_toolbox]: Message Filter dropping message: frame 'os_lidar' at time 1754933963.428 for reason 'the timestamp on the message is earlier than all the data in the transform cache'
[INFO] [1754933963.704468150] [slam_toolbox]: Message Filter dropping message: frame 'os_lidar' at time 1754933963.528 for reason 'the timestamp on the message is earlier than all the data in the transform cache'
[INFO] [1754933963.804098896] [slam_toolbox]: Message Filter dropping message: frame 'os_lidar' at time 1754933963.627 for reason 'the timestamp on the message is earlier than all the data in the transform cache'
[INFO] [1754933963.907350099] [slam_toolbox]: Message Filter dropping message: frame 'os_lidar' at time 1754933963.728 for reason 'the timestamp on the message is earlier than all the data in the transform cache'
[INFO] [1754933964.004440639] [slam_toolbox]: Message Filter dropping message: frame 'os_lidar' at time 1754933963.828 for reason 'the timestamp on the message is earlier than all the data in the transform cache'
[INFO] [1754933964.104800715] [slam_toolbox]: Message Filter dropping message: frame 'os_lidar' at time 1754933963.928 for reason 'the timestamp on the message is earlier than all the data in the transform cache'
[INFO] [1754933964.204694969] [slam_toolbox]: Message Filter dropping message: frame 'os_lidar' at time 1754933964.027 for reason 'the timestamp on the message is earlier than all the data in the transform cache'
[INFO] [1754933964.304567883] [slam_toolbox]: Message Filter dropping message: frame 'os_lidar' at time 1754933964.127 for reason 'the timestamp on the message is earlier than all the data in the transform cache'
[INFO] [1754933964.404473657] [slam_toolbox]: Message Filter dropping message: frame 'os_lidar' at time 1754933964.227 for reason 'the timestamp on the message is earlier than all the data in the transform cache'
[INFO] [1754933964.504603627] [slam_toolbox]: Message Filter dropping message: frame 'os_lidar' at time 1754933964.328 for reason 'the timestamp on the message is earlier than all the data in the transform cache'
[INFO] [1754933964.604745197] [slam_toolbox]: Message Filter dropping message: frame 'os_lidar' at time 1754933964.428 for reason 'the timestamp on the message is earlier than all the data in the transform cache'
[INFO] [1754933964.704770209] [slam_toolbox]: Message Filter dropping message: frame 'os_lidar' at time 1754933964.528 for reason 'the timestamp on the message is earlier than all the data in the transform cache'
[INFO] [1754933964.804066764] [slam_toolbox]: Message Filter dropping message: frame 'os_lidar' at time 1754933964.628 for reason 'the timestamp on the message is earlier than all the data in the transform cache'
[INFO] [1754933964.904676505] [slam_toolbox]: Message Filter dropping message: frame 'os_lidar' at time 1754933964.728 for reason 'the timestamp on the message is earlier than all the data in the transform cache'
[INFO] [1754933965.004847624] [slam_toolbox]: Message Filter dropping message: frame 'os_lidar' at time 1754933964.828 for reason 'the timestamp on the message is earlier than all the data in the transform cache'
[INFO] [1754933965.104580655] [slam_toolbox]: Message Filter dropping message: frame 'os_lidar' at time 1754933964.928 for reason 'the timestamp on the message is earlier than all the data in the transform cache'
[INFO] [1754933965.205345817] [slam_toolbox]: Message Filter dropping message: frame 'os_lidar' at time 1754933965.028 for reason 'the timestamp on the message is earlier than all the data in the transform cache'
[INFO] [1754933965.304760142] [slam_toolbox]: Message Filter dropping message: frame 'os_lidar' at time 1754933965.128 for reason 'the timestamp on the message is earlier than all the data in the transform cache'
[INFO] [1754933965.404644010] [slam_toolbox]: Message Filter dropping message: frame 'os_lidar' at time 1754933965.228 for reason 'the timestamp on the message is earlier than all the data in the transform cache'
[INFO] [1754933965.504588706] [slam_toolbox]: Message Filter dropping message: frame 'os_lidar' at time 1754933965.328 for reason 'the timestamp on the message is earlier than all the data in the transform cache'
[INFO] [1754933965.604166439] [slam_toolbox]: Message Filter dropping message: frame 'os_lidar' at time 1754933965.428 for reason 'the timestamp on the message is earlier than all the data in the transform cache'
[INFO] [1754933965.704295032] [slam_toolbox]: Message Filter dropping message: frame 'os_lidar' at time 1754933965.528 for reason 'the timestamp on the message is earlier than all the data in the transform cache'
[INFO] [1754933965.804559832] [slam_toolbox]: Message Filter dropping message: frame 'os_lidar' at time 1754933965.627 for reason 'the timestamp on the message is earlier than all the data in the transform cache'
[INFO] [1754933965.904803853] [slam_toolbox]: Message Filter dropping message: frame 'os_lidar' at time 1754933965.728 for reason 'the timestamp on the message is earlier than all the data in the transform cache'
[INFO] [1754933966.004918957] [slam_toolbox]: Message Filter dropping message: frame 'os_lidar' at time 1754933965.828 for reason 'the timestamp on the message is earlier than all the data in the transform cache'
[INFO] [1754933966.104438524] [slam_toolbox]: Message Filter dropping message: frame 'os_lidar' at time 1754933965.928 for reason 'the timestamp on the message is earlier than all the data in the transform cache'
[INFO] [1754933966.205052962] [slam_toolbox]: Message Filter dropping message: frame 'os_lidar' at time 1754933966.028 for reason 'the timestamp on the message is earlier than all the data in the transform cache'
[INFO] [1754933966.304341642] [slam_toolbox]: Message Filter dropping message: frame 'os_lidar' at time 1754933966.128 for reason 'the timestamp on the message is earlier than all the data in the transform cache'
[INFO] [1754933966.404585767] [slam_toolbox]: Message Filter dropping message: frame 'os_lidar' at time 1754933966.228 for reason 'the timestamp on the message is earlier than all the data in the transform cache'
[INFO] [1754933966.504915239] [slam_toolbox]: Message Filter dropping message: frame 'os_lidar' at time 1754933966.328 for reason 'the timestamp on the message is earlier than all the data in the transform cache'
[INFO] [1754933966.605338850] [slam_toolbox]: Message Filter dropping message: frame 'os_lidar' at time 1754933966.428 for reason 'the timestamp on the message is earlier than all the data in the transform cache'
[INFO] [1754933966.705049254] [slam_toolbox]: Message Filter dropping message: frame 'os_lidar' at time 1754933966.527 for reason 'the timestamp on the message is earlier than all the data in the transform cache'
[INFO] [1754933966.805086991] [slam_toolbox]: Message Filter dropping message: frame 'os_lidar' at time 1754933966.627 for reason 'the timestamp on the message is earlier than all the data in the transform cache'
[INFO] [1754933966.905036711] [slam_toolbox]: Message Filter dropping message: frame 'os_lidar' at time 1754933966.728 for reason 'the timestamp on the message is earlier than all the data in the transform cache'
[INFO] [1754933967.004178314] [slam_toolbox]: Message Filter dropping message: frame 'os_lidar' at time 1754933966.828 for reason 'the timestamp on the message is earlier than all the data in the transform cache'
[INFO] [1754933967.104512810] [slam_toolbox]: Message Filter dropping message: frame 'os_lidar' at time 1754933966.928 for reason 'the timestamp on the message is earlier than all the data in the transform cache'
[INFO] [1754933967.204379403] [slam_toolbox]: Message Filter dropping message: frame 'os_lidar' at time 1754933967.028 for reason 'the timestamp on the message is earlier than all the data in the transform cache'
[INFO] [1754933967.304887296] [slam_toolbox]: Message Filter dropping message: frame 'os_lidar' at time 1754933967.128 for reason 'the timestamp on the message is earlier than all the data in the transform cache'
[INFO] [1754933967.405128954] [slam_toolbox]: Message Filter dropping message: frame 'os_lidar' at time 1754933967.227 for reason 'the timestamp on the message is earlier than all the data in the transform cache'
[INFO] [1754933967.505413050] [slam_toolbox]: Message Filter dropping message: frame 'os_lidar' at time 1754933967.327 for reason 'the timestamp on the message is earlier than all the data in the transform cache'
[INFO] [1754933967.604660944] [slam_toolbox]: Message Filter dropping message: frame 'os_lidar' at time 1754933967.427 for reason 'the timestamp on the message is earlier than all the data in the transform cache'
[INFO] [1754933967.704590347] [slam_toolbox]: Message Filter dropping message: frame 'os_lidar' at time 1754933967.527 for reason 'the timestamp on the message is earlier than all the data in the transform cache'
[INFO] [1754933967.804935243] [slam_toolbox]: Message Filter dropping message: frame 'os_lidar' at time 1754933967.628 for reason 'the timestamp on the message is earlier than all the data in the transform cache'
[INFO] [1754933967.904727698] [slam_toolbox]: Message Filter dropping message: frame 'os_lidar' at time 1754933967.728 for reason 'the timestamp on the message is earlier than all the data in the transform cache'
[INFO] [1754933968.007756398] [slam_toolbox]: Message Filter dropping message: frame 'os_lidar' at time 1754933967.828 for reason 'the timestamp on the message is earlier than all the data in the transform cache'
[INFO] [1754933968.106778579] [slam_toolbox]: Message Filter dropping message: frame 'os_lidar' at time 1754933967.928 for reason 'the timestamp on the message is earlier than all the data in the transform cache'
[INFO] [1754933968.204976474] [slam_toolbox]: Message Filter dropping message: frame 'os_lidar' at time 1754933968.028 for reason 'the timestamp on the message is earlier than all the data in the transform cache'
[INFO] [1754933968.304077144] [slam_toolbox]: Message Filter dropping message: frame 'os_lidar' at time 1754933968.128 for reason 'the timestamp on the message is earlier than all the data in the transform cache'
[INFO] [1754933968.404961993] [slam_toolbox]: Message Filter dropping message: frame 'os_lidar' at time 1754933968.228 for reason 'the timestamp on the message is earlier than all the data in the transform cache'
[INFO] [1754933968.504771311] [slam_toolbox]: Message Filter dropping message: frame 'os_lidar' at time 1754933968.328 for reason 'the timestamp on the message is earlier than all the data in the transform cache'
[INFO] [1754933968.604264324] [slam_toolbox]: Message Filter dropping message: frame 'os_lidar' at time 1754933968.427 for reason 'the timestamp on the message is earlier than all the data in the transform cache'
[INFO] [1754933968.704744371] [slam_toolbox]: Message Filter dropping message: frame 'os_lidar' at time 1754933968.527 for reason 'the timestamp on the message is earlier than all the data in the transform cache'
[INFO] [1754933968.805151968] [slam_toolbox]: Message Filter dropping message: frame 'os_lidar' at time 1754933968.628 for reason 'the timestamp on the message is earlier than all the data in the transform cache'
[INFO] [1754933968.904425285] [slam_toolbox]: Message Filter dropping message: frame 'os_lidar' at time 1754933968.728 for reason 'the timestamp on the message is earlier than all the data in the transform cache'
[INFO] [1754933969.004005507] [slam_toolbox]: Message Filter dropping message: frame 'os_lidar' at time 1754933968.828 for reason 'the timestamp on the message is earlier than all the data in the transform cache'
[INFO] [1754933969.104819671] [slam_toolbox]: Message Filter dropping message: frame 'os_lidar' at time 1754933968.928 for reason 'the timestamp on the message is earlier than all the data in the transform cache'
[INFO] [1754933969.204632351] [slam_toolbox]: Message Filter dropping message: frame 'os_lidar' at time 1754933969.028 for reason 'the timestamp on the message is earlier than all the data in the transform cache'
[INFO] [1754933969.305943097] [slam_toolbox]: Message Filter dropping message: frame 'os_lidar' at time 1754933969.128 for reason 'the timestamp on the message is earlier than all the data in the transform cache'
[INFO] [1754933969.407272331] [slam_toolbox]: Message Filter dropping message: frame 'os_lidar' at time 1754933969.228 for reason 'the timestamp on the message is earlier than all the data in the transform cache'
[INFO] [1754933969.503893387] [slam_toolbox]: Message Filter dropping message: frame 'os_lidar' at time 1754933969.328 for reason 'the timestamp on the message is earlier than all the data in the transform cache'
[INFO] [1754933969.604160530] [slam_toolbox]: Message Filter dropping message: frame 'os_lidar' at time 1754933969.428 for reason 'the timestamp on the message is earlier than all the data in the transform cache'
[INFO] [1754933969.704274305] [slam_toolbox]: Message Filter dropping message: frame 'os_lidar' at time 1754933969.528 for reason 'the timestamp on the message is earlier than all the data in the transform cache'
[INFO] [1754933969.804166765] [slam_toolbox]: Message Filter dropping message: frame 'os_lidar' at time 1754933969.628 for reason 'the timestamp on the message is earlier than all the data in the transform cache'
[INFO] [1754933969.903525053] [slam_toolbox]: Message Filter dropping message: frame 'os_lidar' at time 1754933969.728 for reason 'the timestamp on the message is earlier than all the data in the transform cache'
[INFO] [1754933970.003963723] [slam_toolbox]: Message Filter dropping message: frame 'os_lidar' at time 1754933969.828 for reason 'the timestamp on the message is earlier than all the data in the transform cache'
[INFO] [1754933970.103840946] [slam_toolbox]: Message Filter dropping message: frame 'os_lidar' at time 1754933969.928 for reason 'the timestamp on the message is earlier than all the data in the transform cache'
[INFO] [1754933970.204137872] [slam_toolbox]: Message Filter dropping message: frame 'os_lidar' at time 1754933970.027 for reason 'the timestamp on the message is earlier than all the data in the transform cache'
[INFO] [1754933970.304019434] [slam_toolbox]: Message Filter dropping message: frame 'os_lidar' at time 1754933970.127 for reason 'the timestamp on the message is earlier than all the data in the transform cache'
[INFO] [1754933970.604160703] [slam_toolbox]: Message Filter dropping message: frame 'os_lidar' at time 1754933970.427 for reason 'the timestamp on the message is earlier than all the data in the transform cache'
[INFO] [1754933970.704008207] [slam_toolbox]: Message Filter dropping message: frame 'os_lidar' at time 1754933970.527 for reason 'the timestamp on the message is earlier than all the data in the transform cache'
[INFO] [1754933970.804308682] [slam_toolbox]: Message Filter dropping message: frame 'os_lidar' at time 1754933970.627 for reason 'the timestamp on the message is earlier than all the data in the transform cache'
[INFO] [1754933970.904118846] [slam_toolbox]: Message Filter dropping message: frame 'os_lidar' at time 1754933970.727 for reason 'the timestamp on the message is earlier than all the data in the transform cache'
[INFO] [1754933971.004699667] [slam_toolbox]: Message Filter dropping message: frame 'os_lidar' at time 1754933970.827 for reason 'the timestamp on the message is earlier than all the data in the transform cache'
[INFO] [1754933971.104185329] [slam_toolbox]: Message Filter dropping message: frame 'os_lidar' at time 1754933970.927 for reason 'the timestamp on the message is earlier than all the data in the transform cache'
[INFO] [1754933971.173205111] [rclcpp]: signal_handler(signum=2)
