[INFO] [1754950826.499496336] [slam_toolbox]: Configuring
[INFO] [1754950826.504540151] [slam_toolbox]: Using solver plugin solver_plugins::CeresSolver
[INFO] [1754950826.514275194] [slam_toolbox]: Activating
[INFO] [1754950826.837167145] [slam_toolbox]: Message Filter dropping message: frame 'os_lidar' at time 1754950826.656 for reason 'the timestamp on the message is earlier than all the data in the transform cache'
[INFO] [1754950826.934714085] [slam_toolbox]: Message Filter dropping message: frame 'os_lidar' at time 1754950826.756 for reason 'the timestamp on the message is earlier than all the data in the transform cache'
[INFO] [1754950827.033778634] [slam_toolbox]: Message Filter dropping message: frame 'os_lidar' at time 1754950826.856 for reason 'the timestamp on the message is earlier than all the data in the transform cache'
[INFO] [1754950827.133844446] [slam_toolbox]: Message Filter dropping message: frame 'os_lidar' at time 1754950826.956 for reason 'the timestamp on the message is earlier than all the data in the transform cache'
[INFO] [1754950827.233649490] [slam_toolbox]: Message Filter dropping message: frame 'os_lidar' at time 1754950827.056 for reason 'the timestamp on the message is earlier than all the data in the transform cache'
[INFO] [1754950827.333471354] [slam_toolbox]: Message Filter dropping message: frame 'os_lidar' at time 1754950827.156 for reason 'the timestamp on the message is earlier than all the data in the transform cache'
[INFO] [1754950827.433672105] [slam_toolbox]: Message Filter dropping message: frame 'os_lidar' at time 1754950827.256 for reason 'the timestamp on the message is earlier than all the data in the transform cache'
[INFO] [1754950827.632816716] [slam_toolbox]: Message Filter dropping message: frame 'os_lidar' at time 1754950827.456 for reason 'the timestamp on the message is earlier than all the data in the transform cache'
[INFO] [1754950827.833110230] [slam_toolbox]: Message Filter dropping message: frame 'os_lidar' at time 1754950827.656 for reason 'the timestamp on the message is earlier than all the data in the transform cache'
[INFO] [1754950827.933253261] [slam_toolbox]: Message Filter dropping message: frame 'os_lidar' at time 1754950827.756 for reason 'the timestamp on the message is earlier than all the data in the transform cache'
[INFO] [1754950828.032819507] [slam_toolbox]: Message Filter dropping message: frame 'os_lidar' at time 1754950827.856 for reason 'the timestamp on the message is earlier than all the data in the transform cache'
[INFO] [1754950828.132946849] [slam_toolbox]: Message Filter dropping message: frame 'os_lidar' at time 1754950827.956 for reason 'the timestamp on the message is earlier than all the data in the transform cache'
[INFO] [1754950828.333290842] [slam_toolbox]: Message Filter dropping message: frame 'os_lidar' at time 1754950828.156 for reason 'the timestamp on the message is earlier than all the data in the transform cache'
[INFO] [1754950828.433583562] [slam_toolbox]: Message Filter dropping message: frame 'os_lidar' at time 1754950828.256 for reason 'the timestamp on the message is earlier than all the data in the transform cache'
[INFO] [1754950828.533348867] [slam_toolbox]: Message Filter dropping message: frame 'os_lidar' at time 1754950828.356 for reason 'the timestamp on the message is earlier than all the data in the transform cache'
[INFO] [1754950828.633374319] [slam_toolbox]: Message Filter dropping message: frame 'os_lidar' at time 1754950828.456 for reason 'the timestamp on the message is earlier than all the data in the transform cache'
[INFO] [1754950828.734132496] [slam_toolbox]: Message Filter dropping message: frame 'os_lidar' at time 1754950828.556 for reason 'the timestamp on the message is earlier than all the data in the transform cache'
[INFO] [1754950828.833764882] [slam_toolbox]: Message Filter dropping message: frame 'os_lidar' at time 1754950828.656 for reason 'the timestamp on the message is earlier than all the data in the transform cache'
[INFO] [1754950829.033387020] [slam_toolbox]: Message Filter dropping message: frame 'os_lidar' at time 1754950828.856 for reason 'the timestamp on the message is earlier than all the data in the transform cache'
[INFO] [1754950829.133054885] [slam_toolbox]: Message Filter dropping message: frame 'os_lidar' at time 1754950828.956 for reason 'the timestamp on the message is earlier than all the data in the transform cache'
[INFO] [1754950829.233035987] [slam_toolbox]: Message Filter dropping message: frame 'os_lidar' at time 1754950829.056 for reason 'the timestamp on the message is earlier than all the data in the transform cache'
[INFO] [1754950829.433034083] [slam_toolbox]: Message Filter dropping message: frame 'os_lidar' at time 1754950829.256 for reason 'the timestamp on the message is earlier than all the data in the transform cache'
[INFO] [1754950829.634041651] [slam_toolbox]: Message Filter dropping message: frame 'os_lidar' at time 1754950829.456 for reason 'the timestamp on the message is earlier than all the data in the transform cache'
[INFO] [1754950829.733617916] [slam_toolbox]: Message Filter dropping message: frame 'os_lidar' at time 1754950829.556 for reason 'the timestamp on the message is earlier than all the data in the transform cache'
[INFO] [1754950829.833469970] [slam_toolbox]: Message Filter dropping message: frame 'os_lidar' at time 1754950829.656 for reason 'the timestamp on the message is earlier than all the data in the transform cache'
[INFO] [1754950829.933726341] [slam_toolbox]: Message Filter dropping message: frame 'os_lidar' at time 1754950829.756 for reason 'the timestamp on the message is earlier than all the data in the transform cache'
[INFO] [1754950830.033300927] [slam_toolbox]: Message Filter dropping message: frame 'os_lidar' at time 1754950829.856 for reason 'the timestamp on the message is earlier than all the data in the transform cache'
[INFO] [1754950830.133681227] [slam_toolbox]: Message Filter dropping message: frame 'os_lidar' at time 1754950829.956 for reason 'the timestamp on the message is earlier than all the data in the transform cache'
[INFO] [1754950830.233671429] [slam_toolbox]: Message Filter dropping message: frame 'os_lidar' at time 1754950830.056 for reason 'the timestamp on the message is earlier than all the data in the transform cache'
[INFO] [1754950830.333896810] [slam_toolbox]: Message Filter dropping message: frame 'os_lidar' at time 1754950830.156 for reason 'the timestamp on the message is earlier than all the data in the transform cache'
[INFO] [1754950830.433161448] [slam_toolbox]: Message Filter dropping message: frame 'os_lidar' at time 1754950830.256 for reason 'the timestamp on the message is earlier than all the data in the transform cache'
[INFO] [1754950830.533085921] [slam_toolbox]: Message Filter dropping message: frame 'os_lidar' at time 1754950830.356 for reason 'the timestamp on the message is earlier than all the data in the transform cache'
[INFO] [1754950830.633067864] [slam_toolbox]: Message Filter dropping message: frame 'os_lidar' at time 1754950830.456 for reason 'the timestamp on the message is earlier than all the data in the transform cache'
[INFO] [1754950916.193865774] [rclcpp]: signal_handler(signum=2)
