[INFO] [1755035728.624184366] [slam_toolbox]: Configuring
[INFO] [1755035728.630228705] [slam_toolbox]: Using solver plugin solver_plugins::CeresSolver
[INFO] [1755035728.643350787] [slam_toolbox]: Activating
[INFO] [1755035728.849909821] [slam_toolbox]: Message Filter dropping message: frame 'os_lidar' at time 1755035728.669 for reason 'the timestamp on the message is earlier than all the data in the transform cache'
[INFO] [1755035728.945990175] [slam_toolbox]: Message Filter dropping message: frame 'os_lidar' at time 1755035728.769 for reason 'the timestamp on the message is earlier than all the data in the transform cache'
[INFO] [1755035729.046829365] [slam_toolbox]: Message Filter dropping message: frame 'os_lidar' at time 1755035728.869 for reason 'the timestamp on the message is earlier than all the data in the transform cache'
[INFO] [1755035729.146141853] [slam_toolbox]: Message Filter dropping message: frame 'os_lidar' at time 1755035728.969 for reason 'the timestamp on the message is earlier than all the data in the transform cache'
[INFO] [1755035729.246510875] [slam_toolbox]: Message Filter dropping message: frame 'os_lidar' at time 1755035729.069 for reason 'the timestamp on the message is earlier than all the data in the transform cache'
[INFO] [1755035729.346432659] [slam_toolbox]: Message Filter dropping message: frame 'os_lidar' at time 1755035729.169 for reason 'the timestamp on the message is earlier than all the data in the transform cache'
[INFO] [1755035729.447888806] [slam_toolbox]: Message Filter dropping message: frame 'os_lidar' at time 1755035729.269 for reason 'the timestamp on the message is earlier than all the data in the transform cache'
[INFO] [1755035729.546583866] [slam_toolbox]: Message Filter dropping message: frame 'os_lidar' at time 1755035729.369 for reason 'the timestamp on the message is earlier than all the data in the transform cache'
[INFO] [1755035729.646354602] [slam_toolbox]: Message Filter dropping message: frame 'os_lidar' at time 1755035729.469 for reason 'the timestamp on the message is earlier than all the data in the transform cache'
[INFO] [1755035729.746863953] [slam_toolbox]: Message Filter dropping message: frame 'os_lidar' at time 1755035729.569 for reason 'the timestamp on the message is earlier than all the data in the transform cache'
[INFO] [1755035729.846566999] [slam_toolbox]: Message Filter dropping message: frame 'os_lidar' at time 1755035729.669 for reason 'the timestamp on the message is earlier than all the data in the transform cache'
[INFO] [1755035729.946501083] [slam_toolbox]: Message Filter dropping message: frame 'os_lidar' at time 1755035729.769 for reason 'the timestamp on the message is earlier than all the data in the transform cache'
[INFO] [1755035730.046282028] [slam_toolbox]: Message Filter dropping message: frame 'os_lidar' at time 1755035729.869 for reason 'the timestamp on the message is earlier than all the data in the transform cache'
[INFO] [1755035730.146461761] [slam_toolbox]: Message Filter dropping message: frame 'os_lidar' at time 1755035729.969 for reason 'the timestamp on the message is earlier than all the data in the transform cache'
[INFO] [1755035730.246303086] [slam_toolbox]: Message Filter dropping message: frame 'os_lidar' at time 1755035730.069 for reason 'the timestamp on the message is earlier than all the data in the transform cache'
[INFO] [1755035730.346753048] [slam_toolbox]: Message Filter dropping message: frame 'os_lidar' at time 1755035730.169 for reason 'the timestamp on the message is earlier than all the data in the transform cache'
[INFO] [1755035730.446612483] [slam_toolbox]: Message Filter dropping message: frame 'os_lidar' at time 1755035730.269 for reason 'the timestamp on the message is earlier than all the data in the transform cache'
[INFO] [1755035730.546472018] [slam_toolbox]: Message Filter dropping message: frame 'os_lidar' at time 1755035730.369 for reason 'the timestamp on the message is earlier than all the data in the transform cache'
[INFO] [1755035730.646227254] [slam_toolbox]: Message Filter dropping message: frame 'os_lidar' at time 1755035730.469 for reason 'the timestamp on the message is earlier than all the data in the transform cache'
[INFO] [1755035730.746068189] [slam_toolbox]: Message Filter dropping message: frame 'os_lidar' at time 1755035730.569 for reason 'the timestamp on the message is earlier than all the data in the transform cache'
[INFO] [1755035730.846632340] [slam_toolbox]: Message Filter dropping message: frame 'os_lidar' at time 1755035730.669 for reason 'the timestamp on the message is earlier than all the data in the transform cache'
[INFO] [1755035730.947413290] [slam_toolbox]: Message Filter dropping message: frame 'os_lidar' at time 1755035730.769 for reason 'the timestamp on the message is earlier than all the data in the transform cache'
[INFO] [1755035731.046683708] [slam_toolbox]: Message Filter dropping message: frame 'os_lidar' at time 1755035730.869 for reason 'the timestamp on the message is earlier than all the data in the transform cache'
[INFO] [1755035731.146260364] [slam_toolbox]: Message Filter dropping message: frame 'os_lidar' at time 1755035730.969 for reason 'the timestamp on the message is earlier than all the data in the transform cache'
[INFO] [1755035731.246242999] [slam_toolbox]: Message Filter dropping message: frame 'os_lidar' at time 1755035731.069 for reason 'the timestamp on the message is earlier than all the data in the transform cache'
[INFO] [1755035731.346360962] [slam_toolbox]: Message Filter dropping message: frame 'os_lidar' at time 1755035731.169 for reason 'the timestamp on the message is earlier than all the data in the transform cache'
[INFO] [1755035731.447646860] [slam_toolbox]: Message Filter dropping message: frame 'os_lidar' at time 1755035731.269 for reason 'the timestamp on the message is earlier than all the data in the transform cache'
[INFO] [1755035731.548849668] [slam_toolbox]: Message Filter dropping message: frame 'os_lidar' at time 1755035731.369 for reason 'the timestamp on the message is earlier than all the data in the transform cache'
[INFO] [1755035731.646895463] [slam_toolbox]: Message Filter dropping message: frame 'os_lidar' at time 1755035731.469 for reason 'the timestamp on the message is earlier than all the data in the transform cache'
[INFO] [1755035731.746375879] [slam_toolbox]: Message Filter dropping message: frame 'os_lidar' at time 1755035731.569 for reason 'the timestamp on the message is earlier than all the data in the transform cache'
[INFO] [1755035731.846543943] [slam_toolbox]: Message Filter dropping message: frame 'os_lidar' at time 1755035731.669 for reason 'the timestamp on the message is earlier than all the data in the transform cache'
[INFO] [1755035731.946298108] [slam_toolbox]: Message Filter dropping message: frame 'os_lidar' at time 1755035731.769 for reason 'the timestamp on the message is earlier than all the data in the transform cache'
[INFO] [1755035732.046000654] [slam_toolbox]: Message Filter dropping message: frame 'os_lidar' at time 1755035731.869 for reason 'the timestamp on the message is earlier than all the data in the transform cache'
[INFO] [1755035732.145890929] [slam_toolbox]: Message Filter dropping message: frame 'os_lidar' at time 1755035731.969 for reason 'the timestamp on the message is earlier than all the data in the transform cache'
[INFO] [1755035732.246085423] [slam_toolbox]: Message Filter dropping message: frame 'os_lidar' at time 1755035732.069 for reason 'the timestamp on the message is earlier than all the data in the transform cache'
[INFO] [1755035732.346115737] [slam_toolbox]: Message Filter dropping message: frame 'os_lidar' at time 1755035732.169 for reason 'the timestamp on the message is earlier than all the data in the transform cache'
[INFO] [1755035732.446392830] [slam_toolbox]: Message Filter dropping message: frame 'os_lidar' at time 1755035732.269 for reason 'the timestamp on the message is earlier than all the data in the transform cache'
[INFO] [1755035732.548181765] [slam_toolbox]: Message Filter dropping message: frame 'os_lidar' at time 1755035732.369 for reason 'the timestamp on the message is earlier than all the data in the transform cache'
[INFO] [1755035732.647578462] [slam_toolbox]: Message Filter dropping message: frame 'os_lidar' at time 1755035732.469 for reason 'the timestamp on the message is earlier than all the data in the transform cache'
[INFO] [1755035732.745792956] [slam_toolbox]: Message Filter dropping message: frame 'os_lidar' at time 1755035732.569 for reason 'the timestamp on the message is earlier than all the data in the transform cache'
[INFO] [1755035890.560942884] [rclcpp]: signal_handler(signum=2)
