[INFO] [1755031182.120962937] [slam_toolbox]: Configuring
[INFO] [1755031182.143758876] [slam_toolbox]: Using solver plugin solver_plugins::CeresSolver
[INFO] [1755031182.175080954] [slam_toolbox]: Activating
[INFO] [1755031182.561860703] [slam_toolbox]: Message Filter dropping message: frame 'os_lidar' at time 1755031182.381 for reason 'the timestamp on the message is earlier than all the data in the transform cache'
[INFO] [1755031182.660358796] [slam_toolbox]: Message Filter dropping message: frame 'os_lidar' at time 1755031182.481 for reason 'the timestamp on the message is earlier than all the data in the transform cache'
[INFO] [1755031182.759734176] [slam_toolbox]: Message Filter dropping message: frame 'os_lidar' at time 1755031182.581 for reason 'the timestamp on the message is earlier than all the data in the transform cache'
[INFO] [1755031182.859044854] [slam_toolbox]: Message Filter dropping message: frame 'os_lidar' at time 1755031182.681 for reason 'the timestamp on the message is earlier than all the data in the transform cache'
[INFO] [1755031182.959475185] [slam_toolbox]: Message Filter dropping message: frame 'os_lidar' at time 1755031182.781 for reason 'the timestamp on the message is earlier than all the data in the transform cache'
[INFO] [1755031183.059377256] [slam_toolbox]: Message Filter dropping message: frame 'os_lidar' at time 1755031182.881 for reason 'the timestamp on the message is earlier than all the data in the transform cache'
[INFO] [1755031183.159505022] [slam_toolbox]: Message Filter dropping message: frame 'os_lidar' at time 1755031182.981 for reason 'the timestamp on the message is earlier than all the data in the transform cache'
[INFO] [1755031183.259310762] [slam_toolbox]: Message Filter dropping message: frame 'os_lidar' at time 1755031183.081 for reason 'the timestamp on the message is earlier than all the data in the transform cache'
[INFO] [1755031183.359064430] [slam_toolbox]: Message Filter dropping message: frame 'os_lidar' at time 1755031183.181 for reason 'the timestamp on the message is earlier than all the data in the transform cache'
[INFO] [1755031183.462828248] [slam_toolbox]: Message Filter dropping message: frame 'os_lidar' at time 1755031183.281 for reason 'the timestamp on the message is earlier than all the data in the transform cache'
[INFO] [1755031183.559643458] [slam_toolbox]: Message Filter dropping message: frame 'os_lidar' at time 1755031183.381 for reason 'the timestamp on the message is earlier than all the data in the transform cache'
[INFO] [1755031183.659191033] [slam_toolbox]: Message Filter dropping message: frame 'os_lidar' at time 1755031183.481 for reason 'the timestamp on the message is earlier than all the data in the transform cache'
[INFO] [1755031183.759101115] [slam_toolbox]: Message Filter dropping message: frame 'os_lidar' at time 1755031183.581 for reason 'the timestamp on the message is earlier than all the data in the transform cache'
[INFO] [1755031183.859213620] [slam_toolbox]: Message Filter dropping message: frame 'os_lidar' at time 1755031183.681 for reason 'the timestamp on the message is earlier than all the data in the transform cache'
[INFO] [1755031183.962047459] [slam_toolbox]: Message Filter dropping message: frame 'os_lidar' at time 1755031183.781 for reason 'the timestamp on the message is earlier than all the data in the transform cache'
[INFO] [1755031184.058673406] [slam_toolbox]: Message Filter dropping message: frame 'os_lidar' at time 1755031183.881 for reason 'the timestamp on the message is earlier than all the data in the transform cache'
[INFO] [1755031184.158656581] [slam_toolbox]: Message Filter dropping message: frame 'os_lidar' at time 1755031183.981 for reason 'the timestamp on the message is earlier than all the data in the transform cache'
[INFO] [1755031184.258692956] [slam_toolbox]: Message Filter dropping message: frame 'os_lidar' at time 1755031184.081 for reason 'the timestamp on the message is earlier than all the data in the transform cache'
[INFO] [1755031184.360920604] [slam_toolbox]: Message Filter dropping message: frame 'os_lidar' at time 1755031184.181 for reason 'the timestamp on the message is earlier than all the data in the transform cache'
[INFO] [1755031184.461248215] [slam_toolbox]: Message Filter dropping message: frame 'os_lidar' at time 1755031184.281 for reason 'the timestamp on the message is earlier than all the data in the transform cache'
[INFO] [1755031184.558690169] [slam_toolbox]: Message Filter dropping message: frame 'os_lidar' at time 1755031184.381 for reason 'the timestamp on the message is earlier than all the data in the transform cache'
[INFO] [1755031184.658813985] [slam_toolbox]: Message Filter dropping message: frame 'os_lidar' at time 1755031184.481 for reason 'the timestamp on the message is earlier than all the data in the transform cache'
[INFO] [1755031184.758614206] [slam_toolbox]: Message Filter dropping message: frame 'os_lidar' at time 1755031184.581 for reason 'the timestamp on the message is earlier than all the data in the transform cache'
[INFO] [1755031184.859180151] [slam_toolbox]: Message Filter dropping message: frame 'os_lidar' at time 1755031184.681 for reason 'the timestamp on the message is earlier than all the data in the transform cache'
[INFO] [1755031184.959702736] [slam_toolbox]: Message Filter dropping message: frame 'os_lidar' at time 1755031184.781 for reason 'the timestamp on the message is earlier than all the data in the transform cache'
[INFO] [1755031185.060772622] [slam_toolbox]: Message Filter dropping message: frame 'os_lidar' at time 1755031184.881 for reason 'the timestamp on the message is earlier than all the data in the transform cache'
[INFO] [1755031185.160461201] [slam_toolbox]: Message Filter dropping message: frame 'os_lidar' at time 1755031184.981 for reason 'the timestamp on the message is earlier than all the data in the transform cache'
[INFO] [1755031185.259546698] [slam_toolbox]: Message Filter dropping message: frame 'os_lidar' at time 1755031185.081 for reason 'the timestamp on the message is earlier than all the data in the transform cache'
[INFO] [1755031185.359169676] [slam_toolbox]: Message Filter dropping message: frame 'os_lidar' at time 1755031185.181 for reason 'the timestamp on the message is earlier than all the data in the transform cache'
[INFO] [1755031185.459593881] [slam_toolbox]: Message Filter dropping message: frame 'os_lidar' at time 1755031185.281 for reason 'the timestamp on the message is earlier than all the data in the transform cache'
[INFO] [1755031185.559350333] [slam_toolbox]: Message Filter dropping message: frame 'os_lidar' at time 1755031185.381 for reason 'the timestamp on the message is earlier than all the data in the transform cache'
[INFO] [1755031185.659915119] [slam_toolbox]: Message Filter dropping message: frame 'os_lidar' at time 1755031185.481 for reason 'the timestamp on the message is earlier than all the data in the transform cache'
[INFO] [1755031185.759824683] [slam_toolbox]: Message Filter dropping message: frame 'os_lidar' at time 1755031185.581 for reason 'the timestamp on the message is earlier than all the data in the transform cache'
[INFO] [1755031185.858920670] [slam_toolbox]: Message Filter dropping message: frame 'os_lidar' at time 1755031185.681 for reason 'the timestamp on the message is earlier than all the data in the transform cache'
[INFO] [1755031185.958781174] [slam_toolbox]: Message Filter dropping message: frame 'os_lidar' at time 1755031185.781 for reason 'the timestamp on the message is earlier than all the data in the transform cache'
[INFO] [1755031186.060277429] [slam_toolbox]: Message Filter dropping message: frame 'os_lidar' at time 1755031185.881 for reason 'the timestamp on the message is earlier than all the data in the transform cache'
[INFO] [1755031186.159071492] [slam_toolbox]: Message Filter dropping message: frame 'os_lidar' at time 1755031185.981 for reason 'the timestamp on the message is earlier than all the data in the transform cache'
[INFO] [1755031186.259717231] [slam_toolbox]: Message Filter dropping message: frame 'os_lidar' at time 1755031186.081 for reason 'the timestamp on the message is earlier than all the data in the transform cache'
[INFO] [1755031186.361352299] [slam_toolbox]: Message Filter dropping message: frame 'os_lidar' at time 1755031186.181 for reason 'the timestamp on the message is earlier than all the data in the transform cache'
[INFO] [1755031186.458752784] [slam_toolbox]: Message Filter dropping message: frame 'os_lidar' at time 1755031186.281 for reason 'the timestamp on the message is earlier than all the data in the transform cache'
[INFO] [1755031186.559578277] [slam_toolbox]: Message Filter dropping message: frame 'os_lidar' at time 1755031186.381 for reason 'the timestamp on the message is earlier than all the data in the transform cache'
[INFO] [1755031186.658927790] [slam_toolbox]: Message Filter dropping message: frame 'os_lidar' at time 1755031186.481 for reason 'the timestamp on the message is earlier than all the data in the transform cache'
[INFO] [1755031186.758925656] [slam_toolbox]: Message Filter dropping message: frame 'os_lidar' at time 1755031186.581 for reason 'the timestamp on the message is earlier than all the data in the transform cache'
[INFO] [1755031186.861120726] [slam_toolbox]: Message Filter dropping message: frame 'os_lidar' at time 1755031186.681 for reason 'the timestamp on the message is earlier than all the data in the transform cache'
[INFO] [1755031186.960161713] [slam_toolbox]: Message Filter dropping message: frame 'os_lidar' at time 1755031186.781 for reason 'the timestamp on the message is earlier than all the data in the transform cache'
[INFO] [1755031187.060611409] [slam_toolbox]: Message Filter dropping message: frame 'os_lidar' at time 1755031186.881 for reason 'the timestamp on the message is earlier than all the data in the transform cache'
[INFO] [1755031187.159002904] [slam_toolbox]: Message Filter dropping message: frame 'os_lidar' at time 1755031186.981 for reason 'the timestamp on the message is earlier than all the data in the transform cache'
[INFO] [1755031187.259254476] [slam_toolbox]: Message Filter dropping message: frame 'os_lidar' at time 1755031187.081 for reason 'the timestamp on the message is earlier than all the data in the transform cache'
[INFO] [1755031474.825006118] [rclcpp]: signal_handler(signum=2)
