[INFO] [1754691112.955080035] [slam_toolbox]: Configuring
[INFO] [1754691112.958942485] [slam_toolbox]: Using solver plugin solver_plugins::CeresSolver
[INFO] [1754691112.967321598] [slam_toolbox]: Activating
[INFO] [1754691113.056009220] [slam_toolbox]: Message Filter dropping message: frame 'os_lidar' at time 283182.679 for reason 'the timestamp on the message is earlier than all the data in the transform cache'
[INFO] [1754691113.156110122] [slam_toolbox]: Message Filter dropping message: frame 'os_lidar' at time 283182.779 for reason 'the timestamp on the message is earlier than all the data in the transform cache'
[INFO] [1754691113.256001325] [slam_toolbox]: Message Filter dropping message: frame 'os_lidar' at time 283182.879 for reason 'the timestamp on the message is earlier than all the data in the transform cache'
[INFO] [1754691113.757732213] [slam_toolbox]: Message Filter dropping message: frame 'os_lidar' at time 283183.379 for reason 'the timestamp on the message is earlier than all the data in the transform cache'
[INFO] [1754691113.956769765] [slam_toolbox]: Message Filter dropping message: frame 'os_lidar' at time 283183.579 for reason 'the timestamp on the message is earlier than all the data in the transform cache'
[INFO] [1754691114.056280672] [slam_toolbox]: Message Filter dropping message: frame 'os_lidar' at time 283183.679 for reason 'the timestamp on the message is earlier than all the data in the transform cache'
[INFO] [1754691114.156593902] [slam_toolbox]: Message Filter dropping message: frame 'os_lidar' at time 283183.779 for reason 'the timestamp on the message is earlier than all the data in the transform cache'
[INFO] [1754691114.256139258] [slam_toolbox]: Message Filter dropping message: frame 'os_lidar' at time 283183.879 for reason 'the timestamp on the message is earlier than all the data in the transform cache'
[INFO] [1754691114.356062141] [slam_toolbox]: Message Filter dropping message: frame 'os_lidar' at time 283183.979 for reason 'the timestamp on the message is earlier than all the data in the transform cache'
[INFO] [1754691114.456082813] [slam_toolbox]: Message Filter dropping message: frame 'os_lidar' at time 283184.079 for reason 'the timestamp on the message is earlier than all the data in the transform cache'
[INFO] [1754691114.556325384] [slam_toolbox]: Message Filter dropping message: frame 'os_lidar' at time 283184.179 for reason 'the timestamp on the message is earlier than all the data in the transform cache'
[INFO] [1754691114.655904399] [slam_toolbox]: Message Filter dropping message: frame 'os_lidar' at time 283184.279 for reason 'the timestamp on the message is earlier than all the data in the transform cache'
[INFO] [1754691114.956424982] [slam_toolbox]: Message Filter dropping message: frame 'os_lidar' at time 283184.579 for reason 'the timestamp on the message is earlier than all the data in the transform cache'
[INFO] [1754691115.056595914] [slam_toolbox]: Message Filter dropping message: frame 'os_lidar' at time 283184.679 for reason 'the timestamp on the message is earlier than all the data in the transform cache'
[INFO] [1754691115.256267382] [slam_toolbox]: Message Filter dropping message: frame 'os_lidar' at time 283184.879 for reason 'the timestamp on the message is earlier than all the data in the transform cache'
[INFO] [1754691115.455749441] [slam_toolbox]: Message Filter dropping message: frame 'os_lidar' at time 283185.079 for reason 'the timestamp on the message is earlier than all the data in the transform cache'
[INFO] [1754691115.556316779] [slam_toolbox]: Message Filter dropping message: frame 'os_lidar' at time 283185.179 for reason 'the timestamp on the message is earlier than all the data in the transform cache'
[INFO] [1754691115.655990474] [slam_toolbox]: Message Filter dropping message: frame 'os_lidar' at time 283185.279 for reason 'the timestamp on the message is earlier than all the data in the transform cache'
[INFO] [1754691115.756239424] [slam_toolbox]: Message Filter dropping message: frame 'os_lidar' at time 283185.379 for reason 'the timestamp on the message is earlier than all the data in the transform cache'
[INFO] [1754691115.856658274] [slam_toolbox]: Message Filter dropping message: frame 'os_lidar' at time 283185.479 for reason 'the timestamp on the message is earlier than all the data in the transform cache'
[INFO] [1754691115.956381518] [slam_toolbox]: Message Filter dropping message: frame 'os_lidar' at time 283185.579 for reason 'the timestamp on the message is earlier than all the data in the transform cache'
[INFO] [1754691116.056291282] [slam_toolbox]: Message Filter dropping message: frame 'os_lidar' at time 283185.679 for reason 'the timestamp on the message is earlier than all the data in the transform cache'
[INFO] [1754691116.156107446] [slam_toolbox]: Message Filter dropping message: frame 'os_lidar' at time 283185.779 for reason 'the timestamp on the message is earlier than all the data in the transform cache'
[INFO] [1754691116.256446736] [slam_toolbox]: Message Filter dropping message: frame 'os_lidar' at time 283185.879 for reason 'the timestamp on the message is earlier than all the data in the transform cache'
[INFO] [1754691116.356106851] [slam_toolbox]: Message Filter dropping message: frame 'os_lidar' at time 283185.979 for reason 'the timestamp on the message is earlier than all the data in the transform cache'
[INFO] [1754691116.455992305] [slam_toolbox]: Message Filter dropping message: frame 'os_lidar' at time 283186.079 for reason 'the timestamp on the message is earlier than all the data in the transform cache'
[INFO] [1754691116.556042627] [slam_toolbox]: Message Filter dropping message: frame 'os_lidar' at time 283186.179 for reason 'the timestamp on the message is earlier than all the data in the transform cache'
[INFO] [1754691116.755752725] [slam_toolbox]: Message Filter dropping message: frame 'os_lidar' at time 283186.379 for reason 'the timestamp on the message is earlier than all the data in the transform cache'
[INFO] [1754691116.855745407] [slam_toolbox]: Message Filter dropping message: frame 'os_lidar' at time 283186.479 for reason 'the timestamp on the message is earlier than all the data in the transform cache'
[INFO] [1754691117.255891057] [slam_toolbox]: Message Filter dropping message: frame 'os_lidar' at time 283186.879 for reason 'the timestamp on the message is earlier than all the data in the transform cache'
[INFO] [1754691117.356179188] [slam_toolbox]: Message Filter dropping message: frame 'os_lidar' at time 283186.979 for reason 'the timestamp on the message is earlier than all the data in the transform cache'
[INFO] [1754691117.456110461] [slam_toolbox]: Message Filter dropping message: frame 'os_lidar' at time 283187.079 for reason 'the timestamp on the message is earlier than all the data in the transform cache'
[INFO] [1754691117.555727337] [slam_toolbox]: Message Filter dropping message: frame 'os_lidar' at time 283187.179 for reason 'the timestamp on the message is earlier than all the data in the transform cache'
[INFO] [1754691117.655746499] [slam_toolbox]: Message Filter dropping message: frame 'os_lidar' at time 283187.278 for reason 'the timestamp on the message is earlier than all the data in the transform cache'
[INFO] [1754691118.156239589] [slam_toolbox]: Message Filter dropping message: frame 'os_lidar' at time 283187.778 for reason 'the timestamp on the message is earlier than all the data in the transform cache'
[INFO] [1754691118.255664936] [slam_toolbox]: Message Filter dropping message: frame 'os_lidar' at time 283187.878 for reason 'the timestamp on the message is earlier than all the data in the transform cache'
[INFO] [1754691118.356378134] [slam_toolbox]: Message Filter dropping message: frame 'os_lidar' at time 283187.978 for reason 'the timestamp on the message is earlier than all the data in the transform cache'
[INFO] [1754691118.456614475] [slam_toolbox]: Message Filter dropping message: frame 'os_lidar' at time 283188.078 for reason 'the timestamp on the message is earlier than all the data in the transform cache'
[INFO] [1754691118.557667019] [slam_toolbox]: Message Filter dropping message: frame 'os_lidar' at time 283188.178 for reason 'the timestamp on the message is earlier than all the data in the transform cache'
[INFO] [1754691118.657191096] [slam_toolbox]: Message Filter dropping message: frame 'os_lidar' at time 283188.278 for reason 'the timestamp on the message is earlier than all the data in the transform cache'
[INFO] [1754691118.756428715] [slam_toolbox]: Message Filter dropping message: frame 'os_lidar' at time 283188.378 for reason 'the timestamp on the message is earlier than all the data in the transform cache'
[INFO] [1754691118.856100090] [slam_toolbox]: Message Filter dropping message: frame 'os_lidar' at time 283188.478 for reason 'the timestamp on the message is earlier than all the data in the transform cache'
[INFO] [1754691118.956556909] [slam_toolbox]: Message Filter dropping message: frame 'os_lidar' at time 283188.578 for reason 'the timestamp on the message is earlier than all the data in the transform cache'
[INFO] [1754691119.056167665] [slam_toolbox]: Message Filter dropping message: frame 'os_lidar' at time 283188.678 for reason 'the timestamp on the message is earlier than all the data in the transform cache'
[INFO] [1754691119.226617474] [rclcpp]: signal_handler(signum=2)
