[INFO] [1755028684.251264518] [slam_toolbox]: Configuring
[INFO] [1755028684.257646975] [slam_toolbox]: Using solver plugin solver_plugins::CeresSolver
[INFO] [1755028684.269755222] [slam_toolbox]: Activating
[INFO] [1755028684.543617740] [slam_toolbox]: Message Filter dropping message: frame 'os_lidar' at time 1755028684.363 for reason 'the timestamp on the message is earlier than all the data in the transform cache'
[INFO] [1755028684.641543220] [slam_toolbox]: Message Filter dropping message: frame 'os_lidar' at time 1755028684.463 for reason 'the timestamp on the message is earlier than all the data in the transform cache'
[INFO] [1755028684.740298195] [slam_toolbox]: Message Filter dropping message: frame 'os_lidar' at time 1755028684.563 for reason 'the timestamp on the message is earlier than all the data in the transform cache'
[INFO] [1755028685.140559666] [slam_toolbox]: Message Filter dropping message: frame 'os_lidar' at time 1755028684.963 for reason 'the timestamp on the message is earlier than all the data in the transform cache'
[INFO] [1755028685.240082333] [slam_toolbox]: Message Filter dropping message: frame 'os_lidar' at time 1755028685.063 for reason 'the timestamp on the message is earlier than all the data in the transform cache'
[INFO] [1755028685.340245527] [slam_toolbox]: Message Filter dropping message: frame 'os_lidar' at time 1755028685.163 for reason 'the timestamp on the message is earlier than all the data in the transform cache'
[INFO] [1755028685.440635331] [slam_toolbox]: Message Filter dropping message: frame 'os_lidar' at time 1755028685.263 for reason 'the timestamp on the message is earlier than all the data in the transform cache'
[INFO] [1755028685.540537504] [slam_toolbox]: Message Filter dropping message: frame 'os_lidar' at time 1755028685.363 for reason 'the timestamp on the message is earlier than all the data in the transform cache'
[INFO] [1755028685.640056621] [slam_toolbox]: Message Filter dropping message: frame 'os_lidar' at time 1755028685.463 for reason 'the timestamp on the message is earlier than all the data in the transform cache'
[INFO] [1755028685.739820169] [slam_toolbox]: Message Filter dropping message: frame 'os_lidar' at time 1755028685.563 for reason 'the timestamp on the message is earlier than all the data in the transform cache'
[INFO] [1755028685.840507365] [slam_toolbox]: Message Filter dropping message: frame 'os_lidar' at time 1755028685.663 for reason 'the timestamp on the message is earlier than all the data in the transform cache'
[INFO] [1755028685.939660287] [slam_toolbox]: Message Filter dropping message: frame 'os_lidar' at time 1755028685.763 for reason 'the timestamp on the message is earlier than all the data in the transform cache'
[INFO] [1755028686.140972266] [slam_toolbox]: Message Filter dropping message: frame 'os_lidar' at time 1755028685.963 for reason 'the timestamp on the message is earlier than all the data in the transform cache'
[INFO] [1755028686.440203986] [slam_toolbox]: Message Filter dropping message: frame 'os_lidar' at time 1755028686.263 for reason 'the timestamp on the message is earlier than all the data in the transform cache'
[INFO] [1755028686.639983571] [slam_toolbox]: Message Filter dropping message: frame 'os_lidar' at time 1755028686.463 for reason 'the timestamp on the message is earlier than all the data in the transform cache'
[INFO] [1755028686.840890444] [slam_toolbox]: Message Filter dropping message: frame 'os_lidar' at time 1755028686.663 for reason 'the timestamp on the message is earlier than all the data in the transform cache'
[INFO] [1755028686.940884521] [slam_toolbox]: Message Filter dropping message: frame 'os_lidar' at time 1755028686.763 for reason 'the timestamp on the message is earlier than all the data in the transform cache'
[INFO] [1755028687.042555538] [slam_toolbox]: Message Filter dropping message: frame 'os_lidar' at time 1755028686.863 for reason 'the timestamp on the message is earlier than all the data in the transform cache'
[INFO] [1755028687.140740129] [slam_toolbox]: Message Filter dropping message: frame 'os_lidar' at time 1755028686.963 for reason 'the timestamp on the message is earlier than all the data in the transform cache'
[INFO] [1755028687.240835401] [slam_toolbox]: Message Filter dropping message: frame 'os_lidar' at time 1755028687.063 for reason 'the timestamp on the message is earlier than all the data in the transform cache'
[INFO] [1755028687.340007173] [slam_toolbox]: Message Filter dropping message: frame 'os_lidar' at time 1755028687.163 for reason 'the timestamp on the message is earlier than all the data in the transform cache'
[INFO] [1755028687.440638337] [slam_toolbox]: Message Filter dropping message: frame 'os_lidar' at time 1755028687.263 for reason 'the timestamp on the message is earlier than all the data in the transform cache'
[INFO] [1755028687.540137543] [slam_toolbox]: Message Filter dropping message: frame 'os_lidar' at time 1755028687.363 for reason 'the timestamp on the message is earlier than all the data in the transform cache'
[INFO] [1755028687.639802597] [slam_toolbox]: Message Filter dropping message: frame 'os_lidar' at time 1755028687.463 for reason 'the timestamp on the message is earlier than all the data in the transform cache'
[INFO] [1755028687.740385438] [slam_toolbox]: Message Filter dropping message: frame 'os_lidar' at time 1755028687.563 for reason 'the timestamp on the message is earlier than all the data in the transform cache'
[INFO] [1755028687.840420167] [slam_toolbox]: Message Filter dropping message: frame 'os_lidar' at time 1755028687.663 for reason 'the timestamp on the message is earlier than all the data in the transform cache'
[INFO] [1755028687.941017909] [slam_toolbox]: Message Filter dropping message: frame 'os_lidar' at time 1755028687.763 for reason 'the timestamp on the message is earlier than all the data in the transform cache'
[INFO] [1755028688.040042506] [slam_toolbox]: Message Filter dropping message: frame 'os_lidar' at time 1755028687.863 for reason 'the timestamp on the message is earlier than all the data in the transform cache'
[INFO] [1755028688.140482182] [slam_toolbox]: Message Filter dropping message: frame 'os_lidar' at time 1755028687.963 for reason 'the timestamp on the message is earlier than all the data in the transform cache'
[INFO] [1755028688.240367434] [slam_toolbox]: Message Filter dropping message: frame 'os_lidar' at time 1755028688.063 for reason 'the timestamp on the message is earlier than all the data in the transform cache'
[INFO] [1755028879.486000313] [rclcpp]: signal_handler(signum=2)
