[INFO] [1755199845.594871504] [a200_0000.foxglove_bridge_component_manager]: Load Library: /opt/ros/jazzy/lib/libfoxglove_bridge_component.so
[INFO] [1755199845.603776314] [a200_0000.foxglove_bridge_component_manager]: Found class: rclcpp_components::NodeFactoryTemplate<foxglove_bridge::FoxgloveBridge>
[INFO] [1755199845.603810174] [a200_0000.foxglove_bridge_component_manager]: Instantiate class: rclcpp_components::NodeFactoryTemplate<foxglove_bridge::FoxgloveBridge>
[INFO] [1755199845.607211808] [a200_0000.foxglove_bridge]: Starting foxglove_bridge (jazzy, 0.8.5@) with WebSocket++/0.8.2
[INFO] [1755199845.607720578] [a200_0000.foxglove_bridge]: [WS] Server running without TLS
[INFO] [1755199845.607983429] [a200_0000.foxglove_bridge]: [WS] WebSocket server listening at ws://0.0.0.0:8765
[INFO] [1755199845.607994529] [a200_0000.foxglove_bridge]: [WS] WebSocket server run loop started
[INFO] [1755200030.577804000] [a200_0000.foxglove_bridge]: Removed channel 43 for topic "/clock" (rosgraph_msgs/msg/Clock)
[INFO] [1755200030.577841350] [a200_0000.foxglove_bridge]: Removed channel 44 for topic "/slam_toolbox/update" (visualization_msgs/msg/InteractiveMarkerUpdate)
[INFO] [1755200030.577846580] [a200_0000.foxglove_bridge]: Removed channel 45 for topic "/slam_toolbox/scan_visualization" (sensor_msgs/msg/LaserScan)
[INFO] [1755200030.577850990] [a200_0000.foxglove_bridge]: Removed channel 46 for topic "/ouster/points" (sensor_msgs/msg/PointCloud2)
[INFO] [1755200030.577855110] [a200_0000.foxglove_bridge]: Removed channel 47 for topic "/ouster/imu" (sensor_msgs/msg/Imu)
[INFO] [1755200030.577858310] [a200_0000.foxglove_bridge]: Removed channel 48 for topic "/slam_toolbox/graph_visualization" (visualization_msgs/msg/MarkerArray)
[INFO] [1755200030.577862330] [a200_0000.foxglove_bridge]: Removed channel 50 for topic "/dlio/odom_node/pose" (geometry_msgs/msg/PoseStamped)
[INFO] [1755200030.577866330] [a200_0000.foxglove_bridge]: Removed channel 51 for topic "/dlio/odom_node/pointcloud/deskewed" (sensor_msgs/msg/PointCloud2)
[INFO] [1755200030.577870160] [a200_0000.foxglove_bridge]: Removed channel 52 for topic "/dlio/odom_node/pointcloud/keyframe" (sensor_msgs/msg/PointCloud2)
[INFO] [1755200030.577873930] [a200_0000.foxglove_bridge]: Removed channel 53 for topic "/slam_toolbox/transition_event" (lifecycle_msgs/msg/TransitionEvent)
[INFO] [1755200030.577877290] [a200_0000.foxglove_bridge]: Removed channel 54 for topic "/dlio/odom_node/path" (nav_msgs/msg/Path)
[INFO] [1755200030.577880710] [a200_0000.foxglove_bridge]: Removed channel 55 for topic "/dlio/odom_node/keyframes" (geometry_msgs/msg/PoseArray)
[INFO] [1755200030.577883880] [a200_0000.foxglove_bridge]: Removed channel 56 for topic "/dlio/pointcloud_map" (sensor_msgs/msg/PointCloud2)
[INFO] [1755200030.577887110] [a200_0000.foxglove_bridge]: Removed channel 57 for topic "/dlio/odom_node/odom" (nav_msgs/msg/Odometry)
[INFO] [1755200030.577890380] [a200_0000.foxglove_bridge]: Removed channel 58 for topic "/slam_toolbox/feedback" (visualization_msgs/msg/InteractiveMarkerFeedback)
[INFO] [1755200031.640834273] [rclcpp]: signal_handler(signum=2)
