[INFO] [1755031016.732987579] [a200_0000.foxglove_bridge_component_manager]: Load Library: /opt/ros/jazzy/lib/libfoxglove_bridge_component.so
[INFO] [1755031016.742397327] [a200_0000.foxglove_bridge_component_manager]: Found class: rclcpp_components::NodeFactoryTemplate<foxglove_bridge::FoxgloveBridge>
[INFO] [1755031016.742428657] [a200_0000.foxglove_bridge_component_manager]: Instantiate class: rclcpp_components::NodeFactoryTemplate<foxglove_bridge::FoxgloveBridge>
[INFO] [1755031016.753370872] [a200_0000.foxglove_bridge]: Starting foxglove_bridge (jazzy, 0.8.5@) with WebSocket++/0.8.2
[INFO] [1755031016.754416781] [a200_0000.foxglove_bridge]: [WS] Server running without TLS
[INFO] [1755031016.754737377] [a200_0000.foxglove_bridge]: [WS] WebSocket server listening at ws://0.0.0.0:8765
[INFO] [1755031016.754744167] [a200_0000.foxglove_bridge]: [WS] WebSocket server run loop started
[INFO] [1755031019.000158639] [a200_0000.foxglove_bridge]: Removed channel 36 for topic "/ouster/signal_image" (sensor_msgs/msg/Image)
[INFO] [1755031207.123415427] [a200_0000.foxglove_bridge]: Removed channel 40 for topic "/goal_pose" (geometry_msgs/msg/PoseStamped)
[INFO] [1755031207.123457587] [a200_0000.foxglove_bridge]: Removed channel 42 for topic "/clicked_point" (geometry_msgs/msg/PointStamped)
[INFO] [1755031207.123465188] [a200_0000.foxglove_bridge]: Removed channel 49 for topic "/initialpose" (geometry_msgs/msg/PoseWithCovarianceStamped)
[INFO] [1755031475.328000934] [a200_0000.foxglove_bridge]: Removed channel 77 for topic "/map" (sensor_msgs/msg/PointCloud2)
[INFO] [1755031475.328038155] [a200_0000.foxglove_bridge]: Removed channel 76 for topic "/slam_toolbox/feedback" (visualization_msgs/msg/InteractiveMarkerFeedback)
[INFO] [1755031475.328044415] [a200_0000.foxglove_bridge]: Removed channel 75 for topic "/dlio/odom_node/keyframes" (geometry_msgs/msg/PoseArray)
[INFO] [1755031475.328049295] [a200_0000.foxglove_bridge]: Removed channel 74 for topic "/slam_toolbox/scan_visualization" (sensor_msgs/msg/LaserScan)
[INFO] [1755031475.328053666] [a200_0000.foxglove_bridge]: Removed channel 73 for topic "/diagnostics" (diagnostic_msgs/msg/DiagnosticArray)
[INFO] [1755031475.328057966] [a200_0000.foxglove_bridge]: Removed channel 72 for topic "/slam_toolbox/graph_visualization" (visualization_msgs/msg/MarkerArray)
[INFO] [1755031475.328063096] [a200_0000.foxglove_bridge]: Removed channel 71 for topic "/dlio/odom_node/odom" (nav_msgs/msg/Odometry)
[INFO] [1755031475.328066946] [a200_0000.foxglove_bridge]: Removed channel 70 for topic "/pose" (geometry_msgs/msg/PoseWithCovarianceStamped)
[INFO] [1755031475.328071316] [a200_0000.foxglove_bridge]: Removed channel 69 for topic "/bond" (bond/msg/Status)
[INFO] [1755031475.328075086] [a200_0000.foxglove_bridge]: Removed channel 68 for topic "/dlio/odom_node/path" (nav_msgs/msg/Path)
[INFO] [1755031475.328079066] [a200_0000.foxglove_bridge]: Removed channel 67 for topic "/clock" (rosgraph_msgs/msg/Clock)
[INFO] [1755031475.328082426] [a200_0000.foxglove_bridge]: Removed channel 66 for topic "/dlio/odom_node/pointcloud/deskewed" (sensor_msgs/msg/PointCloud2)
[INFO] [1755031475.328087216] [a200_0000.foxglove_bridge]: Removed channel 65 for topic "/dlio/odom_node/pointcloud/keyframe" (sensor_msgs/msg/PointCloud2)
[INFO] [1755031475.328091766] [a200_0000.foxglove_bridge]: Removed channel 64 for topic "/dlio/odom_node/pose" (geometry_msgs/msg/PoseStamped)
[INFO] [1755031475.328096196] [a200_0000.foxglove_bridge]: Removed channel 62 for topic "/map_metadata" (nav_msgs/msg/MapMetaData)
[INFO] [1755031475.328099847] [a200_0000.foxglove_bridge]: Removed channel 61 for topic "/slam_toolbox/transition_event" (lifecycle_msgs/msg/TransitionEvent)
[INFO] [1755031475.328108117] [a200_0000.foxglove_bridge]: Removed channel 60 for topic "/slam_toolbox/update" (visualization_msgs/msg/InteractiveMarkerUpdate)
[INFO] [1755031588.946293394] [a200_0000.foxglove_bridge]: Removed channel 82 for topic "/map_saver/transition_event" (lifecycle_msgs/msg/TransitionEvent)
[INFO] [1755031719.412328322] [a200_0000.foxglove_bridge]: Removed channel 81 for topic "/map_updates" (map_msgs/msg/OccupancyGridUpdate)
[INFO] [1755031726.335102863] [a200_0000.foxglove_bridge]: Removed channel 3 for topic "/joy" (sensor_msgs/msg/Joy)
[INFO] [1755031804.051615682] [a200_0000.foxglove_bridge]: Removed channel 101 for topic "/map_saver/transition_event" (lifecycle_msgs/msg/TransitionEvent)
[INFO] [1755031815.971866835] [a200_0000.foxglove_bridge]: Removed channel 99 for topic "/map" (sensor_msgs/msg/PointCloud2)
[INFO] [1755031815.971898506] [a200_0000.foxglove_bridge]: Removed channel 98 for topic "/slam_toolbox/feedback" (visualization_msgs/msg/InteractiveMarkerFeedback)
[INFO] [1755031815.971903126] [a200_0000.foxglove_bridge]: Removed channel 97 for topic "/dlio/odom_node/keyframes" (geometry_msgs/msg/PoseArray)
[INFO] [1755031815.971906406] [a200_0000.foxglove_bridge]: Removed channel 96 for topic "/slam_toolbox/scan_visualization" (sensor_msgs/msg/LaserScan)
[INFO] [1755031815.971909426] [a200_0000.foxglove_bridge]: Removed channel 95 for topic "/diagnostics" (diagnostic_msgs/msg/DiagnosticArray)
[INFO] [1755031815.971912466] [a200_0000.foxglove_bridge]: Removed channel 94 for topic "/slam_toolbox/graph_visualization" (visualization_msgs/msg/MarkerArray)
[INFO] [1755031815.971915116] [a200_0000.foxglove_bridge]: Removed channel 93 for topic "/dlio/odom_node/odom" (nav_msgs/msg/Odometry)
[INFO] [1755031815.971917937] [a200_0000.foxglove_bridge]: Removed channel 92 for topic "/pose" (geometry_msgs/msg/PoseWithCovarianceStamped)
[INFO] [1755031815.971920667] [a200_0000.foxglove_bridge]: Removed channel 91 for topic "/bond" (bond/msg/Status)
[INFO] [1755031815.971922907] [a200_0000.foxglove_bridge]: Removed channel 90 for topic "/dlio/odom_node/path" (nav_msgs/msg/Path)
[INFO] [1755031815.971926447] [a200_0000.foxglove_bridge]: Removed channel 89 for topic "/clock" (rosgraph_msgs/msg/Clock)
[INFO] [1755031815.971928677] [a200_0000.foxglove_bridge]: Removed channel 88 for topic "/dlio/odom_node/pointcloud/deskewed" (sensor_msgs/msg/PointCloud2)
[INFO] [1755031815.971938297] [a200_0000.foxglove_bridge]: Removed channel 87 for topic "/dlio/odom_node/pointcloud/keyframe" (sensor_msgs/msg/PointCloud2)
[INFO] [1755031815.971941227] [a200_0000.foxglove_bridge]: Removed channel 86 for topic "/dlio/odom_node/pose" (geometry_msgs/msg/PoseStamped)
[INFO] [1755031815.971944087] [a200_0000.foxglove_bridge]: Removed channel 85 for topic "/map_metadata" (nav_msgs/msg/MapMetaData)
[INFO] [1755031815.971947057] [a200_0000.foxglove_bridge]: Removed channel 84 for topic "/slam_toolbox/update" (visualization_msgs/msg/InteractiveMarkerUpdate)
[INFO] [1755031815.971949987] [a200_0000.foxglove_bridge]: Removed channel 83 for topic "/slam_toolbox/transition_event" (lifecycle_msgs/msg/TransitionEvent)
[INFO] [1755033412.732725558] [a200_0000.foxglove_bridge]: Removed channel 100 for topic "/map_updates" (map_msgs/msg/OccupancyGridUpdate)
[INFO] [1755033412.732765458] [a200_0000.foxglove_bridge]: Removed channel 80 for topic "/initialpose" (geometry_msgs/msg/PoseWithCovarianceStamped)
[INFO] [1755033412.732769787] [a200_0000.foxglove_bridge]: Removed channel 79 for topic "/clicked_point" (geometry_msgs/msg/PointStamped)
[INFO] [1755033412.732773677] [a200_0000.foxglove_bridge]: Removed channel 78 for topic "/goal_pose" (geometry_msgs/msg/PoseStamped)
[INFO] [1755033412.732776667] [a200_0000.foxglove_bridge]: Removed channel 63 for topic "/map" (nav_msgs/msg/OccupancyGrid)
[INFO] [1755033430.959574979] [a200_0000.foxglove_bridge]: Removed channel 103 for topic "/map_updates" (map_msgs/msg/OccupancyGridUpdate)
[INFO] [1755033430.959618929] [a200_0000.foxglove_bridge]: Removed channel 102 for topic "/map" (nav_msgs/msg/OccupancyGrid)
[INFO] [1755033434.932317755] [a200_0000.foxglove_bridge]: Removed channel 106 for topic "/clicked_point" (geometry_msgs/msg/PointStamped)
[INFO] [1755033434.932349514] [a200_0000.foxglove_bridge]: Removed channel 105 for topic "/initialpose" (geometry_msgs/msg/PoseWithCovarianceStamped)
[INFO] [1755033434.932353254] [a200_0000.foxglove_bridge]: Removed channel 104 for topic "/goal_pose" (geometry_msgs/msg/PoseStamped)
[INFO] [1755034093.677413964] [a200_0000.foxglove_bridge]: Removed channel 56 for topic "/ouster/lidar_packets" (ouster_sensor_msgs/msg/PacketMsg)
[INFO] [1755034093.677452503] [a200_0000.foxglove_bridge]: Removed channel 57 for topic "/ouster/imu_packets" (ouster_sensor_msgs/msg/PacketMsg)
[INFO] [1755034093.677457153] [a200_0000.foxglove_bridge]: Removed channel 58 for topic "/ouster/imu" (sensor_msgs/msg/Imu)
[INFO] [1755034109.090376601] [a200_0000.foxglove_bridge]: Removed channel 109 for topic "/clicked_point" (geometry_msgs/msg/PointStamped)
[INFO] [1755034109.090416080] [a200_0000.foxglove_bridge]: Removed channel 108 for topic "/initialpose" (geometry_msgs/msg/PoseWithCovarianceStamped)
[INFO] [1755034109.090421440] [a200_0000.foxglove_bridge]: Removed channel 107 for topic "/goal_pose" (geometry_msgs/msg/PoseStamped)
[INFO] [1755034135.895199006] [a200_0000.foxglove_bridge]: Removed channel 112 for topic "/ouster/imu" (sensor_msgs/msg/Imu)
[INFO] [1755034135.895231666] [a200_0000.foxglove_bridge]: Removed channel 111 for topic "/ouster/imu_packets" (ouster_sensor_msgs/msg/PacketMsg)
[INFO] [1755034135.895236826] [a200_0000.foxglove_bridge]: Removed channel 110 for topic "/ouster/lidar_packets" (ouster_sensor_msgs/msg/PacketMsg)
[INFO] [1755034174.913118577] [a200_0000.foxglove_bridge]: Removed channel 118 for topic "/ouster/imu" (sensor_msgs/msg/Imu)
[INFO] [1755034174.913157096] [a200_0000.foxglove_bridge]: Removed channel 117 for topic "/ouster/imu_packets" (ouster_sensor_msgs/msg/PacketMsg)
[INFO] [1755034174.913161736] [a200_0000.foxglove_bridge]: Removed channel 116 for topic "/ouster/lidar_packets" (ouster_sensor_msgs/msg/PacketMsg)
[INFO] [1755034366.741000857] [a200_0000.foxglove_bridge]: Removed channel 115 for topic "/clicked_point" (geometry_msgs/msg/PointStamped)
[INFO] [1755034366.741034176] [a200_0000.foxglove_bridge]: Removed channel 114 for topic "/initialpose" (geometry_msgs/msg/PoseWithCovarianceStamped)
[INFO] [1755034374.375663625] [a200_0000.foxglove_bridge]: Removed channel 176 for topic "/filtered_dock_pose" (geometry_msgs/msg/PoseStamped)
[INFO] [1755034374.375697054] [a200_0000.foxglove_bridge]: Removed channel 169 for topic "/global_costmap/obstacle_layer_updates" (map_msgs/msg/OccupancyGridUpdate)
[INFO] [1755034374.375701964] [a200_0000.foxglove_bridge]: Removed channel 167 for topic "/optimal_trajectory" (nav_msgs/msg/Path)
[INFO] [1755034374.375706024] [a200_0000.foxglove_bridge]: Removed channel 163 for topic "/cmd_vel" (geometry_msgs/msg/Twist)
[INFO] [1755034374.375708434] [a200_0000.foxglove_bridge]: Removed channel 130 for topic "/plan" (nav_msgs/msg/Path)
[INFO] [1755034374.375711234] [a200_0000.foxglove_bridge]: Removed channel 127 for topic "/smoother_server/transition_event" (lifecycle_msgs/msg/TransitionEvent)
[INFO] [1755034374.375715334] [a200_0000.foxglove_bridge]: Removed channel 126 for topic "/speed_limit" (nav2_msgs/msg/SpeedLimit)
[INFO] [1755034374.375718474] [a200_0000.foxglove_bridge]: Removed channel 125 for topic "/trajectories" (visualization_msgs/msg/MarkerArray)
[INFO] [1755034374.375721574] [a200_0000.foxglove_bridge]: Removed channel 124 for topic "/waypoint_follower/transition_event" (lifecycle_msgs/msg/TransitionEvent)
[INFO] [1755034374.375724844] [a200_0000.foxglove_bridge]: Removed channel 123 for topic "/velocity_smoother/transition_event" (lifecycle_msgs/msg/TransitionEvent)
[INFO] [1755034374.375728284] [a200_0000.foxglove_bridge]: Removed channel 113 for topic "/goal_pose" (geometry_msgs/msg/PoseStamped)
[INFO] [1755034374.375731444] [a200_0000.foxglove_bridge]: Removed channel 156 for topic "/global_costmap/costmap" (nav_msgs/msg/OccupancyGrid)
[INFO] [1755034374.375734584] [a200_0000.foxglove_bridge]: Removed channel 155 for topic "/global_costmap/global_costmap/transition_event" (lifecycle_msgs/msg/TransitionEvent)
[INFO] [1755034374.375737824] [a200_0000.foxglove_bridge]: Removed channel 154 for topic "/global_costmap/costmap_raw_updates" (nav2_msgs/msg/CostmapUpdate)
[INFO] [1755034374.375741244] [a200_0000.foxglove_bridge]: Removed channel 153 for topic "/global_costmap/costmap_updates" (map_msgs/msg/OccupancyGridUpdate)
[INFO] [1755034374.375744334] [a200_0000.foxglove_bridge]: Removed channel 152 for topic "/global_costmap/footprint" (geometry_msgs/msg/Polygon)
[INFO] [1755034374.375747574] [a200_0000.foxglove_bridge]: Removed channel 151 for topic "/global_costmap/static_layer_updates" (map_msgs/msg/OccupancyGridUpdate)
[INFO] [1755034374.375750444] [a200_0000.foxglove_bridge]: Removed channel 150 for topic "/global_costmap/obstacle_layer" (nav_msgs/msg/OccupancyGrid)
[INFO] [1755034374.375753504] [a200_0000.foxglove_bridge]: Removed channel 149 for topic "/global_costmap/obstacle_layer_raw" (nav2_msgs/msg/Costmap)
[INFO] [1755034374.375756924] [a200_0000.foxglove_bridge]: Removed channel 148 for topic "/global_costmap/obstacle_layer_raw_updates" (nav2_msgs/msg/CostmapUpdate)
[INFO] [1755034374.375760334] [a200_0000.foxglove_bridge]: Removed channel 147 for topic "/global_costmap/static_layer_raw" (nav2_msgs/msg/Costmap)
[INFO] [1755034374.375763724] [a200_0000.foxglove_bridge]: Removed channel 146 for topic "/global_costmap/static_layer_raw_updates" (nav2_msgs/msg/CostmapUpdate)
[INFO] [1755034374.375768243] [a200_0000.foxglove_bridge]: Removed channel 143 for topic "/scan" (sensor_msgs/msg/LaserScan)
[INFO] [1755034374.375771793] [a200_0000.foxglove_bridge]: Removed channel 128 for topic "/preempt_teleop" (std_msgs/msg/Empty)
[INFO] [1755034374.375774103] [a200_0000.foxglove_bridge]: Removed channel 129 for topic "/planner_server/transition_event" (lifecycle_msgs/msg/TransitionEvent)
[INFO] [1755034374.375777263] [a200_0000.foxglove_bridge]: Removed channel 131 for topic "/odom" (nav_msgs/msg/Odometry)
[INFO] [1755034374.375780333] [a200_0000.foxglove_bridge]: Removed channel 132 for topic "/map" (nav_msgs/msg/OccupancyGrid)
[INFO] [1755034374.375786013] [a200_0000.foxglove_bridge]: Removed channel 139 for topic "/plan_smoothed" (nav_msgs/msg/Path)
[INFO] [1755034374.375789183] [a200_0000.foxglove_bridge]: Removed channel 157 for topic "/docking_server/transition_event" (lifecycle_msgs/msg/TransitionEvent)
[INFO] [1755034374.375809743] [a200_0000.foxglove_bridge]: Removed channel 159 for topic "/collision_monitor_state" (nav2_msgs/msg/CollisionMonitorState)
[INFO] [1755034374.375812783] [a200_0000.foxglove_bridge]: Removed channel 160 for topic "/transformed_global_plan" (nav_msgs/msg/Path)
[INFO] [1755034374.375815843] [a200_0000.foxglove_bridge]: Removed channel 161 for topic "/collision_monitor/transition_event" (lifecycle_msgs/msg/TransitionEvent)
[INFO] [1755034374.375819243] [a200_0000.foxglove_bridge]: Removed channel 162 for topic "/cmd_vel_teleop" (geometry_msgs/msg/Twist)
[INFO] [1755034374.375822163] [a200_0000.foxglove_bridge]: Removed channel 164 for topic "/bt_navigator/transition_event" (lifecycle_msgs/msg/TransitionEvent)
[INFO] [1755034374.375825113] [a200_0000.foxglove_bridge]: Removed channel 165 for topic "/cmd_vel_nav" (geometry_msgs/msg/Twist)
[INFO] [1755034374.375828823] [a200_0000.foxglove_bridge]: Removed channel 170 for topic "/behavior_server/transition_event" (lifecycle_msgs/msg/TransitionEvent)
[INFO] [1755034374.375831983] [a200_0000.foxglove_bridge]: Removed channel 171 for topic "/global_costmap/costmap_raw" (nav2_msgs/msg/Costmap)
[INFO] [1755034374.375834793] [a200_0000.foxglove_bridge]: Removed channel 172 for topic "/cmd_vel_smoothed" (geometry_msgs/msg/Twist)
[INFO] [1755034374.375837903] [a200_0000.foxglove_bridge]: Removed channel 173 for topic "/global_costmap/static_layer" (nav_msgs/msg/OccupancyGrid)
[INFO] [1755034374.375840763] [a200_0000.foxglove_bridge]: Removed channel 174 for topic "/global_costmap/published_footprint" (geometry_msgs/msg/PolygonStamped)
[INFO] [1755034374.375847492] [a200_0000.foxglove_bridge]: Removed channel 175 for topic "/collision_monitor/collision_points_marker" (visualization_msgs/msg/MarkerArray)
[INFO] [1755034374.375850542] [a200_0000.foxglove_bridge]: Removed channel 177 for topic "/dock_pose" (geometry_msgs/msg/PoseStamped)
[INFO] [1755034374.375853872] [a200_0000.foxglove_bridge]: Removed channel 178 for topic "/docking_trajectory" (nav_msgs/msg/Path)
[INFO] [1755034374.375857152] [a200_0000.foxglove_bridge]: Removed channel 179 for topic "/staging_pose" (geometry_msgs/msg/PoseStamped)
[INFO] [1755034374.375860052] [a200_0000.foxglove_bridge]: Removed channel 180 for topic "/detected_dock_pose" (geometry_msgs/msg/PoseStamped)
[INFO] [1755034376.374808256] [a200_0000.foxglove_bridge]: Removed channel 122 for topic "/diagnostics" (diagnostic_msgs/msg/DiagnosticArray)
