[INFO] [1754687295.505842736] [ouster_scan_band]: Got a subscriber to laserscan, starting pointcloud subscriber
[INFO] [1754687319.354137329] [ouster_scan_band]: Message Filter dropping message: frame 'os_lidar' at time 279386.272 for reason 'discarding message because the queue is full'
[INFO] [1754687319.454159025] [ouster_scan_band]: Message Filter dropping message: frame 'os_lidar' at time 279386.631 for reason 'discarding message because the queue is full'
[INFO] [1754687319.554235099] [ouster_scan_band]: Message Filter dropping message: frame 'os_lidar' at time 279386.731 for reason 'discarding message because the queue is full'
[INFO] [1754687319.654194715] [ouster_scan_band]: Message Filter dropping message: frame 'os_lidar' at time 279386.831 for reason 'discarding message because the queue is full'
[INFO] [1754687319.854019788] [ouster_scan_band]: Message Filter dropping message: frame 'os_lidar' at time 279386.931 for reason 'discarding message because the queue is full'
[INFO] [1754687319.954193572] [ouster_scan_band]: Message Filter dropping message: frame 'os_lidar' at time 279387.031 for reason 'discarding message because the queue is full'
[INFO] [1754687320.054420766] [ouster_scan_band]: Message Filter dropping message: frame 'os_lidar' at time 279387.131 for reason 'discarding message because the queue is full'
[INFO] [1754687320.154389691] [ouster_scan_band]: Message Filter dropping message: frame 'os_lidar' at time 279387.231 for reason 'discarding message because the queue is full'
[INFO] [1754687320.254511296] [ouster_scan_band]: Message Filter dropping message: frame 'os_lidar' at time 279387.331 for reason 'discarding message because the queue is full'
[INFO] [1754687320.354562011] [ouster_scan_band]: Message Filter dropping message: frame 'os_lidar' at time 279387.531 for reason 'discarding message because the queue is full'
[INFO] [1754687320.454087571] [ouster_scan_band]: Message Filter dropping message: frame 'os_lidar' at time 279387.631 for reason 'discarding message because the queue is full'
[INFO] [1754687320.554266635] [ouster_scan_band]: Message Filter dropping message: frame 'os_lidar' at time 279387.731 for reason 'discarding message because the queue is full'
[INFO] [1754687320.654028893] [ouster_scan_band]: Message Filter dropping message: frame 'os_lidar' at time 279387.831 for reason 'discarding message because the queue is full'
[INFO] [1754687320.754020079] [ouster_scan_band]: Message Filter dropping message: frame 'os_lidar' at time 279387.931 for reason 'discarding message because the queue is full'
[INFO] [1754687320.853431170] [ouster_scan_band]: Message Filter dropping message: frame 'os_lidar' at time 279388.031 for reason 'discarding message because the queue is full'
[INFO] [1754687320.953942701] [ouster_scan_band]: Message Filter dropping message: frame 'os_lidar' at time 279388.131 for reason 'discarding message because the queue is full'
[INFO] [1754687321.053655139] [ouster_scan_band]: Message Filter dropping message: frame 'os_lidar' at time 279388.231 for reason 'discarding message because the queue is full'
[INFO] [1754687321.154039372] [ouster_scan_band]: Message Filter dropping message: frame 'os_lidar' at time 279388.331 for reason 'discarding message because the queue is full'
[INFO] [1754687321.253744330] [ouster_scan_band]: Message Filter dropping message: frame 'os_lidar' at time 279388.431 for reason 'discarding message because the queue is full'
[INFO] [1754687321.354390750] [ouster_scan_band]: Message Filter dropping message: frame 'os_lidar' at time 279388.531 for reason 'discarding message because the queue is full'
[INFO] [1754687321.454378896] [ouster_scan_band]: Message Filter dropping message: frame 'os_lidar' at time 279389.031 for reason 'discarding message because the queue is full'
[INFO] [1754687321.554696899] [ouster_scan_band]: Message Filter dropping message: frame 'os_lidar' at time 279389.131 for reason 'discarding message because the queue is full'
[INFO] [1754687321.654472787] [ouster_scan_band]: Message Filter dropping message: frame 'os_lidar' at time 279389.231 for reason 'discarding message because the queue is full'
[INFO] [1754687321.754507053] [ouster_scan_band]: Message Filter dropping message: frame 'os_lidar' at time 279389.331 for reason 'discarding message because the queue is full'
[INFO] [1754687321.855035944] [ouster_scan_band]: Message Filter dropping message: frame 'os_lidar' at time 279389.431 for reason 'discarding message because the queue is full'
[INFO] [1754687321.954431885] [ouster_scan_band]: Message Filter dropping message: frame 'os_lidar' at time 279389.531 for reason 'discarding message because the queue is full'
[INFO] [1754687322.054646609] [ouster_scan_band]: Message Filter dropping message: frame 'os_lidar' at time 279389.631 for reason 'discarding message because the queue is full'
[INFO] [1754687322.153394606] [ouster_scan_band]: Message Filter dropping message: frame 'os_lidar' at time 279389.731 for reason 'discarding message because the queue is full'
[INFO] [1754687322.253250533] [ouster_scan_band]: Message Filter dropping message: frame 'os_lidar' at time 279389.931 for reason 'discarding message because the queue is full'
[INFO] [1754687322.353552746] [ouster_scan_band]: Message Filter dropping message: frame 'os_lidar' at time 279390.031 for reason 'discarding message because the queue is full'
[INFO] [1754687322.453377254] [ouster_scan_band]: Message Filter dropping message: frame 'os_lidar' at time 279390.131 for reason 'discarding message because the queue is full'
[INFO] [1754687322.553571958] [ouster_scan_band]: Message Filter dropping message: frame 'os_lidar' at time 279390.231 for reason 'discarding message because the queue is full'
[INFO] [1754687322.653535634] [ouster_scan_band]: Message Filter dropping message: frame 'os_lidar' at time 279390.331 for reason 'discarding message because the queue is full'
[INFO] [1754687322.753695319] [ouster_scan_band]: Message Filter dropping message: frame 'os_lidar' at time 279390.431 for reason 'discarding message because the queue is full'
[INFO] [1754687322.853611936] [ouster_scan_band]: Message Filter dropping message: frame 'os_lidar' at time 279390.530 for reason 'discarding message because the queue is full'
[INFO] [1754687322.953554172] [ouster_scan_band]: Message Filter dropping message: frame 'os_lidar' at time 279390.630 for reason 'discarding message because the queue is full'
[INFO] [1754687323.053332820] [ouster_scan_band]: Message Filter dropping message: frame 'os_lidar' at time 279390.730 for reason 'discarding message because the queue is full'
[INFO] [1754687323.153502825] [ouster_scan_band]: Message Filter dropping message: frame 'os_lidar' at time 279390.830 for reason 'discarding message because the queue is full'
[INFO] [1754687323.253513151] [ouster_scan_band]: Message Filter dropping message: frame 'os_lidar' at time 279390.930 for reason 'discarding message because the queue is full'
[INFO] [1754687323.353503157] [ouster_scan_band]: Message Filter dropping message: frame 'os_lidar' at time 279391.030 for reason 'discarding message because the queue is full'
[INFO] [1754687323.453486063] [ouster_scan_band]: Message Filter dropping message: frame 'os_lidar' at time 279391.130 for reason 'discarding message because the queue is full'
[INFO] [1754687323.553256211] [ouster_scan_band]: Message Filter dropping message: frame 'os_lidar' at time 279391.230 for reason 'discarding message because the queue is full'
[INFO] [1754687323.653597764] [ouster_scan_band]: Message Filter dropping message: frame 'os_lidar' at time 279391.330 for reason 'discarding message because the queue is full'
[INFO] [1754687323.753582841] [ouster_scan_band]: Message Filter dropping message: frame 'os_lidar' at time 279391.430 for reason 'discarding message because the queue is full'
[INFO] [1754687323.853693046] [ouster_scan_band]: Message Filter dropping message: frame 'os_lidar' at time 279391.530 for reason 'discarding message because the queue is full'
[INFO] [1754687323.953647522] [ouster_scan_band]: Message Filter dropping message: frame 'os_lidar' at time 279391.630 for reason 'discarding message because the queue is full'
[INFO] [1754687324.053457750] [ouster_scan_band]: Message Filter dropping message: frame 'os_lidar' at time 279391.731 for reason 'discarding message because the queue is full'
[INFO] [1754687324.153301468] [ouster_scan_band]: Message Filter dropping message: frame 'os_lidar' at time 279391.831 for reason 'discarding message because the queue is full'
[INFO] [1754687324.253582101] [ouster_scan_band]: Message Filter dropping message: frame 'os_lidar' at time 279391.931 for reason 'discarding message because the queue is full'
[INFO] [1754687324.353930435] [ouster_scan_band]: Message Filter dropping message: frame 'os_lidar' at time 279392.031 for reason 'discarding message because the queue is full'
[INFO] [1754687324.453496045] [ouster_scan_band]: Message Filter dropping message: frame 'os_lidar' at time 279392.131 for reason 'discarding message because the queue is full'
[INFO] [1754687324.553936377] [ouster_scan_band]: Message Filter dropping message: frame 'os_lidar' at time 279392.231 for reason 'discarding message because the queue is full'
[INFO] [1754687324.653647306] [ouster_scan_band]: Message Filter dropping message: frame 'os_lidar' at time 279392.331 for reason 'discarding message because the queue is full'
[INFO] [1754687324.753825181] [ouster_scan_band]: Message Filter dropping message: frame 'os_lidar' at time 279392.431 for reason 'discarding message because the queue is full'
[INFO] [1754687324.853669278] [ouster_scan_band]: Message Filter dropping message: frame 'os_lidar' at time 279392.531 for reason 'discarding message because the queue is full'
[INFO] [1754687324.953717374] [ouster_scan_band]: Message Filter dropping message: frame 'os_lidar' at time 279392.631 for reason 'discarding message because the queue is full'
[INFO] [1754687325.053794200] [ouster_scan_band]: Message Filter dropping message: frame 'os_lidar' at time 279392.731 for reason 'discarding message because the queue is full'
[INFO] [1754687325.153757757] [ouster_scan_band]: Message Filter dropping message: frame 'os_lidar' at time 279392.831 for reason 'discarding message because the queue is full'
[INFO] [1754687325.254110500] [ouster_scan_band]: Message Filter dropping message: frame 'os_lidar' at time 279392.931 for reason 'discarding message because the queue is full'
[INFO] [1754687325.353901158] [ouster_scan_band]: Message Filter dropping message: frame 'os_lidar' at time 279393.031 for reason 'discarding message because the queue is full'
[INFO] [1754687325.453925114] [ouster_scan_band]: Message Filter dropping message: frame 'os_lidar' at time 279393.131 for reason 'discarding message because the queue is full'
[INFO] [1754687325.554058190] [ouster_scan_band]: Message Filter dropping message: frame 'os_lidar' at time 279393.231 for reason 'discarding message because the queue is full'
[INFO] [1754687325.653886257] [ouster_scan_band]: Message Filter dropping message: frame 'os_lidar' at time 279393.331 for reason 'discarding message because the queue is full'
[INFO] [1754687325.753522027] [ouster_scan_band]: Message Filter dropping message: frame 'os_lidar' at time 279393.431 for reason 'discarding message because the queue is full'
[INFO] [1754687325.853521113] [ouster_scan_band]: Message Filter dropping message: frame 'os_lidar' at time 279393.531 for reason 'discarding message because the queue is full'
[INFO] [1754687325.953622829] [ouster_scan_band]: Message Filter dropping message: frame 'os_lidar' at time 279393.631 for reason 'discarding message because the queue is full'
[INFO] [1754687326.053526016] [ouster_scan_band]: Message Filter dropping message: frame 'os_lidar' at time 279393.731 for reason 'discarding message because the queue is full'
[INFO] [1754687326.153993819] [ouster_scan_band]: Message Filter dropping message: frame 'os_lidar' at time 279393.831 for reason 'discarding message because the queue is full'
[INFO] [1754687326.254113744] [ouster_scan_band]: Message Filter dropping message: frame 'os_lidar' at time 279393.931 for reason 'discarding message because the queue is full'
[INFO] [1754687326.354132351] [ouster_scan_band]: Message Filter dropping message: frame 'os_lidar' at time 279394.031 for reason 'discarding message because the queue is full'
[INFO] [1754687326.453712251] [ouster_scan_band]: Message Filter dropping message: frame 'os_lidar' at time 279394.131 for reason 'discarding message because the queue is full'
[INFO] [1754687326.553792347] [ouster_scan_band]: Message Filter dropping message: frame 'os_lidar' at time 279394.230 for reason 'discarding message because the queue is full'
[INFO] [1754687326.653889682] [ouster_scan_band]: Message Filter dropping message: frame 'os_lidar' at time 279394.330 for reason 'discarding message because the queue is full'
[INFO] [1754687326.753644241] [ouster_scan_band]: Message Filter dropping message: frame 'os_lidar' at time 279394.430 for reason 'discarding message because the queue is full'
[INFO] [1754687326.853727577] [ouster_scan_band]: Message Filter dropping message: frame 'os_lidar' at time 279394.530 for reason 'discarding message because the queue is full'
[INFO] [1754687326.953531135] [ouster_scan_band]: Message Filter dropping message: frame 'os_lidar' at time 279394.630 for reason 'discarding message because the queue is full'
[INFO] [1754687327.053546641] [ouster_scan_band]: Message Filter dropping message: frame 'os_lidar' at time 279394.730 for reason 'discarding message because the queue is full'
[INFO] [1754687327.153456899] [ouster_scan_band]: Message Filter dropping message: frame 'os_lidar' at time 279394.831 for reason 'discarding message because the queue is full'
[INFO] [1754687327.253411106] [ouster_scan_band]: Message Filter dropping message: frame 'os_lidar' at time 279394.931 for reason 'discarding message because the queue is full'
[INFO] [1754687327.353518172] [ouster_scan_band]: Message Filter dropping message: frame 'os_lidar' at time 279395.031 for reason 'discarding message because the queue is full'
[INFO] [1754687327.453896095] [ouster_scan_band]: Message Filter dropping message: frame 'os_lidar' at time 279395.131 for reason 'discarding message because the queue is full'
[INFO] [1754687327.553882662] [ouster_scan_band]: Message Filter dropping message: frame 'os_lidar' at time 279395.230 for reason 'discarding message because the queue is full'
[INFO] [1754687327.653569181] [ouster_scan_band]: Message Filter dropping message: frame 'os_lidar' at time 279395.330 for reason 'discarding message because the queue is full'
[INFO] [1754687327.753624797] [ouster_scan_band]: Message Filter dropping message: frame 'os_lidar' at time 279395.430 for reason 'discarding message because the queue is full'
[INFO] [1754687327.853563415] [ouster_scan_band]: Message Filter dropping message: frame 'os_lidar' at time 279395.530 for reason 'discarding message because the queue is full'
[INFO] [1754687327.953568281] [ouster_scan_band]: Message Filter dropping message: frame 'os_lidar' at time 279395.630 for reason 'discarding message because the queue is full'
[INFO] [1754687328.053386620] [ouster_scan_band]: Message Filter dropping message: frame 'os_lidar' at time 279395.730 for reason 'discarding message because the queue is full'
[INFO] [1754687328.153435196] [ouster_scan_band]: Message Filter dropping message: frame 'os_lidar' at time 279395.830 for reason 'discarding message because the queue is full'
[INFO] [1754687328.253502282] [ouster_scan_band]: Message Filter dropping message: frame 'os_lidar' at time 279395.930 for reason 'discarding message because the queue is full'
[INFO] [1754687328.353548509] [ouster_scan_band]: Message Filter dropping message: frame 'os_lidar' at time 279396.030 for reason 'discarding message because the queue is full'
[INFO] [1754687328.553937539] [ouster_scan_band]: Message Filter dropping message: frame 'os_lidar' at time 279396.130 for reason 'discarding message because the queue is full'
[INFO] [1754687328.653804897] [ouster_scan_band]: Message Filter dropping message: frame 'os_lidar' at time 279396.230 for reason 'discarding message because the queue is full'
[INFO] [1754687328.753863993] [ouster_scan_band]: Message Filter dropping message: frame 'os_lidar' at time 279396.330 for reason 'discarding message because the queue is full'
[INFO] [1754687328.853852410] [ouster_scan_band]: Message Filter dropping message: frame 'os_lidar' at time 279396.430 for reason 'discarding message because the queue is full'
[INFO] [1754687328.953927016] [ouster_scan_band]: Message Filter dropping message: frame 'os_lidar' at time 279396.530 for reason 'discarding message because the queue is full'
[INFO] [1754687329.053973993] [ouster_scan_band]: Message Filter dropping message: frame 'os_lidar' at time 279396.630 for reason 'discarding message because the queue is full'
[INFO] [1754687329.153929360] [ouster_scan_band]: Message Filter dropping message: frame 'os_lidar' at time 279396.730 for reason 'discarding message because the queue is full'
[INFO] [1754687329.253853178] [ouster_scan_band]: Message Filter dropping message: frame 'os_lidar' at time 279396.830 for reason 'discarding message because the queue is full'
[INFO] [1754687329.354073183] [ouster_scan_band]: Message Filter dropping message: frame 'os_lidar' at time 279396.930 for reason 'discarding message because the queue is full'
[INFO] [1754687329.453788282] [ouster_scan_band]: Message Filter dropping message: frame 'os_lidar' at time 279397.030 for reason 'discarding message because the queue is full'
[INFO] [1754687329.554064387] [ouster_scan_band]: Message Filter dropping message: frame 'os_lidar' at time 279397.130 for reason 'discarding message because the queue is full'
[INFO] [1754687329.654103074] [ouster_scan_band]: Message Filter dropping message: frame 'os_lidar' at time 279397.230 for reason 'discarding message because the queue is full'
[INFO] [1754687329.753992581] [ouster_scan_band]: Message Filter dropping message: frame 'os_lidar' at time 279397.330 for reason 'discarding message because the queue is full'
[INFO] [1754687329.853917369] [ouster_scan_band]: Message Filter dropping message: frame 'os_lidar' at time 279397.430 for reason 'discarding message because the queue is full'
[INFO] [1754687329.954027105] [ouster_scan_band]: Message Filter dropping message: frame 'os_lidar' at time 279397.530 for reason 'discarding message because the queue is full'
[INFO] [1754687330.053803414] [ouster_scan_band]: Message Filter dropping message: frame 'os_lidar' at time 279397.630 for reason 'discarding message because the queue is full'
[INFO] [1754687330.153551353] [ouster_scan_band]: Message Filter dropping message: frame 'os_lidar' at time 279397.730 for reason 'discarding message because the queue is full'
[INFO] [1754687330.254155185] [ouster_scan_band]: Message Filter dropping message: frame 'os_lidar' at time 279397.830 for reason 'discarding message because the queue is full'
[INFO] [1754687330.353623817] [ouster_scan_band]: Message Filter dropping message: frame 'os_lidar' at time 279397.930 for reason 'discarding message because the queue is full'
[INFO] [1754687330.454009751] [ouster_scan_band]: Message Filter dropping message: frame 'os_lidar' at time 279398.030 for reason 'discarding message because the queue is full'
[INFO] [1754687330.554005988] [ouster_scan_band]: Message Filter dropping message: frame 'os_lidar' at time 279398.130 for reason 'discarding message because the queue is full'
[INFO] [1754687330.653990045] [ouster_scan_band]: Message Filter dropping message: frame 'os_lidar' at time 279398.230 for reason 'discarding message because the queue is full'
[INFO] [1754687330.753943712] [ouster_scan_band]: Message Filter dropping message: frame 'os_lidar' at time 279398.330 for reason 'discarding message because the queue is full'
[INFO] [1754687330.854107798] [ouster_scan_band]: Message Filter dropping message: frame 'os_lidar' at time 279398.430 for reason 'discarding message because the queue is full'
[INFO] [1754687330.954117305] [ouster_scan_band]: Message Filter dropping message: frame 'os_lidar' at time 279398.630 for reason 'discarding message because the queue is full'
[INFO] [1754687331.054162872] [ouster_scan_band]: Message Filter dropping message: frame 'os_lidar' at time 279398.730 for reason 'discarding message because the queue is full'
[INFO] [1754687331.153845302] [ouster_scan_band]: Message Filter dropping message: frame 'os_lidar' at time 279398.830 for reason 'discarding message because the queue is full'
[INFO] [1754687331.254167236] [ouster_scan_band]: Message Filter dropping message: frame 'os_lidar' at time 279398.930 for reason 'discarding message because the queue is full'
[INFO] [1754687331.354122184] [ouster_scan_band]: Message Filter dropping message: frame 'os_lidar' at time 279399.030 for reason 'discarding message because the queue is full'
[INFO] [1754687331.454254010] [ouster_scan_band]: Message Filter dropping message: frame 'os_lidar' at time 279399.130 for reason 'discarding message because the queue is full'
[INFO] [1754687331.554030229] [ouster_scan_band]: Message Filter dropping message: frame 'os_lidar' at time 279399.230 for reason 'discarding message because the queue is full'
[INFO] [1754687331.654354663] [ouster_scan_band]: Message Filter dropping message: frame 'os_lidar' at time 279399.330 for reason 'discarding message because the queue is full'
[INFO] [1754687331.754390911] [ouster_scan_band]: Message Filter dropping message: frame 'os_lidar' at time 279399.430 for reason 'discarding message because the queue is full'
[INFO] [1754687331.854242729] [ouster_scan_band]: Message Filter dropping message: frame 'os_lidar' at time 279399.530 for reason 'discarding message because the queue is full'
[INFO] [1754687331.954223847] [ouster_scan_band]: Message Filter dropping message: frame 'os_lidar' at time 279399.630 for reason 'discarding message because the queue is full'
[INFO] [1754687332.054283563] [ouster_scan_band]: Message Filter dropping message: frame 'os_lidar' at time 279399.730 for reason 'discarding message because the queue is full'
[INFO] [1754687332.154224261] [ouster_scan_band]: Message Filter dropping message: frame 'os_lidar' at time 279399.830 for reason 'discarding message because the queue is full'
[INFO] [1754687332.254200449] [ouster_scan_band]: Message Filter dropping message: frame 'os_lidar' at time 279399.930 for reason 'discarding message because the queue is full'
[INFO] [1754687332.354253315] [ouster_scan_band]: Message Filter dropping message: frame 'os_lidar' at time 279400.030 for reason 'discarding message because the queue is full'
[INFO] [1754687332.454114544] [ouster_scan_band]: Message Filter dropping message: frame 'os_lidar' at time 279400.130 for reason 'discarding message because the queue is full'
[INFO] [1754687332.554128431] [ouster_scan_band]: Message Filter dropping message: frame 'os_lidar' at time 279400.230 for reason 'discarding message because the queue is full'
[INFO] [1754687332.654192308] [ouster_scan_band]: Message Filter dropping message: frame 'os_lidar' at time 279400.330 for reason 'discarding message because the queue is full'
[INFO] [1754687332.754226585] [ouster_scan_band]: Message Filter dropping message: frame 'os_lidar' at time 279400.430 for reason 'discarding message because the queue is full'
[INFO] [1754687332.854290492] [ouster_scan_band]: Message Filter dropping message: frame 'os_lidar' at time 279400.530 for reason 'discarding message because the queue is full'
[INFO] [1754687332.954424708] [ouster_scan_band]: Message Filter dropping message: frame 'os_lidar' at time 279400.630 for reason 'discarding message because the queue is full'
[INFO] [1754687333.054423186] [ouster_scan_band]: Message Filter dropping message: frame 'os_lidar' at time 279400.730 for reason 'discarding message because the queue is full'
[INFO] [1754687333.154249995] [ouster_scan_band]: Message Filter dropping message: frame 'os_lidar' at time 279400.830 for reason 'discarding message because the queue is full'
[INFO] [1754687333.254376231] [ouster_scan_band]: Message Filter dropping message: frame 'os_lidar' at time 279400.930 for reason 'discarding message because the queue is full'
[INFO] [1754687333.354323599] [ouster_scan_band]: Message Filter dropping message: frame 'os_lidar' at time 279401.030 for reason 'discarding message because the queue is full'
[INFO] [1754687333.454354776] [ouster_scan_band]: Message Filter dropping message: frame 'os_lidar' at time 279401.130 for reason 'discarding message because the queue is full'
[INFO] [1754687333.554247475] [ouster_scan_band]: Message Filter dropping message: frame 'os_lidar' at time 279401.230 for reason 'discarding message because the queue is full'
[INFO] [1754687333.654135983] [ouster_scan_band]: Message Filter dropping message: frame 'os_lidar' at time 279401.330 for reason 'discarding message because the queue is full'
[INFO] [1754687333.737215853] [ouster_scan_band]: No subscribers to laserscan, shutting down pointcloud subscriber
[WARN] [1754687345.332160476] [ouster_scan_band]: New subscription discovered on topic '/ouster/scan_multi', requesting incompatible QoS. No messages will be sent to it. Last incompatible policy: RELIABILITY_QOS_POLICY
[INFO] [1754687351.755433591] [ouster_scan_band]: Got a subscriber to laserscan, starting pointcloud subscriber
[INFO] [1754687351.954574518] [ouster_scan_band]: Message Filter dropping message: frame 'os_lidar' at time 279401.430 for reason 'discarding message because the queue is full'
[INFO] [1754687352.054870476] [ouster_scan_band]: Message Filter dropping message: frame 'os_lidar' at time 279401.530 for reason 'discarding message because the queue is full'
[INFO] [1754687352.154860806] [ouster_scan_band]: Message Filter dropping message: frame 'os_lidar' at time 279401.630 for reason 'discarding message because the queue is full'
[INFO] [1754687352.254954665] [ouster_scan_band]: Message Filter dropping message: frame 'os_lidar' at time 279401.730 for reason 'discarding message because the queue is full'
[INFO] [1754687352.354844356] [ouster_scan_band]: Message Filter dropping message: frame 'os_lidar' at time 279401.830 for reason 'discarding message because the queue is full'
[INFO] [1754687352.455014835] [ouster_scan_band]: Message Filter dropping message: frame 'os_lidar' at time 279401.930 for reason 'discarding message because the queue is full'
[INFO] [1754687352.555064484] [ouster_scan_band]: Message Filter dropping message: frame 'os_lidar' at time 279402.030 for reason 'discarding message because the queue is full'
[INFO] [1754687352.655415002] [ouster_scan_band]: Message Filter dropping message: frame 'os_lidar' at time 279402.130 for reason 'discarding message because the queue is full'
[INFO] [1754687352.854890576] [ouster_scan_band]: Message Filter dropping message: frame 'os_lidar' at time 279402.230 for reason 'discarding message because the queue is full'
[INFO] [1754687352.954962966] [ouster_scan_band]: Message Filter dropping message: frame 'os_lidar' at time 279402.330 for reason 'discarding message because the queue is full'
[INFO] [1754687353.054390530] [ouster_scan_band]: Message Filter dropping message: frame 'os_lidar' at time 279402.430 for reason 'discarding message because the queue is full'
[INFO] [1754687353.154454160] [ouster_scan_band]: Message Filter dropping message: frame 'os_lidar' at time 279402.530 for reason 'discarding message because the queue is full'
[INFO] [1754687353.254517500] [ouster_scan_band]: Message Filter dropping message: frame 'os_lidar' at time 279402.630 for reason 'discarding message because the queue is full'
[INFO] [1754687353.354502260] [ouster_scan_band]: Message Filter dropping message: frame 'os_lidar' at time 279402.730 for reason 'discarding message because the queue is full'
[INFO] [1754687353.454707339] [ouster_scan_band]: Message Filter dropping message: frame 'os_lidar' at time 279402.830 for reason 'discarding message because the queue is full'
[INFO] [1754687353.554711969] [ouster_scan_band]: Message Filter dropping message: frame 'os_lidar' at time 279402.930 for reason 'discarding message because the queue is full'
[INFO] [1754687353.654709789] [ouster_scan_band]: Message Filter dropping message: frame 'os_lidar' at time 279403.030 for reason 'discarding message because the queue is full'
[INFO] [1754687353.754725649] [ouster_scan_band]: Message Filter dropping message: frame 'os_lidar' at time 279403.130 for reason 'discarding message because the queue is full'
[INFO] [1754687353.855012297] [ouster_scan_band]: Message Filter dropping message: frame 'os_lidar' at time 279403.230 for reason 'discarding message because the queue is full'
[INFO] [1754687353.954858199] [ouster_scan_band]: Message Filter dropping message: frame 'os_lidar' at time 279403.330 for reason 'discarding message because the queue is full'
[INFO] [1754687354.055034507] [ouster_scan_band]: Message Filter dropping message: frame 'os_lidar' at time 279403.430 for reason 'discarding message because the queue is full'
[INFO] [1754687354.155226646] [ouster_scan_band]: Message Filter dropping message: frame 'os_lidar' at time 279403.530 for reason 'discarding message because the queue is full'
[INFO] [1754687354.255269966] [ouster_scan_band]: Message Filter dropping message: frame 'os_lidar' at time 279403.630 for reason 'discarding message because the queue is full'
[INFO] [1754687354.355232437] [ouster_scan_band]: Message Filter dropping message: frame 'os_lidar' at time 279403.730 for reason 'discarding message because the queue is full'
[INFO] [1754687354.455237467] [ouster_scan_band]: Message Filter dropping message: frame 'os_lidar' at time 279422.029 for reason 'discarding message because the queue is full'
[INFO] [1754687354.555001039] [ouster_scan_band]: Message Filter dropping message: frame 'os_lidar' at time 279422.129 for reason 'discarding message because the queue is full'
[INFO] [1754687354.655003700] [ouster_scan_band]: Message Filter dropping message: frame 'os_lidar' at time 279422.229 for reason 'discarding message because the queue is full'
[INFO] [1754687354.754551364] [ouster_scan_band]: Message Filter dropping message: frame 'os_lidar' at time 279422.329 for reason 'discarding message because the queue is full'
[INFO] [1754687354.854735043] [ouster_scan_band]: Message Filter dropping message: frame 'os_lidar' at time 279422.429 for reason 'discarding message because the queue is full'
[INFO] [1754687354.954811222] [ouster_scan_band]: Message Filter dropping message: frame 'os_lidar' at time 279422.529 for reason 'discarding message because the queue is full'
[INFO] [1754687355.054564625] [ouster_scan_band]: Message Filter dropping message: frame 'os_lidar' at time 279422.629 for reason 'discarding message because the queue is full'
[INFO] [1754687355.154999022] [ouster_scan_band]: Message Filter dropping message: frame 'os_lidar' at time 279422.729 for reason 'discarding message because the queue is full'
[INFO] [1754687355.254741174] [ouster_scan_band]: Message Filter dropping message: frame 'os_lidar' at time 279422.929 for reason 'discarding message because the queue is full'
[INFO] [1754687355.354990733] [ouster_scan_band]: Message Filter dropping message: frame 'os_lidar' at time 279423.029 for reason 'discarding message because the queue is full'
[INFO] [1754687355.454598456] [ouster_scan_band]: Message Filter dropping message: frame 'os_lidar' at time 279423.129 for reason 'discarding message because the queue is full'
[INFO] [1754687355.554666846] [ouster_scan_band]: Message Filter dropping message: frame 'os_lidar' at time 279423.229 for reason 'discarding message because the queue is full'
[INFO] [1754687355.654735496] [ouster_scan_band]: Message Filter dropping message: frame 'os_lidar' at time 279423.329 for reason 'discarding message because the queue is full'
[INFO] [1754687355.754577138] [ouster_scan_band]: Message Filter dropping message: frame 'os_lidar' at time 279423.429 for reason 'discarding message because the queue is full'
[INFO] [1754687355.854736817] [ouster_scan_band]: Message Filter dropping message: frame 'os_lidar' at time 279423.529 for reason 'discarding message because the queue is full'
[INFO] [1754687355.954621439] [ouster_scan_band]: Message Filter dropping message: frame 'os_lidar' at time 279423.629 for reason 'discarding message because the queue is full'
[INFO] [1754687356.054876117] [ouster_scan_band]: Message Filter dropping message: frame 'os_lidar' at time 279423.729 for reason 'discarding message because the queue is full'
[INFO] [1754687356.154492471] [ouster_scan_band]: Message Filter dropping message: frame 'os_lidar' at time 279423.829 for reason 'discarding message because the queue is full'
[INFO] [1754687356.254929158] [ouster_scan_band]: Message Filter dropping message: frame 'os_lidar' at time 279423.929 for reason 'discarding message because the queue is full'
[INFO] [1754687356.354583101] [ouster_scan_band]: Message Filter dropping message: frame 'os_lidar' at time 279424.029 for reason 'discarding message because the queue is full'
[INFO] [1754687356.455067398] [ouster_scan_band]: Message Filter dropping message: frame 'os_lidar' at time 279424.129 for reason 'discarding message because the queue is full'
[INFO] [1754687356.554867850] [ouster_scan_band]: Message Filter dropping message: frame 'os_lidar' at time 279424.229 for reason 'discarding message because the queue is full'
[INFO] [1754687356.654903530] [ouster_scan_band]: Message Filter dropping message: frame 'os_lidar' at time 279424.329 for reason 'discarding message because the queue is full'
[INFO] [1754687356.754814312] [ouster_scan_band]: Message Filter dropping message: frame 'os_lidar' at time 279424.429 for reason 'discarding message because the queue is full'
[INFO] [1754687356.854936671] [ouster_scan_band]: Message Filter dropping message: frame 'os_lidar' at time 279424.529 for reason 'discarding message because the queue is full'
[INFO] [1754687356.954765594] [ouster_scan_band]: Message Filter dropping message: frame 'os_lidar' at time 279424.629 for reason 'discarding message because the queue is full'
[INFO] [1754687357.054760634] [ouster_scan_band]: Message Filter dropping message: frame 'os_lidar' at time 279424.729 for reason 'discarding message because the queue is full'
[INFO] [1754687357.154444167] [ouster_scan_band]: Message Filter dropping message: frame 'os_lidar' at time 279424.829 for reason 'discarding message because the queue is full'
[INFO] [1754687357.254782316] [ouster_scan_band]: Message Filter dropping message: frame 'os_lidar' at time 279424.929 for reason 'discarding message because the queue is full'
[INFO] [1754687357.354661547] [ouster_scan_band]: Message Filter dropping message: frame 'os_lidar' at time 279425.029 for reason 'discarding message because the queue is full'
[INFO] [1754687357.454598408] [ouster_scan_band]: Message Filter dropping message: frame 'os_lidar' at time 279425.129 for reason 'discarding message because the queue is full'
[INFO] [1754687357.554500760] [ouster_scan_band]: Message Filter dropping message: frame 'os_lidar' at time 279425.229 for reason 'discarding message because the queue is full'
[INFO] [1754687357.654498951] [ouster_scan_band]: Message Filter dropping message: frame 'os_lidar' at time 279425.329 for reason 'discarding message because the queue is full'
[INFO] [1754687357.754416522] [ouster_scan_band]: Message Filter dropping message: frame 'os_lidar' at time 279425.429 for reason 'discarding message because the queue is full'
[INFO] [1754687357.854843359] [ouster_scan_band]: Message Filter dropping message: frame 'os_lidar' at time 279425.529 for reason 'discarding message because the queue is full'
[INFO] [1754687357.954659342] [ouster_scan_band]: Message Filter dropping message: frame 'os_lidar' at time 279425.629 for reason 'discarding message because the queue is full'
[INFO] [1754687358.055000240] [ouster_scan_band]: Message Filter dropping message: frame 'os_lidar' at time 279425.729 for reason 'discarding message because the queue is full'
[INFO] [1754687358.154867932] [ouster_scan_band]: Message Filter dropping message: frame 'os_lidar' at time 279425.829 for reason 'discarding message because the queue is full'
[INFO] [1754687358.254928542] [ouster_scan_band]: Message Filter dropping message: frame 'os_lidar' at time 279425.929 for reason 'discarding message because the queue is full'
[INFO] [1754687358.354650645] [ouster_scan_band]: Message Filter dropping message: frame 'os_lidar' at time 279426.028 for reason 'discarding message because the queue is full'
[INFO] [1754687358.454671176] [ouster_scan_band]: Message Filter dropping message: frame 'os_lidar' at time 279426.128 for reason 'discarding message because the queue is full'
[INFO] [1754687358.554586677] [ouster_scan_band]: Message Filter dropping message: frame 'os_lidar' at time 279426.228 for reason 'discarding message because the queue is full'
[INFO] [1754687358.654725387] [ouster_scan_band]: Message Filter dropping message: frame 'os_lidar' at time 279426.328 for reason 'discarding message because the queue is full'
[INFO] [1754687358.755260004] [ouster_scan_band]: Message Filter dropping message: frame 'os_lidar' at time 279426.428 for reason 'discarding message because the queue is full'
[INFO] [1754687358.855060546] [ouster_scan_band]: Message Filter dropping message: frame 'os_lidar' at time 279426.528 for reason 'discarding message because the queue is full'
[INFO] [1754687358.955392634] [ouster_scan_band]: Message Filter dropping message: frame 'os_lidar' at time 279426.628 for reason 'discarding message because the queue is full'
[INFO] [1754687359.055497134] [ouster_scan_band]: Message Filter dropping message: frame 'os_lidar' at time 279426.728 for reason 'discarding message because the queue is full'
[INFO] [1754687359.155120078] [ouster_scan_band]: Message Filter dropping message: frame 'os_lidar' at time 279426.828 for reason 'discarding message because the queue is full'
[INFO] [1754687359.255329358] [ouster_scan_band]: Message Filter dropping message: frame 'os_lidar' at time 279426.928 for reason 'discarding message because the queue is full'
[INFO] [1754687359.355093151] [ouster_scan_band]: Message Filter dropping message: frame 'os_lidar' at time 279427.029 for reason 'discarding message because the queue is full'
[INFO] [1754687359.455014702] [ouster_scan_band]: Message Filter dropping message: frame 'os_lidar' at time 279427.129 for reason 'discarding message because the queue is full'
[INFO] [1754687359.554798515] [ouster_scan_band]: Message Filter dropping message: frame 'os_lidar' at time 279427.228 for reason 'discarding message because the queue is full'
[INFO] [1754687359.654694997] [ouster_scan_band]: Message Filter dropping message: frame 'os_lidar' at time 279427.328 for reason 'discarding message because the queue is full'
[INFO] [1754687359.754815887] [ouster_scan_band]: Message Filter dropping message: frame 'os_lidar' at time 279427.428 for reason 'discarding message because the queue is full'
[INFO] [1754687359.854716689] [ouster_scan_band]: Message Filter dropping message: frame 'os_lidar' at time 279427.528 for reason 'discarding message because the queue is full'
[INFO] [1754687359.955167946] [ouster_scan_band]: Message Filter dropping message: frame 'os_lidar' at time 279427.628 for reason 'discarding message because the queue is full'
[INFO] [1754687360.054928269] [ouster_scan_band]: Message Filter dropping message: frame 'os_lidar' at time 279427.728 for reason 'discarding message because the queue is full'
[INFO] [1754687360.155024500] [ouster_scan_band]: Message Filter dropping message: frame 'os_lidar' at time 279427.828 for reason 'discarding message because the queue is full'
[INFO] [1754687360.255107390] [ouster_scan_band]: Message Filter dropping message: frame 'os_lidar' at time 279427.928 for reason 'discarding message because the queue is full'
[INFO] [1754687360.354896083] [ouster_scan_band]: Message Filter dropping message: frame 'os_lidar' at time 279428.028 for reason 'discarding message because the queue is full'
[INFO] [1754687360.454998413] [ouster_scan_band]: Message Filter dropping message: frame 'os_lidar' at time 279428.128 for reason 'discarding message because the queue is full'
[INFO] [1754687360.554862715] [ouster_scan_band]: Message Filter dropping message: frame 'os_lidar' at time 279428.228 for reason 'discarding message because the queue is full'
[INFO] [1754687360.754587050] [ouster_scan_band]: Message Filter dropping message: frame 'os_lidar' at time 279428.328 for reason 'discarding message because the queue is full'
[INFO] [1754687360.854960808] [ouster_scan_band]: Message Filter dropping message: frame 'os_lidar' at time 279428.428 for reason 'discarding message because the queue is full'
[INFO] [1754687361.054745222] [ouster_scan_band]: Message Filter dropping message: frame 'os_lidar' at time 279428.528 for reason 'discarding message because the queue is full'
[INFO] [1754687361.254887653] [ouster_scan_band]: Message Filter dropping message: frame 'os_lidar' at time 279428.628 for reason 'discarding message because the queue is full'
[INFO] [1754687361.454844406] [ouster_scan_band]: Message Filter dropping message: frame 'os_lidar' at time 279428.728 for reason 'discarding message because the queue is full'
[INFO] [1754687361.655170176] [ouster_scan_band]: Message Filter dropping message: frame 'os_lidar' at time 279428.828 for reason 'discarding message because the queue is full'
[INFO] [1754687361.855024900] [ouster_scan_band]: Message Filter dropping message: frame 'os_lidar' at time 279428.928 for reason 'discarding message because the queue is full'
[INFO] [1754687362.055140401] [ouster_scan_band]: Message Filter dropping message: frame 'os_lidar' at time 279429.028 for reason 'discarding message because the queue is full'
[INFO] [1754687362.254931596] [ouster_scan_band]: Message Filter dropping message: frame 'os_lidar' at time 279429.128 for reason 'discarding message because the queue is full'
[INFO] [1754687362.454897599] [ouster_scan_band]: Message Filter dropping message: frame 'os_lidar' at time 279429.228 for reason 'discarding message because the queue is full'
[INFO] [1754687362.655092950] [ouster_scan_band]: Message Filter dropping message: frame 'os_lidar' at time 279429.328 for reason 'discarding message because the queue is full'
[INFO] [1754687362.855252242] [ouster_scan_band]: Message Filter dropping message: frame 'os_lidar' at time 279429.428 for reason 'discarding message because the queue is full'
[INFO] [1754687362.955065565] [ouster_scan_band]: Message Filter dropping message: frame 'os_lidar' at time 279429.528 for reason 'discarding message because the queue is full'
[INFO] [1754687363.055105526] [ouster_scan_band]: Message Filter dropping message: frame 'os_lidar' at time 279429.628 for reason 'discarding message because the queue is full'
[INFO] [1754687363.155228656] [ouster_scan_band]: Message Filter dropping message: frame 'os_lidar' at time 279429.728 for reason 'discarding message because the queue is full'
[INFO] [1754687363.255271998] [ouster_scan_band]: Message Filter dropping message: frame 'os_lidar' at time 279429.828 for reason 'discarding message because the queue is full'
[INFO] [1754687363.355519987] [ouster_scan_band]: Message Filter dropping message: frame 'os_lidar' at time 279429.928 for reason 'discarding message because the queue is full'
[INFO] [1754687363.455725977] [ouster_scan_band]: Message Filter dropping message: frame 'os_lidar' at time 279430.028 for reason 'discarding message because the queue is full'
[INFO] [1754687363.555414271] [ouster_scan_band]: Message Filter dropping message: frame 'os_lidar' at time 279430.128 for reason 'discarding message because the queue is full'
[INFO] [1754687363.655516242] [ouster_scan_band]: Message Filter dropping message: frame 'os_lidar' at time 279430.228 for reason 'discarding message because the queue is full'
[INFO] [1754687363.755682212] [ouster_scan_band]: Message Filter dropping message: frame 'os_lidar' at time 279430.328 for reason 'discarding message because the queue is full'
[INFO] [1754687363.856269918] [ouster_scan_band]: Message Filter dropping message: frame 'os_lidar' at time 279430.428 for reason 'discarding message because the queue is full'
[INFO] [1754687363.955415497] [ouster_scan_band]: Message Filter dropping message: frame 'os_lidar' at time 279430.528 for reason 'discarding message because the queue is full'
[INFO] [1754687364.055256530] [ouster_scan_band]: Message Filter dropping message: frame 'os_lidar' at time 279430.628 for reason 'discarding message because the queue is full'
[INFO] [1754687364.155190152] [ouster_scan_band]: Message Filter dropping message: frame 'os_lidar' at time 279430.828 for reason 'discarding message because the queue is full'
[INFO] [1754687364.254962326] [ouster_scan_band]: Message Filter dropping message: frame 'os_lidar' at time 279430.928 for reason 'discarding message because the queue is full'
[INFO] [1754687364.355032387] [ouster_scan_band]: Message Filter dropping message: frame 'os_lidar' at time 279431.128 for reason 'discarding message because the queue is full'
[INFO] [1754687364.454706061] [ouster_scan_band]: Message Filter dropping message: frame 'os_lidar' at time 279431.328 for reason 'discarding message because the queue is full'
[INFO] [1754687364.554990730] [ouster_scan_band]: Message Filter dropping message: frame 'os_lidar' at time 279431.528 for reason 'discarding message because the queue is full'
[INFO] [1754687364.655040932] [ouster_scan_band]: Message Filter dropping message: frame 'os_lidar' at time 279431.728 for reason 'discarding message because the queue is full'
[INFO] [1754687364.755056743] [ouster_scan_band]: Message Filter dropping message: frame 'os_lidar' at time 279431.928 for reason 'discarding message because the queue is full'
[INFO] [1754687364.855075285] [ouster_scan_band]: Message Filter dropping message: frame 'os_lidar' at time 279432.128 for reason 'discarding message because the queue is full'
[INFO] [1754687364.955427253] [ouster_scan_band]: Message Filter dropping message: frame 'os_lidar' at time 279432.328 for reason 'discarding message because the queue is full'
[INFO] [1754687365.055489325] [ouster_scan_band]: Message Filter dropping message: frame 'os_lidar' at time 279432.528 for reason 'discarding message because the queue is full'
[INFO] [1754687365.155443357] [ouster_scan_band]: Message Filter dropping message: frame 'os_lidar' at time 279432.728 for reason 'discarding message because the queue is full'
[INFO] [1754687365.255395679] [ouster_scan_band]: Message Filter dropping message: frame 'os_lidar' at time 279432.928 for reason 'discarding message because the queue is full'
[INFO] [1754687365.355716568] [ouster_scan_band]: Message Filter dropping message: frame 'os_lidar' at time 279433.028 for reason 'discarding message because the queue is full'
[INFO] [1754687365.455939438] [ouster_scan_band]: Message Filter dropping message: frame 'os_lidar' at time 279433.128 for reason 'discarding message because the queue is full'
[INFO] [1754687365.556080089] [ouster_scan_band]: Message Filter dropping message: frame 'os_lidar' at time 279433.228 for reason 'discarding message because the queue is full'
[INFO] [1754687365.656110760] [ouster_scan_band]: Message Filter dropping message: frame 'os_lidar' at time 279433.328 for reason 'discarding message because the queue is full'
[INFO] [1754687365.755693255] [ouster_scan_band]: Message Filter dropping message: frame 'os_lidar' at time 279433.428 for reason 'discarding message because the queue is full'
[INFO] [1754687365.855574638] [ouster_scan_band]: Message Filter dropping message: frame 'os_lidar' at time 279433.528 for reason 'discarding message because the queue is full'
[INFO] [1754687365.955546060] [ouster_scan_band]: Message Filter dropping message: frame 'os_lidar' at time 279433.628 for reason 'discarding message because the queue is full'
[INFO] [1754687366.055492803] [ouster_scan_band]: Message Filter dropping message: frame 'os_lidar' at time 279433.728 for reason 'discarding message because the queue is full'
[INFO] [1754687366.255600376] [ouster_scan_band]: Message Filter dropping message: frame 'os_lidar' at time 279433.828 for reason 'discarding message because the queue is full'
[INFO] [1754687366.455922237] [ouster_scan_band]: Message Filter dropping message: frame 'os_lidar' at time 279433.928 for reason 'discarding message because the queue is full'
[INFO] [1754687366.655515414] [ouster_scan_band]: Message Filter dropping message: frame 'os_lidar' at time 279434.028 for reason 'discarding message because the queue is full'
[INFO] [1754687366.755875473] [ouster_scan_band]: Message Filter dropping message: frame 'os_lidar' at time 279434.128 for reason 'discarding message because the queue is full'
[INFO] [1754687366.855433158] [ouster_scan_band]: Message Filter dropping message: frame 'os_lidar' at time 279434.228 for reason 'discarding message because the queue is full'
[INFO] [1754687367.155728912] [ouster_scan_band]: Message Filter dropping message: frame 'os_lidar' at time 279434.328 for reason 'discarding message because the queue is full'
[INFO] [1754687367.255568245] [ouster_scan_band]: Message Filter dropping message: frame 'os_lidar' at time 279434.428 for reason 'discarding message because the queue is full'
[INFO] [1754687367.355706056] [ouster_scan_band]: Message Filter dropping message: frame 'os_lidar' at time 279434.528 for reason 'discarding message because the queue is full'
[INFO] [1754687367.455835457] [ouster_scan_band]: Message Filter dropping message: frame 'os_lidar' at time 279434.628 for reason 'discarding message because the queue is full'
[INFO] [1754687367.555529442] [ouster_scan_band]: Message Filter dropping message: frame 'os_lidar' at time 279434.728 for reason 'discarding message because the queue is full'
[INFO] [1754687367.655729092] [ouster_scan_band]: Message Filter dropping message: frame 'os_lidar' at time 279434.828 for reason 'discarding message because the queue is full'
[INFO] [1754687367.755545616] [ouster_scan_band]: Message Filter dropping message: frame 'os_lidar' at time 279434.928 for reason 'discarding message because the queue is full'
[INFO] [1754687367.955603819] [ouster_scan_band]: Message Filter dropping message: frame 'os_lidar' at time 279435.028 for reason 'discarding message because the queue is full'
[INFO] [1754687368.055633361] [ouster_scan_band]: Message Filter dropping message: frame 'os_lidar' at time 279435.128 for reason 'discarding message because the queue is full'
[INFO] [1754687368.155575234] [ouster_scan_band]: Message Filter dropping message: frame 'os_lidar' at time 279435.228 for reason 'discarding message because the queue is full'
[INFO] [1754687368.255641495] [ouster_scan_band]: Message Filter dropping message: frame 'os_lidar' at time 279435.328 for reason 'discarding message because the queue is full'
[INFO] [1754687368.355786106] [ouster_scan_band]: Message Filter dropping message: frame 'os_lidar' at time 279435.428 for reason 'discarding message because the queue is full'
[INFO] [1754687368.455532521] [ouster_scan_band]: Message Filter dropping message: frame 'os_lidar' at time 279435.528 for reason 'discarding message because the queue is full'
[INFO] [1754687368.555711281] [ouster_scan_band]: Message Filter dropping message: frame 'os_lidar' at time 279435.628 for reason 'discarding message because the queue is full'
[INFO] [1754687368.755527507] [ouster_scan_band]: Message Filter dropping message: frame 'os_lidar' at time 279435.728 for reason 'discarding message because the queue is full'
[INFO] [1754687368.855853087] [ouster_scan_band]: Message Filter dropping message: frame 'os_lidar' at time 279435.828 for reason 'discarding message because the queue is full'
[INFO] [1754687368.956117867] [ouster_scan_band]: Message Filter dropping message: frame 'os_lidar' at time 279435.928 for reason 'discarding message because the queue is full'
[INFO] [1754687369.156208871] [ouster_scan_band]: Message Filter dropping message: frame 'os_lidar' at time 279436.028 for reason 'discarding message because the queue is full'
[INFO] [1754687369.255492099] [ouster_scan_band]: Message Filter dropping message: frame 'os_lidar' at time 279436.128 for reason 'discarding message because the queue is full'
[INFO] [1754687369.355666720] [ouster_scan_band]: Message Filter dropping message: frame 'os_lidar' at time 279436.328 for reason 'discarding message because the queue is full'
[INFO] [1754687369.455910600] [ouster_scan_band]: Message Filter dropping message: frame 'os_lidar' at time 279436.528 for reason 'discarding message because the queue is full'
[INFO] [1754687369.555644384] [ouster_scan_band]: Message Filter dropping message: frame 'os_lidar' at time 279436.728 for reason 'discarding message because the queue is full'
[INFO] [1754687369.655754856] [ouster_scan_band]: Message Filter dropping message: frame 'os_lidar' at time 279436.828 for reason 'discarding message because the queue is full'
[INFO] [1754687369.855839280] [ouster_scan_band]: Message Filter dropping message: frame 'os_lidar' at time 279436.928 for reason 'discarding message because the queue is full'
[INFO] [1754687369.955584184] [ouster_scan_band]: Message Filter dropping message: frame 'os_lidar' at time 279437.228 for reason 'discarding message because the queue is full'
[INFO] [1754687370.055549307] [ouster_scan_band]: Message Filter dropping message: frame 'os_lidar' at time 279437.328 for reason 'discarding message because the queue is full'
[INFO] [1754687370.155395680] [ouster_scan_band]: Message Filter dropping message: frame 'os_lidar' at time 279437.428 for reason 'discarding message because the queue is full'
[INFO] [1754687370.255512922] [ouster_scan_band]: Message Filter dropping message: frame 'os_lidar' at time 279437.528 for reason 'discarding message because the queue is full'
[INFO] [1754687370.355535424] [ouster_scan_band]: Message Filter dropping message: frame 'os_lidar' at time 279437.628 for reason 'discarding message because the queue is full'
[INFO] [1754687370.455440197] [ouster_scan_band]: Message Filter dropping message: frame 'os_lidar' at time 279437.728 for reason 'discarding message because the queue is full'
[INFO] [1754687370.555387100] [ouster_scan_band]: Message Filter dropping message: frame 'os_lidar' at time 279437.828 for reason 'discarding message because the queue is full'
[INFO] [1754687370.655433592] [ouster_scan_band]: Message Filter dropping message: frame 'os_lidar' at time 279438.028 for reason 'discarding message because the queue is full'
[INFO] [1754687370.755277256] [ouster_scan_band]: Message Filter dropping message: frame 'os_lidar' at time 279438.128 for reason 'discarding message because the queue is full'
[INFO] [1754687370.855473577] [ouster_scan_band]: Message Filter dropping message: frame 'os_lidar' at time 279438.228 for reason 'discarding message because the queue is full'
[INFO] [1754687370.955908195] [ouster_scan_band]: Message Filter dropping message: frame 'os_lidar' at time 279438.328 for reason 'discarding message because the queue is full'
[INFO] [1754687371.055662220] [ouster_scan_band]: Message Filter dropping message: frame 'os_lidar' at time 279438.428 for reason 'discarding message because the queue is full'
[INFO] [1754687371.155727562] [ouster_scan_band]: Message Filter dropping message: frame 'os_lidar' at time 279438.528 for reason 'discarding message because the queue is full'
[INFO] [1754687371.256190051] [ouster_scan_band]: Message Filter dropping message: frame 'os_lidar' at time 279438.628 for reason 'discarding message because the queue is full'
[INFO] [1754687371.355681908] [ouster_scan_band]: Message Filter dropping message: frame 'os_lidar' at time 279438.828 for reason 'discarding message because the queue is full'
[INFO] [1754687371.455646961] [ouster_scan_band]: Message Filter dropping message: frame 'os_lidar' at time 279438.928 for reason 'discarding message because the queue is full'
[INFO] [1754687371.655459387] [ouster_scan_band]: Message Filter dropping message: frame 'os_lidar' at time 279439.028 for reason 'discarding message because the queue is full'
[INFO] [1754687371.755320591] [ouster_scan_band]: Message Filter dropping message: frame 'os_lidar' at time 279439.228 for reason 'discarding message because the queue is full'
[INFO] [1754687371.855324334] [ouster_scan_band]: Message Filter dropping message: frame 'os_lidar' at time 279439.328 for reason 'discarding message because the queue is full'
[INFO] [1754687371.955782302] [ouster_scan_band]: Message Filter dropping message: frame 'os_lidar' at time 279439.428 for reason 'discarding message because the queue is full'
[INFO] [1754687372.055520947] [ouster_scan_band]: Message Filter dropping message: frame 'os_lidar' at time 279439.528 for reason 'discarding message because the queue is full'
[INFO] [1754687372.155851577] [ouster_scan_band]: Message Filter dropping message: frame 'os_lidar' at time 279439.628 for reason 'discarding message because the queue is full'
[INFO] [1754687372.255268144] [ouster_scan_band]: Message Filter dropping message: frame 'os_lidar' at time 279439.728 for reason 'discarding message because the queue is full'
[INFO] [1754687372.355292127] [ouster_scan_band]: Message Filter dropping message: frame 'os_lidar' at time 279439.928 for reason 'discarding message because the queue is full'
[INFO] [1754687372.455426249] [ouster_scan_band]: Message Filter dropping message: frame 'os_lidar' at time 279440.028 for reason 'discarding message because the queue is full'
[INFO] [1754687372.555681039] [ouster_scan_band]: Message Filter dropping message: frame 'os_lidar' at time 279440.128 for reason 'discarding message because the queue is full'
[INFO] [1754687372.655411584] [ouster_scan_band]: Message Filter dropping message: frame 'os_lidar' at time 279440.228 for reason 'discarding message because the queue is full'
[INFO] [1754687372.755595905] [ouster_scan_band]: Message Filter dropping message: frame 'os_lidar' at time 279440.328 for reason 'discarding message because the queue is full'
[INFO] [1754687372.855438539] [ouster_scan_band]: Message Filter dropping message: frame 'os_lidar' at time 279440.428 for reason 'discarding message because the queue is full'
[INFO] [1754687372.955748069] [ouster_scan_band]: Message Filter dropping message: frame 'os_lidar' at time 279440.528 for reason 'discarding message because the queue is full'
[INFO] [1754687373.055933300] [ouster_scan_band]: Message Filter dropping message: frame 'os_lidar' at time 279440.628 for reason 'discarding message because the queue is full'
[INFO] [1754687373.155740245] [ouster_scan_band]: Message Filter dropping message: frame 'os_lidar' at time 279440.728 for reason 'discarding message because the queue is full'
[INFO] [1754687373.255687628] [ouster_scan_band]: Message Filter dropping message: frame 'os_lidar' at time 279440.828 for reason 'discarding message because the queue is full'
[INFO] [1754687373.355671271] [ouster_scan_band]: Message Filter dropping message: frame 'os_lidar' at time 279440.928 for reason 'discarding message because the queue is full'
[INFO] [1754687373.555646417] [ouster_scan_band]: Message Filter dropping message: frame 'os_lidar' at time 279441.028 for reason 'discarding message because the queue is full'
[INFO] [1754687373.755739152] [ouster_scan_band]: Message Filter dropping message: frame 'os_lidar' at time 279441.128 for reason 'discarding message because the queue is full'
[INFO] [1754687373.855610086] [ouster_scan_band]: Message Filter dropping message: frame 'os_lidar' at time 279441.228 for reason 'discarding message because the queue is full'
[INFO] [1754687373.955786197] [ouster_scan_band]: Message Filter dropping message: frame 'os_lidar' at time 279441.328 for reason 'discarding message because the queue is full'
[INFO] [1754687374.155568465] [ouster_scan_band]: Message Filter dropping message: frame 'os_lidar' at time 279441.428 for reason 'discarding message because the queue is full'
[INFO] [1754687374.255909085] [ouster_scan_band]: Message Filter dropping message: frame 'os_lidar' at time 279441.528 for reason 'discarding message because the queue is full'
[INFO] [1754687374.455903291] [ouster_scan_band]: Message Filter dropping message: frame 'os_lidar' at time 279441.728 for reason 'discarding message because the queue is full'
[INFO] [1754687374.555711055] [ouster_scan_band]: Message Filter dropping message: frame 'os_lidar' at time 279441.828 for reason 'discarding message because the queue is full'
[INFO] [1754687374.655899397] [ouster_scan_band]: Message Filter dropping message: frame 'os_lidar' at time 279441.928 for reason 'discarding message because the queue is full'
[INFO] [1754687374.755797501] [ouster_scan_band]: Message Filter dropping message: frame 'os_lidar' at time 279442.028 for reason 'discarding message because the queue is full'
[INFO] [1754687374.855811693] [ouster_scan_band]: Message Filter dropping message: frame 'os_lidar' at time 279442.128 for reason 'discarding message because the queue is full'
[INFO] [1754687375.055846829] [ouster_scan_band]: Message Filter dropping message: frame 'os_lidar' at time 279442.228 for reason 'discarding message because the queue is full'
[INFO] [1754687375.156042140] [ouster_scan_band]: Message Filter dropping message: frame 'os_lidar' at time 279442.328 for reason 'discarding message because the queue is full'
[INFO] [1754687375.256087213] [ouster_scan_band]: Message Filter dropping message: frame 'os_lidar' at time 279442.428 for reason 'discarding message because the queue is full'
[INFO] [1754687375.355831688] [ouster_scan_band]: Message Filter dropping message: frame 'os_lidar' at time 279442.528 for reason 'discarding message because the queue is full'
[INFO] [1754687375.656077215] [ouster_scan_band]: Message Filter dropping message: frame 'os_lidar' at time 279442.628 for reason 'discarding message because the queue is full'
[INFO] [1754687375.756092228] [ouster_scan_band]: Message Filter dropping message: frame 'os_lidar' at time 279442.728 for reason 'discarding message because the queue is full'
[INFO] [1754687375.955791787] [ouster_scan_band]: Message Filter dropping message: frame 'os_lidar' at time 279442.828 for reason 'discarding message because the queue is full'
[INFO] [1754687376.055927369] [ouster_scan_band]: Message Filter dropping message: frame 'os_lidar' at time 279442.928 for reason 'discarding message because the queue is full'
[INFO] [1754687376.156189430] [ouster_scan_band]: Message Filter dropping message: frame 'os_lidar' at time 279443.028 for reason 'discarding message because the queue is full'
[INFO] [1754687376.256194913] [ouster_scan_band]: Message Filter dropping message: frame 'os_lidar' at time 279443.128 for reason 'discarding message because the queue is full'
[INFO] [1754687376.455935152] [ouster_scan_band]: Message Filter dropping message: frame 'os_lidar' at time 279443.228 for reason 'discarding message because the queue is full'
[INFO] [1754687376.756023131] [ouster_scan_band]: Message Filter dropping message: frame 'os_lidar' at time 279443.328 for reason 'discarding message because the queue is full'
[INFO] [1754687376.884006290] [rclcpp]: signal_handler(signum=2)
