[INFO] [1755029745.847103955] [a200_0000.controller_manager]: Using Steady (Monotonic) clock for triggering controller manager cycles.
[INFO] [1755029745.852599359] [a200_0000.controller_manager]: Subscribing to '/a200_0000/robot_description' topic for robot description.
[INFO] [1755029745.905143503] [a200_0000.controller_manager]: update rate is 20 Hz
[INFO] [1755029745.905177711] [a200_0000.controller_manager]: Spawning controller_manager RT thread with scheduler priority: 50
[WARN] [1755029745.905232098] [a200_0000.controller_manager]: Could not enable FIFO RT scheduling policy: with error number <1>(Operation not permitted). See [https://control.ros.org/master/doc/ros2_control/controller_manager/doc/userdoc.html] for details on how to enable realtime scheduling.
[INFO] [1755029745.905788866] [a200_0000.controller_manager]: Received robot description from topic.
[INFO] [1755029745.908280612] [a200_0000.controller_manager]: Loading hardware 'a200_hardware' 
[INFO] [1755029745.909111725] [a200_0000.controller_manager]: Loaded hardware 'a200_hardware' from plugin 'clearpath_hardware_interfaces/A200Hardware'
[INFO] [1755029745.909148582] [a200_0000.controller_manager]: Initialize hardware 'a200_hardware' 
[INFO] [1755029745.909187950] [A200Hardware]: Name: a200_hardware
[INFO] [1755029745.909191320] [A200Hardware]: Number of Joints 4
[INFO] [1755029745.918023722] [A200Hardware]: Port: /dev/clearpath/prolific
[INFO] [1755029745.974257703] [a200_0000.controller_manager]: Successful initialization of hardware 'a200_hardware'
[INFO] [1755029745.974382126] [resource_manager]: 'configure' hardware 'a200_hardware' 
[INFO] [1755029745.974385716] [resource_manager]: Successful 'configure' of hardware 'a200_hardware'
[INFO] [1755029745.974389056] [resource_manager]: 'activate' hardware 'a200_hardware' 
[INFO] [1755029745.974392526] [A200Hardware]: Starting ...please wait...
[INFO] [1755029745.974394615] [A200Hardware]: System Successfully started!
[INFO] [1755029745.974396945] [resource_manager]: Successful 'activate' of hardware 'a200_hardware'
[INFO] [1755029745.974435963] [a200_0000.controller_manager]: Resource Manager has been successfully initialized. Starting Controller Manager services...
[WARN] [1755029746.617866271] [a200_0000.controller_manager]: Overrun detected! The controller manager missed its desired rate of 20 Hz. The loop took 62.519989 ms (missed cycles : 2).
[INFO] [1755029747.082529172] [a200_0000.controller_manager]: Loading controller : 'platform_velocity_controller' of type 'diff_drive_controller/DiffDriveController'
[INFO] [1755029747.082564590] [a200_0000.controller_manager]: Loading controller 'platform_velocity_controller'
[WARN] [1755029747.085168261] [a200_0000.controller_manager]: The use of remapping arguments to the controller_manager node is deprecated. Please use the '--controller-ros-args' argument of the spawner to pass remapping arguments to the controller node.
[INFO] [1755029747.085204559] [a200_0000.controller_manager]: Controller 'platform_velocity_controller' node arguments: --ros-args --params-file /etc/clearpath/platform/config/control.yaml -r joint_states:=platform/joint_states -r dynamic_joint_states:=platform/dynamic_joint_states -r platform_velocity_controller/odom:=platform/odom -r platform_velocity_controller/odometry:=platform/odom -r platform_velocity_controller/cmd_vel:=platform/cmd_vel -r platform_velocity_controller/cmd_vel_out:=platform/cmd_vel_out -r platform_velocity_controller/reference:=platform/cmd_vel -r platform_velocity_controller/transition_event:=platform/transition_event -r /diagnostics:=diagnostics -r /tf:=tf -r /tf_static:=tf_static 
[INFO] [1755029747.141364843] [a200_0000.controller_manager]: Configuring controller: 'platform_velocity_controller'
[INFO] [1755029747.185185334] [a200_0000.controller_manager]: Activating controllers: [ platform_velocity_controller ]
[INFO] [1755029747.252258693] [a200_0000.controller_manager]: Successfully switched controllers!
[WARN] [1755029747.915662725] [a200_0000.controller_manager]: Overrun detected! The controller manager missed its desired rate of 20 Hz. The loop took 60.316453 ms (missed cycles : 2).
[INFO] [1755029748.438169434] [a200_0000.controller_manager]: Loading controller : 'joint_state_broadcaster' of type 'joint_state_broadcaster/JointStateBroadcaster'
[INFO] [1755029748.438196533] [a200_0000.controller_manager]: Loading controller 'joint_state_broadcaster'
[WARN] [1755029748.440349660] [a200_0000.controller_manager]: The use of remapping arguments to the controller_manager node is deprecated. Please use the '--controller-ros-args' argument of the spawner to pass remapping arguments to the controller node.
[INFO] [1755029748.440363969] [a200_0000.controller_manager]: Controller 'joint_state_broadcaster' node arguments: --ros-args --params-file /etc/clearpath/platform/config/control.yaml -r joint_states:=platform/joint_states -r dynamic_joint_states:=platform/dynamic_joint_states -r platform_velocity_controller/odom:=platform/odom -r platform_velocity_controller/odometry:=platform/odom -r platform_velocity_controller/cmd_vel:=platform/cmd_vel -r platform_velocity_controller/cmd_vel_out:=platform/cmd_vel_out -r platform_velocity_controller/reference:=platform/cmd_vel -r platform_velocity_controller/transition_event:=platform/transition_event -r /diagnostics:=diagnostics -r /tf:=tf -r /tf_static:=tf_static 
[INFO] [1755029748.495300652] [a200_0000.controller_manager]: Configuring controller: 'joint_state_broadcaster'
[INFO] [1755029748.495349959] [a200_0000.joint_state_broadcaster]: 'joints' or 'interfaces' parameter is empty. All available state interfaces will be published
[INFO] [1755029748.551522281] [a200_0000.controller_manager]: Activating controllers: [ joint_state_broadcaster ]
[INFO] [1755029748.636076623] [a200_0000.controller_manager]: Successfully switched controllers!
[WARN] [1755029749.224252282] [a200_0000.controller_manager]: Overrun detected! The controller manager missed its desired rate of 20 Hz. The loop took 68.905110 ms (missed cycles : 2).
[WARN] [1755029750.523119824] [a200_0000.controller_manager]: Overrun detected! The controller manager missed its desired rate of 20 Hz. The loop took 67.773592 ms (missed cycles : 2).
[WARN] [1755029751.821111180] [a200_0000.controller_manager]: Overrun detected! The controller manager missed its desired rate of 20 Hz. The loop took 65.764538 ms (missed cycles : 2).
[WARN] [1755029753.117739886] [a200_0000.controller_manager]: Overrun detected! The controller manager missed its desired rate of 20 Hz. The loop took 62.393634 ms (missed cycles : 2).
[WARN] [1755029754.416715331] [a200_0000.controller_manager]: Overrun detected! The controller manager missed its desired rate of 20 Hz. The loop took 61.368929 ms (missed cycles : 2).
[WARN] [1755029755.725227673] [a200_0000.controller_manager]: Overrun detected! The controller manager missed its desired rate of 20 Hz. The loop took 69.880491 ms (missed cycles : 2).
[WARN] [1755029757.023083910] [a200_0000.controller_manager]: Overrun detected! The controller manager missed its desired rate of 20 Hz. The loop took 67.737748 ms (missed cycles : 2).
[WARN] [1755029758.321003437] [a200_0000.controller_manager]: Overrun detected! The controller manager missed its desired rate of 20 Hz. The loop took 65.657135 ms (missed cycles : 2).
[WARN] [1755029759.618819120] [a200_0000.controller_manager]: Overrun detected! The controller manager missed its desired rate of 20 Hz. The loop took 63.472968 ms (missed cycles : 2).
[WARN] [1755029760.916733428] [a200_0000.controller_manager]: Overrun detected! The controller manager missed its desired rate of 20 Hz. The loop took 61.386986 ms (missed cycles : 2).
[WARN] [1755029762.214655637] [a200_0000.controller_manager]: Overrun detected! The controller manager missed its desired rate of 20 Hz. The loop took 59.309315 ms (missed cycles : 2).
[WARN] [1755029763.524165904] [a200_0000.controller_manager]: Overrun detected! The controller manager missed its desired rate of 20 Hz. The loop took 68.819522 ms (missed cycles : 2).
[WARN] [1755029764.822000389] [a200_0000.controller_manager]: Overrun detected! The controller manager missed its desired rate of 20 Hz. The loop took 66.654027 ms (missed cycles : 2).
[WARN] [1755029766.119886647] [a200_0000.controller_manager]: Overrun detected! The controller manager missed its desired rate of 20 Hz. The loop took 64.540335 ms (missed cycles : 2).
[WARN] [1755029767.417760461] [a200_0000.controller_manager]: Overrun detected! The controller manager missed its desired rate of 20 Hz. The loop took 62.414359 ms (missed cycles : 2).
[WARN] [1755029768.715647439] [a200_0000.controller_manager]: Overrun detected! The controller manager missed its desired rate of 20 Hz. The loop took 60.301347 ms (missed cycles : 2).
[WARN] [1755029770.025107493] [a200_0000.controller_manager]: Overrun detected! The controller manager missed its desired rate of 20 Hz. The loop took 69.761401 ms (missed cycles : 2).
[WARN] [1755029771.322057959] [a200_0000.controller_manager]: Overrun detected! The controller manager missed its desired rate of 20 Hz. The loop took 66.711677 ms (missed cycles : 2).
[WARN] [1755029772.620942405] [a200_0000.controller_manager]: Overrun detected! The controller manager missed its desired rate of 20 Hz. The loop took 65.595853 ms (missed cycles : 2).
[WARN] [1755029773.918965911] [a200_0000.controller_manager]: Overrun detected! The controller manager missed its desired rate of 20 Hz. The loop took 63.617509 ms (missed cycles : 2).
[WARN] [1755029775.216887668] [a200_0000.controller_manager]: Overrun detected! The controller manager missed its desired rate of 20 Hz. The loop took 61.540506 ms (missed cycles : 2).
[WARN] [1755029776.513797792] [a200_0000.controller_manager]: Overrun detected! The controller manager missed its desired rate of 20 Hz. The loop took 58.451400 ms (missed cycles : 2).
[WARN] [1755029777.823060619] [a200_0000.controller_manager]: Overrun detected! The controller manager missed its desired rate of 20 Hz. The loop took 67.713627 ms (missed cycles : 2).
[WARN] [1755029779.121005071] [a200_0000.controller_manager]: Overrun detected! The controller manager missed its desired rate of 20 Hz. The loop took 65.658419 ms (missed cycles : 2).
[WARN] [1755029780.419056895] [a200_0000.controller_manager]: Overrun detected! The controller manager missed its desired rate of 20 Hz. The loop took 63.710643 ms (missed cycles : 2).
[WARN] [1755029781.716853952] [a200_0000.controller_manager]: Overrun detected! The controller manager missed its desired rate of 20 Hz. The loop took 61.507660 ms (missed cycles : 2).
[WARN] [1755029783.014775314] [a200_0000.controller_manager]: Overrun detected! The controller manager missed its desired rate of 20 Hz. The loop took 59.428182 ms (missed cycles : 2).
[WARN] [1755029784.324166885] [a200_0000.controller_manager]: Overrun detected! The controller manager missed its desired rate of 20 Hz. The loop took 68.820563 ms (missed cycles : 2).
[WARN] [1755029785.622057099] [a200_0000.controller_manager]: Overrun detected! The controller manager missed its desired rate of 20 Hz. The loop took 66.710638 ms (missed cycles : 2).
[WARN] [1755029786.919924032] [a200_0000.controller_manager]: Overrun detected! The controller manager missed its desired rate of 20 Hz. The loop took 64.577610 ms (missed cycles : 2).
[WARN] [1755029788.217785404] [a200_0000.controller_manager]: Overrun detected! The controller manager missed its desired rate of 20 Hz. The loop took 62.438782 ms (missed cycles : 2).
[WARN] [1755029789.515769077] [a200_0000.controller_manager]: Overrun detected! The controller manager missed its desired rate of 20 Hz. The loop took 60.422195 ms (missed cycles : 2).
[WARN] [1755029790.825166998] [a200_0000.controller_manager]: Overrun detected! The controller manager missed its desired rate of 20 Hz. The loop took 69.820666 ms (missed cycles : 2).
[WARN] [1755029792.123169421] [a200_0000.controller_manager]: Overrun detected! The controller manager missed its desired rate of 20 Hz. The loop took 67.823249 ms (missed cycles : 2).
[WARN] [1755029793.421003702] [a200_0000.controller_manager]: Overrun detected! The controller manager missed its desired rate of 20 Hz. The loop took 65.657040 ms (missed cycles : 2).
[WARN] [1755029794.718906183] [a200_0000.controller_manager]: Overrun detected! The controller manager missed its desired rate of 20 Hz. The loop took 63.559641 ms (missed cycles : 2).
[WARN] [1755029796.017139294] [a200_0000.controller_manager]: Overrun detected! The controller manager missed its desired rate of 20 Hz. The loop took 61.790432 ms (missed cycles : 2).
[WARN] [1755029797.314747239] [a200_0000.controller_manager]: Overrun detected! The controller manager missed its desired rate of 20 Hz. The loop took 59.400497 ms (missed cycles : 2).
[WARN] [1755029798.623166221] [a200_0000.controller_manager]: Overrun detected! The controller manager missed its desired rate of 20 Hz. The loop took 67.819939 ms (missed cycles : 2).
[WARN] [1755029799.922005320] [a200_0000.controller_manager]: Overrun detected! The controller manager missed its desired rate of 20 Hz. The loop took 66.658758 ms (missed cycles : 2).
[WARN] [1755029801.219940607] [a200_0000.controller_manager]: Overrun detected! The controller manager missed its desired rate of 20 Hz. The loop took 64.594215 ms (missed cycles : 2).
[WARN] [1755029802.517835736] [a200_0000.controller_manager]: Overrun detected! The controller manager missed its desired rate of 20 Hz. The loop took 62.489214 ms (missed cycles : 2).
[WARN] [1755029803.815687797] [a200_0000.controller_manager]: Overrun detected! The controller manager missed its desired rate of 20 Hz. The loop took 60.341475 ms (missed cycles : 2).
[WARN] [1755029805.124167778] [a200_0000.controller_manager]: Overrun detected! The controller manager missed its desired rate of 20 Hz. The loop took 68.821377 ms (missed cycles : 2).
[WARN] [1755029806.422109957] [a200_0000.controller_manager]: Overrun detected! The controller manager missed its desired rate of 20 Hz. The loop took 66.763835 ms (missed cycles : 2).
[WARN] [1755029807.719942799] [a200_0000.controller_manager]: Overrun detected! The controller manager missed its desired rate of 20 Hz. The loop took 64.595397 ms (missed cycles : 2).
[WARN] [1755029809.017835278] [a200_0000.controller_manager]: Overrun detected! The controller manager missed its desired rate of 20 Hz. The loop took 62.488806 ms (missed cycles : 2).
[WARN] [1755029810.316829801] [a200_0000.controller_manager]: Overrun detected! The controller manager missed its desired rate of 20 Hz. The loop took 61.483729 ms (missed cycles : 2).
[WARN] [1755029811.625107197] [a200_0000.controller_manager]: Overrun detected! The controller manager missed its desired rate of 20 Hz. The loop took 69.760956 ms (missed cycles : 2).
[WARN] [1755029812.923220055] [a200_0000.controller_manager]: Overrun detected! The controller manager missed its desired rate of 20 Hz. The loop took 67.873514 ms (missed cycles : 2).
[WARN] [1755029814.221222215] [a200_0000.controller_manager]: Overrun detected! The controller manager missed its desired rate of 20 Hz. The loop took 65.875583 ms (missed cycles : 2).
[WARN] [1755029815.518818139] [a200_0000.controller_manager]: Overrun detected! The controller manager missed its desired rate of 20 Hz. The loop took 63.471467 ms (missed cycles : 2).
[WARN] [1755029816.816831867] [a200_0000.controller_manager]: Overrun detected! The controller manager missed its desired rate of 20 Hz. The loop took 61.485295 ms (missed cycles : 2).
[WARN] [1755029818.114536269] [a200_0000.controller_manager]: Overrun detected! The controller manager missed its desired rate of 20 Hz. The loop took 59.190237 ms (missed cycles : 2).
[WARN] [1755029819.424110797] [a200_0000.controller_manager]: Overrun detected! The controller manager missed its desired rate of 20 Hz. The loop took 68.764405 ms (missed cycles : 2).
[WARN] [1755029820.722061319] [a200_0000.controller_manager]: Overrun detected! The controller manager missed its desired rate of 20 Hz. The loop took 66.714577 ms (missed cycles : 2).
[WARN] [1755029822.019999946] [a200_0000.controller_manager]: Overrun detected! The controller manager missed its desired rate of 20 Hz. The loop took 64.653634 ms (missed cycles : 2).
[WARN] [1755029823.317942203] [a200_0000.controller_manager]: Overrun detected! The controller manager missed its desired rate of 20 Hz. The loop took 62.595841 ms (missed cycles : 2).
[WARN] [1755029824.615720118] [a200_0000.controller_manager]: Overrun detected! The controller manager missed its desired rate of 20 Hz. The loop took 60.373336 ms (missed cycles : 2).
[WARN] [1755029825.924159761] [a200_0000.controller_manager]: Overrun detected! The controller manager missed its desired rate of 20 Hz. The loop took 68.813499 ms (missed cycles : 2).
[WARN] [1755029827.223062426] [a200_0000.controller_manager]: Overrun detected! The controller manager missed its desired rate of 20 Hz. The loop took 67.715814 ms (missed cycles : 2).
[WARN] [1755029828.519920262] [a200_0000.controller_manager]: Overrun detected! The controller manager missed its desired rate of 20 Hz. The loop took 64.574210 ms (missed cycles : 2).
[WARN] [1755029829.818944969] [a200_0000.controller_manager]: Overrun detected! The controller manager missed its desired rate of 20 Hz. The loop took 63.598477 ms (missed cycles : 2).
[WARN] [1755029831.116931706] [a200_0000.controller_manager]: Overrun detected! The controller manager missed its desired rate of 20 Hz. The loop took 61.585154 ms (missed cycles : 2).
[WARN] [1755029832.414661476] [a200_0000.controller_manager]: Overrun detected! The controller manager missed its desired rate of 20 Hz. The loop took 59.314484 ms (missed cycles : 2).
[WARN] [1755029833.722996431] [a200_0000.controller_manager]: Overrun detected! The controller manager missed its desired rate of 20 Hz. The loop took 67.650729 ms (missed cycles : 2).
[WARN] [1755029835.020944138] [a200_0000.controller_manager]: Overrun detected! The controller manager missed its desired rate of 20 Hz. The loop took 65.597636 ms (missed cycles : 2).
[WARN] [1755029836.318825552] [a200_0000.controller_manager]: Overrun detected! The controller manager missed its desired rate of 20 Hz. The loop took 63.479270 ms (missed cycles : 2).
[WARN] [1755029837.616852364] [a200_0000.controller_manager]: Overrun detected! The controller manager missed its desired rate of 20 Hz. The loop took 61.505482 ms (missed cycles : 2).
[WARN] [1755029838.914803493] [a200_0000.controller_manager]: Overrun detected! The controller manager missed its desired rate of 20 Hz. The loop took 59.456961 ms (missed cycles : 2).
[WARN] [1755029840.224396547] [a200_0000.controller_manager]: Overrun detected! The controller manager missed its desired rate of 20 Hz. The loop took 69.049795 ms (missed cycles : 2).
[WARN] [1755029841.522053338] [a200_0000.controller_manager]: Overrun detected! The controller manager missed its desired rate of 20 Hz. The loop took 66.707226 ms (missed cycles : 2).
[WARN] [1755029842.819945122] [a200_0000.controller_manager]: Overrun detected! The controller manager missed its desired rate of 20 Hz. The loop took 64.598520 ms (missed cycles : 2).
[WARN] [1755029844.118117971] [a200_0000.controller_manager]: Overrun detected! The controller manager missed its desired rate of 20 Hz. The loop took 62.771549 ms (missed cycles : 2).
[WARN] [1755029845.415810066] [a200_0000.controller_manager]: Overrun detected! The controller manager missed its desired rate of 20 Hz. The loop took 60.463294 ms (missed cycles : 2).
[WARN] [1755029846.725165103] [a200_0000.controller_manager]: Overrun detected! The controller manager missed its desired rate of 20 Hz. The loop took 69.818801 ms (missed cycles : 2).
[WARN] [1755029848.022414883] [a200_0000.controller_manager]: Overrun detected! The controller manager missed its desired rate of 20 Hz. The loop took 67.067121 ms (missed cycles : 2).
[WARN] [1755029849.320941356] [a200_0000.controller_manager]: Overrun detected! The controller manager missed its desired rate of 20 Hz. The loop took 65.595014 ms (missed cycles : 2).
[WARN] [1755029850.618808546] [a200_0000.controller_manager]: Overrun detected! The controller manager missed its desired rate of 20 Hz. The loop took 63.462204 ms (missed cycles : 2).
[WARN] [1755029851.916853877] [a200_0000.controller_manager]: Overrun detected! The controller manager missed its desired rate of 20 Hz. The loop took 61.507285 ms (missed cycles : 2).
[WARN] [1755029853.214595868] [a200_0000.controller_manager]: Overrun detected! The controller manager missed its desired rate of 20 Hz. The loop took 59.249256 ms (missed cycles : 2).
[WARN] [1755029854.524134704] [a200_0000.controller_manager]: Overrun detected! The controller manager missed its desired rate of 20 Hz. The loop took 68.788142 ms (missed cycles : 2).
[WARN] [1755029855.822054535] [a200_0000.controller_manager]: Overrun detected! The controller manager missed its desired rate of 20 Hz. The loop took 66.708303 ms (missed cycles : 2).
[WARN] [1755029857.119943249] [a200_0000.controller_manager]: Overrun detected! The controller manager missed its desired rate of 20 Hz. The loop took 64.596797 ms (missed cycles : 2).
[WARN] [1755029858.417919940] [a200_0000.controller_manager]: Overrun detected! The controller manager missed its desired rate of 20 Hz. The loop took 62.573708 ms (missed cycles : 2).
[WARN] [1755029859.715750052] [a200_0000.controller_manager]: Overrun detected! The controller manager missed its desired rate of 20 Hz. The loop took 60.403010 ms (missed cycles : 2).
[WARN] [1755029861.025229924] [a200_0000.controller_manager]: Overrun detected! The controller manager missed its desired rate of 20 Hz. The loop took 69.882542 ms (missed cycles : 2).
[WARN] [1755029862.323114794] [a200_0000.controller_manager]: Overrun detected! The controller manager missed its desired rate of 20 Hz. The loop took 67.768242 ms (missed cycles : 2).
[WARN] [1755029863.620941691] [a200_0000.controller_manager]: Overrun detected! The controller manager missed its desired rate of 20 Hz. The loop took 65.595219 ms (missed cycles : 2).
[WARN] [1755029864.917887786] [a200_0000.controller_manager]: Overrun detected! The controller manager missed its desired rate of 20 Hz. The loop took 62.541364 ms (missed cycles : 2).
[WARN] [1755029866.215898459] [a200_0000.controller_manager]: Overrun detected! The controller manager missed its desired rate of 20 Hz. The loop took 60.551587 ms (missed cycles : 2).
[WARN] [1755029867.514711953] [a200_0000.controller_manager]: Overrun detected! The controller manager missed its desired rate of 20 Hz. The loop took 59.365921 ms (missed cycles : 2).
[WARN] [1755029868.824168324] [a200_0000.controller_manager]: Overrun detected! The controller manager missed its desired rate of 20 Hz. The loop took 68.822082 ms (missed cycles : 2).
[WARN] [1755029870.121008978] [a200_0000.controller_manager]: Overrun detected! The controller manager missed its desired rate of 20 Hz. The loop took 65.661876 ms (missed cycles : 2).
[WARN] [1755029871.418757658] [a200_0000.controller_manager]: Overrun detected! The controller manager missed its desired rate of 20 Hz. The loop took 63.411736 ms (missed cycles : 2).
[WARN] [1755029872.716687102] [a200_0000.controller_manager]: Overrun detected! The controller manager missed its desired rate of 20 Hz. The loop took 61.340740 ms (missed cycles : 2).
[WARN] [1755029874.014776472] [a200_0000.controller_manager]: Overrun detected! The controller manager missed its desired rate of 20 Hz. The loop took 59.430520 ms (missed cycles : 2).
[WARN] [1755029875.324230583] [a200_0000.controller_manager]: Overrun detected! The controller manager missed its desired rate of 20 Hz. The loop took 68.883401 ms (missed cycles : 2).
[WARN] [1755029876.622282020] [a200_0000.controller_manager]: Overrun detected! The controller manager missed its desired rate of 20 Hz. The loop took 66.934748 ms (missed cycles : 2).
[WARN] [1755029877.919999939] [a200_0000.controller_manager]: Overrun detected! The controller manager missed its desired rate of 20 Hz. The loop took 64.653337 ms (missed cycles : 2).
[WARN] [1755029879.217842788] [a200_0000.controller_manager]: Overrun detected! The controller manager missed its desired rate of 20 Hz. The loop took 62.496546 ms (missed cycles : 2).
[WARN] [1755029880.515897427] [a200_0000.controller_manager]: Overrun detected! The controller manager missed its desired rate of 20 Hz. The loop took 60.550695 ms (missed cycles : 2).
[WARN] [1755029881.825332335] [a200_0000.controller_manager]: Overrun detected! The controller manager missed its desired rate of 20 Hz. The loop took 69.985703 ms (missed cycles : 2).
[WARN] [1755029883.123117214] [a200_0000.controller_manager]: Overrun detected! The controller manager missed its desired rate of 20 Hz. The loop took 67.770823 ms (missed cycles : 2).
[WARN] [1755029884.421006027] [a200_0000.controller_manager]: Overrun detected! The controller manager missed its desired rate of 20 Hz. The loop took 65.659465 ms (missed cycles : 2).
[WARN] [1755029885.718903315] [a200_0000.controller_manager]: Overrun detected! The controller manager missed its desired rate of 20 Hz. The loop took 63.556814 ms (missed cycles : 2).
[WARN] [1755029887.016896667] [a200_0000.controller_manager]: Overrun detected! The controller manager missed its desired rate of 20 Hz. The loop took 61.549345 ms (missed cycles : 2).
[WARN] [1755029888.314700765] [a200_0000.controller_manager]: Overrun detected! The controller manager missed its desired rate of 20 Hz. The loop took 59.353623 ms (missed cycles : 2).
[WARN] [1755029889.624113432] [a200_0000.controller_manager]: Overrun detected! The controller manager missed its desired rate of 20 Hz. The loop took 68.766820 ms (missed cycles : 2).
[WARN] [1755029890.922178809] [a200_0000.controller_manager]: Overrun detected! The controller manager missed its desired rate of 20 Hz. The loop took 66.832037 ms (missed cycles : 2).
[WARN] [1755029892.219958666] [a200_0000.controller_manager]: Overrun detected! The controller manager missed its desired rate of 20 Hz. The loop took 64.611484 ms (missed cycles : 2).
[WARN] [1755029893.517743416] [a200_0000.controller_manager]: Overrun detected! The controller manager missed its desired rate of 20 Hz. The loop took 62.397144 ms (missed cycles : 2).
[WARN] [1755029894.815734559] [a200_0000.controller_manager]: Overrun detected! The controller manager missed its desired rate of 20 Hz. The loop took 60.386687 ms (missed cycles : 2).
[WARN] [1755029896.124118339] [a200_0000.controller_manager]: Overrun detected! The controller manager missed its desired rate of 20 Hz. The loop took 68.771827 ms (missed cycles : 2).
[WARN] [1755029897.422115121] [a200_0000.controller_manager]: Overrun detected! The controller manager missed its desired rate of 20 Hz. The loop took 66.768559 ms (missed cycles : 2).
[WARN] [1755029898.720005269] [a200_0000.controller_manager]: Overrun detected! The controller manager missed its desired rate of 20 Hz. The loop took 64.658747 ms (missed cycles : 2).
[WARN] [1755029900.018013925] [a200_0000.controller_manager]: Overrun detected! The controller manager missed its desired rate of 20 Hz. The loop took 62.666223 ms (missed cycles : 2).
[WARN] [1755029901.316812786] [a200_0000.controller_manager]: Overrun detected! The controller manager missed its desired rate of 20 Hz. The loop took 61.466164 ms (missed cycles : 2).
[WARN] [1755029902.614643362] [a200_0000.controller_manager]: Overrun detected! The controller manager missed its desired rate of 20 Hz. The loop took 59.297410 ms (missed cycles : 2).
[WARN] [1755029903.923014488] [a200_0000.controller_manager]: Overrun detected! The controller manager missed its desired rate of 20 Hz. The loop took 67.668647 ms (missed cycles : 2).
[WARN] [1755029905.220946034] [a200_0000.controller_manager]: Overrun detected! The controller manager missed its desired rate of 20 Hz. The loop took 65.599832 ms (missed cycles : 2).
[WARN] [1755029906.519873812] [a200_0000.controller_manager]: Overrun detected! The controller manager missed its desired rate of 20 Hz. The loop took 64.527920 ms (missed cycles : 2).
[WARN] [1755029907.816954442] [a200_0000.controller_manager]: Overrun detected! The controller manager missed its desired rate of 20 Hz. The loop took 61.605720 ms (missed cycles : 2).
[WARN] [1755029909.115759151] [a200_0000.controller_manager]: Overrun detected! The controller manager missed its desired rate of 20 Hz. The loop took 60.412360 ms (missed cycles : 2).
[WARN] [1755029910.424112196] [a200_0000.controller_manager]: Overrun detected! The controller manager missed its desired rate of 20 Hz. The loop took 68.765874 ms (missed cycles : 2).
[WARN] [1755029911.721998893] [a200_0000.controller_manager]: Overrun detected! The controller manager missed its desired rate of 20 Hz. The loop took 66.652751 ms (missed cycles : 2).
[WARN] [1755029913.020937961] [a200_0000.controller_manager]: Overrun detected! The controller manager missed its desired rate of 20 Hz. The loop took 65.591259 ms (missed cycles : 2).
[WARN] [1755029914.317946224] [a200_0000.controller_manager]: Overrun detected! The controller manager missed its desired rate of 20 Hz. The loop took 62.599402 ms (missed cycles : 2).
[WARN] [1755029915.616727639] [a200_0000.controller_manager]: Overrun detected! The controller manager missed its desired rate of 20 Hz. The loop took 61.381117 ms (missed cycles : 2).
[WARN] [1755029916.925236397] [a200_0000.controller_manager]: Overrun detected! The controller manager missed its desired rate of 20 Hz. The loop took 69.889105 ms (missed cycles : 2).
[WARN] [1755029918.223168186] [a200_0000.controller_manager]: Overrun detected! The controller manager missed its desired rate of 20 Hz. The loop took 67.821744 ms (missed cycles : 2).
[WARN] [1755029919.520943553] [a200_0000.controller_manager]: Overrun detected! The controller manager missed its desired rate of 20 Hz. The loop took 65.597111 ms (missed cycles : 2).
[WARN] [1755029920.818953204] [a200_0000.controller_manager]: Overrun detected! The controller manager missed its desired rate of 20 Hz. The loop took 63.606692 ms (missed cycles : 2).
[WARN] [1755029922.116879673] [a200_0000.controller_manager]: Overrun detected! The controller manager missed its desired rate of 20 Hz. The loop took 61.532911 ms (missed cycles : 2).
[WARN] [1755029923.415751663] [a200_0000.controller_manager]: Overrun detected! The controller manager missed its desired rate of 20 Hz. The loop took 60.405271 ms (missed cycles : 2).
[WARN] [1755029924.724410009] [a200_0000.controller_manager]: Overrun detected! The controller manager missed its desired rate of 20 Hz. The loop took 69.062307 ms (missed cycles : 2).
[WARN] [1755029926.022105923] [a200_0000.controller_manager]: Overrun detected! The controller manager missed its desired rate of 20 Hz. The loop took 66.757822 ms (missed cycles : 2).
[WARN] [1755029927.320015753] [a200_0000.controller_manager]: Overrun detected! The controller manager missed its desired rate of 20 Hz. The loop took 64.669151 ms (missed cycles : 2).
[WARN] [1755029928.617962221] [a200_0000.controller_manager]: Overrun detected! The controller manager missed its desired rate of 20 Hz. The loop took 62.614759 ms (missed cycles : 2).
[WARN] [1755029929.915953139] [a200_0000.controller_manager]: Overrun detected! The controller manager missed its desired rate of 20 Hz. The loop took 60.605747 ms (missed cycles : 2).
[WARN] [1755029931.225212171] [a200_0000.controller_manager]: Overrun detected! The controller manager missed its desired rate of 20 Hz. The loop took 69.865509 ms (missed cycles : 2).
[WARN] [1755029932.523054774] [a200_0000.controller_manager]: Overrun detected! The controller manager missed its desired rate of 20 Hz. The loop took 67.708382 ms (missed cycles : 2).
[WARN] [1755029933.821009663] [a200_0000.controller_manager]: Overrun detected! The controller manager missed its desired rate of 20 Hz. The loop took 65.662821 ms (missed cycles : 2).
[WARN] [1755029935.118833955] [a200_0000.controller_manager]: Overrun detected! The controller manager missed its desired rate of 20 Hz. The loop took 63.487903 ms (missed cycles : 2).
[WARN] [1755029936.416945696] [a200_0000.controller_manager]: Overrun detected! The controller manager missed its desired rate of 20 Hz. The loop took 61.599394 ms (missed cycles : 2).
[WARN] [1755029937.714532330] [a200_0000.controller_manager]: Overrun detected! The controller manager missed its desired rate of 20 Hz. The loop took 59.186238 ms (missed cycles : 2).
[WARN] [1755029939.024129072] [a200_0000.controller_manager]: Overrun detected! The controller manager missed its desired rate of 20 Hz. The loop took 68.783110 ms (missed cycles : 2).
[WARN] [1755029940.321941285] [a200_0000.controller_manager]: Overrun detected! The controller manager missed its desired rate of 20 Hz. The loop took 66.594783 ms (missed cycles : 2).
[WARN] [1755029941.619887760] [a200_0000.controller_manager]: Overrun detected! The controller manager missed its desired rate of 20 Hz. The loop took 64.541758 ms (missed cycles : 2).
[WARN] [1755029942.917768631] [a200_0000.controller_manager]: Overrun detected! The controller manager missed its desired rate of 20 Hz. The loop took 62.422299 ms (missed cycles : 2).
[WARN] [1755029944.215806175] [a200_0000.controller_manager]: Overrun detected! The controller manager missed its desired rate of 20 Hz. The loop took 60.459473 ms (missed cycles : 2).
[WARN] [1755029945.524108785] [a200_0000.controller_manager]: Overrun detected! The controller manager missed its desired rate of 20 Hz. The loop took 68.762473 ms (missed cycles : 2).
[WARN] [1755029946.822112058] [a200_0000.controller_manager]: Overrun detected! The controller manager missed its desired rate of 20 Hz. The loop took 66.765706 ms (missed cycles : 2).
[WARN] [1755029948.121054058] [a200_0000.controller_manager]: Overrun detected! The controller manager missed its desired rate of 20 Hz. The loop took 65.707546 ms (missed cycles : 2).
[WARN] [1755029949.418877486] [a200_0000.controller_manager]: Overrun detected! The controller manager missed its desired rate of 20 Hz. The loop took 63.531014 ms (missed cycles : 2).
[WARN] [1755029950.716705945] [a200_0000.controller_manager]: Overrun detected! The controller manager missed its desired rate of 20 Hz. The loop took 61.359693 ms (missed cycles : 2).
[WARN] [1755029952.014768250] [a200_0000.controller_manager]: Overrun detected! The controller manager missed its desired rate of 20 Hz. The loop took 59.421238 ms (missed cycles : 2).
[WARN] [1755029953.323068689] [a200_0000.controller_manager]: Overrun detected! The controller manager missed its desired rate of 20 Hz. The loop took 67.722267 ms (missed cycles : 2).
[WARN] [1755029954.620942574] [a200_0000.controller_manager]: Overrun detected! The controller manager missed its desired rate of 20 Hz. The loop took 65.596572 ms (missed cycles : 2).
[WARN] [1755029955.919832509] [a200_0000.controller_manager]: Overrun detected! The controller manager missed its desired rate of 20 Hz. The loop took 64.486397 ms (missed cycles : 2).
[WARN] [1755029957.217779285] [a200_0000.controller_manager]: Overrun detected! The controller manager missed its desired rate of 20 Hz. The loop took 62.432563 ms (missed cycles : 2).
[WARN] [1755029958.515763589] [a200_0000.controller_manager]: Overrun detected! The controller manager missed its desired rate of 20 Hz. The loop took 60.417177 ms (missed cycles : 2).
[WARN] [1755029959.824244473] [a200_0000.controller_manager]: Overrun detected! The controller manager missed its desired rate of 20 Hz. The loop took 68.898201 ms (missed cycles : 2).
[WARN] [1755029961.122122972] [a200_0000.controller_manager]: Overrun detected! The controller manager missed its desired rate of 20 Hz. The loop took 66.776170 ms (missed cycles : 2).
[WARN] [1755029962.420057636] [a200_0000.controller_manager]: Overrun detected! The controller manager missed its desired rate of 20 Hz. The loop took 64.710704 ms (missed cycles : 2).
[WARN] [1755029963.718891113] [a200_0000.controller_manager]: Overrun detected! The controller manager missed its desired rate of 20 Hz. The loop took 63.544731 ms (missed cycles : 2).
[WARN] [1755029965.016783855] [a200_0000.controller_manager]: Overrun detected! The controller manager missed its desired rate of 20 Hz. The loop took 61.437353 ms (missed cycles : 2).
[WARN] [1755029966.314759003] [a200_0000.controller_manager]: Overrun detected! The controller manager missed its desired rate of 20 Hz. The loop took 59.412111 ms (missed cycles : 2).
[WARN] [1755029967.623371962] [a200_0000.controller_manager]: Overrun detected! The controller manager missed its desired rate of 20 Hz. The loop took 68.024280 ms (missed cycles : 2).
[WARN] [1755029968.921059071] [a200_0000.controller_manager]: Overrun detected! The controller manager missed its desired rate of 20 Hz. The loop took 65.712489 ms (missed cycles : 2).
[WARN] [1755029970.219939635] [a200_0000.controller_manager]: Overrun detected! The controller manager missed its desired rate of 20 Hz. The loop took 64.593373 ms (missed cycles : 2).
[WARN] [1755029971.517859551] [a200_0000.controller_manager]: Overrun detected! The controller manager missed its desired rate of 20 Hz. The loop took 62.511749 ms (missed cycles : 2).
[WARN] [1755029972.815646234] [a200_0000.controller_manager]: Overrun detected! The controller manager missed its desired rate of 20 Hz. The loop took 60.300192 ms (missed cycles : 2).
[WARN] [1755029974.124112376] [a200_0000.controller_manager]: Overrun detected! The controller manager missed its desired rate of 20 Hz. The loop took 68.766144 ms (missed cycles : 2).
[WARN] [1755029975.422163833] [a200_0000.controller_manager]: Overrun detected! The controller manager missed its desired rate of 20 Hz. The loop took 66.817731 ms (missed cycles : 2).
[WARN] [1755029976.720060938] [a200_0000.controller_manager]: Overrun detected! The controller manager missed its desired rate of 20 Hz. The loop took 64.714586 ms (missed cycles : 2).
[WARN] [1755029978.017855261] [a200_0000.controller_manager]: Overrun detected! The controller manager missed its desired rate of 20 Hz. The loop took 62.508689 ms (missed cycles : 2).
[WARN] [1755029979.315744622] [a200_0000.controller_manager]: Overrun detected! The controller manager missed its desired rate of 20 Hz. The loop took 60.397720 ms (missed cycles : 2).
[WARN] [1755029980.625164611] [a200_0000.controller_manager]: Overrun detected! The controller manager missed its desired rate of 20 Hz. The loop took 69.818290 ms (missed cycles : 2).
[WARN] [1755029981.923225754] [a200_0000.controller_manager]: Overrun detected! The controller manager missed its desired rate of 20 Hz. The loop took 67.879172 ms (missed cycles : 2).
[WARN] [1755029983.220941351] [a200_0000.controller_manager]: Overrun detected! The controller manager missed its desired rate of 20 Hz. The loop took 65.595109 ms (missed cycles : 2).
[WARN] [1755029984.518928598] [a200_0000.controller_manager]: Overrun detected! The controller manager missed its desired rate of 20 Hz. The loop took 63.581446 ms (missed cycles : 2).
[WARN] [1755029985.816794350] [a200_0000.controller_manager]: Overrun detected! The controller manager missed its desired rate of 20 Hz. The loop took 61.448128 ms (missed cycles : 2).
[WARN] [1755029987.114542077] [a200_0000.controller_manager]: Overrun detected! The controller manager missed its desired rate of 20 Hz. The loop took 59.195895 ms (missed cycles : 2).
[WARN] [1755029988.424224347] [a200_0000.controller_manager]: Overrun detected! The controller manager missed its desired rate of 20 Hz. The loop took 68.877895 ms (missed cycles : 2).
[WARN] [1755029989.722129469] [a200_0000.controller_manager]: Overrun detected! The controller manager missed its desired rate of 20 Hz. The loop took 66.782397 ms (missed cycles : 2).
[WARN] [1755029991.019944634] [a200_0000.controller_manager]: Overrun detected! The controller manager missed its desired rate of 20 Hz. The loop took 64.598102 ms (missed cycles : 2).
[WARN] [1755029992.317910622] [a200_0000.controller_manager]: Overrun detected! The controller manager missed its desired rate of 20 Hz. The loop took 62.563420 ms (missed cycles : 2).
[WARN] [1755029993.615717192] [a200_0000.controller_manager]: Overrun detected! The controller manager missed its desired rate of 20 Hz. The loop took 60.370351 ms (missed cycles : 2).
[WARN] [1755029994.925219689] [a200_0000.controller_manager]: Overrun detected! The controller manager missed its desired rate of 20 Hz. The loop took 69.872947 ms (missed cycles : 2).
[WARN] [1755029996.223051367] [a200_0000.controller_manager]: Overrun detected! The controller manager missed its desired rate of 20 Hz. The loop took 67.705315 ms (missed cycles : 2).
[WARN] [1755029997.521062286] [a200_0000.controller_manager]: Overrun detected! The controller manager missed its desired rate of 20 Hz. The loop took 65.715694 ms (missed cycles : 2).
[WARN] [1755029998.818896676] [a200_0000.controller_manager]: Overrun detected! The controller manager missed its desired rate of 20 Hz. The loop took 63.549944 ms (missed cycles : 2).
[WARN] [1755030000.116865731] [a200_0000.controller_manager]: Overrun detected! The controller manager missed its desired rate of 20 Hz. The loop took 61.519259 ms (missed cycles : 2).
[WARN] [1755030001.414750481] [a200_0000.controller_manager]: Overrun detected! The controller manager missed its desired rate of 20 Hz. The loop took 59.403859 ms (missed cycles : 2).
[WARN] [1755030002.723257370] [a200_0000.controller_manager]: Overrun detected! The controller manager missed its desired rate of 20 Hz. The loop took 67.910828 ms (missed cycles : 2).
[WARN] [1755030004.021941805] [a200_0000.controller_manager]: Overrun detected! The controller manager missed its desired rate of 20 Hz. The loop took 66.595553 ms (missed cycles : 2).
[WARN] [1755030005.320009746] [a200_0000.controller_manager]: Overrun detected! The controller manager missed its desired rate of 20 Hz. The loop took 64.662174 ms (missed cycles : 2).
[WARN] [1755030006.617853528] [a200_0000.controller_manager]: Overrun detected! The controller manager missed its desired rate of 20 Hz. The loop took 62.507006 ms (missed cycles : 2).
[WARN] [1755030007.915678134] [a200_0000.controller_manager]: Overrun detected! The controller manager missed its desired rate of 20 Hz. The loop took 60.331962 ms (missed cycles : 2).
[WARN] [1755030009.225165819] [a200_0000.controller_manager]: Overrun detected! The controller manager missed its desired rate of 20 Hz. The loop took 69.819247 ms (missed cycles : 2).
[WARN] [1755030010.523066430] [a200_0000.controller_manager]: Overrun detected! The controller manager missed its desired rate of 20 Hz. The loop took 67.719778 ms (missed cycles : 2).
[WARN] [1755030011.820941765] [a200_0000.controller_manager]: Overrun detected! The controller manager missed its desired rate of 20 Hz. The loop took 65.595343 ms (missed cycles : 2).
[WARN] [1755030013.118913820] [a200_0000.controller_manager]: Overrun detected! The controller manager missed its desired rate of 20 Hz. The loop took 63.567358 ms (missed cycles : 2).
[WARN] [1755030014.416912855] [a200_0000.controller_manager]: Overrun detected! The controller manager missed its desired rate of 20 Hz. The loop took 61.566533 ms (missed cycles : 2).
[WARN] [1755030015.714665217] [a200_0000.controller_manager]: Overrun detected! The controller manager missed its desired rate of 20 Hz. The loop took 59.317825 ms (missed cycles : 2).
[WARN] [1755030017.024114204] [a200_0000.controller_manager]: Overrun detected! The controller manager missed its desired rate of 20 Hz. The loop took 68.767362 ms (missed cycles : 2).
[WARN] [1755030018.322108972] [a200_0000.controller_manager]: Overrun detected! The controller manager missed its desired rate of 20 Hz. The loop took 66.762280 ms (missed cycles : 2).
[WARN] [1755030019.620003843] [a200_0000.controller_manager]: Overrun detected! The controller manager missed its desired rate of 20 Hz. The loop took 64.657301 ms (missed cycles : 2).
[WARN] [1755030020.917792916] [a200_0000.controller_manager]: Overrun detected! The controller manager missed its desired rate of 20 Hz. The loop took 62.446744 ms (missed cycles : 2).
[WARN] [1755030022.215766125] [a200_0000.controller_manager]: Overrun detected! The controller manager missed its desired rate of 20 Hz. The loop took 60.419483 ms (missed cycles : 2).
[WARN] [1755030023.524224589] [a200_0000.controller_manager]: Overrun detected! The controller manager missed its desired rate of 20 Hz. The loop took 68.877377 ms (missed cycles : 2).
[WARN] [1755030024.823171233] [a200_0000.controller_manager]: Overrun detected! The controller manager missed its desired rate of 20 Hz. The loop took 67.824831 ms (missed cycles : 2).
[WARN] [1755030026.121219777] [a200_0000.controller_manager]: Overrun detected! The controller manager missed its desired rate of 20 Hz. The loop took 65.873635 ms (missed cycles : 2).
[WARN] [1755030027.418941254] [a200_0000.controller_manager]: Overrun detected! The controller manager missed its desired rate of 20 Hz. The loop took 63.594842 ms (missed cycles : 2).
[WARN] [1755030028.716821805] [a200_0000.controller_manager]: Overrun detected! The controller manager missed its desired rate of 20 Hz. The loop took 61.475373 ms (missed cycles : 2).
[WARN] [1755030030.014825792] [a200_0000.controller_manager]: Overrun detected! The controller manager missed its desired rate of 20 Hz. The loop took 59.479000 ms (missed cycles : 2).
[WARN] [1755030031.324171989] [a200_0000.controller_manager]: Overrun detected! The controller manager missed its desired rate of 20 Hz. The loop took 68.825357 ms (missed cycles : 2).
[WARN] [1755030032.622053870] [a200_0000.controller_manager]: Overrun detected! The controller manager missed its desired rate of 20 Hz. The loop took 66.707708 ms (missed cycles : 2).
[WARN] [1755030033.919942997] [a200_0000.controller_manager]: Overrun detected! The controller manager missed its desired rate of 20 Hz. The loop took 64.596215 ms (missed cycles : 2).
[WARN] [1755030035.218084124] [a200_0000.controller_manager]: Overrun detected! The controller manager missed its desired rate of 20 Hz. The loop took 62.736343 ms (missed cycles : 2).
[WARN] [1755030036.515791274] [a200_0000.controller_manager]: Overrun detected! The controller manager missed its desired rate of 20 Hz. The loop took 60.444642 ms (missed cycles : 2).
[WARN] [1755030037.824105318] [a200_0000.controller_manager]: Overrun detected! The controller manager missed its desired rate of 20 Hz. The loop took 68.758976 ms (missed cycles : 2).
[WARN] [1755030039.123052364] [a200_0000.controller_manager]: Overrun detected! The controller manager missed its desired rate of 20 Hz. The loop took 67.706602 ms (missed cycles : 2).
[WARN] [1755030040.419917315] [a200_0000.controller_manager]: Overrun detected! The controller manager missed its desired rate of 20 Hz. The loop took 64.571283 ms (missed cycles : 2).
[WARN] [1755030041.718904264] [a200_0000.controller_manager]: Overrun detected! The controller manager missed its desired rate of 20 Hz. The loop took 63.558012 ms (missed cycles : 2).
[WARN] [1755030043.016750904] [a200_0000.controller_manager]: Overrun detected! The controller manager missed its desired rate of 20 Hz. The loop took 61.404672 ms (missed cycles : 2).
[WARN] [1755030044.314784828] [a200_0000.controller_manager]: Overrun detected! The controller manager missed its desired rate of 20 Hz. The loop took 59.438356 ms (missed cycles : 2).
[WARN] [1755030045.623070219] [a200_0000.controller_manager]: Overrun detected! The controller manager missed its desired rate of 20 Hz. The loop took 67.723777 ms (missed cycles : 2).
[WARN] [1755030046.921001792] [a200_0000.controller_manager]: Overrun detected! The controller manager missed its desired rate of 20 Hz. The loop took 65.655280 ms (missed cycles : 2).
[WARN] [1755030048.218952857] [a200_0000.controller_manager]: Overrun detected! The controller manager missed its desired rate of 20 Hz. The loop took 63.606465 ms (missed cycles : 2).
[WARN] [1755030049.517737883] [a200_0000.controller_manager]: Overrun detected! The controller manager missed its desired rate of 20 Hz. The loop took 62.391551 ms (missed cycles : 2).
[WARN] [1755030050.815645780] [a200_0000.controller_manager]: Overrun detected! The controller manager missed its desired rate of 20 Hz. The loop took 60.299708 ms (missed cycles : 2).
[WARN] [1755030052.124172169] [a200_0000.controller_manager]: Overrun detected! The controller manager missed its desired rate of 20 Hz. The loop took 68.825417 ms (missed cycles : 2).
[WARN] [1755030053.422007177] [a200_0000.controller_manager]: Overrun detected! The controller manager missed its desired rate of 20 Hz. The loop took 66.660865 ms (missed cycles : 2).
[WARN] [1755030054.720944342] [a200_0000.controller_manager]: Overrun detected! The controller manager missed its desired rate of 20 Hz. The loop took 65.597660 ms (missed cycles : 2).
[WARN] [1755030056.017765553] [a200_0000.controller_manager]: Overrun detected! The controller manager missed its desired rate of 20 Hz. The loop took 62.419261 ms (missed cycles : 2).
[WARN] [1755030057.316759913] [a200_0000.controller_manager]: Overrun detected! The controller manager missed its desired rate of 20 Hz. The loop took 61.413281 ms (missed cycles : 2).
[WARN] [1755030058.614605287] [a200_0000.controller_manager]: Overrun detected! The controller manager missed its desired rate of 20 Hz. The loop took 59.259215 ms (missed cycles : 2).
[WARN] [1755030059.923113557] [a200_0000.controller_manager]: Overrun detected! The controller manager missed its desired rate of 20 Hz. The loop took 67.766885 ms (missed cycles : 2).
[WARN] [1755030061.220894910] [a200_0000.controller_manager]: Overrun detected! The controller manager missed its desired rate of 20 Hz. The loop took 65.548758 ms (missed cycles : 2).
[WARN] [1755030062.518849294] [a200_0000.controller_manager]: Overrun detected! The controller manager missed its desired rate of 20 Hz. The loop took 63.502692 ms (missed cycles : 2).
[WARN] [1755030063.816911085] [a200_0000.controller_manager]: Overrun detected! The controller manager missed its desired rate of 20 Hz. The loop took 61.564683 ms (missed cycles : 2).
[WARN] [1755030065.114857135] [a200_0000.controller_manager]: Overrun detected! The controller manager missed its desired rate of 20 Hz. The loop took 59.509023 ms (missed cycles : 2).
[WARN] [1755030066.424218669] [a200_0000.controller_manager]: Overrun detected! The controller manager missed its desired rate of 20 Hz. The loop took 68.872207 ms (missed cycles : 2).
[WARN] [1755030067.722053952] [a200_0000.controller_manager]: Overrun detected! The controller manager missed its desired rate of 20 Hz. The loop took 66.707520 ms (missed cycles : 2).
[WARN] [1755030069.019948474] [a200_0000.controller_manager]: Overrun detected! The controller manager missed its desired rate of 20 Hz. The loop took 64.601902 ms (missed cycles : 2).
[WARN] [1755030070.317776166] [a200_0000.controller_manager]: Overrun detected! The controller manager missed its desired rate of 20 Hz. The loop took 62.429464 ms (missed cycles : 2).
[WARN] [1755030071.616727773] [a200_0000.controller_manager]: Overrun detected! The controller manager missed its desired rate of 20 Hz. The loop took 61.381461 ms (missed cycles : 2).
[WARN] [1755030072.913853720] [a200_0000.controller_manager]: Overrun detected! The controller manager missed its desired rate of 20 Hz. The loop took 58.507618 ms (missed cycles : 2).
[WARN] [1755030074.222999847] [a200_0000.controller_manager]: Overrun detected! The controller manager missed its desired rate of 20 Hz. The loop took 67.653595 ms (missed cycles : 2).
[WARN] [1755030075.521001834] [a200_0000.controller_manager]: Overrun detected! The controller manager missed its desired rate of 20 Hz. The loop took 65.655582 ms (missed cycles : 2).
[WARN] [1755030076.818894988] [a200_0000.controller_manager]: Overrun detected! The controller manager missed its desired rate of 20 Hz. The loop took 63.548496 ms (missed cycles : 2).
[WARN] [1755030078.117806087] [a200_0000.controller_manager]: Overrun detected! The controller manager missed its desired rate of 20 Hz. The loop took 62.459545 ms (missed cycles : 2).
[WARN] [1755030079.415725314] [a200_0000.controller_manager]: Overrun detected! The controller manager missed its desired rate of 20 Hz. The loop took 60.378902 ms (missed cycles : 2).
[WARN] [1755030080.724112295] [a200_0000.controller_manager]: Overrun detected! The controller manager missed its desired rate of 20 Hz. The loop took 68.766153 ms (missed cycles : 2).
[WARN] [1755030082.021943342] [a200_0000.controller_manager]: Overrun detected! The controller manager missed its desired rate of 20 Hz. The loop took 66.597210 ms (missed cycles : 2).
[WARN] [1755030083.320876486] [a200_0000.controller_manager]: Overrun detected! The controller manager missed its desired rate of 20 Hz. The loop took 65.530404 ms (missed cycles : 2).
[WARN] [1755030084.618934179] [a200_0000.controller_manager]: Overrun detected! The controller manager missed its desired rate of 20 Hz. The loop took 63.587867 ms (missed cycles : 2).
[WARN] [1755030085.916798617] [a200_0000.controller_manager]: Overrun detected! The controller manager missed its desired rate of 20 Hz. The loop took 61.451655 ms (missed cycles : 2).
[WARN] [1755030087.225275529] [a200_0000.controller_manager]: Overrun detected! The controller manager missed its desired rate of 20 Hz. The loop took 69.929097 ms (missed cycles : 2).
[WARN] [1755030088.523053998] [a200_0000.controller_manager]: Overrun detected! The controller manager missed its desired rate of 20 Hz. The loop took 67.707786 ms (missed cycles : 2).
[WARN] [1755030089.821940109] [a200_0000.controller_manager]: Overrun detected! The controller manager missed its desired rate of 20 Hz. The loop took 66.593877 ms (missed cycles : 2).
[WARN] [1755030091.119939295] [a200_0000.controller_manager]: Overrun detected! The controller manager missed its desired rate of 20 Hz. The loop took 64.592923 ms (missed cycles : 2).
[WARN] [1755030092.417833339] [a200_0000.controller_manager]: Overrun detected! The controller manager missed its desired rate of 20 Hz. The loop took 62.486487 ms (missed cycles : 2).
[WARN] [1755030093.714680280] [a200_0000.controller_manager]: Overrun detected! The controller manager missed its desired rate of 20 Hz. The loop took 59.333849 ms (missed cycles : 2).
[WARN] [1755030095.024270459] [a200_0000.controller_manager]: Overrun detected! The controller manager missed its desired rate of 20 Hz. The loop took 68.924237 ms (missed cycles : 2).
[WARN] [1755030096.322008180] [a200_0000.controller_manager]: Overrun detected! The controller manager missed its desired rate of 20 Hz. The loop took 66.661568 ms (missed cycles : 2).
[WARN] [1755030097.619943437] [a200_0000.controller_manager]: Overrun detected! The controller manager missed its desired rate of 20 Hz. The loop took 64.597115 ms (missed cycles : 2).
[WARN] [1755030098.917851194] [a200_0000.controller_manager]: Overrun detected! The controller manager missed its desired rate of 20 Hz. The loop took 62.504682 ms (missed cycles : 2).
[WARN] [1755030100.215682608] [a200_0000.controller_manager]: Overrun detected! The controller manager missed its desired rate of 20 Hz. The loop took 60.336196 ms (missed cycles : 2).
[WARN] [1755030101.513661374] [a200_0000.controller_manager]: Overrun detected! The controller manager missed its desired rate of 20 Hz. The loop took 58.314562 ms (missed cycles : 2).
[WARN] [1755030102.823234870] [a200_0000.controller_manager]: Overrun detected! The controller manager missed its desired rate of 20 Hz. The loop took 67.887468 ms (missed cycles : 2).
[WARN] [1755030104.120895897] [a200_0000.controller_manager]: Overrun detected! The controller manager missed its desired rate of 20 Hz. The loop took 65.549625 ms (missed cycles : 2).
[WARN] [1755030105.418765743] [a200_0000.controller_manager]: Overrun detected! The controller manager missed its desired rate of 20 Hz. The loop took 63.419751 ms (missed cycles : 2).
[WARN] [1755030106.716849432] [a200_0000.controller_manager]: Overrun detected! The controller manager missed its desired rate of 20 Hz. The loop took 61.503000 ms (missed cycles : 2).
[WARN] [1755030108.014663723] [a200_0000.controller_manager]: Overrun detected! The controller manager missed its desired rate of 20 Hz. The loop took 59.317112 ms (missed cycles : 2).
[WARN] [1755030109.324113831] [a200_0000.controller_manager]: Overrun detected! The controller manager missed its desired rate of 20 Hz. The loop took 68.766969 ms (missed cycles : 2).
[WARN] [1755030110.621941247] [a200_0000.controller_manager]: Overrun detected! The controller manager missed its desired rate of 20 Hz. The loop took 66.595015 ms (missed cycles : 2).
[WARN] [1755030111.919853549] [a200_0000.controller_manager]: Overrun detected! The controller manager missed its desired rate of 20 Hz. The loop took 64.507277 ms (missed cycles : 2).
[WARN] [1755030113.217854931] [a200_0000.controller_manager]: Overrun detected! The controller manager missed its desired rate of 20 Hz. The loop took 62.508289 ms (missed cycles : 2).
[WARN] [1755030114.516799480] [a200_0000.controller_manager]: Overrun detected! The controller manager missed its desired rate of 20 Hz. The loop took 61.452958 ms (missed cycles : 2).
[WARN] [1755030115.825165821] [a200_0000.controller_manager]: Overrun detected! The controller manager missed its desired rate of 20 Hz. The loop took 69.818969 ms (missed cycles : 2).
[WARN] [1755030117.123058026] [a200_0000.controller_manager]: Overrun detected! The controller manager missed its desired rate of 20 Hz. The loop took 67.711704 ms (missed cycles : 2).
[WARN] [1755030118.420941159] [a200_0000.controller_manager]: Overrun detected! The controller manager missed its desired rate of 20 Hz. The loop took 65.594887 ms (missed cycles : 2).
[WARN] [1755030119.718905314] [a200_0000.controller_manager]: Overrun detected! The controller manager missed its desired rate of 20 Hz. The loop took 63.558622 ms (missed cycles : 2).
[WARN] [1755030121.016780865] [a200_0000.controller_manager]: Overrun detected! The controller manager missed its desired rate of 20 Hz. The loop took 61.434353 ms (missed cycles : 2).
[WARN] [1755030122.314874579] [a200_0000.controller_manager]: Overrun detected! The controller manager missed its desired rate of 20 Hz. The loop took 59.527647 ms (missed cycles : 2).
[WARN] [1755030123.624221440] [a200_0000.controller_manager]: Overrun detected! The controller manager missed its desired rate of 20 Hz. The loop took 68.875008 ms (missed cycles : 2).
[WARN] [1755030124.922010344] [a200_0000.controller_manager]: Overrun detected! The controller manager missed its desired rate of 20 Hz. The loop took 66.663742 ms (missed cycles : 2).
[WARN] [1755030126.219944885] [a200_0000.controller_manager]: Overrun detected! The controller manager missed its desired rate of 20 Hz. The loop took 64.598443 ms (missed cycles : 2).
[WARN] [1755030127.517855114] [a200_0000.controller_manager]: Overrun detected! The controller manager missed its desired rate of 20 Hz. The loop took 62.508532 ms (missed cycles : 2).
[WARN] [1755030128.815715816] [a200_0000.controller_manager]: Overrun detected! The controller manager missed its desired rate of 20 Hz. The loop took 60.368944 ms (missed cycles : 2).
[WARN] [1755030130.114634952] [a200_0000.controller_manager]: Overrun detected! The controller manager missed its desired rate of 20 Hz. The loop took 59.288420 ms (missed cycles : 2).
[WARN] [1755030131.423061500] [a200_0000.controller_manager]: Overrun detected! The controller manager missed its desired rate of 20 Hz. The loop took 67.714938 ms (missed cycles : 2).
[WARN] [1755030132.721353462] [a200_0000.controller_manager]: Overrun detected! The controller manager missed its desired rate of 20 Hz. The loop took 66.006220 ms (missed cycles : 2).
[WARN] [1755030134.018899117] [a200_0000.controller_manager]: Overrun detected! The controller manager missed its desired rate of 20 Hz. The loop took 63.552895 ms (missed cycles : 2).
[WARN] [1755030135.316830146] [a200_0000.controller_manager]: Overrun detected! The controller manager missed its desired rate of 20 Hz. The loop took 61.483984 ms (missed cycles : 2).
[WARN] [1755030136.614857504] [a200_0000.controller_manager]: Overrun detected! The controller manager missed its desired rate of 20 Hz. The loop took 59.510362 ms (missed cycles : 2).
[WARN] [1755030137.924119640] [a200_0000.controller_manager]: Overrun detected! The controller manager missed its desired rate of 20 Hz. The loop took 68.773248 ms (missed cycles : 2).
[WARN] [1755030139.221998414] [a200_0000.controller_manager]: Overrun detected! The controller manager missed its desired rate of 20 Hz. The loop took 66.652412 ms (missed cycles : 2).
[WARN] [1755030140.519887635] [a200_0000.controller_manager]: Overrun detected! The controller manager missed its desired rate of 20 Hz. The loop took 64.541433 ms (missed cycles : 2).
[WARN] [1755030141.817821883] [a200_0000.controller_manager]: Overrun detected! The controller manager missed its desired rate of 20 Hz. The loop took 62.475771 ms (missed cycles : 2).
[WARN] [1755030143.116765356] [a200_0000.controller_manager]: Overrun detected! The controller manager missed its desired rate of 20 Hz. The loop took 61.418734 ms (missed cycles : 2).
[WARN] [1755030144.425335314] [a200_0000.controller_manager]: Overrun detected! The controller manager missed its desired rate of 20 Hz. The loop took 69.988992 ms (missed cycles : 2).
[WARN] [1755030145.723112212] [a200_0000.controller_manager]: Overrun detected! The controller manager missed its desired rate of 20 Hz. The loop took 67.765830 ms (missed cycles : 2).
[WARN] [1755030147.021106945] [a200_0000.controller_manager]: Overrun detected! The controller manager missed its desired rate of 20 Hz. The loop took 65.760843 ms (missed cycles : 2).
[WARN] [1755030148.319888576] [a200_0000.controller_manager]: Overrun detected! The controller manager missed its desired rate of 20 Hz. The loop took 64.542154 ms (missed cycles : 2).
[WARN] [1755030149.616850887] [a200_0000.controller_manager]: Overrun detected! The controller manager missed its desired rate of 20 Hz. The loop took 61.504215 ms (missed cycles : 2).
[WARN] [1755030150.914666354] [a200_0000.controller_manager]: Overrun detected! The controller manager missed its desired rate of 20 Hz. The loop took 59.319632 ms (missed cycles : 2).
[WARN] [1755030152.224165867] [a200_0000.controller_manager]: Overrun detected! The controller manager missed its desired rate of 20 Hz. The loop took 68.819015 ms (missed cycles : 2).
[WARN] [1755030153.522177565] [a200_0000.controller_manager]: Overrun detected! The controller manager missed its desired rate of 20 Hz. The loop took 66.830653 ms (missed cycles : 2).
[WARN] [1755030154.819948262] [a200_0000.controller_manager]: Overrun detected! The controller manager missed its desired rate of 20 Hz. The loop took 64.601660 ms (missed cycles : 2).
[WARN] [1755030156.117745152] [a200_0000.controller_manager]: Overrun detected! The controller manager missed its desired rate of 20 Hz. The loop took 62.399060 ms (missed cycles : 2).
[WARN] [1755030157.415751538] [a200_0000.controller_manager]: Overrun detected! The controller manager missed its desired rate of 20 Hz. The loop took 60.404906 ms (missed cycles : 2).
[WARN] [1755030158.713802979] [a200_0000.controller_manager]: Overrun detected! The controller manager missed its desired rate of 20 Hz. The loop took 58.456477 ms (missed cycles : 2).
[WARN] [1755030160.023118541] [a200_0000.controller_manager]: Overrun detected! The controller manager missed its desired rate of 20 Hz. The loop took 67.771449 ms (missed cycles : 2).
[WARN] [1755030161.321059113] [a200_0000.controller_manager]: Overrun detected! The controller manager missed its desired rate of 20 Hz. The loop took 65.712531 ms (missed cycles : 2).
[WARN] [1755030162.619178387] [a200_0000.controller_manager]: Overrun detected! The controller manager missed its desired rate of 20 Hz. The loop took 63.831855 ms (missed cycles : 2).
[WARN] [1755030163.916807090] [a200_0000.controller_manager]: Overrun detected! The controller manager missed its desired rate of 20 Hz. The loop took 61.459938 ms (missed cycles : 2).
[WARN] [1755030165.215649708] [a200_0000.controller_manager]: Overrun detected! The controller manager missed its desired rate of 20 Hz. The loop took 60.303396 ms (missed cycles : 2).
[WARN] [1755030166.524227794] [a200_0000.controller_manager]: Overrun detected! The controller manager missed its desired rate of 20 Hz. The loop took 68.881322 ms (missed cycles : 2).
[WARN] [1755030167.821999576] [a200_0000.controller_manager]: Overrun detected! The controller manager missed its desired rate of 20 Hz. The loop took 66.653554 ms (missed cycles : 2).
[WARN] [1755030169.120016126] [a200_0000.controller_manager]: Overrun detected! The controller manager missed its desired rate of 20 Hz. The loop took 64.669584 ms (missed cycles : 2).
[WARN] [1755030170.417954483] [a200_0000.controller_manager]: Overrun detected! The controller manager missed its desired rate of 20 Hz. The loop took 62.607831 ms (missed cycles : 2).
[WARN] [1755030171.716835630] [a200_0000.controller_manager]: Overrun detected! The controller manager missed its desired rate of 20 Hz. The loop took 61.489018 ms (missed cycles : 2).
[WARN] [1755030173.025222286] [a200_0000.controller_manager]: Overrun detected! The controller manager missed its desired rate of 20 Hz. The loop took 69.875924 ms (missed cycles : 2).
[WARN] [1755030174.323107449] [a200_0000.controller_manager]: Overrun detected! The controller manager missed its desired rate of 20 Hz. The loop took 67.760947 ms (missed cycles : 2).
[WARN] [1755030175.620929123] [a200_0000.controller_manager]: Overrun detected! The controller manager missed its desired rate of 20 Hz. The loop took 65.582451 ms (missed cycles : 2).
[WARN] [1755030176.918776508] [a200_0000.controller_manager]: Overrun detected! The controller manager missed its desired rate of 20 Hz. The loop took 63.430076 ms (missed cycles : 2).
[WARN] [1755030178.216750707] [a200_0000.controller_manager]: Overrun detected! The controller manager missed its desired rate of 20 Hz. The loop took 61.404425 ms (missed cycles : 2).
[WARN] [1755030179.515654162] [a200_0000.controller_manager]: Overrun detected! The controller manager missed its desired rate of 20 Hz. The loop took 60.307760 ms (missed cycles : 2).
[WARN] [1755030180.824327795] [a200_0000.controller_manager]: Overrun detected! The controller manager missed its desired rate of 20 Hz. The loop took 68.981183 ms (missed cycles : 2).
[WARN] [1755030182.122065260] [a200_0000.controller_manager]: Overrun detected! The controller manager missed its desired rate of 20 Hz. The loop took 66.718338 ms (missed cycles : 2).
[WARN] [1755030183.420007046] [a200_0000.controller_manager]: Overrun detected! The controller manager missed its desired rate of 20 Hz. The loop took 64.660614 ms (missed cycles : 2).
[WARN] [1755030184.717879140] [a200_0000.controller_manager]: Overrun detected! The controller manager missed its desired rate of 20 Hz. The loop took 62.531368 ms (missed cycles : 2).
[WARN] [1755030186.015697755] [a200_0000.controller_manager]: Overrun detected! The controller manager missed its desired rate of 20 Hz. The loop took 60.351843 ms (missed cycles : 2).
[WARN] [1755030187.313751305] [a200_0000.controller_manager]: Overrun detected! The controller manager missed its desired rate of 20 Hz. The loop took 58.403903 ms (missed cycles : 2).
[WARN] [1755030188.623053452] [a200_0000.controller_manager]: Overrun detected! The controller manager missed its desired rate of 20 Hz. The loop took 67.707450 ms (missed cycles : 2).
[WARN] [1755030189.921065790] [a200_0000.controller_manager]: Overrun detected! The controller manager missed its desired rate of 20 Hz. The loop took 65.718958 ms (missed cycles : 2).
[WARN] [1755030191.218851763] [a200_0000.controller_manager]: Overrun detected! The controller manager missed its desired rate of 20 Hz. The loop took 63.505361 ms (missed cycles : 2).
[WARN] [1755030192.517863436] [a200_0000.controller_manager]: Overrun detected! The controller manager missed its desired rate of 20 Hz. The loop took 62.516904 ms (missed cycles : 2).
[WARN] [1755030193.815740097] [a200_0000.controller_manager]: Overrun detected! The controller manager missed its desired rate of 20 Hz. The loop took 60.393335 ms (missed cycles : 2).
[WARN] [1755030195.124110193] [a200_0000.controller_manager]: Overrun detected! The controller manager missed its desired rate of 20 Hz. The loop took 68.763761 ms (missed cycles : 2).
[WARN] [1755030196.422063878] [a200_0000.controller_manager]: Overrun detected! The controller manager missed its desired rate of 20 Hz. The loop took 66.716986 ms (missed cycles : 2).
[WARN] [1755030197.720941350] [a200_0000.controller_manager]: Overrun detected! The controller manager missed its desired rate of 20 Hz. The loop took 65.594878 ms (missed cycles : 2).
[WARN] [1755030199.018943508] [a200_0000.controller_manager]: Overrun detected! The controller manager missed its desired rate of 20 Hz. The loop took 63.596866 ms (missed cycles : 2).
[WARN] [1755030200.316894860] [a200_0000.controller_manager]: Overrun detected! The controller manager missed its desired rate of 20 Hz. The loop took 61.547098 ms (missed cycles : 2).
[WARN] [1755030201.614661900] [a200_0000.controller_manager]: Overrun detected! The controller manager missed its desired rate of 20 Hz. The loop took 59.314998 ms (missed cycles : 2).
[WARN] [1755030202.923135478] [a200_0000.controller_manager]: Overrun detected! The controller manager missed its desired rate of 20 Hz. The loop took 67.788996 ms (missed cycles : 2).
[WARN] [1755030204.221132272] [a200_0000.controller_manager]: Overrun detected! The controller manager missed its desired rate of 20 Hz. The loop took 65.785470 ms (missed cycles : 2).
[WARN] [1755030205.519941067] [a200_0000.controller_manager]: Overrun detected! The controller manager missed its desired rate of 20 Hz. The loop took 64.594665 ms (missed cycles : 2).
[WARN] [1755030206.817828205] [a200_0000.controller_manager]: Overrun detected! The controller manager missed its desired rate of 20 Hz. The loop took 62.481853 ms (missed cycles : 2).
[WARN] [1755030208.115649195] [a200_0000.controller_manager]: Overrun detected! The controller manager missed its desired rate of 20 Hz. The loop took 60.303013 ms (missed cycles : 2).
[WARN] [1755030209.425161152] [a200_0000.controller_manager]: Overrun detected! The controller manager missed its desired rate of 20 Hz. The loop took 69.815030 ms (missed cycles : 2).
[WARN] [1755030210.723059952] [a200_0000.controller_manager]: Overrun detected! The controller manager missed its desired rate of 20 Hz. The loop took 67.713580 ms (missed cycles : 2).
[WARN] [1755030212.020011894] [a200_0000.controller_manager]: Overrun detected! The controller manager missed its desired rate of 20 Hz. The loop took 64.664802 ms (missed cycles : 2).
[WARN] [1755030213.317866030] [a200_0000.controller_manager]: Overrun detected! The controller manager missed its desired rate of 20 Hz. The loop took 62.518748 ms (missed cycles : 2).
[WARN] [1755030214.615782898] [a200_0000.controller_manager]: Overrun detected! The controller manager missed its desired rate of 20 Hz. The loop took 60.435916 ms (missed cycles : 2).
[WARN] [1755030215.914599971] [a200_0000.controller_manager]: Overrun detected! The controller manager missed its desired rate of 20 Hz. The loop took 59.252559 ms (missed cycles : 2).
[WARN] [1755030217.223119033] [a200_0000.controller_manager]: Overrun detected! The controller manager missed its desired rate of 20 Hz. The loop took 67.772111 ms (missed cycles : 2).
[WARN] [1755030218.521015678] [a200_0000.controller_manager]: Overrun detected! The controller manager missed its desired rate of 20 Hz. The loop took 65.669436 ms (missed cycles : 2).
[WARN] [1755030219.819062124] [a200_0000.controller_manager]: Overrun detected! The controller manager missed its desired rate of 20 Hz. The loop took 63.715372 ms (missed cycles : 2).
[WARN] [1755030221.117893192] [a200_0000.controller_manager]: Overrun detected! The controller manager missed its desired rate of 20 Hz. The loop took 62.546950 ms (missed cycles : 2).
[WARN] [1755030222.415738851] [a200_0000.controller_manager]: Overrun detected! The controller manager missed its desired rate of 20 Hz. The loop took 60.392079 ms (missed cycles : 2).
[WARN] [1755030223.724115181] [a200_0000.controller_manager]: Overrun detected! The controller manager missed its desired rate of 20 Hz. The loop took 68.768729 ms (missed cycles : 2).
[WARN] [1755030225.022058703] [a200_0000.controller_manager]: Overrun detected! The controller manager missed its desired rate of 20 Hz. The loop took 66.711881 ms (missed cycles : 2).
[WARN] [1755030226.321005945] [a200_0000.controller_manager]: Overrun detected! The controller manager missed its desired rate of 20 Hz. The loop took 65.659143 ms (missed cycles : 2).
[WARN] [1755030227.618867046] [a200_0000.controller_manager]: Overrun detected! The controller manager missed its desired rate of 20 Hz. The loop took 63.520354 ms (missed cycles : 2).
[WARN] [1755030228.916770685] [a200_0000.controller_manager]: Overrun detected! The controller manager missed its desired rate of 20 Hz. The loop took 61.424293 ms (missed cycles : 2).
[WARN] [1755030230.214664379] [a200_0000.controller_manager]: Overrun detected! The controller manager missed its desired rate of 20 Hz. The loop took 59.317217 ms (missed cycles : 2).
[WARN] [1755030231.523169692] [a200_0000.controller_manager]: Overrun detected! The controller manager missed its desired rate of 20 Hz. The loop took 67.823370 ms (missed cycles : 2).
[WARN] [1755030232.821947304] [a200_0000.controller_manager]: Overrun detected! The controller manager missed its desired rate of 20 Hz. The loop took 66.600802 ms (missed cycles : 2).
[WARN] [1755030234.119885619] [a200_0000.controller_manager]: Overrun detected! The controller manager missed its desired rate of 20 Hz. The loop took 64.539657 ms (missed cycles : 2).
[WARN] [1755030235.417786223] [a200_0000.controller_manager]: Overrun detected! The controller manager missed its desired rate of 20 Hz. The loop took 62.439971 ms (missed cycles : 2).
[WARN] [1755030236.715705886] [a200_0000.controller_manager]: Overrun detected! The controller manager missed its desired rate of 20 Hz. The loop took 60.359494 ms (missed cycles : 2).
[WARN] [1755030238.024050848] [a200_0000.controller_manager]: Overrun detected! The controller manager missed its desired rate of 20 Hz. The loop took 68.704906 ms (missed cycles : 2).
[WARN] [1755030239.322067086] [a200_0000.controller_manager]: Overrun detected! The controller manager missed its desired rate of 20 Hz. The loop took 66.720204 ms (missed cycles : 2).
[WARN] [1755030240.620030441] [a200_0000.controller_manager]: Overrun detected! The controller manager missed its desired rate of 20 Hz. The loop took 64.683619 ms (missed cycles : 2).
[INFO] [1755030241.217499727] [rclcpp]: signal_handler(signum=2)
[INFO] [1755030241.217600636] [a200_0000.controller_manager]: Shutdown request received....
[INFO] [1755030241.217645096] [a200_0000.controller_manager]: Shutting down all controllers in the controller manager.
[INFO] [1755030241.217666886] [a200_0000.controller_manager]: Deactivating controller 'joint_state_broadcaster'
[INFO] [1755030241.217714805] [a200_0000.controller_manager]: Shutting down controller 'joint_state_broadcaster'
[INFO] [1755030241.217832455] [a200_0000.controller_manager]: Deactivating controller 'platform_velocity_controller'
[INFO] [1755030241.217875604] [a200_0000.controller_manager]: Shutting down controller 'platform_velocity_controller'
[INFO] [1755030241.255175041] [resource_manager]: 'deactivate' hardware 'a200_hardware' 
[INFO] [1755030241.255204421] [A200Hardware]: Stopping ...please wait...
[INFO] [1755030241.255206521] [A200Hardware]: System successfully stopped!
[INFO] [1755030241.255210991] [resource_manager]: Successful 'deactivate' of hardware 'a200_hardware'
[INFO] [1755030241.255212851] [resource_manager]: 'shutdown' hardware 'a200_hardware' 
[INFO] [1755030241.255214921] [resource_manager]: Successful 'shutdown' of hardware 'a200_hardware'
[INFO] [1755030241.255240841] [a200_0000.controller_manager]: Shutting down the controller manager.
