[INFO] [1755200096.955115542] [a200_0000.controller_manager]: Using Steady (Monotonic) clock for triggering controller manager cycles.
[INFO] [1755200096.961040099] [a200_0000.controller_manager]: Subscribing to '/a200_0000/robot_description' topic for robot description.
[INFO] [1755200097.013793460] [a200_0000.controller_manager]: update rate is 20 Hz
[INFO] [1755200097.013833310] [a200_0000.controller_manager]: Spawning controller_manager RT thread with scheduler priority: 50
[WARN] [1755200097.013903110] [a200_0000.controller_manager]: Could not enable FIFO RT scheduling policy: with error number <1>(Operation not permitted). See [https://control.ros.org/master/doc/ros2_control/controller_manager/doc/userdoc.html] for details on how to enable realtime scheduling.
[INFO] [1755200097.014678870] [a200_0000.controller_manager]: Received robot description from topic.
[INFO] [1755200097.017309923] [a200_0000.controller_manager]: Loading hardware 'a200_hardware' 
[INFO] [1755200097.018266545] [a200_0000.controller_manager]: Loaded hardware 'a200_hardware' from plugin 'clearpath_hardware_interfaces/A200Hardware'
[INFO] [1755200097.018302605] [a200_0000.controller_manager]: Initialize hardware 'a200_hardware' 
[INFO] [1755200097.018338655] [A200Hardware]: Name: a200_hardware
[INFO] [1755200097.018342355] [A200Hardware]: Number of Joints 4
[INFO] [1755200097.029117977] [A200Hardware]: Port: /dev/clearpath/prolific
[INFO] [1755200097.087408484] [a200_0000.controller_manager]: Successful initialization of hardware 'a200_hardware'
[INFO] [1755200097.087535365] [resource_manager]: 'configure' hardware 'a200_hardware' 
[INFO] [1755200097.087539125] [resource_manager]: Successful 'configure' of hardware 'a200_hardware'
[INFO] [1755200097.087542565] [resource_manager]: 'activate' hardware 'a200_hardware' 
[INFO] [1755200097.087546685] [A200Hardware]: Starting ...please wait...
[INFO] [1755200097.087548875] [A200Hardware]: System Successfully started!
[INFO] [1755200097.087551195] [resource_manager]: Successful 'activate' of hardware 'a200_hardware'
[INFO] [1755200097.087590305] [a200_0000.controller_manager]: Resource Manager has been successfully initialized. Starting Controller Manager services...
[WARN] [1755200097.731853626] [a200_0000.controller_manager]: Overrun detected! The controller manager missed its desired rate of 20 Hz. The loop took 67.802949 ms (missed cycles : 2).
[INFO] [1755200098.184075256] [a200_0000.controller_manager]: Loading controller : 'joint_state_broadcaster' of type 'joint_state_broadcaster/JointStateBroadcaster'
[INFO] [1755200098.184106266] [a200_0000.controller_manager]: Loading controller 'joint_state_broadcaster'
[WARN] [1755200098.186611479] [a200_0000.controller_manager]: The use of remapping arguments to the controller_manager node is deprecated. Please use the '--controller-ros-args' argument of the spawner to pass remapping arguments to the controller node.
[INFO] [1755200098.186627809] [a200_0000.controller_manager]: Controller 'joint_state_broadcaster' node arguments: --ros-args --params-file /etc/clearpath/platform/config/control.yaml -r joint_states:=platform/joint_states -r dynamic_joint_states:=platform/dynamic_joint_states -r platform_velocity_controller/odom:=platform/odom -r platform_velocity_controller/odometry:=platform/odom -r platform_velocity_controller/cmd_vel:=platform/cmd_vel -r platform_velocity_controller/cmd_vel_out:=platform/cmd_vel_out -r platform_velocity_controller/reference:=platform/cmd_vel -r platform_velocity_controller/transition_event:=platform/transition_event -r /diagnostics:=diagnostics -r /tf:=tf -r /tf_static:=tf_static 
[INFO] [1755200098.255888769] [a200_0000.controller_manager]: Configuring controller: 'joint_state_broadcaster'
[INFO] [1755200098.255968469] [a200_0000.joint_state_broadcaster]: 'joints' or 'interfaces' parameter is empty. All available state interfaces will be published
[INFO] [1755200098.288708787] [a200_0000.controller_manager]: Activating controllers: [ joint_state_broadcaster ]
[INFO] [1755200098.366030575] [a200_0000.controller_manager]: Successfully switched controllers!
[WARN] [1755200099.029613139] [a200_0000.controller_manager]: Overrun detected! The controller manager missed its desired rate of 20 Hz. The loop took 65.562902 ms (missed cycles : 2).
[INFO] [1755200099.556736646] [a200_0000.controller_manager]: Loading controller : 'platform_velocity_controller' of type 'diff_drive_controller/DiffDriveController'
[INFO] [1755200099.556764486] [a200_0000.controller_manager]: Loading controller 'platform_velocity_controller'
[WARN] [1755200099.558750978] [a200_0000.controller_manager]: The use of remapping arguments to the controller_manager node is deprecated. Please use the '--controller-ros-args' argument of the spawner to pass remapping arguments to the controller node.
[INFO] [1755200099.558766428] [a200_0000.controller_manager]: Controller 'platform_velocity_controller' node arguments: --ros-args --params-file /etc/clearpath/platform/config/control.yaml -r joint_states:=platform/joint_states -r dynamic_joint_states:=platform/dynamic_joint_states -r platform_velocity_controller/odom:=platform/odom -r platform_velocity_controller/odometry:=platform/odom -r platform_velocity_controller/cmd_vel:=platform/cmd_vel -r platform_velocity_controller/cmd_vel_out:=platform/cmd_vel_out -r platform_velocity_controller/reference:=platform/cmd_vel -r platform_velocity_controller/transition_event:=platform/transition_event -r /diagnostics:=diagnostics -r /tf:=tf -r /tf_static:=tf_static 
[INFO] [1755200099.597241332] [a200_0000.controller_manager]: Configuring controller: 'platform_velocity_controller'
[WARN] [1755200099.635802797] [a200_0000.platform_velocity_controller]: Can't accept new commands. subscriber is inactive
[INFO] [1755200099.665402471] [a200_0000.controller_manager]: Activating controllers: [ platform_velocity_controller ]
[WARN] [1755200099.685870364] [a200_0000.platform_velocity_controller]: Can't accept new commands. subscriber is inactive
[WARN] [1755200099.735946112] [a200_0000.platform_velocity_controller]: Can't accept new commands. subscriber is inactive
[INFO] [1755200099.739514026] [a200_0000.controller_manager]: Successfully switched controllers!
[WARN] [1755200100.327654062] [a200_0000.controller_manager]: Overrun detected! The controller manager missed its desired rate of 20 Hz. The loop took 63.603915 ms (missed cycles : 2).
[WARN] [1755200101.625661916] [a200_0000.controller_manager]: Overrun detected! The controller manager missed its desired rate of 20 Hz. The loop took 61.611809 ms (missed cycles : 2).
[WARN] [1755200102.923287849] [a200_0000.controller_manager]: Overrun detected! The controller manager missed its desired rate of 20 Hz. The loop took 59.237782 ms (missed cycles : 2).
[WARN] [1755200104.232975166] [a200_0000.controller_manager]: Overrun detected! The controller manager missed its desired rate of 20 Hz. The loop took 68.924849 ms (missed cycles : 2).
[WARN] [1755200105.530708819] [a200_0000.controller_manager]: Overrun detected! The controller manager missed its desired rate of 20 Hz. The loop took 66.658702 ms (missed cycles : 2).
[WARN] [1755200106.828631803] [a200_0000.controller_manager]: Overrun detected! The controller manager missed its desired rate of 20 Hz. The loop took 64.581726 ms (missed cycles : 2).
[WARN] [1755200108.126510116] [a200_0000.controller_manager]: Overrun detected! The controller manager missed its desired rate of 20 Hz. The loop took 62.459969 ms (missed cycles : 2).
[WARN] [1755200109.424356010] [a200_0000.controller_manager]: Overrun detected! The controller manager missed its desired rate of 20 Hz. The loop took 60.306003 ms (missed cycles : 2).
[WARN] [1755200110.733813176] [a200_0000.controller_manager]: Overrun detected! The controller manager missed its desired rate of 20 Hz. The loop took 69.763279 ms (missed cycles : 2).
[WARN] [1755200112.031659329] [a200_0000.controller_manager]: Overrun detected! The controller manager missed its desired rate of 20 Hz. The loop took 67.609312 ms (missed cycles : 2).
[WARN] [1755200113.329772593] [a200_0000.controller_manager]: Overrun detected! The controller manager missed its desired rate of 20 Hz. The loop took 65.722186 ms (missed cycles : 2).
[WARN] [1755200114.627822877] [a200_0000.controller_manager]: Overrun detected! The controller manager missed its desired rate of 20 Hz. The loop took 63.772660 ms (missed cycles : 2).
[WARN] [1755200115.925538720] [a200_0000.controller_manager]: Overrun detected! The controller manager missed its desired rate of 20 Hz. The loop took 61.488773 ms (missed cycles : 2).
[WARN] [1755200117.224357484] [a200_0000.controller_manager]: Overrun detected! The controller manager missed its desired rate of 20 Hz. The loop took 60.307767 ms (missed cycles : 2).
[WARN] [1755200118.532813520] [a200_0000.controller_manager]: Overrun detected! The controller manager missed its desired rate of 20 Hz. The loop took 68.763343 ms (missed cycles : 2).
[WARN] [1755200119.830762903] [a200_0000.controller_manager]: Overrun detected! The controller manager missed its desired rate of 20 Hz. The loop took 66.712896 ms (missed cycles : 2).
[WARN] [1755200121.128600717] [a200_0000.controller_manager]: Overrun detected! The controller manager missed its desired rate of 20 Hz. The loop took 64.550820 ms (missed cycles : 2).
[WARN] [1755200122.426499030] [a200_0000.controller_manager]: Overrun detected! The controller manager missed its desired rate of 20 Hz. The loop took 62.448663 ms (missed cycles : 2).
[WARN] [1755200123.725380925] [a200_0000.controller_manager]: Overrun detected! The controller manager missed its desired rate of 20 Hz. The loop took 61.330688 ms (missed cycles : 2).
[WARN] [1755200125.023160768] [a200_0000.controller_manager]: Overrun detected! The controller manager missed its desired rate of 20 Hz. The loop took 59.110571 ms (missed cycles : 2).
[WARN] [1755200126.331701834] [a200_0000.controller_manager]: Overrun detected! The controller manager missed its desired rate of 20 Hz. The loop took 67.651777 ms (missed cycles : 2).
[WARN] [1755200127.629658867] [a200_0000.controller_manager]: Overrun detected! The controller manager missed its desired rate of 20 Hz. The loop took 65.608740 ms (missed cycles : 2).
[WARN] [1755200128.927600181] [a200_0000.controller_manager]: Overrun detected! The controller manager missed its desired rate of 20 Hz. The loop took 63.550194 ms (missed cycles : 2).
[WARN] [1755200130.225440684] [a200_0000.controller_manager]: Overrun detected! The controller manager missed its desired rate of 20 Hz. The loop took 61.390727 ms (missed cycles : 2).
[WARN] [1755200131.523459247] [a200_0000.controller_manager]: Overrun detected! The controller manager missed its desired rate of 20 Hz. The loop took 59.409040 ms (missed cycles : 2).
[WARN] [1755200132.833335815] [a200_0000.controller_manager]: Overrun detected! The controller manager missed its desired rate of 20 Hz. The loop took 69.285498 ms (missed cycles : 2).
[WARN] [1755200134.130654537] [a200_0000.controller_manager]: Overrun detected! The controller manager missed its desired rate of 20 Hz. The loop took 66.604410 ms (missed cycles : 2).
[WARN] [1755200135.428764811] [a200_0000.controller_manager]: Overrun detected! The controller manager missed its desired rate of 20 Hz. The loop took 64.714524 ms (missed cycles : 2).
[WARN] [1755200136.726881165] [a200_0000.controller_manager]: Overrun detected! The controller manager missed its desired rate of 20 Hz. The loop took 62.830848 ms (missed cycles : 2).
[WARN] [1755200138.025378899] [a200_0000.controller_manager]: Overrun detected! The controller manager missed its desired rate of 20 Hz. The loop took 61.328832 ms (missed cycles : 2).
[WARN] [1755200139.323445313] [a200_0000.controller_manager]: Overrun detected! The controller manager missed its desired rate of 20 Hz. The loop took 59.394946 ms (missed cycles : 2).
[WARN] [1755200140.632255479] [a200_0000.controller_manager]: Overrun detected! The controller manager missed its desired rate of 20 Hz. The loop took 68.205492 ms (missed cycles : 2).
[WARN] [1755200141.930653893] [a200_0000.controller_manager]: Overrun detected! The controller manager missed its desired rate of 20 Hz. The loop took 66.604026 ms (missed cycles : 2).
[WARN] [1755200143.228730847] [a200_0000.controller_manager]: Overrun detected! The controller manager missed its desired rate of 20 Hz. The loop took 64.680270 ms (missed cycles : 2).
[WARN] [1755200144.526438980] [a200_0000.controller_manager]: Overrun detected! The controller manager missed its desired rate of 20 Hz. The loop took 62.388923 ms (missed cycles : 2).
[WARN] [1755200145.824493753] [a200_0000.controller_manager]: Overrun detected! The controller manager missed its desired rate of 20 Hz. The loop took 60.443176 ms (missed cycles : 2).
[WARN] [1755200147.133101899] [a200_0000.controller_manager]: Overrun detected! The controller manager missed its desired rate of 20 Hz. The loop took 69.051812 ms (missed cycles : 2).
[WARN] [1755200148.432020563] [a200_0000.controller_manager]: Overrun detected! The controller manager missed its desired rate of 20 Hz. The loop took 67.969666 ms (missed cycles : 2).
[WARN] [1755200149.729662317] [a200_0000.controller_manager]: Overrun detected! The controller manager missed its desired rate of 20 Hz. The loop took 65.611920 ms (missed cycles : 2).
[WARN] [1755200151.027558840] [a200_0000.controller_manager]: Overrun detected! The controller manager missed its desired rate of 20 Hz. The loop took 63.508283 ms (missed cycles : 2).
[WARN] [1755200152.325497024] [a200_0000.controller_manager]: Overrun detected! The controller manager missed its desired rate of 20 Hz. The loop took 61.446587 ms (missed cycles : 2).
[WARN] [1755200153.623284087] [a200_0000.controller_manager]: Overrun detected! The controller manager missed its desired rate of 20 Hz. The loop took 59.233990 ms (missed cycles : 2).
[WARN] [1755200154.932820454] [a200_0000.controller_manager]: Overrun detected! The controller manager missed its desired rate of 20 Hz. The loop took 68.770547 ms (missed cycles : 2).
[WARN] [1755200156.230599657] [a200_0000.controller_manager]: Overrun detected! The controller manager missed its desired rate of 20 Hz. The loop took 66.549550 ms (missed cycles : 2).
[WARN] [1755200157.528604791] [a200_0000.controller_manager]: Overrun detected! The controller manager missed its desired rate of 20 Hz. The loop took 64.554454 ms (missed cycles : 2).
[WARN] [1755200158.826606754] [a200_0000.controller_manager]: Overrun detected! The controller manager missed its desired rate of 20 Hz. The loop took 62.556537 ms (missed cycles : 2).
[WARN] [1755200160.124388858] [a200_0000.controller_manager]: Overrun detected! The controller manager missed its desired rate of 20 Hz. The loop took 60.337981 ms (missed cycles : 2).
[WARN] [1755200161.433821724] [a200_0000.controller_manager]: Overrun detected! The controller manager missed its desired rate of 20 Hz. The loop took 69.771507 ms (missed cycles : 2).
[WARN] [1755200162.731816658] [a200_0000.controller_manager]: Overrun detected! The controller manager missed its desired rate of 20 Hz. The loop took 67.766731 ms (missed cycles : 2).
[WARN] [1755200164.029721172] [a200_0000.controller_manager]: Overrun detected! The controller manager missed its desired rate of 20 Hz. The loop took 65.670855 ms (missed cycles : 2).
[WARN] [1755200165.327495505] [a200_0000.controller_manager]: Overrun detected! The controller manager missed its desired rate of 20 Hz. The loop took 63.445428 ms (missed cycles : 2).
[WARN] [1755200166.625441558] [a200_0000.controller_manager]: Overrun detected! The controller manager missed its desired rate of 20 Hz. The loop took 61.391421 ms (missed cycles : 2).
[WARN] [1755200167.923356032] [a200_0000.controller_manager]: Overrun detected! The controller manager missed its desired rate of 20 Hz. The loop took 59.306055 ms (missed cycles : 2).
[WARN] [1755200169.232501398] [a200_0000.controller_manager]: Overrun detected! The controller manager missed its desired rate of 20 Hz. The loop took 68.451101 ms (missed cycles : 2).
[WARN] [1755200170.530189132] [a200_0000.controller_manager]: Overrun detected! The controller manager missed its desired rate of 20 Hz. The loop took 66.136975 ms (missed cycles : 2).
[WARN] [1755200171.828987176] [a200_0000.controller_manager]: Overrun detected! The controller manager missed its desired rate of 20 Hz. The loop took 64.937069 ms (missed cycles : 2).
[WARN] [1755200173.127031660] [a200_0000.controller_manager]: Overrun detected! The controller manager missed its desired rate of 20 Hz. The loop took 62.981443 ms (missed cycles : 2).
[WARN] [1755200174.424877493] [a200_0000.controller_manager]: Overrun detected! The controller manager missed its desired rate of 20 Hz. The loop took 60.827396 ms (missed cycles : 2).
[WARN] [1755200175.734027820] [a200_0000.controller_manager]: Overrun detected! The controller manager missed its desired rate of 20 Hz. The loop took 69.977813 ms (missed cycles : 2).
[WARN] [1755200177.031829713] [a200_0000.controller_manager]: Overrun detected! The controller manager missed its desired rate of 20 Hz. The loop took 67.779366 ms (missed cycles : 2).
[WARN] [1755200178.329721647] [a200_0000.controller_manager]: Overrun detected! The controller manager missed its desired rate of 20 Hz. The loop took 65.671300 ms (missed cycles : 2).
[WARN] [1755200179.627548810] [a200_0000.controller_manager]: Overrun detected! The controller manager missed its desired rate of 20 Hz. The loop took 63.498183 ms (missed cycles : 2).
[WARN] [1755200180.925757224] [a200_0000.controller_manager]: Overrun detected! The controller manager missed its desired rate of 20 Hz. The loop took 61.706717 ms (missed cycles : 2).
[WARN] [1755200182.223380757] [a200_0000.controller_manager]: Overrun detected! The controller manager missed its desired rate of 20 Hz. The loop took 59.330320 ms (missed cycles : 2).
[WARN] [1755200183.533262414] [a200_0000.controller_manager]: Overrun detected! The controller manager missed its desired rate of 20 Hz. The loop took 69.212107 ms (missed cycles : 2).
[WARN] [1755200184.830771207] [a200_0000.controller_manager]: Overrun detected! The controller manager missed its desired rate of 20 Hz. The loop took 66.720390 ms (missed cycles : 2).
[WARN] [1755200186.128558250] [a200_0000.controller_manager]: Overrun detected! The controller manager missed its desired rate of 20 Hz. The loop took 64.508253 ms (missed cycles : 2).
[WARN] [1755200187.426503984] [a200_0000.controller_manager]: Overrun detected! The controller manager missed its desired rate of 20 Hz. The loop took 62.453067 ms (missed cycles : 2).
[WARN] [1755200188.724927538] [a200_0000.controller_manager]: Overrun detected! The controller manager missed its desired rate of 20 Hz. The loop took 60.877371 ms (missed cycles : 2).
[WARN] [1755200190.023284822] [a200_0000.controller_manager]: Overrun detected! The controller manager missed its desired rate of 20 Hz. The loop took 59.234745 ms (missed cycles : 2).
[WARN] [1755200191.331825738] [a200_0000.controller_manager]: Overrun detected! The controller manager missed its desired rate of 20 Hz. The loop took 67.775311 ms (missed cycles : 2).
[WARN] [1755200192.629715812] [a200_0000.controller_manager]: Overrun detected! The controller manager missed its desired rate of 20 Hz. The loop took 65.665435 ms (missed cycles : 2).
[WARN] [1755200193.927605025] [a200_0000.controller_manager]: Overrun detected! The controller manager missed its desired rate of 20 Hz. The loop took 63.554838 ms (missed cycles : 2).
[WARN] [1755200195.225548719] [a200_0000.controller_manager]: Overrun detected! The controller manager missed its desired rate of 20 Hz. The loop took 61.498522 ms (missed cycles : 2).
[WARN] [1755200196.524330093] [a200_0000.controller_manager]: Overrun detected! The controller manager missed its desired rate of 20 Hz. The loop took 60.279936 ms (missed cycles : 2).
[WARN] [1755200197.832762069] [a200_0000.controller_manager]: Overrun detected! The controller manager missed its desired rate of 20 Hz. The loop took 68.711782 ms (missed cycles : 2).
[WARN] [1755200199.130774482] [a200_0000.controller_manager]: Overrun detected! The controller manager missed its desired rate of 20 Hz. The loop took 66.724015 ms (missed cycles : 2).
[WARN] [1755200200.429657807] [a200_0000.controller_manager]: Overrun detected! The controller manager missed its desired rate of 20 Hz. The loop took 65.607670 ms (missed cycles : 2).
[WARN] [1755200201.727558621] [a200_0000.controller_manager]: Overrun detected! The controller manager missed its desired rate of 20 Hz. The loop took 63.508194 ms (missed cycles : 2).
[WARN] [1755200203.025549924] [a200_0000.controller_manager]: Overrun detected! The controller manager missed its desired rate of 20 Hz. The loop took 61.499977 ms (missed cycles : 2).
[WARN] [1755200204.323716528] [a200_0000.controller_manager]: Overrun detected! The controller manager missed its desired rate of 20 Hz. The loop took 59.666311 ms (missed cycles : 2).
[WARN] [1755200205.632822255] [a200_0000.controller_manager]: Overrun detected! The controller manager missed its desired rate of 20 Hz. The loop took 68.772158 ms (missed cycles : 2).
[WARN] [1755200206.929987007] [a200_0000.controller_manager]: Overrun detected! The controller manager missed its desired rate of 20 Hz. The loop took 65.936540 ms (missed cycles : 2).
[WARN] [1755200208.228599012] [a200_0000.controller_manager]: Overrun detected! The controller manager missed its desired rate of 20 Hz. The loop took 64.548405 ms (missed cycles : 2).
[WARN] [1755200209.526773715] [a200_0000.controller_manager]: Overrun detected! The controller manager missed its desired rate of 20 Hz. The loop took 62.723278 ms (missed cycles : 2).
[WARN] [1755200210.824987419] [a200_0000.controller_manager]: Overrun detected! The controller manager missed its desired rate of 20 Hz. The loop took 60.937402 ms (missed cycles : 2).
[WARN] [1755200212.134037776] [a200_0000.controller_manager]: Overrun detected! The controller manager missed its desired rate of 20 Hz. The loop took 69.987389 ms (missed cycles : 2).
[WARN] [1755200213.430820378] [a200_0000.controller_manager]: Overrun detected! The controller manager missed its desired rate of 20 Hz. The loop took 66.770231 ms (missed cycles : 2).
[WARN] [1755200214.729190282] [a200_0000.controller_manager]: Overrun detected! The controller manager missed its desired rate of 20 Hz. The loop took 65.140215 ms (missed cycles : 2).
[WARN] [1755200216.027217366] [a200_0000.controller_manager]: Overrun detected! The controller manager missed its desired rate of 20 Hz. The loop took 63.167249 ms (missed cycles : 2).
[WARN] [1755200217.325148059] [a200_0000.controller_manager]: Overrun detected! The controller manager missed its desired rate of 20 Hz. The loop took 61.097762 ms (missed cycles : 2).
[WARN] [1755200218.623383323] [a200_0000.controller_manager]: Overrun detected! The controller manager missed its desired rate of 20 Hz. The loop took 59.333116 ms (missed cycles : 2).
[WARN] [1755200219.931832209] [a200_0000.controller_manager]: Overrun detected! The controller manager missed its desired rate of 20 Hz. The loop took 67.781622 ms (missed cycles : 2).
[WARN] [1755200221.230389433] [a200_0000.controller_manager]: Overrun detected! The controller manager missed its desired rate of 20 Hz. The loop took 66.339166 ms (missed cycles : 2).
[WARN] [1755200222.528735317] [a200_0000.controller_manager]: Overrun detected! The controller manager missed its desired rate of 20 Hz. The loop took 64.684780 ms (missed cycles : 2).
[WARN] [1755200223.826602330] [a200_0000.controller_manager]: Overrun detected! The controller manager missed its desired rate of 20 Hz. The loop took 62.552113 ms (missed cycles : 2).
[WARN] [1755200225.124439934] [a200_0000.controller_manager]: Overrun detected! The controller manager missed its desired rate of 20 Hz. The loop took 60.389607 ms (missed cycles : 2).
[WARN] [1755200226.433285270] [a200_0000.controller_manager]: Overrun detected! The controller manager missed its desired rate of 20 Hz. The loop took 69.235443 ms (missed cycles : 2).
[WARN] [1755200227.731755224] [a200_0000.controller_manager]: Overrun detected! The controller manager missed its desired rate of 20 Hz. The loop took 67.705027 ms (missed cycles : 2).
[WARN] [1755200229.029274908] [a200_0000.controller_manager]: Overrun detected! The controller manager missed its desired rate of 20 Hz. The loop took 65.224281 ms (missed cycles : 2).
[WARN] [1755200230.327258911] [a200_0000.controller_manager]: Overrun detected! The controller manager missed its desired rate of 20 Hz. The loop took 63.208724 ms (missed cycles : 2).
[WARN] [1755200231.625771586] [a200_0000.controller_manager]: Overrun detected! The controller manager missed its desired rate of 20 Hz. The loop took 61.721399 ms (missed cycles : 2).
[WARN] [1755200232.923612439] [a200_0000.controller_manager]: Overrun detected! The controller manager missed its desired rate of 20 Hz. The loop took 59.561742 ms (missed cycles : 2).
[WARN] [1755200234.232443775] [a200_0000.controller_manager]: Overrun detected! The controller manager missed its desired rate of 20 Hz. The loop took 68.393558 ms (missed cycles : 2).
[WARN] [1755200235.530813159] [a200_0000.controller_manager]: Overrun detected! The controller manager missed its desired rate of 20 Hz. The loop took 66.763022 ms (missed cycles : 2).
[WARN] [1755200236.828875763] [a200_0000.controller_manager]: Overrun detected! The controller manager missed its desired rate of 20 Hz. The loop took 64.825616 ms (missed cycles : 2).
[WARN] [1755200238.126437686] [a200_0000.controller_manager]: Overrun detected! The controller manager missed its desired rate of 20 Hz. The loop took 62.387829 ms (missed cycles : 2).
[WARN] [1755200239.424500359] [a200_0000.controller_manager]: Overrun detected! The controller manager missed its desired rate of 20 Hz. The loop took 60.449992 ms (missed cycles : 2).
[WARN] [1755200240.733263985] [a200_0000.controller_manager]: Overrun detected! The controller manager missed its desired rate of 20 Hz. The loop took 69.213288 ms (missed cycles : 2).
[WARN] [1755200242.031446229] [a200_0000.controller_manager]: Overrun detected! The controller manager missed its desired rate of 20 Hz. The loop took 67.395652 ms (missed cycles : 2).
[WARN] [1755200243.329398703] [a200_0000.controller_manager]: Overrun detected! The controller manager missed its desired rate of 20 Hz. The loop took 65.348506 ms (missed cycles : 2).
[WARN] [1755200244.627868907] [a200_0000.controller_manager]: Overrun detected! The controller manager missed its desired rate of 20 Hz. The loop took 63.818930 ms (missed cycles : 2).
[WARN] [1755200245.925437560] [a200_0000.controller_manager]: Overrun detected! The controller manager missed its desired rate of 20 Hz. The loop took 61.387423 ms (missed cycles : 2).
[WARN] [1755200247.223770165] [a200_0000.controller_manager]: Overrun detected! The controller manager missed its desired rate of 20 Hz. The loop took 59.720038 ms (missed cycles : 2).
[WARN] [1755200248.532823781] [a200_0000.controller_manager]: Overrun detected! The controller manager missed its desired rate of 20 Hz. The loop took 68.773344 ms (missed cycles : 2).
[WARN] [1755200249.830873074] [a200_0000.controller_manager]: Overrun detected! The controller manager missed its desired rate of 20 Hz. The loop took 66.822757 ms (missed cycles : 2).
[WARN] [1755200251.129043349] [a200_0000.controller_manager]: Overrun detected! The controller manager missed its desired rate of 20 Hz. The loop took 64.992812 ms (missed cycles : 2).
[WARN] [1755200252.427089171] [a200_0000.controller_manager]: Overrun detected! The controller manager missed its desired rate of 20 Hz. The loop took 63.039044 ms (missed cycles : 2).
[WARN] [1755200253.724613944] [a200_0000.controller_manager]: Overrun detected! The controller manager missed its desired rate of 20 Hz. The loop took 60.563847 ms (missed cycles : 2).
[WARN] [1755200255.022483077] [a200_0000.controller_manager]: Overrun detected! The controller manager missed its desired rate of 20 Hz. The loop took 58.432630 ms (missed cycles : 2).
[WARN] [1755200256.332269145] [a200_0000.controller_manager]: Overrun detected! The controller manager missed its desired rate of 20 Hz. The loop took 68.218848 ms (missed cycles : 2).
[WARN] [1755200257.629981098] [a200_0000.controller_manager]: Overrun detected! The controller manager missed its desired rate of 20 Hz. The loop took 65.930971 ms (missed cycles : 2).
[WARN] [1755200258.927661311] [a200_0000.controller_manager]: Overrun detected! The controller manager missed its desired rate of 20 Hz. The loop took 63.611074 ms (missed cycles : 2).
[WARN] [1755200260.226371906] [a200_0000.controller_manager]: Overrun detected! The controller manager missed its desired rate of 20 Hz. The loop took 62.321639 ms (missed cycles : 2).
[WARN] [1755200261.524660720] [a200_0000.controller_manager]: Overrun detected! The controller manager missed its desired rate of 20 Hz. The loop took 60.610443 ms (missed cycles : 2).
[WARN] [1755200262.832761155] [a200_0000.controller_manager]: Overrun detected! The controller manager missed its desired rate of 20 Hz. The loop took 68.711068 ms (missed cycles : 2).
[WARN] [1755200264.130823549] [a200_0000.controller_manager]: Overrun detected! The controller manager missed its desired rate of 20 Hz. The loop took 66.773242 ms (missed cycles : 2).
[WARN] [1755200265.429816684] [a200_0000.controller_manager]: Overrun detected! The controller manager missed its desired rate of 20 Hz. The loop took 65.766477 ms (missed cycles : 2).
[WARN] [1755200266.727660127] [a200_0000.controller_manager]: Overrun detected! The controller manager missed its desired rate of 20 Hz. The loop took 63.609940 ms (missed cycles : 2).
[WARN] [1755200268.025925671] [a200_0000.controller_manager]: Overrun detected! The controller manager missed its desired rate of 20 Hz. The loop took 61.875334 ms (missed cycles : 2).
[WARN] [1755200269.323660865] [a200_0000.controller_manager]: Overrun detected! The controller manager missed its desired rate of 20 Hz. The loop took 59.610488 ms (missed cycles : 2).
[WARN] [1755200270.632334691] [a200_0000.controller_manager]: Overrun detected! The controller manager missed its desired rate of 20 Hz. The loop took 68.284784 ms (missed cycles : 2).
[WARN] [1755200271.930986495] [a200_0000.controller_manager]: Overrun detected! The controller manager missed its desired rate of 20 Hz. The loop took 66.935978 ms (missed cycles : 2).
[WARN] [1755200273.228815278] [a200_0000.controller_manager]: Overrun detected! The controller manager missed its desired rate of 20 Hz. The loop took 64.764981 ms (missed cycles : 2).
[WARN] [1755200274.526037491] [a200_0000.controller_manager]: Overrun detected! The controller manager missed its desired rate of 20 Hz. The loop took 61.987144 ms (missed cycles : 2).
[WARN] [1755200275.824492715] [a200_0000.controller_manager]: Overrun detected! The controller manager missed its desired rate of 20 Hz. The loop took 60.442558 ms (missed cycles : 2).
[WARN] [1755200277.133601092] [a200_0000.controller_manager]: Overrun detected! The controller manager missed its desired rate of 20 Hz. The loop took 69.550995 ms (missed cycles : 2).
[WARN] [1755200278.431882636] [a200_0000.controller_manager]: Overrun detected! The controller manager missed its desired rate of 20 Hz. The loop took 67.832319 ms (missed cycles : 2).
[WARN] [1755200279.729773570] [a200_0000.controller_manager]: Overrun detected! The controller manager missed its desired rate of 20 Hz. The loop took 65.722983 ms (missed cycles : 2).
[WARN] [1755200281.027549613] [a200_0000.controller_manager]: Overrun detected! The controller manager missed its desired rate of 20 Hz. The loop took 63.499656 ms (missed cycles : 2).
[WARN] [1755200282.325271477] [a200_0000.controller_manager]: Overrun detected! The controller manager missed its desired rate of 20 Hz. The loop took 61.221110 ms (missed cycles : 2).
[WARN] [1755200283.623658170] [a200_0000.controller_manager]: Overrun detected! The controller manager missed its desired rate of 20 Hz. The loop took 59.607993 ms (missed cycles : 2).
[WARN] [1755200284.932334927] [a200_0000.controller_manager]: Overrun detected! The controller manager missed its desired rate of 20 Hz. The loop took 68.284590 ms (missed cycles : 2).
[WARN] [1755200286.230927101] [a200_0000.controller_manager]: Overrun detected! The controller manager missed its desired rate of 20 Hz. The loop took 66.877184 ms (missed cycles : 2).
[WARN] [1755200287.528945695] [a200_0000.controller_manager]: Overrun detected! The controller manager missed its desired rate of 20 Hz. The loop took 64.895188 ms (missed cycles : 2).
[WARN] [1755200288.826206707] [a200_0000.controller_manager]: Overrun detected! The controller manager missed its desired rate of 20 Hz. The loop took 62.156360 ms (missed cycles : 2).
[WARN] [1755200290.124107371] [a200_0000.controller_manager]: Overrun detected! The controller manager missed its desired rate of 20 Hz. The loop took 60.056494 ms (missed cycles : 2).
[WARN] [1755200291.433866598] [a200_0000.controller_manager]: Overrun detected! The controller manager missed its desired rate of 20 Hz. The loop took 69.816801 ms (missed cycles : 2).
[WARN] [1755200292.731287092] [a200_0000.controller_manager]: Overrun detected! The controller manager missed its desired rate of 20 Hz. The loop took 67.236475 ms (missed cycles : 2).
[WARN] [1755200294.029985676] [a200_0000.controller_manager]: Overrun detected! The controller manager missed its desired rate of 20 Hz. The loop took 65.935199 ms (missed cycles : 2).
[WARN] [1755200295.327443819] [a200_0000.controller_manager]: Overrun detected! The controller manager missed its desired rate of 20 Hz. The loop took 63.393792 ms (missed cycles : 2).
[WARN] [1755200296.625554493] [a200_0000.controller_manager]: Overrun detected! The controller manager missed its desired rate of 20 Hz. The loop took 61.504226 ms (missed cycles : 2).
[WARN] [1755200297.923370046] [a200_0000.controller_manager]: Overrun detected! The controller manager missed its desired rate of 20 Hz. The loop took 59.319239 ms (missed cycles : 2).
[WARN] [1755200299.233165164] [a200_0000.controller_manager]: Overrun detected! The controller manager missed its desired rate of 20 Hz. The loop took 69.115027 ms (missed cycles : 2).
[WARN] [1755200300.530759097] [a200_0000.controller_manager]: Overrun detected! The controller manager missed its desired rate of 20 Hz. The loop took 66.708900 ms (missed cycles : 2).
[WARN] [1755200301.828659261] [a200_0000.controller_manager]: Overrun detected! The controller manager missed its desired rate of 20 Hz. The loop took 64.609214 ms (missed cycles : 2).
[WARN] [1755200303.126210904] [a200_0000.controller_manager]: Overrun detected! The controller manager missed its desired rate of 20 Hz. The loop took 62.160497 ms (missed cycles : 2).
[WARN] [1755200304.424948589] [a200_0000.controller_manager]: Overrun detected! The controller manager missed its desired rate of 20 Hz. The loop took 60.898102 ms (missed cycles : 2).
[WARN] [1755200305.733382724] [a200_0000.controller_manager]: Overrun detected! The controller manager missed its desired rate of 20 Hz. The loop took 69.332737 ms (missed cycles : 2).
[WARN] [1755200307.031209818] [a200_0000.controller_manager]: Overrun detected! The controller manager missed its desired rate of 20 Hz. The loop took 67.159751 ms (missed cycles : 2).
[WARN] [1755200308.329979963] [a200_0000.controller_manager]: Overrun detected! The controller manager missed its desired rate of 20 Hz. The loop took 65.929796 ms (missed cycles : 2).
[WARN] [1755200309.627824936] [a200_0000.controller_manager]: Overrun detected! The controller manager missed its desired rate of 20 Hz. The loop took 63.774199 ms (missed cycles : 2).
[WARN] [1755200310.926182550] [a200_0000.controller_manager]: Overrun detected! The controller manager missed its desired rate of 20 Hz. The loop took 62.132313 ms (missed cycles : 2).
[WARN] [1755200312.223939074] [a200_0000.controller_manager]: Overrun detected! The controller manager missed its desired rate of 20 Hz. The loop took 59.888807 ms (missed cycles : 2).
[WARN] [1755200313.533080090] [a200_0000.controller_manager]: Overrun detected! The controller manager missed its desired rate of 20 Hz. The loop took 69.029893 ms (missed cycles : 2).
[WARN] [1755200314.830929794] [a200_0000.controller_manager]: Overrun detected! The controller manager missed its desired rate of 20 Hz. The loop took 66.879217 ms (missed cycles : 2).
[WARN] [1755200316.128494927] [a200_0000.controller_manager]: Overrun detected! The controller manager missed its desired rate of 20 Hz. The loop took 64.444870 ms (missed cycles : 2).
[WARN] [1755200317.426759971] [a200_0000.controller_manager]: Overrun detected! The controller manager missed its desired rate of 20 Hz. The loop took 62.710044 ms (missed cycles : 2).
[WARN] [1755200318.725379966] [a200_0000.controller_manager]: Overrun detected! The controller manager missed its desired rate of 20 Hz. The loop took 61.329749 ms (missed cycles : 2).
[WARN] [1755200320.023603730] [a200_0000.controller_manager]: Overrun detected! The controller manager missed its desired rate of 20 Hz. The loop took 59.553743 ms (missed cycles : 2).
[WARN] [1755200321.332187785] [a200_0000.controller_manager]: Overrun detected! The controller manager missed its desired rate of 20 Hz. The loop took 68.137868 ms (missed cycles : 2).
[WARN] [1755200322.630707550] [a200_0000.controller_manager]: Overrun detected! The controller manager missed its desired rate of 20 Hz. The loop took 66.657603 ms (missed cycles : 2).
[WARN] [1755200323.927956733] [a200_0000.controller_manager]: Overrun detected! The controller manager missed its desired rate of 20 Hz. The loop took 63.906666 ms (missed cycles : 2).
[WARN] [1755200325.226554787] [a200_0000.controller_manager]: Overrun detected! The controller manager missed its desired rate of 20 Hz. The loop took 62.504060 ms (missed cycles : 2).
[WARN] [1755200326.524093140] [a200_0000.controller_manager]: Overrun detected! The controller manager missed its desired rate of 20 Hz. The loop took 60.043063 ms (missed cycles : 2).
[WARN] [1755200327.833447277] [a200_0000.controller_manager]: Overrun detected! The controller manager missed its desired rate of 20 Hz. The loop took 69.396180 ms (missed cycles : 2).
[WARN] [1755200329.131241301] [a200_0000.controller_manager]: Overrun detected! The controller manager missed its desired rate of 20 Hz. The loop took 67.191424 ms (missed cycles : 2).
[WARN] [1755200330.428604464] [a200_0000.controller_manager]: Overrun detected! The controller manager missed its desired rate of 20 Hz. The loop took 64.554207 ms (missed cycles : 2).
[WARN] [1755200331.727269949] [a200_0000.controller_manager]: Overrun detected! The controller manager missed its desired rate of 20 Hz. The loop took 63.219572 ms (missed cycles : 2).
[WARN] [1755200333.025042262] [a200_0000.controller_manager]: Overrun detected! The controller manager missed its desired rate of 20 Hz. The loop took 60.992145 ms (missed cycles : 2).
[WARN] [1755200334.323604056] [a200_0000.controller_manager]: Overrun detected! The controller manager missed its desired rate of 20 Hz. The loop took 59.554019 ms (missed cycles : 2).
[WARN] [1755200335.631874302] [a200_0000.controller_manager]: Overrun detected! The controller manager missed its desired rate of 20 Hz. The loop took 67.824245 ms (missed cycles : 2).
[WARN] [1755200336.931008537] [a200_0000.controller_manager]: Overrun detected! The controller manager missed its desired rate of 20 Hz. The loop took 66.958070 ms (missed cycles : 2).
[WARN] [1755200338.228658401] [a200_0000.controller_manager]: Overrun detected! The controller manager missed its desired rate of 20 Hz. The loop took 64.607984 ms (missed cycles : 2).
[WARN] [1755200339.526551174] [a200_0000.controller_manager]: Overrun detected! The controller manager missed its desired rate of 20 Hz. The loop took 62.501277 ms (missed cycles : 2).
[WARN] [1755200340.824769648] [a200_0000.controller_manager]: Overrun detected! The controller manager missed its desired rate of 20 Hz. The loop took 60.719401 ms (missed cycles : 2).
[WARN] [1755200342.133468564] [a200_0000.controller_manager]: Overrun detected! The controller manager missed its desired rate of 20 Hz. The loop took 69.417837 ms (missed cycles : 2).
[WARN] [1755200343.431130368] [a200_0000.controller_manager]: Overrun detected! The controller manager missed its desired rate of 20 Hz. The loop took 67.080251 ms (missed cycles : 2).
[WARN] [1755200344.729110761] [a200_0000.controller_manager]: Overrun detected! The controller manager missed its desired rate of 20 Hz. The loop took 65.060444 ms (missed cycles : 2).
[WARN] [1755200346.027766816] [a200_0000.controller_manager]: Overrun detected! The controller manager missed its desired rate of 20 Hz. The loop took 63.716729 ms (missed cycles : 2).
[WARN] [1755200347.325109619] [a200_0000.controller_manager]: Overrun detected! The controller manager missed its desired rate of 20 Hz. The loop took 61.059442 ms (missed cycles : 2).
[WARN] [1755200348.623471003] [a200_0000.controller_manager]: Overrun detected! The controller manager missed its desired rate of 20 Hz. The loop took 59.420706 ms (missed cycles : 2).
[WARN] [1755200349.932446239] [a200_0000.controller_manager]: Overrun detected! The controller manager missed its desired rate of 20 Hz. The loop took 68.395872 ms (missed cycles : 2).
[WARN] [1755200351.230727374] [a200_0000.controller_manager]: Overrun detected! The controller manager missed its desired rate of 20 Hz. The loop took 66.677287 ms (missed cycles : 2).
[WARN] [1755200352.528122367] [a200_0000.controller_manager]: Overrun detected! The controller manager missed its desired rate of 20 Hz. The loop took 64.072490 ms (missed cycles : 2).
[WARN] [1755200353.826512641] [a200_0000.controller_manager]: Overrun detected! The controller manager missed its desired rate of 20 Hz. The loop took 62.462404 ms (missed cycles : 2).
[WARN] [1755200355.124446535] [a200_0000.controller_manager]: Overrun detected! The controller manager missed its desired rate of 20 Hz. The loop took 60.396008 ms (missed cycles : 2).
[WARN] [1755200356.433945472] [a200_0000.controller_manager]: Overrun detected! The controller manager missed its desired rate of 20 Hz. The loop took 69.895205 ms (missed cycles : 2).
[WARN] [1755200357.731877875] [a200_0000.controller_manager]: Overrun detected! The controller manager missed its desired rate of 20 Hz. The loop took 67.827658 ms (missed cycles : 2).
[WARN] [1755200359.029137098] [a200_0000.controller_manager]: Overrun detected! The controller manager missed its desired rate of 20 Hz. The loop took 65.087241 ms (missed cycles : 2).
[WARN] [1755200360.327494983] [a200_0000.controller_manager]: Overrun detected! The controller manager missed its desired rate of 20 Hz. The loop took 63.444976 ms (missed cycles : 2).
[WARN] [1755200361.626028147] [a200_0000.controller_manager]: Overrun detected! The controller manager missed its desired rate of 20 Hz. The loop took 61.978000 ms (missed cycles : 2).
[WARN] [1755200362.923287110] [a200_0000.controller_manager]: Overrun detected! The controller manager missed its desired rate of 20 Hz. The loop took 59.237213 ms (missed cycles : 2).
[WARN] [1755200364.232447477] [a200_0000.controller_manager]: Overrun detected! The controller manager missed its desired rate of 20 Hz. The loop took 68.397070 ms (missed cycles : 2).
[WARN] [1755200365.530879151] [a200_0000.controller_manager]: Overrun detected! The controller manager missed its desired rate of 20 Hz. The loop took 66.828924 ms (missed cycles : 2).
[WARN] [1755200366.829031715] [a200_0000.controller_manager]: Overrun detected! The controller manager missed its desired rate of 20 Hz. The loop took 64.981528 ms (missed cycles : 2).
[WARN] [1755200368.126448268] [a200_0000.controller_manager]: Overrun detected! The controller manager missed its desired rate of 20 Hz. The loop took 62.397881 ms (missed cycles : 2).
[WARN] [1755200369.424927492] [a200_0000.controller_manager]: Overrun detected! The controller manager missed its desired rate of 20 Hz. The loop took 60.877505 ms (missed cycles : 2).
[WARN] [1755200370.722606126] [a200_0000.controller_manager]: Overrun detected! The controller manager missed its desired rate of 20 Hz. The loop took 58.555989 ms (missed cycles : 2).
[WARN] [1755200372.031718182] [a200_0000.controller_manager]: Overrun detected! The controller manager missed its desired rate of 20 Hz. The loop took 67.667815 ms (missed cycles : 2).
[WARN] [1755200373.329733256] [a200_0000.controller_manager]: Overrun detected! The controller manager missed its desired rate of 20 Hz. The loop took 65.681849 ms (missed cycles : 2).
[WARN] [1755200374.627762470] [a200_0000.controller_manager]: Overrun detected! The controller manager missed its desired rate of 20 Hz. The loop took 63.712543 ms (missed cycles : 2).
[WARN] [1755200375.926008114] [a200_0000.controller_manager]: Overrun detected! The controller manager missed its desired rate of 20 Hz. The loop took 61.957897 ms (missed cycles : 2).
[WARN] [1755200377.223800387] [a200_0000.controller_manager]: Overrun detected! The controller manager missed its desired rate of 20 Hz. The loop took 59.749800 ms (missed cycles : 2).
[WARN] [1755200378.532872004] [a200_0000.controller_manager]: Overrun detected! The controller manager missed its desired rate of 20 Hz. The loop took 68.821747 ms (missed cycles : 2).
[WARN] [1755200379.830776158] [a200_0000.controller_manager]: Overrun detected! The controller manager missed its desired rate of 20 Hz. The loop took 66.725891 ms (missed cycles : 2).
[WARN] [1755200381.128813522] [a200_0000.controller_manager]: Overrun detected! The controller manager missed its desired rate of 20 Hz. The loop took 64.763185 ms (missed cycles : 2).
[WARN] [1755200382.427660956] [a200_0000.controller_manager]: Overrun detected! The controller manager missed its desired rate of 20 Hz. The loop took 63.610449 ms (missed cycles : 2).
[WARN] [1755200383.724920850] [a200_0000.controller_manager]: Overrun detected! The controller manager missed its desired rate of 20 Hz. The loop took 60.870843 ms (missed cycles : 2).
[WARN] [1755200385.033989676] [a200_0000.controller_manager]: Overrun detected! The controller manager missed its desired rate of 20 Hz. The loop took 69.939439 ms (missed cycles : 2).
[WARN] [1755200386.331928510] [a200_0000.controller_manager]: Overrun detected! The controller manager missed its desired rate of 20 Hz. The loop took 67.878453 ms (missed cycles : 2).
[WARN] [1755200387.630820725] [a200_0000.controller_manager]: Overrun detected! The controller manager missed its desired rate of 20 Hz. The loop took 66.770668 ms (missed cycles : 2).
[WARN] [1755200388.928494768] [a200_0000.controller_manager]: Overrun detected! The controller manager missed its desired rate of 20 Hz. The loop took 64.444721 ms (missed cycles : 2).
[WARN] [1755200390.226880422] [a200_0000.controller_manager]: Overrun detected! The controller manager missed its desired rate of 20 Hz. The loop took 62.830215 ms (missed cycles : 2).
[WARN] [1755200391.524922036] [a200_0000.controller_manager]: Overrun detected! The controller manager missed its desired rate of 20 Hz. The loop took 60.871929 ms (missed cycles : 2).
[WARN] [1755200392.833871562] [a200_0000.controller_manager]: Overrun detected! The controller manager missed its desired rate of 20 Hz. The loop took 69.821235 ms (missed cycles : 2).
[WARN] [1755200394.130765465] [a200_0000.controller_manager]: Overrun detected! The controller manager missed its desired rate of 20 Hz. The loop took 66.715078 ms (missed cycles : 2).
[WARN] [1755200395.428767499] [a200_0000.controller_manager]: Overrun detected! The controller manager missed its desired rate of 20 Hz. The loop took 64.717322 ms (missed cycles : 2).
[WARN] [1755200396.727240373] [a200_0000.controller_manager]: Overrun detected! The controller manager missed its desired rate of 20 Hz. The loop took 63.189876 ms (missed cycles : 2).
[WARN] [1755200398.024923617] [a200_0000.controller_manager]: Overrun detected! The controller manager missed its desired rate of 20 Hz. The loop took 60.873460 ms (missed cycles : 2).
[WARN] [1755200399.322765920] [a200_0000.controller_manager]: Overrun detected! The controller manager missed its desired rate of 20 Hz. The loop took 58.715643 ms (missed cycles : 2).
[WARN] [1755200400.631871697] [a200_0000.controller_manager]: Overrun detected! The controller manager missed its desired rate of 20 Hz. The loop took 67.821630 ms (missed cycles : 2).
[WARN] [1755200401.930708572] [a200_0000.controller_manager]: Overrun detected! The controller manager missed its desired rate of 20 Hz. The loop took 66.658525 ms (missed cycles : 2).
[WARN] [1755200403.227728834] [a200_0000.controller_manager]: Overrun detected! The controller manager missed its desired rate of 20 Hz. The loop took 63.677117 ms (missed cycles : 2).
[WARN] [1755200404.526554839] [a200_0000.controller_manager]: Overrun detected! The controller manager missed its desired rate of 20 Hz. The loop took 62.504592 ms (missed cycles : 2).
[WARN] [1755200405.824440553] [a200_0000.controller_manager]: Overrun detected! The controller manager missed its desired rate of 20 Hz. The loop took 60.390386 ms (missed cycles : 2).
[WARN] [1755200407.132854009] [a200_0000.controller_manager]: Overrun detected! The controller manager missed its desired rate of 20 Hz. The loop took 68.803292 ms (missed cycles : 2).
[WARN] [1755200408.431380693] [a200_0000.controller_manager]: Overrun detected! The controller manager missed its desired rate of 20 Hz. The loop took 67.326926 ms (missed cycles : 2).
[WARN] [1755200409.729120646] [a200_0000.controller_manager]: Overrun detected! The controller manager missed its desired rate of 20 Hz. The loop took 65.070469 ms (missed cycles : 2).
[WARN] [1755200411.027706741] [a200_0000.controller_manager]: Overrun detected! The controller manager missed its desired rate of 20 Hz. The loop took 63.656724 ms (missed cycles : 2).
[WARN] [1755200412.325822805] [a200_0000.controller_manager]: Overrun detected! The controller manager missed its desired rate of 20 Hz. The loop took 61.772578 ms (missed cycles : 2).
[WARN] [1755200413.623444258] [a200_0000.controller_manager]: Overrun detected! The controller manager missed its desired rate of 20 Hz. The loop took 59.394231 ms (missed cycles : 2).
[WARN] [1755200414.932226695] [a200_0000.controller_manager]: Overrun detected! The controller manager missed its desired rate of 20 Hz. The loop took 68.176388 ms (missed cycles : 2).
[WARN] [1755200416.231087259] [a200_0000.controller_manager]: Overrun detected! The controller manager missed its desired rate of 20 Hz. The loop took 67.037302 ms (missed cycles : 2).
[WARN] [1755200417.528767653] [a200_0000.controller_manager]: Overrun detected! The controller manager missed its desired rate of 20 Hz. The loop took 64.717556 ms (missed cycles : 2).
[WARN] [1755200418.826599307] [a200_0000.controller_manager]: Overrun detected! The controller manager missed its desired rate of 20 Hz. The loop took 62.549100 ms (missed cycles : 2).
[WARN] [1755200420.124608850] [a200_0000.controller_manager]: Overrun detected! The controller manager missed its desired rate of 20 Hz. The loop took 60.558593 ms (missed cycles : 2).
[WARN] [1755200421.434194797] [a200_0000.controller_manager]: Overrun detected! The controller manager missed its desired rate of 20 Hz. The loop took 70.144760 ms (missed cycles : 2).
[WARN] [1755200422.731932571] [a200_0000.controller_manager]: Overrun detected! The controller manager missed its desired rate of 20 Hz. The loop took 67.882184 ms (missed cycles : 2).
[WARN] [1755200424.029212624] [a200_0000.controller_manager]: Overrun detected! The controller manager missed its desired rate of 20 Hz. The loop took 65.162617 ms (missed cycles : 2).
[WARN] [1755200425.327819459] [a200_0000.controller_manager]: Overrun detected! The controller manager missed its desired rate of 20 Hz. The loop took 63.769392 ms (missed cycles : 2).
[WARN] [1755200426.625493142] [a200_0000.controller_manager]: Overrun detected! The controller manager missed its desired rate of 20 Hz. The loop took 61.443105 ms (missed cycles : 2).
[WARN] [1755200427.923219276] [a200_0000.controller_manager]: Overrun detected! The controller manager missed its desired rate of 20 Hz. The loop took 59.168639 ms (missed cycles : 2).
[WARN] [1755200429.232384212] [a200_0000.controller_manager]: Overrun detected! The controller manager missed its desired rate of 20 Hz. The loop took 68.334145 ms (missed cycles : 2).
[WARN] [1755200430.530877227] [a200_0000.controller_manager]: Overrun detected! The controller manager missed its desired rate of 20 Hz. The loop took 66.826910 ms (missed cycles : 2).
[WARN] [1755200431.829189321] [a200_0000.controller_manager]: Overrun detected! The controller manager missed its desired rate of 20 Hz. The loop took 65.139424 ms (missed cycles : 2).
[WARN] [1755200433.126601524] [a200_0000.controller_manager]: Overrun detected! The controller manager missed its desired rate of 20 Hz. The loop took 62.551177 ms (missed cycles : 2).
[WARN] [1755200434.424332908] [a200_0000.controller_manager]: Overrun detected! The controller manager missed its desired rate of 20 Hz. The loop took 60.282971 ms (missed cycles : 2).
[WARN] [1755200435.722493842] [a200_0000.controller_manager]: Overrun detected! The controller manager missed its desired rate of 20 Hz. The loop took 58.443795 ms (missed cycles : 2).
[WARN] [1755200437.031831269] [a200_0000.controller_manager]: Overrun detected! The controller manager missed its desired rate of 20 Hz. The loop took 67.781032 ms (missed cycles : 2).
[WARN] [1755200438.329714262] [a200_0000.controller_manager]: Overrun detected! The controller manager missed its desired rate of 20 Hz. The loop took 65.664055 ms (missed cycles : 2).
[WARN] [1755200439.627714846] [a200_0000.controller_manager]: Overrun detected! The controller manager missed its desired rate of 20 Hz. The loop took 63.664339 ms (missed cycles : 2).
[WARN] [1755200440.926393871] [a200_0000.controller_manager]: Overrun detected! The controller manager missed its desired rate of 20 Hz. The loop took 62.342794 ms (missed cycles : 2).
[WARN] [1755200442.224598695] [a200_0000.controller_manager]: Overrun detected! The controller manager missed its desired rate of 20 Hz. The loop took 60.548728 ms (missed cycles : 2).
[WARN] [1755200443.532815780] [a200_0000.controller_manager]: Overrun detected! The controller manager missed its desired rate of 20 Hz. The loop took 68.766063 ms (missed cycles : 2).
[WARN] [1755200444.830706454] [a200_0000.controller_manager]: Overrun detected! The controller manager missed its desired rate of 20 Hz. The loop took 66.656387 ms (missed cycles : 2).
[WARN] [1755200446.128928488] [a200_0000.controller_manager]: Overrun detected! The controller manager missed its desired rate of 20 Hz. The loop took 64.878061 ms (missed cycles : 2).
[WARN] [1755200447.427653593] [a200_0000.controller_manager]: Overrun detected! The controller manager missed its desired rate of 20 Hz. The loop took 63.603316 ms (missed cycles : 2).
[WARN] [1755200448.725553137] [a200_0000.controller_manager]: Overrun detected! The controller manager missed its desired rate of 20 Hz. The loop took 61.502730 ms (missed cycles : 2).
[WARN] [1755200450.022610000] [a200_0000.controller_manager]: Overrun detected! The controller manager missed its desired rate of 20 Hz. The loop took 58.559643 ms (missed cycles : 2).
[WARN] [1755200451.332094687] [a200_0000.controller_manager]: Overrun detected! The controller manager missed its desired rate of 20 Hz. The loop took 68.044640 ms (missed cycles : 2).
[WARN] [1755200452.630030230] [a200_0000.controller_manager]: Overrun detected! The controller manager missed its desired rate of 20 Hz. The loop took 65.980333 ms (missed cycles : 2).
[WARN] [1755200453.928252875] [a200_0000.controller_manager]: Overrun detected! The controller manager missed its desired rate of 20 Hz. The loop took 64.202768 ms (missed cycles : 2).
[WARN] [1755200455.226042888] [a200_0000.controller_manager]: Overrun detected! The controller manager missed its desired rate of 20 Hz. The loop took 61.992711 ms (missed cycles : 2).
[WARN] [1755200456.524222922] [a200_0000.controller_manager]: Overrun detected! The controller manager missed its desired rate of 20 Hz. The loop took 60.173015 ms (missed cycles : 2).
[WARN] [1755200457.833994579] [a200_0000.controller_manager]: Overrun detected! The controller manager missed its desired rate of 20 Hz. The loop took 69.943442 ms (missed cycles : 2).
[WARN] [1755200459.131439843] [a200_0000.controller_manager]: Overrun detected! The controller manager missed its desired rate of 20 Hz. The loop took 67.389716 ms (missed cycles : 2).
[WARN] [1755200460.429369217] [a200_0000.controller_manager]: Overrun detected! The controller manager missed its desired rate of 20 Hz. The loop took 65.318330 ms (missed cycles : 2).
[WARN] [1755200461.727658201] [a200_0000.controller_manager]: Overrun detected! The controller manager missed its desired rate of 20 Hz. The loop took 63.607954 ms (missed cycles : 2).
[WARN] [1755200463.025553215] [a200_0000.controller_manager]: Overrun detected! The controller manager missed its desired rate of 20 Hz. The loop took 61.502978 ms (missed cycles : 2).
[WARN] [1755200464.323378768] [a200_0000.controller_manager]: Overrun detected! The controller manager missed its desired rate of 20 Hz. The loop took 59.328331 ms (missed cycles : 2).
[WARN] [1755200465.631817654] [a200_0000.controller_manager]: Overrun detected! The controller manager missed its desired rate of 20 Hz. The loop took 67.767507 ms (missed cycles : 2).
[WARN] [1755200466.930652319] [a200_0000.controller_manager]: Overrun detected! The controller manager missed its desired rate of 20 Hz. The loop took 66.602382 ms (missed cycles : 2).
[WARN] [1755200468.228275642] [a200_0000.controller_manager]: Overrun detected! The controller manager missed its desired rate of 20 Hz. The loop took 64.225595 ms (missed cycles : 2).
[WARN] [1755200469.526547486] [a200_0000.controller_manager]: Overrun detected! The controller manager missed its desired rate of 20 Hz. The loop took 62.497459 ms (missed cycles : 2).
[WARN] [1755200470.824935331] [a200_0000.controller_manager]: Overrun detected! The controller manager missed its desired rate of 20 Hz. The loop took 60.884834 ms (missed cycles : 2).
[WARN] [1755200472.133815177] [a200_0000.controller_manager]: Overrun detected! The controller manager missed its desired rate of 20 Hz. The loop took 69.765170 ms (missed cycles : 2).
[WARN] [1755200473.431763341] [a200_0000.controller_manager]: Overrun detected! The controller manager missed its desired rate of 20 Hz. The loop took 67.713234 ms (missed cycles : 2).
[WARN] [1755200474.729928305] [a200_0000.controller_manager]: Overrun detected! The controller manager missed its desired rate of 20 Hz. The loop took 65.877988 ms (missed cycles : 2).
[WARN] [1755200476.028033719] [a200_0000.controller_manager]: Overrun detected! The controller manager missed its desired rate of 20 Hz. The loop took 63.983462 ms (missed cycles : 2).
[WARN] [1755200477.325826042] [a200_0000.controller_manager]: Overrun detected! The controller manager missed its desired rate of 20 Hz. The loop took 61.775675 ms (missed cycles : 2).
[WARN] [1755200478.623449546] [a200_0000.controller_manager]: Overrun detected! The controller manager missed its desired rate of 20 Hz. The loop took 59.398829 ms (missed cycles : 2).
[WARN] [1755200479.932869353] [a200_0000.controller_manager]: Overrun detected! The controller manager missed its desired rate of 20 Hz. The loop took 68.818346 ms (missed cycles : 2).
[WARN] [1755200481.230759077] [a200_0000.controller_manager]: Overrun detected! The controller manager missed its desired rate of 20 Hz. The loop took 66.709190 ms (missed cycles : 2).
[WARN] [1755200482.528766971] [a200_0000.controller_manager]: Overrun detected! The controller manager missed its desired rate of 20 Hz. The loop took 64.717024 ms (missed cycles : 2).
[WARN] [1755200483.826033984] [a200_0000.controller_manager]: Overrun detected! The controller manager missed its desired rate of 20 Hz. The loop took 61.984007 ms (missed cycles : 2).
[WARN] [1755200485.124439308] [a200_0000.controller_manager]: Overrun detected! The controller manager missed its desired rate of 20 Hz. The loop took 60.389111 ms (missed cycles : 2).
[WARN] [1755200486.433760745] [a200_0000.controller_manager]: Overrun detected! The controller manager missed its desired rate of 20 Hz. The loop took 69.710388 ms (missed cycles : 2).
[WARN] [1755200487.731333468] [a200_0000.controller_manager]: Overrun detected! The controller manager missed its desired rate of 20 Hz. The loop took 67.283021 ms (missed cycles : 2).
[WARN] [1755200489.029658583] [a200_0000.controller_manager]: Overrun detected! The controller manager missed its desired rate of 20 Hz. The loop took 65.608086 ms (missed cycles : 2).
[WARN] [1755200490.327274976] [a200_0000.controller_manager]: Overrun detected! The controller manager missed its desired rate of 20 Hz. The loop took 63.224839 ms (missed cycles : 2).
[WARN] [1755200491.625660090] [a200_0000.controller_manager]: Overrun detected! The controller manager missed its desired rate of 20 Hz. The loop took 61.609823 ms (missed cycles : 2).
[WARN] [1755200492.923958335] [a200_0000.controller_manager]: Overrun detected! The controller manager missed its desired rate of 20 Hz. The loop took 59.908138 ms (missed cycles : 2).
[WARN] [1755200494.232924541] [a200_0000.controller_manager]: Overrun detected! The controller manager missed its desired rate of 20 Hz. The loop took 68.873964 ms (missed cycles : 2).
[WARN] [1755200495.531248516] [a200_0000.controller_manager]: Overrun detected! The controller manager missed its desired rate of 20 Hz. The loop took 67.198379 ms (missed cycles : 2).
[WARN] [1755200496.829325070] [a200_0000.controller_manager]: Overrun detected! The controller manager missed its desired rate of 20 Hz. The loop took 65.274913 ms (missed cycles : 2).
[WARN] [1755200498.126623953] [a200_0000.controller_manager]: Overrun detected! The controller manager missed its desired rate of 20 Hz. The loop took 62.573796 ms (missed cycles : 2).
[WARN] [1755200499.425385307] [a200_0000.controller_manager]: Overrun detected! The controller manager missed its desired rate of 20 Hz. The loop took 61.334920 ms (missed cycles : 2).
[WARN] [1755200500.722949641] [a200_0000.controller_manager]: Overrun detected! The controller manager missed its desired rate of 20 Hz. The loop took 58.898314 ms (missed cycles : 2).
[WARN] [1755200502.032381458] [a200_0000.controller_manager]: Overrun detected! The controller manager missed its desired rate of 20 Hz. The loop took 68.331341 ms (missed cycles : 2).
[WARN] [1755200503.330148001] [a200_0000.controller_manager]: Overrun detected! The controller manager missed its desired rate of 20 Hz. The loop took 66.097654 ms (missed cycles : 2).
[WARN] [1755200504.627925465] [a200_0000.controller_manager]: Overrun detected! The controller manager missed its desired rate of 20 Hz. The loop took 63.874828 ms (missed cycles : 2).
[WARN] [1755200505.926652670] [a200_0000.controller_manager]: Overrun detected! The controller manager missed its desired rate of 20 Hz. The loop took 62.602473 ms (missed cycles : 2).
[WARN] [1755200507.224293523] [a200_0000.controller_manager]: Overrun detected! The controller manager missed its desired rate of 20 Hz. The loop took 60.243176 ms (missed cycles : 2).
[WARN] [1755200508.532921589] [a200_0000.controller_manager]: Overrun detected! The controller manager missed its desired rate of 20 Hz. The loop took 68.871462 ms (missed cycles : 2).
[WARN] [1755200509.831157584] [a200_0000.controller_manager]: Overrun detected! The controller manager missed its desired rate of 20 Hz. The loop took 67.107567 ms (missed cycles : 2).
[WARN] [1755200511.129092357] [a200_0000.controller_manager]: Overrun detected! The controller manager missed its desired rate of 20 Hz. The loop took 65.042360 ms (missed cycles : 2).
[WARN] [1755200512.426659251] [a200_0000.controller_manager]: Overrun detected! The controller manager missed its desired rate of 20 Hz. The loop took 62.609084 ms (missed cycles : 2).
[WARN] [1755200513.724766655] [a200_0000.controller_manager]: Overrun detected! The controller manager missed its desired rate of 20 Hz. The loop took 60.716498 ms (missed cycles : 2).
[WARN] [1755200515.023331729] [a200_0000.controller_manager]: Overrun detected! The controller manager missed its desired rate of 20 Hz. The loop took 59.281502 ms (missed cycles : 2).
[WARN] [1755200516.332156535] [a200_0000.controller_manager]: Overrun detected! The controller manager missed its desired rate of 20 Hz. The loop took 68.105468 ms (missed cycles : 2).
[WARN] [1755200517.629655329] [a200_0000.controller_manager]: Overrun detected! The controller manager missed its desired rate of 20 Hz. The loop took 65.605132 ms (missed cycles : 2).
[WARN] [1755200518.928380613] [a200_0000.controller_manager]: Overrun detected! The controller manager missed its desired rate of 20 Hz. The loop took 64.330556 ms (missed cycles : 2).
[WARN] [1755200520.225768427] [a200_0000.controller_manager]: Overrun detected! The controller manager missed its desired rate of 20 Hz. The loop took 61.718270 ms (missed cycles : 2).
[WARN] [1755200521.524430681] [a200_0000.controller_manager]: Overrun detected! The controller manager missed its desired rate of 20 Hz. The loop took 60.380474 ms (missed cycles : 2).
[WARN] [1755200522.832718807] [a200_0000.controller_manager]: Overrun detected! The controller manager missed its desired rate of 20 Hz. The loop took 68.668680 ms (missed cycles : 2).
[WARN] [1755200524.131323922] [a200_0000.controller_manager]: Overrun detected! The controller manager missed its desired rate of 20 Hz. The loop took 67.273605 ms (missed cycles : 2).
[WARN] [1755200525.429712996] [a200_0000.controller_manager]: Overrun detected! The controller manager missed its desired rate of 20 Hz. The loop took 65.663009 ms (missed cycles : 2).
[WARN] [1755200526.727652200] [a200_0000.controller_manager]: Overrun detected! The controller manager missed its desired rate of 20 Hz. The loop took 63.602243 ms (missed cycles : 2).
[WARN] [1755200528.025546634] [a200_0000.controller_manager]: Overrun detected! The controller manager missed its desired rate of 20 Hz. The loop took 61.496647 ms (missed cycles : 2).
[WARN] [1755200529.323837838] [a200_0000.controller_manager]: Overrun detected! The controller manager missed its desired rate of 20 Hz. The loop took 59.787691 ms (missed cycles : 2).
[WARN] [1755200530.632497504] [a200_0000.controller_manager]: Overrun detected! The controller manager missed its desired rate of 20 Hz. The loop took 68.447397 ms (missed cycles : 2).
[WARN] [1755200531.930820159] [a200_0000.controller_manager]: Overrun detected! The controller manager missed its desired rate of 20 Hz. The loop took 66.769922 ms (missed cycles : 2).
[WARN] [1755200533.227987152] [a200_0000.controller_manager]: Overrun detected! The controller manager missed its desired rate of 20 Hz. The loop took 63.936885 ms (missed cycles : 2).
[WARN] [1755200534.526188706] [a200_0000.controller_manager]: Overrun detected! The controller manager missed its desired rate of 20 Hz. The loop took 62.138689 ms (missed cycles : 2).
[WARN] [1755200535.824117850] [a200_0000.controller_manager]: Overrun detected! The controller manager missed its desired rate of 20 Hz. The loop took 60.066963 ms (missed cycles : 2).
[WARN] [1755200537.132935786] [a200_0000.controller_manager]: Overrun detected! The controller manager missed its desired rate of 20 Hz. The loop took 68.885569 ms (missed cycles : 2).
[WARN] [1755200538.431446610] [a200_0000.controller_manager]: Overrun detected! The controller manager missed its desired rate of 20 Hz. The loop took 67.396313 ms (missed cycles : 2).
[WARN] [1755200539.728975434] [a200_0000.controller_manager]: Overrun detected! The controller manager missed its desired rate of 20 Hz. The loop took 64.925267 ms (missed cycles : 2).
[WARN] [1755200541.027667537] [a200_0000.controller_manager]: Overrun detected! The controller manager missed its desired rate of 20 Hz. The loop took 63.616640 ms (missed cycles : 2).
[WARN] [1755200542.325496231] [a200_0000.controller_manager]: Overrun detected! The controller manager missed its desired rate of 20 Hz. The loop took 61.446274 ms (missed cycles : 2).
[WARN] [1755200543.623713725] [a200_0000.controller_manager]: Overrun detected! The controller manager missed its desired rate of 20 Hz. The loop took 59.663468 ms (missed cycles : 2).
[WARN] [1755200544.932270301] [a200_0000.controller_manager]: Overrun detected! The controller manager missed its desired rate of 20 Hz. The loop took 68.219594 ms (missed cycles : 2).
[WARN] [1755200546.229944834] [a200_0000.controller_manager]: Overrun detected! The controller manager missed its desired rate of 20 Hz. The loop took 65.894337 ms (missed cycles : 2).
[WARN] [1755200547.528987290] [a200_0000.controller_manager]: Overrun detected! The controller manager missed its desired rate of 20 Hz. The loop took 64.937093 ms (missed cycles : 2).
[WARN] [1755200548.826770993] [a200_0000.controller_manager]: Overrun detected! The controller manager missed its desired rate of 20 Hz. The loop took 62.720706 ms (missed cycles : 2).
[WARN] [1755200550.124882727] [a200_0000.controller_manager]: Overrun detected! The controller manager missed its desired rate of 20 Hz. The loop took 60.832500 ms (missed cycles : 2).
[WARN] [1755200551.433386473] [a200_0000.controller_manager]: Overrun detected! The controller manager missed its desired rate of 20 Hz. The loop took 69.336146 ms (missed cycles : 2).
[WARN] [1755200552.731917498] [a200_0000.controller_manager]: Overrun detected! The controller manager missed its desired rate of 20 Hz. The loop took 67.866971 ms (missed cycles : 2).
[WARN] [1755200554.029934282] [a200_0000.controller_manager]: Overrun detected! The controller manager missed its desired rate of 20 Hz. The loop took 65.884035 ms (missed cycles : 2).
[WARN] [1755200555.327741225] [a200_0000.controller_manager]: Overrun detected! The controller manager missed its desired rate of 20 Hz. The loop took 63.690558 ms (missed cycles : 2).
[WARN] [1755200556.625296549] [a200_0000.controller_manager]: Overrun detected! The controller manager missed its desired rate of 20 Hz. The loop took 61.246102 ms (missed cycles : 2).
[WARN] [1755200557.923927993] [a200_0000.controller_manager]: Overrun detected! The controller manager missed its desired rate of 20 Hz. The loop took 59.877816 ms (missed cycles : 2).
[WARN] [1755200559.232895030] [a200_0000.controller_manager]: Overrun detected! The controller manager missed its desired rate of 20 Hz. The loop took 68.844743 ms (missed cycles : 2).
[WARN] [1755200560.531153394] [a200_0000.controller_manager]: Overrun detected! The controller manager missed its desired rate of 20 Hz. The loop took 67.100307 ms (missed cycles : 2).
[WARN] [1755200561.829074288] [a200_0000.controller_manager]: Overrun detected! The controller manager missed its desired rate of 20 Hz. The loop took 65.022971 ms (missed cycles : 2).
[WARN] [1755200563.127376412] [a200_0000.controller_manager]: Overrun detected! The controller manager missed its desired rate of 20 Hz. The loop took 63.326275 ms (missed cycles : 2).
[WARN] [1755200564.425440186] [a200_0000.controller_manager]: Overrun detected! The controller manager missed its desired rate of 20 Hz. The loop took 61.389949 ms (missed cycles : 2).
[WARN] [1755200565.734283603] [a200_0000.controller_manager]: Overrun detected! The controller manager missed its desired rate of 20 Hz. The loop took 70.233486 ms (missed cycles : 2).
[WARN] [1755200567.031870036] [a200_0000.controller_manager]: Overrun detected! The controller manager missed its desired rate of 20 Hz. The loop took 67.820069 ms (missed cycles : 2).
[WARN] [1755200568.329761950] [a200_0000.controller_manager]: Overrun detected! The controller manager missed its desired rate of 20 Hz. The loop took 65.712003 ms (missed cycles : 2).
[WARN] [1755200569.628083544] [a200_0000.controller_manager]: Overrun detected! The controller manager missed its desired rate of 20 Hz. The loop took 64.033207 ms (missed cycles : 2).
[WARN] [1755200570.926552469] [a200_0000.controller_manager]: Overrun detected! The controller manager missed its desired rate of 20 Hz. The loop took 62.502062 ms (missed cycles : 2).
[WARN] [1755200572.224351942] [a200_0000.controller_manager]: Overrun detected! The controller manager missed its desired rate of 20 Hz. The loop took 60.301845 ms (missed cycles : 2).
[WARN] [1755200573.533272639] [a200_0000.controller_manager]: Overrun detected! The controller manager missed its desired rate of 20 Hz. The loop took 69.222532 ms (missed cycles : 2).
[WARN] [1755200574.830707762] [a200_0000.controller_manager]: Overrun detected! The controller manager missed its desired rate of 20 Hz. The loop took 66.657865 ms (missed cycles : 2).
[WARN] [1755200576.129098147] [a200_0000.controller_manager]: Overrun detected! The controller manager missed its desired rate of 20 Hz. The loop took 65.047740 ms (missed cycles : 2).
[WARN] [1755200577.426665570] [a200_0000.controller_manager]: Overrun detected! The controller manager missed its desired rate of 20 Hz. The loop took 62.614963 ms (missed cycles : 2).
[WARN] [1755200578.724498544] [a200_0000.controller_manager]: Overrun detected! The controller manager missed its desired rate of 20 Hz. The loop took 60.448447 ms (missed cycles : 2).
[WARN] [1755200580.023271329] [a200_0000.controller_manager]: Overrun detected! The controller manager missed its desired rate of 20 Hz. The loop took 59.221282 ms (missed cycles : 2).
[WARN] [1755200581.331709605] [a200_0000.controller_manager]: Overrun detected! The controller manager missed its desired rate of 20 Hz. The loop took 67.659328 ms (missed cycles : 2).
[WARN] [1755200582.630329929] [a200_0000.controller_manager]: Overrun detected! The controller manager missed its desired rate of 20 Hz. The loop took 66.279912 ms (missed cycles : 2).
[WARN] [1755200583.928600333] [a200_0000.controller_manager]: Overrun detected! The controller manager missed its desired rate of 20 Hz. The loop took 64.550426 ms (missed cycles : 2).
[WARN] [1755200585.226450217] [a200_0000.controller_manager]: Overrun detected! The controller manager missed its desired rate of 20 Hz. The loop took 62.400110 ms (missed cycles : 2).
[WARN] [1755200586.524338921] [a200_0000.controller_manager]: Overrun detected! The controller manager missed its desired rate of 20 Hz. The loop took 60.288854 ms (missed cycles : 2).
[WARN] [1755200587.844190010] [a200_0000.controller_manager]: Overrun detected! The controller manager missed its desired rate of 20 Hz. The loop took 80.139923 ms (missed cycles : 2).
[WARN] [1755200589.130768851] [a200_0000.controller_manager]: Overrun detected! The controller manager missed its desired rate of 20 Hz. The loop took 66.718254 ms (missed cycles : 2).
[WARN] [1755200590.429824416] [a200_0000.controller_manager]: Overrun detected! The controller manager missed its desired rate of 20 Hz. The loop took 65.774249 ms (missed cycles : 2).
[WARN] [1755200591.727459420] [a200_0000.controller_manager]: Overrun detected! The controller manager missed its desired rate of 20 Hz. The loop took 63.408153 ms (missed cycles : 2).
[WARN] [1755200593.024989173] [a200_0000.controller_manager]: Overrun detected! The controller manager missed its desired rate of 20 Hz. The loop took 60.938506 ms (missed cycles : 2).
[WARN] [1755200594.323386578] [a200_0000.controller_manager]: Overrun detected! The controller manager missed its desired rate of 20 Hz. The loop took 59.336011 ms (missed cycles : 2).
[WARN] [1755200595.632887115] [a200_0000.controller_manager]: Overrun detected! The controller manager missed its desired rate of 20 Hz. The loop took 68.836898 ms (missed cycles : 2).
[WARN] [1755200596.930337808] [a200_0000.controller_manager]: Overrun detected! The controller manager missed its desired rate of 20 Hz. The loop took 66.287641 ms (missed cycles : 2).
[WARN] [1755200598.228638842] [a200_0000.controller_manager]: Overrun detected! The controller manager missed its desired rate of 20 Hz. The loop took 64.588515 ms (missed cycles : 2).
[WARN] [1755200599.526146676] [a200_0000.controller_manager]: Overrun detected! The controller manager missed its desired rate of 20 Hz. The loop took 62.096169 ms (missed cycles : 2).
[WARN] [1755200600.824498040] [a200_0000.controller_manager]: Overrun detected! The controller manager missed its desired rate of 20 Hz. The loop took 60.447863 ms (missed cycles : 2).
[WARN] [1755200602.133464016] [a200_0000.controller_manager]: Overrun detected! The controller manager missed its desired rate of 20 Hz. The loop took 69.413999 ms (missed cycles : 2).
[WARN] [1755200603.431497101] [a200_0000.controller_manager]: Overrun detected! The controller manager missed its desired rate of 20 Hz. The loop took 67.446974 ms (missed cycles : 2).
[WARN] [1755200604.729445085] [a200_0000.controller_manager]: Overrun detected! The controller manager missed its desired rate of 20 Hz. The loop took 65.394848 ms (missed cycles : 2).
[WARN] [1755200606.027146558] [a200_0000.controller_manager]: Overrun detected! The controller manager missed its desired rate of 20 Hz. The loop took 63.095901 ms (missed cycles : 2).
[WARN] [1755200607.325973173] [a200_0000.controller_manager]: Overrun detected! The controller manager missed its desired rate of 20 Hz. The loop took 61.923156 ms (missed cycles : 2).
[WARN] [1755200608.623990547] [a200_0000.controller_manager]: Overrun detected! The controller manager missed its desired rate of 20 Hz. The loop took 59.939400 ms (missed cycles : 2).
[WARN] [1755200609.932282843] [a200_0000.controller_manager]: Overrun detected! The controller manager missed its desired rate of 20 Hz. The loop took 68.232476 ms (missed cycles : 2).
[WARN] [1755200611.230981287] [a200_0000.controller_manager]: Overrun detected! The controller manager missed its desired rate of 20 Hz. The loop took 66.931300 ms (missed cycles : 2).
[WARN] [1755200612.528597171] [a200_0000.controller_manager]: Overrun detected! The controller manager missed its desired rate of 20 Hz. The loop took 64.547344 ms (missed cycles : 2).
[WARN] [1755200613.826437965] [a200_0000.controller_manager]: Overrun detected! The controller manager missed its desired rate of 20 Hz. The loop took 62.388248 ms (missed cycles : 2).
[WARN] [1755200615.124491229] [a200_0000.controller_manager]: Overrun detected! The controller manager missed its desired rate of 20 Hz. The loop took 60.441472 ms (missed cycles : 2).
[WARN] [1755200616.434168896] [a200_0000.controller_manager]: Overrun detected! The controller manager missed its desired rate of 20 Hz. The loop took 70.118239 ms (missed cycles : 2).
[WARN] [1755200617.731660359] [a200_0000.controller_manager]: Overrun detected! The controller manager missed its desired rate of 20 Hz. The loop took 67.610382 ms (missed cycles : 2).
[WARN] [1755200619.029661163] [a200_0000.controller_manager]: Overrun detected! The controller manager missed its desired rate of 20 Hz. The loop took 65.610916 ms (missed cycles : 2).
[WARN] [1755200620.327531697] [a200_0000.controller_manager]: Overrun detected! The controller manager missed its desired rate of 20 Hz. The loop took 63.481670 ms (missed cycles : 2).
[WARN] [1755200621.625494171] [a200_0000.controller_manager]: Overrun detected! The controller manager missed its desired rate of 20 Hz. The loop took 61.443914 ms (missed cycles : 2).
                                                                                                                                                                                                                                                                                                                                                                                                                                                                                                                                                                                                                                                                                                                                                                    