[INFO] [1754074280.408488711] [a200_0000.controller_manager]: Using Steady (Monotonic) clock for triggering controller manager cycles.
[INFO] [1754074280.419606649] [a200_0000.controller_manager]: Subscribing to '/a200_0000/robot_description' topic for robot description.
[INFO] [1754074280.475473266] [a200_0000.controller_manager]: update rate is 20 Hz
[INFO] [1754074280.475513091] [a200_0000.controller_manager]: Spawning controller_manager RT thread with scheduler priority: 50
[WARN] [1754074280.475610211] [a200_0000.controller_manager]: Could not enable FIFO RT scheduling policy: with error number <1>(Operation not permitted). See [https://control.ros.org/master/doc/ros2_control/controller_manager/doc/userdoc.html] for details on how to enable realtime scheduling.
[INFO] [1754074280.476044445] [a200_0000.controller_manager]: Received robot description from topic.
[INFO] [1754074280.477732169] [a200_0000.controller_manager]: Loading hardware 'a200_hardware' 
[INFO] [1754074280.478439004] [a200_0000.controller_manager]: Loaded hardware 'a200_hardware' from plugin 'clearpath_hardware_interfaces/A200Hardware'
[INFO] [1754074280.478475956] [a200_0000.controller_manager]: Initialize hardware 'a200_hardware' 
[INFO] [1754074280.478508813] [A200Hardware]: Name: a200_hardware
[INFO] [1754074280.478510981] [A200Hardware]: Number of Joints 4
[INFO] [1754074280.484894810] [A200Hardware]: Port: /dev/clearpath/prolific
[ERROR] [1754074280.484993046] [a200_0000.controller_manager]: Unknown exception occurred while initializing hardware 'a200_hardware'
[WARN] [1754074280.485022765] [a200_0000.controller_manager]: System hardware component 'a200_hardware' from plugin 'clearpath_hardware_interfaces/A200Hardware' failed to initialize.
[WARN] [1754074280.488714236] [a200_0000.controller_manager]: Could not load and initialize hardware. Please check previous output for more details. After you have corrected your URDF, try to publish robot description again.
[WARN] [1754074281.418066845] [a200_0000.controller_manager]: Waiting for data on 'robot_description' topic to finish initialization
[WARN] [1754074282.418163640] [a200_0000.controller_manager]: Waiting for data on 'robot_description' topic to finish initialization
[WARN] [1754074283.418066026] [a200_0000.controller_manager]: Waiting for data on 'robot_description' topic to finish initialization
[WARN] [1754074284.418036970] [a200_0000.controller_manager]: Waiting for data on 'robot_description' topic to finish initialization
[WARN] [1754074285.418042880] [a200_0000.controller_manager]: Waiting for data on 'robot_description' topic to finish initialization
[WARN] [1754074286.418043384] [a200_0000.controller_manager]: Waiting for data on 'robot_description' topic to finish initialization
[WARN] [1754074287.418075595] [a200_0000.controller_manager]: Waiting for data on 'robot_description' topic to finish initialization
[WARN] [1754074288.418039975] [a200_0000.controller_manager]: Waiting for data on 'robot_description' topic to finish initialization
[WARN] [1754074289.418071796] [a200_0000.controller_manager]: Waiting for data on 'robot_description' topic to finish initialization
[WARN] [1754074290.418067774] [a200_0000.controller_manager]: Waiting for data on 'robot_description' topic to finish initialization
[WARN] [1754074291.418068770] [a200_0000.controller_manager]: Waiting for data on 'robot_description' topic to finish initialization
[WARN] [1754074292.418064260] [a200_0000.controller_manager]: Waiting for data on 'robot_description' topic to finish initialization
[WARN] [1754074293.418040266] [a200_0000.controller_manager]: Waiting for data on 'robot_description' topic to finish initialization
[WARN] [1754074294.418036603] [a200_0000.controller_manager]: Waiting for data on 'robot_description' topic to finish initialization
[WARN] [1754074295.418039950] [a200_0000.controller_manager]: Waiting for data on 'robot_description' topic to finish initialization
[WARN] [1754074296.418037857] [a200_0000.controller_manager]: Waiting for data on 'robot_description' topic to finish initialization
[WARN] [1754074297.418070562] [a200_0000.controller_manager]: Waiting for data on 'robot_description' topic to finish initialization
[WARN] [1754074298.418063947] [a200_0000.controller_manager]: Waiting for data on 'robot_description' topic to finish initialization
[WARN] [1754074299.418065812] [a200_0000.controller_manager]: Waiting for data on 'robot_description' topic to finish initialization
[WARN] [1754074300.418128329] [a200_0000.controller_manager]: Waiting for data on 'robot_description' topic to finish initialization
[WARN] [1754074301.418055051] [a200_0000.controller_manager]: Waiting for data on 'robot_description' topic to finish initialization
[WARN] [1754074302.418065958] [a200_0000.controller_manager]: Waiting for data on 'robot_description' topic to finish initialization
[WARN] [1754074303.418112805] [a200_0000.controller_manager]: Waiting for data on 'robot_description' topic to finish initialization
[WARN] [1754074304.418108492] [a200_0000.controller_manager]: Waiting for data on 'robot_description' topic to finish initialization
[WARN] [1754074305.418066836] [a200_0000.controller_manager]: Waiting for data on 'robot_description' topic to finish initialization
[WARN] [1754074306.418049340] [a200_0000.controller_manager]: Waiting for data on 'robot_description' topic to finish initialization
[WARN] [1754074307.418131359] [a200_0000.controller_manager]: Waiting for data on 'robot_description' topic to finish initialization
[WARN] [1754074308.418036480] [a200_0000.controller_manager]: Waiting for data on 'robot_description' topic to finish initialization
[WARN] [1754074309.418197089] [a200_0000.controller_manager]: Waiting for data on 'robot_description' topic to finish initialization
[WARN] [1754074310.418066693] [a200_0000.controller_manager]: Waiting for data on 'robot_description' topic to finish initialization
[WARN] [1754074311.418036901] [a200_0000.controller_manager]: Waiting for data on 'robot_description' topic to finish initialization
[WARN] [1754074312.418062107] [a200_0000.controller_manager]: Waiting for data on 'robot_description' topic to finish initialization
[WARN] [1754074313.418039629] [a200_0000.controller_manager]: Waiting for data on 'robot_description' topic to finish initialization
[WARN] [1754074314.418052819] [a200_0000.controller_manager]: Waiting for data on 'robot_description' topic to finish initialization
[WARN] [1754074315.418065253] [a200_0000.controller_manager]: Waiting for data on 'robot_description' topic to finish initialization
[WARN] [1754074316.418187145] [a200_0000.controller_manager]: Waiting for data on 'robot_description' topic to finish initialization
[WARN] [1754074317.418152979] [a200_0000.controller_manager]: Waiting for data on 'robot_description' topic to finish initialization
[WARN] [1754074318.418046628] [a200_0000.controller_manager]: Waiting for data on 'robot_description' topic to finish initialization
[WARN] [1754074319.418076762] [a200_0000.controller_manager]: Waiting for data on 'robot_description' topic to finish initialization
[WARN] [1754074320.418076090] [a200_0000.controller_manager]: Waiting for data on 'robot_description' topic to finish initialization
[WARN] [1754074321.418107956] [a200_0000.controller_manager]: Waiting for data on 'robot_description' topic to finish initialization
[WARN] [1754074322.418039328] [a200_0000.controller_manager]: Waiting for data on 'robot_description' topic to finish initialization
[WARN] [1754074323.418115552] [a200_0000.controller_manager]: Waiting for data on 'robot_description' topic to finish initialization
[WARN] [1754074324.418067652] [a200_0000.controller_manager]: Waiting for data on 'robot_description' topic to finish initialization
[WARN] [1754074325.418074580] [a200_0000.controller_manager]: Waiting for data on 'robot_description' topic to finish initialization
[WARN] [1754074326.418086199] [a200_0000.controller_manager]: Waiting for data on 'robot_description' topic to finish initialization
[WARN] [1754074327.418029944] [a200_0000.controller_manager]: Waiting for data on 'robot_description' topic to finish initialization
[WARN] [1754074328.418094026] [a200_0000.controller_manager]: Waiting for data on 'robot_description' topic to finish initialization
[WARN] [1754074329.418068311] [a200_0000.controller_manager]: Waiting for data on 'robot_description' topic to finish initialization
[WARN] [1754074330.418101720] [a200_0000.controller_manager]: Waiting for data on 'robot_description' topic to finish initialization
[WARN] [1754074331.418052268] [a200_0000.controller_manager]: Waiting for data on 'robot_description' topic to finish initialization
[WARN] [1754074332.418137538] [a200_0000.controller_manager]: Waiting for data on 'robot_description' topic to finish initialization
[WARN] [1754074333.418073812] [a200_0000.controller_manager]: Waiting for data on 'robot_description' topic to finish initialization
[WARN] [1754074334.418065818] [a200_0000.controller_manager]: Waiting for data on 'robot_description' topic to finish initialization
[WARN] [1754074335.418069405] [a200_0000.controller_manager]: Waiting for data on 'robot_description' topic to finish initialization
[WARN] [1754074336.418170470] [a200_0000.controller_manager]: Waiting for data on 'robot_description' topic to finish initialization
[WARN] [1754074337.418170960] [a200_0000.controller_manager]: Waiting for data on 'robot_description' topic to finish initialization
[WARN] [1754074338.418428131] [a200_0000.controller_manager]: Waiting for data on 'robot_description' topic to finish initialization
[WARN] [1754074339.418397866] [a200_0000.controller_manager]: Waiting for data on 'robot_description' topic to finish initialization
[WARN] [1754074340.418156734] [a200_0000.controller_manager]: Waiting for data on 'robot_description' topic to finish initialization
[WARN] [1754074341.418176945] [a200_0000.controller_manager]: Waiting for data on 'robot_description' topic to finish initialization
[WARN] [1754074342.418081628] [a200_0000.controller_manager]: Waiting for data on 'robot_description' topic to finish initialization
[WARN] [1754074343.418213457] [a200_0000.controller_manager]: Waiting for data on 'robot_description' topic to finish initialization
[WARN] [1754074344.418105814] [a200_0000.controller_manager]: Waiting for data on 'robot_description' topic to finish initialization
[WARN] [1754074345.418090232] [a200_0000.controller_manager]: Waiting for data on 'robot_description' topic to finish initialization
[WARN] [1754074346.418185521] [a200_0000.controller_manager]: Waiting for data on 'robot_description' topic to finish initialization
[WARN] [1754074347.418103779] [a200_0000.controller_manager]: Waiting for data on 'robot_description' topic to finish initialization
[WARN] [1754074348.418090254] [a200_0000.controller_manager]: Waiting for data on 'robot_description' topic to finish initialization
[WARN] [1754074349.418107693] [a200_0000.controller_manager]: Waiting for data on 'robot_description' topic to finish initialization
[WARN] [1754074350.418174153] [a200_0000.controller_manager]: Waiting for data on 'robot_description' topic to finish initialization
[WARN] [1754074351.418117877] [a200_0000.controller_manager]: Waiting for data on 'robot_description' topic to finish initialization
[WARN] [1754074352.418114457] [a200_0000.controller_manager]: Waiting for data on 'robot_description' topic to finish initialization
[WARN] [1754074353.418222876] [a200_0000.controller_manager]: Waiting for data on 'robot_description' topic to finish initialization
[WARN] [1754074354.418179563] [a200_0000.controller_manager]: Waiting for data on 'robot_description' topic to finish initialization
[WARN] [1754074355.418182064] [a200_0000.controller_manager]: Waiting for data on 'robot_description' topic to finish initialization
[WARN] [1754074356.418167324] [a200_0000.controller_manager]: Waiting for data on 'robot_description' topic to finish initialization
[WARN] [1754074357.418113882] [a200_0000.controller_manager]: Waiting for data on 'robot_description' topic to finish initialization
[WARN] [1754074358.418107086] [a200_0000.controller_manager]: Waiting for data on 'robot_description' topic to finish initialization
[WARN] [1754074359.418133259] [a200_0000.controller_manager]: Waiting for data on 'robot_description' topic to finish initialization
[WARN] [1754074360.418197591] [a200_0000.controller_manager]: Waiting for data on 'robot_description' topic to finish initialization
[WARN] [1754074361.418077923] [a200_0000.controller_manager]: Waiting for data on 'robot_description' topic to finish initialization
[WARN] [1754074362.418101174] [a200_0000.controller_manager]: Waiting for data on 'robot_description' topic to finish initialization
[WARN] [1754074363.418174906] [a200_0000.controller_manager]: Waiting for data on 'robot_description' topic to finish initialization
[WARN] [1754074364.418150467] [a200_0000.controller_manager]: Waiting for data on 'robot_description' topic to finish initialization
[WARN] [1754074365.418172588] [a200_0000.controller_manager]: Waiting for data on 'robot_description' topic to finish initialization
[WARN] [1754074366.418111528] [a200_0000.controller_manager]: Waiting for data on 'robot_description' topic to finish initialization
[WARN] [1754074367.418217640] [a200_0000.controller_manager]: Waiting for data on 'robot_description' topic to finish initialization
[WARN] [1754074368.418098992] [a200_0000.controller_manager]: Waiting for data on 'robot_description' topic to finish initialization
[WARN] [1754074369.418229959] [a200_0000.controller_manager]: Waiting for data on 'robot_description' topic to finish initialization
[WARN] [1754074370.418081474] [a200_0000.controller_manager]: Waiting for data on 'robot_description' topic to finish initialization
[WARN] [1754074371.418169045] [a200_0000.controller_manager]: Waiting for data on 'robot_description' topic to finish initialization
[WARN] [1754074372.418078927] [a200_0000.controller_manager]: Waiting for data on 'robot_description' topic to finish initialization
[WARN] [1754074373.418096028] [a200_0000.controller_manager]: Waiting for data on 'robot_description' topic to finish initialization
[WARN] [1754074374.418147168] [a200_0000.controller_manager]: Waiting for data on 'robot_description' topic to finish initialization
[WARN] [1754074375.418142023] [a200_0000.controller_manager]: Waiting for data on 'robot_description' topic to finish initialization
[WARN] [1754074376.418113772] [a200_0000.controller_manager]: Waiting for data on 'robot_description' topic to finish initialization
[WARN] [1754074377.418115350] [a200_0000.controller_manager]: Waiting for data on 'robot_description' topic to finish initialization
[WARN] [1754074378.418098183] [a200_0000.controller_manager]: Waiting for data on 'robot_description' topic to finish initialization
[WARN] [1754074379.418224211] [a200_0000.controller_manager]: Waiting for data on 'robot_description' topic to finish initialization
[WARN] [1754074380.418076265] [a200_0000.controller_manager]: Waiting for data on 'robot_description' topic to finish initialization
[WARN] [1754074381.418159534] [a200_0000.controller_manager]: Waiting for data on 'robot_description' topic to finish initialization
[WARN] [1754074382.418169783] [a200_0000.controller_manager]: Waiting for data on 'robot_description' topic to finish initialization
[WARN] [1754074383.418164115] [a200_0000.controller_manager]: Waiting for data on 'robot_description' topic to finish initialization
[WARN] [1754074384.418177650] [a200_0000.controller_manager]: Waiting for data on 'robot_description' topic to finish initialization
[WARN] [1754074385.418107143] [a200_0000.controller_manager]: Waiting for data on 'robot_description' topic to finish initialization
[WARN] [1754074386.418197807] [a200_0000.controller_manager]: Waiting for data on 'robot_description' topic to finish initialization
[WARN] [1754074387.418144079] [a200_0000.controller_manager]: Waiting for data on 'robot_description' topic to finish initialization
[WARN] [1754074388.418099415] [a200_0000.controller_manager]: Waiting for data on 'robot_description' topic to finish initialization
[WARN] [1754074389.418080352] [a200_0000.controller_manager]: Waiting for data on 'robot_description' topic to finish initialization
[WARN] [1754074390.418207782] [a200_0000.controller_manager]: Waiting for data on 'robot_description' topic to finish initialization
[WARN] [1754074391.418112415] [a200_0000.controller_manager]: Waiting for data on 'robot_description' topic to finish initialization
[WARN] [1754074392.418173618] [a200_0000.controller_manager]: Waiting for data on 'robot_description' topic to finish initialization
[WARN] [1754074393.418112039] [a200_0000.controller_manager]: Waiting for data on 'robot_description' topic to finish initialization
[WARN] [1754074394.418077231] [a200_0000.controller_manager]: Waiting for data on 'robot_description' topic to finish initialization
[WARN] [1754074395.418106526] [a200_0000.controller_manager]: Waiting for data on 'robot_description' topic to finish initialization
[WARN] [1754074396.418174635] [a200_0000.controller_manager]: Waiting for data on 'robot_description' topic to finish initialization
[WARN] [1754074397.418091296] [a200_0000.controller_manager]: Waiting for data on 'robot_description' topic to finish initialization
[WARN] [1754074398.418185415] [a200_0000.controller_manager]: Waiting for data on 'robot_description' topic to finish initialization
[WARN] [1754074399.418186109] [a200_0000.controller_manager]: Waiting for data on 'robot_description' topic to finish initialization
[WARN] [1754074400.418166533] [a200_0000.controller_manager]: Waiting for data on 'robot_description' topic to finish initialization
[WARN] [1754074401.418183212] [a200_0000.controller_manager]: Waiting for data on 'robot_description' topic to finish initialization
[WARN] [1754074402.418177466] [a200_0000.controller_manager]: Waiting for data on 'robot_description' topic to finish initialization
[WARN] [1754074403.418104707] [a200_0000.controller_manager]: Waiting for data on 'robot_description' topic to finish initialization
[WARN] [1754074404.418101805] [a200_0000.controller_manager]: Waiting for data on 'robot_description' topic to finish initialization
[WARN] [1754074405.418175981] [a200_0000.controller_manager]: Waiting for data on 'robot_description' topic to finish initialization
[WARN] [1754074406.418192826] [a200_0000.controller_manager]: Waiting for data on 'robot_description' topic to finish initialization
[WARN] [1754074407.418119015] [a200_0000.controller_manager]: Waiting for data on 'robot_description' topic to finish initialization
[WARN] [1754074408.418123153] [a200_0000.controller_manager]: Waiting for data on 'robot_description' topic to finish initialization
[WARN] [1754074409.418120678] [a200_0000.controller_manager]: Waiting for data on 'robot_description' topic to finish initialization
[WARN] [1754074410.418111609] [a200_0000.controller_manager]: Waiting for data on 'robot_description' topic to finish initialization
[WARN] [1754074411.418163900] [a200_0000.controller_manager]: Waiting for data on 'robot_description' topic to finish initialization
[WARN] [1754074412.418108557] [a200_0000.controller_manager]: Waiting for data on 'robot_description' topic to finish initialization
[WARN] [1754074413.418139576] [a200_0000.controller_manager]: Waiting for data on 'robot_description' topic to finish initialization
[WARN] [1754074414.418197011] [a200_0000.controller_manager]: Waiting for data on 'robot_description' topic to finish initialization
[WARN] [1754074415.418229824] [a200_0000.controller_manager]: Waiting for data on 'robot_description' topic to finish initialization
[WARN] [1754074416.418160129] [a200_0000.controller_manager]: Waiting for data on 'robot_description' topic to finish initialization
[WARN] [1754074417.418166603] [a200_0000.controller_manager]: Waiting for data on 'robot_description' topic to finish initialization
[WARN] [1754074418.418170998] [a200_0000.controller_manager]: Waiting for data on 'robot_description' topic to finish initialization
[WARN] [1754074419.418099096] [a200_0000.controller_manager]: Waiting for data on 'robot_description' topic to finish initialization
[WARN] [1754074420.418115440] [a200_0000.controller_manager]: Waiting for data on 'robot_description' topic to finish initialization
[WARN] [1754074421.418105267] [a200_0000.controller_manager]: Waiting for data on 'robot_description' topic to finish initialization
[WARN] [1754074422.418175404] [a200_0000.controller_manager]: Waiting for data on 'robot_description' topic to finish initialization
[WARN] [1754074423.418109506] [a200_0000.controller_manager]: Waiting for data on 'robot_description' topic to finish initialization
[WARN] [1754074424.418180351] [a200_0000.controller_manager]: Waiting for data on 'robot_description' topic to finish initialization
[WARN] [1754074425.418086750] [a200_0000.controller_manager]: Waiting for data on 'robot_description' topic to finish initialization
[WARN] [1754074426.418092653] [a200_0000.controller_manager]: Waiting for data on 'robot_description' topic to finish initialization
[WARN] [1754074427.418179654] [a200_0000.controller_manager]: Waiting for data on 'robot_description' topic to finish initialization
[WARN] [1754074428.418169909] [a200_0000.controller_manager]: Waiting for data on 'robot_description' topic to finish initialization
[WARN] [1754074429.418091730] [a200_0000.controller_manager]: Waiting for data on 'robot_description' topic to finish initialization
[WARN] [1754074430.418217838] [a200_0000.controller_manager]: Waiting for data on 'robot_description' topic to finish initialization
[WARN] [1754074431.418197640] [a200_0000.controller_manager]: Waiting for data on 'robot_description' topic to finish initialization
[WARN] [1754074432.418170635] [a200_0000.controller_manager]: Waiting for data on 'robot_description' topic to finish initialization
[WARN] [1754074433.418174615] [a200_0000.controller_manager]: Waiting for data on 'robot_description' topic to finish initialization
[WARN] [1754074434.418183127] [a200_0000.controller_manager]: Waiting for data on 'robot_description' topic to finish initialization
[WARN] [1754074435.418108891] [a200_0000.controller_manager]: Waiting for data on 'robot_description' topic to finish initialization
[WARN] [1754074436.418165948] [a200_0000.controller_manager]: Waiting for data on 'robot_description' topic to finish initialization
[WARN] [1754074437.418179812] [a200_0000.controller_manager]: Waiting for data on 'robot_description' topic to finish initialization
[WARN] [1754074438.418187733] [a200_0000.controller_manager]: Waiting for data on 'robot_description' topic to finish initialization
[WARN] [1754074439.418135448] [a200_0000.controller_manager]: Waiting for data on 'robot_description' topic to finish initialization
[WARN] [1754074440.418173909] [a200_0000.controller_manager]: Waiting for data on 'robot_description' topic to finish initialization
[WARN] [1754074441.418085335] [a200_0000.controller_manager]: Waiting for data on 'robot_description' topic to finish initialization
[WARN] [1754074442.418102730] [a200_0000.controller_manager]: Waiting for data on 'robot_description' topic to finish initialization
[WARN] [1754074443.418169760] [a200_0000.controller_manager]: Waiting for data on 'robot_description' topic to finish initialization
[WARN] [1754074444.418100743] [a200_0000.controller_manager]: Waiting for data on 'robot_description' topic to finish initialization
[WARN] [1754074445.418101885] [a200_0000.controller_manager]: Waiting for data on 'robot_description' topic to finish initialization
[WARN] [1754074446.418143873] [a200_0000.controller_manager]: Waiting for data on 'robot_description' topic to finish initialization
[WARN] [1754074447.418166273] [a200_0000.controller_manager]: Waiting for data on 'robot_description' topic to finish initialization
[WARN] [1754074448.418090770] [a200_0000.controller_manager]: Waiting for data on 'robot_description' topic to finish initialization
[WARN] [1754074449.418154189] [a200_0000.controller_manager]: Waiting for data on 'robot_description' topic to finish initialization
[WARN] [1754074450.418209289] [a200_0000.controller_manager]: Waiting for data on 'robot_description' topic to finish initialization
[WARN] [1754074451.418185598] [a200_0000.controller_manager]: Waiting for data on 'robot_description' topic to finish initialization
[WARN] [1754074452.418163153] [a200_0000.controller_manager]: Waiting for data on 'robot_description' topic to finish initialization
[WARN] [1754074453.418114496] [a200_0000.controller_manager]: Waiting for data on 'robot_description' topic to finish initialization
[WARN] [1754074454.418177220] [a200_0000.controller_manager]: Waiting for data on 'robot_description' topic to finish initialization
[WARN] [1754074455.418203329] [a200_0000.controller_manager]: Waiting for data on 'robot_description' topic to finish initialization
[WARN] [1754074456.418188895] [a200_0000.controller_manager]: Waiting for data on 'robot_description' topic to finish initialization
[WARN] [1754074457.418182236] [a200_0000.controller_manager]: Waiting for data on 'robot_description' topic to finish initialization
[WARN] [1754074458.418135332] [a200_0000.controller_manager]: Waiting for data on 'robot_description' topic to finish initialization
[WARN] [1754074459.418109215] [a200_0000.controller_manager]: Waiting for data on 'robot_description' topic to finish initialization
[WARN] [1754074460.418167938] [a200_0000.controller_manager]: Waiting for data on 'robot_description' topic to finish initialization
[WARN] [1754074461.418178804] [a200_0000.controller_manager]: Waiting for data on 'robot_description' topic to finish initialization
[WARN] [1754074462.418146358] [a200_0000.controller_manager]: Waiting for data on 'robot_description' topic to finish initialization
[WARN] [1754074463.418100330] [a200_0000.controller_manager]: Waiting for data on 'robot_description' topic to finish initialization
[WARN] [1754074464.418164341] [a200_0000.controller_manager]: Waiting for data on 'robot_description' topic to finish initialization
[WARN] [1754074465.418171620] [a200_0000.controller_manager]: Waiting for data on 'robot_description' topic to finish initialization
[WARN] [1754074466.418099069] [a200_0000.controller_manager]: Waiting for data on 'robot_description' topic to finish initialization
[WARN] [1754074467.418086439] [a200_0000.controller_manager]: Waiting for data on 'robot_description' topic to finish initialization
[WARN] [1754074468.418182758] [a200_0000.controller_manager]: Waiting for data on 'robot_description' topic to finish initialization
[WARN] [1754074469.418066396] [a200_0000.controller_manager]: Waiting for data on 'robot_description' topic to finish initialization
[WARN] [1754074470.418177713] [a200_0000.controller_manager]: Waiting for data on 'robot_description' topic to finish initialization
[WARN] [1754074471.418148940] [a200_0000.controller_manager]: Waiting for data on 'robot_description' topic to finish initialization
[WARN] [1754074472.418174228] [a200_0000.controller_manager]: Waiting for data on 'robot_description' topic to finish initialization
[WARN] [1754074473.418111317] [a200_0000.controller_manager]: Waiting for data on 'robot_description' topic to finish initialization
[WARN] [1754074474.418166905] [a200_0000.controller_manager]: Waiting for data on 'robot_description' topic to finish initialization
[WARN] [1754074475.418106917] [a200_0000.controller_manager]: Waiting for data on 'robot_description' topic to finish initialization
[WARN] [1754074476.418134594] [a200_0000.controller_manager]: Waiting for data on 'robot_description' topic to finish initialization
[WARN] [1754074477.418202930] [a200_0000.controller_manager]: Waiting for data on 'robot_description' topic to finish initialization
[WARN] [1754074478.418172577] [a200_0000.controller_manager]: Waiting for data on 'robot_description' topic to finish initialization
[WARN] [1754074479.418119426] [a200_0000.controller_manager]: Waiting for data on 'robot_description' topic to finish initialization
[WARN] [1754074480.418172836] [a200_0000.controller_manager]: Waiting for data on 'robot_description' topic to finish initialization
[WARN] [1754074481.418168018] [a200_0000.controller_manager]: Waiting for data on 'robot_description' topic to finish initialization
[WARN] [1754074482.418178214] [a200_0000.controller_manager]: Waiting for data on 'robot_description' topic to finish initialization
[WARN] [1754074483.418167763] [a200_0000.controller_manager]: Waiting for data on 'robot_description' topic to finish initialization
[WARN] [1754074484.418164845] [a200_0000.controller_manager]: Waiting for data on 'robot_description' topic to finish initialization
[WARN] [1754074485.418117980] [a200_0000.controller_manager]: Waiting for data on 'robot_description' topic to finish initialization
[WARN] [1754074486.418084196] [a200_0000.controller_manager]: Waiting for data on 'robot_description' topic to finish initialization
[WARN] [1754074487.418173050] [a200_0000.controller_manager]: Waiting for data on 'robot_description' topic to finish initialization
[WARN] [1754074488.418237856] [a200_0000.controller_manager]: Waiting for data on 'robot_description' topic to finish initialization
[WARN] [1754074489.418161119] [a200_0000.controller_manager]: Waiting for data on 'robot_description' topic to finish initialization
[WARN] [1754074490.418175285] [a200_0000.controller_manager]: Waiting for data on 'robot_description' topic to finish initialization
[WARN] [1754074491.418182538] [a200_0000.controller_manager]: Waiting for data on 'robot_description' topic to finish initialization
[WARN] [1754074492.418199748] [a200_0000.controller_manager]: Waiting for data on 'robot_description' topic to finish initialization
[WARN] [1754074493.418182057] [a200_0000.controller_manager]: Waiting for data on 'robot_description' topic to finish initialization
[WARN] [1754074494.418117420] [a200_0000.controller_manager]: Waiting for data on 'robot_description' topic to finish initialization
[WARN] [1754074495.418115629] [a200_0000.controller_manager]: Waiting for data on 'robot_description' topic to finish initialization
[WARN] [1754074496.418188352] [a200_0000.controller_manager]: Waiting for data on 'robot_description' topic to finish initialization
[WARN] [1754074497.418172034] [a200_0000.controller_manager]: Waiting for data on 'robot_description' topic to finish initialization
[WARN] [1754074498.418177366] [a200_0000.controller_manager]: Waiting for data on 'robot_description' topic to finish initialization
[WARN] [1754074499.418167446] [a200_0000.controller_manager]: Waiting for data on 'robot_description' topic to finish initialization
[WARN] [1754074500.418172277] [a200_0000.controller_manager]: Waiting for data on 'robot_description' topic to finish initialization
[WARN] [1754074501.418193832] [a200_0000.controller_manager]: Waiting for data on 'robot_description' topic to finish initialization
[WARN] [1754074502.418168035] [a200_0000.controller_manager]: Waiting for data on 'robot_description' topic to finish initialization
[WARN] [1754074503.418104332] [a200_0000.controller_manager]: Waiting for data on 'robot_description' topic to finish initialization
[WARN] [1754074504.418186284] [a200_0000.controller_manager]: Waiting for data on 'robot_description' topic to finish initialization
[WARN] [1754074505.418097446] [a200_0000.controller_manager]: Waiting for data on 'robot_description' topic to finish initialization
[WARN] [1754074506.418145596] [a200_0000.controller_manager]: Waiting for data on 'robot_description' topic to finish initialization
[WARN] [1754074507.418093722] [a200_0000.controller_manager]: Waiting for data on 'robot_description' topic to finish initialization
[WARN] [1754074508.418062838] [a200_0000.controller_manager]: Waiting for data on 'robot_description' topic to finish initialization
[WARN] [1754074509.418170616] [a200_0000.controller_manager]: Waiting for data on 'robot_description' topic to finish initialization
[WARN] [1754074510.418119411] [a200_0000.controller_manager]: Waiting for data on 'robot_description' topic to finish initialization
[WARN] [1754074511.418200191] [a200_0000.controller_manager]: Waiting for data on 'robot_description' topic to finish initialization
[WARN] [1754074512.418106268] [a200_0000.controller_manager]: Waiting for data on 'robot_description' topic to finish initialization
[WARN] [1754074513.418177265] [a200_0000.controller_manager]: Waiting for data on 'robot_description' topic to finish initialization
[WARN] [1754074514.418170070] [a200_0000.controller_manager]: Waiting for data on 'robot_description' topic to finish initialization
[WARN] [1754074515.418118084] [a200_0000.controller_manager]: Waiting for data on 'robot_description' topic to finish initialization
[WARN] [1754074516.418174405] [a200_0000.controller_manager]: Waiting for data on 'robot_description' topic to finish initialization
[WARN] [1754074517.418183007] [a200_0000.controller_manager]: Waiting for data on 'robot_description' topic to finish initialization
[WARN] [1754074518.418081244] [a200_0000.controller_manager]: Waiting for data on 'robot_description' topic to finish initialization
[WARN] [1754074519.418096869] [a200_0000.controller_manager]: Waiting for data on 'robot_description' topic to finish initialization
[WARN] [1754074520.418116743] [a200_0000.controller_manager]: Waiting for data on 'robot_description' topic to finish initialization
[WARN] [1754074521.418159283] [a200_0000.controller_manager]: Waiting for data on 'robot_description' topic to finish initialization
[WARN] [1754074522.418143126] [a200_0000.controller_manager]: Waiting for data on 'robot_description' topic to finish initialization
[WARN] [1754074523.418095917] [a200_0000.controller_manager]: Waiting for data on 'robot_description' topic to finish initialization
[WARN] [1754074524.418164135] [a200_0000.controller_manager]: Waiting for data on 'robot_description' topic to finish initialization
[WARN] [1754074525.418118264] [a200_0000.controller_manager]: Waiting for data on 'robot_description' topic to finish initialization
[WARN] [1754074526.418116938] [a200_0000.controller_manager]: Waiting for data on 'robot_description' topic to finish initialization
[WARN] [1754074527.418108221] [a200_0000.controller_manager]: Waiting for data on 'robot_description' topic to finish initialization
[WARN] [1754074528.418170480] [a200_0000.controller_manager]: Waiting for data on 'robot_description' topic to finish initialization
[WARN] [1754074529.418100234] [a200_0000.controller_manager]: Waiting for data on 'robot_description' topic to finish initialization
[WARN] [1754074530.418067289] [a200_0000.controller_manager]: Waiting for data on 'robot_description' topic to finish initialization
[WARN] [1754074531.418203031] [a200_0000.controller_manager]: Waiting for data on 'robot_description' topic to finish initialization
[WARN] [1754074532.418075894] [a200_0000.controller_manager]: Waiting for data on 'robot_description' topic to finish initialization
[WARN] [1754074533.418101674] [a200_0000.controller_manager]: Waiting for data on 'robot_description' topic to finish initialization
[WARN] [1754074534.418098457] [a200_0000.controller_manager]: Waiting for data on 'robot_description' topic to finish initialization
[WARN] [1754074535.418134334] [a200_0000.controller_manager]: Waiting for data on 'robot_description' topic to finish initialization
[WARN] [1754074536.418174679] [a200_0000.controller_manager]: Waiting for data on 'robot_description' topic to finish initialization
[WARN] [1754074537.418175869] [a200_0000.controller_manager]: Waiting for data on 'robot_description' topic to finish initialization
[WARN] [1754074538.418179476] [a200_0000.controller_manager]: Waiting for data on 'robot_description' topic to finish initialization
[WARN] [1754074539.418078215] [a200_0000.controller_manager]: Waiting for data on 'robot_description' topic to finish initialization
[WARN] [1754074540.418077680] [a200_0000.controller_manager]: Waiting for data on 'robot_description' topic to finish initialization
[WARN] [1754074541.418110806] [a200_0000.controller_manager]: Waiting for data on 'robot_description' topic to finish initialization
[WARN] [1754074542.418103585] [a200_0000.controller_manager]: Waiting for data on 'robot_description' topic to finish initialization
[WARN] [1754074543.418179599] [a200_0000.controller_manager]: Waiting for data on 'robot_description' topic to finish initialization
[WARN] [1754074544.418138120] [a200_0000.controller_manager]: Waiting for data on 'robot_description' topic to finish initialization
[WARN] [1754074545.418178790] [a200_0000.controller_manager]: Waiting for data on 'robot_description' topic to finish initialization
[WARN] [1754074546.418173473] [a200_0000.controller_manager]: Waiting for data on 'robot_description' topic to finish initialization
[WARN] [1754074547.418086710] [a200_0000.controller_manager]: Waiting for data on 'robot_description' topic to finish initialization
[WARN] [1754074548.418098087] [a200_0000.controller_manager]: Waiting for data on 'robot_description' topic to finish initialization
[WARN] [1754074549.418085792] [a200_0000.controller_manager]: Waiting for data on 'robot_description' topic to finish initialization
[WARN] [1754074550.418168131] [a200_0000.controller_manager]: Waiting for data on 'robot_description' topic to finish initialization
[WARN] [1754074551.418107392] [a200_0000.controller_manager]: Waiting for data on 'robot_description' topic to finish initialization
[WARN] [1754074552.418112456] [a200_0000.controller_manager]: Waiting for data on 'robot_description' topic to finish initialization
[WARN] [1754074553.418200319] [a200_0000.controller_manager]: Waiting for data on 'robot_description' topic to finish initialization
[WARN] [1754074554.418184118] [a200_0000.controller_manager]: Waiting for data on 'robot_description' topic to finish initialization
[WARN] [1754074555.418156973] [a200_0000.controller_manager]: Waiting for data on 'robot_description' topic to finish initialization
[WARN] [1754074556.418146922] [a200_0000.controller_manager]: Waiting for data on 'robot_description' topic to finish initialization
[WARN] [1754074557.418206704] [a200_0000.controller_manager]: Waiting for data on 'robot_description' topic to finish initialization
[WARN] [1754074558.418083024] [a200_0000.controller_manager]: Waiting for data on 'robot_description' topic to finish initialization
[WARN] [1754074559.418175897] [a200_0000.controller_manager]: Waiting for data on 'robot_description' topic to finish initialization
[WARN] [1754074560.418136347] [a200_0000.controller_manager]: Waiting for data on 'robot_description' topic to finish initialization
[WARN] [1754074561.418186377] [a200_0000.controller_manager]: Waiting for data on 'robot_description' topic to finish initialization
[WARN] [1754074562.418175250] [a200_0000.controller_manager]: Waiting for data on 'robot_description' topic to finish initialization
[WARN] [1754074563.418102075] [a200_0000.controller_manager]: Waiting for data on 'robot_description' topic to finish initialization
[WARN] [1754074564.418170337] [a200_0000.controller_manager]: Waiting for data on 'robot_description' topic to finish initialization
[WARN] [1754074565.418106003] [a200_0000.controller_manager]: Waiting for data on 'robot_description' topic to finish initialization
[WARN] [1754074566.418190227] [a200_0000.controller_manager]: Waiting for data on 'robot_description' topic to finish initialization
[WARN] [1754074567.418166120] [a200_0000.controller_manager]: Waiting for data on 'robot_description' topic to finish initialization
[WARN] [1754074568.418177288] [a200_0000.controller_manager]: Waiting for data on 'robot_description' topic to finish initialization
[WARN] [1754074569.418110135] [a200_0000.controller_manager]: Waiting for data on 'robot_description' topic to finish initialization
[WARN] [1754074570.418137661] [a200_0000.controller_manager]: Waiting for data on 'robot_description' topic to finish initialization
[WARN] [1754074571.418107936] [a200_0000.controller_manager]: Waiting for data on 'robot_description' topic to finish initialization
[WARN] [1754074572.418195126] [a200_0000.controller_manager]: Waiting for data on 'robot_description' topic to finish initialization
[WARN] [1754074573.418175606] [a200_0000.controller_manager]: Waiting for data on 'robot_description' topic to finish initialization
[WARN] [1754074574.418108022] [a200_0000.controller_manager]: Waiting for data on 'robot_description' topic to finish initialization
[WARN] [1754074575.418241032] [a200_0000.controller_manager]: Waiting for data on 'robot_description' topic to finish initialization
[WARN] [1754074576.418175295] [a200_0000.controller_manager]: Waiting for data on 'robot_description' topic to finish initialization
[WARN] [1754074577.418183729] [a200_0000.controller_manager]: Waiting for data on 'robot_description' topic to finish initialization
[WARN] [1754074578.418177384] [a200_0000.controller_manager]: Waiting for data on 'robot_description' topic to finish initialization
[WARN] [1754074579.418097195] [a200_0000.controller_manager]: Waiting for data on 'robot_description' topic to finish initialization
[WARN] [1754074580.418216363] [a200_0000.controller_manager]: Waiting for data on 'robot_description' topic to finish initialization
[WARN] [1754074581.418175129] [a200_0000.controller_manager]: Waiting for data on 'robot_description' topic to finish initialization
[WARN] [1754074582.418114608] [a200_0000.controller_manager]: Waiting for data on 'robot_description' topic to finish initialization
[WARN] [1754074583.418215979] [a200_0000.controller_manager]: Waiting for data on 'robot_description' topic to finish initialization
[WARN] [1754074584.418088487] [a200_0000.controller_manager]: Waiting for data on 'robot_description' topic to finish initialization
[WARN] [1754074585.418223570] [a200_0000.controller_manager]: Waiting for data on 'robot_description' topic to finish initialization
[WARN] [1754074586.418179356] [a200_0000.controller_manager]: Waiting for data on 'robot_description' topic to finish initialization
[WARN] [1754074587.418122436] [a200_0000.controller_manager]: Waiting for data on 'robot_description' topic to finish initialization
[WARN] [1754074588.418110429] [a200_0000.controller_manager]: Waiting for data on 'robot_description' topic to finish initialization
[WARN] [1754074589.418090999] [a200_0000.controller_manager]: Waiting for data on 'robot_description' topic to finish initialization
[WARN] [1754074590.418101001] [a200_0000.controller_manager]: Waiting for data on 'robot_description' topic to finish initialization
[WARN] [1754074591.418077501] [a200_0000.controller_manager]: Waiting for data on 'robot_description' topic to finish initialization
[WARN] [1754074592.418181549] [a200_0000.controller_manager]: Waiting for data on 'robot_description' topic to finish initialization
[WARN] [1754074593.418103447] [a200_0000.controller_manager]: Waiting for data on 'robot_description' topic to finish initialization
[WARN] [1754074594.418190029] [a200_0000.controller_manager]: Waiting for data on 'robot_description' topic to finish initialization
[WARN] [1754074595.418177581] [a200_0000.controller_manager]: Waiting for data on 'robot_description' topic to finish initialization
[WARN] [1754074596.418094536] [a200_0000.controller_manager]: Waiting for data on 'robot_description' topic to finish initialization
[WARN] [1754074597.418182638] [a200_0000.controller_manager]: Waiting for data on 'robot_description' topic to finish initialization
[WARN] [1754074598.418101164] [a200_0000.controller_manager]: Waiting for data on 'robot_description' topic to finish initialization
[WARN] [1754074599.418182773] [a200_0000.controller_manager]: Waiting for data on 'robot_description' topic to finish initialization
[WARN] [1754074600.418157288] [a200_0000.controller_manager]: Waiting for data on 'robot_description' topic to finish initialization
[WARN] [1754074601.418170975] [a200_0000.controller_manager]: Waiting for data on 'robot_description' topic to finish initialization
[WARN] [1754074602.418161200] [a200_0000.controller_manager]: Waiting for data on 'robot_description' topic to finish initialization
[WARN] [1754074603.418107702] [a200_0000.controller_manager]: Waiting for data on 'robot_description' topic to finish initialization
[WARN] [1754074604.418109027] [a200_0000.controller_manager]: Waiting for data on 'robot_description' topic to finish initialization
[WARN] [1754074605.418170107] [a200_0000.controller_manager]: Waiting for data on 'robot_description' topic to finish initialization
[WARN] [1754074606.418231190] [a200_0000.controller_manager]: Waiting for data on 'robot_description' topic to finish initialization
[WARN] [1754074607.418111034] [a200_0000.controller_manager]: Waiting for data on 'robot_description' topic to finish initialization
[WARN] [1754074608.418100485] [a200_0000.controller_manager]: Waiting for data on 'robot_description' topic to finish initialization
[WARN] [1754074609.418166013] [a200_0000.controller_manager]: Waiting for data on 'robot_description' topic to finish initialization
[WARN] [1754074610.418107356] [a200_0000.controller_manager]: Waiting for data on 'robot_description' topic to finish initialization
[WARN] [1754074611.418167349] [a200_0000.controller_manager]: Waiting for data on 'robot_description' topic to finish initialization
[WARN] [1754074612.418112020] [a200_0000.controller_manager]: Waiting for data on 'robot_description' topic to finish initialization
[WARN] [1754074613.418200457] [a200_0000.controller_manager]: Waiting for data on 'robot_description' topic to finish initialization
[WARN] [1754074614.418098346] [a200_0000.controller_manager]: Waiting for data on 'robot_description' topic to finish initialization
[WARN] [1754074615.418097431] [a200_0000.controller_manager]: Waiting for data on 'robot_description' topic to finish initialization
[WARN] [1754074616.418086518] [a200_0000.controller_manager]: Waiting for data on 'robot_description' topic to finish initialization
[WARN] [1754074617.418111287] [a200_0000.controller_manager]: Waiting for data on 'robot_description' topic to finish initialization
[WARN] [1754074618.418176084] [a200_0000.controller_manager]: Waiting for data on 'robot_description' topic to finish initialization
[WARN] [1754074619.418183651] [a200_0000.controller_manager]: Waiting for data on 'robot_description' topic to finish initialization
[WARN] [1754074620.418169902] [a200_0000.controller_manager]: Waiting for data on 'robot_description' topic to finish initialization
[WARN] [1754074621.418194107] [a200_0000.controller_manager]: Waiting for data on 'robot_description' topic to finish initialization
[WARN] [1754074622.418074888] [a200_0000.controller_manager]: Waiting for data on 'robot_description' topic to finish initialization
[WARN] [1754074623.418222565] [a200_0000.controller_manager]: Waiting for data on 'robot_description' topic to finish initialization
[WARN] [1754074624.418123384] [a200_0000.controller_manager]: Waiting for data on 'robot_description' topic to finish initialization
[WARN] [1754074625.418174429] [a200_0000.controller_manager]: Waiting for data on 'robot_description' topic to finish initialization
[WARN] [1754074626.418183922] [a200_0000.controller_manager]: Waiting for data on 'robot_description' topic to finish initialization
[WARN] [1754074627.418100131] [a200_0000.controller_manager]: Waiting for data on 'robot_description' topic to finish initialization
[WARN] [1754074628.418193493] [a200_0000.controller_manager]: Waiting for data on 'robot_description' topic to finish initialization
[WARN] [1754074629.418175130] [a200_0000.controller_manager]: Waiting for data on 'robot_description' topic to finish initialization
[WARN] [1754074630.418107742] [a200_0000.controller_manager]: Waiting for data on 'robot_description' topic to finish initialization
[WARN] [1754074631.418171431] [a200_0000.controller_manager]: Waiting for data on 'robot_description' topic to finish initialization
[WARN] [1754074632.418173479] [a200_0000.controller_manager]: Waiting for data on 'robot_description' topic to finish initialization
[WARN] [1754074633.418109963] [a200_0000.controller_manager]: Waiting for data on 'robot_description' topic to finish initialization
[WARN] [1754074634.418165146] [a200_0000.controller_manager]: Waiting for data on 'robot_description' topic to finish initialization
[WARN] [1754074635.418167674] [a200_0000.controller_manager]: Waiting for data on 'robot_description' topic to finish initialization
[WARN] [1754074636.418105577] [a200_0000.controller_manager]: Waiting for data on 'robot_description' topic to finish initialization
[WARN] [1754074637.418188846] [a200_0000.controller_manager]: Waiting for data on 'robot_description' topic to finish initialization
[WARN] [1754074638.418181892] [a200_0000.controller_manager]: Waiting for data on 'robot_description' topic to finish initialization
[WARN] [1754074639.418117929] [a200_0000.controller_manager]: Waiting for data on 'robot_description' topic to finish initialization
[WARN] [1754074640.418209438] [a200_0000.controller_manager]: Waiting for data on 'robot_description' topic to finish initialization
[WARN] [1754074641.418187258] [a200_0000.controller_manager]: Waiting for data on 'robot_description' topic to finish initialization
[WARN] [1754074642.418076017] [a200_0000.controller_manager]: Waiting for data on 'robot_description' topic to finish initialization
[WARN] [1754074643.418094216] [a200_0000.controller_manager]: Waiting for data on 'robot_description' topic to finish initialization
[WARN] [1754074644.418161552] [a200_0000.controller_manager]: Waiting for data on 'robot_description' topic to finish initialization
[WARN] [1754074645.418197147] [a200_0000.controller_manager]: Waiting for data on 'robot_description' topic to finish initialization
[WARN] [1754074646.418196382] [a200_0000.controller_manager]: Waiting for data on 'robot_description' topic to finish initialization
[WARN] [1754074647.418180119] [a200_0000.controller_manager]: Waiting for data on 'robot_description' topic to finish initialization
[WARN] [1754074648.418173564] [a200_0000.controller_manager]: Waiting for data on 'robot_description' topic to finish initialization
[WARN] [1754074649.418184330] [a200_0000.controller_manager]: Waiting for data on 'robot_description' topic to finish initialization
[WARN] [1754074650.418174403] [a200_0000.controller_manager]: Waiting for data on 'robot_description' topic to finish initialization
[WARN] [1754074651.418105700] [a200_0000.controller_manager]: Waiting for data on 'robot_description' topic to finish initialization
[WARN] [1754074652.418085102] [a200_0000.controller_manager]: Waiting for data on 'robot_description' topic to finish initialization
[WARN] [1754074653.418074243] [a200_0000.controller_manager]: Waiting for data on 'robot_description' topic to finish initialization
[WARN] [1754074654.418193497] [a200_0000.controller_manager]: Waiting for data on 'robot_description' topic to finish initialization
[WARN] [1754074655.418173107] [a200_0000.controller_manager]: Waiting for data on 'robot_description' topic to finish initialization
[WARN] [1754074656.418100486] [a200_0000.controller_manager]: Waiting for data on 'robot_description' topic to finish initialization
[WARN] [1754074657.418187680] [a200_0000.controller_manager]: Waiting for data on 'robot_description' topic to finish initialization
[WARN] [1754074658.418140402] [a200_0000.controller_manager]: Waiting for data on 'robot_description' topic to finish initialization
[WARN] [1754074659.418167013] [a200_0000.controller_manager]: Waiting for data on 'robot_description' topic to finish initialization
[WARN] [1754074660.418103885] [a200_0000.controller_manager]: Waiting for data on 'robot_description' topic to finish initialization
[WARN] [1754074661.418102170] [a200_0000.controller_manager]: Waiting for data on 'robot_description' topic to finish initialization
[WARN] [1754074662.418104237] [a200_0000.controller_manager]: Waiting for data on 'robot_description' topic to finish initialization
[WARN] [1754074663.418180753] [a200_0000.controller_manager]: Waiting for data on 'robot_description' topic to finish initialization
[WARN] [1754074664.418188640] [a200_0000.controller_manager]: Waiting for data on 'robot_description' topic to finish initialization
[WARN] [1754074665.418156490] [a200_0000.controller_manager]: Waiting for data on 'robot_description' topic to finish initialization
[WARN] [1754074666.418270972] [a200_0000.controller_manager]: Waiting for data on 'robot_description' topic to finish initialization
[WARN] [1754074667.418094268] [a200_0000.controller_manager]: Waiting for data on 'robot_description' topic to finish initialization
[WARN] [1754074668.418184749] [a200_0000.controller_manager]: Waiting for data on 'robot_description' topic to finish initialization
[INFO] [1754074668.946209166] [rclcpp]: signal_handler(signum=2)
[INFO] [1754074668.946437486] [a200_0000.controller_manager]: Shutdown request received....
[INFO] [1754074668.946651665] [a200_0000.controller_manager]: Shutting down all controllers in the controller manager.
[INFO] [1754074668.946685845] [a200_0000.controller_manager]: Shutting down the controller manager.
