[INFO] [1755204672.251738456] [a200_0000.controller_manager]: Using Steady (Monotonic) clock for triggering controller manager cycles.
[INFO] [1755204672.260410145] [a200_0000.controller_manager]: Subscribing to '/a200_0000/robot_description' topic for robot description.
[INFO] [1755204672.312825844] [a200_0000.controller_manager]: update rate is 20 Hz
[INFO] [1755204672.312857949] [a200_0000.controller_manager]: Spawning controller_manager RT thread with scheduler priority: 50
[WARN] [1755204672.312944473] [a200_0000.controller_manager]: Could not enable FIFO RT scheduling policy: with error number <1>(Operation not permitted). See [https://control.ros.org/master/doc/ros2_control/controller_manager/doc/userdoc.html] for details on how to enable realtime scheduling.
[INFO] [1755204672.313640471] [a200_0000.controller_manager]: Received robot description from topic.
[INFO] [1755204672.316124486] [a200_0000.controller_manager]: Loading hardware 'a200_hardware' 
[INFO] [1755204672.317682013] [a200_0000.controller_manager]: Loaded hardware 'a200_hardware' from plugin 'clearpath_hardware_interfaces/A200Hardware'
[INFO] [1755204672.317724965] [a200_0000.controller_manager]: Initialize hardware 'a200_hardware' 
[INFO] [1755204672.317772837] [A200Hardware]: Name: a200_hardware
[INFO] [1755204672.317775846] [A200Hardware]: Number of Joints 4
[INFO] [1755204672.326348793] [A200Hardware]: Port: /dev/clearpath/prolific
[INFO] [1755204672.393140931] [a200_0000.controller_manager]: Successful initialization of hardware 'a200_hardware'
[INFO] [1755204672.393346935] [resource_manager]: 'configure' hardware 'a200_hardware' 
[INFO] [1755204672.393355514] [resource_manager]: Successful 'configure' of hardware 'a200_hardware'
[INFO] [1755204672.393360653] [resource_manager]: 'activate' hardware 'a200_hardware' 
[INFO] [1755204672.393367132] [A200Hardware]: Starting ...please wait...
[INFO] [1755204672.393370741] [A200Hardware]: System Successfully started!
[INFO] [1755204672.393374860] [resource_manager]: Successful 'activate' of hardware 'a200_hardware'
[INFO] [1755204672.393438959] [a200_0000.controller_manager]: Resource Manager has been successfully initialized. Starting Controller Manager services...
[INFO] [1755204672.553877826] [a200_0000.controller_manager]: Loading controller : 'platform_velocity_controller' of type 'diff_drive_controller/DiffDriveController'
[INFO] [1755204672.553908451] [a200_0000.controller_manager]: Loading controller 'platform_velocity_controller'
[WARN] [1755204672.556791615] [a200_0000.controller_manager]: The use of remapping arguments to the controller_manager node is deprecated. Please use the '--controller-ros-args' argument of the spawner to pass remapping arguments to the controller node.
[INFO] [1755204672.556846886] [a200_0000.controller_manager]: Controller 'platform_velocity_controller' node arguments: --ros-args --params-file /etc/clearpath/platform/config/control.yaml -r joint_states:=platform/joint_states -r dynamic_joint_states:=platform/dynamic_joint_states -r platform_velocity_controller/odom:=platform/odom -r platform_velocity_controller/odometry:=platform/odom -r platform_velocity_controller/cmd_vel:=platform/cmd_vel -r platform_velocity_controller/cmd_vel_out:=platform/cmd_vel_out -r platform_velocity_controller/reference:=platform/cmd_vel -r platform_velocity_controller/transition_event:=platform/transition_event -r /diagnostics:=diagnostics -r /tf:=tf -r /tf_static:=tf_static 
[INFO] [1755204672.607444224] [a200_0000.controller_manager]: Configuring controller: 'platform_velocity_controller'
[INFO] [1755204672.638614388] [a200_0000.controller_manager]: Activating controllers: [ platform_velocity_controller ]
[INFO] [1755204672.691615114] [a200_0000.controller_manager]: Successfully switched controllers!
[WARN] [1755204673.029650121] [a200_0000.controller_manager]: Overrun detected! The controller manager missed its desired rate of 20 Hz. The loop took 66.593164 ms (missed cycles : 2).
[INFO] [1755204673.063178245] [a200_0000.controller_manager]: Loading controller : 'joint_state_broadcaster' of type 'joint_state_broadcaster/JointStateBroadcaster'
[INFO] [1755204673.063213799] [a200_0000.controller_manager]: Loading controller 'joint_state_broadcaster'
[WARN] [1755204673.067266078] [a200_0000.controller_manager]: The use of remapping arguments to the controller_manager node is deprecated. Please use the '--controller-ros-args' argument of the spawner to pass remapping arguments to the controller node.
[INFO] [1755204673.067283725] [a200_0000.controller_manager]: Controller 'joint_state_broadcaster' node arguments: --ros-args --params-file /etc/clearpath/platform/config/control.yaml -r joint_states:=platform/joint_states -r dynamic_joint_states:=platform/dynamic_joint_states -r platform_velocity_controller/odom:=platform/odom -r platform_velocity_controller/odometry:=platform/odom -r platform_velocity_controller/cmd_vel:=platform/cmd_vel -r platform_velocity_controller/cmd_vel_out:=platform/cmd_vel_out -r platform_velocity_controller/reference:=platform/cmd_vel -r platform_velocity_controller/transition_event:=platform/transition_event -r /diagnostics:=diagnostics -r /tf:=tf -r /tf_static:=tf_static 
[INFO] [1755204673.091307399] [a200_0000.controller_manager]: Configuring controller: 'joint_state_broadcaster'
[INFO] [1755204673.091349462] [a200_0000.joint_state_broadcaster]: 'joints' or 'interfaces' parameter is empty. All available state interfaces will be published
[INFO] [1755204673.135411259] [a200_0000.controller_manager]: Activating controllers: [ joint_state_broadcaster ]
[INFO] [1755204673.188619967] [a200_0000.controller_manager]: Successfully switched controllers!
[WARN] [1755204674.327546817] [a200_0000.controller_manager]: Overrun detected! The controller manager missed its desired rate of 20 Hz. The loop took 64.489790 ms (missed cycles : 2).
[WARN] [1755204675.624404776] [a200_0000.controller_manager]: Overrun detected! The controller manager missed its desired rate of 20 Hz. The loop took 61.347569 ms (missed cycles : 2).
[WARN] [1755204676.923373962] [a200_0000.controller_manager]: Overrun detected! The controller manager missed its desired rate of 20 Hz. The loop took 60.317195 ms (missed cycles : 2).
[WARN] [1755204678.231810085] [a200_0000.controller_manager]: Overrun detected! The controller manager missed its desired rate of 20 Hz. The loop took 68.752968 ms (missed cycles : 2).
[WARN] [1755204679.528709752] [a200_0000.controller_manager]: Overrun detected! The controller manager missed its desired rate of 20 Hz. The loop took 65.652625 ms (missed cycles : 2).
[WARN] [1755204680.826490880] [a200_0000.controller_manager]: Overrun detected! The controller manager missed its desired rate of 20 Hz. The loop took 63.434093 ms (missed cycles : 2).
[WARN] [1755204682.124446632] [a200_0000.controller_manager]: Overrun detected! The controller manager missed its desired rate of 20 Hz. The loop took 61.389405 ms (missed cycles : 2).
[WARN] [1755204683.423335206] [a200_0000.controller_manager]: Overrun detected! The controller manager missed its desired rate of 20 Hz. The loop took 60.278149 ms (missed cycles : 2).
[WARN] [1755204684.731865875] [a200_0000.controller_manager]: Overrun detected! The controller manager missed its desired rate of 20 Hz. The loop took 68.808908 ms (missed cycles : 2).
[WARN] [1755204686.029540926] [a200_0000.controller_manager]: Overrun detected! The controller manager missed its desired rate of 20 Hz. The loop took 66.484199 ms (missed cycles : 2).
[WARN] [1755204687.338136009] [a200_0000.controller_manager]: Overrun detected! The controller manager missed its desired rate of 20 Hz. The loop took 75.078662 ms (missed cycles : 2).
[WARN] [1755204688.625345885] [a200_0000.controller_manager]: Overrun detected! The controller manager missed its desired rate of 20 Hz. The loop took 62.289198 ms (missed cycles : 2).
[WARN] [1755204689.923356593] [a200_0000.controller_manager]: Overrun detected! The controller manager missed its desired rate of 20 Hz. The loop took 60.299506 ms (missed cycles : 2).
[WARN] [1755204691.231755115] [a200_0000.controller_manager]: Overrun detected! The controller manager missed its desired rate of 20 Hz. The loop took 68.698408 ms (missed cycles : 2).
[WARN] [1755204692.529649704] [a200_0000.controller_manager]: Overrun detected! The controller manager missed its desired rate of 20 Hz. The loop took 66.592737 ms (missed cycles : 2).
[WARN] [1755204693.827595123] [a200_0000.controller_manager]: Overrun detected! The controller manager missed its desired rate of 20 Hz. The loop took 64.538156 ms (missed cycles : 2).
[WARN] [1755204695.125432672] [a200_0000.controller_manager]: Overrun detected! The controller manager missed its desired rate of 20 Hz. The loop took 62.375566 ms (missed cycles : 2).
[WARN] [1755204696.423305510] [a200_0000.controller_manager]: Overrun detected! The controller manager missed its desired rate of 20 Hz. The loop took 60.248573 ms (missed cycles : 2).
[WARN] [1755204697.731972649] [a200_0000.controller_manager]: Overrun detected! The controller manager missed its desired rate of 20 Hz. The loop took 68.915952 ms (missed cycles : 2).
[WARN] [1755204699.030705624] [a200_0000.controller_manager]: Overrun detected! The controller manager missed its desired rate of 20 Hz. The loop took 67.648807 ms (missed cycles : 2).
[WARN] [1755204700.328651476] [a200_0000.controller_manager]: Overrun detected! The controller manager missed its desired rate of 20 Hz. The loop took 65.594249 ms (missed cycles : 2).
[WARN] [1755204701.626602988] [a200_0000.controller_manager]: Overrun detected! The controller manager missed its desired rate of 20 Hz. The loop took 63.545911 ms (missed cycles : 2).
[WARN] [1755204702.924379398] [a200_0000.controller_manager]: Overrun detected! The controller manager missed its desired rate of 20 Hz. The loop took 61.322511 ms (missed cycles : 2).
[WARN] [1755204704.222285676] [a200_0000.controller_manager]: Overrun detected! The controller manager missed its desired rate of 20 Hz. The loop took 59.228589 ms (missed cycles : 2).
[WARN] [1755204705.530710036] [a200_0000.controller_manager]: Overrun detected! The controller manager missed its desired rate of 20 Hz. The loop took 67.653009 ms (missed cycles : 2).
[WARN] [1755204706.828716408] [a200_0000.controller_manager]: Overrun detected! The controller manager missed its desired rate of 20 Hz. The loop took 65.659151 ms (missed cycles : 2).
[WARN] [1755204708.127487222] [a200_0000.controller_manager]: Overrun detected! The controller manager missed its desired rate of 20 Hz. The loop took 64.430455 ms (missed cycles : 2).
[WARN] [1755204709.424489840] [a200_0000.controller_manager]: Overrun detected! The controller manager missed its desired rate of 20 Hz. The loop took 61.432903 ms (missed cycles : 2).
[WARN] [1755204710.722430856] [a200_0000.controller_manager]: Overrun detected! The controller manager missed its desired rate of 20 Hz. The loop took 59.373929 ms (missed cycles : 2).
[WARN] [1755204712.031764176] [a200_0000.controller_manager]: Overrun detected! The controller manager missed its desired rate of 20 Hz. The loop took 68.706939 ms (missed cycles : 2).
[WARN] [1755204713.329654934] [a200_0000.controller_manager]: Overrun detected! The controller manager missed its desired rate of 20 Hz. The loop took 66.597678 ms (missed cycles : 2).
[WARN] [1755204714.627538369] [a200_0000.controller_manager]: Overrun detected! The controller manager missed its desired rate of 20 Hz. The loop took 64.481202 ms (missed cycles : 2).
[WARN] [1755204715.925549572] [a200_0000.controller_manager]: Overrun detected! The controller manager missed its desired rate of 20 Hz. The loop took 62.492065 ms (missed cycles : 2).
[WARN] [1755204717.223399682] [a200_0000.controller_manager]: Overrun detected! The controller manager missed its desired rate of 20 Hz. The loop took 60.342425 ms (missed cycles : 2).
[WARN] [1755204718.532095670] [a200_0000.controller_manager]: Overrun detected! The controller manager missed its desired rate of 20 Hz. The loop took 69.037763 ms (missed cycles : 2).
[WARN] [1755204719.829711288] [a200_0000.controller_manager]: Overrun detected! The controller manager missed its desired rate of 20 Hz. The loop took 66.653991 ms (missed cycles : 2).
[WARN] [1755204721.128664763] [a200_0000.controller_manager]: Overrun detected! The controller manager missed its desired rate of 20 Hz. The loop took 65.607077 ms (missed cycles : 2).
[WARN] [1755204722.426548426] [a200_0000.controller_manager]: Overrun detected! The controller manager missed its desired rate of 20 Hz. The loop took 63.490939 ms (missed cycles : 2).
[WARN] [1755204723.724498314] [a200_0000.controller_manager]: Overrun detected! The controller manager missed its desired rate of 20 Hz. The loop took 61.441137 ms (missed cycles : 2).
[WARN] [1755204725.022549699] [a200_0000.controller_manager]: Overrun detected! The controller manager missed its desired rate of 20 Hz. The loop took 59.492482 ms (missed cycles : 2).
[WARN] [1755204726.330847422] [a200_0000.controller_manager]: Overrun detected! The controller manager missed its desired rate of 20 Hz. The loop took 67.789265 ms (missed cycles : 2).
[WARN] [1755204727.628676859] [a200_0000.controller_manager]: Overrun detected! The controller manager missed its desired rate of 20 Hz. The loop took 65.618932 ms (missed cycles : 2).
[WARN] [1755204728.926995251] [a200_0000.controller_manager]: Overrun detected! The controller manager missed its desired rate of 20 Hz. The loop took 63.937054 ms (missed cycles : 2).
[WARN] [1755204730.224489816] [a200_0000.controller_manager]: Overrun detected! The controller manager missed its desired rate of 20 Hz. The loop took 61.432789 ms (missed cycles : 2).
[WARN] [1755204731.523494818] [a200_0000.controller_manager]: Overrun detected! The controller manager missed its desired rate of 20 Hz. The loop took 60.437041 ms (missed cycles : 2).
[WARN] [1755204732.831834005] [a200_0000.controller_manager]: Overrun detected! The controller manager missed its desired rate of 20 Hz. The loop took 68.775708 ms (missed cycles : 2).
[WARN] [1755204734.129722346] [a200_0000.controller_manager]: Overrun detected! The controller manager missed its desired rate of 20 Hz. The loop took 66.664619 ms (missed cycles : 2).
[WARN] [1755204735.427602034] [a200_0000.controller_manager]: Overrun detected! The controller manager missed its desired rate of 20 Hz. The loop took 64.544717 ms (missed cycles : 2).
[WARN] [1755204736.725488676] [a200_0000.controller_manager]: Overrun detected! The controller manager missed its desired rate of 20 Hz. The loop took 62.431869 ms (missed cycles : 2).
[WARN] [1755204738.023596090] [a200_0000.controller_manager]: Overrun detected! The controller manager missed its desired rate of 20 Hz. The loop took 60.539053 ms (missed cycles : 2).
[WARN] [1755204739.332865614] [a200_0000.controller_manager]: Overrun detected! The controller manager missed its desired rate of 20 Hz. The loop took 69.808797 ms (missed cycles : 2).
[WARN] [1755204740.630962208] [a200_0000.controller_manager]: Overrun detected! The controller manager missed its desired rate of 20 Hz. The loop took 67.905451 ms (missed cycles : 2).
[WARN] [1755204741.928600464] [a200_0000.controller_manager]: Overrun detected! The controller manager missed its desired rate of 20 Hz. The loop took 65.543287 ms (missed cycles : 2).
[WARN] [1755204743.226547348] [a200_0000.controller_manager]: Overrun detected! The controller manager missed its desired rate of 20 Hz. The loop took 63.490261 ms (missed cycles : 2).
[WARN] [1755204744.524386466] [a200_0000.controller_manager]: Overrun detected! The controller manager missed its desired rate of 20 Hz. The loop took 61.329479 ms (missed cycles : 2).
[WARN] [1755204745.822499913] [a200_0000.controller_manager]: Overrun detected! The controller manager missed its desired rate of 20 Hz. The loop took 59.442236 ms (missed cycles : 2).
[WARN] [1755204747.131766790] [a200_0000.controller_manager]: Overrun detected! The controller manager missed its desired rate of 20 Hz. The loop took 68.709623 ms (missed cycles : 2).
[WARN] [1755204748.429674392] [a200_0000.controller_manager]: Overrun detected! The controller manager missed its desired rate of 20 Hz. The loop took 66.616825 ms (missed cycles : 2).
[WARN] [1755204749.727629067] [a200_0000.controller_manager]: Overrun detected! The controller manager missed its desired rate of 20 Hz. The loop took 64.571930 ms (missed cycles : 2).
[WARN] [1755204751.024796318] [a200_0000.controller_manager]: Overrun detected! The controller manager missed its desired rate of 20 Hz. The loop took 61.738881 ms (missed cycles : 2).
[WARN] [1755204752.323342595] [a200_0000.controller_manager]: Overrun detected! The controller manager missed its desired rate of 20 Hz. The loop took 60.285408 ms (missed cycles : 2).
[WARN] [1755204753.632032619] [a200_0000.controller_manager]: Overrun detected! The controller manager missed its desired rate of 20 Hz. The loop took 68.975422 ms (missed cycles : 2).
[WARN] [1755204754.930724588] [a200_0000.controller_manager]: Overrun detected! The controller manager missed its desired rate of 20 Hz. The loop took 67.665411 ms (missed cycles : 2).
[WARN] [1755204756.228604059] [a200_0000.controller_manager]: Overrun detected! The controller manager missed its desired rate of 20 Hz. The loop took 65.546702 ms (missed cycles : 2).
[WARN] [1755204757.526494812] [a200_0000.controller_manager]: Overrun detected! The controller manager missed its desired rate of 20 Hz. The loop took 63.437605 ms (missed cycles : 2).
[WARN] [1755204758.824429515] [a200_0000.controller_manager]: Overrun detected! The controller manager missed its desired rate of 20 Hz. The loop took 61.372548 ms (missed cycles : 2).
[WARN] [1755204760.122401282] [a200_0000.controller_manager]: Overrun detected! The controller manager missed its desired rate of 20 Hz. The loop took 59.343816 ms (missed cycles : 2).
[WARN] [1755204761.431183732] [a200_0000.controller_manager]: Overrun detected! The controller manager missed its desired rate of 20 Hz. The loop took 68.125025 ms (missed cycles : 2).
[WARN] [1755204762.729653606] [a200_0000.controller_manager]: Overrun detected! The controller manager missed its desired rate of 20 Hz. The loop took 66.596479 ms (missed cycles : 2).
[WARN] [1755204764.027813675] [a200_0000.controller_manager]: Overrun detected! The controller manager missed its desired rate of 20 Hz. The loop took 64.756428 ms (missed cycles : 2).
[WARN] [1755204765.325488520] [a200_0000.controller_manager]: Overrun detected! The controller manager missed its desired rate of 20 Hz. The loop took 62.431533 ms (missed cycles : 2).
[WARN] [1755204766.623322083] [a200_0000.controller_manager]: Overrun detected! The controller manager missed its desired rate of 20 Hz. The loop took 60.265076 ms (missed cycles : 2).
[WARN] [1755204767.931815347] [a200_0000.controller_manager]: Overrun detected! The controller manager missed its desired rate of 20 Hz. The loop took 68.758310 ms (missed cycles : 2).
[WARN] [1755204769.229704272] [a200_0000.controller_manager]: Overrun detected! The controller manager missed its desired rate of 20 Hz. The loop took 66.646975 ms (missed cycles : 2).
[WARN] [1755204770.527597617] [a200_0000.controller_manager]: Overrun detected! The controller manager missed its desired rate of 20 Hz. The loop took 64.540570 ms (missed cycles : 2).
[WARN] [1755204771.825492802] [a200_0000.controller_manager]: Overrun detected! The controller manager missed its desired rate of 20 Hz. The loop took 62.435566 ms (missed cycles : 2).
[WARN] [1755204773.124443311] [a200_0000.controller_manager]: Overrun detected! The controller manager missed its desired rate of 20 Hz. The loop took 61.385714 ms (missed cycles : 2).
[WARN] [1755204774.422429573] [a200_0000.controller_manager]: Overrun detected! The controller manager missed its desired rate of 20 Hz. The loop took 59.372416 ms (missed cycles : 2).
[WARN] [1755204775.730738555] [a200_0000.controller_manager]: Overrun detected! The controller manager missed its desired rate of 20 Hz. The loop took 67.679888 ms (missed cycles : 2).
[WARN] [1755204777.028548575] [a200_0000.controller_manager]: Overrun detected! The controller manager missed its desired rate of 20 Hz. The loop took 65.491348 ms (missed cycles : 2).
[WARN] [1755204778.326531333] [a200_0000.controller_manager]: Overrun detected! The controller manager missed its desired rate of 20 Hz. The loop took 63.473856 ms (missed cycles : 2).
[WARN] [1755204779.625255805] [a200_0000.controller_manager]: Overrun detected! The controller manager missed its desired rate of 20 Hz. The loop took 62.198468 ms (missed cycles : 2).
[WARN] [1755204780.923407705] [a200_0000.controller_manager]: Overrun detected! The controller manager missed its desired rate of 20 Hz. The loop took 60.349968 ms (missed cycles : 2).
[WARN] [1755204782.231832154] [a200_0000.controller_manager]: Overrun detected! The controller manager missed its desired rate of 20 Hz. The loop took 68.774027 ms (missed cycles : 2).
[WARN] [1755204783.529654073] [a200_0000.controller_manager]: Overrun detected! The controller manager missed its desired rate of 20 Hz. The loop took 66.596436 ms (missed cycles : 2).
[WARN] [1755204784.827655918] [a200_0000.controller_manager]: Overrun detected! The controller manager missed its desired rate of 20 Hz. The loop took 64.598631 ms (missed cycles : 2).
[WARN] [1755204786.126492254] [a200_0000.controller_manager]: Overrun detected! The controller manager missed its desired rate of 20 Hz. The loop took 63.435117 ms (missed cycles : 2).
[WARN] [1755204787.424415128] [a200_0000.controller_manager]: Overrun detected! The controller manager missed its desired rate of 20 Hz. The loop took 61.357971 ms (missed cycles : 2).
[WARN] [1755204788.732757955] [a200_0000.controller_manager]: Overrun detected! The controller manager missed its desired rate of 20 Hz. The loop took 69.700758 ms (missed cycles : 2).
[WARN] [1755204790.030758253] [a200_0000.controller_manager]: Overrun detected! The controller manager missed its desired rate of 20 Hz. The loop took 67.700276 ms (missed cycles : 2).
[WARN] [1755204791.328707472] [a200_0000.controller_manager]: Overrun detected! The controller manager missed its desired rate of 20 Hz. The loop took 65.650495 ms (missed cycles : 2).
[WARN] [1755204792.626545934] [a200_0000.controller_manager]: Overrun detected! The controller manager missed its desired rate of 20 Hz. The loop took 63.488597 ms (missed cycles : 2).
[WARN] [1755204793.925426686] [a200_0000.controller_manager]: Overrun detected! The controller manager missed its desired rate of 20 Hz. The loop took 62.369799 ms (missed cycles : 2).
[WARN] [1755204795.223430208] [a200_0000.controller_manager]: Overrun detected! The controller manager missed its desired rate of 20 Hz. The loop took 60.373091 ms (missed cycles : 2).
[WARN] [1755204796.531819286] [a200_0000.controller_manager]: Overrun detected! The controller manager missed its desired rate of 20 Hz. The loop took 68.761789 ms (missed cycles : 2).
[WARN] [1755204797.829758401] [a200_0000.controller_manager]: Overrun detected! The controller manager missed its desired rate of 20 Hz. The loop took 66.701224 ms (missed cycles : 2).
[WARN] [1755204799.127598809] [a200_0000.controller_manager]: Overrun detected! The controller manager missed its desired rate of 20 Hz. The loop took 64.541872 ms (missed cycles : 2).
[WARN] [1755204800.425557393] [a200_0000.controller_manager]: Overrun detected! The controller manager missed its desired rate of 20 Hz. The loop took 62.499306 ms (missed cycles : 2).
[WARN] [1755204801.723377341] [a200_0000.controller_manager]: Overrun detected! The controller manager missed its desired rate of 20 Hz. The loop took 60.320184 ms (missed cycles : 2).
[WARN] [1755204803.032823450] [a200_0000.controller_manager]: Overrun detected! The controller manager missed its desired rate of 20 Hz. The loop took 69.765683 ms (missed cycles : 2).
[WARN] [1755204804.330921831] [a200_0000.controller_manager]: Overrun detected! The controller manager missed its desired rate of 20 Hz. The loop took 67.864564 ms (missed cycles : 2).
[WARN] [1755204805.628701946] [a200_0000.controller_manager]: Overrun detected! The controller manager missed its desired rate of 20 Hz. The loop took 65.644919 ms (missed cycles : 2).
[WARN] [1755204806.926600008] [a200_0000.controller_manager]: Overrun detected! The controller manager missed its desired rate of 20 Hz. The loop took 63.542711 ms (missed cycles : 2).
[WARN] [1755204808.224436860] [a200_0000.controller_manager]: Overrun detected! The controller manager missed its desired rate of 20 Hz. The loop took 61.379643 ms (missed cycles : 2).
[WARN] [1755204809.522269042] [a200_0000.controller_manager]: Overrun detected! The controller manager missed its desired rate of 20 Hz. The loop took 59.211935 ms (missed cycles : 2).
[WARN] [1755204810.832082448] [a200_0000.controller_manager]: Overrun detected! The controller manager missed its desired rate of 20 Hz. The loop took 69.024641 ms (missed cycles : 2).
[WARN] [1755204812.129710127] [a200_0000.controller_manager]: Overrun detected! The controller manager missed its desired rate of 20 Hz. The loop took 66.652810 ms (missed cycles : 2).
[WARN] [1755204813.427549064] [a200_0000.controller_manager]: Overrun detected! The controller manager missed its desired rate of 20 Hz. The loop took 64.491857 ms (missed cycles : 2).
[WARN] [1755204814.725602918] [a200_0000.controller_manager]: Overrun detected! The controller manager missed its desired rate of 20 Hz. The loop took 62.545621 ms (missed cycles : 2).
[WARN] [1755204816.023599956] [a200_0000.controller_manager]: Overrun detected! The controller manager missed its desired rate of 20 Hz. The loop took 60.542809 ms (missed cycles : 2).
[WARN] [1755204817.332821810] [a200_0000.controller_manager]: Overrun detected! The controller manager missed its desired rate of 20 Hz. The loop took 69.764513 ms (missed cycles : 2).
[WARN] [1755204818.630709086] [a200_0000.controller_manager]: Overrun detected! The controller manager missed its desired rate of 20 Hz. The loop took 67.651609 ms (missed cycles : 2).
[WARN] [1755204819.928671419] [a200_0000.controller_manager]: Overrun detected! The controller manager missed its desired rate of 20 Hz. The loop took 65.613922 ms (missed cycles : 2).
[WARN] [1755204821.226494052] [a200_0000.controller_manager]: Overrun detected! The controller manager missed its desired rate of 20 Hz. The loop took 63.436535 ms (missed cycles : 2).
[WARN] [1755204822.524490781] [a200_0000.controller_manager]: Overrun detected! The controller manager missed its desired rate of 20 Hz. The loop took 61.433374 ms (missed cycles : 2).
[WARN] [1755204823.822277877] [a200_0000.controller_manager]: Overrun detected! The controller manager missed its desired rate of 20 Hz. The loop took 59.220460 ms (missed cycles : 2).
[WARN] [1755204825.131823795] [a200_0000.controller_manager]: Overrun detected! The controller manager missed its desired rate of 20 Hz. The loop took 68.765688 ms (missed cycles : 2).
[WARN] [1755204826.429708566] [a200_0000.controller_manager]: Overrun detected! The controller manager missed its desired rate of 20 Hz. The loop took 66.651239 ms (missed cycles : 2).
[WARN] [1755204827.727600745] [a200_0000.controller_manager]: Overrun detected! The controller manager missed its desired rate of 20 Hz. The loop took 64.543558 ms (missed cycles : 2).
[WARN] [1755204829.025436883] [a200_0000.controller_manager]: Overrun detected! The controller manager missed its desired rate of 20 Hz. The loop took 62.379656 ms (missed cycles : 2).
[WARN] [1755204830.323599743] [a200_0000.controller_manager]: Overrun detected! The controller manager missed its desired rate of 20 Hz. The loop took 60.542796 ms (missed cycles : 2).
[WARN] [1755204831.632873588] [a200_0000.controller_manager]: Overrun detected! The controller manager missed its desired rate of 20 Hz. The loop took 69.816361 ms (missed cycles : 2).
[WARN] [1755204832.930811308] [a200_0000.controller_manager]: Overrun detected! The controller manager missed its desired rate of 20 Hz. The loop took 67.753901 ms (missed cycles : 2).
[WARN] [1755204834.228659915] [a200_0000.controller_manager]: Overrun detected! The controller manager missed its desired rate of 20 Hz. The loop took 65.602258 ms (missed cycles : 2).
[WARN] [1755204835.526493896] [a200_0000.controller_manager]: Overrun detected! The controller manager missed its desired rate of 20 Hz. The loop took 63.436649 ms (missed cycles : 2).
[WARN] [1755204836.824402463] [a200_0000.controller_manager]: Overrun detected! The controller manager missed its desired rate of 20 Hz. The loop took 61.345226 ms (missed cycles : 2).
[WARN] [1755204838.122300044] [a200_0000.controller_manager]: Overrun detected! The controller manager missed its desired rate of 20 Hz. The loop took 59.243067 ms (missed cycles : 2).
[WARN] [1755204839.431823337] [a200_0000.controller_manager]: Overrun detected! The controller manager missed its desired rate of 20 Hz. The loop took 68.766030 ms (missed cycles : 2).
[WARN] [1755204840.729657284] [a200_0000.controller_manager]: Overrun detected! The controller manager missed its desired rate of 20 Hz. The loop took 66.600047 ms (missed cycles : 2).
[WARN] [1755204842.027621078] [a200_0000.controller_manager]: Overrun detected! The controller manager missed its desired rate of 20 Hz. The loop took 64.563642 ms (missed cycles : 2).
[WARN] [1755204843.325461060] [a200_0000.controller_manager]: Overrun detected! The controller manager missed its desired rate of 20 Hz. The loop took 62.403793 ms (missed cycles : 2).
[WARN] [1755204844.623350315] [a200_0000.controller_manager]: Overrun detected! The controller manager missed its desired rate of 20 Hz. The loop took 60.293038 ms (missed cycles : 2).
[WARN] [1755204845.932865043] [a200_0000.controller_manager]: Overrun detected! The controller manager missed its desired rate of 20 Hz. The loop took 69.807806 ms (missed cycles : 2).
[WARN] [1755204847.230877521] [a200_0000.controller_manager]: Overrun detected! The controller manager missed its desired rate of 20 Hz. The loop took 67.819654 ms (missed cycles : 2).
[WARN] [1755204848.528674009] [a200_0000.controller_manager]: Overrun detected! The controller manager missed its desired rate of 20 Hz. The loop took 65.616572 ms (missed cycles : 2).
[WARN] [1755204849.826481695] [a200_0000.controller_manager]: Overrun detected! The controller manager missed its desired rate of 20 Hz. The loop took 63.424568 ms (missed cycles : 2).
[WARN] [1755204851.124408696] [a200_0000.controller_manager]: Overrun detected! The controller manager missed its desired rate of 20 Hz. The loop took 61.351299 ms (missed cycles : 2).
[WARN] [1755204852.423310854] [a200_0000.controller_manager]: Overrun detected! The controller manager missed its desired rate of 20 Hz. The loop took 60.253887 ms (missed cycles : 2).
[WARN] [1755204853.731818655] [a200_0000.controller_manager]: Overrun detected! The controller manager missed its desired rate of 20 Hz. The loop took 68.761508 ms (missed cycles : 2).
[WARN] [1755204855.029704505] [a200_0000.controller_manager]: Overrun detected! The controller manager missed its desired rate of 20 Hz. The loop took 66.647348 ms (missed cycles : 2).
[WARN] [1755204856.327772979] [a200_0000.controller_manager]: Overrun detected! The controller manager missed its desired rate of 20 Hz. The loop took 64.715852 ms (missed cycles : 2).
[WARN] [1755204857.625438055] [a200_0000.controller_manager]: Overrun detected! The controller manager missed its desired rate of 20 Hz. The loop took 62.380648 ms (missed cycles : 2).
[WARN] [1755204858.923375931] [a200_0000.controller_manager]: Overrun detected! The controller manager missed its desired rate of 20 Hz. The loop took 60.318324 ms (missed cycles : 2).
[WARN] [1755204860.232814633] [a200_0000.controller_manager]: Overrun detected! The controller manager missed its desired rate of 20 Hz. The loop took 69.757236 ms (missed cycles : 2).
[WARN] [1755204861.530755686] [a200_0000.controller_manager]: Overrun detected! The controller manager missed its desired rate of 20 Hz. The loop took 67.698539 ms (missed cycles : 2).
[WARN] [1755204862.828598159] [a200_0000.controller_manager]: Overrun detected! The controller manager missed its desired rate of 20 Hz. The loop took 65.540832 ms (missed cycles : 2).
[WARN] [1755204864.126547416] [a200_0000.controller_manager]: Overrun detected! The controller manager missed its desired rate of 20 Hz. The loop took 63.490019 ms (missed cycles : 2).
[WARN] [1755204865.424431220] [a200_0000.controller_manager]: Overrun detected! The controller manager missed its desired rate of 20 Hz. The loop took 61.374283 ms (missed cycles : 2).
[WARN] [1755204866.722265277] [a200_0000.controller_manager]: Overrun detected! The controller manager missed its desired rate of 20 Hz. The loop took 59.208260 ms (missed cycles : 2).
[WARN] [1755204868.031814851] [a200_0000.controller_manager]: Overrun detected! The controller manager missed its desired rate of 20 Hz. The loop took 68.758204 ms (missed cycles : 2).
[WARN] [1755204869.329921539] [a200_0000.controller_manager]: Overrun detected! The controller manager missed its desired rate of 20 Hz. The loop took 66.864332 ms (missed cycles : 2).
[WARN] [1755204870.627618748] [a200_0000.controller_manager]: Overrun detected! The controller manager missed its desired rate of 20 Hz. The loop took 64.561361 ms (missed cycles : 2).
[WARN] [1755204871.925492528] [a200_0000.controller_manager]: Overrun detected! The controller manager missed its desired rate of 20 Hz. The loop took 62.435431 ms (missed cycles : 2).
[WARN] [1755204873.223373957] [a200_0000.controller_manager]: Overrun detected! The controller manager missed its desired rate of 20 Hz. The loop took 60.316700 ms (missed cycles : 2).
[WARN] [1755204874.532825199] [a200_0000.controller_manager]: Overrun detected! The controller manager missed its desired rate of 20 Hz. The loop took 69.767982 ms (missed cycles : 2).
[WARN] [1755204875.830710248] [a200_0000.controller_manager]: Overrun detected! The controller manager missed its desired rate of 20 Hz. The loop took 67.652971 ms (missed cycles : 2).
[WARN] [1755204877.128650690] [a200_0000.controller_manager]: Overrun detected! The controller manager missed its desired rate of 20 Hz. The loop took 65.593563 ms (missed cycles : 2).
[WARN] [1755204878.426497358] [a200_0000.controller_manager]: Overrun detected! The controller manager missed its desired rate of 20 Hz. The loop took 63.439791 ms (missed cycles : 2).
[WARN] [1755204879.724390424] [a200_0000.controller_manager]: Overrun detected! The controller manager missed its desired rate of 20 Hz. The loop took 61.333437 ms (missed cycles : 2).
[WARN] [1755204881.022365406] [a200_0000.controller_manager]: Overrun detected! The controller manager missed its desired rate of 20 Hz. The loop took 59.308249 ms (missed cycles : 2).
[WARN] [1755204882.331834580] [a200_0000.controller_manager]: Overrun detected! The controller manager missed its desired rate of 20 Hz. The loop took 68.777033 ms (missed cycles : 2).
[WARN] [1755204883.629780147] [a200_0000.controller_manager]: Overrun detected! The controller manager missed its desired rate of 20 Hz. The loop took 66.723100 ms (missed cycles : 2).
[WARN] [1755204884.927498889] [a200_0000.controller_manager]: Overrun detected! The controller manager missed its desired rate of 20 Hz. The loop took 64.441642 ms (missed cycles : 2).
[WARN] [1755204886.225434703] [a200_0000.controller_manager]: Overrun detected! The controller manager missed its desired rate of 20 Hz. The loop took 62.377246 ms (missed cycles : 2).
[WARN] [1755204887.523326130] [a200_0000.controller_manager]: Overrun detected! The controller manager missed its desired rate of 20 Hz. The loop took 60.268543 ms (missed cycles : 2).
[WARN] [1755204888.832960431] [a200_0000.controller_manager]: Overrun detected! The controller manager missed its desired rate of 20 Hz. The loop took 69.900744 ms (missed cycles : 2).
[WARN] [1755204890.130550576] [a200_0000.controller_manager]: Overrun detected! The controller manager missed its desired rate of 20 Hz. The loop took 67.493109 ms (missed cycles : 2).
[WARN] [1755204891.428598283] [a200_0000.controller_manager]: Overrun detected! The controller manager missed its desired rate of 20 Hz. The loop took 65.541266 ms (missed cycles : 2).
[WARN] [1755204892.726541626] [a200_0000.controller_manager]: Overrun detected! The controller manager missed its desired rate of 20 Hz. The loop took 63.484769 ms (missed cycles : 2).
[WARN] [1755204894.024492143] [a200_0000.controller_manager]: Overrun detected! The controller manager missed its desired rate of 20 Hz. The loop took 61.434766 ms (missed cycles : 2).
[WARN] [1755204895.322318493] [a200_0000.controller_manager]: Overrun detected! The controller manager missed its desired rate of 20 Hz. The loop took 59.261436 ms (missed cycles : 2).
[WARN] [1755204896.631768942] [a200_0000.controller_manager]: Overrun detected! The controller manager missed its desired rate of 20 Hz. The loop took 68.710975 ms (missed cycles : 2).
[WARN] [1755204897.929656032] [a200_0000.controller_manager]: Overrun detected! The controller manager missed its desired rate of 20 Hz. The loop took 66.598805 ms (missed cycles : 2).
[WARN] [1755204899.227913690] [a200_0000.controller_manager]: Overrun detected! The controller manager missed its desired rate of 20 Hz. The loop took 64.855313 ms (missed cycles : 2).
[WARN] [1755204900.525434306] [a200_0000.controller_manager]: Overrun detected! The controller manager missed its desired rate of 20 Hz. The loop took 62.377069 ms (missed cycles : 2).
[WARN] [1755204901.823346753] [a200_0000.controller_manager]: Overrun detected! The controller manager missed its desired rate of 20 Hz. The loop took 60.289636 ms (missed cycles : 2).
[WARN] [1755204903.132821750] [a200_0000.controller_manager]: Overrun detected! The controller manager missed its desired rate of 20 Hz. The loop took 69.764023 ms (missed cycles : 2).
[WARN] [1755204904.430705110] [a200_0000.controller_manager]: Overrun detected! The controller manager missed its desired rate of 20 Hz. The loop took 67.648063 ms (missed cycles : 2).
[WARN] [1755204905.728657187] [a200_0000.controller_manager]: Overrun detected! The controller manager missed its desired rate of 20 Hz. The loop took 65.599990 ms (missed cycles : 2).
[WARN] [1755204907.026497175] [a200_0000.controller_manager]: Overrun detected! The controller manager missed its desired rate of 20 Hz. The loop took 63.438888 ms (missed cycles : 2).
[WARN] [1755204908.324396039] [a200_0000.controller_manager]: Overrun detected! The controller manager missed its desired rate of 20 Hz. The loop took 61.339032 ms (missed cycles : 2).
[WARN] [1755204909.622282683] [a200_0000.controller_manager]: Overrun detected! The controller manager missed its desired rate of 20 Hz. The loop took 59.225456 ms (missed cycles : 2).
[WARN] [1755204910.931771459] [a200_0000.controller_manager]: Overrun detected! The controller manager missed its desired rate of 20 Hz. The loop took 68.713342 ms (missed cycles : 2).
[WARN] [1755204912.229659791] [a200_0000.controller_manager]: Overrun detected! The controller manager missed its desired rate of 20 Hz. The loop took 66.602524 ms (missed cycles : 2).
[WARN] [1755204913.527546365] [a200_0000.controller_manager]: Overrun detected! The controller manager missed its desired rate of 20 Hz. The loop took 64.489178 ms (missed cycles : 2).
[WARN] [1755204914.825423199] [a200_0000.controller_manager]: Overrun detected! The controller manager missed its desired rate of 20 Hz. The loop took 62.366153 ms (missed cycles : 2).
[WARN] [1755204916.123334194] [a200_0000.controller_manager]: Overrun detected! The controller manager missed its desired rate of 20 Hz. The loop took 60.277277 ms (missed cycles : 2).
[WARN] [1755204917.432841520] [a200_0000.controller_manager]: Overrun detected! The controller manager missed its desired rate of 20 Hz. The loop took 69.780844 ms (missed cycles : 2).
[WARN] [1755204918.729946584] [a200_0000.controller_manager]: Overrun detected! The controller manager missed its desired rate of 20 Hz. The loop took 66.889027 ms (missed cycles : 2).
[WARN] [1755204920.028546802] [a200_0000.controller_manager]: Overrun detected! The controller manager missed its desired rate of 20 Hz. The loop took 65.489695 ms (missed cycles : 2).
[WARN] [1755204921.326545432] [a200_0000.controller_manager]: Overrun detected! The controller manager missed its desired rate of 20 Hz. The loop took 63.488275 ms (missed cycles : 2).
[WARN] [1755204922.624372829] [a200_0000.controller_manager]: Overrun detected! The controller manager missed its desired rate of 20 Hz. The loop took 61.315772 ms (missed cycles : 2).
[WARN] [1755204923.922278509] [a200_0000.controller_manager]: Overrun detected! The controller manager missed its desired rate of 20 Hz. The loop took 59.221412 ms (missed cycles : 2).
[WARN] [1755204925.231703241] [a200_0000.controller_manager]: Overrun detected! The controller manager missed its desired rate of 20 Hz. The loop took 68.645945 ms (missed cycles : 2).
[WARN] [1755204926.529649407] [a200_0000.controller_manager]: Overrun detected! The controller manager missed its desired rate of 20 Hz. The loop took 66.592270 ms (missed cycles : 2).
[WARN] [1755204927.827547098] [a200_0000.controller_manager]: Overrun detected! The controller manager missed its desired rate of 20 Hz. The loop took 64.489961 ms (missed cycles : 2).
[WARN] [1755204929.125516482] [a200_0000.controller_manager]: Overrun detected! The controller manager missed its desired rate of 20 Hz. The loop took 62.458575 ms (missed cycles : 2).
[WARN] [1755204930.423408191] [a200_0000.controller_manager]: Overrun detected! The controller manager missed its desired rate of 20 Hz. The loop took 60.350904 ms (missed cycles : 2).
[WARN] [1755204931.732814957] [a200_0000.controller_manager]: Overrun detected! The controller manager missed its desired rate of 20 Hz. The loop took 69.757700 ms (missed cycles : 2).
[WARN] [1755204933.030710979] [a200_0000.controller_manager]: Overrun detected! The controller manager missed its desired rate of 20 Hz. The loop took 67.653542 ms (missed cycles : 2).
[WARN] [1755204934.328597375] [a200_0000.controller_manager]: Overrun detected! The controller manager missed its desired rate of 20 Hz. The loop took 65.540328 ms (missed cycles : 2).
[WARN] [1755204935.626494547] [a200_0000.controller_manager]: Overrun detected! The controller manager missed its desired rate of 20 Hz. The loop took 63.437111 ms (missed cycles : 2).
[WARN] [1755204936.924494385] [a200_0000.controller_manager]: Overrun detected! The controller manager missed its desired rate of 20 Hz. The loop took 61.437198 ms (missed cycles : 2).
[WARN] [1755204938.222305371] [a200_0000.controller_manager]: Overrun detected! The controller manager missed its desired rate of 20 Hz. The loop took 59.248334 ms (missed cycles : 2).
[WARN] [1755204939.530706992] [a200_0000.controller_manager]: Overrun detected! The controller manager missed its desired rate of 20 Hz. The loop took 67.649775 ms (missed cycles : 2).
[WARN] [1755204940.829767350] [a200_0000.controller_manager]: Overrun detected! The controller manager missed its desired rate of 20 Hz. The loop took 66.709973 ms (missed cycles : 2).
[WARN] [1755204942.127604778] [a200_0000.controller_manager]: Overrun detected! The controller manager missed its desired rate of 20 Hz. The loop took 64.547261 ms (missed cycles : 2).
[WARN] [1755204943.425389954] [a200_0000.controller_manager]: Overrun detected! The controller manager missed its desired rate of 20 Hz. The loop took 62.332687 ms (missed cycles : 2).
[WARN] [1755204944.723327406] [a200_0000.controller_manager]: Overrun detected! The controller manager missed its desired rate of 20 Hz. The loop took 60.270269 ms (missed cycles : 2).
[WARN] [1755204946.032065560] [a200_0000.controller_manager]: Overrun detected! The controller manager missed its desired rate of 20 Hz. The loop took 69.007343 ms (missed cycles : 2).
[WARN] [1755204947.330710423] [a200_0000.controller_manager]: Overrun detected! The controller manager missed its desired rate of 20 Hz. The loop took 67.652816 ms (missed cycles : 2).
[WARN] [1755204948.628663080] [a200_0000.controller_manager]: Overrun detected! The controller manager missed its desired rate of 20 Hz. The loop took 65.605673 ms (missed cycles : 2).
[WARN] [1755204949.926544738] [a200_0000.controller_manager]: Overrun detected! The controller manager missed its desired rate of 20 Hz. The loop took 63.487571 ms (missed cycles : 2).
[WARN] [1755204951.224383372] [a200_0000.controller_manager]: Overrun detected! The controller manager missed its desired rate of 20 Hz. The loop took 61.326355 ms (missed cycles : 2).
[WARN] [1755204952.522257377] [a200_0000.controller_manager]: Overrun detected! The controller manager missed its desired rate of 20 Hz. The loop took 59.200260 ms (missed cycles : 2).
[WARN] [1755204953.830715459] [a200_0000.controller_manager]: Overrun detected! The controller manager missed its desired rate of 20 Hz. The loop took 67.657982 ms (missed cycles : 2).
[WARN] [1755204955.129656363] [a200_0000.controller_manager]: Overrun detected! The controller manager missed its desired rate of 20 Hz. The loop took 66.599046 ms (missed cycles : 2).
[WARN] [1755204956.427551767] [a200_0000.controller_manager]: Overrun detected! The controller manager missed its desired rate of 20 Hz. The loop took 64.494360 ms (missed cycles : 2).
[WARN] [1755204957.725431962] [a200_0000.controller_manager]: Overrun detected! The controller manager missed its desired rate of 20 Hz. The loop took 62.374845 ms (missed cycles : 2).
[WARN] [1755204959.023530703] [a200_0000.controller_manager]: Overrun detected! The controller manager missed its desired rate of 20 Hz. The loop took 60.473606 ms (missed cycles : 2).
[WARN] [1755204960.331764638] [a200_0000.controller_manager]: Overrun detected! The controller manager missed its desired rate of 20 Hz. The loop took 68.707211 ms (missed cycles : 2).
[WARN] [1755204961.630711814] [a200_0000.controller_manager]: Overrun detected! The controller manager missed its desired rate of 20 Hz. The loop took 67.654647 ms (missed cycles : 2).
[WARN] [1755204962.928601771] [a200_0000.controller_manager]: Overrun detected! The controller manager missed its desired rate of 20 Hz. The loop took 65.544534 ms (missed cycles : 2).
[WARN] [1755204964.226565168] [a200_0000.controller_manager]: Overrun detected! The controller manager missed its desired rate of 20 Hz. The loop took 63.507911 ms (missed cycles : 2).
[WARN] [1755204965.524432758] [a200_0000.controller_manager]: Overrun detected! The controller manager missed its desired rate of 20 Hz. The loop took 61.375551 ms (missed cycles : 2).
[WARN] [1755204966.822319599] [a200_0000.controller_manager]: Overrun detected! The controller manager missed its desired rate of 20 Hz. The loop took 59.262272 ms (missed cycles : 2).
[WARN] [1755204968.131829957] [a200_0000.controller_manager]: Overrun detected! The controller manager missed its desired rate of 20 Hz. The loop took 68.771840 ms (missed cycles : 2).
[WARN] [1755204969.429653172] [a200_0000.controller_manager]: Overrun detected! The controller manager missed its desired rate of 20 Hz. The loop took 66.596035 ms (missed cycles : 2).
[WARN] [1755204970.727544538] [a200_0000.controller_manager]: Overrun detected! The controller manager missed its desired rate of 20 Hz. The loop took 64.487431 ms (missed cycles : 2).
[WARN] [1755204972.025460956] [a200_0000.controller_manager]: Overrun detected! The controller manager missed its desired rate of 20 Hz. The loop took 62.403839 ms (missed cycles : 2).
[WARN] [1755204973.323348467] [a200_0000.controller_manager]: Overrun detected! The controller manager missed its desired rate of 20 Hz. The loop took 60.291250 ms (missed cycles : 2).
[WARN] [1755204974.632812726] [a200_0000.controller_manager]: Overrun detected! The controller manager missed its desired rate of 20 Hz. The loop took 69.755229 ms (missed cycles : 2).
[WARN] [1755204975.930709282] [a200_0000.controller_manager]: Overrun detected! The controller manager missed its desired rate of 20 Hz. The loop took 67.652015 ms (missed cycles : 2).
[WARN] [1755204977.228601060] [a200_0000.controller_manager]: Overrun detected! The controller manager missed its desired rate of 20 Hz. The loop took 65.543793 ms (missed cycles : 2).
[WARN] [1755204978.526549910] [a200_0000.controller_manager]: Overrun detected! The controller manager missed its desired rate of 20 Hz. The loop took 63.492693 ms (missed cycles : 2).
[WARN] [1755204979.824490834] [a200_0000.controller_manager]: Overrun detected! The controller manager missed its desired rate of 20 Hz. The loop took 61.433877 ms (missed cycles : 2).
[WARN] [1755204981.122271934] [a200_0000.controller_manager]: Overrun detected! The controller manager missed its desired rate of 20 Hz. The loop took 59.214727 ms (missed cycles : 2).
[WARN] [1755204982.430702380] [a200_0000.controller_manager]: Overrun detected! The controller manager missed its desired rate of 20 Hz. The loop took 67.645213 ms (missed cycles : 2).
[WARN] [1755204983.728657553] [a200_0000.controller_manager]: Overrun detected! The controller manager missed its desired rate of 20 Hz. The loop took 65.600116 ms (missed cycles : 2).
[WARN] [1755204985.026492963] [a200_0000.controller_manager]: Overrun detected! The controller manager missed its desired rate of 20 Hz. The loop took 63.435756 ms (missed cycles : 2).
[WARN] [1755204986.325545602] [a200_0000.controller_manager]: Overrun detected! The controller manager missed its desired rate of 20 Hz. The loop took 62.488105 ms (missed cycles : 2).
[WARN] [1755204987.623333799] [a200_0000.controller_manager]: Overrun detected! The controller manager missed its desired rate of 20 Hz. The loop took 60.276742 ms (missed cycles : 2).
[WARN] [1755204988.931765784] [a200_0000.controller_manager]: Overrun detected! The controller manager missed its desired rate of 20 Hz. The loop took 68.708438 ms (missed cycles : 2).
[WARN] [1755204990.229606409] [a200_0000.controller_manager]: Overrun detected! The controller manager missed its desired rate of 20 Hz. The loop took 66.549262 ms (missed cycles : 2).
[WARN] [1755204991.527662743] [a200_0000.controller_manager]: Overrun detected! The controller manager missed its desired rate of 20 Hz. The loop took 64.605136 ms (missed cycles : 2).
[WARN] [1755204992.826488818] [a200_0000.controller_manager]: Overrun detected! The controller manager missed its desired rate of 20 Hz. The loop took 63.431581 ms (missed cycles : 2).
[WARN] [1755204994.124498472] [a200_0000.controller_manager]: Overrun detected! The controller manager missed its desired rate of 20 Hz. The loop took 61.439555 ms (missed cycles : 2).
[WARN] [1755204995.422336724] [a200_0000.controller_manager]: Overrun detected! The controller manager missed its desired rate of 20 Hz. The loop took 59.279517 ms (missed cycles : 2).
[WARN] [1755204996.731034830] [a200_0000.controller_manager]: Overrun detected! The controller manager missed its desired rate of 20 Hz. The loop took 67.975763 ms (missed cycles : 2).
[WARN] [1755204998.028712675] [a200_0000.controller_manager]: Overrun detected! The controller manager missed its desired rate of 20 Hz. The loop took 65.655498 ms (missed cycles : 2).
[WARN] [1755204999.327659249] [a200_0000.controller_manager]: Overrun detected! The controller manager missed its desired rate of 20 Hz. The loop took 64.601992 ms (missed cycles : 2).
[WARN] [1755205000.625430132] [a200_0000.controller_manager]: Overrun detected! The controller manager missed its desired rate of 20 Hz. The loop took 62.372985 ms (missed cycles : 2).
[WARN] [1755205001.923311078] [a200_0000.controller_manager]: Overrun detected! The controller manager missed its desired rate of 20 Hz. The loop took 60.254091 ms (missed cycles : 2).
[WARN] [1755205003.231875702] [a200_0000.controller_manager]: Overrun detected! The controller manager missed its desired rate of 20 Hz. The loop took 68.818455 ms (missed cycles : 2).
[WARN] [1755205004.529922906] [a200_0000.controller_manager]: Overrun detected! The controller manager missed its desired rate of 20 Hz. The loop took 66.865689 ms (missed cycles : 2).
[WARN] [1755205005.827603041] [a200_0000.controller_manager]: Overrun detected! The controller manager missed its desired rate of 20 Hz. The loop took 64.545754 ms (missed cycles : 2).
[WARN] [1755205007.125490558] [a200_0000.controller_manager]: Overrun detected! The controller manager missed its desired rate of 20 Hz. The loop took 62.433641 ms (missed cycles : 2).
[WARN] [1755205008.424383681] [a200_0000.controller_manager]: Overrun detected! The controller manager missed its desired rate of 20 Hz. The loop took 61.326484 ms (missed cycles : 2).
[WARN] [1755205009.722326698] [a200_0000.controller_manager]: Overrun detected! The controller manager missed its desired rate of 20 Hz. The loop took 59.269501 ms (missed cycles : 2).
[WARN] [1755205011.030708298] [a200_0000.controller_manager]: Overrun detected! The controller manager missed its desired rate of 20 Hz. The loop took 67.651331 ms (missed cycles : 2).
[WARN] [1755205012.328597558] [a200_0000.controller_manager]: Overrun detected! The controller manager missed its desired rate of 20 Hz. The loop took 65.540281 ms (missed cycles : 2).
[WARN] [1755205013.626497793] [a200_0000.controller_manager]: Overrun detected! The controller manager missed its desired rate of 20 Hz. The loop took 63.440216 ms (missed cycles : 2).
[WARN] [1755205014.924500663] [a200_0000.controller_manager]: Overrun detected! The controller manager missed its desired rate of 20 Hz. The loop took 61.442856 ms (missed cycles : 2).
[WARN] [1755205016.223308113] [a200_0000.controller_manager]: Overrun detected! The controller manager missed its desired rate of 20 Hz. The loop took 60.250666 ms (missed cycles : 2).
[WARN] [1755205017.531765200] [a200_0000.controller_manager]: Overrun detected! The controller manager missed its desired rate of 20 Hz. The loop took 68.707833 ms (missed cycles : 2).
[WARN] [1755205018.829656080] [a200_0000.controller_manager]: Overrun detected! The controller manager missed its desired rate of 20 Hz. The loop took 66.598963 ms (missed cycles : 2).
[WARN] [1755205020.127560817] [a200_0000.controller_manager]: Overrun detected! The controller manager missed its desired rate of 20 Hz. The loop took 64.503780 ms (missed cycles : 2).
[WARN] [1755205021.426545168] [a200_0000.controller_manager]: Overrun detected! The controller manager missed its desired rate of 20 Hz. The loop took 63.488121 ms (missed cycles : 2).
[WARN] [1755205022.724428998] [a200_0000.controller_manager]: Overrun detected! The controller manager missed its desired rate of 20 Hz. The loop took 61.371951 ms (missed cycles : 2).
[WARN] [1755205024.022391382] [a200_0000.controller_manager]: Overrun detected! The controller manager missed its desired rate of 20 Hz. The loop took 59.333465 ms (missed cycles : 2).
[WARN] [1755205025.330811489] [a200_0000.controller_manager]: Overrun detected! The controller manager missed its desired rate of 20 Hz. The loop took 67.754492 ms (missed cycles : 2).
[WARN] [1755205026.628663119] [a200_0000.controller_manager]: Overrun detected! The controller manager missed its desired rate of 20 Hz. The loop took 65.605502 ms (missed cycles : 2).
[WARN] [1755205027.927602254] [a200_0000.controller_manager]: Overrun detected! The controller manager missed its desired rate of 20 Hz. The loop took 64.545117 ms (missed cycles : 2).
[WARN] [1755205029.225595805] [a200_0000.controller_manager]: Overrun detected! The controller manager missed its desired rate of 20 Hz. The loop took 62.538568 ms (missed cycles : 2).
[WARN] [1755205030.523302588] [a200_0000.controller_manager]: Overrun detected! The controller manager missed its desired rate of 20 Hz. The loop took 60.245061 ms (missed cycles : 2).
[WARN] [1755205031.831761698] [a200_0000.controller_manager]: Overrun detected! The controller manager missed its desired rate of 20 Hz. The loop took 68.704621 ms (missed cycles : 2).
[WARN] [1755205033.129652781] [a200_0000.controller_manager]: Overrun detected! The controller manager missed its desired rate of 20 Hz. The loop took 66.595864 ms (missed cycles : 2).
[WARN] [1755205034.427885275] [a200_0000.controller_manager]: Overrun detected! The controller manager missed its desired rate of 20 Hz. The loop took 64.827228 ms (missed cycles : 2).
[WARN] [1755205035.725497938] [a200_0000.controller_manager]: Overrun detected! The controller manager missed its desired rate of 20 Hz. The loop took 62.440711 ms (missed cycles : 2).
[WARN] [1755205037.023280535] [a200_0000.controller_manager]: Overrun detected! The controller manager missed its desired rate of 20 Hz. The loop took 60.223388 ms (missed cycles : 2).
[WARN] [1755205038.332827339] [a200_0000.controller_manager]: Overrun detected! The controller manager missed its desired rate of 20 Hz. The loop took 69.769862 ms (missed cycles : 2).
[WARN] [1755205039.630653310] [a200_0000.controller_manager]: Overrun detected! The controller manager missed its desired rate of 20 Hz. The loop took 67.596183 ms (missed cycles : 2).
[WARN] [1755205040.928658105] [a200_0000.controller_manager]: Overrun detected! The controller manager missed its desired rate of 20 Hz. The loop took 65.600838 ms (missed cycles : 2).
[WARN] [1755205042.226542679] [a200_0000.controller_manager]: Overrun detected! The controller manager missed its desired rate of 20 Hz. The loop took 63.485312 ms (missed cycles : 2).
[WARN] [1755205043.524496249] [a200_0000.controller_manager]: Overrun detected! The controller manager missed its desired rate of 20 Hz. The loop took 61.438962 ms (missed cycles : 2).
[WARN] [1755205044.822338019] [a200_0000.controller_manager]: Overrun detected! The controller manager missed its desired rate of 20 Hz. The loop took 59.281022 ms (missed cycles : 2).
[WARN] [1755205046.131761610] [a200_0000.controller_manager]: Overrun detected! The controller manager missed its desired rate of 20 Hz. The loop took 68.704563 ms (missed cycles : 2).
[WARN] [1755205047.429653164] [a200_0000.controller_manager]: Overrun detected! The controller manager missed its desired rate of 20 Hz. The loop took 66.596007 ms (missed cycles : 2).
[WARN] [1755205048.727713372] [a200_0000.controller_manager]: Overrun detected! The controller manager missed its desired rate of 20 Hz. The loop took 64.656015 ms (missed cycles : 2).
[WARN] [1755205050.025491304] [a200_0000.controller_manager]: Overrun detected! The controller manager missed its desired rate of 20 Hz. The loop took 62.434187 ms (missed cycles : 2).
[WARN] [1755205051.323362152] [a200_0000.controller_manager]: Overrun detected! The controller manager missed its desired rate of 20 Hz. The loop took 60.304855 ms (missed cycles : 2).
[WARN] [1755205052.632886939] [a200_0000.controller_manager]: Overrun detected! The controller manager missed its desired rate of 20 Hz. The loop took 69.829472 ms (missed cycles : 2).
[WARN] [1755205053.930770622] [a200_0000.controller_manager]: Overrun detected! The controller manager missed its desired rate of 20 Hz. The loop took 67.713015 ms (missed cycles : 2).
[WARN] [1755205055.228600014] [a200_0000.controller_manager]: Overrun detected! The controller manager missed its desired rate of 20 Hz. The loop took 65.542887 ms (missed cycles : 2).
[WARN] [1755205056.526550205] [a200_0000.controller_manager]: Overrun detected! The controller manager missed its desired rate of 20 Hz. The loop took 63.492918 ms (missed cycles : 2).
[WARN] [1755205057.825429853] [a200_0000.controller_manager]: Overrun detected! The controller manager missed its desired rate of 20 Hz. The loop took 62.372565 ms (missed cycles : 2).
[WARN] [1755205059.123432435] [a200_0000.controller_manager]: Overrun detected! The controller manager missed its desired rate of 20 Hz. The loop took 60.375148 ms (missed cycles : 2).
[WARN] [1755205060.431813617] [a200_0000.controller_manager]: Overrun detected! The controller manager missed its desired rate of 20 Hz. The loop took 68.756650 ms (missed cycles : 2).
[WARN] [1755205061.729780888] [a200_0000.controller_manager]: Overrun detected! The controller manager missed its desired rate of 20 Hz. The loop took 66.723141 ms (missed cycles : 2).
[WARN] [1755205063.028654762] [a200_0000.controller_manager]: Overrun detected! The controller manager missed its desired rate of 20 Hz. The loop took 65.597545 ms (missed cycles : 2).
[WARN] [1755205064.326808822] [a200_0000.controller_manager]: Overrun detected! The controller manager missed its desired rate of 20 Hz. The loop took 63.751175 ms (missed cycles : 2).
[WARN] [1755205065.624497070] [a200_0000.controller_manager]: Overrun detected! The controller manager missed its desired rate of 20 Hz. The loop took 61.439673 ms (missed cycles : 2).
[WARN] [1755205066.922376811] [a200_0000.controller_manager]: Overrun detected! The controller manager missed its desired rate of 20 Hz. The loop took 59.319604 ms (missed cycles : 2).
[WARN] [1755205068.231818537] [a200_0000.controller_manager]: Overrun detected! The controller manager missed its desired rate of 20 Hz. The loop took 68.761130 ms (missed cycles : 2).
[WARN] [1755205069.529657052] [a200_0000.controller_manager]: Overrun detected! The controller manager missed its desired rate of 20 Hz. The loop took 66.599705 ms (missed cycles : 2).
[WARN] [1755205070.827545927] [a200_0000.controller_manager]: Overrun detected! The controller manager missed its desired rate of 20 Hz. The loop took 64.488870 ms (missed cycles : 2).
[WARN] [1755205072.126421005] [a200_0000.controller_manager]: Overrun detected! The controller manager missed its desired rate of 20 Hz. The loop took 63.363708 ms (missed cycles : 2).
[WARN] [1755205073.424409389] [a200_0000.controller_manager]: Overrun detected! The controller manager missed its desired rate of 20 Hz. The loop took 61.352242 ms (missed cycles : 2).
[WARN] [1755205074.722334320] [a200_0000.controller_manager]: Overrun detected! The controller manager missed its desired rate of 20 Hz. The loop took 59.277233 ms (missed cycles : 2).
[WARN] [1755205076.030769108] [a200_0000.controller_manager]: Overrun detected! The controller manager missed its desired rate of 20 Hz. The loop took 67.711851 ms (missed cycles : 2).
[WARN] [1755205077.329656305] [a200_0000.controller_manager]: Overrun detected! The controller manager missed its desired rate of 20 Hz. The loop took 66.599118 ms (missed cycles : 2).
[WARN] [1755205078.627545078] [a200_0000.controller_manager]: Overrun detected! The controller manager missed its desired rate of 20 Hz. The loop took 64.487751 ms (missed cycles : 2).
[WARN] [1755205079.925425571] [a200_0000.controller_manager]: Overrun detected! The controller manager missed its desired rate of 20 Hz. The loop took 62.368474 ms (missed cycles : 2).
[WARN] [1755205081.223505512] [a200_0000.controller_manager]: Overrun detected! The controller manager missed its desired rate of 20 Hz. The loop took 60.448255 ms (missed cycles : 2).
[WARN] [1755205082.532819916] [a200_0000.controller_manager]: Overrun detected! The controller manager missed its desired rate of 20 Hz. The loop took 69.762419 ms (missed cycles : 2).
[WARN] [1755205083.830786071] [a200_0000.controller_manager]: Overrun detected! The controller manager missed its desired rate of 20 Hz. The loop took 67.728774 ms (missed cycles : 2).
[WARN] [1755205085.128658435] [a200_0000.controller_manager]: Overrun detected! The controller manager missed its desired rate of 20 Hz. The loop took 65.600848 ms (missed cycles : 2).
[WARN] [1755205086.427557288] [a200_0000.controller_manager]: Overrun detected! The controller manager missed its desired rate of 20 Hz. The loop took 64.499631 ms (missed cycles : 2).
[WARN] [1755205087.725415929] [a200_0000.controller_manager]: Overrun detected! The controller manager missed its desired rate of 20 Hz. The loop took 62.358642 ms (missed cycles : 2).
[WARN] [1755205089.023365245] [a200_0000.controller_manager]: Overrun detected! The controller manager missed its desired rate of 20 Hz. The loop took 60.308188 ms (missed cycles : 2).
[WARN] [1755205090.331815955] [a200_0000.controller_manager]: Overrun detected! The controller manager missed its desired rate of 20 Hz. The loop took 68.758878 ms (missed cycles : 2).
[WARN] [1755205091.629715053] [a200_0000.controller_manager]: Overrun detected! The controller manager missed its desired rate of 20 Hz. The loop took 66.657465 ms (missed cycles : 2).
[WARN] [1755205092.928652394] [a200_0000.controller_manager]: Overrun detected! The controller manager missed its desired rate of 20 Hz. The loop took 65.595317 ms (missed cycles : 2).
[WARN] [1755205094.226830099] [a200_0000.controller_manager]: Overrun detected! The controller manager missed its desired rate of 20 Hz. The loop took 63.772382 ms (missed cycles : 2).
[WARN] [1755205095.524388594] [a200_0000.controller_manager]: Overrun detected! The controller manager missed its desired rate of 20 Hz. The loop took 61.331577 ms (missed cycles : 2).
[WARN] [1755205096.822308697] [a200_0000.controller_manager]: Overrun detected! The controller manager missed its desired rate of 20 Hz. The loop took 59.251510 ms (missed cycles : 2).
[WARN] [1755205098.131821541] [a200_0000.controller_manager]: Overrun detected! The controller manager missed its desired rate of 20 Hz. The loop took 68.764254 ms (missed cycles : 2).
[WARN] [1755205099.429765855] [a200_0000.controller_manager]: Overrun detected! The controller manager missed its desired rate of 20 Hz. The loop took 66.708668 ms (missed cycles : 2).
[WARN] [1755205100.727599446] [a200_0000.controller_manager]: Overrun detected! The controller manager missed its desired rate of 20 Hz. The loop took 64.542459 ms (missed cycles : 2).
[WARN] [1755205102.025432224] [a200_0000.controller_manager]: Overrun detected! The controller manager missed its desired rate of 20 Hz. The loop took 62.375177 ms (missed cycles : 2).
[WARN] [1755205103.323375445] [a200_0000.controller_manager]: Overrun detected! The controller manager missed its desired rate of 20 Hz. The loop took 60.318128 ms (missed cycles : 2).
[WARN] [1755205104.621232172] [a200_0000.controller_manager]: Overrun detected! The controller manager missed its desired rate of 20 Hz. The loop took 58.175095 ms (missed cycles : 2).
[WARN] [1755205105.930825121] [a200_0000.controller_manager]: Overrun detected! The controller manager missed its desired rate of 20 Hz. The loop took 67.767604 ms (missed cycles : 2).
[WARN] [1755205107.228600654] [a200_0000.controller_manager]: Overrun detected! The controller manager missed its desired rate of 20 Hz. The loop took 65.543527 ms (missed cycles : 2).
[WARN] [1755205108.526557836] [a200_0000.controller_manager]: Overrun detected! The controller manager missed its desired rate of 20 Hz. The loop took 63.500619 ms (missed cycles : 2).
[WARN] [1755205109.825422252] [a200_0000.controller_manager]: Overrun detected! The controller manager missed its desired rate of 20 Hz. The loop took 62.365145 ms (missed cycles : 2).
[WARN] [1755205111.123368151] [a200_0000.controller_manager]: Overrun detected! The controller manager missed its desired rate of 20 Hz. The loop took 60.310244 ms (missed cycles : 2).
[WARN] [1755205112.431819847] [a200_0000.controller_manager]: Overrun detected! The controller manager missed its desired rate of 20 Hz. The loop took 68.762640 ms (missed cycles : 2).
[WARN] [1755205113.730819042] [a200_0000.controller_manager]: Overrun detected! The controller manager missed its desired rate of 20 Hz. The loop took 67.761845 ms (missed cycles : 2).
[WARN] [1755205115.028653703] [a200_0000.controller_manager]: Overrun detected! The controller manager missed its desired rate of 20 Hz. The loop took 65.596606 ms (missed cycles : 2).
[WARN] [1755205116.326511225] [a200_0000.controller_manager]: Overrun detected! The controller manager missed its desired rate of 20 Hz. The loop took 63.454068 ms (missed cycles : 2).
[WARN] [1755205117.624378215] [a200_0000.controller_manager]: Overrun detected! The controller manager missed its desired rate of 20 Hz. The loop took 61.321068 ms (missed cycles : 2).
[WARN] [1755205118.922405302] [a200_0000.controller_manager]: Overrun detected! The controller manager missed its desired rate of 20 Hz. The loop took 59.348165 ms (missed cycles : 2).
[WARN] [1755205120.231820989] [a200_0000.controller_manager]: Overrun detected! The controller manager missed its desired rate of 20 Hz. The loop took 68.763732 ms (missed cycles : 2).
[WARN] [1755205121.529719092] [a200_0000.controller_manager]: Overrun detected! The controller manager missed its desired rate of 20 Hz. The loop took 66.661975 ms (missed cycles : 2).
[WARN] [1755205122.827604315] [a200_0000.controller_manager]: Overrun detected! The controller manager missed its desired rate of 20 Hz. The loop took 64.546978 ms (missed cycles : 2).
[WARN] [1755205124.125558363] [a200_0000.controller_manager]: Overrun detected! The controller manager missed its desired rate of 20 Hz. The loop took 62.500556 ms (missed cycles : 2).
[WARN] [1755205125.423377523] [a200_0000.controller_manager]: Overrun detected! The controller manager missed its desired rate of 20 Hz. The loop took 60.320216 ms (missed cycles : 2).
[WARN] [1755205126.721360882] [a200_0000.controller_manager]: Overrun detected! The controller manager missed its desired rate of 20 Hz. The loop took 58.303665 ms (missed cycles : 2).
[WARN] [1755205128.030762040] [a200_0000.controller_manager]: Overrun detected! The controller manager missed its desired rate of 20 Hz. The loop took 67.704893 ms (missed cycles : 2).
[WARN] [1755205129.328602404] [a200_0000.controller_manager]: Overrun detected! The controller manager missed its desired rate of 20 Hz. The loop took 65.545427 ms (missed cycles : 2).
[WARN] [1755205130.626557932] [a200_0000.controller_manager]: Overrun detected! The controller manager missed its desired rate of 20 Hz. The loop took 63.500375 ms (missed cycles : 2).
[WARN] [1755205131.925564393] [a200_0000.controller_manager]: Overrun detected! The controller manager missed its desired rate of 20 Hz. The loop took 62.505966 ms (missed cycles : 2).
[WARN] [1755205133.223355764] [a200_0000.controller_manager]: Overrun detected! The controller manager missed its desired rate of 20 Hz. The loop took 60.298417 ms (missed cycles : 2).
[WARN] [1755205134.531758120] [a200_0000.controller_manager]: Overrun detected! The controller manager missed its desired rate of 20 Hz. The loop took 68.701033 ms (missed cycles : 2).
[WARN] [1755205135.829857788] [a200_0000.controller_manager]: Overrun detected! The controller manager missed its desired rate of 20 Hz. The loop took 66.800521 ms (missed cycles : 2).
[WARN] [1755205137.128659272] [a200_0000.controller_manager]: Overrun detected! The controller manager missed its desired rate of 20 Hz. The loop took 65.602005 ms (missed cycles : 2).
[WARN] [1755205138.426547622] [a200_0000.controller_manager]: Overrun detected! The controller manager missed its desired rate of 20 Hz. The loop took 63.490415 ms (missed cycles : 2).
[WARN] [1755205139.724376644] [a200_0000.controller_manager]: Overrun detected! The controller manager missed its desired rate of 20 Hz. The loop took 61.319577 ms (missed cycles : 2).
[WARN] [1755205141.022313520] [a200_0000.controller_manager]: Overrun detected! The controller manager missed its desired rate of 20 Hz. The loop took 59.256313 ms (missed cycles : 2).
[WARN] [1755205142.331869247] [a200_0000.controller_manager]: Overrun detected! The controller manager missed its desired rate of 20 Hz. The loop took 68.812150 ms (missed cycles : 2).
[WARN] [1755205143.629771363] [a200_0000.controller_manager]: Overrun detected! The controller manager missed its desired rate of 20 Hz. The loop took 66.713916 ms (missed cycles : 2).
[WARN] [1755205144.927602530] [a200_0000.controller_manager]: Overrun detected! The controller manager missed its desired rate of 20 Hz. The loop took 64.545323 ms (missed cycles : 2).
[WARN] [1755205146.225492763] [a200_0000.controller_manager]: Overrun detected! The controller manager missed its desired rate of 20 Hz. The loop took 62.435516 ms (missed cycles : 2).
[WARN] [1755205147.524383271] [a200_0000.controller_manager]: Overrun detected! The controller manager missed its desired rate of 20 Hz. The loop took 61.326114 ms (missed cycles : 2).
[WARN] [1755205148.832875212] [a200_0000.controller_manager]: Overrun detected! The controller manager missed its desired rate of 20 Hz. The loop took 69.817915 ms (missed cycles : 2).
[INFO] [1755205149.693696917] [rclcpp]: signal_handler(signum=2)
[INFO] [1755205149.693781269] [a200_0000.controller_manager]: Shutdown request received....
[INFO] [1755205149.693824170] [a200_0000.controller_manager]: Shutting down all controllers in the controller manager.
[INFO] [1755205149.693843471] [a200_0000.controller_manager]: Deactivating controller 'joint_state_broadcaster'
[INFO] [1755205149.693902032] [a200_0000.controller_manager]: Shutting down controller 'joint_state_broadcaster'
[INFO] [1755205149.694011504] [a200_0000.controller_manager]: Deactivating controller 'platform_velocity_controller'
[INFO] [1755205149.694055725] [a200_0000.controller_manager]: Shutting down controller 'platform_velocity_controller'
[INFO] [1755205149.694094806] [resource_manager]: 'deactivate' hardware 'a200_hardware' 
[INFO] [1755205149.694110677] [A200Hardware]: Stopping ...please wait...
[INFO] [1755205149.694115147] [A200Hardware]: System successfully stopped!
[INFO] [1755205149.694120027] [resource_manager]: Successful 'deactivate' of hardware 'a200_hardware'
[INFO] [1755205149.694123737] [resource_manager]: 'shutdown' hardware 'a200_hardware' 
[INFO] [1755205149.694132537] [resource_manager]: Successful 'shutdown' of hardware 'a200_hardware'
[INFO] [1755205149.694167988] [a200_0000.controller_manager]: Shutting down the controller manager.
