[INFO] [1755035620.169530312] [rviz2]: Stereo is NOT SUPPORTED
[INFO] [1755035620.169589782] [rviz2]: OpenGl version: 4.6 (GLSL 4.6)
[INFO] [1755035620.223441266] [rviz2]: Stereo is NOT SUPPORTED
[INFO] [1755035620.261839353] [ouster.rviz2]: Subscribing to: /ouster/points

[INFO] [1755035620.262501139] [ouster.rviz2]: Subscribing to: /ouster/points

[INFO] [1755035620.276510955] [ouster.rviz2]: Subscribing to: /ouster/points

[INFO] [1755035620.320064174] [rviz2]: Stereo is NOT SUPPORTED
[INFO] [1755035733.872234929] [ouster.rviz2]: Message Filter dropping message: frame 'os_lidar' at time 1755035732.769 for reason 'discarding message because the queue is full'
[INFO] [1755035734.000919366] [ouster.rviz2]: Message Filter dropping message: frame 'os_lidar' at time 1755035732.869 for reason 'discarding message because the queue is full'
[INFO] [1755035734.096411334] [ouster.rviz2]: Message Filter dropping message: frame 'os_lidar' at time 1755035732.969 for reason 'discarding message because the queue is full'
[INFO] [1755035734.192369879] [ouster.rviz2]: Message Filter dropping message: frame 'os_lidar' at time 1755035733.069 for reason 'discarding message because the queue is full'
[INFO] [1755035734.288475304] [ouster.rviz2]: Message Filter dropping message: frame 'os_lidar' at time 1755035733.169 for reason 'discarding message because the queue is full'
[INFO] [1755035734.384426069] [ouster.rviz2]: Message Filter dropping message: frame 'os_lidar' at time 1755035733.269 for reason 'discarding message because the queue is full'
[INFO] [1755035734.480373725] [ouster.rviz2]: Message Filter dropping message: frame 'os_lidar' at time 1755035733.369 for reason 'discarding message because the queue is full'
[INFO] [1755035734.576512699] [ouster.rviz2]: Message Filter dropping message: frame 'os_lidar' at time 1755035733.469 for reason 'discarding message because the queue is full'
[INFO] [1755035734.672137836] [ouster.rviz2]: Message Filter dropping message: frame 'os_lidar' at time 1755035733.569 for reason 'discarding message because the queue is full'
[INFO] [1755035734.800678384] [ouster.rviz2]: Message Filter dropping message: frame 'os_lidar' at time 1755035733.669 for reason 'discarding message because the queue is full'
[INFO] [1755035734.896885668] [ouster.rviz2]: Message Filter dropping message: frame 'os_lidar' at time 1755035733.769 for reason 'discarding message because the queue is full'
[INFO] [1755035734.992704704] [ouster.rviz2]: Message Filter dropping message: frame 'os_lidar' at time 1755035733.869 for reason 'discarding message because the queue is full'
[INFO] [1755035735.088275072] [ouster.rviz2]: Message Filter dropping message: frame 'os_lidar' at time 1755035733.969 for reason 'discarding message because the queue is full'
[INFO] [1755035735.184533146] [ouster.rviz2]: Message Filter dropping message: frame 'os_lidar' at time 1755035734.069 for reason 'discarding message because the queue is full'
[INFO] [1755035735.280247482] [ouster.rviz2]: Message Filter dropping message: frame 'os_lidar' at time 1755035734.169 for reason 'discarding message because the queue is full'
[INFO] [1755035735.376549216] [ouster.rviz2]: Message Filter dropping message: frame 'os_lidar' at time 1755035734.269 for reason 'discarding message because the queue is full'
[INFO] [1755035735.473068189] [ouster.rviz2]: Message Filter dropping message: frame 'os_lidar' at time 1755035734.369 for reason 'discarding message because the queue is full'
[INFO] [1755035735.600493662] [ouster.rviz2]: Message Filter dropping message: frame 'os_lidar' at time 1755035734.469 for reason 'discarding message because the queue is full'
[INFO] [1755035735.696330749] [ouster.rviz2]: Message Filter dropping message: frame 'os_lidar' at time 1755035734.569 for reason 'discarding message because the queue is full'
[INFO] [1755035735.792476513] [ouster.rviz2]: Message Filter dropping message: frame 'os_lidar' at time 1755035734.669 for reason 'discarding message because the queue is full'
[INFO] [1755035735.888185010] [ouster.rviz2]: Message Filter dropping message: frame 'os_lidar' at time 1755035734.769 for reason 'discarding message because the queue is full'
[INFO] [1755035735.984334825] [ouster.rviz2]: Message Filter dropping message: frame 'os_lidar' at time 1755035734.869 for reason 'discarding message because the queue is full'
[INFO] [1755035736.080691808] [ouster.rviz2]: Message Filter dropping message: frame 'os_lidar' at time 1755035734.969 for reason 'discarding message because the queue is full'
[INFO] [1755035736.176247066] [ouster.rviz2]: Message Filter dropping message: frame 'os_lidar' at time 1755035735.069 for reason 'discarding message because the queue is full'
[INFO] [1755035736.273109127] [ouster.rviz2]: Message Filter dropping message: frame 'os_lidar' at time 1755035735.169 for reason 'discarding message because the queue is full'
[INFO] [1755035736.401162827] [ouster.rviz2]: Message Filter dropping message: frame 'os_lidar' at time 1755035735.269 for reason 'discarding message because the queue is full'
[INFO] [1755035736.496732585] [ouster.rviz2]: Message Filter dropping message: frame 'os_lidar' at time 1755035735.369 for reason 'discarding message because the queue is full'
[INFO] [1755035736.593132769] [ouster.rviz2]: Message Filter dropping message: frame 'os_lidar' at time 1755035735.469 for reason 'discarding message because the queue is full'
[INFO] [1755035736.689030084] [ouster.rviz2]: Message Filter dropping message: frame 'os_lidar' at time 1755035735.569 for reason 'discarding message because the queue is full'
[INFO] [1755035736.784280844] [ouster.rviz2]: Message Filter dropping message: frame 'os_lidar' at time 1755035735.669 for reason 'discarding message because the queue is full'
[INFO] [1755035736.880652267] [ouster.rviz2]: Message Filter dropping message: frame 'os_lidar' at time 1755035735.768 for reason 'discarding message because the queue is full'
[INFO] [1755035736.976830222] [ouster.rviz2]: Message Filter dropping message: frame 'os_lidar' at time 1755035735.869 for reason 'discarding message because the queue is full'
[INFO] [1755035737.072339450] [ouster.rviz2]: Message Filter dropping message: frame 'os_lidar' at time 1755035735.969 for reason 'discarding message because the queue is full'
[INFO] [1755035737.200927748] [ouster.rviz2]: Message Filter dropping message: frame 'os_lidar' at time 1755035736.069 for reason 'discarding message because the queue is full'
[INFO] [1755035737.296305066] [ouster.rviz2]: Message Filter dropping message: frame 'os_lidar' at time 1755035736.169 for reason 'discarding message because the queue is full'
[INFO] [1755035737.392729600] [ouster.rviz2]: Message Filter dropping message: frame 'os_lidar' at time 1755035736.269 for reason 'discarding message because the queue is full'
[INFO] [1755035737.488317728] [ouster.rviz2]: Message Filter dropping message: frame 'os_lidar' at time 1755035736.369 for reason 'discarding message because the queue is full'
[INFO] [1755035737.584677071] [ouster.rviz2]: Message Filter dropping message: frame 'os_lidar' at time 1755035736.469 for reason 'discarding message because the queue is full'
[INFO] [1755035737.680754726] [ouster.rviz2]: Message Filter dropping message: frame 'os_lidar' at time 1755035736.569 for reason 'discarding message because the queue is full'
[INFO] [1755035737.776226995] [ouster.rviz2]: Message Filter dropping message: frame 'os_lidar' at time 1755035736.668 for reason 'discarding message because the queue is full'
[INFO] [1755035737.872117711] [ouster.rviz2]: Message Filter dropping message: frame 'os_lidar' at time 1755035736.768 for reason 'discarding message because the queue is full'
[INFO] [1755035738.000709349] [ouster.rviz2]: Message Filter dropping message: frame 'os_lidar' at time 1755035736.869 for reason 'discarding message because the queue is full'
[INFO] [1755035738.097107792] [ouster.rviz2]: Message Filter dropping message: frame 'os_lidar' at time 1755035736.968 for reason 'discarding message because the queue is full'
[INFO] [1755035738.192558601] [ouster.rviz2]: Message Filter dropping message: frame 'os_lidar' at time 1755035737.069 for reason 'discarding message because the queue is full'
[INFO] [1755035738.288475467] [ouster.rviz2]: Message Filter dropping message: frame 'os_lidar' at time 1755035737.169 for reason 'discarding message because the queue is full'
[INFO] [1755035738.384690021] [ouster.rviz2]: Message Filter dropping message: frame 'os_lidar' at time 1755035737.269 for reason 'discarding message because the queue is full'
[INFO] [1755035738.480587698] [ouster.rviz2]: Message Filter dropping message: frame 'os_lidar' at time 1755035737.369 for reason 'discarding message because the queue is full'
[INFO] [1755035738.577049081] [ouster.rviz2]: Message Filter dropping message: frame 'os_lidar' at time 1755035737.469 for reason 'discarding message because the queue is full'
[INFO] [1755035738.673073377] [ouster.rviz2]: Message Filter dropping message: frame 'os_lidar' at time 1755035737.569 for reason 'discarding message because the queue is full'
[INFO] [1755035738.800960438] [ouster.rviz2]: Message Filter dropping message: frame 'os_lidar' at time 1755035737.669 for reason 'discarding message because the queue is full'
[INFO] [1755035738.896464416] [ouster.rviz2]: Message Filter dropping message: frame 'os_lidar' at time 1755035737.769 for reason 'discarding message because the queue is full'
[INFO] [1755035738.992390572] [ouster.rviz2]: Message Filter dropping message: frame 'os_lidar' at time 1755035737.869 for reason 'discarding message because the queue is full'
[INFO] [1755035739.089048945] [ouster.rviz2]: Message Filter dropping message: frame 'os_lidar' at time 1755035737.969 for reason 'discarding message because the queue is full'
[INFO] [1755035739.184571863] [ouster.rviz2]: Message Filter dropping message: frame 'os_lidar' at time 1755035738.069 for reason 'discarding message because the queue is full'
[INFO] [1755035739.280382540] [ouster.rviz2]: Message Filter dropping message: frame 'os_lidar' at time 1755035738.169 for reason 'discarding message because the queue is full'
[INFO] [1755035739.376224866] [ouster.rviz2]: Message Filter dropping message: frame 'os_lidar' at time 1755035738.269 for reason 'discarding message because the queue is full'
[INFO] [1755035739.472882679] [ouster.rviz2]: Message Filter dropping message: frame 'os_lidar' at time 1755035738.369 for reason 'discarding message because the queue is full'
[INFO] [1755035739.600238353] [ouster.rviz2]: Message Filter dropping message: frame 'os_lidar' at time 1755035738.469 for reason 'discarding message because the queue is full'
[INFO] [1755035739.696649417] [ouster.rviz2]: Message Filter dropping message: frame 'os_lidar' at time 1755035738.569 for reason 'discarding message because the queue is full'
[INFO] [1755035739.792469354] [ouster.rviz2]: Message Filter dropping message: frame 'os_lidar' at time 1755035738.669 for reason 'discarding message because the queue is full'
[INFO] [1755035739.888627999] [ouster.rviz2]: Message Filter dropping message: frame 'os_lidar' at time 1755035738.769 for reason 'discarding message because the queue is full'
[INFO] [1755035739.984593285] [ouster.rviz2]: Message Filter dropping message: frame 'os_lidar' at time 1755035738.869 for reason 'discarding message because the queue is full'
[INFO] [1755035740.080854149] [ouster.rviz2]: Message Filter dropping message: frame 'os_lidar' at time 1755035738.969 for reason 'discarding message because the queue is full'
[INFO] [1755035740.176662086] [ouster.rviz2]: Message Filter dropping message: frame 'os_lidar' at time 1755035739.069 for reason 'discarding message because the queue is full'
[INFO] [1755035740.272986380] [ouster.rviz2]: Message Filter dropping message: frame 'os_lidar' at time 1755035739.169 for reason 'discarding message because the queue is full'
[INFO] [1755035740.400852832] [ouster.rviz2]: Message Filter dropping message: frame 'os_lidar' at time 1755035739.269 for reason 'discarding message because the queue is full'
[INFO] [1755035740.496800898] [ouster.rviz2]: Message Filter dropping message: frame 'os_lidar' at time 1755035739.369 for reason 'discarding message because the queue is full'
[INFO] [1755035740.593117402] [ouster.rviz2]: Message Filter dropping message: frame 'os_lidar' at time 1755035739.469 for reason 'discarding message because the queue is full'
[INFO] [1755035740.688898440] [ouster.rviz2]: Message Filter dropping message: frame 'os_lidar' at time 1755035739.569 for reason 'discarding message because the queue is full'
[INFO] [1755035740.784355728] [ouster.rviz2]: Message Filter dropping message: frame 'os_lidar' at time 1755035739.669 for reason 'discarding message because the queue is full'
[INFO] [1755035740.880252575] [ouster.rviz2]: Message Filter dropping message: frame 'os_lidar' at time 1755035739.769 for reason 'discarding message because the queue is full'
[INFO] [1755035740.977108576] [ouster.rviz2]: Message Filter dropping message: frame 'os_lidar' at time 1755035739.869 for reason 'discarding message because the queue is full'
[INFO] [1755035741.072213007] [ouster.rviz2]: Message Filter dropping message: frame 'os_lidar' at time 1755035739.969 for reason 'discarding message because the queue is full'
[INFO] [1755035741.201132113] [ouster.rviz2]: Message Filter dropping message: frame 'os_lidar' at time 1755035740.069 for reason 'discarding message because the queue is full'
[INFO] [1755035741.296893561] [ouster.rviz2]: Message Filter dropping message: frame 'os_lidar' at time 1755035740.169 for reason 'discarding message because the queue is full'
[INFO] [1755035741.392603498] [ouster.rviz2]: Message Filter dropping message: frame 'os_lidar' at time 1755035740.269 for reason 'discarding message because the queue is full'
[INFO] [1755035741.488325485] [ouster.rviz2]: Message Filter dropping message: frame 'os_lidar' at time 1755035740.369 for reason 'discarding message because the queue is full'
[INFO] [1755035741.584428251] [ouster.rviz2]: Message Filter dropping message: frame 'os_lidar' at time 1755035740.469 for reason 'discarding message because the queue is full'
[INFO] [1755035741.680707366] [ouster.rviz2]: Message Filter dropping message: frame 'os_lidar' at time 1755035740.568 for reason 'discarding message because the queue is full'
[INFO] [1755035741.776319324] [ouster.rviz2]: Message Filter dropping message: frame 'os_lidar' at time 1755035740.668 for reason 'discarding message because the queue is full'
[INFO] [1755035741.872854447] [ouster.rviz2]: Message Filter dropping message: frame 'os_lidar' at time 1755035740.769 for reason 'discarding message because the queue is full'
[INFO] [1755035742.000632679] [ouster.rviz2]: Message Filter dropping message: frame 'os_lidar' at time 1755035740.869 for reason 'discarding message because the queue is full'
[INFO] [1755035742.096994244] [ouster.rviz2]: Message Filter dropping message: frame 'os_lidar' at time 1755035740.969 for reason 'discarding message because the queue is full'
[INFO] [1755035742.192793871] [ouster.rviz2]: Message Filter dropping message: frame 'os_lidar' at time 1755035741.069 for reason 'discarding message because the queue is full'
[INFO] [1755035742.289151085] [ouster.rviz2]: Message Filter dropping message: frame 'os_lidar' at time 1755035741.169 for reason 'discarding message because the queue is full'
[INFO] [1755035742.384352445] [ouster.rviz2]: Message Filter dropping message: frame 'os_lidar' at time 1755035741.269 for reason 'discarding message because the queue is full'
[INFO] [1755035742.480659290] [ouster.rviz2]: Message Filter dropping message: frame 'os_lidar' at time 1755035741.369 for reason 'discarding message because the queue is full'
[INFO] [1755035742.576430787] [ouster.rviz2]: Message Filter dropping message: frame 'os_lidar' at time 1755035741.469 for reason 'discarding message because the queue is full'
[INFO] [1755035742.672571433] [ouster.rviz2]: Message Filter dropping message: frame 'os_lidar' at time 1755035741.568 for reason 'discarding message because the queue is full'
[INFO] [1755035742.800502704] [ouster.rviz2]: Message Filter dropping message: frame 'os_lidar' at time 1755035741.669 for reason 'discarding message because the queue is full'
[INFO] [1755035742.896725229] [ouster.rviz2]: Message Filter dropping message: frame 'os_lidar' at time 1755035741.769 for reason 'discarding message because the queue is full'
[INFO] [1755035742.992769615] [ouster.rviz2]: Message Filter dropping message: frame 'os_lidar' at time 1755035741.869 for reason 'discarding message because the queue is full'
[INFO] [1755035743.088332994] [ouster.rviz2]: Message Filter dropping message: frame 'os_lidar' at time 1755035741.969 for reason 'discarding message because the queue is full'
[INFO] [1755035743.184272780] [ouster.rviz2]: Message Filter dropping message: frame 'os_lidar' at time 1755035742.069 for reason 'discarding message because the queue is full'
[INFO] [1755035743.280508515] [ouster.rviz2]: Message Filter dropping message: frame 'os_lidar' at time 1755035742.169 for reason 'discarding message because the queue is full'
[INFO] [1755035743.376255413] [ouster.rviz2]: Message Filter dropping message: frame 'os_lidar' at time 1755035742.269 for reason 'discarding message because the queue is full'
[INFO] [1755035743.472797176] [ouster.rviz2]: Message Filter dropping message: frame 'os_lidar' at time 1755035742.368 for reason 'discarding message because the queue is full'
[INFO] [1755035743.600518999] [ouster.rviz2]: Message Filter dropping message: frame 'os_lidar' at time 1755035742.468 for reason 'discarding message because the queue is full'
[INFO] [1755035743.696868004] [ouster.rviz2]: Message Filter dropping message: frame 'os_lidar' at time 1755035742.568 for reason 'discarding message because the queue is full'
[INFO] [1755035743.792220773] [ouster.rviz2]: Message Filter dropping message: frame 'os_lidar' at time 1755035742.668 for reason 'discarding message because the queue is full'
[INFO] [1755035743.889137985] [ouster.rviz2]: Message Filter dropping message: frame 'os_lidar' at time 1755035742.768 for reason 'discarding message because the queue is full'
[INFO] [1755035743.984936072] [ouster.rviz2]: Message Filter dropping message: frame 'os_lidar' at time 1755035742.868 for reason 'discarding message because the queue is full'
[INFO] [1755035744.080489031] [ouster.rviz2]: Message Filter dropping message: frame 'os_lidar' at time 1755035742.968 for reason 'discarding message because the queue is full'
[INFO] [1755035744.176280398] [ouster.rviz2]: Message Filter dropping message: frame 'os_lidar' at time 1755035743.068 for reason 'discarding message because the queue is full'
[INFO] [1755035744.273065350] [ouster.rviz2]: Message Filter dropping message: frame 'os_lidar' at time 1755035743.168 for reason 'discarding message because the queue is full'
[INFO] [1755035744.401013373] [ouster.rviz2]: Message Filter dropping message: frame 'os_lidar' at time 1755035743.268 for reason 'discarding message because the queue is full'
[INFO] [1755035744.496954709] [ouster.rviz2]: Message Filter dropping message: frame 'os_lidar' at time 1755035743.368 for reason 'discarding message because the queue is full'
[INFO] [1755035744.592813076] [ouster.rviz2]: Message Filter dropping message: frame 'os_lidar' at time 1755035743.468 for reason 'discarding message because the queue is full'
[INFO] [1755035744.688987542] [ouster.rviz2]: Message Filter dropping message: frame 'os_lidar' at time 1755035743.568 for reason 'discarding message because the queue is full'
[INFO] [1755035744.784483641] [ouster.rviz2]: Message Filter dropping message: frame 'os_lidar' at time 1755035743.668 for reason 'discarding message because the queue is full'
[INFO] [1755035744.881155244] [ouster.rviz2]: Message Filter dropping message: frame 'os_lidar' at time 1755035743.768 for reason 'discarding message because the queue is full'
[INFO] [1755035744.977296499] [ouster.rviz2]: Message Filter dropping message: frame 'os_lidar' at time 1755035743.868 for reason 'discarding message because the queue is full'
[INFO] [1755035745.072509910] [ouster.rviz2]: Message Filter dropping message: frame 'os_lidar' at time 1755035743.968 for reason 'discarding message because the queue is full'
[INFO] [1755035745.200365702] [ouster.rviz2]: Message Filter dropping message: frame 'os_lidar' at time 1755035744.068 for reason 'discarding message because the queue is full'
[INFO] [1755035745.296259809] [ouster.rviz2]: Message Filter dropping message: frame 'os_lidar' at time 1755035744.168 for reason 'discarding message because the queue is full'
[INFO] [1755035745.393126771] [ouster.rviz2]: Message Filter dropping message: frame 'os_lidar' at time 1755035744.268 for reason 'discarding message because the queue is full'
[INFO] [1755035745.489102388] [ouster.rviz2]: Message Filter dropping message: frame 'os_lidar' at time 1755035744.368 for reason 'discarding message because the queue is full'
[INFO] [1755035745.584770416] [ouster.rviz2]: Message Filter dropping message: frame 'os_lidar' at time 1755035744.468 for reason 'discarding message because the queue is full'
[INFO] [1755035745.680665963] [ouster.rviz2]: Message Filter dropping message: frame 'os_lidar' at time 1755035744.568 for reason 'discarding message because the queue is full'
[INFO] [1755035745.776813679] [ouster.rviz2]: Message Filter dropping message: frame 'os_lidar' at time 1755035744.668 for reason 'discarding message because the queue is full'
[INFO] [1755035745.873106284] [ouster.rviz2]: Message Filter dropping message: frame 'os_lidar' at time 1755035744.768 for reason 'discarding message because the queue is full'
[INFO] [1755035746.000416749] [ouster.rviz2]: Message Filter dropping message: frame 'os_lidar' at time 1755035744.868 for reason 'discarding message because the queue is full'
[INFO] [1755035746.096990553] [ouster.rviz2]: Message Filter dropping message: frame 'os_lidar' at time 1755035744.968 for reason 'discarding message because the queue is full'
[INFO] [1755035746.192993740] [ouster.rviz2]: Message Filter dropping message: frame 'os_lidar' at time 1755035745.068 for reason 'discarding message because the queue is full'
[INFO] [1755035746.288796717] [ouster.rviz2]: Message Filter dropping message: frame 'os_lidar' at time 1755035745.168 for reason 'discarding message because the queue is full'
[INFO] [1755035746.385147572] [ouster.rviz2]: Message Filter dropping message: frame 'os_lidar' at time 1755035745.268 for reason 'discarding message because the queue is full'
[INFO] [1755035746.480743321] [ouster.rviz2]: Message Filter dropping message: frame 'os_lidar' at time 1755035745.368 for reason 'discarding message because the queue is full'
[INFO] [1755035746.576274509] [ouster.rviz2]: Message Filter dropping message: frame 'os_lidar' at time 1755035745.468 for reason 'discarding message because the queue is full'
[INFO] [1755035746.672851083] [ouster.rviz2]: Message Filter dropping message: frame 'os_lidar' at time 1755035745.568 for reason 'discarding message because the queue is full'
[INFO] [1755035746.801034964] [ouster.rviz2]: Message Filter dropping message: frame 'os_lidar' at time 1755035745.668 for reason 'discarding message because the queue is full'
[INFO] [1755035746.897072040] [ouster.rviz2]: Message Filter dropping message: frame 'os_lidar' at time 1755035745.768 for reason 'discarding message because the queue is full'
[INFO] [1755035746.992395090] [ouster.rviz2]: Message Filter dropping message: frame 'os_lidar' at time 1755035745.868 for reason 'discarding message because the queue is full'
[INFO] [1755035747.088489927] [ouster.rviz2]: Message Filter dropping message: frame 'os_lidar' at time 1755035745.968 for reason 'discarding message because the queue is full'
[INFO] [1755035747.184332294] [ouster.rviz2]: Message Filter dropping message: frame 'os_lidar' at time 1755035746.068 for reason 'discarding message because the queue is full'
[INFO] [1755035747.280361101] [ouster.rviz2]: Message Filter dropping message: frame 'os_lidar' at time 1755035746.168 for reason 'discarding message because the queue is full'
[INFO] [1755035747.376765515] [ouster.rviz2]: Message Filter dropping message: frame 'os_lidar' at time 1755035746.268 for reason 'discarding message because the queue is full'
[INFO] [1755035747.473120070] [ouster.rviz2]: Message Filter dropping message: frame 'os_lidar' at time 1755035746.368 for reason 'discarding message because the queue is full'
[INFO] [1755035747.601176782] [ouster.rviz2]: Message Filter dropping message: frame 'os_lidar' at time 1755035746.468 for reason 'discarding message because the queue is full'
[INFO] [1755035747.696279443] [ouster.rviz2]: Message Filter dropping message: frame 'os_lidar' at time 1755035746.568 for reason 'discarding message because the queue is full'
[INFO] [1755035747.792222760] [ouster.rviz2]: Message Filter dropping message: frame 'os_lidar' at time 1755035746.668 for reason 'discarding message because the queue is full'
[INFO] [1755035747.888953403] [ouster.rviz2]: Message Filter dropping message: frame 'os_lidar' at time 1755035746.768 for reason 'discarding message because the queue is full'
[INFO] [1755035747.984551952] [ouster.rviz2]: Message Filter dropping message: frame 'os_lidar' at time 1755035746.868 for reason 'discarding message because the queue is full'
[INFO] [1755035748.081082176] [ouster.rviz2]: Message Filter dropping message: frame 'os_lidar' at time 1755035746.968 for reason 'discarding message because the queue is full'
[INFO] [1755035748.176458446] [ouster.rviz2]: Message Filter dropping message: frame 'os_lidar' at time 1755035747.068 for reason 'discarding message because the queue is full'
[INFO] [1755035748.272529763] [ouster.rviz2]: Message Filter dropping message: frame 'os_lidar' at time 1755035747.168 for reason 'discarding message because the queue is full'
[INFO] [1755035748.401151102] [ouster.rviz2]: Message Filter dropping message: frame 'os_lidar' at time 1755035747.268 for reason 'discarding message because the queue is full'
[INFO] [1755035748.496653921] [ouster.rviz2]: Message Filter dropping message: frame 'os_lidar' at time 1755035747.368 for reason 'discarding message because the queue is full'
[INFO] [1755035748.592863597] [ouster.rviz2]: Message Filter dropping message: frame 'os_lidar' at time 1755035747.468 for reason 'discarding message because the queue is full'
[INFO] [1755035748.688376806] [ouster.rviz2]: Message Filter dropping message: frame 'os_lidar' at time 1755035747.568 for reason 'discarding message because the queue is full'
[INFO] [1755035748.784684231] [ouster.rviz2]: Message Filter dropping message: frame 'os_lidar' at time 1755035747.668 for reason 'discarding message because the queue is full'
[INFO] [1755035748.881152335] [ouster.rviz2]: Message Filter dropping message: frame 'os_lidar' at time 1755035747.768 for reason 'discarding message because the queue is full'
[INFO] [1755035748.977359931] [ouster.rviz2]: Message Filter dropping message: frame 'os_lidar' at time 1755035747.868 for reason 'discarding message because the queue is full'
[INFO] [1755035749.072609102] [ouster.rviz2]: Message Filter dropping message: frame 'os_lidar' at time 1755035747.968 for reason 'discarding message because the queue is full'
[INFO] [1755035749.200471605] [ouster.rviz2]: Message Filter dropping message: frame 'os_lidar' at time 1755035748.068 for reason 'discarding message because the queue is full'
[INFO] [1755035749.296992809] [ouster.rviz2]: Message Filter dropping message: frame 'os_lidar' at time 1755035748.168 for reason 'discarding message because the queue is full'
[INFO] [1755035749.392774407] [ouster.rviz2]: Message Filter dropping message: frame 'os_lidar' at time 1755035748.268 for reason 'discarding message because the queue is full'
[INFO] [1755035749.488225347] [ouster.rviz2]: Message Filter dropping message: frame 'os_lidar' at time 1755035748.368 for reason 'discarding message because the queue is full'
[INFO] [1755035749.584448823] [ouster.rviz2]: Message Filter dropping message: frame 'os_lidar' at time 1755035748.468 for reason 'discarding message because the queue is full'
[INFO] [1755035749.680818368] [ouster.rviz2]: Message Filter dropping message: frame 'os_lidar' at time 1755035748.568 for reason 'discarding message because the queue is full'
[INFO] [1755035749.776887364] [ouster.rviz2]: Message Filter dropping message: frame 'os_lidar' at time 1755035748.668 for reason 'discarding message because the queue is full'
[INFO] [1755035749.872252614] [ouster.rviz2]: Message Filter dropping message: frame 'os_lidar' at time 1755035748.768 for reason 'discarding message because the queue is full'
[INFO] [1755035750.000658965] [ouster.rviz2]: Message Filter dropping message: frame 'os_lidar' at time 1755035748.868 for reason 'discarding message because the queue is full'
[INFO] [1755035750.096462683] [ouster.rviz2]: Message Filter dropping message: frame 'os_lidar' at time 1755035748.968 for reason 'discarding message because the queue is full'
[INFO] [1755035750.192955507] [ouster.rviz2]: Message Filter dropping message: frame 'os_lidar' at time 1755035749.068 for reason 'discarding message because the queue is full'
[INFO] [1755035750.288584096] [ouster.rviz2]: Message Filter dropping message: frame 'os_lidar' at time 1755035749.168 for reason 'discarding message because the queue is full'
[INFO] [1755035750.384910761] [ouster.rviz2]: Message Filter dropping message: frame 'os_lidar' at time 1755035749.268 for reason 'discarding message because the queue is full'
[INFO] [1755035750.480724899] [ouster.rviz2]: Message Filter dropping message: frame 'os_lidar' at time 1755035749.368 for reason 'discarding message because the queue is full'
[INFO] [1755035750.576783316] [ouster.rviz2]: Message Filter dropping message: frame 'os_lidar' at time 1755035749.468 for reason 'discarding message because the queue is full'
[INFO] [1755035750.673144521] [ouster.rviz2]: Message Filter dropping message: frame 'os_lidar' at time 1755035749.568 for reason 'discarding message because the queue is full'
[INFO] [1755035750.801098084] [ouster.rviz2]: Message Filter dropping message: frame 'os_lidar' at time 1755035749.668 for reason 'discarding message because the queue is full'
[INFO] [1755035750.897043232] [ouster.rviz2]: Message Filter dropping message: frame 'os_lidar' at time 1755035749.768 for reason 'discarding message because the queue is full'
[INFO] [1755035750.993036939] [ouster.rviz2]: Message Filter dropping message: frame 'os_lidar' at time 1755035749.868 for reason 'discarding message because the queue is full'
[INFO] [1755035751.088793927] [ouster.rviz2]: Message Filter dropping message: frame 'os_lidar' at time 1755035749.968 for reason 'discarding message because the queue is full'
[INFO] [1755035751.185119113] [ouster.rviz2]: Message Filter dropping message: frame 'os_lidar' at time 1755035750.068 for reason 'discarding message because the queue is full'
[INFO] [1755035751.280862031] [ouster.rviz2]: Message Filter dropping message: frame 'os_lidar' at time 1755035750.168 for reason 'discarding message because the queue is full'
[INFO] [1755035751.376961517] [ouster.rviz2]: Message Filter dropping message: frame 'os_lidar' at time 1755035750.268 for reason 'discarding message because the queue is full'
[INFO] [1755035751.472729246] [ouster.rviz2]: Message Filter dropping message: frame 'os_lidar' at time 1755035750.368 for reason 'discarding message because the queue is full'
[INFO] [1755035751.600950117] [ouster.rviz2]: Message Filter dropping message: frame 'os_lidar' at time 1755035750.468 for reason 'discarding message because the queue is full'
[INFO] [1755035751.696900335] [ouster.rviz2]: Message Filter dropping message: frame 'os_lidar' at time 1755035750.568 for reason 'discarding message because the queue is full'
[INFO] [1755035751.792775973] [ouster.rviz2]: Message Filter dropping message: frame 'os_lidar' at time 1755035750.668 for reason 'discarding message because the queue is full'
[INFO] [1755035751.888311032] [ouster.rviz2]: Message Filter dropping message: frame 'os_lidar' at time 1755035750.768 for reason 'discarding message because the queue is full'
[INFO] [1755035751.984898076] [ouster.rviz2]: Message Filter dropping message: frame 'os_lidar' at time 1755035750.868 for reason 'discarding message because the queue is full'
[INFO] [1755035752.080321526] [ouster.rviz2]: Message Filter dropping message: frame 'os_lidar' at time 1755035750.968 for reason 'discarding message because the queue is full'
[INFO] [1755035752.176351443] [ouster.rviz2]: Message Filter dropping message: frame 'os_lidar' at time 1755035751.068 for reason 'discarding message because the queue is full'
[INFO] [1755035752.272273301] [ouster.rviz2]: Message Filter dropping message: frame 'os_lidar' at time 1755035751.168 for reason 'discarding message because the queue is full'
[INFO] [1755035752.400482253] [ouster.rviz2]: Message Filter dropping message: frame 'os_lidar' at time 1755035751.268 for reason 'discarding message because the queue is full'
[INFO] [1755035752.496796679] [ouster.rviz2]: Message Filter dropping message: frame 'os_lidar' at time 1755035751.368 for reason 'discarding message because the queue is full'
[INFO] [1755035752.592699396] [ouster.rviz2]: Message Filter dropping message: frame 'os_lidar' at time 1755035751.468 for reason 'discarding message because the queue is full'
[INFO] [1755035752.688928672] [ouster.rviz2]: Message Filter dropping message: frame 'os_lidar' at time 1755035751.568 for reason 'discarding message because the queue is full'
[INFO] [1755035752.785183608] [ouster.rviz2]: Message Filter dropping message: frame 'os_lidar' at time 1755035751.668 for reason 'discarding message because the queue is full'
[INFO] [1755035752.880475949] [ouster.rviz2]: Message Filter dropping message: frame 'os_lidar' at time 1755035751.768 for reason 'discarding message because the queue is full'
[INFO] [1755035752.976566776] [ouster.rviz2]: Message Filter dropping message: frame 'os_lidar' at time 1755035751.868 for reason 'discarding message because the queue is full'
[INFO] [1755035753.072664303] [ouster.rviz2]: Message Filter dropping message: frame 'os_lidar' at time 1755035751.968 for reason 'discarding message because the queue is full'
[INFO] [1755035753.200605846] [ouster.rviz2]: Message Filter dropping message: frame 'os_lidar' at time 1755035752.068 for reason 'discarding message because the queue is full'
[INFO] [1755035753.297031981] [ouster.rviz2]: Message Filter dropping message: frame 'os_lidar' at time 1755035752.168 for reason 'discarding message because the queue is full'
[INFO] [1755035753.392760530] [ouster.rviz2]: Message Filter dropping message: frame 'os_lidar' at time 1755035752.268 for reason 'discarding message because the queue is full'
[INFO] [1755035753.488412539] [ouster.rviz2]: Message Filter dropping message: frame 'os_lidar' at time 1755035752.368 for reason 'discarding message because the queue is full'
[INFO] [1755035753.584911183] [ouster.rviz2]: Message Filter dropping message: frame 'os_lidar' at time 1755035752.468 for reason 'discarding message because the queue is full'
[INFO] [1755035753.680878321] [ouster.rviz2]: Message Filter dropping message: frame 'os_lidar' at time 1755035752.568 for reason 'discarding message because the queue is full'
[INFO] [1755035753.776553990] [ouster.rviz2]: Message Filter dropping message: frame 'os_lidar' at time 1755035752.668 for reason 'discarding message because the queue is full'
[INFO] [1755035753.872520927] [ouster.rviz2]: Message Filter dropping message: frame 'os_lidar' at time 1755035752.768 for reason 'discarding message because the queue is full'
[INFO] [1755035754.000646250] [ouster.rviz2]: Message Filter dropping message: frame 'os_lidar' at time 1755035752.868 for reason 'discarding message because the queue is full'
[INFO] [1755035754.096417918] [ouster.rviz2]: Message Filter dropping message: frame 'os_lidar' at time 1755035752.969 for reason 'discarding message because the queue is full'
[INFO] [1755035754.192694894] [ouster.rviz2]: Message Filter dropping message: frame 'os_lidar' at time 1755035753.068 for reason 'discarding message because the queue is full'
[INFO] [1755035754.288451683] [ouster.rviz2]: Message Filter dropping message: frame 'os_lidar' at time 1755035753.168 for reason 'discarding message because the queue is full'
[INFO] [1755035754.385171727] [ouster.rviz2]: Message Filter dropping message: frame 'os_lidar' at time 1755035753.269 for reason 'discarding message because the queue is full'
[INFO] [1755035754.480288299] [ouster.rviz2]: Message Filter dropping message: frame 'os_lidar' at time 1755035753.369 for reason 'discarding message because the queue is full'
[INFO] [1755035754.577702289] [ouster.rviz2]: Message Filter dropping message: frame 'os_lidar' at time 1755035753.469 for reason 'discarding message because the queue is full'
[INFO] [1755035754.673081230] [ouster.rviz2]: Message Filter dropping message: frame 'os_lidar' at time 1755035753.569 for reason 'discarding message because the queue is full'
[INFO] [1755035754.800905914] [ouster.rviz2]: Message Filter dropping message: frame 'os_lidar' at time 1755035753.669 for reason 'discarding message because the queue is full'
[INFO] [1755035754.896687872] [ouster.rviz2]: Message Filter dropping message: frame 'os_lidar' at time 1755035753.769 for reason 'discarding message because the queue is full'
[INFO] [1755035754.992866159] [ouster.rviz2]: Message Filter dropping message: frame 'os_lidar' at time 1755035753.869 for reason 'discarding message because the queue is full'
[INFO] [1755035755.089104915] [ouster.rviz2]: Message Filter dropping message: frame 'os_lidar' at time 1755035753.969 for reason 'discarding message because the queue is full'
[INFO] [1755035755.184858604] [ouster.rviz2]: Message Filter dropping message: frame 'os_lidar' at time 1755035754.069 for reason 'discarding message because the queue is full'
[INFO] [1755035755.280687842] [ouster.rviz2]: Message Filter dropping message: frame 'os_lidar' at time 1755035754.169 for reason 'discarding message because the queue is full'
[INFO] [1755035755.376428331] [ouster.rviz2]: Message Filter dropping message: frame 'os_lidar' at time 1755035754.269 for reason 'discarding message because the queue is full'
[INFO] [1755035755.472540028] [ouster.rviz2]: Message Filter dropping message: frame 'os_lidar' at time 1755035754.369 for reason 'discarding message because the queue is full'
[INFO] [1755035755.600264513] [ouster.rviz2]: Message Filter dropping message: frame 'os_lidar' at time 1755035754.469 for reason 'discarding message because the queue is full'
[INFO] [1755035755.696996117] [ouster.rviz2]: Message Filter dropping message: frame 'os_lidar' at time 1755035754.569 for reason 'discarding message because the queue is full'
[INFO] [1755035755.793083544] [ouster.rviz2]: Message Filter dropping message: frame 'os_lidar' at time 1755035754.669 for reason 'discarding message because the queue is full'
[INFO] [1755035755.888287195] [ouster.rviz2]: Message Filter dropping message: frame 'os_lidar' at time 1755035754.769 for reason 'discarding message because the queue is full'
[INFO] [1755035755.985203598] [ouster.rviz2]: Message Filter dropping message: frame 'os_lidar' at time 1755035754.869 for reason 'discarding message because the queue is full'
[INFO] [1755035756.080323351] [ouster.rviz2]: Message Filter dropping message: frame 'os_lidar' at time 1755035754.968 for reason 'discarding message because the queue is full'
[INFO] [1755035756.176905555] [ouster.rviz2]: Message Filter dropping message: frame 'os_lidar' at time 1755035755.068 for reason 'discarding message because the queue is full'
[INFO] [1755035756.273329221] [ouster.rviz2]: Message Filter dropping message: frame 'os_lidar' at time 1755035755.168 for reason 'discarding message because the queue is full'
[INFO] [1755035756.400977066] [ouster.rviz2]: Message Filter dropping message: frame 'os_lidar' at time 1755035755.269 for reason 'discarding message because the queue is full'
[INFO] [1755035756.496503266] [ouster.rviz2]: Message Filter dropping message: frame 'os_lidar' at time 1755035755.369 for reason 'discarding message because the queue is full'
[INFO] [1755035756.593177750] [ouster.rviz2]: Message Filter dropping message: frame 'os_lidar' at time 1755035755.469 for reason 'discarding message because the queue is full'
[INFO] [1755035756.688734270] [ouster.rviz2]: Message Filter dropping message: frame 'os_lidar' at time 1755035755.569 for reason 'discarding message because the queue is full'
[INFO] [1755035756.785189685] [ouster.rviz2]: Message Filter dropping message: frame 'os_lidar' at time 1755035755.669 for reason 'discarding message because the queue is full'
[INFO] [1755035756.880859654] [ouster.rviz2]: Message Filter dropping message: frame 'os_lidar' at time 1755035755.769 for reason 'discarding message because the queue is full'
[INFO] [1755035756.977620179] [ouster.rviz2]: Message Filter dropping message: frame 'os_lidar' at time 1755035755.869 for reason 'discarding message because the queue is full'
[INFO] [1755035757.073073609] [ouster.rviz2]: Message Filter dropping message: frame 'os_lidar' at time 1755035755.969 for reason 'discarding message because the queue is full'
[INFO] [1755035757.201181782] [ouster.rviz2]: Message Filter dropping message: frame 'os_lidar' at time 1755035756.069 for reason 'discarding message because the queue is full'
[INFO] [1755035757.297060920] [ouster.rviz2]: Message Filter dropping message: frame 'os_lidar' at time 1755035756.169 for reason 'discarding message because the queue is full'
[INFO] [1755035757.393200877] [ouster.rviz2]: Message Filter dropping message: frame 'os_lidar' at time 1755035756.269 for reason 'discarding message because the queue is full'
[INFO] [1755035757.488698948] [ouster.rviz2]: Message Filter dropping message: frame 'os_lidar' at time 1755035756.369 for reason 'discarding message because the queue is full'
[INFO] [1755035757.584344487] [ouster.rviz2]: Message Filter dropping message: frame 'os_lidar' at time 1755035756.469 for reason 'discarding message because the queue is full'
[INFO] [1755035757.681228251] [ouster.rviz2]: Message Filter dropping message: frame 'os_lidar' at time 1755035756.569 for reason 'discarding message because the queue is full'
[INFO] [1755035757.777717976] [ouster.rviz2]: Message Filter dropping message: frame 'os_lidar' at time 1755035756.669 for reason 'discarding message because the queue is full'
[INFO] [1755035757.872850938] [ouster.rviz2]: Message Filter dropping message: frame 'os_lidar' at time 1755035756.769 for reason 'discarding message because the queue is full'
[INFO] [1755035758.000454264] [ouster.rviz2]: Message Filter dropping message: frame 'os_lidar' at time 1755035756.869 for reason 'discarding message because the queue is full'
[INFO] [1755035758.097221097] [ouster.rviz2]: Message Filter dropping message: frame 'os_lidar' at time 1755035756.969 for reason 'discarding message because the queue is full'
[INFO] [1755035758.192423760] [ouster.rviz2]: Message Filter dropping message: frame 'os_lidar' at time 1755035757.069 for reason 'discarding message because the queue is full'
[INFO] [1755035758.288669076] [ouster.rviz2]: Message Filter dropping message: frame 'os_lidar' at time 1755035757.169 for reason 'discarding message because the queue is full'
[INFO] [1755035758.385024432] [ouster.rviz2]: Message Filter dropping message: frame 'os_lidar' at time 1755035757.269 for reason 'discarding message because the queue is full'
[INFO] [1755035758.480408043] [ouster.rviz2]: Message Filter dropping message: frame 'os_lidar' at time 1755035757.369 for reason 'discarding message because the queue is full'
[INFO] [1755035758.577416646] [ouster.rviz2]: Message Filter dropping message: frame 'os_lidar' at time 1755035757.469 for reason 'discarding message because the queue is full'
[INFO] [1755035758.672802867] [ouster.rviz2]: Message Filter dropping message: frame 'os_lidar' at time 1755035757.569 for reason 'discarding message because the queue is full'
[INFO] [1755035758.800862970] [ouster.rviz2]: Message Filter dropping message: frame 'os_lidar' at time 1755035757.669 for reason 'discarding message because the queue is full'
[INFO] [1755035758.896470430] [ouster.rviz2]: Message Filter dropping message: frame 'os_lidar' at time 1755035757.769 for reason 'discarding message because the queue is full'
[INFO] [1755035758.992449228] [ouster.rviz2]: Message Filter dropping message: frame 'os_lidar' at time 1755035757.869 for reason 'discarding message because the queue is full'
[INFO] [1755035759.088396856] [ouster.rviz2]: Message Filter dropping message: frame 'os_lidar' at time 1755035757.969 for reason 'discarding message because the queue is full'
[INFO] [1755035759.184420974] [ouster.rviz2]: Message Filter dropping message: frame 'os_lidar' at time 1755035758.069 for reason 'discarding message because the queue is full'
[INFO] [1755035759.280347453] [ouster.rviz2]: Message Filter dropping message: frame 'os_lidar' at time 1755035758.169 for reason 'discarding message because the queue is full'
[INFO] [1755035759.376711339] [ouster.rviz2]: Message Filter dropping message: frame 'os_lidar' at time 1755035758.269 for reason 'discarding message because the queue is full'
[INFO] [1755035759.473049975] [ouster.rviz2]: Message Filter dropping message: frame 'os_lidar' at time 1755035758.369 for reason 'discarding message because the queue is full'
[INFO] [1755035759.601209888] [ouster.rviz2]: Message Filter dropping message: frame 'os_lidar' at time 1755035758.469 for reason 'discarding message because the queue is full'
[INFO] [1755035759.696346330] [ouster.rviz2]: Message Filter dropping message: frame 'os_lidar' at time 1755035758.569 for reason 'discarding message because the queue is full'
[INFO] [1755035759.793130644] [ouster.rviz2]: Message Filter dropping message: frame 'os_lidar' at time 1755035758.669 for reason 'discarding message because the queue is full'
[INFO] [1755035759.888527765] [ouster.rviz2]: Message Filter dropping message: frame 'os_lidar' at time 1755035758.769 for reason 'discarding message because the queue is full'
[INFO] [1755035759.984294035] [ouster.rviz2]: Message Filter dropping message: frame 'os_lidar' at time 1755035758.869 for reason 'discarding message because the queue is full'
[INFO] [1755035760.080359382] [ouster.rviz2]: Message Filter dropping message: frame 'os_lidar' at time 1755035758.969 for reason 'discarding message because the queue is full'
[INFO] [1755035760.176918587] [ouster.rviz2]: Message Filter dropping message: frame 'os_lidar' at time 1755035759.069 for reason 'discarding message because the queue is full'
[INFO] [1755035760.272412388] [ouster.rviz2]: Message Filter dropping message: frame 'os_lidar' at time 1755035759.169 for reason 'discarding message because the queue is full'
[INFO] [1755035760.401287608] [ouster.rviz2]: Message Filter dropping message: frame 'os_lidar' at time 1755035759.269 for reason 'discarding message because the queue is full'
[INFO] [1755035760.496863908] [ouster.rviz2]: Message Filter dropping message: frame 'os_lidar' at time 1755035759.369 for reason 'discarding message because the queue is full'
[INFO] [1755035760.593058645] [ouster.rviz2]: Message Filter dropping message: frame 'os_lidar' at time 1755035759.469 for reason 'discarding message because the queue is full'
[INFO] [1755035760.688921174] [ouster.rviz2]: Message Filter dropping message: frame 'os_lidar' at time 1755035759.569 for reason 'discarding message because the queue is full'
[INFO] [1755035760.784620383] [ouster.rviz2]: Message Filter dropping message: frame 'os_lidar' at time 1755035759.669 for reason 'discarding message because the queue is full'
[INFO] [1755035760.880420753] [ouster.rviz2]: Message Filter dropping message: frame 'os_lidar' at time 1755035759.769 for reason 'discarding message because the queue is full'
[INFO] [1755035760.976878338] [ouster.rviz2]: Message Filter dropping message: frame 'os_lidar' at time 1755035759.869 for reason 'discarding message because the queue is full'
[INFO] [1755035761.072276329] [ouster.rviz2]: Message Filter dropping message: frame 'os_lidar' at time 1755035759.969 for reason 'discarding message because the queue is full'
[INFO] [1755035761.200385523] [ouster.rviz2]: Message Filter dropping message: frame 'os_lidar' at time 1755035760.069 for reason 'discarding message because the queue is full'
[INFO] [1755035761.296655990] [ouster.rviz2]: Message Filter dropping message: frame 'os_lidar' at time 1755035760.169 for reason 'discarding message because the queue is full'
[INFO] [1755035761.392861027] [ouster.rviz2]: Message Filter dropping message: frame 'os_lidar' at time 1755035760.269 for reason 'discarding message because the queue is full'
[INFO] [1755035761.488403527] [ouster.rviz2]: Message Filter dropping message: frame 'os_lidar' at time 1755035760.369 for reason 'discarding message because the queue is full'
[INFO] [1755035761.584850264] [ouster.rviz2]: Message Filter dropping message: frame 'os_lidar' at time 1755035760.469 for reason 'discarding message because the queue is full'
[INFO] [1755035761.680484884] [ouster.rviz2]: Message Filter dropping message: frame 'os_lidar' at time 1755035760.569 for reason 'discarding message because the queue is full'
[INFO] [1755035761.776692561] [ouster.rviz2]: Message Filter dropping message: frame 'os_lidar' at time 1755035760.669 for reason 'discarding message because the queue is full'
[INFO] [1755035761.873255596] [ouster.rviz2]: Message Filter dropping message: frame 'os_lidar' at time 1755035760.769 for reason 'discarding message because the queue is full'
[INFO] [1755035762.000723903] [ouster.rviz2]: Message Filter dropping message: frame 'os_lidar' at time 1755035760.869 for reason 'discarding message because the queue is full'
[INFO] [1755035762.096605572] [ouster.rviz2]: Message Filter dropping message: frame 'os_lidar' at time 1755035760.969 for reason 'discarding message because the queue is full'
[INFO] [1755035762.192496621] [ouster.rviz2]: Message Filter dropping message: frame 'os_lidar' at time 1755035761.069 for reason 'discarding message because the queue is full'
[INFO] [1755035762.288458859] [ouster.rviz2]: Message Filter dropping message: frame 'os_lidar' at time 1755035761.169 for reason 'discarding message because the queue is full'
[INFO] [1755035762.384469247] [ouster.rviz2]: Message Filter dropping message: frame 'os_lidar' at time 1755035761.269 for reason 'discarding message because the queue is full'
[INFO] [1755035762.481196952] [ouster.rviz2]: Message Filter dropping message: frame 'os_lidar' at time 1755035761.369 for reason 'discarding message because the queue is full'
[INFO] [1755035762.576758533] [ouster.rviz2]: Message Filter dropping message: frame 'os_lidar' at time 1755035761.469 for reason 'discarding message because the queue is full'
[INFO] [1755035762.673092699] [ouster.rviz2]: Message Filter dropping message: frame 'os_lidar' at time 1755035761.569 for reason 'discarding message because the queue is full'
[INFO] [1755035762.800415457] [ouster.rviz2]: Message Filter dropping message: frame 'os_lidar' at time 1755035761.669 for reason 'discarding message because the queue is full'
[INFO] [1755035762.896774033] [ouster.rviz2]: Message Filter dropping message: frame 'os_lidar' at time 1755035761.769 for reason 'discarding message because the queue is full'
[INFO] [1755035762.993035850] [ouster.rviz2]: Message Filter dropping message: frame 'os_lidar' at time 1755035761.869 for reason 'discarding message because the queue is full'
[INFO] [1755035763.089148588] [ouster.rviz2]: Message Filter dropping message: frame 'os_lidar' at time 1755035761.969 for reason 'discarding message because the queue is full'
[INFO] [1755035763.184748528] [ouster.rviz2]: Message Filter dropping message: frame 'os_lidar' at time 1755035762.069 for reason 'discarding message because the queue is full'
[INFO] [1755035763.280738847] [ouster.rviz2]: Message Filter dropping message: frame 'os_lidar' at time 1755035762.169 for reason 'discarding message because the queue is full'
[INFO] [1755035763.377246862] [ouster.rviz2]: Message Filter dropping message: frame 'os_lidar' at time 1755035762.269 for reason 'discarding message because the queue is full'
[INFO] [1755035763.472476835] [ouster.rviz2]: Message Filter dropping message: frame 'os_lidar' at time 1755035762.369 for reason 'discarding message because the queue is full'
[INFO] [1755035763.601107016] [ouster.rviz2]: Message Filter dropping message: frame 'os_lidar' at time 1755035762.469 for reason 'discarding message because the queue is full'
[INFO] [1755035763.696601677] [ouster.rviz2]: Message Filter dropping message: frame 'os_lidar' at time 1755035762.569 for reason 'discarding message because the queue is full'
[INFO] [1755035763.793216632] [ouster.rviz2]: Message Filter dropping message: frame 'os_lidar' at time 1755035762.669 for reason 'discarding message because the queue is full'
[INFO] [1755035763.888919272] [ouster.rviz2]: Message Filter dropping message: frame 'os_lidar' at time 1755035762.769 for reason 'discarding message because the queue is full'
[INFO] [1755035763.984746642] [ouster.rviz2]: Message Filter dropping message: frame 'os_lidar' at time 1755035762.869 for reason 'discarding message because the queue is full'
[INFO] [1755035764.081154858] [ouster.rviz2]: Message Filter dropping message: frame 'os_lidar' at time 1755035762.969 for reason 'discarding message because the queue is full'
[INFO] [1755035764.176572219] [ouster.rviz2]: Message Filter dropping message: frame 'os_lidar' at time 1755035763.069 for reason 'discarding message because the queue is full'
[INFO] [1755035764.272983976] [ouster.rviz2]: Message Filter dropping message: frame 'os_lidar' at time 1755035763.169 for reason 'discarding message because the queue is full'
[INFO] [1755035764.401119920] [ouster.rviz2]: Message Filter dropping message: frame 'os_lidar' at time 1755035763.269 for reason 'discarding message because the queue is full'
[INFO] [1755035764.497267868] [ouster.rviz2]: Message Filter dropping message: frame 'os_lidar' at time 1755035763.369 for reason 'discarding message because the queue is full'
[INFO] [1755035764.593303666] [ouster.rviz2]: Message Filter dropping message: frame 'os_lidar' at time 1755035763.469 for reason 'discarding message because the queue is full'
[INFO] [1755035764.688943866] [ouster.rviz2]: Message Filter dropping message: frame 'os_lidar' at time 1755035763.569 for reason 'discarding message because the queue is full'
[INFO] [1755035764.785139744] [ouster.rviz2]: Message Filter dropping message: frame 'os_lidar' at time 1755035763.669 for reason 'discarding message because the queue is full'
[INFO] [1755035764.880370026] [ouster.rviz2]: Message Filter dropping message: frame 'os_lidar' at time 1755035763.769 for reason 'discarding message because the queue is full'
[INFO] [1755035764.976653653] [ouster.rviz2]: Message Filter dropping message: frame 'os_lidar' at time 1755035763.869 for reason 'discarding message because the queue is full'
[INFO] [1755035765.072847881] [ouster.rviz2]: Message Filter dropping message: frame 'os_lidar' at time 1755035763.969 for reason 'discarding message because the queue is full'
[INFO] [1755035765.200309998] [ouster.rviz2]: Message Filter dropping message: frame 'os_lidar' at time 1755035764.069 for reason 'discarding message because the queue is full'
[INFO] [1755035765.297048223] [ouster.rviz2]: Message Filter dropping message: frame 'os_lidar' at time 1755035764.169 for reason 'discarding message because the queue is full'
[INFO] [1755035765.392416795] [ouster.rviz2]: Message Filter dropping message: frame 'os_lidar' at time 1755035764.269 for reason 'discarding message because the queue is full'
[INFO] [1755035765.488903551] [ouster.rviz2]: Message Filter dropping message: frame 'os_lidar' at time 1755035764.369 for reason 'discarding message because the queue is full'
[INFO] [1755035765.585240358] [ouster.rviz2]: Message Filter dropping message: frame 'os_lidar' at time 1755035764.469 for reason 'discarding message because the queue is full'
[INFO] [1755035765.680704289] [ouster.rviz2]: Message Filter dropping message: frame 'os_lidar' at time 1755035764.569 for reason 'discarding message because the queue is full'
[INFO] [1755035765.776391610] [ouster.rviz2]: Message Filter dropping message: frame 'os_lidar' at time 1755035764.669 for reason 'discarding message because the queue is full'
[INFO] [1755035765.872416568] [ouster.rviz2]: Message Filter dropping message: frame 'os_lidar' at time 1755035764.769 for reason 'discarding message because the queue is full'
[INFO] [1755035766.000380253] [ouster.rviz2]: Message Filter dropping message: frame 'os_lidar' at time 1755035764.869 for reason 'discarding message because the queue is full'
[INFO] [1755035766.097023738] [ouster.rviz2]: Message Filter dropping message: frame 'os_lidar' at time 1755035764.969 for reason 'discarding message because the queue is full'
[INFO] [1755035766.193264866] [ouster.rviz2]: Message Filter dropping message: frame 'os_lidar' at time 1755035765.069 for reason 'discarding message because the queue is full'
[INFO] [1755035766.288905386] [ouster.rviz2]: Message Filter dropping message: frame 'os_lidar' at time 1755035765.169 for reason 'discarding message because the queue is full'
[INFO] [1755035766.385276883] [ouster.rviz2]: Message Filter dropping message: frame 'os_lidar' at time 1755035765.269 for reason 'discarding message because the queue is full'
[INFO] [1755035766.481126153] [ouster.rviz2]: Message Filter dropping message: frame 'os_lidar' at time 1755035765.369 for reason 'discarding message because the queue is full'
[INFO] [1755035766.577054062] [ouster.rviz2]: Message Filter dropping message: frame 'os_lidar' at time 1755035765.469 for reason 'discarding message because the queue is full'
[INFO] [1755035766.672751982] [ouster.rviz2]: Message Filter dropping message: frame 'os_lidar' at time 1755035765.569 for reason 'discarding message because the queue is full'
[INFO] [1755035766.800467628] [ouster.rviz2]: Message Filter dropping message: frame 'os_lidar' at time 1755035765.669 for reason 'discarding message because the queue is full'
[INFO] [1755035766.896370117] [ouster.rviz2]: Message Filter dropping message: frame 'os_lidar' at time 1755035765.769 for reason 'discarding message because the queue is full'
[INFO] [1755035766.993049883] [ouster.rviz2]: Message Filter dropping message: frame 'os_lidar' at time 1755035765.869 for reason 'discarding message because the queue is full'
[INFO] [1755035767.089109011] [ouster.rviz2]: Message Filter dropping message: frame 'os_lidar' at time 1755035765.969 for reason 'discarding message because the queue is full'
[INFO] [1755035767.185089650] [ouster.rviz2]: Message Filter dropping message: frame 'os_lidar' at time 1755035766.069 for reason 'discarding message because the queue is full'
[INFO] [1755035767.281281948] [ouster.rviz2]: Message Filter dropping message: frame 'os_lidar' at time 1755035766.169 for reason 'discarding message because the queue is full'
[INFO] [1755035767.377272327] [ouster.rviz2]: Message Filter dropping message: frame 'os_lidar' at time 1755035766.269 for reason 'discarding message because the queue is full'
[INFO] [1755035767.473133526] [ouster.rviz2]: Message Filter dropping message: frame 'os_lidar' at time 1755035766.369 for reason 'discarding message because the queue is full'
[INFO] [1755035767.601104601] [ouster.rviz2]: Message Filter dropping message: frame 'os_lidar' at time 1755035766.469 for reason 'discarding message because the queue is full'
[INFO] [1755035767.697131590] [ouster.rviz2]: Message Filter dropping message: frame 'os_lidar' at time 1755035766.569 for reason 'discarding message because the queue is full'
[INFO] [1755035767.793085269] [ouster.rviz2]: Message Filter dropping message: frame 'os_lidar' at time 1755035766.669 for reason 'discarding message because the queue is full'
[INFO] [1755035767.889086368] [ouster.rviz2]: Message Filter dropping message: frame 'os_lidar' at time 1755035766.769 for reason 'discarding message because the queue is full'
[INFO] [1755035767.985110336] [ouster.rviz2]: Message Filter dropping message: frame 'os_lidar' at time 1755035766.869 for reason 'discarding message because the queue is full'
[INFO] [1755035768.081107746] [ouster.rviz2]: Message Filter dropping message: frame 'os_lidar' at time 1755035766.969 for reason 'discarding message because the queue is full'
[INFO] [1755035768.176986775] [ouster.rviz2]: Message Filter dropping message: frame 'os_lidar' at time 1755035767.069 for reason 'discarding message because the queue is full'
[INFO] [1755035768.272913954] [ouster.rviz2]: Message Filter dropping message: frame 'os_lidar' at time 1755035767.169 for reason 'discarding message because the queue is full'
[INFO] [1755035768.401114569] [ouster.rviz2]: Message Filter dropping message: frame 'os_lidar' at time 1755035767.269 for reason 'discarding message because the queue is full'
[INFO] [1755035768.497094768] [ouster.rviz2]: Message Filter dropping message: frame 'os_lidar' at time 1755035767.369 for reason 'discarding message because the queue is full'
[INFO] [1755035768.593172596] [ouster.rviz2]: Message Filter dropping message: frame 'os_lidar' at time 1755035767.469 for reason 'discarding message because the queue is full'
[INFO] [1755035768.688941856] [ouster.rviz2]: Message Filter dropping message: frame 'os_lidar' at time 1755035767.569 for reason 'discarding message because the queue is full'
[INFO] [1755035768.784950585] [ouster.rviz2]: Message Filter dropping message: frame 'os_lidar' at time 1755035767.669 for reason 'discarding message because the queue is full'
[INFO] [1755035768.881058803] [ouster.rviz2]: Message Filter dropping message: frame 'os_lidar' at time 1755035767.769 for reason 'discarding message because the queue is full'
[INFO] [1755035768.977539830] [ouster.rviz2]: Message Filter dropping message: frame 'os_lidar' at time 1755035767.869 for reason 'discarding message because the queue is full'
[INFO] [1755035769.073353070] [ouster.rviz2]: Message Filter dropping message: frame 'os_lidar' at time 1755035767.969 for reason 'discarding message because the queue is full'
[INFO] [1755035769.201167066] [ouster.rviz2]: Message Filter dropping message: frame 'os_lidar' at time 1755035768.069 for reason 'discarding message because the queue is full'
[INFO] [1755035769.296470199] [ouster.rviz2]: Message Filter dropping message: frame 'os_lidar' at time 1755035768.169 for reason 'discarding message because the queue is full'
[INFO] [1755035769.392550317] [ouster.rviz2]: Message Filter dropping message: frame 'os_lidar' at time 1755035768.269 for reason 'discarding message because the queue is full'
[INFO] [1755035769.488995604] [ouster.rviz2]: Message Filter dropping message: frame 'os_lidar' at time 1755035768.369 for reason 'discarding message because the queue is full'
[INFO] [1755035769.585114162] [ouster.rviz2]: Message Filter dropping message: frame 'os_lidar' at time 1755035768.469 for reason 'discarding message because the queue is full'
[INFO] [1755035769.680619724] [ouster.rviz2]: Message Filter dropping message: frame 'os_lidar' at time 1755035768.569 for reason 'discarding message because the queue is full'
[INFO] [1755035769.777691987] [ouster.rviz2]: Message Filter dropping message: frame 'os_lidar' at time 1755035768.669 for reason 'discarding message because the queue is full'
[INFO] [1755035769.873205039] [ouster.rviz2]: Message Filter dropping message: frame 'os_lidar' at time 1755035768.769 for reason 'discarding message because the queue is full'
[INFO] [1755035770.001094265] [ouster.rviz2]: Message Filter dropping message: frame 'os_lidar' at time 1755035768.869 for reason 'discarding message because the queue is full'
[INFO] [1755035770.097211503] [ouster.rviz2]: Message Filter dropping message: frame 'os_lidar' at time 1755035768.969 for reason 'discarding message because the queue is full'
[INFO] [1755035770.193273772] [ouster.rviz2]: Message Filter dropping message: frame 'os_lidar' at time 1755035769.069 for reason 'discarding message because the queue is full'
[INFO] [1755035770.288950933] [ouster.rviz2]: Message Filter dropping message: frame 'os_lidar' at time 1755035769.169 for reason 'discarding message because the queue is full'
[INFO] [1755035770.385183381] [ouster.rviz2]: Message Filter dropping message: frame 'os_lidar' at time 1755035769.269 for reason 'discarding message because the queue is full'
[INFO] [1755035770.481086871] [ouster.rviz2]: Message Filter dropping message: frame 'os_lidar' at time 1755035769.369 for reason 'discarding message because the queue is full'
[INFO] [1755035770.577596927] [ouster.rviz2]: Message Filter dropping message: frame 'os_lidar' at time 1755035769.469 for reason 'discarding message because the queue is full'
[INFO] [1755035770.673137509] [ouster.rviz2]: Message Filter dropping message: frame 'os_lidar' at time 1755035769.569 for reason 'discarding message because the queue is full'
[INFO] [1755035770.801390433] [ouster.rviz2]: Message Filter dropping message: frame 'os_lidar' at time 1755035769.669 for reason 'discarding message because the queue is full'
[INFO] [1755035770.898556696] [ouster.rviz2]: Message Filter dropping message: frame 'os_lidar' at time 1755035769.769 for reason 'discarding message because the queue is full'
[INFO] [1755035770.993044813] [ouster.rviz2]: Message Filter dropping message: frame 'os_lidar' at time 1755035769.869 for reason 'discarding message because the queue is full'
[INFO] [1755035771.088794833] [ouster.rviz2]: Message Filter dropping message: frame 'os_lidar' at time 1755035769.969 for reason 'discarding message because the queue is full'
[INFO] [1755035771.184878632] [ouster.rviz2]: Message Filter dropping message: frame 'os_lidar' at time 1755035770.069 for reason 'discarding message because the queue is full'
[INFO] [1755035771.280585003] [ouster.rviz2]: Message Filter dropping message: frame 'os_lidar' at time 1755035770.169 for reason 'discarding message because the queue is full'
[INFO] [1755035771.377268328] [ouster.rviz2]: Message Filter dropping message: frame 'os_lidar' at time 1755035770.269 for reason 'discarding message because the queue is full'
[INFO] [1755035771.472570941] [ouster.rviz2]: Message Filter dropping message: frame 'os_lidar' at time 1755035770.369 for reason 'discarding message because the queue is full'
[INFO] [1755035771.600720666] [ouster.rviz2]: Message Filter dropping message: frame 'os_lidar' at time 1755035770.469 for reason 'discarding message because the queue is full'
[INFO] [1755035771.696593166] [ouster.rviz2]: Message Filter dropping message: frame 'os_lidar' at time 1755035770.569 for reason 'discarding message because the queue is full'
[INFO] [1755035771.793088193] [ouster.rviz2]: Message Filter dropping message: frame 'os_lidar' at time 1755035770.669 for reason 'discarding message because the queue is full'
[INFO] [1755035771.888555525] [ouster.rviz2]: Message Filter dropping message: frame 'os_lidar' at time 1755035770.769 for reason 'discarding message because the queue is full'
[INFO] [1755035771.985187831] [ouster.rviz2]: Message Filter dropping message: frame 'os_lidar' at time 1755035770.869 for reason 'discarding message because the queue is full'
[INFO] [1755035772.080765262] [ouster.rviz2]: Message Filter dropping message: frame 'os_lidar' at time 1755035770.969 for reason 'discarding message because the queue is full'
[INFO] [1755035772.176987030] [ouster.rviz2]: Message Filter dropping message: frame 'os_lidar' at time 1755035771.069 for reason 'discarding message because the queue is full'
[INFO] [1755035772.272536192] [ouster.rviz2]: Message Filter dropping message: frame 'os_lidar' at time 1755035771.169 for reason 'discarding message because the queue is full'
[INFO] [1755035772.400602027] [ouster.rviz2]: Message Filter dropping message: frame 'os_lidar' at time 1755035771.269 for reason 'discarding message because the queue is full'
[INFO] [1755035772.497003845] [ouster.rviz2]: Message Filter dropping message: frame 'os_lidar' at time 1755035771.369 for reason 'discarding message because the queue is full'
[INFO] [1755035772.592620606] [ouster.rviz2]: Message Filter dropping message: frame 'os_lidar' at time 1755035771.469 for reason 'discarding message because the queue is full'
[INFO] [1755035772.688419376] [ouster.rviz2]: Message Filter dropping message: frame 'os_lidar' at time 1755035771.569 for reason 'discarding message because the queue is full'
[INFO] [1755035772.785245762] [ouster.rviz2]: Message Filter dropping message: frame 'os_lidar' at time 1755035771.669 for reason 'discarding message because the queue is full'
[INFO] [1755035772.881156591] [ouster.rviz2]: Message Filter dropping message: frame 'os_lidar' at time 1755035771.769 for reason 'discarding message because the queue is full'
[INFO] [1755035772.976274395] [ouster.rviz2]: Message Filter dropping message: frame 'os_lidar' at time 1755035771.869 for reason 'discarding message because the queue is full'
[INFO] [1755035773.072822112] [ouster.rviz2]: Message Filter dropping message: frame 'os_lidar' at time 1755035771.969 for reason 'discarding message because the queue is full'
[INFO] [1755035773.200628359] [ouster.rviz2]: Message Filter dropping message: frame 'os_lidar' at time 1755035772.069 for reason 'discarding message because the queue is full'
[INFO] [1755035773.296722607] [ouster.rviz2]: Message Filter dropping message: frame 'os_lidar' at time 1755035772.169 for reason 'discarding message because the queue is full'
[INFO] [1755035773.393086444] [ouster.rviz2]: Message Filter dropping message: frame 'os_lidar' at time 1755035772.269 for reason 'discarding message because the queue is full'
[INFO] [1755035773.489064614] [ouster.rviz2]: Message Filter dropping message: frame 'os_lidar' at time 1755035772.369 for reason 'discarding message because the queue is full'
[INFO] [1755035773.585144674] [ouster.rviz2]: Message Filter dropping message: frame 'os_lidar' at time 1755035772.469 for reason 'discarding message because the queue is full'
[INFO] [1755035773.680823204] [ouster.rviz2]: Message Filter dropping message: frame 'os_lidar' at time 1755035772.569 for reason 'discarding message because the queue is full'
[INFO] [1755035773.777256821] [ouster.rviz2]: Message Filter dropping message: frame 'os_lidar' at time 1755035772.669 for reason 'discarding message because the queue is full'
[INFO] [1755035773.873143690] [ouster.rviz2]: Message Filter dropping message: frame 'os_lidar' at time 1755035772.769 for reason 'discarding message because the queue is full'
[INFO] [1755035774.000955395] [ouster.rviz2]: Message Filter dropping message: frame 'os_lidar' at time 1755035772.869 for reason 'discarding message because the queue is full'
[INFO] [1755035774.097055514] [ouster.rviz2]: Message Filter dropping message: frame 'os_lidar' at time 1755035772.969 for reason 'discarding message because the queue is full'
[INFO] [1755035774.192942473] [ouster.rviz2]: Message Filter dropping message: frame 'os_lidar' at time 1755035773.069 for reason 'discarding message because the queue is full'
[INFO] [1755035774.289146242] [ouster.rviz2]: Message Filter dropping message: frame 'os_lidar' at time 1755035773.169 for reason 'discarding message because the queue is full'
[INFO] [1755035774.384704332] [ouster.rviz2]: Message Filter dropping message: frame 'os_lidar' at time 1755035773.269 for reason 'discarding message because the queue is full'
[INFO] [1755035774.481023890] [ouster.rviz2]: Message Filter dropping message: frame 'os_lidar' at time 1755035773.369 for reason 'discarding message because the queue is full'
[INFO] [1755035774.576456283] [ouster.rviz2]: Message Filter dropping message: frame 'os_lidar' at time 1755035773.469 for reason 'discarding message because the queue is full'
[INFO] [1755035774.673332678] [ouster.rviz2]: Message Filter dropping message: frame 'os_lidar' at time 1755035773.569 for reason 'discarding message because the queue is full'
[INFO] [1755035774.801103234] [ouster.rviz2]: Message Filter dropping message: frame 'os_lidar' at time 1755035773.669 for reason 'discarding message because the queue is full'
[INFO] [1755035774.897073742] [ouster.rviz2]: Message Filter dropping message: frame 'os_lidar' at time 1755035773.769 for reason 'discarding message because the queue is full'
[INFO] [1755035774.993405020] [ouster.rviz2]: Message Filter dropping message: frame 'os_lidar' at time 1755035773.869 for reason 'discarding message because the queue is full'
[INFO] [1755035775.088373255] [ouster.rviz2]: Message Filter dropping message: frame 'os_lidar' at time 1755035773.969 for reason 'discarding message because the queue is full'
[INFO] [1755035775.184760592] [ouster.rviz2]: Message Filter dropping message: frame 'os_lidar' at time 1755035774.069 for reason 'discarding message because the queue is full'
[INFO] [1755035775.281113600] [ouster.rviz2]: Message Filter dropping message: frame 'os_lidar' at time 1755035774.169 for reason 'discarding message because the queue is full'
[INFO] [1755035775.377405338] [ouster.rviz2]: Message Filter dropping message: frame 'os_lidar' at time 1755035774.269 for reason 'discarding message because the queue is full'
[INFO] [1755035775.472879121] [ouster.rviz2]: Message Filter dropping message: frame 'os_lidar' at time 1755035774.369 for reason 'discarding message because the queue is full'
[INFO] [1755035775.601004676] [ouster.rviz2]: Message Filter dropping message: frame 'os_lidar' at time 1755035774.469 for reason 'discarding message because the queue is full'
[INFO] [1755035775.696840137] [ouster.rviz2]: Message Filter dropping message: frame 'os_lidar' at time 1755035774.569 for reason 'discarding message because the queue is full'
[INFO] [1755035775.793156885] [ouster.rviz2]: Message Filter dropping message: frame 'os_lidar' at time 1755035774.669 for reason 'discarding message because the queue is full'
[INFO] [1755035775.888824806] [ouster.rviz2]: Message Filter dropping message: frame 'os_lidar' at time 1755035774.769 for reason 'discarding message because the queue is full'
[INFO] [1755035775.985258364] [ouster.rviz2]: Message Filter dropping message: frame 'os_lidar' at time 1755035774.869 for reason 'discarding message because the queue is full'
[INFO] [1755035776.080889185] [ouster.rviz2]: Message Filter dropping message: frame 'os_lidar' at time 1755035774.969 for reason 'discarding message because the queue is full'
[INFO] [1755035776.177684151] [ouster.rviz2]: Message Filter dropping message: frame 'os_lidar' at time 1755035775.069 for reason 'discarding message because the queue is full'
[INFO] [1755035776.273605061] [ouster.rviz2]: Message Filter dropping message: frame 'os_lidar' at time 1755035775.169 for reason 'discarding message because the queue is full'
[INFO] [1755035776.401045240] [ouster.rviz2]: Message Filter dropping message: frame 'os_lidar' at time 1755035775.269 for reason 'discarding message because the queue is full'
[INFO] [1755035776.496768481] [ouster.rviz2]: Message Filter dropping message: frame 'os_lidar' at time 1755035775.369 for reason 'discarding message because the queue is full'
[INFO] [1755035776.593183459] [ouster.rviz2]: Message Filter dropping message: frame 'os_lidar' at time 1755035775.469 for reason 'discarding message because the queue is full'
[INFO] [1755035776.689003709] [ouster.rviz2]: Message Filter dropping message: frame 'os_lidar' at time 1755035775.569 for reason 'discarding message because the queue is full'
[INFO] [1755035776.785020269] [ouster.rviz2]: Message Filter dropping message: frame 'os_lidar' at time 1755035775.669 for reason 'discarding message because the queue is full'
[INFO] [1755035776.880820220] [ouster.rviz2]: Message Filter dropping message: frame 'os_lidar' at time 1755035775.769 for reason 'discarding message because the queue is full'
[INFO] [1755035776.977241158] [ouster.rviz2]: Message Filter dropping message: frame 'os_lidar' at time 1755035775.869 for reason 'discarding message because the queue is full'
[INFO] [1755035777.072923979] [ouster.rviz2]: Message Filter dropping message: frame 'os_lidar' at time 1755035775.969 for reason 'discarding message because the queue is full'
[INFO] [1755035777.200985495] [ouster.rviz2]: Message Filter dropping message: frame 'os_lidar' at time 1755035776.069 for reason 'discarding message because the queue is full'
[INFO] [1755035777.297086114] [ouster.rviz2]: Message Filter dropping message: frame 'os_lidar' at time 1755035776.169 for reason 'discarding message because the queue is full'
[INFO] [1755035777.393079774] [ouster.rviz2]: Message Filter dropping message: frame 'os_lidar' at time 1755035776.269 for reason 'discarding message because the queue is full'
[INFO] [1755035777.489254873] [ouster.rviz2]: Message Filter dropping message: frame 'os_lidar' at time 1755035776.369 for reason 'discarding message because the queue is full'
[INFO] [1755035777.585146554] [ouster.rviz2]: Message Filter dropping message: frame 'os_lidar' at time 1755035776.469 for reason 'discarding message because the queue is full'
[INFO] [1755035800.163511733] [ouster.rviz2]: Subscribing to: /dlio/pointcloud_map

[INFO] [1755035814.908498827] [rclcpp]: signal_handler(signum=2)
