[INFO] [1755035483.946744982] [rviz2]: Stereo is NOT SUPPORTED
[INFO] [1755035483.946810812] [rviz2]: OpenGl version: 4.6 (GLSL 4.6)
[INFO] [1755035483.972606009] [rviz2]: Stereo is NOT SUPPORTED
[INFO] [1755035484.013452193] [ouster.rviz2]: Subscribing to: /ouster/points

[INFO] [1755035484.013765461] [ouster.rviz2]: Subscribing to: /ouster/points

[INFO] [1755035484.022159235] [ouster.rviz2]: Subscribing to: /ouster/points

[INFO] [1755035484.057540119] [rviz2]: Stereo is NOT SUPPORTED
[INFO] [1755035608.921185541] [ouster.rviz2]: Message Filter dropping message: frame 'os_lidar' at time 1755035607.809 for reason 'discarding message because the queue is full'
[INFO] [1755035609.017802147] [ouster.rviz2]: Message Filter dropping message: frame 'os_lidar' at time 1755035607.909 for reason 'discarding message because the queue is full'
[INFO] [1755035609.113889156] [ouster.rviz2]: Message Filter dropping message: frame 'os_lidar' at time 1755035608.009 for reason 'discarding message because the queue is full'
[INFO] [1755035609.241013790] [ouster.rviz2]: Message Filter dropping message: frame 'os_lidar' at time 1755035608.109 for reason 'discarding message because the queue is full'
[INFO] [1755035609.337623936] [ouster.rviz2]: Message Filter dropping message: frame 'os_lidar' at time 1755035608.209 for reason 'discarding message because the queue is full'
[INFO] [1755035609.433811725] [ouster.rviz2]: Message Filter dropping message: frame 'os_lidar' at time 1755035608.309 for reason 'discarding message because the queue is full'
[INFO] [1755035609.529781934] [ouster.rviz2]: Message Filter dropping message: frame 'os_lidar' at time 1755035608.409 for reason 'discarding message because the queue is full'
[INFO] [1755035609.625685264] [ouster.rviz2]: Message Filter dropping message: frame 'os_lidar' at time 1755035608.509 for reason 'discarding message because the queue is full'
[INFO] [1755035609.721365615] [ouster.rviz2]: Message Filter dropping message: frame 'os_lidar' at time 1755035608.609 for reason 'discarding message because the queue is full'
[INFO] [1755035609.817110616] [ouster.rviz2]: Message Filter dropping message: frame 'os_lidar' at time 1755035608.709 for reason 'discarding message because the queue is full'
[INFO] [1755035609.913076756] [ouster.rviz2]: Message Filter dropping message: frame 'os_lidar' at time 1755035608.809 for reason 'discarding message because the queue is full'
[INFO] [1755035610.041450663] [ouster.rviz2]: Message Filter dropping message: frame 'os_lidar' at time 1755035608.909 for reason 'discarding message because the queue is full'
[INFO] [1755035610.137567102] [ouster.rviz2]: Message Filter dropping message: frame 'os_lidar' at time 1755035609.009 for reason 'discarding message because the queue is full'
[INFO] [1755035610.233371843] [ouster.rviz2]: Message Filter dropping message: frame 'os_lidar' at time 1755035609.109 for reason 'discarding message because the queue is full'
[INFO] [1755035610.329733670] [ouster.rviz2]: Message Filter dropping message: frame 'os_lidar' at time 1755035609.209 for reason 'discarding message because the queue is full'
[INFO] [1755035610.425718260] [ouster.rviz2]: Message Filter dropping message: frame 'os_lidar' at time 1755035609.309 for reason 'discarding message because the queue is full'
[INFO] [1755035610.521856879] [ouster.rviz2]: Message Filter dropping message: frame 'os_lidar' at time 1755035609.409 for reason 'discarding message because the queue is full'
[INFO] [1755035610.616768984] [ouster.rviz2]: Message Filter dropping message: frame 'os_lidar' at time 1755035609.509 for reason 'discarding message because the queue is full'
[INFO] [1755035610.713295591] [ouster.rviz2]: Message Filter dropping message: frame 'os_lidar' at time 1755035609.609 for reason 'discarding message because the queue is full'
[INFO] [1755035610.841150971] [ouster.rviz2]: Message Filter dropping message: frame 'os_lidar' at time 1755035609.709 for reason 'discarding message because the queue is full'
[INFO] [1755035610.937392719] [ouster.rviz2]: Message Filter dropping message: frame 'os_lidar' at time 1755035609.809 for reason 'discarding message because the queue is full'
[INFO] [1755035611.033752647] [ouster.rviz2]: Message Filter dropping message: frame 'os_lidar' at time 1755035609.909 for reason 'discarding message because the queue is full'
[INFO] [1755035611.129648477] [ouster.rviz2]: Message Filter dropping message: frame 'os_lidar' at time 1755035610.009 for reason 'discarding message because the queue is full'
[INFO] [1755035611.225723207] [ouster.rviz2]: Message Filter dropping message: frame 'os_lidar' at time 1755035610.109 for reason 'discarding message because the queue is full'
[INFO] [1755035611.321882626] [ouster.rviz2]: Message Filter dropping message: frame 'os_lidar' at time 1755035610.209 for reason 'discarding message because the queue is full'
[INFO] [1755035611.417144669] [ouster.rviz2]: Message Filter dropping message: frame 'os_lidar' at time 1755035610.309 for reason 'discarding message because the queue is full'
[INFO] [1755035611.513319908] [ouster.rviz2]: Message Filter dropping message: frame 'os_lidar' at time 1755035610.409 for reason 'discarding message because the queue is full'
[INFO] [1755035611.641247078] [ouster.rviz2]: Message Filter dropping message: frame 'os_lidar' at time 1755035610.509 for reason 'discarding message because the queue is full'
[INFO] [1755035611.736814260] [ouster.rviz2]: Message Filter dropping message: frame 'os_lidar' at time 1755035610.609 for reason 'discarding message because the queue is full'
[INFO] [1755035611.833226338] [ouster.rviz2]: Message Filter dropping message: frame 'os_lidar' at time 1755035610.709 for reason 'discarding message because the queue is full'
[INFO] [1755035611.929498426] [ouster.rviz2]: Message Filter dropping message: frame 'os_lidar' at time 1755035610.809 for reason 'discarding message because the queue is full'
[INFO] [1755035612.025479056] [ouster.rviz2]: Message Filter dropping message: frame 'os_lidar' at time 1755035610.909 for reason 'discarding message because the queue is full'
[INFO] [1755035612.121365346] [ouster.rviz2]: Message Filter dropping message: frame 'os_lidar' at time 1755035611.009 for reason 'discarding message because the queue is full'
[INFO] [1755035612.217530495] [ouster.rviz2]: Message Filter dropping message: frame 'os_lidar' at time 1755035611.109 for reason 'discarding message because the queue is full'
[INFO] [1755035612.313328776] [ouster.rviz2]: Message Filter dropping message: frame 'os_lidar' at time 1755035611.209 for reason 'discarding message because the queue is full'
[INFO] [1755035612.441621704] [ouster.rviz2]: Message Filter dropping message: frame 'os_lidar' at time 1755035611.309 for reason 'discarding message because the queue is full'
[INFO] [1755035612.537294046] [ouster.rviz2]: Message Filter dropping message: frame 'os_lidar' at time 1755035611.409 for reason 'discarding message because the queue is full'
[INFO] [1755035612.633668364] [ouster.rviz2]: Message Filter dropping message: frame 'os_lidar' at time 1755035611.509 for reason 'discarding message because the queue is full'
[INFO] [1755035612.729005987] [ouster.rviz2]: Message Filter dropping message: frame 'os_lidar' at time 1755035611.609 for reason 'discarding message because the queue is full'
[INFO] [1755035612.825781663] [ouster.rviz2]: Message Filter dropping message: frame 'os_lidar' at time 1755035611.709 for reason 'discarding message because the queue is full'
[INFO] [1755035612.921569904] [ouster.rviz2]: Message Filter dropping message: frame 'os_lidar' at time 1755035611.809 for reason 'discarding message because the queue is full'
[INFO] [1755035613.016752528] [ouster.rviz2]: Message Filter dropping message: frame 'os_lidar' at time 1755035611.909 for reason 'discarding message because the queue is full'
[INFO] [1755035613.113164666] [ouster.rviz2]: Message Filter dropping message: frame 'os_lidar' at time 1755035612.009 for reason 'discarding message because the queue is full'
[INFO] [1755035613.241404985] [ouster.rviz2]: Message Filter dropping message: frame 'os_lidar' at time 1755035612.109 for reason 'discarding message because the queue is full'
[INFO] [1755035613.337286436] [ouster.rviz2]: Message Filter dropping message: frame 'os_lidar' at time 1755035612.209 for reason 'discarding message because the queue is full'
[INFO] [1755035613.433428965] [ouster.rviz2]: Message Filter dropping message: frame 'os_lidar' at time 1755035612.309 for reason 'discarding message because the queue is full'
[INFO] [1755035613.529297676] [ouster.rviz2]: Message Filter dropping message: frame 'os_lidar' at time 1755035612.409 for reason 'discarding message because the queue is full'
[INFO] [1755035613.625796863] [ouster.rviz2]: Message Filter dropping message: frame 'os_lidar' at time 1755035612.509 for reason 'discarding message because the queue is full'
[INFO] [1755035613.721548314] [ouster.rviz2]: Message Filter dropping message: frame 'os_lidar' at time 1755035612.609 for reason 'discarding message because the queue is full'
[INFO] [1755035613.817033237] [ouster.rviz2]: Message Filter dropping message: frame 'os_lidar' at time 1755035612.709 for reason 'discarding message because the queue is full'
[INFO] [1755035613.913266825] [ouster.rviz2]: Message Filter dropping message: frame 'os_lidar' at time 1755035612.809 for reason 'discarding message because the queue is full'
[INFO] [1755035614.041297425] [ouster.rviz2]: Message Filter dropping message: frame 'os_lidar' at time 1755035612.909 for reason 'discarding message because the queue is full'
[INFO] [1755035614.137357515] [ouster.rviz2]: Message Filter dropping message: frame 'os_lidar' at time 1755035613.009 for reason 'discarding message because the queue is full'
[INFO] [1755035614.233135167] [ouster.rviz2]: Message Filter dropping message: frame 'os_lidar' at time 1755035613.109 for reason 'discarding message because the queue is full'
[INFO] [1755035614.329718424] [ouster.rviz2]: Message Filter dropping message: frame 'os_lidar' at time 1755035613.209 for reason 'discarding message because the queue is full'
[INFO] [1755035614.425101377] [ouster.rviz2]: Message Filter dropping message: frame 'os_lidar' at time 1755035613.309 for reason 'discarding message because the queue is full'
[INFO] [1755035614.521363616] [ouster.rviz2]: Message Filter dropping message: frame 'os_lidar' at time 1755035613.409 for reason 'discarding message because the queue is full'
[INFO] [1755035614.617696624] [ouster.rviz2]: Message Filter dropping message: frame 'os_lidar' at time 1755035613.509 for reason 'discarding message because the queue is full'
[INFO] [1755035614.713094508] [ouster.rviz2]: Message Filter dropping message: frame 'os_lidar' at time 1755035613.609 for reason 'discarding message because the queue is full'
[INFO] [1755035614.753450233] [rclcpp]: signal_handler(signum=2)
