[0.009s] Invoking command in '/home/mrsl-perch/husky-master-jazzy/ws/build/brainbox_husky_bringup': CMAKE_PREFIX_PATH=${CMAKE_PREFIX_PATH}:/opt/ros/jazzy DEBUGINFOD_URLS=https://debuginfod.ubuntu.com /usr/bin/cmake --build /home/mrsl-perch/husky-master-jazzy/ws/build/brainbox_husky_bringup -- -j16 -l16
[0.036s] Invoked command in '/home/mrsl-perch/husky-master-jazzy/ws/build/brainbox_husky_bringup' returned '0': CMAKE_PREFIX_PATH=${CMAKE_PREFIX_PATH}:/opt/ros/jazzy DEBUGINFOD_URLS=https://debuginfod.ubuntu.com /usr/bin/cmake --build /home/mrsl-perch/husky-master-jazzy/ws/build/brainbox_husky_bringup -- -j16 -l16
[0.041s] Invoking command in '/home/mrsl-perch/husky-master-jazzy/ws/build/brainbox_husky_bringup': CMAKE_PREFIX_PATH=${CMAKE_PREFIX_PATH}:/opt/ros/jazzy DEBUGINFOD_URLS=https://debuginfod.ubuntu.com /usr/bin/cmake --install /home/mrsl-perch/husky-master-jazzy/ws/build/brainbox_husky_bringup
[0.046s] -- Install configuration: ""
[0.046s] -- Execute custom install script
[0.046s] -- Up-to-date symlink: /home/mrsl-perch/husky-master-jazzy/ws/install/brainbox_husky_bringup/share/brainbox_husky_bringup/launch/brainbox_husky_bringup.launch.py
[0.046s] -- Up-to-date symlink: /home/mrsl-perch/husky-master-jazzy/ws/install/brainbox_husky_bringup/share/ament_index/resource_index/package_run_dependencies/brainbox_husky_bringup
[0.046s] -- Up-to-date symlink: /home/mrsl-perch/husky-master-jazzy/ws/install/brainbox_husky_bringup/share/ament_index/resource_index/parent_prefix_path/brainbox_husky_bringup
[0.046s] -- Up-to-date symlink: /home/mrsl-perch/husky-master-jazzy/ws/install/brainbox_husky_bringup/share/brainbox_husky_bringup/environment/ament_prefix_path.sh
[0.046s] -- Up-to-date symlink: /home/mrsl-perch/husky-master-jazzy/ws/install/brainbox_husky_bringup/share/brainbox_husky_bringup/environment/ament_prefix_path.dsv
[0.047s] -- Up-to-date symlink: /home/mrsl-perch/husky-master-jazzy/ws/install/brainbox_husky_bringup/share/brainbox_husky_bringup/environment/path.sh
[0.047s] -- Up-to-date symlink: /home/mrsl-perch/husky-master-jazzy/ws/install/brainbox_husky_bringup/share/brainbox_husky_bringup/environment/path.dsv
[0.047s] -- Up-to-date symlink: /home/mrsl-perch/husky-master-jazzy/ws/install/brainbox_husky_bringup/share/brainbox_husky_bringup/local_setup.bash
[0.047s] -- Up-to-date symlink: /home/mrsl-perch/husky-master-jazzy/ws/install/brainbox_husky_bringup/share/brainbox_husky_bringup/local_setup.sh
[0.047s] -- Up-to-date symlink: /home/mrsl-perch/husky-master-jazzy/ws/install/brainbox_husky_bringup/share/brainbox_husky_bringup/local_setup.zsh
[0.047s] -- Up-to-date symlink: /home/mrsl-perch/husky-master-jazzy/ws/install/brainbox_husky_bringup/share/brainbox_husky_bringup/local_setup.dsv
[0.047s] -- Symlinking: /home/mrsl-perch/husky-master-jazzy/ws/install/brainbox_husky_bringup/share/brainbox_husky_bringup/package.dsv
[0.052s] -- Up-to-date symlink: /home/mrsl-perch/husky-master-jazzy/ws/install/brainbox_husky_bringup/share/ament_index/resource_index/packages/brainbox_husky_bringup
[0.052s] -- Up-to-date symlink: /home/mrsl-perch/husky-master-jazzy/ws/install/brainbox_husky_bringup/share/brainbox_husky_bringup/cmake/brainbox_husky_bringupConfig.cmake
[0.052s] -- Up-to-date symlink: /home/mrsl-perch/husky-master-jazzy/ws/install/brainbox_husky_bringup/share/brainbox_husky_bringup/cmake/brainbox_husky_bringupConfig-version.cmake
[0.052s] -- Up-to-date symlink: /home/mrsl-perch/husky-master-jazzy/ws/install/brainbox_husky_bringup/share/brainbox_husky_bringup/package.xml
[0.053s] Invoked command in '/home/mrsl-perch/husky-master-jazzy/ws/build/brainbox_husky_bringup' returned '0': CMAKE_PREFIX_PATH=${CMAKE_PREFIX_PATH}:/opt/ros/jazzy DEBUGINFOD_URLS=https://debuginfod.ubuntu.com /usr/bin/cmake --install /home/mrsl-perch/husky-master-jazzy/ws/build/brainbox_husky_bringup
