1755036097.6431801 [INFO] [launch]: All log files can be found below /home/dcist/.ros/log/2025-08-12-22-01-37-642675-dcist-190
1755036097.6432517 [INFO] [launch]: Default logging verbosity is set to INFO
1755036097.8806202 [INFO] [rviz2-1]: process started with pid [207]
1755036097.8807282 [INFO] [os_driver-2]: process started with pid [208]
1755036097.8807755 [INFO] [robot_state_publisher-3]: process started with pid [209]
1755036097.8808086 [INFO] [ros2_control_node-4]: process started with pid [210]
1755036097.8808367 [INFO] [spawner-5]: process started with pid [211]
1755036097.8808634 [INFO] [spawner-6]: process started with pid [212]
1755036097.8808889 [INFO] [ekf_node-7]: process started with pid [213]
1755036097.8809142 [INFO] [marker_server-8]: process started with pid [214]
1755036097.8809488 [INFO] [twist_mux-9]: process started with pid [215]
1755036097.8809781 [INFO] [joy_linux_node-10]: process started with pid [216]
1755036097.8810034 [INFO] [teleop_node-11]: process started with pid [217]
1755036097.8810263 [INFO] [aggregator_node-12]: process started with pid [218]
1755036097.8810492 [INFO] [clearpath_diagnostic_updater-13]: process started with pid [219]
1755036097.8810718 [INFO] [foxglove_bridge-14]: process started with pid [220]
1755036097.8810945 [INFO] [battery_state_control-15]: process started with pid [221]
1755036097.8811209 [INFO] [battery_state_estimator-16]: process started with pid [222]
1755036097.8811493 [INFO] [wireless_watcher-17]: process started with pid [223]
1755036097.8811738 [INFO] [pointcloud_to_laserscan_node-18]: process started with pid [224]
1755036097.9520569 [robot_state_publisher-3] [INFO] [1755036097.951883105] [a200_0000.robot_state_publisher]: Robot initialized
1755036097.9589703 [rviz2-1] QStandardPaths: XDG_RUNTIME_DIR not set, defaulting to '/tmp/runtime-dcist'
1755036098.4290683 [rviz2-1] [INFO] [1755036098.428828326] [rviz2]: Stereo is NOT SUPPORTED
1755036098.4292622 [rviz2-1] [INFO] [1755036098.428883826] [rviz2]: OpenGl version: 4.6 (GLSL 4.6)
1755036098.4810514 [rviz2-1] [INFO] [1755036098.480846382] [rviz2]: Stereo is NOT SUPPORTED
1755036098.5304277 [rviz2-1] [INFO] [1755036098.530130661] [ouster.rviz2]: Subscribing to: /ouster/points
1755036098.5305564 [rviz2-1] 
1755036098.5310800 [rviz2-1] [INFO] [1755036098.530970421] [ouster.rviz2]: Subscribing to: /ouster/points
1755036098.5311291 [rviz2-1] 
1755036098.5446999 [rviz2-1] [INFO] [1755036098.544484414] [ouster.rviz2]: Subscribing to: /ouster/points
1755036098.5447872 [rviz2-1] 
1755036098.5977695 [rviz2-1] [INFO] [1755036098.597527577] [rviz2]: Stereo is NOT SUPPORTED
1755036099.5513947 [INFO] [spawner-5]: process has finished cleanly [pid 211]
1755036100.9202466 [INFO] [spawner-6]: process has finished cleanly [pid 212]
1755036119.9592431 [INFO] [launch.user]: os_driver activating...
1755036194.3894093 [rviz2-1] [INFO] [1755036194.389174077] [ouster.rviz2]: Message Filter dropping message: frame 'os_lidar' at time 1755036193.285 for reason 'discarding message because the queue is full'
1755036194.5173404 [rviz2-1] [INFO] [1755036194.517092292] [ouster.rviz2]: Message Filter dropping message: frame 'os_lidar' at time 1755036193.385 for reason 'discarding message because the queue is full'
1755036194.6139102 [rviz2-1] [INFO] [1755036194.613689068] [ouster.rviz2]: Message Filter dropping message: frame 'os_lidar' at time 1755036193.485 for reason 'discarding message because the queue is full'
1755036194.7097325 [rviz2-1] [INFO] [1755036194.709490563] [ouster.rviz2]: Message Filter dropping message: frame 'os_lidar' at time 1755036193.585 for reason 'discarding message because the queue is full'
1755036194.8054869 [rviz2-1] [INFO] [1755036194.805226978] [ouster.rviz2]: Message Filter dropping message: frame 'os_lidar' at time 1755036193.685 for reason 'discarding message because the queue is full'
1755036194.9012778 [rviz2-1] [INFO] [1755036194.901047693] [ouster.rviz2]: Message Filter dropping message: frame 'os_lidar' at time 1755036193.785 for reason 'discarding message because the queue is full'
1755036194.9976890 [rviz2-1] [INFO] [1755036194.997493520] [ouster.rviz2]: Message Filter dropping message: frame 'os_lidar' at time 1755036193.885 for reason 'discarding message because the queue is full'
1755036195.0932267 [rviz2-1] [INFO] [1755036195.092971260] [ouster.rviz2]: Message Filter dropping message: frame 'os_lidar' at time 1755036193.985 for reason 'discarding message because the queue is full'
1755036195.1894944 [rviz2-1] [INFO] [1755036195.189265180] [ouster.rviz2]: Message Filter dropping message: frame 'os_lidar' at time 1755036194.085 for reason 'discarding message because the queue is full'
1755036195.3179049 [rviz2-1] [INFO] [1755036195.317644121] [ouster.rviz2]: Message Filter dropping message: frame 'os_lidar' at time 1755036194.185 for reason 'discarding message because the queue is full'
1755036195.4131212 [rviz2-1] [INFO] [1755036195.412893963] [ouster.rviz2]: Message Filter dropping message: frame 'os_lidar' at time 1755036194.285 for reason 'discarding message because the queue is full'
1755036195.5091386 [rviz2-1] [INFO] [1755036195.508875967] [ouster.rviz2]: Message Filter dropping message: frame 'os_lidar' at time 1755036194.385 for reason 'discarding message because the queue is full'
1755036195.6051323 [rviz2-1] [INFO] [1755036195.604893520] [ouster.rviz2]: Message Filter dropping message: frame 'os_lidar' at time 1755036194.485 for reason 'discarding message because the queue is full'
1755036195.7016935 [rviz2-1] [INFO] [1755036195.701442058] [ouster.rviz2]: Message Filter dropping message: frame 'os_lidar' at time 1755036194.585 for reason 'discarding message because the queue is full'
1755036195.7980762 [rviz2-1] [INFO] [1755036195.797816577] [ouster.rviz2]: Message Filter dropping message: frame 'os_lidar' at time 1755036194.685 for reason 'discarding message because the queue is full'
1755036195.8932209 [rviz2-1] [INFO] [1755036195.892969170] [ouster.rviz2]: Message Filter dropping message: frame 'os_lidar' at time 1755036194.785 for reason 'discarding message because the queue is full'
1755036195.9896526 [rviz2-1] [INFO] [1755036195.989409059] [ouster.rviz2]: Message Filter dropping message: frame 'os_lidar' at time 1755036194.885 for reason 'discarding message because the queue is full'
1755036196.1170971 [rviz2-1] [INFO] [1755036196.116837482] [ouster.rviz2]: Message Filter dropping message: frame 'os_lidar' at time 1755036194.985 for reason 'discarding message because the queue is full'
1755036196.2133224 [rviz2-1] [INFO] [1755036196.213079934] [ouster.rviz2]: Message Filter dropping message: frame 'os_lidar' at time 1755036195.085 for reason 'discarding message because the queue is full'
1755036196.3095291 [rviz2-1] [INFO] [1755036196.309273776] [ouster.rviz2]: Message Filter dropping message: frame 'os_lidar' at time 1755036195.185 for reason 'discarding message because the queue is full'
1755036196.4073341 [rviz2-1] [INFO] [1755036196.405605118] [ouster.rviz2]: Message Filter dropping message: frame 'os_lidar' at time 1755036195.285 for reason 'discarding message because the queue is full'
1755036196.5019817 [rviz2-1] [INFO] [1755036196.501722771] [ouster.rviz2]: Message Filter dropping message: frame 'os_lidar' at time 1755036195.385 for reason 'discarding message because the queue is full'
1755036196.5974133 [rviz2-1] [INFO] [1755036196.597199042] [ouster.rviz2]: Message Filter dropping message: frame 'os_lidar' at time 1755036195.485 for reason 'discarding message because the queue is full'
1755036196.6937594 [rviz2-1] [INFO] [1755036196.693463253] [ouster.rviz2]: Message Filter dropping message: frame 'os_lidar' at time 1755036195.585 for reason 'discarding message because the queue is full'
1755036196.7898521 [rviz2-1] [INFO] [1755036196.789624326] [ouster.rviz2]: Message Filter dropping message: frame 'os_lidar' at time 1755036195.685 for reason 'discarding message because the queue is full'
1755036196.9176724 [rviz2-1] [INFO] [1755036196.917461224] [ouster.rviz2]: Message Filter dropping message: frame 'os_lidar' at time 1755036195.785 for reason 'discarding message because the queue is full'
1755036197.0130978 [rviz2-1] [INFO] [1755036197.012887216] [ouster.rviz2]: Message Filter dropping message: frame 'os_lidar' at time 1755036195.885 for reason 'discarding message because the queue is full'
1755036197.1092722 [rviz2-1] [INFO] [1755036197.109064429] [ouster.rviz2]: Message Filter dropping message: frame 'os_lidar' at time 1755036195.985 for reason 'discarding message because the queue is full'
1755036197.2056754 [rviz2-1] [INFO] [1755036197.205458121] [ouster.rviz2]: Message Filter dropping message: frame 'os_lidar' at time 1755036196.085 for reason 'discarding message because the queue is full'
1755036197.3019781 [rviz2-1] [INFO] [1755036197.301745053] [ouster.rviz2]: Message Filter dropping message: frame 'os_lidar' at time 1755036196.185 for reason 'discarding message because the queue is full'
1755036197.3973761 [rviz2-1] [INFO] [1755036197.397170175] [ouster.rviz2]: Message Filter dropping message: frame 'os_lidar' at time 1755036196.285 for reason 'discarding message because the queue is full'
1755036197.4931324 [rviz2-1] [INFO] [1755036197.492858325] [ouster.rviz2]: Message Filter dropping message: frame 'os_lidar' at time 1755036196.385 for reason 'discarding message because the queue is full'
1755036197.5893867 [rviz2-1] [INFO] [1755036197.589105868] [ouster.rviz2]: Message Filter dropping message: frame 'os_lidar' at time 1755036196.485 for reason 'discarding message because the queue is full'
1755036197.7171223 [rviz2-1] [INFO] [1755036197.716893328] [ouster.rviz2]: Message Filter dropping message: frame 'os_lidar' at time 1755036196.585 for reason 'discarding message because the queue is full'
1755036197.8138320 [rviz2-1] [INFO] [1755036197.813586316] [ouster.rviz2]: Message Filter dropping message: frame 'os_lidar' at time 1755036196.685 for reason 'discarding message because the queue is full'
1755036197.9094675 [rviz2-1] [INFO] [1755036197.909249615] [ouster.rviz2]: Message Filter dropping message: frame 'os_lidar' at time 1755036196.785 for reason 'discarding message because the queue is full'
1755036198.0056796 [rviz2-1] [INFO] [1755036198.005463830] [ouster.rviz2]: Message Filter dropping message: frame 'os_lidar' at time 1755036196.885 for reason 'discarding message because the queue is full'
1755036198.1020203 [rviz2-1] [INFO] [1755036198.101800422] [ouster.rviz2]: Message Filter dropping message: frame 'os_lidar' at time 1755036196.985 for reason 'discarding message because the queue is full'
1755036198.1973879 [rviz2-1] [INFO] [1755036198.197189116] [ouster.rviz2]: Message Filter dropping message: frame 'os_lidar' at time 1755036197.085 for reason 'discarding message because the queue is full'
1755036198.2943761 [rviz2-1] [INFO] [1755036198.293651258] [ouster.rviz2]: Message Filter dropping message: frame 'os_lidar' at time 1755036197.185 for reason 'discarding message because the queue is full'
1755036198.3892317 [rviz2-1] [INFO] [1755036198.388996172] [ouster.rviz2]: Message Filter dropping message: frame 'os_lidar' at time 1755036197.285 for reason 'discarding message because the queue is full'
1755036198.5172586 [rviz2-1] [INFO] [1755036198.517028081] [ouster.rviz2]: Message Filter dropping message: frame 'os_lidar' at time 1755036197.385 for reason 'discarding message because the queue is full'
1755036198.6140299 [rviz2-1] [INFO] [1755036198.613774759] [ouster.rviz2]: Message Filter dropping message: frame 'os_lidar' at time 1755036197.485 for reason 'discarding message because the queue is full'
1755036198.7099001 [rviz2-1] [INFO] [1755036198.709674177] [ouster.rviz2]: Message Filter dropping message: frame 'os_lidar' at time 1755036197.585 for reason 'discarding message because the queue is full'
1755036198.8053918 [rviz2-1] [INFO] [1755036198.805124250] [ouster.rviz2]: Message Filter dropping message: frame 'os_lidar' at time 1755036197.685 for reason 'discarding message because the queue is full'
1755036198.9014618 [rviz2-1] [INFO] [1755036198.901243856] [ouster.rviz2]: Message Filter dropping message: frame 'os_lidar' at time 1755036197.785 for reason 'discarding message because the queue is full'
1755036198.9974585 [rviz2-1] [INFO] [1755036198.997264692] [ouster.rviz2]: Message Filter dropping message: frame 'os_lidar' at time 1755036197.885 for reason 'discarding message because the queue is full'
1755036199.0935185 [rviz2-1] [INFO] [1755036199.093264610] [ouster.rviz2]: Message Filter dropping message: frame 'os_lidar' at time 1755036197.985 for reason 'discarding message because the queue is full'
1755036199.1895721 [rviz2-1] [INFO] [1755036199.189309308] [ouster.rviz2]: Message Filter dropping message: frame 'os_lidar' at time 1755036198.085 for reason 'discarding message because the queue is full'
1755036199.3174443 [rviz2-1] [INFO] [1755036199.317202409] [ouster.rviz2]: Message Filter dropping message: frame 'os_lidar' at time 1755036198.185 for reason 'discarding message because the queue is full'
1755036199.4135342 [rviz2-1] [INFO] [1755036199.413215787] [ouster.rviz2]: Message Filter dropping message: frame 'os_lidar' at time 1755036198.285 for reason 'discarding message because the queue is full'
1755036199.5092731 [rviz2-1] [INFO] [1755036199.509040847] [ouster.rviz2]: Message Filter dropping message: frame 'os_lidar' at time 1755036198.385 for reason 'discarding message because the queue is full'
1755036199.6059060 [rviz2-1] [INFO] [1755036199.605679157] [ouster.rviz2]: Message Filter dropping message: frame 'os_lidar' at time 1755036198.485 for reason 'discarding message because the queue is full'
1755036199.7016530 [rviz2-1] [INFO] [1755036199.701426708] [ouster.rviz2]: Message Filter dropping message: frame 'os_lidar' at time 1755036198.585 for reason 'discarding message because the queue is full'
1755036199.7979596 [rviz2-1] [INFO] [1755036199.797389176] [ouster.rviz2]: Message Filter dropping message: frame 'os_lidar' at time 1755036198.685 for reason 'discarding message because the queue is full'
1755036199.8943696 [rviz2-1] [INFO] [1755036199.894074787] [ouster.rviz2]: Message Filter dropping message: frame 'os_lidar' at time 1755036198.785 for reason 'discarding message because the queue is full'
1755036199.9898064 [rviz2-1] [INFO] [1755036199.989506701] [ouster.rviz2]: Message Filter dropping message: frame 'os_lidar' at time 1755036198.885 for reason 'discarding message because the queue is full'
1755036200.1172261 [rviz2-1] [INFO] [1755036200.116993368] [ouster.rviz2]: Message Filter dropping message: frame 'os_lidar' at time 1755036198.985 for reason 'discarding message because the queue is full'
1755036200.2133141 [rviz2-1] [INFO] [1755036200.213134305] [ouster.rviz2]: Message Filter dropping message: frame 'os_lidar' at time 1755036199.085 for reason 'discarding message because the queue is full'
1755036200.3091872 [rviz2-1] [INFO] [1755036200.308977226] [ouster.rviz2]: Message Filter dropping message: frame 'os_lidar' at time 1755036199.185 for reason 'discarding message because the queue is full'
1755036200.4056292 [rviz2-1] [INFO] [1755036200.405411890] [ouster.rviz2]: Message Filter dropping message: frame 'os_lidar' at time 1755036199.285 for reason 'discarding message because the queue is full'
1755036200.5018089 [rviz2-1] [INFO] [1755036200.501598027] [ouster.rviz2]: Message Filter dropping message: frame 'os_lidar' at time 1755036199.385 for reason 'discarding message because the queue is full'
1755036200.5976875 [rviz2-1] [INFO] [1755036200.597468398] [ouster.rviz2]: Message Filter dropping message: frame 'os_lidar' at time 1755036199.485 for reason 'discarding message because the queue is full'
1755036200.6940753 [rviz2-1] [INFO] [1755036200.693760983] [ouster.rviz2]: Message Filter dropping message: frame 'os_lidar' at time 1755036199.585 for reason 'discarding message because the queue is full'
1755036200.7896733 [rviz2-1] [INFO] [1755036200.789450256] [ouster.rviz2]: Message Filter dropping message: frame 'os_lidar' at time 1755036199.685 for reason 'discarding message because the queue is full'
1755036200.9173794 [rviz2-1] [INFO] [1755036200.917145121] [ouster.rviz2]: Message Filter dropping message: frame 'os_lidar' at time 1755036199.785 for reason 'discarding message because the queue is full'
1755036201.0135577 [rviz2-1] [INFO] [1755036201.013304058] [ouster.rviz2]: Message Filter dropping message: frame 'os_lidar' at time 1755036199.885 for reason 'discarding message because the queue is full'
1755036201.1095736 [rviz2-1] [INFO] [1755036201.109357308] [ouster.rviz2]: Message Filter dropping message: frame 'os_lidar' at time 1755036199.985 for reason 'discarding message because the queue is full'
1755036201.2061157 [rviz2-1] [INFO] [1755036201.205890521] [ouster.rviz2]: Message Filter dropping message: frame 'os_lidar' at time 1755036200.085 for reason 'discarding message because the queue is full'
1755036201.3020217 [rviz2-1] [INFO] [1755036201.301809832] [ouster.rviz2]: Message Filter dropping message: frame 'os_lidar' at time 1755036200.185 for reason 'discarding message because the queue is full'
1755036201.3974810 [rviz2-1] [INFO] [1755036201.397238399] [ouster.rviz2]: Message Filter dropping message: frame 'os_lidar' at time 1755036200.285 for reason 'discarding message because the queue is full'
1755036201.4932144 [rviz2-1] [INFO] [1755036201.492938472] [ouster.rviz2]: Message Filter dropping message: frame 'os_lidar' at time 1755036200.385 for reason 'discarding message because the queue is full'
1755036201.5900307 [rviz2-1] [INFO] [1755036201.589777913] [ouster.rviz2]: Message Filter dropping message: frame 'os_lidar' at time 1755036200.485 for reason 'discarding message because the queue is full'
1755036201.7177696 [rviz2-1] [INFO] [1755036201.717550319] [ouster.rviz2]: Message Filter dropping message: frame 'os_lidar' at time 1755036200.585 for reason 'discarding message because the queue is full'
1755036201.8132989 [rviz2-1] [INFO] [1755036201.813082904] [ouster.rviz2]: Message Filter dropping message: frame 'os_lidar' at time 1755036200.685 for reason 'discarding message because the queue is full'
1755036201.9092603 [rviz2-1] [INFO] [1755036201.909013615] [ouster.rviz2]: Message Filter dropping message: frame 'os_lidar' at time 1755036200.785 for reason 'discarding message because the queue is full'
1755036202.0058470 [rviz2-1] [INFO] [1755036202.005649647] [ouster.rviz2]: Message Filter dropping message: frame 'os_lidar' at time 1755036200.885 for reason 'discarding message because the queue is full'
1755036202.1019123 [rviz2-1] [INFO] [1755036202.101663108] [ouster.rviz2]: Message Filter dropping message: frame 'os_lidar' at time 1755036200.985 for reason 'discarding message because the queue is full'
1755036202.1982203 [rviz2-1] [INFO] [1755036202.197893977] [ouster.rviz2]: Message Filter dropping message: frame 'os_lidar' at time 1755036201.085 for reason 'discarding message because the queue is full'
1755036202.2938972 [rviz2-1] [INFO] [1755036202.293290564] [ouster.rviz2]: Message Filter dropping message: frame 'os_lidar' at time 1755036201.185 for reason 'discarding message because the queue is full'
1755036202.3891897 [rviz2-1] [INFO] [1755036202.388969469] [ouster.rviz2]: Message Filter dropping message: frame 'os_lidar' at time 1755036201.285 for reason 'discarding message because the queue is full'
1755036202.5179732 [rviz2-1] [INFO] [1755036202.517725725] [ouster.rviz2]: Message Filter dropping message: frame 'os_lidar' at time 1755036201.385 for reason 'discarding message because the queue is full'
1755036202.6134341 [rviz2-1] [INFO] [1755036202.613219842] [ouster.rviz2]: Message Filter dropping message: frame 'os_lidar' at time 1755036201.485 for reason 'discarding message because the queue is full'
1755036202.7091770 [rviz2-1] [INFO] [1755036202.708944916] [ouster.rviz2]: Message Filter dropping message: frame 'os_lidar' at time 1755036201.585 for reason 'discarding message because the queue is full'
1755036202.8064775 [rviz2-1] [INFO] [1755036202.806254882] [ouster.rviz2]: Message Filter dropping message: frame 'os_lidar' at time 1755036201.685 for reason 'discarding message because the queue is full'
1755036202.9018269 [rviz2-1] [INFO] [1755036202.901572891] [ouster.rviz2]: Message Filter dropping message: frame 'os_lidar' at time 1755036201.785 for reason 'discarding message because the queue is full'
1755036202.9976082 [rviz2-1] [INFO] [1755036202.997405854] [ouster.rviz2]: Message Filter dropping message: frame 'os_lidar' at time 1755036201.885 for reason 'discarding message because the queue is full'
1755036203.0932331 [rviz2-1] [INFO] [1755036203.093000741] [ouster.rviz2]: Message Filter dropping message: frame 'os_lidar' at time 1755036201.985 for reason 'discarding message because the queue is full'
1755036203.1898818 [rviz2-1] [INFO] [1755036203.189635005] [ouster.rviz2]: Message Filter dropping message: frame 'os_lidar' at time 1755036202.085 for reason 'discarding message because the queue is full'
1755036203.3177900 [rviz2-1] [INFO] [1755036203.317559432] [ouster.rviz2]: Message Filter dropping message: frame 'os_lidar' at time 1755036202.185 for reason 'discarding message because the queue is full'
1755036203.4135273 [rviz2-1] [INFO] [1755036203.413330277] [ouster.rviz2]: Message Filter dropping message: frame 'os_lidar' at time 1755036202.285 for reason 'discarding message because the queue is full'
1755036203.5100007 [rviz2-1] [INFO] [1755036203.509767014] [ouster.rviz2]: Message Filter dropping message: frame 'os_lidar' at time 1755036202.385 for reason 'discarding message because the queue is full'
1755036203.6055388 [rviz2-1] [INFO] [1755036203.605316631] [ouster.rviz2]: Message Filter dropping message: frame 'os_lidar' at time 1755036202.485 for reason 'discarding message because the queue is full'
1755036203.7015941 [rviz2-1] [INFO] [1755036203.701386932] [ouster.rviz2]: Message Filter dropping message: frame 'os_lidar' at time 1755036202.585 for reason 'discarding message because the queue is full'
1755036203.7977891 [rviz2-1] [INFO] [1755036203.797553023] [ouster.rviz2]: Message Filter dropping message: frame 'os_lidar' at time 1755036202.685 for reason 'discarding message because the queue is full'
1755036203.8934679 [rviz2-1] [INFO] [1755036203.893169569] [ouster.rviz2]: Message Filter dropping message: frame 'os_lidar' at time 1755036202.785 for reason 'discarding message because the queue is full'
1755036203.9898596 [rviz2-1] [INFO] [1755036203.989576347] [ouster.rviz2]: Message Filter dropping message: frame 'os_lidar' at time 1755036202.885 for reason 'discarding message because the queue is full'
1755036204.1173198 [rviz2-1] [INFO] [1755036204.117105749] [ouster.rviz2]: Message Filter dropping message: frame 'os_lidar' at time 1755036202.985 for reason 'discarding message because the queue is full'
1755036204.2220025 [rviz2-1] [INFO] [1755036204.221781046] [ouster.rviz2]: Message Filter dropping message: frame 'os_lidar' at time 1755036203.085 for reason 'discarding message because the queue is full'
1755036204.3095562 [rviz2-1] [INFO] [1755036204.309331403] [ouster.rviz2]: Message Filter dropping message: frame 'os_lidar' at time 1755036203.185 for reason 'discarding message because the queue is full'
1755036204.4057994 [rviz2-1] [INFO] [1755036204.405559173] [ouster.rviz2]: Message Filter dropping message: frame 'os_lidar' at time 1755036203.285 for reason 'discarding message because the queue is full'
1755036204.5011876 [rviz2-1] [INFO] [1755036204.500938843] [ouster.rviz2]: Message Filter dropping message: frame 'os_lidar' at time 1755036203.385 for reason 'discarding message because the queue is full'
1755036204.5973144 [rviz2-1] [INFO] [1755036204.597069185] [ouster.rviz2]: Message Filter dropping message: frame 'os_lidar' at time 1755036203.485 for reason 'discarding message because the queue is full'
1755036204.6936255 [rviz2-1] [INFO] [1755036204.693375134] [ouster.rviz2]: Message Filter dropping message: frame 'os_lidar' at time 1755036203.585 for reason 'discarding message because the queue is full'
1755036204.7893176 [rviz2-1] [INFO] [1755036204.789076901] [ouster.rviz2]: Message Filter dropping message: frame 'os_lidar' at time 1755036203.685 for reason 'discarding message because the queue is full'
1755036204.9174676 [rviz2-1] [INFO] [1755036204.917249427] [ouster.rviz2]: Message Filter dropping message: frame 'os_lidar' at time 1755036203.785 for reason 'discarding message because the queue is full'
1755036205.0130525 [rviz2-1] [INFO] [1755036205.012856214] [ouster.rviz2]: Message Filter dropping message: frame 'os_lidar' at time 1755036203.885 for reason 'discarding message because the queue is full'
1755036205.1089602 [rviz2-1] [INFO] [1755036205.108764950] [ouster.rviz2]: Message Filter dropping message: frame 'os_lidar' at time 1755036203.985 for reason 'discarding message because the queue is full'
1755036205.2053785 [rviz2-1] [INFO] [1755036205.205186220] [ouster.rviz2]: Message Filter dropping message: frame 'os_lidar' at time 1755036204.086 for reason 'discarding message because the queue is full'
1755036205.3020127 [rviz2-1] [INFO] [1755036205.301786977] [ouster.rviz2]: Message Filter dropping message: frame 'os_lidar' at time 1755036204.186 for reason 'discarding message because the queue is full'
1755036205.3970759 [rviz2-1] [INFO] [1755036205.396855121] [ouster.rviz2]: Message Filter dropping message: frame 'os_lidar' at time 1755036204.286 for reason 'discarding message because the queue is full'
1755036205.4935763 [rviz2-1] [INFO] [1755036205.493365830] [ouster.rviz2]: Message Filter dropping message: frame 'os_lidar' at time 1755036204.386 for reason 'discarding message because the queue is full'
1755036205.6204073 [rviz2-1] [INFO] [1755036205.620188031] [ouster.rviz2]: Message Filter dropping message: frame 'os_lidar' at time 1755036204.486 for reason 'discarding message because the queue is full'
1755036205.7171695 [rviz2-1] [INFO] [1755036205.716959227] [ouster.rviz2]: Message Filter dropping message: frame 'os_lidar' at time 1755036204.586 for reason 'discarding message because the queue is full'
1755036205.8130670 [rviz2-1] [INFO] [1755036205.812878332] [ouster.rviz2]: Message Filter dropping message: frame 'os_lidar' at time 1755036204.686 for reason 'discarding message because the queue is full'
1755036205.9095161 [rviz2-1] [INFO] [1755036205.909306601] [ouster.rviz2]: Message Filter dropping message: frame 'os_lidar' at time 1755036204.786 for reason 'discarding message because the queue is full'
1755036206.0049989 [rviz2-1] [INFO] [1755036206.004799531] [ouster.rviz2]: Message Filter dropping message: frame 'os_lidar' at time 1755036204.886 for reason 'discarding message because the queue is full'
1755036206.1014044 [rviz2-1] [INFO] [1755036206.101180312] [ouster.rviz2]: Message Filter dropping message: frame 'os_lidar' at time 1755036204.986 for reason 'discarding message because the queue is full'
1755036206.1982896 [rviz2-1] [INFO] [1755036206.198075718] [ouster.rviz2]: Message Filter dropping message: frame 'os_lidar' at time 1755036205.086 for reason 'discarding message because the queue is full'
1755036206.2932310 [rviz2-1] [INFO] [1755036206.292975145] [ouster.rviz2]: Message Filter dropping message: frame 'os_lidar' at time 1755036205.186 for reason 'discarding message because the queue is full'
1755036206.3897102 [rviz2-1] [INFO] [1755036206.389456805] [ouster.rviz2]: Message Filter dropping message: frame 'os_lidar' at time 1755036205.286 for reason 'discarding message because the queue is full'
1755036206.5172477 [rviz2-1] [INFO] [1755036206.517015320] [ouster.rviz2]: Message Filter dropping message: frame 'os_lidar' at time 1755036205.386 for reason 'discarding message because the queue is full'
1755036206.6135004 [rviz2-1] [INFO] [1755036206.613223372] [ouster.rviz2]: Message Filter dropping message: frame 'os_lidar' at time 1755036205.486 for reason 'discarding message because the queue is full'
1755036206.7099419 [rviz2-1] [INFO] [1755036206.709715932] [ouster.rviz2]: Message Filter dropping message: frame 'os_lidar' at time 1755036205.586 for reason 'discarding message because the queue is full'
1755036206.8060107 [rviz2-1] [INFO] [1755036206.805779977] [ouster.rviz2]: Message Filter dropping message: frame 'os_lidar' at time 1755036205.686 for reason 'discarding message because the queue is full'
1755036206.9014661 [rviz2-1] [INFO] [1755036206.901242668] [ouster.rviz2]: Message Filter dropping message: frame 'os_lidar' at time 1755036205.786 for reason 'discarding message because the queue is full'
1755036206.9976208 [rviz2-1] [INFO] [1755036206.997385982] [ouster.rviz2]: Message Filter dropping message: frame 'os_lidar' at time 1755036205.886 for reason 'discarding message because the queue is full'
1755036207.0936089 [rviz2-1] [INFO] [1755036207.093333988] [ouster.rviz2]: Message Filter dropping message: frame 'os_lidar' at time 1755036205.986 for reason 'discarding message because the queue is full'
1755036207.1895585 [rviz2-1] [INFO] [1755036207.189336424] [ouster.rviz2]: Message Filter dropping message: frame 'os_lidar' at time 1755036206.086 for reason 'discarding message because the queue is full'
1755036207.3170283 [rviz2-1] [INFO] [1755036207.316791202] [ouster.rviz2]: Message Filter dropping message: frame 'os_lidar' at time 1755036206.186 for reason 'discarding message because the queue is full'
1755036207.4130402 [rviz2-1] [INFO] [1755036207.412847997] [ouster.rviz2]: Message Filter dropping message: frame 'os_lidar' at time 1755036206.286 for reason 'discarding message because the queue is full'
1755036207.5090985 [rviz2-1] [INFO] [1755036207.508835794] [ouster.rviz2]: Message Filter dropping message: frame 'os_lidar' at time 1755036206.386 for reason 'discarding message because the queue is full'
1755036207.6052172 [rviz2-1] [INFO] [1755036207.604959419] [ouster.rviz2]: Message Filter dropping message: frame 'os_lidar' at time 1755036206.486 for reason 'discarding message because the queue is full'
1755036207.7011964 [rviz2-1] [INFO] [1755036207.700936915] [ouster.rviz2]: Message Filter dropping message: frame 'os_lidar' at time 1755036206.586 for reason 'discarding message because the queue is full'
1755036207.7971573 [rviz2-1] [INFO] [1755036207.796920942] [ouster.rviz2]: Message Filter dropping message: frame 'os_lidar' at time 1755036206.686 for reason 'discarding message because the queue is full'
1755036207.8942137 [rviz2-1] [INFO] [1755036207.893967576] [ouster.rviz2]: Message Filter dropping message: frame 'os_lidar' at time 1755036206.786 for reason 'discarding message because the queue is full'
1755036207.9893322 [rviz2-1] [INFO] [1755036207.989247590] [ouster.rviz2]: Message Filter dropping message: frame 'os_lidar' at time 1755036206.886 for reason 'discarding message because the queue is full'
1755036208.1175518 [rviz2-1] [INFO] [1755036208.117386132] [ouster.rviz2]: Message Filter dropping message: frame 'os_lidar' at time 1755036206.986 for reason 'discarding message because the queue is full'
1755036208.2139099 [rviz2-1] [INFO] [1755036208.213699825] [ouster.rviz2]: Message Filter dropping message: frame 'os_lidar' at time 1755036207.086 for reason 'discarding message because the queue is full'
1755036208.3095038 [rviz2-1] [INFO] [1755036208.309282387] [ouster.rviz2]: Message Filter dropping message: frame 'os_lidar' at time 1755036207.186 for reason 'discarding message because the queue is full'
1755036208.4051239 [rviz2-1] [INFO] [1755036208.404902509] [ouster.rviz2]: Message Filter dropping message: frame 'os_lidar' at time 1755036207.286 for reason 'discarding message because the queue is full'
1755036208.5013611 [rviz2-1] [INFO] [1755036208.501101794] [ouster.rviz2]: Message Filter dropping message: frame 'os_lidar' at time 1755036207.386 for reason 'discarding message because the queue is full'
1755036208.5971096 [rviz2-1] [INFO] [1755036208.596893583] [ouster.rviz2]: Message Filter dropping message: frame 'os_lidar' at time 1755036207.486 for reason 'discarding message because the queue is full'
1755036208.6932542 [rviz2-1] [INFO] [1755036208.692987659] [ouster.rviz2]: Message Filter dropping message: frame 'os_lidar' at time 1755036207.586 for reason 'discarding message because the queue is full'
1755036208.8213511 [rviz2-1] [INFO] [1755036208.821138021] [ouster.rviz2]: Message Filter dropping message: frame 'os_lidar' at time 1755036207.686 for reason 'discarding message because the queue is full'
1755036208.9175997 [rviz2-1] [INFO] [1755036208.917317056] [ouster.rviz2]: Message Filter dropping message: frame 'os_lidar' at time 1755036207.786 for reason 'discarding message because the queue is full'
1755036209.0137212 [rviz2-1] [INFO] [1755036209.013507021] [ouster.rviz2]: Message Filter dropping message: frame 'os_lidar' at time 1755036207.886 for reason 'discarding message because the queue is full'
1755036209.1091180 [rviz2-1] [INFO] [1755036209.108888476] [ouster.rviz2]: Message Filter dropping message: frame 'os_lidar' at time 1755036207.986 for reason 'discarding message because the queue is full'
1755036209.2051830 [rviz2-1] [INFO] [1755036209.204956224] [ouster.rviz2]: Message Filter dropping message: frame 'os_lidar' at time 1755036208.086 for reason 'discarding message because the queue is full'
1755036209.3019912 [rviz2-1] [INFO] [1755036209.301769793] [ouster.rviz2]: Message Filter dropping message: frame 'os_lidar' at time 1755036208.186 for reason 'discarding message because the queue is full'
1755036209.3971388 [rviz2-1] [INFO] [1755036209.396915131] [ouster.rviz2]: Message Filter dropping message: frame 'os_lidar' at time 1755036208.286 for reason 'discarding message because the queue is full'
1755036209.4940305 [rviz2-1] [INFO] [1755036209.493801829] [ouster.rviz2]: Message Filter dropping message: frame 'os_lidar' at time 1755036208.386 for reason 'discarding message because the queue is full'
1755036209.5898821 [rviz2-1] [INFO] [1755036209.589645979] [ouster.rviz2]: Message Filter dropping message: frame 'os_lidar' at time 1755036208.486 for reason 'discarding message because the queue is full'
1755036209.7175498 [rviz2-1] [INFO] [1755036209.717283607] [ouster.rviz2]: Message Filter dropping message: frame 'os_lidar' at time 1755036208.586 for reason 'discarding message because the queue is full'
1755036209.8137679 [rviz2-1] [INFO] [1755036209.813539153] [ouster.rviz2]: Message Filter dropping message: frame 'os_lidar' at time 1755036208.686 for reason 'discarding message because the queue is full'
1755036209.9091101 [rviz2-1] [INFO] [1755036209.908862408] [ouster.rviz2]: Message Filter dropping message: frame 'os_lidar' at time 1755036208.786 for reason 'discarding message because the queue is full'
1755036210.0056434 [rviz2-1] [INFO] [1755036210.005418761] [ouster.rviz2]: Message Filter dropping message: frame 'os_lidar' at time 1755036208.886 for reason 'discarding message because the queue is full'
1755036210.1013772 [rviz2-1] [INFO] [1755036210.101168153] [ouster.rviz2]: Message Filter dropping message: frame 'os_lidar' at time 1755036208.986 for reason 'discarding message because the queue is full'
1755036210.1971278 [rviz2-1] [INFO] [1755036210.196896135] [ouster.rviz2]: Message Filter dropping message: frame 'os_lidar' at time 1755036209.086 for reason 'discarding message because the queue is full'
1755036210.2932348 [rviz2-1] [INFO] [1755036210.293012693] [ouster.rviz2]: Message Filter dropping message: frame 'os_lidar' at time 1755036209.186 for reason 'discarding message because the queue is full'
1755036210.4210920 [rviz2-1] [INFO] [1755036210.420892650] [ouster.rviz2]: Message Filter dropping message: frame 'os_lidar' at time 1755036209.286 for reason 'discarding message because the queue is full'
1755036210.5173440 [rviz2-1] [INFO] [1755036210.516859420] [ouster.rviz2]: Message Filter dropping message: frame 'os_lidar' at time 1755036209.386 for reason 'discarding message because the queue is full'
1755036210.6130004 [rviz2-1] [INFO] [1755036210.612758670] [ouster.rviz2]: Message Filter dropping message: frame 'os_lidar' at time 1755036209.486 for reason 'discarding message because the queue is full'
1755036210.7094858 [rviz2-1] [INFO] [1755036210.709263764] [ouster.rviz2]: Message Filter dropping message: frame 'os_lidar' at time 1755036209.586 for reason 'discarding message because the queue is full'
1755036210.8052704 [rviz2-1] [INFO] [1755036210.805043496] [ouster.rviz2]: Message Filter dropping message: frame 'os_lidar' at time 1755036209.686 for reason 'discarding message because the queue is full'
1755036210.9013379 [rviz2-1] [INFO] [1755036210.901140984] [ouster.rviz2]: Message Filter dropping message: frame 'os_lidar' at time 1755036209.786 for reason 'discarding message because the queue is full'
1755036210.9973700 [rviz2-1] [INFO] [1755036210.997180993] [ouster.rviz2]: Message Filter dropping message: frame 'os_lidar' at time 1755036209.886 for reason 'discarding message because the queue is full'
1755036211.0936546 [rviz2-1] [INFO] [1755036211.093421690] [ouster.rviz2]: Message Filter dropping message: frame 'os_lidar' at time 1755036209.986 for reason 'discarding message because the queue is full'
1755036211.1902246 [rviz2-1] [INFO] [1755036211.189995394] [ouster.rviz2]: Message Filter dropping message: frame 'os_lidar' at time 1755036210.086 for reason 'discarding message because the queue is full'
1755036211.3171334 [rviz2-1] [INFO] [1755036211.316905743] [ouster.rviz2]: Message Filter dropping message: frame 'os_lidar' at time 1755036210.186 for reason 'discarding message because the queue is full'
1755036211.4139888 [rviz2-1] [INFO] [1755036211.413760814] [ouster.rviz2]: Message Filter dropping message: frame 'os_lidar' at time 1755036210.286 for reason 'discarding message because the queue is full'
1755036211.5099900 [rviz2-1] [INFO] [1755036211.509699385] [ouster.rviz2]: Message Filter dropping message: frame 'os_lidar' at time 1755036210.386 for reason 'discarding message because the queue is full'
1755036211.6051483 [rviz2-1] [INFO] [1755036211.604958013] [ouster.rviz2]: Message Filter dropping message: frame 'os_lidar' at time 1755036210.486 for reason 'discarding message because the queue is full'
1755036211.7023036 [rviz2-1] [INFO] [1755036211.702074102] [ouster.rviz2]: Message Filter dropping message: frame 'os_lidar' at time 1755036210.586 for reason 'discarding message because the queue is full'
1755036211.7977765 [rviz2-1] [INFO] [1755036211.797598657] [ouster.rviz2]: Message Filter dropping message: frame 'os_lidar' at time 1755036210.686 for reason 'discarding message because the queue is full'
1755036211.8936746 [rviz2-1] [INFO] [1755036211.893383840] [ouster.rviz2]: Message Filter dropping message: frame 'os_lidar' at time 1755036210.786 for reason 'discarding message because the queue is full'
1755036211.9898033 [rviz2-1] [INFO] [1755036211.989575668] [ouster.rviz2]: Message Filter dropping message: frame 'os_lidar' at time 1755036210.886 for reason 'discarding message because the queue is full'
1755036212.1179714 [rviz2-1] [INFO] [1755036212.117730525] [ouster.rviz2]: Message Filter dropping message: frame 'os_lidar' at time 1755036210.986 for reason 'discarding message because the queue is full'
1755036212.2134426 [rviz2-1] [INFO] [1755036212.213241621] [ouster.rviz2]: Message Filter dropping message: frame 'os_lidar' at time 1755036211.086 for reason 'discarding message because the queue is full'
1755036212.3093381 [rviz2-1] [INFO] [1755036212.309149134] [ouster.rviz2]: Message Filter dropping message: frame 'os_lidar' at time 1755036211.186 for reason 'discarding message because the queue is full'
1755036212.4053319 [rviz2-1] [INFO] [1755036212.405121965] [ouster.rviz2]: Message Filter dropping message: frame 'os_lidar' at time 1755036211.286 for reason 'discarding message because the queue is full'
1755036212.5014505 [rviz2-1] [INFO] [1755036212.501239225] [ouster.rviz2]: Message Filter dropping message: frame 'os_lidar' at time 1755036211.386 for reason 'discarding message because the queue is full'
1755036212.5979028 [rviz2-1] [INFO] [1755036212.597713652] [ouster.rviz2]: Message Filter dropping message: frame 'os_lidar' at time 1755036211.486 for reason 'discarding message because the queue is full'
1755036212.6935728 [rviz2-1] [INFO] [1755036212.693314597] [ouster.rviz2]: Message Filter dropping message: frame 'os_lidar' at time 1755036211.586 for reason 'discarding message because the queue is full'
1755036212.8018715 [rviz2-1] [INFO] [1755036212.801683442] [ouster.rviz2]: Message Filter dropping message: frame 'os_lidar' at time 1755036211.686 for reason 'discarding message because the queue is full'
1755036212.9172785 [rviz2-1] [INFO] [1755036212.917027020] [ouster.rviz2]: Message Filter dropping message: frame 'os_lidar' at time 1755036211.786 for reason 'discarding message because the queue is full'
1755036213.0186758 [rviz2-1] [INFO] [1755036213.018440212] [ouster.rviz2]: Message Filter dropping message: frame 'os_lidar' at time 1755036211.886 for reason 'discarding message because the queue is full'
1755036213.1097376 [rviz2-1] [INFO] [1755036213.109508839] [ouster.rviz2]: Message Filter dropping message: frame 'os_lidar' at time 1755036211.986 for reason 'discarding message because the queue is full'
1755036213.2051952 [rviz2-1] [INFO] [1755036213.204993087] [ouster.rviz2]: Message Filter dropping message: frame 'os_lidar' at time 1755036212.086 for reason 'discarding message because the queue is full'
1755036213.3015928 [rviz2-1] [INFO] [1755036213.301376275] [ouster.rviz2]: Message Filter dropping message: frame 'os_lidar' at time 1755036212.186 for reason 'discarding message because the queue is full'
1755036213.3975184 [rviz2-1] [INFO] [1755036213.397327188] [ouster.rviz2]: Message Filter dropping message: frame 'os_lidar' at time 1755036212.286 for reason 'discarding message because the queue is full'
1755036213.4933321 [rviz2-1] [INFO] [1755036213.493050753] [ouster.rviz2]: Message Filter dropping message: frame 'os_lidar' at time 1755036212.386 for reason 'discarding message because the queue is full'
1755036213.5906432 [rviz2-1] [INFO] [1755036213.590407431] [ouster.rviz2]: Message Filter dropping message: frame 'os_lidar' at time 1755036212.486 for reason 'discarding message because the queue is full'
1755036233.4625022 [rviz2-1] [INFO] [1755036233.462277797] [rviz2]: Trying to create a map of size 300 x 294 using 1 swatches
1755036309.7923396 [INFO] [rviz2-1]: process has finished cleanly [pid 207]
