[0.052s] DEBUG:colcon:Command line arguments: ['/usr/bin/colcon', 'build']
[0.052s] DEBUG:colcon:Parsed command line arguments: Namespace(log_base=None, log_level=None, verb_name='build', build_base='build', install_base='install', merge_install=False, symlink_install=False, test_result_base=None, continue_on_error=False, executor='parallel', parallel_workers=24, event_handlers=None, ignore_user_meta=False, metas=['./colcon.meta'], base_paths=['.'], packages_ignore=None, packages_ignore_regex=None, paths=None, packages_up_to=None, packages_up_to_regex=None, packages_above=None, packages_above_and_dependencies=None, packages_above_depth=None, packages_select_by_dep=None, packages_skip_by_dep=None, packages_skip_up_to=None, packages_select_build_failed=False, packages_skip_build_finished=False, packages_select_test_failures=False, packages_skip_test_passed=False, packages_select=None, packages_skip=None, packages_select_regex=None, packages_skip_regex=None, packages_start=None, packages_end=None, allow_overriding=[], cmake_args=None, cmake_target=None, cmake_target_skip_unavailable=False, cmake_clean_cache=False, cmake_clean_first=False, cmake_force_configure=False, ament_cmake_args=None, catkin_cmake_args=None, catkin_skip_building_tests=False, mixin_files=None, mixin=None, verb_parser=<colcon_mixin.mixin.mixin_argument.MixinArgumentDecorator object at 0x7fde7d37d1f0>, verb_extension=<colcon_core.verb.build.BuildVerb object at 0x7fde7d37cb60>, main=<bound method BuildVerb.main of <colcon_core.verb.build.BuildVerb object at 0x7fde7d37cb60>>, mixin_verb=('build',))
[0.072s] Level 1:colcon.colcon_core.package_discovery:discover_packages(colcon_meta) check parameters
[0.072s] Level 1:colcon.colcon_core.package_discovery:discover_packages(recursive) check parameters
[0.072s] Level 1:colcon.colcon_core.package_discovery:discover_packages(ignore) check parameters
[0.072s] Level 1:colcon.colcon_core.package_discovery:discover_packages(path) check parameters
[0.072s] Level 1:colcon.colcon_core.package_discovery:discover_packages(colcon_meta) discover
[0.072s] Level 1:colcon.colcon_core.package_discovery:discover_packages(recursive) discover
[0.072s] INFO:colcon.colcon_core.package_discovery:Crawling recursively for packages in '/home/robot/husky_master_jazzy/ws'
[0.072s] Level 1:colcon.colcon_core.package_identification:_identify(.) by extensions ['ignore', 'ignore_ament_install']
[0.072s] Level 1:colcon.colcon_core.package_identification:_identify(.) by extension 'ignore'
[0.072s] Level 1:colcon.colcon_core.package_identification:_identify(.) by extension 'ignore_ament_install'
[0.072s] Level 1:colcon.colcon_core.package_identification:_identify(.) by extensions ['colcon_pkg']
[0.072s] Level 1:colcon.colcon_core.package_identification:_identify(.) by extension 'colcon_pkg'
[0.072s] Level 1:colcon.colcon_core.package_identification:_identify(.) by extensions ['colcon_meta']
[0.072s] Level 1:colcon.colcon_core.package_identification:_identify(.) by extension 'colcon_meta'
[0.072s] Level 1:colcon.colcon_core.package_identification:_identify(.) by extensions ['ros']
[0.072s] Level 1:colcon.colcon_core.package_identification:_identify(.) by extension 'ros'
[0.085s] Level 1:colcon.colcon_core.package_identification:_identify(.) by extensions ['cmake', 'python']
[0.085s] Level 1:colcon.colcon_core.package_identification:_identify(.) by extension 'cmake'
[0.085s] Level 1:colcon.colcon_core.package_identification:_identify(.) by extension 'python'
[0.085s] Level 1:colcon.colcon_core.package_identification:_identify(.) by extensions ['python_setup_py']
[0.085s] Level 1:colcon.colcon_core.package_identification:_identify(.) by extension 'python_setup_py'
[0.085s] Level 1:colcon.colcon_core.package_identification:_identify(build) by extensions ['ignore', 'ignore_ament_install']
[0.085s] Level 1:colcon.colcon_core.package_identification:_identify(build) by extension 'ignore'
[0.085s] Level 1:colcon.colcon_core.package_identification:_identify(build) ignored
[0.085s] Level 1:colcon.colcon_core.package_identification:_identify(install) by extensions ['ignore', 'ignore_ament_install']
[0.085s] Level 1:colcon.colcon_core.package_identification:_identify(install) by extension 'ignore'
[0.085s] Level 1:colcon.colcon_core.package_identification:_identify(install) ignored
[0.085s] Level 1:colcon.colcon_core.package_identification:_identify(log) by extensions ['ignore', 'ignore_ament_install']
[0.085s] Level 1:colcon.colcon_core.package_identification:_identify(log) by extension 'ignore'
[0.085s] Level 1:colcon.colcon_core.package_identification:_identify(log) ignored
[0.085s] Level 1:colcon.colcon_core.package_identification:_identify(src) by extensions ['ignore', 'ignore_ament_install']
[0.086s] Level 1:colcon.colcon_core.package_identification:_identify(src) by extension 'ignore'
[0.086s] Level 1:colcon.colcon_core.package_identification:_identify(src) by extension 'ignore_ament_install'
[0.086s] Level 1:colcon.colcon_core.package_identification:_identify(src) by extensions ['colcon_pkg']
[0.086s] Level 1:colcon.colcon_core.package_identification:_identify(src) by extension 'colcon_pkg'
[0.086s] Level 1:colcon.colcon_core.package_identification:_identify(src) by extensions ['colcon_meta']
[0.086s] Level 1:colcon.colcon_core.package_identification:_identify(src) by extension 'colcon_meta'
[0.086s] Level 1:colcon.colcon_core.package_identification:_identify(src) by extensions ['ros']
[0.086s] Level 1:colcon.colcon_core.package_identification:_identify(src) by extension 'ros'
[0.086s] Level 1:colcon.colcon_core.package_identification:_identify(src) by extensions ['cmake', 'python']
[0.086s] Level 1:colcon.colcon_core.package_identification:_identify(src) by extension 'cmake'
[0.086s] Level 1:colcon.colcon_core.package_identification:_identify(src) by extension 'python'
[0.086s] Level 1:colcon.colcon_core.package_identification:_identify(src) by extensions ['python_setup_py']
[0.086s] Level 1:colcon.colcon_core.package_identification:_identify(src) by extension 'python_setup_py'
[0.086s] Level 1:colcon.colcon_core.package_identification:_identify(src/brainbox_husky_bringup) by extensions ['ignore', 'ignore_ament_install']
[0.086s] Level 1:colcon.colcon_core.package_identification:_identify(src/brainbox_husky_bringup) by extension 'ignore'
[0.086s] Level 1:colcon.colcon_core.package_identification:_identify(src/brainbox_husky_bringup) by extension 'ignore_ament_install'
[0.086s] Level 1:colcon.colcon_core.package_identification:_identify(src/brainbox_husky_bringup) by extensions ['colcon_pkg']
[0.086s] Level 1:colcon.colcon_core.package_identification:_identify(src/brainbox_husky_bringup) by extension 'colcon_pkg'
[0.086s] Level 1:colcon.colcon_core.package_identification:_identify(src/brainbox_husky_bringup) by extensions ['colcon_meta']
[0.086s] Level 1:colcon.colcon_core.package_identification:_identify(src/brainbox_husky_bringup) by extension 'colcon_meta'
[0.086s] Level 1:colcon.colcon_core.package_identification:_identify(src/brainbox_husky_bringup) by extensions ['ros']
[0.086s] Level 1:colcon.colcon_core.package_identification:_identify(src/brainbox_husky_bringup) by extension 'ros'
[0.087s] DEBUG:colcon.colcon_core.package_identification:Package 'src/brainbox_husky_bringup' with type 'ros.ament_cmake' and name 'brainbox_husky_bringup'
[0.087s] Level 1:colcon.colcon_core.package_identification:_identify(src/path_planning) by extensions ['ignore', 'ignore_ament_install']
[0.087s] Level 1:colcon.colcon_core.package_identification:_identify(src/path_planning) by extension 'ignore'
[0.087s] Level 1:colcon.colcon_core.package_identification:_identify(src/path_planning) by extension 'ignore_ament_install'
[0.087s] Level 1:colcon.colcon_core.package_identification:_identify(src/path_planning) by extensions ['colcon_pkg']
[0.087s] Level 1:colcon.colcon_core.package_identification:_identify(src/path_planning) by extension 'colcon_pkg'
[0.087s] Level 1:colcon.colcon_core.package_identification:_identify(src/path_planning) by extensions ['colcon_meta']
[0.087s] Level 1:colcon.colcon_core.package_identification:_identify(src/path_planning) by extension 'colcon_meta'
[0.087s] Level 1:colcon.colcon_core.package_identification:_identify(src/path_planning) by extensions ['ros']
[0.087s] Level 1:colcon.colcon_core.package_identification:_identify(src/path_planning) by extension 'ros'
[0.087s] DEBUG:colcon.colcon_core.package_identification:Package 'src/path_planning' with type 'ros.ament_cmake' and name 'path_planning'
[0.088s] Level 1:colcon.colcon_core.package_discovery:discover_packages(recursive) using defaults
[0.088s] Level 1:colcon.colcon_core.package_discovery:discover_packages(ignore) discover
[0.088s] Level 1:colcon.colcon_core.package_discovery:discover_packages(ignore) using defaults
[0.088s] Level 1:colcon.colcon_core.package_discovery:discover_packages(path) discover
[0.088s] Level 1:colcon.colcon_core.package_discovery:discover_packages(path) using defaults
[0.096s] Level 1:colcon.colcon_core.package_discovery:discover_packages(prefix_path) check parameters
[0.096s] Level 1:colcon.colcon_core.package_discovery:discover_packages(prefix_path) discover
[0.097s] DEBUG:colcon.colcon_installed_package_information.package_discovery:Found 2 installed packages in /home/robot/husky_master_jazzy/ws/install
[0.098s] DEBUG:colcon.colcon_installed_package_information.package_discovery:Found 422 installed packages in /opt/ros/jazzy
[0.099s] Level 1:colcon.colcon_core.package_discovery:discover_packages(prefix_path) using defaults
[0.123s] Level 5:colcon.colcon_core.verb:set package 'brainbox_husky_bringup' build argument 'cmake_args' from command line to 'None'
[0.123s] Level 5:colcon.colcon_core.verb:set package 'brainbox_husky_bringup' build argument 'cmake_target' from command line to 'None'
[0.123s] Level 5:colcon.colcon_core.verb:set package 'brainbox_husky_bringup' build argument 'cmake_target_skip_unavailable' from command line to 'False'
[0.123s] Level 5:colcon.colcon_core.verb:set package 'brainbox_husky_bringup' build argument 'cmake_clean_cache' from command line to 'False'
[0.123s] Level 5:colcon.colcon_core.verb:set package 'brainbox_husky_bringup' build argument 'cmake_clean_first' from command line to 'False'
[0.123s] Level 5:colcon.colcon_core.verb:set package 'brainbox_husky_bringup' build argument 'cmake_force_configure' from command line to 'False'
[0.123s] Level 5:colcon.colcon_core.verb:set package 'brainbox_husky_bringup' build argument 'ament_cmake_args' from command line to 'None'
[0.123s] Level 5:colcon.colcon_core.verb:set package 'brainbox_husky_bringup' build argument 'catkin_cmake_args' from command line to 'None'
[0.123s] Level 5:colcon.colcon_core.verb:set package 'brainbox_husky_bringup' build argument 'catkin_skip_building_tests' from command line to 'False'
[0.123s] DEBUG:colcon.colcon_core.verb:Building package 'brainbox_husky_bringup' with the following arguments: {'ament_cmake_args': None, 'build_base': '/home/robot/husky_master_jazzy/ws/build/brainbox_husky_bringup', 'catkin_cmake_args': None, 'catkin_skip_building_tests': False, 'cmake_args': None, 'cmake_clean_cache': False, 'cmake_clean_first': False, 'cmake_force_configure': False, 'cmake_target': None, 'cmake_target_skip_unavailable': False, 'install_base': '/home/robot/husky_master_jazzy/ws/install/brainbox_husky_bringup', 'merge_install': False, 'path': '/home/robot/husky_master_jazzy/ws/src/brainbox_husky_bringup', 'symlink_install': False, 'test_result_base': None}
[0.123s] Level 5:colcon.colcon_core.verb:set package 'path_planning' build argument 'cmake_args' from command line to 'None'
[0.123s] Level 5:colcon.colcon_core.verb:set package 'path_planning' build argument 'cmake_target' from command line to 'None'
[0.123s] Level 5:colcon.colcon_core.verb:set package 'path_planning' build argument 'cmake_target_skip_unavailable' from command line to 'False'
[0.123s] Level 5:colcon.colcon_core.verb:set package 'path_planning' build argument 'cmake_clean_cache' from command line to 'False'
[0.123s] Level 5:colcon.colcon_core.verb:set package 'path_planning' build argument 'cmake_clean_first' from command line to 'False'
[0.123s] Level 5:colcon.colcon_core.verb:set package 'path_planning' build argument 'cmake_force_configure' from command line to 'False'
[0.123s] Level 5:colcon.colcon_core.verb:set package 'path_planning' build argument 'ament_cmake_args' from command line to 'None'
[0.123s] Level 5:colcon.colcon_core.verb:set package 'path_planning' build argument 'catkin_cmake_args' from command line to 'None'
[0.123s] Level 5:colcon.colcon_core.verb:set package 'path_planning' build argument 'catkin_skip_building_tests' from command line to 'False'
[0.123s] DEBUG:colcon.colcon_core.verb:Building package 'path_planning' with the following arguments: {'ament_cmake_args': None, 'build_base': '/home/robot/husky_master_jazzy/ws/build/path_planning', 'catkin_cmake_args': None, 'catkin_skip_building_tests': False, 'cmake_args': None, 'cmake_clean_cache': False, 'cmake_clean_first': False, 'cmake_force_configure': False, 'cmake_target': None, 'cmake_target_skip_unavailable': False, 'install_base': '/home/robot/husky_master_jazzy/ws/install/path_planning', 'merge_install': False, 'path': '/home/robot/husky_master_jazzy/ws/src/path_planning', 'symlink_install': False, 'test_result_base': None}
[0.123s] INFO:colcon.colcon_core.executor:Executing jobs using 'parallel' executor
[0.124s] DEBUG:colcon.colcon_parallel_executor.executor.parallel:run_until_complete
[0.124s] INFO:colcon.colcon_ros.task.ament_cmake.build:Building ROS package in '/home/robot/husky_master_jazzy/ws/src/brainbox_husky_bringup' with build type 'ament_cmake'
[0.124s] INFO:colcon.colcon_cmake.task.cmake.build:Building CMake package in '/home/robot/husky_master_jazzy/ws/src/brainbox_husky_bringup'
[0.125s] INFO:colcon.colcon_core.plugin_system:Skipping extension 'colcon_core.shell.bat': Not used on non-Windows systems
[0.125s] INFO:colcon.colcon_core.shell:Skip shell extension 'powershell' for command environment: Not usable outside of PowerShell
[0.125s] DEBUG:colcon.colcon_core.shell:Skip shell extension 'dsv' for command environment
[0.127s] INFO:colcon.colcon_ros.task.ament_cmake.build:Building ROS package in '/home/robot/husky_master_jazzy/ws/src/path_planning' with build type 'ament_cmake'
[0.127s] INFO:colcon.colcon_cmake.task.cmake.build:Building CMake package in '/home/robot/husky_master_jazzy/ws/src/path_planning'
[0.127s] INFO:colcon.colcon_core.shell:Skip shell extension 'powershell' for command environment: Not usable outside of PowerShell
[0.127s] DEBUG:colcon.colcon_core.shell:Skip shell extension 'dsv' for command environment
[0.131s] DEBUG:colcon.colcon_core.event_handler.log_command:Invoking command in '/home/robot/husky_master_jazzy/ws/build/brainbox_husky_bringup': CMAKE_PREFIX_PATH=${CMAKE_PREFIX_PATH}:/opt/ros/jazzy DEBUGINFOD_URLS=https://debuginfod.ubuntu.com /usr/bin/cmake --build /home/robot/husky_master_jazzy/ws/build/brainbox_husky_bringup -- -j24 -l24
[0.133s] DEBUG:colcon.colcon_core.event_handler.log_command:Invoking command in '/home/robot/husky_master_jazzy/ws/build/path_planning': CMAKE_PREFIX_PATH=${CMAKE_PREFIX_PATH}:/opt/ros/jazzy DEBUGINFOD_URLS=https://debuginfod.ubuntu.com /usr/bin/cmake --build /home/robot/husky_master_jazzy/ws/build/path_planning -- -j24 -l24
[0.160s] DEBUG:colcon.colcon_core.event_handler.log_command:Invoked command in '/home/robot/husky_master_jazzy/ws/build/brainbox_husky_bringup' returned '0': CMAKE_PREFIX_PATH=${CMAKE_PREFIX_PATH}:/opt/ros/jazzy DEBUGINFOD_URLS=https://debuginfod.ubuntu.com /usr/bin/cmake --build /home/robot/husky_master_jazzy/ws/build/brainbox_husky_bringup -- -j24 -l24
[0.166s] DEBUG:colcon.colcon_core.event_handler.log_command:Invoking command in '/home/robot/husky_master_jazzy/ws/build/brainbox_husky_bringup': CMAKE_PREFIX_PATH=${CMAKE_PREFIX_PATH}:/opt/ros/jazzy DEBUGINFOD_URLS=https://debuginfod.ubuntu.com /usr/bin/cmake --install /home/robot/husky_master_jazzy/ws/build/brainbox_husky_bringup
[0.172s] Level 1:colcon.colcon_core.environment:create_environment_scripts_only(brainbox_husky_bringup)
[0.173s] DEBUG:colcon.colcon_core.event_handler.log_command:Invoked command in '/home/robot/husky_master_jazzy/ws/build/brainbox_husky_bringup' returned '0': CMAKE_PREFIX_PATH=${CMAKE_PREFIX_PATH}:/opt/ros/jazzy DEBUGINFOD_URLS=https://debuginfod.ubuntu.com /usr/bin/cmake --install /home/robot/husky_master_jazzy/ws/build/brainbox_husky_bringup
[0.174s] Level 1:colcon.colcon_core.environment:checking '/home/robot/husky_master_jazzy/ws/install/brainbox_husky_bringup' for CMake module files
[0.174s] Level 1:colcon.colcon_core.environment:checking '/home/robot/husky_master_jazzy/ws/install/brainbox_husky_bringup' for CMake config files
[0.174s] Level 1:colcon.colcon_core.shell:create_environment_hook('brainbox_husky_bringup', 'cmake_prefix_path')
[0.174s] INFO:colcon.colcon_core.shell:Creating environment hook '/home/robot/husky_master_jazzy/ws/install/brainbox_husky_bringup/share/brainbox_husky_bringup/hook/cmake_prefix_path.ps1'
[0.174s] INFO:colcon.colcon_core.shell:Creating environment descriptor '/home/robot/husky_master_jazzy/ws/install/brainbox_husky_bringup/share/brainbox_husky_bringup/hook/cmake_prefix_path.dsv'
[0.174s] INFO:colcon.colcon_core.shell:Creating environment hook '/home/robot/husky_master_jazzy/ws/install/brainbox_husky_bringup/share/brainbox_husky_bringup/hook/cmake_prefix_path.sh'
[0.175s] Level 1:colcon.colcon_core.environment:checking '/home/robot/husky_master_jazzy/ws/install/brainbox_husky_bringup/bin'
[0.175s] Level 1:colcon.colcon_core.environment:checking '/home/robot/husky_master_jazzy/ws/install/brainbox_husky_bringup/lib/pkgconfig/brainbox_husky_bringup.pc'
[0.175s] Level 1:colcon.colcon_core.environment:checking '/home/robot/husky_master_jazzy/ws/install/brainbox_husky_bringup/lib/python3.12/site-packages'
[0.175s] Level 1:colcon.colcon_core.environment:checking '/home/robot/husky_master_jazzy/ws/install/brainbox_husky_bringup/bin'
[0.175s] INFO:colcon.colcon_core.shell:Creating package script '/home/robot/husky_master_jazzy/ws/install/brainbox_husky_bringup/share/brainbox_husky_bringup/package.ps1'
[0.176s] INFO:colcon.colcon_core.shell:Creating package descriptor '/home/robot/husky_master_jazzy/ws/install/brainbox_husky_bringup/share/brainbox_husky_bringup/package.dsv'
[0.176s] INFO:colcon.colcon_core.shell:Creating package script '/home/robot/husky_master_jazzy/ws/install/brainbox_husky_bringup/share/brainbox_husky_bringup/package.sh'
[0.176s] INFO:colcon.colcon_core.shell:Creating package script '/home/robot/husky_master_jazzy/ws/install/brainbox_husky_bringup/share/brainbox_husky_bringup/package.bash'
[0.176s] INFO:colcon.colcon_core.shell:Creating package script '/home/robot/husky_master_jazzy/ws/install/brainbox_husky_bringup/share/brainbox_husky_bringup/package.zsh'
[0.176s] Level 1:colcon.colcon_core.environment:create_file_with_runtime_dependencies(/home/robot/husky_master_jazzy/ws/install/brainbox_husky_bringup/share/colcon-core/packages/brainbox_husky_bringup)
[0.177s] Level 1:colcon.colcon_core.environment:create_environment_scripts_only(brainbox_husky_bringup)
[0.177s] Level 1:colcon.colcon_core.environment:checking '/home/robot/husky_master_jazzy/ws/install/brainbox_husky_bringup' for CMake module files
[0.177s] Level 1:colcon.colcon_core.environment:checking '/home/robot/husky_master_jazzy/ws/install/brainbox_husky_bringup' for CMake config files
[0.177s] Level 1:colcon.colcon_core.shell:create_environment_hook('brainbox_husky_bringup', 'cmake_prefix_path')
[0.177s] INFO:colcon.colcon_core.shell:Creating environment hook '/home/robot/husky_master_jazzy/ws/install/brainbox_husky_bringup/share/brainbox_husky_bringup/hook/cmake_prefix_path.ps1'
[0.177s] INFO:colcon.colcon_core.shell:Creating environment descriptor '/home/robot/husky_master_jazzy/ws/install/brainbox_husky_bringup/share/brainbox_husky_bringup/hook/cmake_prefix_path.dsv'
[0.178s] INFO:colcon.colcon_core.shell:Creating environment hook '/home/robot/husky_master_jazzy/ws/install/brainbox_husky_bringup/share/brainbox_husky_bringup/hook/cmake_prefix_path.sh'
[0.178s] Level 1:colcon.colcon_core.environment:checking '/home/robot/husky_master_jazzy/ws/install/brainbox_husky_bringup/bin'
[0.178s] Level 1:colcon.colcon_core.environment:checking '/home/robot/husky_master_jazzy/ws/install/brainbox_husky_bringup/lib/pkgconfig/brainbox_husky_bringup.pc'
[0.178s] Level 1:colcon.colcon_core.environment:checking '/home/robot/husky_master_jazzy/ws/install/brainbox_husky_bringup/lib/python3.12/site-packages'
[0.178s] Level 1:colcon.colcon_core.environment:checking '/home/robot/husky_master_jazzy/ws/install/brainbox_husky_bringup/bin'
[0.178s] INFO:colcon.colcon_core.shell:Creating package script '/home/robot/husky_master_jazzy/ws/install/brainbox_husky_bringup/share/brainbox_husky_bringup/package.ps1'
[0.178s] INFO:colcon.colcon_core.shell:Creating package descriptor '/home/robot/husky_master_jazzy/ws/install/brainbox_husky_bringup/share/brainbox_husky_bringup/package.dsv'
[0.179s] INFO:colcon.colcon_core.shell:Creating package script '/home/robot/husky_master_jazzy/ws/install/brainbox_husky_bringup/share/brainbox_husky_bringup/package.sh'
[0.179s] INFO:colcon.colcon_core.shell:Creating package script '/home/robot/husky_master_jazzy/ws/install/brainbox_husky_bringup/share/brainbox_husky_bringup/package.bash'
[0.179s] INFO:colcon.colcon_core.shell:Creating package script '/home/robot/husky_master_jazzy/ws/install/brainbox_husky_bringup/share/brainbox_husky_bringup/package.zsh'
[0.179s] Level 1:colcon.colcon_core.environment:create_file_with_runtime_dependencies(/home/robot/husky_master_jazzy/ws/install/brainbox_husky_bringup/share/colcon-core/packages/brainbox_husky_bringup)
[3.722s] DEBUG:colcon.colcon_core.event_handler.log_command:Invoked command in '/home/robot/husky_master_jazzy/ws/build/path_planning' returned '2': CMAKE_PREFIX_PATH=${CMAKE_PREFIX_PATH}:/opt/ros/jazzy DEBUGINFOD_URLS=https://debuginfod.ubuntu.com /usr/bin/cmake --build /home/robot/husky_master_jazzy/ws/build/path_planning -- -j24 -l24
[3.722s] Level 1:colcon.colcon_core.environment:create_environment_scripts_only(path_planning)
[3.723s] Level 1:colcon.colcon_core.environment:checking '/home/robot/husky_master_jazzy/ws/install/path_planning' for CMake module files
[3.723s] Level 1:colcon.colcon_core.environment:checking '/home/robot/husky_master_jazzy/ws/install/path_planning' for CMake config files
[3.723s] Level 1:colcon.colcon_core.shell:create_environment_hook('path_planning', 'cmake_prefix_path')
[3.723s] INFO:colcon.colcon_core.shell:Creating environment hook '/home/robot/husky_master_jazzy/ws/install/path_planning/share/path_planning/hook/cmake_prefix_path.ps1'
[3.723s] INFO:colcon.colcon_core.shell:Creating environment descriptor '/home/robot/husky_master_jazzy/ws/install/path_planning/share/path_planning/hook/cmake_prefix_path.dsv'
[3.724s] INFO:colcon.colcon_core.shell:Creating environment hook '/home/robot/husky_master_jazzy/ws/install/path_planning/share/path_planning/hook/cmake_prefix_path.sh'
[3.724s] Level 1:colcon.colcon_core.environment:checking '/home/robot/husky_master_jazzy/ws/install/path_planning/lib'
[3.724s] Level 1:colcon.colcon_core.environment:checking '/home/robot/husky_master_jazzy/ws/install/path_planning/bin'
[3.724s] Level 1:colcon.colcon_core.environment:checking '/home/robot/husky_master_jazzy/ws/install/path_planning/lib/pkgconfig/path_planning.pc'
[3.724s] Level 1:colcon.colcon_core.environment:checking '/home/robot/husky_master_jazzy/ws/install/path_planning/lib/python3.12/site-packages'
[3.724s] Level 1:colcon.colcon_core.environment:checking '/home/robot/husky_master_jazzy/ws/install/path_planning/bin'
[3.724s] INFO:colcon.colcon_core.shell:Creating package script '/home/robot/husky_master_jazzy/ws/install/path_planning/share/path_planning/package.ps1'
[3.724s] INFO:colcon.colcon_core.shell:Creating package descriptor '/home/robot/husky_master_jazzy/ws/install/path_planning/share/path_planning/package.dsv'
[3.725s] INFO:colcon.colcon_core.shell:Creating package script '/home/robot/husky_master_jazzy/ws/install/path_planning/share/path_planning/package.sh'
[3.725s] INFO:colcon.colcon_core.shell:Creating package script '/home/robot/husky_master_jazzy/ws/install/path_planning/share/path_planning/package.bash'
[3.725s] INFO:colcon.colcon_core.shell:Creating package script '/home/robot/husky_master_jazzy/ws/install/path_planning/share/path_planning/package.zsh'
[3.725s] Level 1:colcon.colcon_core.environment:create_file_with_runtime_dependencies(/home/robot/husky_master_jazzy/ws/install/path_planning/share/colcon-core/packages/path_planning)
[3.725s] DEBUG:colcon.colcon_parallel_executor.executor.parallel:closing loop
[3.726s] DEBUG:colcon.colcon_parallel_executor.executor.parallel:loop closed
[3.726s] DEBUG:colcon.colcon_parallel_executor.executor.parallel:run_until_complete finished with '2'
[3.726s] DEBUG:colcon.colcon_core.event_reactor:joining thread
[3.730s] INFO:colcon.colcon_core.plugin_system:Skipping extension 'colcon_notification.desktop_notification.terminal_notifier': Not used on non-Darwin systems
[3.730s] INFO:colcon.colcon_core.plugin_system:Skipping extension 'colcon_notification.desktop_notification.win32': Not used on non-Windows systems
[3.730s] INFO:colcon.colcon_notification.desktop_notification:Sending desktop notification using 'notify2'
[3.747s] DEBUG:colcon.colcon_core.event_reactor:joined thread
[3.747s] INFO:colcon.colcon_core.shell:Creating prefix script '/home/robot/husky_master_jazzy/ws/install/local_setup.ps1'
[3.747s] INFO:colcon.colcon_core.shell:Creating prefix util module '/home/robot/husky_master_jazzy/ws/install/_local_setup_util_ps1.py'
[3.748s] INFO:colcon.colcon_core.shell:Creating prefix chain script '/home/robot/husky_master_jazzy/ws/install/setup.ps1'
[3.748s] INFO:colcon.colcon_core.shell:Creating prefix script '/home/robot/husky_master_jazzy/ws/install/local_setup.sh'
[3.749s] INFO:colcon.colcon_core.shell:Creating prefix util module '/home/robot/husky_master_jazzy/ws/install/_local_setup_util_sh.py'
[3.749s] INFO:colcon.colcon_core.shell:Creating prefix chain script '/home/robot/husky_master_jazzy/ws/install/setup.sh'
[3.749s] INFO:colcon.colcon_core.shell:Creating prefix script '/home/robot/husky_master_jazzy/ws/install/local_setup.bash'
[3.750s] INFO:colcon.colcon_core.shell:Creating prefix chain script '/home/robot/husky_master_jazzy/ws/install/setup.bash'
[3.750s] INFO:colcon.colcon_core.shell:Creating prefix script '/home/robot/husky_master_jazzy/ws/install/local_setup.zsh'
[3.750s] INFO:colcon.colcon_core.shell:Creating prefix chain script '/home/robot/husky_master_jazzy/ws/install/setup.zsh'
