[0.012s] Invoking command in '/home/mrsl-perch/husky-master-jazzy/ws/build/direct_lidar_inertial_odometry': DEBUGINFOD_URLS=https://debuginfod.ubuntu.com /usr/bin/cmake /home/mrsl-perch/husky-master-jazzy/ws/src/DLIO -DCATKIN_INSTALL_INTO_PREFIX_ROOT=0 -DCATKIN_SYMLINK_INSTALL=ON -DCMAKE_INSTALL_PREFIX=/home/mrsl-perch/husky-master-jazzy/ws/install/direct_lidar_inertial_odometry
[0.034s] [33mCMake Warning (dev) at /usr/lib/x86_64-linux-gnu/cmake/pcl/Modules/FindFLANN.cmake:45 (find_package):
[0.034s]   Policy CMP0144 is not set: find_package uses upper-case <PACKAGENAME>_ROOT
[0.034s]   variables.  Run "cmake --help-policy CMP0144" for policy details.  Use the
[0.034s]   cmake_policy command to set the policy and suppress this warning.
[0.034s] 
[0.034s]   CMake variable FLANN_ROOT is set to:
[0.034s] 
[0.034s]     /usr
[0.034s] 
[0.034s]   For compatibility, find_package is ignoring the variable, but code in a
[0.034s]   .cmake module might still use it.
[0.035s] Call Stack (most recent call first):
[0.035s]   /usr/lib/x86_64-linux-gnu/cmake/pcl/PCLConfig.cmake:261 (find_package)
[0.035s]   /usr/lib/x86_64-linux-gnu/cmake/pcl/PCLConfig.cmake:306 (find_flann)
[0.035s]   /usr/lib/x86_64-linux-gnu/cmake/pcl/PCLConfig.cmake:570 (find_external_library)
[0.035s]   CMakeLists.txt:19 (find_package)
[0.035s] This warning is for project developers.  Use -Wno-dev to suppress it.
[0.035s] [0m
[0.035s] -- Found flann version 1.9.2
[0.036s] -- Found OpenMP: TRUE (found version "4.5") found components: CXX 
[0.325s] -- OpenNI found (version: 1.5.4.0, include: /usr/include/ni, lib: /usr/lib/libOpenNI.so;libusb::libusb)
[0.329s] -- OpenNI2 found (version: 2.2.0.33, include: /usr/include/openni2, lib: /usr/lib/x86_64-linux-gnu/libOpenNI2.so;libusb::libusb)
[0.331s] -- Could NOT find Pcap (missing: PCAP_LIBRARIES PCAP_INCLUDE_DIRS) 
[0.331s] [0m** WARNING ** io features related to pcap will be disabled[0m
[0.621s] -- OpenNI found (version: 1.5.4.0, include: /usr/include/ni, lib: /usr/lib/libOpenNI.so;libusb::libusb)
[0.625s] -- OpenNI2 found (version: 2.2.0.33, include: /usr/include/openni2, lib: /usr/lib/x86_64-linux-gnu/libOpenNI2.so;libusb::libusb)
[0.878s] -- Found Qhull version 8.0.2
[1.145s] -- OpenNI found (version: 1.5.4.0, include: /usr/include/ni, lib: /usr/lib/libOpenNI.so;libusb::libusb)
[1.401s] -- looking for PCL_COMMON
[1.401s] -- looking for PCL_KDTREE
[1.401s] -- looking for PCL_OCTREE
[1.401s] -- looking for PCL_SEARCH
[1.402s] -- looking for PCL_SAMPLE_CONSENSUS
[1.402s] -- looking for PCL_FILTERS
[1.402s] -- looking for PCL_2D
[1.402s] -- looking for PCL_GEOMETRY
[1.402s] -- looking for PCL_IO
[1.403s] -- looking for PCL_FEATURES
[1.403s] -- looking for PCL_ML
[1.403s] -- looking for PCL_SEGMENTATION
[1.404s] -- looking for PCL_VISUALIZATION
[1.404s] -- looking for PCL_SURFACE
[1.404s] -- looking for PCL_REGISTRATION
[1.404s] -- looking for PCL_KEYPOINTS
[1.405s] -- looking for PCL_TRACKING
[1.405s] -- looking for PCL_RECOGNITION
[1.405s] -- looking for PCL_STEREO
[1.405s] -- looking for PCL_APPS
[1.406s] -- looking for PCL_IN_HAND_SCANNER
[1.406s] -- looking for PCL_MODELER
[1.406s] -- looking for PCL_POINT_CLOUD_EDITOR
[1.407s] -- looking for PCL_OUTOFCORE
[1.407s] -- looking for PCL_PEOPLE
[1.409s] -- Found OpenMP: TRUE (found version "4.5")  
[1.417s] -- Configuring incomplete, errors occurred!
[1.417s] [31mCMake Error at CMakeLists.txt:40 (find_package):
[1.417s]   By not providing "Findcatkin.cmake" in CMAKE_MODULE_PATH this project has
[1.417s]   asked CMake to find a package configuration file provided by "catkin", but
[1.417s]   CMake did not find one.
[1.417s] 
[1.417s]   Could not find a package configuration file provided by "catkin" with any
[1.417s]   of the following names:
[1.418s] 
[1.418s]     catkinConfig.cmake
[1.418s]     catkin-config.cmake
[1.418s] 
[1.418s]   Add the installation prefix of "catkin" to CMAKE_PREFIX_PATH or set
[1.418s]   "catkin_DIR" to a directory containing one of the above files.  If "catkin"
[1.418s]   provides a separate development package or SDK, be sure it has been
[1.418s]   installed.
[1.418s] 
[1.418s] [0m
