1755185406.1386449 [INFO] [launch]: All log files can be found below /home/dcist/.ros/log/2025-08-14-15-30-06-138067-dcist-12779
1755185406.1387219 [INFO] [launch]: Default logging verbosity is set to INFO
1755185406.2788832 [INFO] [ublox_gps_node-1]: process started with pid [12795]
1755185406.2789690 [INFO] [rviz2-2]: process started with pid [12796]
1755185406.2790048 [INFO] [os_driver-3]: process started with pid [12797]
1755185406.2790303 [INFO] [pointcloud_to_laserscan_node-4]: process started with pid [12798]
1755185406.3206773 [rviz2-2] QStandardPaths: XDG_RUNTIME_DIR not set, defaulting to '/tmp/runtime-dcist'
1755185406.6915157 [rviz2-2] [INFO] [1755185406.691420497] [rviz2]: Stereo is NOT SUPPORTED
1755185406.6916482 [rviz2-2] [INFO] [1755185406.691483206] [rviz2]: OpenGl version: 4.6 (GLSL 4.6)
1755185406.7428803 [rviz2-2] [INFO] [1755185406.742633124] [rviz2]: Stereo is NOT SUPPORTED
1755185406.7884114 [rviz2-2] [INFO] [1755185406.788243961] [ouster.rviz2]: Subscribing to: /ouster/points
1755185406.7885022 [rviz2-2] 
1755185406.7886462 [rviz2-2] [INFO] [1755185406.788556980] [ouster.rviz2]: Subscribing to: /ouster/points
1755185406.7886848 [rviz2-2] 
1755185406.7976687 [rviz2-2] [INFO] [1755185406.797576611] [ouster.rviz2]: Subscribing to: /ouster/points
1755185406.7977300 [rviz2-2] 
1755185406.8162684 [rviz2-2] [INFO] [1755185406.816118712] [rviz2]: Stereo is NOT SUPPORTED
1755185427.1048658 [INFO] [launch.user]: os_driver activating...
1755185445.0139472 [WARNING] [launch]: user interrupted with ctrl-c (SIGINT)
1755185445.1259358 [rviz2-2] [INFO] [1755185445.013779193] [rclcpp]: signal_handler(signum=2)
1755185445.1260347 [INFO] [pointcloud_to_laserscan_node-4]: process has finished cleanly [pid 12798]
1755185445.1293294 [INFO] [ublox_gps_node-1]: process has finished cleanly [pid 12795]
1755185445.2647169 [INFO] [rviz2-2]: process has finished cleanly [pid 12796]
1755185446.1570916 [ERROR] [os_driver-3]: process has died [pid 12797, exit code -6, cmd '/home/dcist/dcist_ws/install/ouster_ros/lib/ouster_ros/os_driver --ros-args -r __node:=os_driver -r __ns:=/ouster --params-file /home/dcist/dcist_ws/install/brainbox_husky_bringup/share/brainbox_husky_bringup/config/ouster_driver_params.yaml'].
