[0.006s] Invoking command in '/home/robot/husky_master_jazzy/build/brainbox_husky_bringup': CMAKE_PREFIX_PATH=${CMAKE_PREFIX_PATH}:/opt/ros/jazzy DEBUGINFOD_URLS=https://debuginfod.ubuntu.com /usr/bin/cmake /home/robot/husky_master_jazzy/ws/src/brainbox_husky_bringup -DCMAKE_INSTALL_PREFIX=/home/robot/husky_master_jazzy/install/brainbox_husky_bringup
[0.042s] -- The C compiler identification is GNU 13.3.0
[0.076s] -- The CXX compiler identification is GNU 13.3.0
[0.087s] -- Detecting C compiler ABI info
[0.142s] -- Detecting C compiler ABI info - done
[0.146s] -- Check for working C compiler: /usr/bin/cc - skipped
[0.147s] -- Detecting C compile features
[0.147s] -- Detecting C compile features - done
[0.153s] -- Detecting CXX compiler ABI info
[0.212s] -- Detecting CXX compiler ABI info - done
[0.218s] -- Check for working CXX compiler: /usr/bin/c++ - skipped
[0.218s] -- Detecting CXX compile features
[0.218s] -- Detecting CXX compile features - done
[0.220s] -- Found ament_cmake: 2.5.4 (/opt/ros/jazzy/share/ament_cmake/cmake)
[0.304s] -- Found Python3: /usr/bin/python3 (found version "3.12.3") found components: Interpreter 
[0.369s] -- Found rclcpp: 28.1.10 (/opt/ros/jazzy/share/rclcpp/cmake)
[0.397s] -- Found rosidl_generator_c: 4.6.5 (/opt/ros/jazzy/share/rosidl_generator_c/cmake)
[0.405s] -- Found rosidl_generator_cpp: 4.6.5 (/opt/ros/jazzy/share/rosidl_generator_cpp/cmake)
[0.415s] -- Using all available rosidl_typesupport_c: rosidl_typesupport_fastrtps_c;rosidl_typesupport_introspection_c
[0.426s] -- Using all available rosidl_typesupport_cpp: rosidl_typesupport_fastrtps_cpp;rosidl_typesupport_introspection_cpp
[0.473s] -- Found rmw_implementation_cmake: 7.3.2 (/opt/ros/jazzy/share/rmw_implementation_cmake/cmake)
[0.475s] -- Found rmw_fastrtps_cpp: 8.4.2 (/opt/ros/jazzy/share/rmw_fastrtps_cpp/cmake)
[0.530s] -- Found OpenSSL: /usr/lib/x86_64-linux-gnu/libcrypto.so (found version "3.0.13")  
[0.543s] -- Found FastRTPS: /opt/ros/jazzy/include (Required is at least version "2.13") 
[0.557s] -- Using RMW implementation 'rmw_fastrtps_cpp' as default
[0.603s] -- Found std_msgs: 5.3.6 (/opt/ros/jazzy/share/std_msgs/cmake)
[0.612s] -- Found ament_lint_auto: 0.17.2 (/opt/ros/jazzy/share/ament_lint_auto/cmake)
[0.672s] -- Added test 'flake8' to check Python code syntax and style conventions
[0.672s] -- Configured 'flake8' exclude dirs and/or files: 
[0.672s] -- Added test 'lint_cmake' to check CMake code style
[0.672s] -- Added test 'pep257' to check Python code against some of the docstring style conventions in PEP 257
[0.673s] -- Added test 'xmllint' to check XML markup files
[0.674s] -- Configuring done (0.7s)
[0.677s] -- Generating done (0.0s)
[0.678s] -- Build files have been written to: /home/robot/husky_master_jazzy/build/brainbox_husky_bringup
[0.685s] Invoked command in '/home/robot/husky_master_jazzy/build/brainbox_husky_bringup' returned '0': CMAKE_PREFIX_PATH=${CMAKE_PREFIX_PATH}:/opt/ros/jazzy DEBUGINFOD_URLS=https://debuginfod.ubuntu.com /usr/bin/cmake /home/robot/husky_master_jazzy/ws/src/brainbox_husky_bringup -DCMAKE_INSTALL_PREFIX=/home/robot/husky_master_jazzy/install/brainbox_husky_bringup
[0.686s] Invoking command in '/home/robot/husky_master_jazzy/build/brainbox_husky_bringup': CMAKE_PREFIX_PATH=${CMAKE_PREFIX_PATH}:/opt/ros/jazzy DEBUGINFOD_URLS=https://debuginfod.ubuntu.com /usr/bin/cmake --build /home/robot/husky_master_jazzy/build/brainbox_husky_bringup -- -j24 -l24
[0.714s] Invoked command in '/home/robot/husky_master_jazzy/build/brainbox_husky_bringup' returned '0': CMAKE_PREFIX_PATH=${CMAKE_PREFIX_PATH}:/opt/ros/jazzy DEBUGINFOD_URLS=https://debuginfod.ubuntu.com /usr/bin/cmake --build /home/robot/husky_master_jazzy/build/brainbox_husky_bringup -- -j24 -l24
[0.720s] Invoking command in '/home/robot/husky_master_jazzy/build/brainbox_husky_bringup': CMAKE_PREFIX_PATH=${CMAKE_PREFIX_PATH}:/opt/ros/jazzy DEBUGINFOD_URLS=https://debuginfod.ubuntu.com /usr/bin/cmake --install /home/robot/husky_master_jazzy/build/brainbox_husky_bringup
[0.725s] -- Install configuration: ""
[0.725s] -- Installing: /home/robot/husky_master_jazzy/install/brainbox_husky_bringup/share/brainbox_husky_bringup/launch
[0.725s] -- Installing: /home/robot/husky_master_jazzy/install/brainbox_husky_bringup/share/brainbox_husky_bringup/launch/brainbox_husky_bringup.launch.py
[0.725s] -- Installing: /home/robot/husky_master_jazzy/install/brainbox_husky_bringup/share/brainbox_husky_bringup/launch/ouster.launch.py
[0.725s] -- Installing: /home/robot/husky_master_jazzy/install/brainbox_husky_bringup/share/brainbox_husky_bringup/launch/relay_topics.launch.py
[0.725s] -- Installing: /home/robot/husky_master_jazzy/install/brainbox_husky_bringup/share/brainbox_husky_bringup/config
[0.726s] -- Installing: /home/robot/husky_master_jazzy/install/brainbox_husky_bringup/share/brainbox_husky_bringup/config/vn100.yaml
[0.726s] -- Installing: /home/robot/husky_master_jazzy/install/brainbox_husky_bringup/share/brainbox_husky_bringup/config/ublox.yaml
[0.726s] -- Installing: /home/robot/husky_master_jazzy/install/brainbox_husky_bringup/share/brainbox_husky_bringup/config/ouster_driver_params.yaml
[0.726s] -- Installing: /home/robot/husky_master_jazzy/install/brainbox_husky_bringup/share/ament_index/resource_index/package_run_dependencies/brainbox_husky_bringup
[0.726s] -- Installing: /home/robot/husky_master_jazzy/install/brainbox_husky_bringup/share/ament_index/resource_index/parent_prefix_path/brainbox_husky_bringup
[0.726s] -- Installing: /home/robot/husky_master_jazzy/install/brainbox_husky_bringup/share/brainbox_husky_bringup/environment/ament_prefix_path.sh
[0.726s] -- Installing: /home/robot/husky_master_jazzy/install/brainbox_husky_bringup/share/brainbox_husky_bringup/environment/ament_prefix_path.dsv
[0.726s] -- Installing: /home/robot/husky_master_jazzy/install/brainbox_husky_bringup/share/brainbox_husky_bringup/environment/path.sh
[0.726s] -- Installing: /home/robot/husky_master_jazzy/install/brainbox_husky_bringup/share/brainbox_husky_bringup/environment/path.dsv
[0.726s] -- Installing: /home/robot/husky_master_jazzy/install/brainbox_husky_bringup/share/brainbox_husky_bringup/local_setup.bash
[0.727s] -- Installing: /home/robot/husky_master_jazzy/install/brainbox_husky_bringup/share/brainbox_husky_bringup/local_setup.sh
[0.727s] -- Installing: /home/robot/husky_master_jazzy/install/brainbox_husky_bringup/share/brainbox_husky_bringup/local_setup.zsh
[0.727s] -- Installing: /home/robot/husky_master_jazzy/install/brainbox_husky_bringup/share/brainbox_husky_bringup/local_setup.dsv
[0.727s] -- Installing: /home/robot/husky_master_jazzy/install/brainbox_husky_bringup/share/brainbox_husky_bringup/package.dsv
[0.727s] -- Installing: /home/robot/husky_master_jazzy/install/brainbox_husky_bringup/share/ament_index/resource_index/packages/brainbox_husky_bringup
[0.727s] -- Installing: /home/robot/husky_master_jazzy/install/brainbox_husky_bringup/share/brainbox_husky_bringup/cmake/brainbox_husky_bringupConfig.cmake
[0.727s] -- Installing: /home/robot/husky_master_jazzy/install/brainbox_husky_bringup/share/brainbox_husky_bringup/cmake/brainbox_husky_bringupConfig-version.cmake
[0.727s] -- Installing: /home/robot/husky_master_jazzy/install/brainbox_husky_bringup/share/brainbox_husky_bringup/package.xml
[0.728s] Invoked command in '/home/robot/husky_master_jazzy/build/brainbox_husky_bringup' returned '0': CMAKE_PREFIX_PATH=${CMAKE_PREFIX_PATH}:/opt/ros/jazzy DEBUGINFOD_URLS=https://debuginfod.ubuntu.com /usr/bin/cmake --install /home/robot/husky_master_jazzy/build/brainbox_husky_bringup
