1754074280.1874993 [INFO] [launch]: All log files can be found below /home/dcist/.ros/log/2025-08-01-14-51-20-186964-dcist-457
1754074280.1875780 [INFO] [launch]: Default logging verbosity is set to INFO
1754074280.3428931 [INFO] [robot_state_publisher-1]: process started with pid [461]
1754074280.3431408 [INFO] [ros2_control_node-2]: process started with pid [462]
1754074280.3432262 [INFO] [spawner-3]: process started with pid [463]
1754074280.3432841 [INFO] [spawner-4]: process started with pid [464]
1754074280.3433409 [INFO] [ekf_node-5]: process started with pid [465]
1754074280.3433940 [INFO] [marker_server-6]: process started with pid [466]
1754074280.3434420 [INFO] [twist_mux-7]: process started with pid [467]
1754074280.3434885 [INFO] [joy_linux_node-8]: process started with pid [468]
1754074280.3435342 [INFO] [teleop_node-9]: process started with pid [469]
1754074280.3435752 [INFO] [aggregator_node-10]: process started with pid [470]
1754074280.3436160 [INFO] [clearpath_diagnostic_updater-11]: process started with pid [471]
1754074280.3436582 [INFO] [foxglove_bridge-12]: process started with pid [472]
1754074280.3437002 [INFO] [battery_state_control-13]: process started with pid [473]
1754074280.3437431 [INFO] [battery_state_estimator-14]: process started with pid [474]
1754074280.3437839 [INFO] [wireless_watcher-15]: process started with pid [475]
1754074280.4120502 [robot_state_publisher-1] [INFO] [1754074280.410906215] [a200_0000.robot_state_publisher]: Robot initialized
1754074280.8479612 [ERROR] [battery_state_estimator-14]: process has died [pid 474, exit code 1, cmd '/opt/ros/jazzy/lib/clearpath_hardware_interfaces/battery_state_estimator -s /etc/clearpath --ros-args -r __node:=battery_state_estimator -r __ns:=/a200_0000'].
1754074280.8573732 [ERROR] [battery_state_control-13]: process has died [pid 473, exit code 1, cmd '/opt/ros/jazzy/lib/clearpath_hardware_interfaces/battery_state_control -s /etc/clearpath --ros-args -r __node:=battery_state_control -r __ns:=/a200_0000'].
1754074340.9291682 [ERROR] [spawner-4]: process has died [pid 464, exit code 1, cmd '/opt/ros/jazzy/lib/controller_manager/spawner --controller-manager-timeout 60 platform_velocity_controller --ros-args -r __ns:=/a200_0000'].
1754074401.0751665 [ERROR] [spawner-3]: process has died [pid 463, exit code 1, cmd '/opt/ros/jazzy/lib/controller_manager/spawner --controller-manager-timeout 60 joint_state_broadcaster --ros-args -r __ns:=/a200_0000'].
1754074668.9465945 [WARNING] [launch]: user interrupted with ctrl-c (SIGINT)
1754074668.9670556 [robot_state_publisher-1] [INFO] [1754074668.946243184] [rclcpp]: signal_handler(signum=2)
1754074669.1022341 [INFO] [aggregator_node-10]: process has finished cleanly [pid 470]
1754074669.1026280 [INFO] [joy_linux_node-8]: process has finished cleanly [pid 468]
1754074669.1032519 [INFO] [teleop_node-9]: process has finished cleanly [pid 469]
1754074669.1062162 [INFO] [robot_state_publisher-1]: process has finished cleanly [pid 461]
1754074669.1072960 [INFO] [wireless_watcher-15]: process has finished cleanly [pid 475]
1754074669.1078560 [INFO] [marker_server-6]: process has finished cleanly [pid 466]
1754074669.1082330 [INFO] [twist_mux-7]: process has finished cleanly [pid 467]
1754074669.1089797 [INFO] [clearpath_diagnostic_updater-11]: process has finished cleanly [pid 471]
1754074669.1100602 [INFO] [foxglove_bridge-12]: process has finished cleanly [pid 472]
1754074669.1123042 [INFO] [ekf_node-5]: process has finished cleanly [pid 465]
1754074669.1197002 [INFO] [ros2_control_node-2]: process has finished cleanly [pid 462]
