[0.007s] Invoking command in '/home/mrsl-perch/husky-master-jazzy/ws/build/ouster_ros': DEBUGINFOD_URLS=https://debuginfod.ubuntu.com /usr/bin/cmake /home/mrsl-perch/husky-master-jazzy/ws/src/ouster-ros -DCATKIN_INSTALL_INTO_PREFIX_ROOT=0 -DCATKIN_SYMLINK_INSTALL=ON -DCMAKE_INSTALL_PREFIX=/home/mrsl-perch/husky-master-jazzy/ws/install/ouster_ros
[0.028s] [31mCMake Error at CMakeLists.txt:4 (include):
[0.028s]   include could not find requested file:
[0.028s] 
[0.028s]     DefaultBuildType
[0.028s] 
[0.028s] [0m
[0.110s] -- The C compiler identification is GNU 13.3.0
[0.182s] -- The CXX compiler identification is GNU 13.3.0
[0.195s] -- Detecting C compiler ABI info
[0.257s] -- Detecting C compiler ABI info - done
[0.269s] -- Check for working C compiler: /usr/bin/cc - skipped
[0.269s] -- Detecting C compile features
[0.269s] -- Detecting C compile features - done
[0.277s] -- Detecting CXX compiler ABI info
[0.341s] -- Detecting CXX compiler ABI info - done
[0.347s] -- Check for working CXX compiler: /usr/bin/c++ - skipped
[0.347s] -- Detecting CXX compile features
[0.347s] -- Detecting CXX compile features - done
[0.382s] -- Found Boost: /usr/lib/x86_64-linux-gnu/cmake/Boost-1.83.0/BoostConfig.cmake (found suitable version "1.83.0", minimum required is "1.65.0") found components: system filesystem iostreams serialization 
[0.384s] -- looking for PCL_COMMON
[0.386s] -- Found PCL_COMMON: /usr/lib/x86_64-linux-gnu/libpcl_common.so  
[0.387s] -- Found PCL: pcl_common;Boost::system;Boost::filesystem;Boost::iostreams;Boost::serialization  
[0.389s] -- Found tf2_eigen: 0.36.12 (/opt/ros/jazzy/share/tf2_eigen/cmake)
[0.486s] -- Found Python3: /usr/bin/python3 (found version "3.12.3") found components: Interpreter 
[0.622s] -- Found rosidl_generator_c: 4.6.5 (/opt/ros/jazzy/share/rosidl_generator_c/cmake)
[0.633s] -- Found rosidl_generator_cpp: 4.6.5 (/opt/ros/jazzy/share/rosidl_generator_cpp/cmake)
[0.648s] -- Using all available rosidl_typesupport_c: rosidl_typesupport_fastrtps_c;rosidl_typesupport_introspection_c
[0.664s] -- Using all available rosidl_typesupport_cpp: rosidl_typesupport_fastrtps_cpp;rosidl_typesupport_introspection_cpp
[0.799s] -- Found rmw_implementation_cmake: 7.3.2 (/opt/ros/jazzy/share/rmw_implementation_cmake/cmake)
[0.802s] -- Found rmw_fastrtps_cpp: 8.4.2 (/opt/ros/jazzy/share/rmw_fastrtps_cpp/cmake)
[0.862s] -- Found OpenSSL: /usr/lib/x86_64-linux-gnu/libcrypto.so (found version "3.0.13")  
[0.877s] -- Found FastRTPS: /opt/ros/jazzy/include (Required is at least version "2.13") 
[0.891s] -- Using RMW implementation 'rmw_fastrtps_cpp' as default
[1.063s] -- Found CURL: /usr/lib/x86_64-linux-gnu/libcurl.so (found version "8.5.0")  
[1.066s] -- Found Boost: /usr/lib/x86_64-linux-gnu/cmake/Boost-1.83.0/BoostConfig.cmake (found version "1.83.0")  
[1.073s] [31mCMake Error at CMakeLists.txt:16 (find_package):
[1.073s]   By not providing "Findcatkin.cmake" in CMAKE_MODULE_PATH this project has
[1.073s]   asked CMake to find a package configuration file provided by "catkin", but
[1.073s]   CMake did not find one.
[1.073s] 
[1.073s]   Could not find a package configuration file provided by "catkin" with any
[1.073s]   of the following names:
[1.073s] 
[1.073s]     catkinConfig.cmake
[1.074s]     catkin-config.cmake
[1.074s] 
[1.074s]   Add the installation prefix of "catkin" to CMAKE_PREFIX_PATH or set
[1.074s]   "catkin_DIR" to a directory containing one of the above files.  If "catkin"
[1.074s]   provides a separate development package or SDK, be sure it has been
[1.074s]   installed.
[1.074s] 
[1.074s] [0m
[1.074s] -- Configuring incomplete, errors occurred!
