1754074676.4552732 [INFO] [launch]: All log files can be found below /home/dcist/.ros/log/2025-08-01-14-57-56-454380-dcist-1584
1754074676.4554224 [INFO] [launch]: Default logging verbosity is set to INFO
1754074676.7604313 [INFO] [robot_state_publisher-1]: process started with pid [1588]
1754074676.7606869 [INFO] [ros2_control_node-2]: process started with pid [1589]
1754074676.7607992 [INFO] [spawner-3]: process started with pid [1590]
1754074676.7608855 [INFO] [spawner-4]: process started with pid [1591]
1754074676.7609618 [INFO] [ekf_node-5]: process started with pid [1592]
1754074676.7610331 [INFO] [marker_server-6]: process started with pid [1593]
1754074676.7611046 [INFO] [twist_mux-7]: process started with pid [1594]
1754074676.7611845 [INFO] [joy_linux_node-8]: process started with pid [1595]
1754074676.7612519 [INFO] [teleop_node-9]: process started with pid [1596]
1754074676.7613151 [INFO] [aggregator_node-10]: process started with pid [1597]
1754074676.7613745 [INFO] [clearpath_diagnostic_updater-11]: process started with pid [1598]
1754074676.7614324 [INFO] [foxglove_bridge-12]: process started with pid [1599]
1754074676.7614913 [INFO] [battery_state_control-13]: process started with pid [1600]
1754074676.7615454 [INFO] [battery_state_estimator-14]: process started with pid [1601]
1754074676.7616065 [INFO] [wireless_watcher-15]: process started with pid [1602]
1754074676.8383989 [robot_state_publisher-1] [INFO] [1754074676.836875096] [a200_0000.robot_state_publisher]: Robot initialized
1754074677.3671939 [ERROR] [battery_state_estimator-14]: process has died [pid 1601, exit code 1, cmd '/opt/ros/jazzy/lib/clearpath_hardware_interfaces/battery_state_estimator -s /etc/clearpath --ros-args -r __node:=battery_state_estimator -r __ns:=/a200_0000'].
1754074677.3682194 [ERROR] [battery_state_control-13]: process has died [pid 1600, exit code 1, cmd '/opt/ros/jazzy/lib/clearpath_hardware_interfaces/battery_state_control -s /etc/clearpath --ros-args -r __node:=battery_state_control -r __ns:=/a200_0000'].
1754074686.5890262 [WARNING] [launch]: user interrupted with ctrl-c (SIGINT)
1754074686.6117749 [robot_state_publisher-1] [INFO] [1754074686.588357683] [rclcpp]: signal_handler(signum=2)
1754074686.7142956 [ERROR] [spawner-3]: process has died [pid 1590, exit code 1, cmd '/opt/ros/jazzy/lib/controller_manager/spawner --controller-manager-timeout 60 joint_state_broadcaster --ros-args -r __ns:=/a200_0000'].
1754074686.7500844 [INFO] [teleop_node-9]: process has finished cleanly [pid 1596]
1754074686.7530682 [INFO] [wireless_watcher-15]: process has finished cleanly [pid 1602]
1754074686.7538898 [INFO] [aggregator_node-10]: process has finished cleanly [pid 1597]
1754074686.7579494 [INFO] [clearpath_diagnostic_updater-11]: process has finished cleanly [pid 1598]
1754074686.7583046 [INFO] [joy_linux_node-8]: process has finished cleanly [pid 1595]
1754074686.7613761 [INFO] [twist_mux-7]: process has finished cleanly [pid 1594]
1754074686.7616997 [INFO] [marker_server-6]: process has finished cleanly [pid 1593]
1754074686.7624340 [INFO] [robot_state_publisher-1]: process has finished cleanly [pid 1588]
1754074686.7627943 [INFO] [foxglove_bridge-12]: process has finished cleanly [pid 1599]
1754074686.7644463 [INFO] [ekf_node-5]: process has finished cleanly [pid 1592]
1754074686.7716205 [INFO] [ros2_control_node-2]: process has finished cleanly [pid 1589]
1754074686.8373117 [INFO] [spawner-4]: process has finished cleanly [pid 1591]
