1755035619.5644920 [INFO] [launch]: All log files can be found below /home/dcist/.ros/log/2025-08-12-21-53-39-563956-dcist-5659
1755035619.5645688 [INFO] [launch]: Default logging verbosity is set to INFO
1755035619.7059753 [INFO] [rviz2-1]: process started with pid [5675]
1755035619.7060716 [INFO] [os_driver-2]: process started with pid [5676]
1755035619.7061152 [INFO] [pointcloud_to_laserscan_node-3]: process started with pid [5677]
1755035619.7799788 [rviz2-1] QStandardPaths: XDG_RUNTIME_DIR not set, defaulting to '/tmp/runtime-dcist'
1755035620.1697278 [rviz2-1] [INFO] [1755035620.169530312] [rviz2]: Stereo is NOT SUPPORTED
1755035620.1699171 [rviz2-1] [INFO] [1755035620.169589782] [rviz2]: OpenGl version: 4.6 (GLSL 4.6)
1755035620.2235909 [rviz2-1] [INFO] [1755035620.223441266] [rviz2]: Stereo is NOT SUPPORTED
1755035620.2620077 [rviz2-1] [INFO] [1755035620.261839353] [ouster.rviz2]: Subscribing to: /ouster/points
1755035620.2621014 [rviz2-1] 
1755035620.2625644 [rviz2-1] [INFO] [1755035620.262501139] [ouster.rviz2]: Subscribing to: /ouster/points
1755035620.2626040 [rviz2-1] 
1755035620.2766333 [rviz2-1] [INFO] [1755035620.276510955] [ouster.rviz2]: Subscribing to: /ouster/points
1755035620.2767165 [rviz2-1] 
1755035620.3203678 [rviz2-1] [INFO] [1755035620.320064174] [rviz2]: Stereo is NOT SUPPORTED
1755035640.7586224 [INFO] [launch.user]: os_driver activating...
1755035733.8724518 [rviz2-1] [INFO] [1755035733.872234929] [ouster.rviz2]: Message Filter dropping message: frame 'os_lidar' at time 1755035732.769 for reason 'discarding message because the queue is full'
1755035734.0011630 [rviz2-1] [INFO] [1755035734.000919366] [ouster.rviz2]: Message Filter dropping message: frame 'os_lidar' at time 1755035732.869 for reason 'discarding message because the queue is full'
1755035734.0966604 [rviz2-1] [INFO] [1755035734.096411334] [ouster.rviz2]: Message Filter dropping message: frame 'os_lidar' at time 1755035732.969 for reason 'discarding message because the queue is full'
1755035734.1925392 [rviz2-1] [INFO] [1755035734.192369879] [ouster.rviz2]: Message Filter dropping message: frame 'os_lidar' at time 1755035733.069 for reason 'discarding message because the queue is full'
1755035734.2886529 [rviz2-1] [INFO] [1755035734.288475304] [ouster.rviz2]: Message Filter dropping message: frame 'os_lidar' at time 1755035733.169 for reason 'discarding message because the queue is full'
1755035734.3846593 [rviz2-1] [INFO] [1755035734.384426069] [ouster.rviz2]: Message Filter dropping message: frame 'os_lidar' at time 1755035733.269 for reason 'discarding message because the queue is full'
1755035734.4806173 [rviz2-1] [INFO] [1755035734.480373725] [ouster.rviz2]: Message Filter dropping message: frame 'os_lidar' at time 1755035733.369 for reason 'discarding message because the queue is full'
1755035734.5767951 [rviz2-1] [INFO] [1755035734.576512699] [ouster.rviz2]: Message Filter dropping message: frame 'os_lidar' at time 1755035733.469 for reason 'discarding message because the queue is full'
1755035734.6724837 [rviz2-1] [INFO] [1755035734.672137836] [ouster.rviz2]: Message Filter dropping message: frame 'os_lidar' at time 1755035733.569 for reason 'discarding message because the queue is full'
1755035734.8009057 [rviz2-1] [INFO] [1755035734.800678384] [ouster.rviz2]: Message Filter dropping message: frame 'os_lidar' at time 1755035733.669 for reason 'discarding message because the queue is full'
1755035734.8971472 [rviz2-1] [INFO] [1755035734.896885668] [ouster.rviz2]: Message Filter dropping message: frame 'os_lidar' at time 1755035733.769 for reason 'discarding message because the queue is full'
1755035734.9928856 [rviz2-1] [INFO] [1755035734.992704704] [ouster.rviz2]: Message Filter dropping message: frame 'os_lidar' at time 1755035733.869 for reason 'discarding message because the queue is full'
1755035735.0885208 [rviz2-1] [INFO] [1755035735.088275072] [ouster.rviz2]: Message Filter dropping message: frame 'os_lidar' at time 1755035733.969 for reason 'discarding message because the queue is full'
1755035735.1847095 [rviz2-1] [INFO] [1755035735.184533146] [ouster.rviz2]: Message Filter dropping message: frame 'os_lidar' at time 1755035734.069 for reason 'discarding message because the queue is full'
1755035735.2804687 [rviz2-1] [INFO] [1755035735.280247482] [ouster.rviz2]: Message Filter dropping message: frame 'os_lidar' at time 1755035734.169 for reason 'discarding message because the queue is full'
1755035735.3768265 [rviz2-1] [INFO] [1755035735.376549216] [ouster.rviz2]: Message Filter dropping message: frame 'os_lidar' at time 1755035734.269 for reason 'discarding message because the queue is full'
1755035735.4733062 [rviz2-1] [INFO] [1755035735.473068189] [ouster.rviz2]: Message Filter dropping message: frame 'os_lidar' at time 1755035734.369 for reason 'discarding message because the queue is full'
1755035735.6007657 [rviz2-1] [INFO] [1755035735.600493662] [ouster.rviz2]: Message Filter dropping message: frame 'os_lidar' at time 1755035734.469 for reason 'discarding message because the queue is full'
1755035735.6965642 [rviz2-1] [INFO] [1755035735.696330749] [ouster.rviz2]: Message Filter dropping message: frame 'os_lidar' at time 1755035734.569 for reason 'discarding message because the queue is full'
1755035735.7927125 [rviz2-1] [INFO] [1755035735.792476513] [ouster.rviz2]: Message Filter dropping message: frame 'os_lidar' at time 1755035734.669 for reason 'discarding message because the queue is full'
1755035735.8884137 [rviz2-1] [INFO] [1755035735.888185010] [ouster.rviz2]: Message Filter dropping message: frame 'os_lidar' at time 1755035734.769 for reason 'discarding message because the queue is full'
1755035735.9845307 [rviz2-1] [INFO] [1755035735.984334825] [ouster.rviz2]: Message Filter dropping message: frame 'os_lidar' at time 1755035734.869 for reason 'discarding message because the queue is full'
1755035736.0808740 [rviz2-1] [INFO] [1755035736.080691808] [ouster.rviz2]: Message Filter dropping message: frame 'os_lidar' at time 1755035734.969 for reason 'discarding message because the queue is full'
1755035736.1764958 [rviz2-1] [INFO] [1755035736.176247066] [ouster.rviz2]: Message Filter dropping message: frame 'os_lidar' at time 1755035735.069 for reason 'discarding message because the queue is full'
1755035736.2733502 [rviz2-1] [INFO] [1755035736.273109127] [ouster.rviz2]: Message Filter dropping message: frame 'os_lidar' at time 1755035735.169 for reason 'discarding message because the queue is full'
1755035736.4013617 [rviz2-1] [INFO] [1755035736.401162827] [ouster.rviz2]: Message Filter dropping message: frame 'os_lidar' at time 1755035735.269 for reason 'discarding message because the queue is full'
1755035736.4969702 [rviz2-1] [INFO] [1755035736.496732585] [ouster.rviz2]: Message Filter dropping message: frame 'os_lidar' at time 1755035735.369 for reason 'discarding message because the queue is full'
1755035736.5933599 [rviz2-1] [INFO] [1755035736.593132769] [ouster.rviz2]: Message Filter dropping message: frame 'os_lidar' at time 1755035735.469 for reason 'discarding message because the queue is full'
1755035736.6892488 [rviz2-1] [INFO] [1755035736.689030084] [ouster.rviz2]: Message Filter dropping message: frame 'os_lidar' at time 1755035735.569 for reason 'discarding message because the queue is full'
1755035736.7845020 [rviz2-1] [INFO] [1755035736.784280844] [ouster.rviz2]: Message Filter dropping message: frame 'os_lidar' at time 1755035735.669 for reason 'discarding message because the queue is full'
1755035736.8808696 [rviz2-1] [INFO] [1755035736.880652267] [ouster.rviz2]: Message Filter dropping message: frame 'os_lidar' at time 1755035735.768 for reason 'discarding message because the queue is full'
1755035736.9770799 [rviz2-1] [INFO] [1755035736.976830222] [ouster.rviz2]: Message Filter dropping message: frame 'os_lidar' at time 1755035735.869 for reason 'discarding message because the queue is full'
1755035737.0725935 [rviz2-1] [INFO] [1755035737.072339450] [ouster.rviz2]: Message Filter dropping message: frame 'os_lidar' at time 1755035735.969 for reason 'discarding message because the queue is full'
1755035737.2011611 [rviz2-1] [INFO] [1755035737.200927748] [ouster.rviz2]: Message Filter dropping message: frame 'os_lidar' at time 1755035736.069 for reason 'discarding message because the queue is full'
1755035737.2964892 [rviz2-1] [INFO] [1755035737.296305066] [ouster.rviz2]: Message Filter dropping message: frame 'os_lidar' at time 1755035736.169 for reason 'discarding message because the queue is full'
1755035737.3929479 [rviz2-1] [INFO] [1755035737.392729600] [ouster.rviz2]: Message Filter dropping message: frame 'os_lidar' at time 1755035736.269 for reason 'discarding message because the queue is full'
1755035737.4884961 [rviz2-1] [INFO] [1755035737.488317728] [ouster.rviz2]: Message Filter dropping message: frame 'os_lidar' at time 1755035736.369 for reason 'discarding message because the queue is full'
1755035737.5849051 [rviz2-1] [INFO] [1755035737.584677071] [ouster.rviz2]: Message Filter dropping message: frame 'os_lidar' at time 1755035736.469 for reason 'discarding message because the queue is full'
1755035737.6809907 [rviz2-1] [INFO] [1755035737.680754726] [ouster.rviz2]: Message Filter dropping message: frame 'os_lidar' at time 1755035736.569 for reason 'discarding message because the queue is full'
1755035737.7764819 [rviz2-1] [INFO] [1755035737.776226995] [ouster.rviz2]: Message Filter dropping message: frame 'os_lidar' at time 1755035736.668 for reason 'discarding message because the queue is full'
1755035737.8723111 [rviz2-1] [INFO] [1755035737.872117711] [ouster.rviz2]: Message Filter dropping message: frame 'os_lidar' at time 1755035736.768 for reason 'discarding message because the queue is full'
1755035738.0009031 [rviz2-1] [INFO] [1755035738.000709349] [ouster.rviz2]: Message Filter dropping message: frame 'os_lidar' at time 1755035736.869 for reason 'discarding message because the queue is full'
1755035738.0973198 [rviz2-1] [INFO] [1755035738.097107792] [ouster.rviz2]: Message Filter dropping message: frame 'os_lidar' at time 1755035736.968 for reason 'discarding message because the queue is full'
1755035738.1927788 [rviz2-1] [INFO] [1755035738.192558601] [ouster.rviz2]: Message Filter dropping message: frame 'os_lidar' at time 1755035737.069 for reason 'discarding message because the queue is full'
1755035738.2886493 [rviz2-1] [INFO] [1755035738.288475467] [ouster.rviz2]: Message Filter dropping message: frame 'os_lidar' at time 1755035737.169 for reason 'discarding message because the queue is full'
1755035738.3848319 [rviz2-1] [INFO] [1755035738.384690021] [ouster.rviz2]: Message Filter dropping message: frame 'os_lidar' at time 1755035737.269 for reason 'discarding message because the queue is full'
1755035738.4807994 [rviz2-1] [INFO] [1755035738.480587698] [ouster.rviz2]: Message Filter dropping message: frame 'os_lidar' at time 1755035737.369 for reason 'discarding message because the queue is full'
1755035738.5774338 [rviz2-1] [INFO] [1755035738.577049081] [ouster.rviz2]: Message Filter dropping message: frame 'os_lidar' at time 1755035737.469 for reason 'discarding message because the queue is full'
1755035738.6733463 [rviz2-1] [INFO] [1755035738.673073377] [ouster.rviz2]: Message Filter dropping message: frame 'os_lidar' at time 1755035737.569 for reason 'discarding message because the queue is full'
1755035738.8011718 [rviz2-1] [INFO] [1755035738.800960438] [ouster.rviz2]: Message Filter dropping message: frame 'os_lidar' at time 1755035737.669 for reason 'discarding message because the queue is full'
1755035738.8966928 [rviz2-1] [INFO] [1755035738.896464416] [ouster.rviz2]: Message Filter dropping message: frame 'os_lidar' at time 1755035737.769 for reason 'discarding message because the queue is full'
1755035738.9926100 [rviz2-1] [INFO] [1755035738.992390572] [ouster.rviz2]: Message Filter dropping message: frame 'os_lidar' at time 1755035737.869 for reason 'discarding message because the queue is full'
1755035739.0892675 [rviz2-1] [INFO] [1755035739.089048945] [ouster.rviz2]: Message Filter dropping message: frame 'os_lidar' at time 1755035737.969 for reason 'discarding message because the queue is full'
1755035739.1848223 [rviz2-1] [INFO] [1755035739.184571863] [ouster.rviz2]: Message Filter dropping message: frame 'os_lidar' at time 1755035738.069 for reason 'discarding message because the queue is full'
1755035739.2806461 [rviz2-1] [INFO] [1755035739.280382540] [ouster.rviz2]: Message Filter dropping message: frame 'os_lidar' at time 1755035738.169 for reason 'discarding message because the queue is full'
1755035739.3764126 [rviz2-1] [INFO] [1755035739.376224866] [ouster.rviz2]: Message Filter dropping message: frame 'os_lidar' at time 1755035738.269 for reason 'discarding message because the queue is full'
1755035739.4731164 [rviz2-1] [INFO] [1755035739.472882679] [ouster.rviz2]: Message Filter dropping message: frame 'os_lidar' at time 1755035738.369 for reason 'discarding message because the queue is full'
1755035739.6004572 [rviz2-1] [INFO] [1755035739.600238353] [ouster.rviz2]: Message Filter dropping message: frame 'os_lidar' at time 1755035738.469 for reason 'discarding message because the queue is full'
1755035739.6968625 [rviz2-1] [INFO] [1755035739.696649417] [ouster.rviz2]: Message Filter dropping message: frame 'os_lidar' at time 1755035738.569 for reason 'discarding message because the queue is full'
1755035739.7927139 [rviz2-1] [INFO] [1755035739.792469354] [ouster.rviz2]: Message Filter dropping message: frame 'os_lidar' at time 1755035738.669 for reason 'discarding message because the queue is full'
1755035739.8889036 [rviz2-1] [INFO] [1755035739.888627999] [ouster.rviz2]: Message Filter dropping message: frame 'os_lidar' at time 1755035738.769 for reason 'discarding message because the queue is full'
1755035739.9848497 [rviz2-1] [INFO] [1755035739.984593285] [ouster.rviz2]: Message Filter dropping message: frame 'os_lidar' at time 1755035738.869 for reason 'discarding message because the queue is full'
1755035740.0810792 [rviz2-1] [INFO] [1755035740.080854149] [ouster.rviz2]: Message Filter dropping message: frame 'os_lidar' at time 1755035738.969 for reason 'discarding message because the queue is full'
1755035740.1768801 [rviz2-1] [INFO] [1755035740.176662086] [ouster.rviz2]: Message Filter dropping message: frame 'os_lidar' at time 1755035739.069 for reason 'discarding message because the queue is full'
1755035740.2732255 [rviz2-1] [INFO] [1755035740.272986380] [ouster.rviz2]: Message Filter dropping message: frame 'os_lidar' at time 1755035739.169 for reason 'discarding message because the queue is full'
1755035740.4011059 [rviz2-1] [INFO] [1755035740.400852832] [ouster.rviz2]: Message Filter dropping message: frame 'os_lidar' at time 1755035739.269 for reason 'discarding message because the queue is full'
1755035740.4970624 [rviz2-1] [INFO] [1755035740.496800898] [ouster.rviz2]: Message Filter dropping message: frame 'os_lidar' at time 1755035739.369 for reason 'discarding message because the queue is full'
1755035740.5933943 [rviz2-1] [INFO] [1755035740.593117402] [ouster.rviz2]: Message Filter dropping message: frame 'os_lidar' at time 1755035739.469 for reason 'discarding message because the queue is full'
1755035740.6891267 [rviz2-1] [INFO] [1755035740.688898440] [ouster.rviz2]: Message Filter dropping message: frame 'os_lidar' at time 1755035739.569 for reason 'discarding message because the queue is full'
1755035740.7845864 [rviz2-1] [INFO] [1755035740.784355728] [ouster.rviz2]: Message Filter dropping message: frame 'os_lidar' at time 1755035739.669 for reason 'discarding message because the queue is full'
1755035740.8804767 [rviz2-1] [INFO] [1755035740.880252575] [ouster.rviz2]: Message Filter dropping message: frame 'os_lidar' at time 1755035739.769 for reason 'discarding message because the queue is full'
1755035740.9773903 [rviz2-1] [INFO] [1755035740.977108576] [ouster.rviz2]: Message Filter dropping message: frame 'os_lidar' at time 1755035739.869 for reason 'discarding message because the queue is full'
1755035741.0724678 [rviz2-1] [INFO] [1755035741.072213007] [ouster.rviz2]: Message Filter dropping message: frame 'os_lidar' at time 1755035739.969 for reason 'discarding message because the queue is full'
1755035741.2013283 [rviz2-1] [INFO] [1755035741.201132113] [ouster.rviz2]: Message Filter dropping message: frame 'os_lidar' at time 1755035740.069 for reason 'discarding message because the queue is full'
1755035741.2971308 [rviz2-1] [INFO] [1755035741.296893561] [ouster.rviz2]: Message Filter dropping message: frame 'os_lidar' at time 1755035740.169 for reason 'discarding message because the queue is full'
1755035741.3928089 [rviz2-1] [INFO] [1755035741.392603498] [ouster.rviz2]: Message Filter dropping message: frame 'os_lidar' at time 1755035740.269 for reason 'discarding message because the queue is full'
1755035741.4885726 [rviz2-1] [INFO] [1755035741.488325485] [ouster.rviz2]: Message Filter dropping message: frame 'os_lidar' at time 1755035740.369 for reason 'discarding message because the queue is full'
1755035741.5846529 [rviz2-1] [INFO] [1755035741.584428251] [ouster.rviz2]: Message Filter dropping message: frame 'os_lidar' at time 1755035740.469 for reason 'discarding message because the queue is full'
1755035741.6809485 [rviz2-1] [INFO] [1755035741.680707366] [ouster.rviz2]: Message Filter dropping message: frame 'os_lidar' at time 1755035740.568 for reason 'discarding message because the queue is full'
1755035741.7765234 [rviz2-1] [INFO] [1755035741.776319324] [ouster.rviz2]: Message Filter dropping message: frame 'os_lidar' at time 1755035740.668 for reason 'discarding message because the queue is full'
1755035741.8730907 [rviz2-1] [INFO] [1755035741.872854447] [ouster.rviz2]: Message Filter dropping message: frame 'os_lidar' at time 1755035740.769 for reason 'discarding message because the queue is full'
1755035742.0008831 [rviz2-1] [INFO] [1755035742.000632679] [ouster.rviz2]: Message Filter dropping message: frame 'os_lidar' at time 1755035740.869 for reason 'discarding message because the queue is full'
1755035742.0972281 [rviz2-1] [INFO] [1755035742.096994244] [ouster.rviz2]: Message Filter dropping message: frame 'os_lidar' at time 1755035740.969 for reason 'discarding message because the queue is full'
1755035742.1929977 [rviz2-1] [INFO] [1755035742.192793871] [ouster.rviz2]: Message Filter dropping message: frame 'os_lidar' at time 1755035741.069 for reason 'discarding message because the queue is full'
1755035742.2893603 [rviz2-1] [INFO] [1755035742.289151085] [ouster.rviz2]: Message Filter dropping message: frame 'os_lidar' at time 1755035741.169 for reason 'discarding message because the queue is full'
1755035742.3845417 [rviz2-1] [INFO] [1755035742.384352445] [ouster.rviz2]: Message Filter dropping message: frame 'os_lidar' at time 1755035741.269 for reason 'discarding message because the queue is full'
1755035742.4808252 [rviz2-1] [INFO] [1755035742.480659290] [ouster.rviz2]: Message Filter dropping message: frame 'os_lidar' at time 1755035741.369 for reason 'discarding message because the queue is full'
1755035742.5767050 [rviz2-1] [INFO] [1755035742.576430787] [ouster.rviz2]: Message Filter dropping message: frame 'os_lidar' at time 1755035741.469 for reason 'discarding message because the queue is full'
1755035742.6728559 [rviz2-1] [INFO] [1755035742.672571433] [ouster.rviz2]: Message Filter dropping message: frame 'os_lidar' at time 1755035741.568 for reason 'discarding message because the queue is full'
1755035742.8006861 [rviz2-1] [INFO] [1755035742.800502704] [ouster.rviz2]: Message Filter dropping message: frame 'os_lidar' at time 1755035741.669 for reason 'discarding message because the queue is full'
1755035742.8969522 [rviz2-1] [INFO] [1755035742.896725229] [ouster.rviz2]: Message Filter dropping message: frame 'os_lidar' at time 1755035741.769 for reason 'discarding message because the queue is full'
1755035742.9930270 [rviz2-1] [INFO] [1755035742.992769615] [ouster.rviz2]: Message Filter dropping message: frame 'os_lidar' at time 1755035741.869 for reason 'discarding message because the queue is full'
1755035743.0885916 [rviz2-1] [INFO] [1755035743.088332994] [ouster.rviz2]: Message Filter dropping message: frame 'os_lidar' at time 1755035741.969 for reason 'discarding message because the queue is full'
1755035743.1844842 [rviz2-1] [INFO] [1755035743.184272780] [ouster.rviz2]: Message Filter dropping message: frame 'os_lidar' at time 1755035742.069 for reason 'discarding message because the queue is full'
1755035743.2807598 [rviz2-1] [INFO] [1755035743.280508515] [ouster.rviz2]: Message Filter dropping message: frame 'os_lidar' at time 1755035742.169 for reason 'discarding message because the queue is full'
1755035743.3764908 [rviz2-1] [INFO] [1755035743.376255413] [ouster.rviz2]: Message Filter dropping message: frame 'os_lidar' at time 1755035742.269 for reason 'discarding message because the queue is full'
1755035743.4730349 [rviz2-1] [INFO] [1755035743.472797176] [ouster.rviz2]: Message Filter dropping message: frame 'os_lidar' at time 1755035742.368 for reason 'discarding message because the queue is full'
1755035743.6007447 [rviz2-1] [INFO] [1755035743.600518999] [ouster.rviz2]: Message Filter dropping message: frame 'os_lidar' at time 1755035742.468 for reason 'discarding message because the queue is full'
1755035743.6971076 [rviz2-1] [INFO] [1755035743.696868004] [ouster.rviz2]: Message Filter dropping message: frame 'os_lidar' at time 1755035742.568 for reason 'discarding message because the queue is full'
1755035743.7924564 [rviz2-1] [INFO] [1755035743.792220773] [ouster.rviz2]: Message Filter dropping message: frame 'os_lidar' at time 1755035742.668 for reason 'discarding message because the queue is full'
1755035743.8893998 [rviz2-1] [INFO] [1755035743.889137985] [ouster.rviz2]: Message Filter dropping message: frame 'os_lidar' at time 1755035742.768 for reason 'discarding message because the queue is full'
1755035743.9851480 [rviz2-1] [INFO] [1755035743.984936072] [ouster.rviz2]: Message Filter dropping message: frame 'os_lidar' at time 1755035742.868 for reason 'discarding message because the queue is full'
1755035744.0807371 [rviz2-1] [INFO] [1755035744.080489031] [ouster.rviz2]: Message Filter dropping message: frame 'os_lidar' at time 1755035742.968 for reason 'discarding message because the queue is full'
1755035744.1765566 [rviz2-1] [INFO] [1755035744.176280398] [ouster.rviz2]: Message Filter dropping message: frame 'os_lidar' at time 1755035743.068 for reason 'discarding message because the queue is full'
1755035744.2733650 [rviz2-1] [INFO] [1755035744.273065350] [ouster.rviz2]: Message Filter dropping message: frame 'os_lidar' at time 1755035743.168 for reason 'discarding message because the queue is full'
1755035744.4012349 [rviz2-1] [INFO] [1755035744.401013373] [ouster.rviz2]: Message Filter dropping message: frame 'os_lidar' at time 1755035743.268 for reason 'discarding message because the queue is full'
1755035744.4971528 [rviz2-1] [INFO] [1755035744.496954709] [ouster.rviz2]: Message Filter dropping message: frame 'os_lidar' at time 1755035743.368 for reason 'discarding message because the queue is full'
1755035744.5930207 [rviz2-1] [INFO] [1755035744.592813076] [ouster.rviz2]: Message Filter dropping message: frame 'os_lidar' at time 1755035743.468 for reason 'discarding message because the queue is full'
1755035744.6891489 [rviz2-1] [INFO] [1755035744.688987542] [ouster.rviz2]: Message Filter dropping message: frame 'os_lidar' at time 1755035743.568 for reason 'discarding message because the queue is full'
1755035744.7846925 [rviz2-1] [INFO] [1755035744.784483641] [ouster.rviz2]: Message Filter dropping message: frame 'os_lidar' at time 1755035743.668 for reason 'discarding message because the queue is full'
1755035744.8813276 [rviz2-1] [INFO] [1755035744.881155244] [ouster.rviz2]: Message Filter dropping message: frame 'os_lidar' at time 1755035743.768 for reason 'discarding message because the queue is full'
1755035744.9776819 [rviz2-1] [INFO] [1755035744.977296499] [ouster.rviz2]: Message Filter dropping message: frame 'os_lidar' at time 1755035743.868 for reason 'discarding message because the queue is full'
1755035745.0727468 [rviz2-1] [INFO] [1755035745.072509910] [ouster.rviz2]: Message Filter dropping message: frame 'os_lidar' at time 1755035743.968 for reason 'discarding message because the queue is full'
1755035745.2006094 [rviz2-1] [INFO] [1755035745.200365702] [ouster.rviz2]: Message Filter dropping message: frame 'os_lidar' at time 1755035744.068 for reason 'discarding message because the queue is full'
1755035745.2964664 [rviz2-1] [INFO] [1755035745.296259809] [ouster.rviz2]: Message Filter dropping message: frame 'os_lidar' at time 1755035744.168 for reason 'discarding message because the queue is full'
1755035745.3933485 [rviz2-1] [INFO] [1755035745.393126771] [ouster.rviz2]: Message Filter dropping message: frame 'os_lidar' at time 1755035744.268 for reason 'discarding message because the queue is full'
1755035745.4892702 [rviz2-1] [INFO] [1755035745.489102388] [ouster.rviz2]: Message Filter dropping message: frame 'os_lidar' at time 1755035744.368 for reason 'discarding message because the queue is full'
1755035745.5849769 [rviz2-1] [INFO] [1755035745.584770416] [ouster.rviz2]: Message Filter dropping message: frame 'os_lidar' at time 1755035744.468 for reason 'discarding message because the queue is full'
1755035745.6808910 [rviz2-1] [INFO] [1755035745.680665963] [ouster.rviz2]: Message Filter dropping message: frame 'os_lidar' at time 1755035744.568 for reason 'discarding message because the queue is full'
1755035745.7775660 [rviz2-1] [INFO] [1755035745.776813679] [ouster.rviz2]: Message Filter dropping message: frame 'os_lidar' at time 1755035744.668 for reason 'discarding message because the queue is full'
1755035745.8733492 [rviz2-1] [INFO] [1755035745.873106284] [ouster.rviz2]: Message Filter dropping message: frame 'os_lidar' at time 1755035744.768 for reason 'discarding message because the queue is full'
1755035746.0005896 [rviz2-1] [INFO] [1755035746.000416749] [ouster.rviz2]: Message Filter dropping message: frame 'os_lidar' at time 1755035744.868 for reason 'discarding message because the queue is full'
1755035746.0971811 [rviz2-1] [INFO] [1755035746.096990553] [ouster.rviz2]: Message Filter dropping message: frame 'os_lidar' at time 1755035744.968 for reason 'discarding message because the queue is full'
1755035746.1932080 [rviz2-1] [INFO] [1755035746.192993740] [ouster.rviz2]: Message Filter dropping message: frame 'os_lidar' at time 1755035745.068 for reason 'discarding message because the queue is full'
1755035746.2890346 [rviz2-1] [INFO] [1755035746.288796717] [ouster.rviz2]: Message Filter dropping message: frame 'os_lidar' at time 1755035745.168 for reason 'discarding message because the queue is full'
1755035746.3853610 [rviz2-1] [INFO] [1755035746.385147572] [ouster.rviz2]: Message Filter dropping message: frame 'os_lidar' at time 1755035745.268 for reason 'discarding message because the queue is full'
1755035746.4810379 [rviz2-1] [INFO] [1755035746.480743321] [ouster.rviz2]: Message Filter dropping message: frame 'os_lidar' at time 1755035745.368 for reason 'discarding message because the queue is full'
1755035746.5765202 [rviz2-1] [INFO] [1755035746.576274509] [ouster.rviz2]: Message Filter dropping message: frame 'os_lidar' at time 1755035745.468 for reason 'discarding message because the queue is full'
1755035746.6731162 [rviz2-1] [INFO] [1755035746.672851083] [ouster.rviz2]: Message Filter dropping message: frame 'os_lidar' at time 1755035745.568 for reason 'discarding message because the queue is full'
1755035746.8012397 [rviz2-1] [INFO] [1755035746.801034964] [ouster.rviz2]: Message Filter dropping message: frame 'os_lidar' at time 1755035745.668 for reason 'discarding message because the queue is full'
1755035746.8972783 [rviz2-1] [INFO] [1755035746.897072040] [ouster.rviz2]: Message Filter dropping message: frame 'os_lidar' at time 1755035745.768 for reason 'discarding message because the queue is full'
1755035746.9925857 [rviz2-1] [INFO] [1755035746.992395090] [ouster.rviz2]: Message Filter dropping message: frame 'os_lidar' at time 1755035745.868 for reason 'discarding message because the queue is full'
1755035747.0886998 [rviz2-1] [INFO] [1755035747.088489927] [ouster.rviz2]: Message Filter dropping message: frame 'os_lidar' at time 1755035745.968 for reason 'discarding message because the queue is full'
1755035747.1845160 [rviz2-1] [INFO] [1755035747.184332294] [ouster.rviz2]: Message Filter dropping message: frame 'os_lidar' at time 1755035746.068 for reason 'discarding message because the queue is full'
1755035747.2805514 [rviz2-1] [INFO] [1755035747.280361101] [ouster.rviz2]: Message Filter dropping message: frame 'os_lidar' at time 1755035746.168 for reason 'discarding message because the queue is full'
1755035747.3769984 [rviz2-1] [INFO] [1755035747.376765515] [ouster.rviz2]: Message Filter dropping message: frame 'os_lidar' at time 1755035746.268 for reason 'discarding message because the queue is full'
1755035747.4733684 [rviz2-1] [INFO] [1755035747.473120070] [ouster.rviz2]: Message Filter dropping message: frame 'os_lidar' at time 1755035746.368 for reason 'discarding message because the queue is full'
1755035747.6013758 [rviz2-1] [INFO] [1755035747.601176782] [ouster.rviz2]: Message Filter dropping message: frame 'os_lidar' at time 1755035746.468 for reason 'discarding message because the queue is full'
1755035747.6965311 [rviz2-1] [INFO] [1755035747.696279443] [ouster.rviz2]: Message Filter dropping message: frame 'os_lidar' at time 1755035746.568 for reason 'discarding message because the queue is full'
1755035747.7924232 [rviz2-1] [INFO] [1755035747.792222760] [ouster.rviz2]: Message Filter dropping message: frame 'os_lidar' at time 1755035746.668 for reason 'discarding message because the queue is full'
1755035747.8891363 [rviz2-1] [INFO] [1755035747.888953403] [ouster.rviz2]: Message Filter dropping message: frame 'os_lidar' at time 1755035746.768 for reason 'discarding message because the queue is full'
1755035747.9847560 [rviz2-1] [INFO] [1755035747.984551952] [ouster.rviz2]: Message Filter dropping message: frame 'os_lidar' at time 1755035746.868 for reason 'discarding message because the queue is full'
1755035748.0813174 [rviz2-1] [INFO] [1755035748.081082176] [ouster.rviz2]: Message Filter dropping message: frame 'os_lidar' at time 1755035746.968 for reason 'discarding message because the queue is full'
1755035748.1767757 [rviz2-1] [INFO] [1755035748.176458446] [ouster.rviz2]: Message Filter dropping message: frame 'os_lidar' at time 1755035747.068 for reason 'discarding message because the queue is full'
1755035748.2727690 [rviz2-1] [INFO] [1755035748.272529763] [ouster.rviz2]: Message Filter dropping message: frame 'os_lidar' at time 1755035747.168 for reason 'discarding message because the queue is full'
1755035748.4013367 [rviz2-1] [INFO] [1755035748.401151102] [ouster.rviz2]: Message Filter dropping message: frame 'os_lidar' at time 1755035747.268 for reason 'discarding message because the queue is full'
1755035748.4968693 [rviz2-1] [INFO] [1755035748.496653921] [ouster.rviz2]: Message Filter dropping message: frame 'os_lidar' at time 1755035747.368 for reason 'discarding message because the queue is full'
1755035748.5930810 [rviz2-1] [INFO] [1755035748.592863597] [ouster.rviz2]: Message Filter dropping message: frame 'os_lidar' at time 1755035747.468 for reason 'discarding message because the queue is full'
1755035748.6887167 [rviz2-1] [INFO] [1755035748.688376806] [ouster.rviz2]: Message Filter dropping message: frame 'os_lidar' at time 1755035747.568 for reason 'discarding message because the queue is full'
1755035748.7849388 [rviz2-1] [INFO] [1755035748.784684231] [ouster.rviz2]: Message Filter dropping message: frame 'os_lidar' at time 1755035747.668 for reason 'discarding message because the queue is full'
1755035748.8814039 [rviz2-1] [INFO] [1755035748.881152335] [ouster.rviz2]: Message Filter dropping message: frame 'os_lidar' at time 1755035747.768 for reason 'discarding message because the queue is full'
1755035748.9776022 [rviz2-1] [INFO] [1755035748.977359931] [ouster.rviz2]: Message Filter dropping message: frame 'os_lidar' at time 1755035747.868 for reason 'discarding message because the queue is full'
1755035749.0728059 [rviz2-1] [INFO] [1755035749.072609102] [ouster.rviz2]: Message Filter dropping message: frame 'os_lidar' at time 1755035747.968 for reason 'discarding message because the queue is full'
1755035749.2007093 [rviz2-1] [INFO] [1755035749.200471605] [ouster.rviz2]: Message Filter dropping message: frame 'os_lidar' at time 1755035748.068 for reason 'discarding message because the queue is full'
1755035749.2971961 [rviz2-1] [INFO] [1755035749.296992809] [ouster.rviz2]: Message Filter dropping message: frame 'os_lidar' at time 1755035748.168 for reason 'discarding message because the queue is full'
1755035749.3929987 [rviz2-1] [INFO] [1755035749.392774407] [ouster.rviz2]: Message Filter dropping message: frame 'os_lidar' at time 1755035748.268 for reason 'discarding message because the queue is full'
1755035749.4884419 [rviz2-1] [INFO] [1755035749.488225347] [ouster.rviz2]: Message Filter dropping message: frame 'os_lidar' at time 1755035748.368 for reason 'discarding message because the queue is full'
1755035749.5846593 [rviz2-1] [INFO] [1755035749.584448823] [ouster.rviz2]: Message Filter dropping message: frame 'os_lidar' at time 1755035748.468 for reason 'discarding message because the queue is full'
1755035749.6809831 [rviz2-1] [INFO] [1755035749.680818368] [ouster.rviz2]: Message Filter dropping message: frame 'os_lidar' at time 1755035748.568 for reason 'discarding message because the queue is full'
1755035749.7771738 [rviz2-1] [INFO] [1755035749.776887364] [ouster.rviz2]: Message Filter dropping message: frame 'os_lidar' at time 1755035748.668 for reason 'discarding message because the queue is full'
1755035749.8725467 [rviz2-1] [INFO] [1755035749.872252614] [ouster.rviz2]: Message Filter dropping message: frame 'os_lidar' at time 1755035748.768 for reason 'discarding message because the queue is full'
1755035750.0008290 [rviz2-1] [INFO] [1755035750.000658965] [ouster.rviz2]: Message Filter dropping message: frame 'os_lidar' at time 1755035748.868 for reason 'discarding message because the queue is full'
1755035750.0966623 [rviz2-1] [INFO] [1755035750.096462683] [ouster.rviz2]: Message Filter dropping message: frame 'os_lidar' at time 1755035748.968 for reason 'discarding message because the queue is full'
1755035750.1931939 [rviz2-1] [INFO] [1755035750.192955507] [ouster.rviz2]: Message Filter dropping message: frame 'os_lidar' at time 1755035749.068 for reason 'discarding message because the queue is full'
1755035750.2887864 [rviz2-1] [INFO] [1755035750.288584096] [ouster.rviz2]: Message Filter dropping message: frame 'os_lidar' at time 1755035749.168 for reason 'discarding message because the queue is full'
1755035750.3851457 [rviz2-1] [INFO] [1755035750.384910761] [ouster.rviz2]: Message Filter dropping message: frame 'os_lidar' at time 1755035749.268 for reason 'discarding message because the queue is full'
1755035750.4810045 [rviz2-1] [INFO] [1755035750.480724899] [ouster.rviz2]: Message Filter dropping message: frame 'os_lidar' at time 1755035749.368 for reason 'discarding message because the queue is full'
1755035750.5770392 [rviz2-1] [INFO] [1755035750.576783316] [ouster.rviz2]: Message Filter dropping message: frame 'os_lidar' at time 1755035749.468 for reason 'discarding message because the queue is full'
1755035750.6733508 [rviz2-1] [INFO] [1755035750.673144521] [ouster.rviz2]: Message Filter dropping message: frame 'os_lidar' at time 1755035749.568 for reason 'discarding message because the queue is full'
1755035750.8013570 [rviz2-1] [INFO] [1755035750.801098084] [ouster.rviz2]: Message Filter dropping message: frame 'os_lidar' at time 1755035749.668 for reason 'discarding message because the queue is full'
1755035750.8973203 [rviz2-1] [INFO] [1755035750.897043232] [ouster.rviz2]: Message Filter dropping message: frame 'os_lidar' at time 1755035749.768 for reason 'discarding message because the queue is full'
1755035750.9932318 [rviz2-1] [INFO] [1755035750.993036939] [ouster.rviz2]: Message Filter dropping message: frame 'os_lidar' at time 1755035749.868 for reason 'discarding message because the queue is full'
1755035751.0890164 [rviz2-1] [INFO] [1755035751.088793927] [ouster.rviz2]: Message Filter dropping message: frame 'os_lidar' at time 1755035749.968 for reason 'discarding message because the queue is full'
1755035751.1853237 [rviz2-1] [INFO] [1755035751.185119113] [ouster.rviz2]: Message Filter dropping message: frame 'os_lidar' at time 1755035750.068 for reason 'discarding message because the queue is full'
1755035751.2810893 [rviz2-1] [INFO] [1755035751.280862031] [ouster.rviz2]: Message Filter dropping message: frame 'os_lidar' at time 1755035750.168 for reason 'discarding message because the queue is full'
1755035751.3777306 [rviz2-1] [INFO] [1755035751.376961517] [ouster.rviz2]: Message Filter dropping message: frame 'os_lidar' at time 1755035750.268 for reason 'discarding message because the queue is full'
1755035751.4728849 [rviz2-1] [INFO] [1755035751.472729246] [ouster.rviz2]: Message Filter dropping message: frame 'os_lidar' at time 1755035750.368 for reason 'discarding message because the queue is full'
1755035751.6012046 [rviz2-1] [INFO] [1755035751.600950117] [ouster.rviz2]: Message Filter dropping message: frame 'os_lidar' at time 1755035750.468 for reason 'discarding message because the queue is full'
1755035751.6971607 [rviz2-1] [INFO] [1755035751.696900335] [ouster.rviz2]: Message Filter dropping message: frame 'os_lidar' at time 1755035750.568 for reason 'discarding message because the queue is full'
1755035751.7930362 [rviz2-1] [INFO] [1755035751.792775973] [ouster.rviz2]: Message Filter dropping message: frame 'os_lidar' at time 1755035750.668 for reason 'discarding message because the queue is full'
1755035751.8885210 [rviz2-1] [INFO] [1755035751.888311032] [ouster.rviz2]: Message Filter dropping message: frame 'os_lidar' at time 1755035750.768 for reason 'discarding message because the queue is full'
1755035751.9851413 [rviz2-1] [INFO] [1755035751.984898076] [ouster.rviz2]: Message Filter dropping message: frame 'os_lidar' at time 1755035750.868 for reason 'discarding message because the queue is full'
1755035752.0805559 [rviz2-1] [INFO] [1755035752.080321526] [ouster.rviz2]: Message Filter dropping message: frame 'os_lidar' at time 1755035750.968 for reason 'discarding message because the queue is full'
1755035752.1771660 [rviz2-1] [INFO] [1755035752.176351443] [ouster.rviz2]: Message Filter dropping message: frame 'os_lidar' at time 1755035751.068 for reason 'discarding message because the queue is full'
1755035752.2724926 [rviz2-1] [INFO] [1755035752.272273301] [ouster.rviz2]: Message Filter dropping message: frame 'os_lidar' at time 1755035751.168 for reason 'discarding message because the queue is full'
1755035752.4007342 [rviz2-1] [INFO] [1755035752.400482253] [ouster.rviz2]: Message Filter dropping message: frame 'os_lidar' at time 1755035751.268 for reason 'discarding message because the queue is full'
1755035752.4969976 [rviz2-1] [INFO] [1755035752.496796679] [ouster.rviz2]: Message Filter dropping message: frame 'os_lidar' at time 1755035751.368 for reason 'discarding message because the queue is full'
1755035752.5929489 [rviz2-1] [INFO] [1755035752.592699396] [ouster.rviz2]: Message Filter dropping message: frame 'os_lidar' at time 1755035751.468 for reason 'discarding message because the queue is full'
1755035752.6891654 [rviz2-1] [INFO] [1755035752.688928672] [ouster.rviz2]: Message Filter dropping message: frame 'os_lidar' at time 1755035751.568 for reason 'discarding message because the queue is full'
1755035752.7854304 [rviz2-1] [INFO] [1755035752.785183608] [ouster.rviz2]: Message Filter dropping message: frame 'os_lidar' at time 1755035751.668 for reason 'discarding message because the queue is full'
1755035752.8807008 [rviz2-1] [INFO] [1755035752.880475949] [ouster.rviz2]: Message Filter dropping message: frame 'os_lidar' at time 1755035751.768 for reason 'discarding message because the queue is full'
1755035752.9768026 [rviz2-1] [INFO] [1755035752.976566776] [ouster.rviz2]: Message Filter dropping message: frame 'os_lidar' at time 1755035751.868 for reason 'discarding message because the queue is full'
1755035753.0729098 [rviz2-1] [INFO] [1755035753.072664303] [ouster.rviz2]: Message Filter dropping message: frame 'os_lidar' at time 1755035751.968 for reason 'discarding message because the queue is full'
1755035753.2008388 [rviz2-1] [INFO] [1755035753.200605846] [ouster.rviz2]: Message Filter dropping message: frame 'os_lidar' at time 1755035752.068 for reason 'discarding message because the queue is full'
1755035753.2972803 [rviz2-1] [INFO] [1755035753.297031981] [ouster.rviz2]: Message Filter dropping message: frame 'os_lidar' at time 1755035752.168 for reason 'discarding message because the queue is full'
1755035753.3930116 [rviz2-1] [INFO] [1755035753.392760530] [ouster.rviz2]: Message Filter dropping message: frame 'os_lidar' at time 1755035752.268 for reason 'discarding message because the queue is full'
1755035753.4886587 [rviz2-1] [INFO] [1755035753.488412539] [ouster.rviz2]: Message Filter dropping message: frame 'os_lidar' at time 1755035752.368 for reason 'discarding message because the queue is full'
1755035753.5851431 [rviz2-1] [INFO] [1755035753.584911183] [ouster.rviz2]: Message Filter dropping message: frame 'os_lidar' at time 1755035752.468 for reason 'discarding message because the queue is full'
1755035753.6811106 [rviz2-1] [INFO] [1755035753.680878321] [ouster.rviz2]: Message Filter dropping message: frame 'os_lidar' at time 1755035752.568 for reason 'discarding message because the queue is full'
1755035753.7768002 [rviz2-1] [INFO] [1755035753.776553990] [ouster.rviz2]: Message Filter dropping message: frame 'os_lidar' at time 1755035752.668 for reason 'discarding message because the queue is full'
1755035753.8727853 [rviz2-1] [INFO] [1755035753.872520927] [ouster.rviz2]: Message Filter dropping message: frame 'os_lidar' at time 1755035752.768 for reason 'discarding message because the queue is full'
1755035754.0008941 [rviz2-1] [INFO] [1755035754.000646250] [ouster.rviz2]: Message Filter dropping message: frame 'os_lidar' at time 1755035752.868 for reason 'discarding message because the queue is full'
1755035754.0966699 [rviz2-1] [INFO] [1755035754.096417918] [ouster.rviz2]: Message Filter dropping message: frame 'os_lidar' at time 1755035752.969 for reason 'discarding message because the queue is full'
1755035754.1928666 [rviz2-1] [INFO] [1755035754.192694894] [ouster.rviz2]: Message Filter dropping message: frame 'os_lidar' at time 1755035753.068 for reason 'discarding message because the queue is full'
1755035754.2886660 [rviz2-1] [INFO] [1755035754.288451683] [ouster.rviz2]: Message Filter dropping message: frame 'os_lidar' at time 1755035753.168 for reason 'discarding message because the queue is full'
1755035754.3854403 [rviz2-1] [INFO] [1755035754.385171727] [ouster.rviz2]: Message Filter dropping message: frame 'os_lidar' at time 1755035753.269 for reason 'discarding message because the queue is full'
1755035754.4804802 [rviz2-1] [INFO] [1755035754.480288299] [ouster.rviz2]: Message Filter dropping message: frame 'os_lidar' at time 1755035753.369 for reason 'discarding message because the queue is full'
1755035754.5778582 [rviz2-1] [INFO] [1755035754.577702289] [ouster.rviz2]: Message Filter dropping message: frame 'os_lidar' at time 1755035753.469 for reason 'discarding message because the queue is full'
1755035754.6732984 [rviz2-1] [INFO] [1755035754.673081230] [ouster.rviz2]: Message Filter dropping message: frame 'os_lidar' at time 1755035753.569 for reason 'discarding message because the queue is full'
1755035754.8011186 [rviz2-1] [INFO] [1755035754.800905914] [ouster.rviz2]: Message Filter dropping message: frame 'os_lidar' at time 1755035753.669 for reason 'discarding message because the queue is full'
1755035754.8969378 [rviz2-1] [INFO] [1755035754.896687872] [ouster.rviz2]: Message Filter dropping message: frame 'os_lidar' at time 1755035753.769 for reason 'discarding message because the queue is full'
1755035754.9930696 [rviz2-1] [INFO] [1755035754.992866159] [ouster.rviz2]: Message Filter dropping message: frame 'os_lidar' at time 1755035753.869 for reason 'discarding message because the queue is full'
1755035755.0892997 [rviz2-1] [INFO] [1755035755.089104915] [ouster.rviz2]: Message Filter dropping message: frame 'os_lidar' at time 1755035753.969 for reason 'discarding message because the queue is full'
1755035755.1850936 [rviz2-1] [INFO] [1755035755.184858604] [ouster.rviz2]: Message Filter dropping message: frame 'os_lidar' at time 1755035754.069 for reason 'discarding message because the queue is full'
1755035755.2809496 [rviz2-1] [INFO] [1755035755.280687842] [ouster.rviz2]: Message Filter dropping message: frame 'os_lidar' at time 1755035754.169 for reason 'discarding message because the queue is full'
1755035755.3766510 [rviz2-1] [INFO] [1755035755.376428331] [ouster.rviz2]: Message Filter dropping message: frame 'os_lidar' at time 1755035754.269 for reason 'discarding message because the queue is full'
1755035755.4728048 [rviz2-1] [INFO] [1755035755.472540028] [ouster.rviz2]: Message Filter dropping message: frame 'os_lidar' at time 1755035754.369 for reason 'discarding message because the queue is full'
1755035755.6004636 [rviz2-1] [INFO] [1755035755.600264513] [ouster.rviz2]: Message Filter dropping message: frame 'os_lidar' at time 1755035754.469 for reason 'discarding message because the queue is full'
1755035755.6972499 [rviz2-1] [INFO] [1755035755.696996117] [ouster.rviz2]: Message Filter dropping message: frame 'os_lidar' at time 1755035754.569 for reason 'discarding message because the queue is full'
1755035755.7932789 [rviz2-1] [INFO] [1755035755.793083544] [ouster.rviz2]: Message Filter dropping message: frame 'os_lidar' at time 1755035754.669 for reason 'discarding message because the queue is full'
1755035755.8885143 [rviz2-1] [INFO] [1755035755.888287195] [ouster.rviz2]: Message Filter dropping message: frame 'os_lidar' at time 1755035754.769 for reason 'discarding message because the queue is full'
1755035755.9854426 [rviz2-1] [INFO] [1755035755.985203598] [ouster.rviz2]: Message Filter dropping message: frame 'os_lidar' at time 1755035754.869 for reason 'discarding message because the queue is full'
1755035756.0805612 [rviz2-1] [INFO] [1755035756.080323351] [ouster.rviz2]: Message Filter dropping message: frame 'os_lidar' at time 1755035754.968 for reason 'discarding message because the queue is full'
1755035756.1771393 [rviz2-1] [INFO] [1755035756.176905555] [ouster.rviz2]: Message Filter dropping message: frame 'os_lidar' at time 1755035755.068 for reason 'discarding message because the queue is full'
1755035756.2735429 [rviz2-1] [INFO] [1755035756.273329221] [ouster.rviz2]: Message Filter dropping message: frame 'os_lidar' at time 1755035755.168 for reason 'discarding message because the queue is full'
1755035756.4011912 [rviz2-1] [INFO] [1755035756.400977066] [ouster.rviz2]: Message Filter dropping message: frame 'os_lidar' at time 1755035755.269 for reason 'discarding message because the queue is full'
1755035756.4967582 [rviz2-1] [INFO] [1755035756.496503266] [ouster.rviz2]: Message Filter dropping message: frame 'os_lidar' at time 1755035755.369 for reason 'discarding message because the queue is full'
1755035756.5933652 [rviz2-1] [INFO] [1755035756.593177750] [ouster.rviz2]: Message Filter dropping message: frame 'os_lidar' at time 1755035755.469 for reason 'discarding message because the queue is full'
1755035756.6889253 [rviz2-1] [INFO] [1755035756.688734270] [ouster.rviz2]: Message Filter dropping message: frame 'os_lidar' at time 1755035755.569 for reason 'discarding message because the queue is full'
1755035756.7854254 [rviz2-1] [INFO] [1755035756.785189685] [ouster.rviz2]: Message Filter dropping message: frame 'os_lidar' at time 1755035755.669 for reason 'discarding message because the queue is full'
1755035756.8810863 [rviz2-1] [INFO] [1755035756.880859654] [ouster.rviz2]: Message Filter dropping message: frame 'os_lidar' at time 1755035755.769 for reason 'discarding message because the queue is full'
1755035756.9779599 [rviz2-1] [INFO] [1755035756.977620179] [ouster.rviz2]: Message Filter dropping message: frame 'os_lidar' at time 1755035755.869 for reason 'discarding message because the queue is full'
1755035757.0732806 [rviz2-1] [INFO] [1755035757.073073609] [ouster.rviz2]: Message Filter dropping message: frame 'os_lidar' at time 1755035755.969 for reason 'discarding message because the queue is full'
1755035757.2013874 [rviz2-1] [INFO] [1755035757.201181782] [ouster.rviz2]: Message Filter dropping message: frame 'os_lidar' at time 1755035756.069 for reason 'discarding message because the queue is full'
1755035757.2972600 [rviz2-1] [INFO] [1755035757.297060920] [ouster.rviz2]: Message Filter dropping message: frame 'os_lidar' at time 1755035756.169 for reason 'discarding message because the queue is full'
1755035757.3934379 [rviz2-1] [INFO] [1755035757.393200877] [ouster.rviz2]: Message Filter dropping message: frame 'os_lidar' at time 1755035756.269 for reason 'discarding message because the queue is full'
1755035757.4888926 [rviz2-1] [INFO] [1755035757.488698948] [ouster.rviz2]: Message Filter dropping message: frame 'os_lidar' at time 1755035756.369 for reason 'discarding message because the queue is full'
1755035757.5845373 [rviz2-1] [INFO] [1755035757.584344487] [ouster.rviz2]: Message Filter dropping message: frame 'os_lidar' at time 1755035756.469 for reason 'discarding message because the queue is full'
1755035757.6814291 [rviz2-1] [INFO] [1755035757.681228251] [ouster.rviz2]: Message Filter dropping message: frame 'os_lidar' at time 1755035756.569 for reason 'discarding message because the queue is full'
1755035757.7779777 [rviz2-1] [INFO] [1755035757.777717976] [ouster.rviz2]: Message Filter dropping message: frame 'os_lidar' at time 1755035756.669 for reason 'discarding message because the queue is full'
1755035757.8730896 [rviz2-1] [INFO] [1755035757.872850938] [ouster.rviz2]: Message Filter dropping message: frame 'os_lidar' at time 1755035756.769 for reason 'discarding message because the queue is full'
1755035758.0006664 [rviz2-1] [INFO] [1755035758.000454264] [ouster.rviz2]: Message Filter dropping message: frame 'os_lidar' at time 1755035756.869 for reason 'discarding message because the queue is full'
1755035758.0974286 [rviz2-1] [INFO] [1755035758.097221097] [ouster.rviz2]: Message Filter dropping message: frame 'os_lidar' at time 1755035756.969 for reason 'discarding message because the queue is full'
1755035758.1926265 [rviz2-1] [INFO] [1755035758.192423760] [ouster.rviz2]: Message Filter dropping message: frame 'os_lidar' at time 1755035757.069 for reason 'discarding message because the queue is full'
1755035758.2889154 [rviz2-1] [INFO] [1755035758.288669076] [ouster.rviz2]: Message Filter dropping message: frame 'os_lidar' at time 1755035757.169 for reason 'discarding message because the queue is full'
1755035758.3852704 [rviz2-1] [INFO] [1755035758.385024432] [ouster.rviz2]: Message Filter dropping message: frame 'os_lidar' at time 1755035757.269 for reason 'discarding message because the queue is full'
1755035758.4805846 [rviz2-1] [INFO] [1755035758.480408043] [ouster.rviz2]: Message Filter dropping message: frame 'os_lidar' at time 1755035757.369 for reason 'discarding message because the queue is full'
1755035758.5776722 [rviz2-1] [INFO] [1755035758.577416646] [ouster.rviz2]: Message Filter dropping message: frame 'os_lidar' at time 1755035757.469 for reason 'discarding message because the queue is full'
1755035758.6730208 [rviz2-1] [INFO] [1755035758.672802867] [ouster.rviz2]: Message Filter dropping message: frame 'os_lidar' at time 1755035757.569 for reason 'discarding message because the queue is full'
1755035758.8010533 [rviz2-1] [INFO] [1755035758.800862970] [ouster.rviz2]: Message Filter dropping message: frame 'os_lidar' at time 1755035757.669 for reason 'discarding message because the queue is full'
1755035758.8967729 [rviz2-1] [INFO] [1755035758.896470430] [ouster.rviz2]: Message Filter dropping message: frame 'os_lidar' at time 1755035757.769 for reason 'discarding message because the queue is full'
1755035758.9926896 [rviz2-1] [INFO] [1755035758.992449228] [ouster.rviz2]: Message Filter dropping message: frame 'os_lidar' at time 1755035757.869 for reason 'discarding message because the queue is full'
1755035759.0886176 [rviz2-1] [INFO] [1755035759.088396856] [ouster.rviz2]: Message Filter dropping message: frame 'os_lidar' at time 1755035757.969 for reason 'discarding message because the queue is full'
1755035759.1846454 [rviz2-1] [INFO] [1755035759.184420974] [ouster.rviz2]: Message Filter dropping message: frame 'os_lidar' at time 1755035758.069 for reason 'discarding message because the queue is full'
1755035759.2805874 [rviz2-1] [INFO] [1755035759.280347453] [ouster.rviz2]: Message Filter dropping message: frame 'os_lidar' at time 1755035758.169 for reason 'discarding message because the queue is full'
1755035759.3769226 [rviz2-1] [INFO] [1755035759.376711339] [ouster.rviz2]: Message Filter dropping message: frame 'os_lidar' at time 1755035758.269 for reason 'discarding message because the queue is full'
1755035759.4733133 [rviz2-1] [INFO] [1755035759.473049975] [ouster.rviz2]: Message Filter dropping message: frame 'os_lidar' at time 1755035758.369 for reason 'discarding message because the queue is full'
1755035759.6014304 [rviz2-1] [INFO] [1755035759.601209888] [ouster.rviz2]: Message Filter dropping message: frame 'os_lidar' at time 1755035758.469 for reason 'discarding message because the queue is full'
1755035759.6965930 [rviz2-1] [INFO] [1755035759.696346330] [ouster.rviz2]: Message Filter dropping message: frame 'os_lidar' at time 1755035758.569 for reason 'discarding message because the queue is full'
1755035759.7933016 [rviz2-1] [INFO] [1755035759.793130644] [ouster.rviz2]: Message Filter dropping message: frame 'os_lidar' at time 1755035758.669 for reason 'discarding message because the queue is full'
1755035759.8887036 [rviz2-1] [INFO] [1755035759.888527765] [ouster.rviz2]: Message Filter dropping message: frame 'os_lidar' at time 1755035758.769 for reason 'discarding message because the queue is full'
1755035759.9845207 [rviz2-1] [INFO] [1755035759.984294035] [ouster.rviz2]: Message Filter dropping message: frame 'os_lidar' at time 1755035758.869 for reason 'discarding message because the queue is full'
1755035760.0805538 [rviz2-1] [INFO] [1755035760.080359382] [ouster.rviz2]: Message Filter dropping message: frame 'os_lidar' at time 1755035758.969 for reason 'discarding message because the queue is full'
1755035760.1774640 [rviz2-1] [INFO] [1755035760.176918587] [ouster.rviz2]: Message Filter dropping message: frame 'os_lidar' at time 1755035759.069 for reason 'discarding message because the queue is full'
1755035760.2726345 [rviz2-1] [INFO] [1755035760.272412388] [ouster.rviz2]: Message Filter dropping message: frame 'os_lidar' at time 1755035759.169 for reason 'discarding message because the queue is full'
1755035760.4014564 [rviz2-1] [INFO] [1755035760.401287608] [ouster.rviz2]: Message Filter dropping message: frame 'os_lidar' at time 1755035759.269 for reason 'discarding message because the queue is full'
1755035760.4970598 [rviz2-1] [INFO] [1755035760.496863908] [ouster.rviz2]: Message Filter dropping message: frame 'os_lidar' at time 1755035759.369 for reason 'discarding message because the queue is full'
1755035760.5932610 [rviz2-1] [INFO] [1755035760.593058645] [ouster.rviz2]: Message Filter dropping message: frame 'os_lidar' at time 1755035759.469 for reason 'discarding message because the queue is full'
1755035760.6891589 [rviz2-1] [INFO] [1755035760.688921174] [ouster.rviz2]: Message Filter dropping message: frame 'os_lidar' at time 1755035759.569 for reason 'discarding message because the queue is full'
1755035760.7848277 [rviz2-1] [INFO] [1755035760.784620383] [ouster.rviz2]: Message Filter dropping message: frame 'os_lidar' at time 1755035759.669 for reason 'discarding message because the queue is full'
1755035760.8806648 [rviz2-1] [INFO] [1755035760.880420753] [ouster.rviz2]: Message Filter dropping message: frame 'os_lidar' at time 1755035759.769 for reason 'discarding message because the queue is full'
1755035760.9770851 [rviz2-1] [INFO] [1755035760.976878338] [ouster.rviz2]: Message Filter dropping message: frame 'os_lidar' at time 1755035759.869 for reason 'discarding message because the queue is full'
1755035761.0725029 [rviz2-1] [INFO] [1755035761.072276329] [ouster.rviz2]: Message Filter dropping message: frame 'os_lidar' at time 1755035759.969 for reason 'discarding message because the queue is full'
1755035761.2005816 [rviz2-1] [INFO] [1755035761.200385523] [ouster.rviz2]: Message Filter dropping message: frame 'os_lidar' at time 1755035760.069 for reason 'discarding message because the queue is full'
1755035761.2968845 [rviz2-1] [INFO] [1755035761.296655990] [ouster.rviz2]: Message Filter dropping message: frame 'os_lidar' at time 1755035760.169 for reason 'discarding message because the queue is full'
1755035761.3931248 [rviz2-1] [INFO] [1755035761.392861027] [ouster.rviz2]: Message Filter dropping message: frame 'os_lidar' at time 1755035760.269 for reason 'discarding message because the queue is full'
1755035761.4886954 [rviz2-1] [INFO] [1755035761.488403527] [ouster.rviz2]: Message Filter dropping message: frame 'os_lidar' at time 1755035760.369 for reason 'discarding message because the queue is full'
1755035761.5851059 [rviz2-1] [INFO] [1755035761.584850264] [ouster.rviz2]: Message Filter dropping message: frame 'os_lidar' at time 1755035760.469 for reason 'discarding message because the queue is full'
1755035761.6806731 [rviz2-1] [INFO] [1755035761.680484884] [ouster.rviz2]: Message Filter dropping message: frame 'os_lidar' at time 1755035760.569 for reason 'discarding message because the queue is full'
1755035761.7769401 [rviz2-1] [INFO] [1755035761.776692561] [ouster.rviz2]: Message Filter dropping message: frame 'os_lidar' at time 1755035760.669 for reason 'discarding message because the queue is full'
1755035761.8734989 [rviz2-1] [INFO] [1755035761.873255596] [ouster.rviz2]: Message Filter dropping message: frame 'os_lidar' at time 1755035760.769 for reason 'discarding message because the queue is full'
1755035762.0009036 [rviz2-1] [INFO] [1755035762.000723903] [ouster.rviz2]: Message Filter dropping message: frame 'os_lidar' at time 1755035760.869 for reason 'discarding message because the queue is full'
1755035762.0967541 [rviz2-1] [INFO] [1755035762.096605572] [ouster.rviz2]: Message Filter dropping message: frame 'os_lidar' at time 1755035760.969 for reason 'discarding message because the queue is full'
1755035762.1926639 [rviz2-1] [INFO] [1755035762.192496621] [ouster.rviz2]: Message Filter dropping message: frame 'os_lidar' at time 1755035761.069 for reason 'discarding message because the queue is full'
1755035762.2886543 [rviz2-1] [INFO] [1755035762.288458859] [ouster.rviz2]: Message Filter dropping message: frame 'os_lidar' at time 1755035761.169 for reason 'discarding message because the queue is full'
1755035762.3846967 [rviz2-1] [INFO] [1755035762.384469247] [ouster.rviz2]: Message Filter dropping message: frame 'os_lidar' at time 1755035761.269 for reason 'discarding message because the queue is full'
1755035762.4814312 [rviz2-1] [INFO] [1755035762.481196952] [ouster.rviz2]: Message Filter dropping message: frame 'os_lidar' at time 1755035761.369 for reason 'discarding message because the queue is full'
1755035762.5770071 [rviz2-1] [INFO] [1755035762.576758533] [ouster.rviz2]: Message Filter dropping message: frame 'os_lidar' at time 1755035761.469 for reason 'discarding message because the queue is full'
1755035762.6733868 [rviz2-1] [INFO] [1755035762.673092699] [ouster.rviz2]: Message Filter dropping message: frame 'os_lidar' at time 1755035761.569 for reason 'discarding message because the queue is full'
1755035762.8006139 [rviz2-1] [INFO] [1755035762.800415457] [ouster.rviz2]: Message Filter dropping message: frame 'os_lidar' at time 1755035761.669 for reason 'discarding message because the queue is full'
1755035762.8970945 [rviz2-1] [INFO] [1755035762.896774033] [ouster.rviz2]: Message Filter dropping message: frame 'os_lidar' at time 1755035761.769 for reason 'discarding message because the queue is full'
1755035762.9932482 [rviz2-1] [INFO] [1755035762.993035850] [ouster.rviz2]: Message Filter dropping message: frame 'os_lidar' at time 1755035761.869 for reason 'discarding message because the queue is full'
1755035763.0893390 [rviz2-1] [INFO] [1755035763.089148588] [ouster.rviz2]: Message Filter dropping message: frame 'os_lidar' at time 1755035761.969 for reason 'discarding message because the queue is full'
1755035763.1850240 [rviz2-1] [INFO] [1755035763.184748528] [ouster.rviz2]: Message Filter dropping message: frame 'os_lidar' at time 1755035762.069 for reason 'discarding message because the queue is full'
1755035763.2809944 [rviz2-1] [INFO] [1755035763.280738847] [ouster.rviz2]: Message Filter dropping message: frame 'os_lidar' at time 1755035762.169 for reason 'discarding message because the queue is full'
1755035763.3776314 [rviz2-1] [INFO] [1755035763.377246862] [ouster.rviz2]: Message Filter dropping message: frame 'os_lidar' at time 1755035762.269 for reason 'discarding message because the queue is full'
1755035763.4727108 [rviz2-1] [INFO] [1755035763.472476835] [ouster.rviz2]: Message Filter dropping message: frame 'os_lidar' at time 1755035762.369 for reason 'discarding message because the queue is full'
1755035763.6013141 [rviz2-1] [INFO] [1755035763.601107016] [ouster.rviz2]: Message Filter dropping message: frame 'os_lidar' at time 1755035762.469 for reason 'discarding message because the queue is full'
1755035763.6967883 [rviz2-1] [INFO] [1755035763.696601677] [ouster.rviz2]: Message Filter dropping message: frame 'os_lidar' at time 1755035762.569 for reason 'discarding message because the queue is full'
1755035763.7934394 [rviz2-1] [INFO] [1755035763.793216632] [ouster.rviz2]: Message Filter dropping message: frame 'os_lidar' at time 1755035762.669 for reason 'discarding message because the queue is full'
1755035763.8891706 [rviz2-1] [INFO] [1755035763.888919272] [ouster.rviz2]: Message Filter dropping message: frame 'os_lidar' at time 1755035762.769 for reason 'discarding message because the queue is full'
1755035763.9849987 [rviz2-1] [INFO] [1755035763.984746642] [ouster.rviz2]: Message Filter dropping message: frame 'os_lidar' at time 1755035762.869 for reason 'discarding message because the queue is full'
1755035764.0813494 [rviz2-1] [INFO] [1755035764.081154858] [ouster.rviz2]: Message Filter dropping message: frame 'os_lidar' at time 1755035762.969 for reason 'discarding message because the queue is full'
1755035764.1767631 [rviz2-1] [INFO] [1755035764.176572219] [ouster.rviz2]: Message Filter dropping message: frame 'os_lidar' at time 1755035763.069 for reason 'discarding message because the queue is full'
1755035764.2731876 [rviz2-1] [INFO] [1755035764.272983976] [ouster.rviz2]: Message Filter dropping message: frame 'os_lidar' at time 1755035763.169 for reason 'discarding message because the queue is full'
1755035764.4013150 [rviz2-1] [INFO] [1755035764.401119920] [ouster.rviz2]: Message Filter dropping message: frame 'os_lidar' at time 1755035763.269 for reason 'discarding message because the queue is full'
1755035764.4975169 [rviz2-1] [INFO] [1755035764.497267868] [ouster.rviz2]: Message Filter dropping message: frame 'os_lidar' at time 1755035763.369 for reason 'discarding message because the queue is full'
1755035764.5934999 [rviz2-1] [INFO] [1755035764.593303666] [ouster.rviz2]: Message Filter dropping message: frame 'os_lidar' at time 1755035763.469 for reason 'discarding message because the queue is full'
1755035764.6892278 [rviz2-1] [INFO] [1755035764.688943866] [ouster.rviz2]: Message Filter dropping message: frame 'os_lidar' at time 1755035763.569 for reason 'discarding message because the queue is full'
1755035764.7854242 [rviz2-1] [INFO] [1755035764.785139744] [ouster.rviz2]: Message Filter dropping message: frame 'os_lidar' at time 1755035763.669 for reason 'discarding message because the queue is full'
1755035764.8806331 [rviz2-1] [INFO] [1755035764.880370026] [ouster.rviz2]: Message Filter dropping message: frame 'os_lidar' at time 1755035763.769 for reason 'discarding message because the queue is full'
1755035764.9769497 [rviz2-1] [INFO] [1755035764.976653653] [ouster.rviz2]: Message Filter dropping message: frame 'os_lidar' at time 1755035763.869 for reason 'discarding message because the queue is full'
1755035765.0731308 [rviz2-1] [INFO] [1755035765.072847881] [ouster.rviz2]: Message Filter dropping message: frame 'os_lidar' at time 1755035763.969 for reason 'discarding message because the queue is full'
1755035765.2005353 [rviz2-1] [INFO] [1755035765.200309998] [ouster.rviz2]: Message Filter dropping message: frame 'os_lidar' at time 1755035764.069 for reason 'discarding message because the queue is full'
1755035765.2972181 [rviz2-1] [INFO] [1755035765.297048223] [ouster.rviz2]: Message Filter dropping message: frame 'os_lidar' at time 1755035764.169 for reason 'discarding message because the queue is full'
1755035765.3926337 [rviz2-1] [INFO] [1755035765.392416795] [ouster.rviz2]: Message Filter dropping message: frame 'os_lidar' at time 1755035764.269 for reason 'discarding message because the queue is full'
1755035765.4891884 [rviz2-1] [INFO] [1755035765.488903551] [ouster.rviz2]: Message Filter dropping message: frame 'os_lidar' at time 1755035764.369 for reason 'discarding message because the queue is full'
1755035765.5855558 [rviz2-1] [INFO] [1755035765.585240358] [ouster.rviz2]: Message Filter dropping message: frame 'os_lidar' at time 1755035764.469 for reason 'discarding message because the queue is full'
1755035765.6808622 [rviz2-1] [INFO] [1755035765.680704289] [ouster.rviz2]: Message Filter dropping message: frame 'os_lidar' at time 1755035764.569 for reason 'discarding message because the queue is full'
1755035765.7766979 [rviz2-1] [INFO] [1755035765.776391610] [ouster.rviz2]: Message Filter dropping message: frame 'os_lidar' at time 1755035764.669 for reason 'discarding message because the queue is full'
1755035765.8727264 [rviz2-1] [INFO] [1755035765.872416568] [ouster.rviz2]: Message Filter dropping message: frame 'os_lidar' at time 1755035764.769 for reason 'discarding message because the queue is full'
1755035766.0005937 [rviz2-1] [INFO] [1755035766.000380253] [ouster.rviz2]: Message Filter dropping message: frame 'os_lidar' at time 1755035764.869 for reason 'discarding message because the queue is full'
1755035766.0972025 [rviz2-1] [INFO] [1755035766.097023738] [ouster.rviz2]: Message Filter dropping message: frame 'os_lidar' at time 1755035764.969 for reason 'discarding message because the queue is full'
1755035766.1934695 [rviz2-1] [INFO] [1755035766.193264866] [ouster.rviz2]: Message Filter dropping message: frame 'os_lidar' at time 1755035765.069 for reason 'discarding message because the queue is full'
1755035766.2891104 [rviz2-1] [INFO] [1755035766.288905386] [ouster.rviz2]: Message Filter dropping message: frame 'os_lidar' at time 1755035765.169 for reason 'discarding message because the queue is full'
1755035766.3855112 [rviz2-1] [INFO] [1755035766.385276883] [ouster.rviz2]: Message Filter dropping message: frame 'os_lidar' at time 1755035765.269 for reason 'discarding message because the queue is full'
1755035766.4813638 [rviz2-1] [INFO] [1755035766.481126153] [ouster.rviz2]: Message Filter dropping message: frame 'os_lidar' at time 1755035765.369 for reason 'discarding message because the queue is full'
1755035766.5772984 [rviz2-1] [INFO] [1755035766.577054062] [ouster.rviz2]: Message Filter dropping message: frame 'os_lidar' at time 1755035765.469 for reason 'discarding message because the queue is full'
1755035766.6730306 [rviz2-1] [INFO] [1755035766.672751982] [ouster.rviz2]: Message Filter dropping message: frame 'os_lidar' at time 1755035765.569 for reason 'discarding message because the queue is full'
1755035766.8006463 [rviz2-1] [INFO] [1755035766.800467628] [ouster.rviz2]: Message Filter dropping message: frame 'os_lidar' at time 1755035765.669 for reason 'discarding message because the queue is full'
1755035766.8965566 [rviz2-1] [INFO] [1755035766.896370117] [ouster.rviz2]: Message Filter dropping message: frame 'os_lidar' at time 1755035765.769 for reason 'discarding message because the queue is full'
1755035766.9932513 [rviz2-1] [INFO] [1755035766.993049883] [ouster.rviz2]: Message Filter dropping message: frame 'os_lidar' at time 1755035765.869 for reason 'discarding message because the queue is full'
1755035767.0893517 [rviz2-1] [INFO] [1755035767.089109011] [ouster.rviz2]: Message Filter dropping message: frame 'os_lidar' at time 1755035765.969 for reason 'discarding message because the queue is full'
1755035767.1853151 [rviz2-1] [INFO] [1755035767.185089650] [ouster.rviz2]: Message Filter dropping message: frame 'os_lidar' at time 1755035766.069 for reason 'discarding message because the queue is full'
1755035767.2814720 [rviz2-1] [INFO] [1755035767.281281948] [ouster.rviz2]: Message Filter dropping message: frame 'os_lidar' at time 1755035766.169 for reason 'discarding message because the queue is full'
1755035767.3779767 [rviz2-1] [INFO] [1755035767.377272327] [ouster.rviz2]: Message Filter dropping message: frame 'os_lidar' at time 1755035766.269 for reason 'discarding message because the queue is full'
1755035767.4733102 [rviz2-1] [INFO] [1755035767.473133526] [ouster.rviz2]: Message Filter dropping message: frame 'os_lidar' at time 1755035766.369 for reason 'discarding message because the queue is full'
1755035767.6012785 [rviz2-1] [INFO] [1755035767.601104601] [ouster.rviz2]: Message Filter dropping message: frame 'os_lidar' at time 1755035766.469 for reason 'discarding message because the queue is full'
1755035767.6973784 [rviz2-1] [INFO] [1755035767.697131590] [ouster.rviz2]: Message Filter dropping message: frame 'os_lidar' at time 1755035766.569 for reason 'discarding message because the queue is full'
1755035767.7933037 [rviz2-1] [INFO] [1755035767.793085269] [ouster.rviz2]: Message Filter dropping message: frame 'os_lidar' at time 1755035766.669 for reason 'discarding message because the queue is full'
1755035767.8893290 [rviz2-1] [INFO] [1755035767.889086368] [ouster.rviz2]: Message Filter dropping message: frame 'os_lidar' at time 1755035766.769 for reason 'discarding message because the queue is full'
1755035767.9852843 [rviz2-1] [INFO] [1755035767.985110336] [ouster.rviz2]: Message Filter dropping message: frame 'os_lidar' at time 1755035766.869 for reason 'discarding message because the queue is full'
1755035768.0812976 [rviz2-1] [INFO] [1755035768.081107746] [ouster.rviz2]: Message Filter dropping message: frame 'os_lidar' at time 1755035766.969 for reason 'discarding message because the queue is full'
1755035768.1772971 [rviz2-1] [INFO] [1755035768.176986775] [ouster.rviz2]: Message Filter dropping message: frame 'os_lidar' at time 1755035767.069 for reason 'discarding message because the queue is full'
1755035768.2730603 [rviz2-1] [INFO] [1755035768.272913954] [ouster.rviz2]: Message Filter dropping message: frame 'os_lidar' at time 1755035767.169 for reason 'discarding message because the queue is full'
1755035768.4012997 [rviz2-1] [INFO] [1755035768.401114569] [ouster.rviz2]: Message Filter dropping message: frame 'os_lidar' at time 1755035767.269 for reason 'discarding message because the queue is full'
1755035768.4972785 [rviz2-1] [INFO] [1755035768.497094768] [ouster.rviz2]: Message Filter dropping message: frame 'os_lidar' at time 1755035767.369 for reason 'discarding message because the queue is full'
1755035768.5933759 [rviz2-1] [INFO] [1755035768.593172596] [ouster.rviz2]: Message Filter dropping message: frame 'os_lidar' at time 1755035767.469 for reason 'discarding message because the queue is full'
1755035768.6891236 [rviz2-1] [INFO] [1755035768.688941856] [ouster.rviz2]: Message Filter dropping message: frame 'os_lidar' at time 1755035767.569 for reason 'discarding message because the queue is full'
1755035768.7850363 [rviz2-1] [INFO] [1755035768.784950585] [ouster.rviz2]: Message Filter dropping message: frame 'os_lidar' at time 1755035767.669 for reason 'discarding message because the queue is full'
1755035768.8812604 [rviz2-1] [INFO] [1755035768.881058803] [ouster.rviz2]: Message Filter dropping message: frame 'os_lidar' at time 1755035767.769 for reason 'discarding message because the queue is full'
1755035768.9777284 [rviz2-1] [INFO] [1755035768.977539830] [ouster.rviz2]: Message Filter dropping message: frame 'os_lidar' at time 1755035767.869 for reason 'discarding message because the queue is full'
1755035769.0736115 [rviz2-1] [INFO] [1755035769.073353070] [ouster.rviz2]: Message Filter dropping message: frame 'os_lidar' at time 1755035767.969 for reason 'discarding message because the queue is full'
1755035769.2013879 [rviz2-1] [INFO] [1755035769.201167066] [ouster.rviz2]: Message Filter dropping message: frame 'os_lidar' at time 1755035768.069 for reason 'discarding message because the queue is full'
1755035769.2967165 [rviz2-1] [INFO] [1755035769.296470199] [ouster.rviz2]: Message Filter dropping message: frame 'os_lidar' at time 1755035768.169 for reason 'discarding message because the queue is full'
1755035769.3927414 [rviz2-1] [INFO] [1755035769.392550317] [ouster.rviz2]: Message Filter dropping message: frame 'os_lidar' at time 1755035768.269 for reason 'discarding message because the queue is full'
1755035769.4891720 [rviz2-1] [INFO] [1755035769.488995604] [ouster.rviz2]: Message Filter dropping message: frame 'os_lidar' at time 1755035768.369 for reason 'discarding message because the queue is full'
1755035769.5852833 [rviz2-1] [INFO] [1755035769.585114162] [ouster.rviz2]: Message Filter dropping message: frame 'os_lidar' at time 1755035768.469 for reason 'discarding message because the queue is full'
1755035769.6807857 [rviz2-1] [INFO] [1755035769.680619724] [ouster.rviz2]: Message Filter dropping message: frame 'os_lidar' at time 1755035768.569 for reason 'discarding message because the queue is full'
1755035769.7778451 [rviz2-1] [INFO] [1755035769.777691987] [ouster.rviz2]: Message Filter dropping message: frame 'os_lidar' at time 1755035768.669 for reason 'discarding message because the queue is full'
1755035769.8733804 [rviz2-1] [INFO] [1755035769.873205039] [ouster.rviz2]: Message Filter dropping message: frame 'os_lidar' at time 1755035768.769 for reason 'discarding message because the queue is full'
1755035770.0012450 [rviz2-1] [INFO] [1755035770.001094265] [ouster.rviz2]: Message Filter dropping message: frame 'os_lidar' at time 1755035768.869 for reason 'discarding message because the queue is full'
1755035770.0973856 [rviz2-1] [INFO] [1755035770.097211503] [ouster.rviz2]: Message Filter dropping message: frame 'os_lidar' at time 1755035768.969 for reason 'discarding message because the queue is full'
1755035770.1934445 [rviz2-1] [INFO] [1755035770.193273772] [ouster.rviz2]: Message Filter dropping message: frame 'os_lidar' at time 1755035769.069 for reason 'discarding message because the queue is full'
1755035770.2891064 [rviz2-1] [INFO] [1755035770.288950933] [ouster.rviz2]: Message Filter dropping message: frame 'os_lidar' at time 1755035769.169 for reason 'discarding message because the queue is full'
1755035770.3853338 [rviz2-1] [INFO] [1755035770.385183381] [ouster.rviz2]: Message Filter dropping message: frame 'os_lidar' at time 1755035769.269 for reason 'discarding message because the queue is full'
1755035770.4812510 [rviz2-1] [INFO] [1755035770.481086871] [ouster.rviz2]: Message Filter dropping message: frame 'os_lidar' at time 1755035769.369 for reason 'discarding message because the queue is full'
1755035770.5777972 [rviz2-1] [INFO] [1755035770.577596927] [ouster.rviz2]: Message Filter dropping message: frame 'os_lidar' at time 1755035769.469 for reason 'discarding message because the queue is full'
1755035770.6733143 [rviz2-1] [INFO] [1755035770.673137509] [ouster.rviz2]: Message Filter dropping message: frame 'os_lidar' at time 1755035769.569 for reason 'discarding message because the queue is full'
1755035770.8015392 [rviz2-1] [INFO] [1755035770.801390433] [ouster.rviz2]: Message Filter dropping message: frame 'os_lidar' at time 1755035769.669 for reason 'discarding message because the queue is full'
1755035770.8987293 [rviz2-1] [INFO] [1755035770.898556696] [ouster.rviz2]: Message Filter dropping message: frame 'os_lidar' at time 1755035769.769 for reason 'discarding message because the queue is full'
1755035770.9931889 [rviz2-1] [INFO] [1755035770.993044813] [ouster.rviz2]: Message Filter dropping message: frame 'os_lidar' at time 1755035769.869 for reason 'discarding message because the queue is full'
1755035771.0889685 [rviz2-1] [INFO] [1755035771.088794833] [ouster.rviz2]: Message Filter dropping message: frame 'os_lidar' at time 1755035769.969 for reason 'discarding message because the queue is full'
1755035771.1849966 [rviz2-1] [INFO] [1755035771.184878632] [ouster.rviz2]: Message Filter dropping message: frame 'os_lidar' at time 1755035770.069 for reason 'discarding message because the queue is full'
1755035771.2807009 [rviz2-1] [INFO] [1755035771.280585003] [ouster.rviz2]: Message Filter dropping message: frame 'os_lidar' at time 1755035770.169 for reason 'discarding message because the queue is full'
1755035771.3774750 [rviz2-1] [INFO] [1755035771.377268328] [ouster.rviz2]: Message Filter dropping message: frame 'os_lidar' at time 1755035770.269 for reason 'discarding message because the queue is full'
1755035771.4727542 [rviz2-1] [INFO] [1755035771.472570941] [ouster.rviz2]: Message Filter dropping message: frame 'os_lidar' at time 1755035770.369 for reason 'discarding message because the queue is full'
1755035771.6008677 [rviz2-1] [INFO] [1755035771.600720666] [ouster.rviz2]: Message Filter dropping message: frame 'os_lidar' at time 1755035770.469 for reason 'discarding message because the queue is full'
1755035771.6967804 [rviz2-1] [INFO] [1755035771.696593166] [ouster.rviz2]: Message Filter dropping message: frame 'os_lidar' at time 1755035770.569 for reason 'discarding message because the queue is full'
1755035771.7932382 [rviz2-1] [INFO] [1755035771.793088193] [ouster.rviz2]: Message Filter dropping message: frame 'os_lidar' at time 1755035770.669 for reason 'discarding message because the queue is full'
1755035771.8886976 [rviz2-1] [INFO] [1755035771.888555525] [ouster.rviz2]: Message Filter dropping message: frame 'os_lidar' at time 1755035770.769 for reason 'discarding message because the queue is full'
1755035771.9853632 [rviz2-1] [INFO] [1755035771.985187831] [ouster.rviz2]: Message Filter dropping message: frame 'os_lidar' at time 1755035770.869 for reason 'discarding message because the queue is full'
1755035772.0809093 [rviz2-1] [INFO] [1755035772.080765262] [ouster.rviz2]: Message Filter dropping message: frame 'os_lidar' at time 1755035770.969 for reason 'discarding message because the queue is full'
1755035772.1771841 [rviz2-1] [INFO] [1755035772.176987030] [ouster.rviz2]: Message Filter dropping message: frame 'os_lidar' at time 1755035771.069 for reason 'discarding message because the queue is full'
1755035772.2727191 [rviz2-1] [INFO] [1755035772.272536192] [ouster.rviz2]: Message Filter dropping message: frame 'os_lidar' at time 1755035771.169 for reason 'discarding message because the queue is full'
1755035772.4007897 [rviz2-1] [INFO] [1755035772.400602027] [ouster.rviz2]: Message Filter dropping message: frame 'os_lidar' at time 1755035771.269 for reason 'discarding message because the queue is full'
1755035772.4972110 [rviz2-1] [INFO] [1755035772.497003845] [ouster.rviz2]: Message Filter dropping message: frame 'os_lidar' at time 1755035771.369 for reason 'discarding message because the queue is full'
1755035772.5927701 [rviz2-1] [INFO] [1755035772.592620606] [ouster.rviz2]: Message Filter dropping message: frame 'os_lidar' at time 1755035771.469 for reason 'discarding message because the queue is full'
1755035772.6886182 [rviz2-1] [INFO] [1755035772.688419376] [ouster.rviz2]: Message Filter dropping message: frame 'os_lidar' at time 1755035771.569 for reason 'discarding message because the queue is full'
1755035772.7854409 [rviz2-1] [INFO] [1755035772.785245762] [ouster.rviz2]: Message Filter dropping message: frame 'os_lidar' at time 1755035771.669 for reason 'discarding message because the queue is full'
1755035772.8813286 [rviz2-1] [INFO] [1755035772.881156591] [ouster.rviz2]: Message Filter dropping message: frame 'os_lidar' at time 1755035771.769 for reason 'discarding message because the queue is full'
1755035772.9764676 [rviz2-1] [INFO] [1755035772.976274395] [ouster.rviz2]: Message Filter dropping message: frame 'os_lidar' at time 1755035771.869 for reason 'discarding message because the queue is full'
1755035773.0730221 [rviz2-1] [INFO] [1755035773.072822112] [ouster.rviz2]: Message Filter dropping message: frame 'os_lidar' at time 1755035771.969 for reason 'discarding message because the queue is full'
1755035773.2008092 [rviz2-1] [INFO] [1755035773.200628359] [ouster.rviz2]: Message Filter dropping message: frame 'os_lidar' at time 1755035772.069 for reason 'discarding message because the queue is full'
1755035773.2968717 [rviz2-1] [INFO] [1755035773.296722607] [ouster.rviz2]: Message Filter dropping message: frame 'os_lidar' at time 1755035772.169 for reason 'discarding message because the queue is full'
1755035773.3932581 [rviz2-1] [INFO] [1755035773.393086444] [ouster.rviz2]: Message Filter dropping message: frame 'os_lidar' at time 1755035772.269 for reason 'discarding message because the queue is full'
1755035773.4892371 [rviz2-1] [INFO] [1755035773.489064614] [ouster.rviz2]: Message Filter dropping message: frame 'os_lidar' at time 1755035772.369 for reason 'discarding message because the queue is full'
1755035773.5853105 [rviz2-1] [INFO] [1755035773.585144674] [ouster.rviz2]: Message Filter dropping message: frame 'os_lidar' at time 1755035772.469 for reason 'discarding message because the queue is full'
1755035773.6809826 [rviz2-1] [INFO] [1755035773.680823204] [ouster.rviz2]: Message Filter dropping message: frame 'os_lidar' at time 1755035772.569 for reason 'discarding message because the queue is full'
1755035773.7776201 [rviz2-1] [INFO] [1755035773.777256821] [ouster.rviz2]: Message Filter dropping message: frame 'os_lidar' at time 1755035772.669 for reason 'discarding message because the queue is full'
1755035773.8733177 [rviz2-1] [INFO] [1755035773.873143690] [ouster.rviz2]: Message Filter dropping message: frame 'os_lidar' at time 1755035772.769 for reason 'discarding message because the queue is full'
1755035774.0011344 [rviz2-1] [INFO] [1755035774.000955395] [ouster.rviz2]: Message Filter dropping message: frame 'os_lidar' at time 1755035772.869 for reason 'discarding message because the queue is full'
1755035774.0972214 [rviz2-1] [INFO] [1755035774.097055514] [ouster.rviz2]: Message Filter dropping message: frame 'os_lidar' at time 1755035772.969 for reason 'discarding message because the queue is full'
1755035774.1931188 [rviz2-1] [INFO] [1755035774.192942473] [ouster.rviz2]: Message Filter dropping message: frame 'os_lidar' at time 1755035773.069 for reason 'discarding message because the queue is full'
1755035774.2893386 [rviz2-1] [INFO] [1755035774.289146242] [ouster.rviz2]: Message Filter dropping message: frame 'os_lidar' at time 1755035773.169 for reason 'discarding message because the queue is full'
1755035774.3848534 [rviz2-1] [INFO] [1755035774.384704332] [ouster.rviz2]: Message Filter dropping message: frame 'os_lidar' at time 1755035773.269 for reason 'discarding message because the queue is full'
1755035774.4811897 [rviz2-1] [INFO] [1755035774.481023890] [ouster.rviz2]: Message Filter dropping message: frame 'os_lidar' at time 1755035773.369 for reason 'discarding message because the queue is full'
1755035774.5767014 [rviz2-1] [INFO] [1755035774.576456283] [ouster.rviz2]: Message Filter dropping message: frame 'os_lidar' at time 1755035773.469 for reason 'discarding message because the queue is full'
1755035774.6735110 [rviz2-1] [INFO] [1755035774.673332678] [ouster.rviz2]: Message Filter dropping message: frame 'os_lidar' at time 1755035773.569 for reason 'discarding message because the queue is full'
1755035774.8012531 [rviz2-1] [INFO] [1755035774.801103234] [ouster.rviz2]: Message Filter dropping message: frame 'os_lidar' at time 1755035773.669 for reason 'discarding message because the queue is full'
1755035774.8972540 [rviz2-1] [INFO] [1755035774.897073742] [ouster.rviz2]: Message Filter dropping message: frame 'os_lidar' at time 1755035773.769 for reason 'discarding message because the queue is full'
1755035774.9936094 [rviz2-1] [INFO] [1755035774.993405020] [ouster.rviz2]: Message Filter dropping message: frame 'os_lidar' at time 1755035773.869 for reason 'discarding message because the queue is full'
1755035775.0885401 [rviz2-1] [INFO] [1755035775.088373255] [ouster.rviz2]: Message Filter dropping message: frame 'os_lidar' at time 1755035773.969 for reason 'discarding message because the queue is full'
1755035775.1849508 [rviz2-1] [INFO] [1755035775.184760592] [ouster.rviz2]: Message Filter dropping message: frame 'os_lidar' at time 1755035774.069 for reason 'discarding message because the queue is full'
1755035775.2812500 [rviz2-1] [INFO] [1755035775.281113600] [ouster.rviz2]: Message Filter dropping message: frame 'os_lidar' at time 1755035774.169 for reason 'discarding message because the queue is full'
1755035775.3777339 [rviz2-1] [INFO] [1755035775.377405338] [ouster.rviz2]: Message Filter dropping message: frame 'os_lidar' at time 1755035774.269 for reason 'discarding message because the queue is full'
1755035775.4730768 [rviz2-1] [INFO] [1755035775.472879121] [ouster.rviz2]: Message Filter dropping message: frame 'os_lidar' at time 1755035774.369 for reason 'discarding message because the queue is full'
1755035775.6011705 [rviz2-1] [INFO] [1755035775.601004676] [ouster.rviz2]: Message Filter dropping message: frame 'os_lidar' at time 1755035774.469 for reason 'discarding message because the queue is full'
1755035775.6969645 [rviz2-1] [INFO] [1755035775.696840137] [ouster.rviz2]: Message Filter dropping message: frame 'os_lidar' at time 1755035774.569 for reason 'discarding message because the queue is full'
1755035775.7933109 [rviz2-1] [INFO] [1755035775.793156885] [ouster.rviz2]: Message Filter dropping message: frame 'os_lidar' at time 1755035774.669 for reason 'discarding message because the queue is full'
1755035775.8890021 [rviz2-1] [INFO] [1755035775.888824806] [ouster.rviz2]: Message Filter dropping message: frame 'os_lidar' at time 1755035774.769 for reason 'discarding message because the queue is full'
1755035775.9854269 [rviz2-1] [INFO] [1755035775.985258364] [ouster.rviz2]: Message Filter dropping message: frame 'os_lidar' at time 1755035774.869 for reason 'discarding message because the queue is full'
1755035776.0810316 [rviz2-1] [INFO] [1755035776.080889185] [ouster.rviz2]: Message Filter dropping message: frame 'os_lidar' at time 1755035774.969 for reason 'discarding message because the queue is full'
1755035776.1778772 [rviz2-1] [INFO] [1755035776.177684151] [ouster.rviz2]: Message Filter dropping message: frame 'os_lidar' at time 1755035775.069 for reason 'discarding message because the queue is full'
1755035776.2738259 [rviz2-1] [INFO] [1755035776.273605061] [ouster.rviz2]: Message Filter dropping message: frame 'os_lidar' at time 1755035775.169 for reason 'discarding message because the queue is full'
1755035776.4012401 [rviz2-1] [INFO] [1755035776.401045240] [ouster.rviz2]: Message Filter dropping message: frame 'os_lidar' at time 1755035775.269 for reason 'discarding message because the queue is full'
1755035776.4969692 [rviz2-1] [INFO] [1755035776.496768481] [ouster.rviz2]: Message Filter dropping message: frame 'os_lidar' at time 1755035775.369 for reason 'discarding message because the queue is full'
1755035776.5933828 [rviz2-1] [INFO] [1755035776.593183459] [ouster.rviz2]: Message Filter dropping message: frame 'os_lidar' at time 1755035775.469 for reason 'discarding message because the queue is full'
1755035776.6891489 [rviz2-1] [INFO] [1755035776.689003709] [ouster.rviz2]: Message Filter dropping message: frame 'os_lidar' at time 1755035775.569 for reason 'discarding message because the queue is full'
1755035776.7851453 [rviz2-1] [INFO] [1755035776.785020269] [ouster.rviz2]: Message Filter dropping message: frame 'os_lidar' at time 1755035775.669 for reason 'discarding message because the queue is full'
1755035776.8809681 [rviz2-1] [INFO] [1755035776.880820220] [ouster.rviz2]: Message Filter dropping message: frame 'os_lidar' at time 1755035775.769 for reason 'discarding message because the queue is full'
1755035776.9774008 [rviz2-1] [INFO] [1755035776.977241158] [ouster.rviz2]: Message Filter dropping message: frame 'os_lidar' at time 1755035775.869 for reason 'discarding message because the queue is full'
1755035777.0730801 [rviz2-1] [INFO] [1755035777.072923979] [ouster.rviz2]: Message Filter dropping message: frame 'os_lidar' at time 1755035775.969 for reason 'discarding message because the queue is full'
1755035777.2011573 [rviz2-1] [INFO] [1755035777.200985495] [ouster.rviz2]: Message Filter dropping message: frame 'os_lidar' at time 1755035776.069 for reason 'discarding message because the queue is full'
1755035777.2972150 [rviz2-1] [INFO] [1755035777.297086114] [ouster.rviz2]: Message Filter dropping message: frame 'os_lidar' at time 1755035776.169 for reason 'discarding message because the queue is full'
1755035777.3932354 [rviz2-1] [INFO] [1755035777.393079774] [ouster.rviz2]: Message Filter dropping message: frame 'os_lidar' at time 1755035776.269 for reason 'discarding message because the queue is full'
1755035777.4894183 [rviz2-1] [INFO] [1755035777.489254873] [ouster.rviz2]: Message Filter dropping message: frame 'os_lidar' at time 1755035776.369 for reason 'discarding message because the queue is full'
1755035777.5853465 [rviz2-1] [INFO] [1755035777.585146554] [ouster.rviz2]: Message Filter dropping message: frame 'os_lidar' at time 1755035776.469 for reason 'discarding message because the queue is full'
1755035800.1636741 [rviz2-1] [INFO] [1755035800.163511733] [ouster.rviz2]: Subscribing to: /dlio/pointcloud_map
1755035800.1637640 [rviz2-1] 
1755035814.9086733 [WARNING] [launch]: user interrupted with ctrl-c (SIGINT)
1755035815.8146229 [rviz2-1] [INFO] [1755035814.908498827] [rclcpp]: signal_handler(signum=2)
1755035815.8147228 [INFO] [pointcloud_to_laserscan_node-3]: process has finished cleanly [pid 5677]
1755035815.8147676 [INFO] [rviz2-1]: process has finished cleanly [pid 5675]
1755035816.0536864 [ERROR] [os_driver-2]: process has died [pid 5676, exit code -6, cmd '/home/dcist/dcist_ws/install/ouster_ros/lib/ouster_ros/os_driver --ros-args -r __node:=os_driver -r __ns:=/ouster --params-file /home/dcist/dcist_ws/install/brainbox_husky_bringup/share/brainbox_husky_bringup/config/ouster_driver_params.yaml'].
