1755201552.4498491 [INFO] [launch]: All log files can be found below /home/dcist/.ros/log/2025-08-14-19-59-12-449409-dcist-20459
1755201552.4499080 [INFO] [launch]: Default logging verbosity is set to INFO
1755201552.7041914 [INFO] [ublox_gps_node-1]: process started with pid [20476]
1755201552.7043111 [INFO] [rviz2-2]: process started with pid [20477]
1755201552.7044699 [INFO] [os_driver-3]: process started with pid [20478]
1755201552.7045183 [INFO] [robot_state_publisher-4]: process started with pid [20479]
1755201552.7045534 [INFO] [ros2_control_node-5]: process started with pid [20480]
1755201552.7045832 [INFO] [spawner-6]: process started with pid [20481]
1755201552.7046099 [INFO] [spawner-7]: process started with pid [20482]
1755201552.7046368 [INFO] [ekf_node-8]: process started with pid [20483]
1755201552.7046633 [INFO] [marker_server-9]: process started with pid [20484]
1755201552.7046940 [INFO] [twist_mux-10]: process started with pid [20485]
1755201552.7047241 [INFO] [joy_linux_node-11]: process started with pid [20486]
1755201552.7047496 [INFO] [teleop_node-12]: process started with pid [20487]
1755201552.7047751 [INFO] [aggregator_node-13]: process started with pid [20488]
1755201552.7047989 [INFO] [clearpath_diagnostic_updater-14]: process started with pid [20489]
1755201552.7048235 [INFO] [foxglove_bridge-15]: process started with pid [20490]
1755201552.7048497 [INFO] [battery_state_control-16]: process started with pid [20491]
1755201552.7048738 [INFO] [battery_state_estimator-17]: process started with pid [20492]
1755201552.7049017 [INFO] [wireless_watcher-18]: process started with pid [20493]
1755201552.7049296 [INFO] [pointcloud_to_laserscan_node-19]: process started with pid [20494]
1755201552.7535560 [robot_state_publisher-4] [INFO] [1755201552.752963533] [a200_0000.robot_state_publisher]: Robot initialized
1755201553.4478099 [INFO] [spawner-6]: process has finished cleanly [pid 20481]
1755201555.6733418 [rviz2-2] qt.qpa.xcb: could not connect to display localhost:10.0
1755201555.6735106 [rviz2-2] qt.qpa.plugin: Could not load the Qt platform plugin "xcb" in "" even though it was found.
1755201555.6735511 [rviz2-2] This application failed to start because no Qt platform plugin could be initialized. Reinstalling the application may fix this problem.
1755201555.6735811 [rviz2-2] 
1755201555.6736050 [rviz2-2] Available platform plugins are: eglfs, linuxfb, minimal, minimalegl, offscreen, vnc, wayland-egl, wayland, wayland-xcomposite-egl, wayland-xcomposite-glx, xcb.
1755201555.6736240 [rviz2-2] 
1755201555.7678769 [ERROR] [rviz2-2]: process has died [pid 20477, exit code -6, cmd '/opt/ros/jazzy/lib/rviz2/rviz2 -d /home/dcist/dcist_ws/install/ouster_ros/share/ouster_ros/config/viz.rviz --ros-args -r __node:=rviz2 -r __ns:=/ouster'].
1755201555.8068166 [INFO] [spawner-7]: process has finished cleanly [pid 20482]
1755201573.7190678 [INFO] [launch.user]: os_driver activating...
1755202714.0580688 [WARNING] [launch]: user interrupted with ctrl-c (SIGINT)
1755202714.9705117 [ERROR] [battery_state_control-16]: process has died [pid 20491, exit code -2, cmd '/opt/ros/jazzy/lib/clearpath_hardware_interfaces/battery_state_control -s /etc/clearpath --ros-args -r __node:=battery_state_control -r __ns:=/a200_0000'].
1755202714.9705961 [ERROR] [battery_state_estimator-17]: process has died [pid 20492, exit code -2, cmd '/opt/ros/jazzy/lib/clearpath_hardware_interfaces/battery_state_estimator -s /etc/clearpath --ros-args -r __node:=battery_state_estimator -r __ns:=/a200_0000'].
1755202714.9706404 [ERROR] [os_driver-3]: process has died [pid 20478, exit code -11, cmd '/home/dcist/dcist_ws/install/ouster_ros/lib/ouster_ros/os_driver --ros-args -r __node:=os_driver -r __ns:=/ouster --params-file /home/dcist/dcist_ws/install/brainbox_husky_bringup/share/brainbox_husky_bringup/config/ouster_driver_params.yaml'].
1755202714.9706781 [ERROR] [joy_linux_node-11]: process has died [pid 20486, exit code -6, cmd '/opt/ros/jazzy/lib/joy_linux/joy_linux_node --ros-args -r __node:=joy_node -r __ns:=/a200_0000 --params-file /etc/clearpath/platform/config/teleop_joy.yaml --params-file /tmp/launch_params_zqpycml_ -r /diagnostics:=diagnostics -r /tf:=tf -r /tf_static:=tf_static -r joy:=joy_teleop/joy -r joy/set_feedback:=joy_teleop/joy/set_feedback'].
1755202714.9707127 [INFO] [teleop_node-12]: process has finished cleanly [pid 20487]
1755202714.9707375 [INFO] [marker_server-9]: process has finished cleanly [pid 20484]
1755202714.9707620 [INFO] [wireless_watcher-18]: process has finished cleanly [pid 20493]
1755202714.9707882 [INFO] [clearpath_diagnostic_updater-14]: process has finished cleanly [pid 20489]
1755202714.9708097 [INFO] [robot_state_publisher-4]: process has finished cleanly [pid 20479]
1755202714.9708295 [INFO] [aggregator_node-13]: process has finished cleanly [pid 20488]
1755202714.9708495 [INFO] [twist_mux-10]: process has finished cleanly [pid 20485]
1755202714.9708700 [INFO] [pointcloud_to_laserscan_node-19]: process has finished cleanly [pid 20494]
1755202714.9708936 [INFO] [foxglove_bridge-15]: process has finished cleanly [pid 20490]
1755202714.9709144 [INFO] [ekf_node-8]: process has finished cleanly [pid 20483]
1755202714.9709339 [INFO] [ublox_gps_node-1]: process has finished cleanly [pid 20476]
1755202714.9709578 [INFO] [ros2_control_node-5]: process has finished cleanly [pid 20480]
1755202714.9722886 [robot_state_publisher-4] [INFO] [1755202714.057739471] [rclcpp]: signal_handler(signum=2)
