1755036050.2631786 [INFO] [launch]: All log files can be found below /home/dcist/.ros/log/2025-08-12-22-00-50-262687-dcist-114
1755036050.2632496 [INFO] [launch]: Default logging verbosity is set to INFO
1755036050.4512336 [INFO] [rviz2-1]: process started with pid [130]
1755036050.4513175 [INFO] [os_driver-2]: process started with pid [131]
1755036050.4513485 [INFO] [pointcloud_to_laserscan_node-3]: process started with pid [132]
1755036050.4951410 [rviz2-1] QStandardPaths: XDG_RUNTIME_DIR not set, defaulting to '/tmp/runtime-dcist'
1755036050.8334172 [rviz2-1] [INFO] [1755036050.833329624] [rviz2]: Stereo is NOT SUPPORTED
1755036050.8336027 [rviz2-1] [INFO] [1755036050.833391173] [rviz2]: OpenGl version: 4.6 (GLSL 4.6)
1755036050.8970966 [rviz2-1] [INFO] [1755036050.896906514] [rviz2]: Stereo is NOT SUPPORTED
1755036050.9379466 [rviz2-1] [INFO] [1755036050.937764051] [ouster.rviz2]: Subscribing to: /ouster/points
1755036050.9380565 [rviz2-1] 
1755036050.9382005 [rviz2-1] [INFO] [1755036050.938013627] [ouster.rviz2]: Subscribing to: /ouster/points
1755036050.9382443 [rviz2-1] 
1755036050.9461114 [rviz2-1] [INFO] [1755036050.945987113] [ouster.rviz2]: Subscribing to: /ouster/points
1755036050.9461834 [rviz2-1] 
1755036050.9852607 [rviz2-1] [INFO] [1755036050.985082693] [rviz2]: Stereo is NOT SUPPORTED
1755036071.8766015 [INFO] [launch.user]: os_driver activating...
1755036089.7626381 [WARNING] [launch]: user interrupted with ctrl-c (SIGINT)
1755036089.8981118 [rviz2-1] [INFO] [1755036089.762477244] [rclcpp]: signal_handler(signum=2)
1755036089.8982081 [INFO] [pointcloud_to_laserscan_node-3]: process has finished cleanly [pid 132]
1755036090.0031898 [INFO] [rviz2-1]: process has finished cleanly [pid 130]
1755036090.9062040 [ERROR] [os_driver-2]: process has died [pid 131, exit code -6, cmd '/home/dcist/dcist_ws/install/ouster_ros/lib/ouster_ros/os_driver --ros-args -r __node:=os_driver -r __ns:=/ouster --params-file /home/dcist/dcist_ws/install/brainbox_husky_bringup/share/brainbox_husky_bringup/config/ouster_driver_params.yaml'].
