1755034406.0822108 [INFO] [launch]: All log files can be found below /home/dcist/.ros/log/2025-08-12-21-33-26-081692-dcist-473
1755034406.0822823 [INFO] [launch]: Default logging verbosity is set to INFO
1755034406.6541028 [INFO] [rviz2-1]: process started with pid [490]
1755034406.6542232 [INFO] [os_driver-2]: process started with pid [491]
1755034406.6542697 [INFO] [robot_state_publisher-3]: process started with pid [492]
1755034406.6543071 [INFO] [ros2_control_node-4]: process started with pid [493]
1755034406.6543403 [INFO] [spawner-5]: process started with pid [494]
1755034406.6543710 [INFO] [spawner-6]: process started with pid [495]
1755034406.6544061 [INFO] [ekf_node-7]: process started with pid [496]
1755034406.6544521 [INFO] [marker_server-8]: process started with pid [497]
1755034406.6544793 [INFO] [twist_mux-9]: process started with pid [498]
1755034406.6545055 [INFO] [joy_linux_node-10]: process started with pid [499]
1755034406.6545324 [INFO] [teleop_node-11]: process started with pid [500]
1755034406.6545584 [INFO] [aggregator_node-12]: process started with pid [501]
1755034406.6545870 [INFO] [clearpath_diagnostic_updater-13]: process started with pid [502]
1755034406.6546180 [INFO] [foxglove_bridge-14]: process started with pid [503]
1755034406.6546452 [INFO] [battery_state_control-15]: process started with pid [504]
1755034406.6546705 [INFO] [battery_state_estimator-16]: process started with pid [505]
1755034406.6546967 [INFO] [wireless_watcher-17]: process started with pid [506]
1755034406.6547229 [INFO] [pointcloud_to_laserscan_node-18]: process started with pid [507]
1755034406.7092609 [robot_state_publisher-3] [INFO] [1755034406.709008175] [a200_0000.robot_state_publisher]: Robot initialized
1755034406.7310967 [rviz2-1] QStandardPaths: XDG_RUNTIME_DIR not set, defaulting to '/tmp/runtime-dcist'
1755034407.1908906 [rviz2-1] [INFO] [1755034407.190669461] [rviz2]: Stereo is NOT SUPPORTED
1755034407.1910930 [rviz2-1] [INFO] [1755034407.190731890] [rviz2]: OpenGl version: 4.6 (GLSL 4.6)
1755034407.2350888 [rviz2-1] [INFO] [1755034407.234878117] [rviz2]: Stereo is NOT SUPPORTED
1755034407.2829120 [rviz2-1] [INFO] [1755034407.282715778] [ouster.rviz2]: Subscribing to: /ouster/points
1755034407.2830756 [rviz2-1] 
1755034407.2834508 [rviz2-1] [INFO] [1755034407.283355350] [ouster.rviz2]: Subscribing to: /ouster/points
1755034407.2834904 [rviz2-1] 
1755034407.2982392 [rviz2-1] [INFO] [1755034407.298026437] [ouster.rviz2]: Subscribing to: /ouster/points
1755034407.2983291 [rviz2-1] 
1755034407.3511744 [rviz2-1] [INFO] [1755034407.350904735] [rviz2]: Stereo is NOT SUPPORTED
1755034407.6975691 [INFO] [spawner-6]: process has finished cleanly [pid 495]
1755034407.9959779 [INFO] [spawner-5]: process has finished cleanly [pid 494]
1755034427.8542137 [INFO] [launch.user]: os_driver activating...
1755034548.6296144 [rviz2-1] [WARN] [1755034548.629392679] [rviz2]: topic '/map' has more than one types associated, rviz will arbitrarily use the type 'nav_msgs/msg/OccupancyGrid' -- all types for the topic: 'nav_msgs/msg/OccupancyGrid' 'sensor_msgs/msg/PointCloud2'
1755034704.9849155 [rviz2-1] [INFO] [1755034704.984689260] [ouster.rviz2]: Message Filter dropping message: frame 'map' at time 1755034604.831 for reason 'discarding message because the queue is full'
1755034714.9689777 [rviz2-1] [INFO] [1755034714.968767537] [ouster.rviz2]: Message Filter dropping message: frame 'map' at time 1755034614.831 for reason 'discarding message because the queue is full'
1755034724.9848609 [rviz2-1] [INFO] [1755034724.984665481] [ouster.rviz2]: Message Filter dropping message: frame 'map' at time 1755034624.831 for reason 'discarding message because the queue is full'
1755034834.9691308 [rviz2-1] [INFO] [1755034834.968938706] [ouster.rviz2]: Message Filter dropping message: frame 'map' at time 1755034734.831 for reason 'discarding message because the queue is full'
1755034844.9850876 [rviz2-1] [INFO] [1755034844.984860952] [ouster.rviz2]: Message Filter dropping message: frame 'map' at time 1755034744.831 for reason 'discarding message because the queue is full'
1755034854.9686677 [rviz2-1] [INFO] [1755034854.968460955] [ouster.rviz2]: Message Filter dropping message: frame 'map' at time 1755034754.831 for reason 'discarding message because the queue is full'
1755034864.9847186 [rviz2-1] [INFO] [1755034864.984519212] [ouster.rviz2]: Message Filter dropping message: frame 'map' at time 1755034764.831 for reason 'discarding message because the queue is full'
1755034874.9683311 [rviz2-1] [INFO] [1755034874.968116518] [ouster.rviz2]: Message Filter dropping message: frame 'map' at time 1755034774.831 for reason 'discarding message because the queue is full'
1755034884.9844637 [rviz2-1] [INFO] [1755034884.984274956] [ouster.rviz2]: Message Filter dropping message: frame 'map' at time 1755034784.832 for reason 'discarding message because the queue is full'
1755034894.9689050 [rviz2-1] [INFO] [1755034894.968659761] [ouster.rviz2]: Message Filter dropping message: frame 'map' at time 1755034794.831 for reason 'discarding message because the queue is full'
1755034904.9846482 [rviz2-1] [INFO] [1755034904.984450667] [ouster.rviz2]: Message Filter dropping message: frame 'map' at time 1755034804.832 for reason 'discarding message because the queue is full'
1755034914.9692500 [rviz2-1] [INFO] [1755034914.969028836] [ouster.rviz2]: Message Filter dropping message: frame 'map' at time 1755034814.832 for reason 'discarding message because the queue is full'
1755034924.9850059 [rviz2-1] [INFO] [1755034924.984756469] [ouster.rviz2]: Message Filter dropping message: frame 'map' at time 1755034824.832 for reason 'discarding message because the queue is full'
1755034934.9693069 [rviz2-1] [INFO] [1755034934.969077281] [ouster.rviz2]: Message Filter dropping message: frame 'map' at time 1755034834.832 for reason 'discarding message because the queue is full'
1755034944.9845409 [rviz2-1] [INFO] [1755034944.984314020] [ouster.rviz2]: Message Filter dropping message: frame 'map' at time 1755034844.833 for reason 'discarding message because the queue is full'
1755034954.9685373 [rviz2-1] [INFO] [1755034954.968317592] [ouster.rviz2]: Message Filter dropping message: frame 'map' at time 1755034854.833 for reason 'discarding message because the queue is full'
1755034964.9845662 [rviz2-1] [INFO] [1755034964.984349745] [ouster.rviz2]: Message Filter dropping message: frame 'map' at time 1755034864.834 for reason 'discarding message because the queue is full'
1755034974.9685223 [rviz2-1] [INFO] [1755034974.968318513] [ouster.rviz2]: Message Filter dropping message: frame 'map' at time 1755034874.834 for reason 'discarding message because the queue is full'
1755034984.9848711 [rviz2-1] [INFO] [1755034984.984661312] [ouster.rviz2]: Message Filter dropping message: frame 'map' at time 1755034884.835 for reason 'discarding message because the queue is full'
1755034994.9729266 [rviz2-1] [INFO] [1755034994.972693165] [ouster.rviz2]: Message Filter dropping message: frame 'map' at time 1755034894.835 for reason 'discarding message because the queue is full'
1755035004.9884219 [rviz2-1] [INFO] [1755035004.988192358] [ouster.rviz2]: Message Filter dropping message: frame 'map' at time 1755034904.835 for reason 'discarding message because the queue is full'
1755035014.9726961 [rviz2-1] [INFO] [1755035014.972456004] [ouster.rviz2]: Message Filter dropping message: frame 'map' at time 1755034914.835 for reason 'discarding message because the queue is full'
1755035024.9892812 [rviz2-1] [INFO] [1755035024.989030782] [ouster.rviz2]: Message Filter dropping message: frame 'map' at time 1755034924.835 for reason 'discarding message because the queue is full'
1755035034.9724264 [rviz2-1] [INFO] [1755035034.972197874] [ouster.rviz2]: Message Filter dropping message: frame 'map' at time 1755034934.835 for reason 'discarding message because the queue is full'
1755035044.9882758 [rviz2-1] [INFO] [1755035044.988077607] [ouster.rviz2]: Message Filter dropping message: frame 'map' at time 1755034944.835 for reason 'discarding message because the queue is full'
1755035054.9728251 [rviz2-1] [INFO] [1755035054.972610423] [ouster.rviz2]: Message Filter dropping message: frame 'map' at time 1755034954.836 for reason 'discarding message because the queue is full'
1755035064.9888055 [rviz2-1] [INFO] [1755035064.988563834] [ouster.rviz2]: Message Filter dropping message: frame 'map' at time 1755034964.836 for reason 'discarding message because the queue is full'
1755035074.9724212 [rviz2-1] [INFO] [1755035074.972197574] [ouster.rviz2]: Message Filter dropping message: frame 'map' at time 1755034974.836 for reason 'discarding message because the queue is full'
1755035084.9885406 [rviz2-1] [INFO] [1755035084.988297737] [ouster.rviz2]: Message Filter dropping message: frame 'map' at time 1755034984.836 for reason 'discarding message because the queue is full'
1755035094.9731147 [rviz2-1] [INFO] [1755035094.972863615] [ouster.rviz2]: Message Filter dropping message: frame 'map' at time 1755034994.836 for reason 'discarding message because the queue is full'
1755035104.9884026 [rviz2-1] [INFO] [1755035104.988191845] [ouster.rviz2]: Message Filter dropping message: frame 'map' at time 1755035004.837 for reason 'discarding message because the queue is full'
1755035114.9732611 [rviz2-1] [INFO] [1755035114.973039464] [ouster.rviz2]: Message Filter dropping message: frame 'map' at time 1755035014.837 for reason 'discarding message because the queue is full'
1755035124.9883277 [rviz2-1] [INFO] [1755035124.988115454] [ouster.rviz2]: Message Filter dropping message: frame 'map' at time 1755035024.838 for reason 'discarding message because the queue is full'
1755035134.9724128 [rviz2-1] [INFO] [1755035134.972155700] [ouster.rviz2]: Message Filter dropping message: frame 'map' at time 1755035034.839 for reason 'discarding message because the queue is full'
1755035144.9889212 [rviz2-1] [INFO] [1755035144.988695521] [ouster.rviz2]: Message Filter dropping message: frame 'map' at time 1755035044.839 for reason 'discarding message because the queue is full'
1755035154.9727988 [rviz2-1] [INFO] [1755035154.972592517] [ouster.rviz2]: Message Filter dropping message: frame 'map' at time 1755035054.839 for reason 'discarding message because the queue is full'
1755035164.9892254 [rviz2-1] [INFO] [1755035164.988995569] [ouster.rviz2]: Message Filter dropping message: frame 'map' at time 1755035064.839 for reason 'discarding message because the queue is full'
1755035174.9729764 [rviz2-1] [INFO] [1755035174.972752132] [ouster.rviz2]: Message Filter dropping message: frame 'map' at time 1755035074.840 for reason 'discarding message because the queue is full'
1755035184.9888141 [rviz2-1] [INFO] [1755035184.988555510] [ouster.rviz2]: Message Filter dropping message: frame 'map' at time 1755035084.840 for reason 'discarding message because the queue is full'
1755035194.9728260 [rviz2-1] [INFO] [1755035194.972613798] [ouster.rviz2]: Message Filter dropping message: frame 'map' at time 1755035094.840 for reason 'discarding message because the queue is full'
1755035204.9886503 [rviz2-1] [INFO] [1755035204.988417531] [ouster.rviz2]: Message Filter dropping message: frame 'map' at time 1755035104.840 for reason 'discarding message because the queue is full'
1755035214.9732664 [rviz2-1] [INFO] [1755035214.973082405] [ouster.rviz2]: Message Filter dropping message: frame 'map' at time 1755035114.841 for reason 'discarding message because the queue is full'
1755035224.9887071 [rviz2-1] [INFO] [1755035224.988460310] [ouster.rviz2]: Message Filter dropping message: frame 'map' at time 1755035124.841 for reason 'discarding message because the queue is full'
1755035234.9726558 [rviz2-1] [INFO] [1755035234.972425783] [ouster.rviz2]: Message Filter dropping message: frame 'map' at time 1755035134.841 for reason 'discarding message because the queue is full'
1755035244.9892206 [rviz2-1] [INFO] [1755035244.989012905] [ouster.rviz2]: Message Filter dropping message: frame 'map' at time 1755035144.842 for reason 'discarding message because the queue is full'
1755035254.9732051 [rviz2-1] [INFO] [1755035254.972999528] [ouster.rviz2]: Message Filter dropping message: frame 'map' at time 1755035154.842 for reason 'discarding message because the queue is full'
1755035264.9886191 [rviz2-1] [INFO] [1755035264.988381058] [ouster.rviz2]: Message Filter dropping message: frame 'map' at time 1755035164.843 for reason 'discarding message because the queue is full'
1755035274.9731538 [rviz2-1] [INFO] [1755035274.972902775] [ouster.rviz2]: Message Filter dropping message: frame 'map' at time 1755035174.843 for reason 'discarding message because the queue is full'
1755035284.9888768 [rviz2-1] [INFO] [1755035284.988669630] [ouster.rviz2]: Message Filter dropping message: frame 'map' at time 1755035184.843 for reason 'discarding message because the queue is full'
1755035294.9724276 [rviz2-1] [INFO] [1755035294.972197638] [ouster.rviz2]: Message Filter dropping message: frame 'map' at time 1755035194.843 for reason 'discarding message because the queue is full'
1755035303.6923785 [WARNING] [launch]: user interrupted with ctrl-c (SIGINT)
1755035304.0512574 [robot_state_publisher-3] [INFO] [1755035303.692114542] [rclcpp]: signal_handler(signum=2)
1755035304.0514264 [ERROR] [battery_state_control-15]: process has died [pid 504, exit code -2, cmd '/opt/ros/jazzy/lib/clearpath_hardware_interfaces/battery_state_control -s /etc/clearpath --ros-args -r __node:=battery_state_control -r __ns:=/a200_0000'].
1755035304.0514929 [ERROR] [battery_state_estimator-16]: process has died [pid 505, exit code -2, cmd '/opt/ros/jazzy/lib/clearpath_hardware_interfaces/battery_state_estimator -s /etc/clearpath --ros-args -r __node:=battery_state_estimator -r __ns:=/a200_0000'].
1755035304.0515394 [ERROR] [joy_linux_node-10]: process has died [pid 499, exit code -6, cmd '/opt/ros/jazzy/lib/joy_linux/joy_linux_node --ros-args -r __node:=joy_node -r __ns:=/a200_0000 --params-file /etc/clearpath/platform/config/teleop_joy.yaml --params-file /tmp/launch_params_zfmg_lnf -r /diagnostics:=diagnostics -r /tf:=tf -r /tf_static:=tf_static -r joy:=joy_teleop/joy -r joy/set_feedback:=joy_teleop/joy/set_feedback'].
1755035304.0515819 [INFO] [wireless_watcher-17]: process has finished cleanly [pid 506]
1755035304.0516152 [INFO] [teleop_node-11]: process has finished cleanly [pid 500]
1755035304.0516462 [INFO] [clearpath_diagnostic_updater-13]: process has finished cleanly [pid 502]
1755035304.0516775 [INFO] [robot_state_publisher-3]: process has finished cleanly [pid 492]
1755035304.0517049 [INFO] [aggregator_node-12]: process has finished cleanly [pid 501]
1755035304.0517313 [INFO] [twist_mux-9]: process has finished cleanly [pid 498]
1755035304.0517573 [INFO] [marker_server-8]: process has finished cleanly [pid 497]
1755035304.0517812 [INFO] [pointcloud_to_laserscan_node-18]: process has finished cleanly [pid 507]
1755035304.0518074 [INFO] [foxglove_bridge-14]: process has finished cleanly [pid 503]
1755035304.0518441 [INFO] [ekf_node-7]: process has finished cleanly [pid 496]
1755035304.0518816 [INFO] [rviz2-1]: process has finished cleanly [pid 490]
1755035304.0519192 [INFO] [ros2_control_node-4]: process has finished cleanly [pid 493]
1755035304.0532286 [rviz2-1] [INFO] [1755035303.692133422] [rclcpp]: signal_handler(signum=2)
1755035304.8199627 [ERROR] [os_driver-2]: process has died [pid 491, exit code -6, cmd '/home/dcist/dcist_ws/install/ouster_ros/lib/ouster_ros/os_driver --ros-args -r __node:=os_driver -r __ns:=/ouster --params-file /home/dcist/dcist_ws/install/brainbox_husky_bringup/share/brainbox_husky_bringup/config/ouster_driver_params.yaml'].
