1755035483.3093262 [INFO] [launch]: All log files can be found below /home/dcist/.ros/log/2025-08-12-21-51-23-308754-dcist-114
1755035483.3094013 [INFO] [launch]: Default logging verbosity is set to INFO
1755035483.4967010 [INFO] [rviz2-1]: process started with pid [130]
1755035483.4967959 [INFO] [os_driver-2]: process started with pid [131]
1755035483.4968355 [INFO] [pointcloud_to_laserscan_node-3]: process started with pid [132]
1755035483.5459144 [rviz2-1] QStandardPaths: XDG_RUNTIME_DIR not set, defaulting to '/tmp/runtime-dcist'
1755035483.9469285 [rviz2-1] [INFO] [1755035483.946744982] [rviz2]: Stereo is NOT SUPPORTED
1755035483.9470840 [rviz2-1] [INFO] [1755035483.946810812] [rviz2]: OpenGl version: 4.6 (GLSL 4.6)
1755035483.9727340 [rviz2-1] [INFO] [1755035483.972606009] [rviz2]: Stereo is NOT SUPPORTED
1755035484.0135865 [rviz2-1] [INFO] [1755035484.013452193] [ouster.rviz2]: Subscribing to: /ouster/points
1755035484.0136592 [rviz2-1] 
1755035484.0138140 [rviz2-1] [INFO] [1755035484.013765461] [ouster.rviz2]: Subscribing to: /ouster/points
1755035484.0138450 [rviz2-1] 
1755035484.0222313 [rviz2-1] [INFO] [1755035484.022159235] [ouster.rviz2]: Subscribing to: /ouster/points
1755035484.0222783 [rviz2-1] 
1755035484.0577085 [rviz2-1] [INFO] [1755035484.057540119] [rviz2]: Stereo is NOT SUPPORTED
1755035504.7108994 [INFO] [launch.user]: os_driver activating...
1755035608.9213388 [rviz2-1] [INFO] [1755035608.921185541] [ouster.rviz2]: Message Filter dropping message: frame 'os_lidar' at time 1755035607.809 for reason 'discarding message because the queue is full'
1755035609.0179977 [rviz2-1] [INFO] [1755035609.017802147] [ouster.rviz2]: Message Filter dropping message: frame 'os_lidar' at time 1755035607.909 for reason 'discarding message because the queue is full'
1755035609.1140850 [rviz2-1] [INFO] [1755035609.113889156] [ouster.rviz2]: Message Filter dropping message: frame 'os_lidar' at time 1755035608.009 for reason 'discarding message because the queue is full'
1755035609.2411807 [rviz2-1] [INFO] [1755035609.241013790] [ouster.rviz2]: Message Filter dropping message: frame 'os_lidar' at time 1755035608.109 for reason 'discarding message because the queue is full'
1755035609.3377955 [rviz2-1] [INFO] [1755035609.337623936] [ouster.rviz2]: Message Filter dropping message: frame 'os_lidar' at time 1755035608.209 for reason 'discarding message because the queue is full'
1755035609.4339948 [rviz2-1] [INFO] [1755035609.433811725] [ouster.rviz2]: Message Filter dropping message: frame 'os_lidar' at time 1755035608.309 for reason 'discarding message because the queue is full'
1755035609.5299695 [rviz2-1] [INFO] [1755035609.529781934] [ouster.rviz2]: Message Filter dropping message: frame 'os_lidar' at time 1755035608.409 for reason 'discarding message because the queue is full'
1755035609.6258700 [rviz2-1] [INFO] [1755035609.625685264] [ouster.rviz2]: Message Filter dropping message: frame 'os_lidar' at time 1755035608.509 for reason 'discarding message because the queue is full'
1755035609.7215357 [rviz2-1] [INFO] [1755035609.721365615] [ouster.rviz2]: Message Filter dropping message: frame 'os_lidar' at time 1755035608.609 for reason 'discarding message because the queue is full'
1755035609.8173041 [rviz2-1] [INFO] [1755035609.817110616] [ouster.rviz2]: Message Filter dropping message: frame 'os_lidar' at time 1755035608.709 for reason 'discarding message because the queue is full'
1755035609.9132600 [rviz2-1] [INFO] [1755035609.913076756] [ouster.rviz2]: Message Filter dropping message: frame 'os_lidar' at time 1755035608.809 for reason 'discarding message because the queue is full'
1755035610.0416102 [rviz2-1] [INFO] [1755035610.041450663] [ouster.rviz2]: Message Filter dropping message: frame 'os_lidar' at time 1755035608.909 for reason 'discarding message because the queue is full'
1755035610.1377301 [rviz2-1] [INFO] [1755035610.137567102] [ouster.rviz2]: Message Filter dropping message: frame 'os_lidar' at time 1755035609.009 for reason 'discarding message because the queue is full'
1755035610.2335544 [rviz2-1] [INFO] [1755035610.233371843] [ouster.rviz2]: Message Filter dropping message: frame 'os_lidar' at time 1755035609.109 for reason 'discarding message because the queue is full'
1755035610.3299119 [rviz2-1] [INFO] [1755035610.329733670] [ouster.rviz2]: Message Filter dropping message: frame 'os_lidar' at time 1755035609.209 for reason 'discarding message because the queue is full'
1755035610.4258668 [rviz2-1] [INFO] [1755035610.425718260] [ouster.rviz2]: Message Filter dropping message: frame 'os_lidar' at time 1755035609.309 for reason 'discarding message because the queue is full'
1755035610.5220759 [rviz2-1] [INFO] [1755035610.521856879] [ouster.rviz2]: Message Filter dropping message: frame 'os_lidar' at time 1755035609.409 for reason 'discarding message because the queue is full'
1755035610.6169572 [rviz2-1] [INFO] [1755035610.616768984] [ouster.rviz2]: Message Filter dropping message: frame 'os_lidar' at time 1755035609.509 for reason 'discarding message because the queue is full'
1755035610.7134898 [rviz2-1] [INFO] [1755035610.713295591] [ouster.rviz2]: Message Filter dropping message: frame 'os_lidar' at time 1755035609.609 for reason 'discarding message because the queue is full'
1755035610.8413496 [rviz2-1] [INFO] [1755035610.841150971] [ouster.rviz2]: Message Filter dropping message: frame 'os_lidar' at time 1755035609.709 for reason 'discarding message because the queue is full'
1755035610.9375546 [rviz2-1] [INFO] [1755035610.937392719] [ouster.rviz2]: Message Filter dropping message: frame 'os_lidar' at time 1755035609.809 for reason 'discarding message because the queue is full'
1755035611.0339859 [rviz2-1] [INFO] [1755035611.033752647] [ouster.rviz2]: Message Filter dropping message: frame 'os_lidar' at time 1755035609.909 for reason 'discarding message because the queue is full'
1755035611.1298230 [rviz2-1] [INFO] [1755035611.129648477] [ouster.rviz2]: Message Filter dropping message: frame 'os_lidar' at time 1755035610.009 for reason 'discarding message because the queue is full'
1755035611.2259169 [rviz2-1] [INFO] [1755035611.225723207] [ouster.rviz2]: Message Filter dropping message: frame 'os_lidar' at time 1755035610.109 for reason 'discarding message because the queue is full'
1755035611.3220713 [rviz2-1] [INFO] [1755035611.321882626] [ouster.rviz2]: Message Filter dropping message: frame 'os_lidar' at time 1755035610.209 for reason 'discarding message because the queue is full'
1755035611.4173141 [rviz2-1] [INFO] [1755035611.417144669] [ouster.rviz2]: Message Filter dropping message: frame 'os_lidar' at time 1755035610.309 for reason 'discarding message because the queue is full'
1755035611.5135245 [rviz2-1] [INFO] [1755035611.513319908] [ouster.rviz2]: Message Filter dropping message: frame 'os_lidar' at time 1755035610.409 for reason 'discarding message because the queue is full'
1755035611.6414552 [rviz2-1] [INFO] [1755035611.641247078] [ouster.rviz2]: Message Filter dropping message: frame 'os_lidar' at time 1755035610.509 for reason 'discarding message because the queue is full'
1755035611.7370284 [rviz2-1] [INFO] [1755035611.736814260] [ouster.rviz2]: Message Filter dropping message: frame 'os_lidar' at time 1755035610.609 for reason 'discarding message because the queue is full'
1755035611.8333979 [rviz2-1] [INFO] [1755035611.833226338] [ouster.rviz2]: Message Filter dropping message: frame 'os_lidar' at time 1755035610.709 for reason 'discarding message because the queue is full'
1755035611.9296687 [rviz2-1] [INFO] [1755035611.929498426] [ouster.rviz2]: Message Filter dropping message: frame 'os_lidar' at time 1755035610.809 for reason 'discarding message because the queue is full'
1755035612.0256677 [rviz2-1] [INFO] [1755035612.025479056] [ouster.rviz2]: Message Filter dropping message: frame 'os_lidar' at time 1755035610.909 for reason 'discarding message because the queue is full'
1755035612.1215453 [rviz2-1] [INFO] [1755035612.121365346] [ouster.rviz2]: Message Filter dropping message: frame 'os_lidar' at time 1755035611.009 for reason 'discarding message because the queue is full'
1755035612.2177694 [rviz2-1] [INFO] [1755035612.217530495] [ouster.rviz2]: Message Filter dropping message: frame 'os_lidar' at time 1755035611.109 for reason 'discarding message because the queue is full'
1755035612.3135407 [rviz2-1] [INFO] [1755035612.313328776] [ouster.rviz2]: Message Filter dropping message: frame 'os_lidar' at time 1755035611.209 for reason 'discarding message because the queue is full'
1755035612.4418325 [rviz2-1] [INFO] [1755035612.441621704] [ouster.rviz2]: Message Filter dropping message: frame 'os_lidar' at time 1755035611.309 for reason 'discarding message because the queue is full'
1755035612.5374579 [rviz2-1] [INFO] [1755035612.537294046] [ouster.rviz2]: Message Filter dropping message: frame 'os_lidar' at time 1755035611.409 for reason 'discarding message because the queue is full'
1755035612.6338365 [rviz2-1] [INFO] [1755035612.633668364] [ouster.rviz2]: Message Filter dropping message: frame 'os_lidar' at time 1755035611.509 for reason 'discarding message because the queue is full'
1755035612.7291684 [rviz2-1] [INFO] [1755035612.729005987] [ouster.rviz2]: Message Filter dropping message: frame 'os_lidar' at time 1755035611.609 for reason 'discarding message because the queue is full'
1755035612.8259821 [rviz2-1] [INFO] [1755035612.825781663] [ouster.rviz2]: Message Filter dropping message: frame 'os_lidar' at time 1755035611.709 for reason 'discarding message because the queue is full'
1755035612.9217415 [rviz2-1] [INFO] [1755035612.921569904] [ouster.rviz2]: Message Filter dropping message: frame 'os_lidar' at time 1755035611.809 for reason 'discarding message because the queue is full'
1755035613.0169506 [rviz2-1] [INFO] [1755035613.016752528] [ouster.rviz2]: Message Filter dropping message: frame 'os_lidar' at time 1755035611.909 for reason 'discarding message because the queue is full'
1755035613.1133549 [rviz2-1] [INFO] [1755035613.113164666] [ouster.rviz2]: Message Filter dropping message: frame 'os_lidar' at time 1755035612.009 for reason 'discarding message because the queue is full'
1755035613.2415700 [rviz2-1] [INFO] [1755035613.241404985] [ouster.rviz2]: Message Filter dropping message: frame 'os_lidar' at time 1755035612.109 for reason 'discarding message because the queue is full'
1755035613.3374717 [rviz2-1] [INFO] [1755035613.337286436] [ouster.rviz2]: Message Filter dropping message: frame 'os_lidar' at time 1755035612.209 for reason 'discarding message because the queue is full'
1755035613.4336109 [rviz2-1] [INFO] [1755035613.433428965] [ouster.rviz2]: Message Filter dropping message: frame 'os_lidar' at time 1755035612.309 for reason 'discarding message because the queue is full'
1755035613.5294807 [rviz2-1] [INFO] [1755035613.529297676] [ouster.rviz2]: Message Filter dropping message: frame 'os_lidar' at time 1755035612.409 for reason 'discarding message because the queue is full'
1755035613.6259611 [rviz2-1] [INFO] [1755035613.625796863] [ouster.rviz2]: Message Filter dropping message: frame 'os_lidar' at time 1755035612.509 for reason 'discarding message because the queue is full'
1755035613.7217290 [rviz2-1] [INFO] [1755035613.721548314] [ouster.rviz2]: Message Filter dropping message: frame 'os_lidar' at time 1755035612.609 for reason 'discarding message because the queue is full'
1755035613.8172212 [rviz2-1] [INFO] [1755035613.817033237] [ouster.rviz2]: Message Filter dropping message: frame 'os_lidar' at time 1755035612.709 for reason 'discarding message because the queue is full'
1755035613.9134455 [rviz2-1] [INFO] [1755035613.913266825] [ouster.rviz2]: Message Filter dropping message: frame 'os_lidar' at time 1755035612.809 for reason 'discarding message because the queue is full'
1755035614.0415196 [rviz2-1] [INFO] [1755035614.041297425] [ouster.rviz2]: Message Filter dropping message: frame 'os_lidar' at time 1755035612.909 for reason 'discarding message because the queue is full'
1755035614.1375473 [rviz2-1] [INFO] [1755035614.137357515] [ouster.rviz2]: Message Filter dropping message: frame 'os_lidar' at time 1755035613.009 for reason 'discarding message because the queue is full'
1755035614.2333114 [rviz2-1] [INFO] [1755035614.233135167] [ouster.rviz2]: Message Filter dropping message: frame 'os_lidar' at time 1755035613.109 for reason 'discarding message because the queue is full'
1755035614.3298891 [rviz2-1] [INFO] [1755035614.329718424] [ouster.rviz2]: Message Filter dropping message: frame 'os_lidar' at time 1755035613.209 for reason 'discarding message because the queue is full'
1755035614.4252565 [rviz2-1] [INFO] [1755035614.425101377] [ouster.rviz2]: Message Filter dropping message: frame 'os_lidar' at time 1755035613.309 for reason 'discarding message because the queue is full'
1755035614.5215387 [rviz2-1] [INFO] [1755035614.521363616] [ouster.rviz2]: Message Filter dropping message: frame 'os_lidar' at time 1755035613.409 for reason 'discarding message because the queue is full'
1755035614.6178892 [rviz2-1] [INFO] [1755035614.617696624] [ouster.rviz2]: Message Filter dropping message: frame 'os_lidar' at time 1755035613.509 for reason 'discarding message because the queue is full'
1755035614.7132971 [rviz2-1] [INFO] [1755035614.713094508] [ouster.rviz2]: Message Filter dropping message: frame 'os_lidar' at time 1755035613.609 for reason 'discarding message because the queue is full'
1755035614.7535982 [WARNING] [launch]: user interrupted with ctrl-c (SIGINT)
1755035615.7540677 [rviz2-1] [INFO] [1755035614.753450233] [rclcpp]: signal_handler(signum=2)
1755035615.7541649 [INFO] [pointcloud_to_laserscan_node-3]: process has finished cleanly [pid 132]
1755035615.7542102 [INFO] [rviz2-1]: process has finished cleanly [pid 130]
1755035615.8925481 [ERROR] [os_driver-2]: process has died [pid 131, exit code -6, cmd '/home/dcist/dcist_ws/install/ouster_ros/lib/ouster_ros/os_driver --ros-args -r __node:=os_driver -r __ns:=/ouster --params-file /home/dcist/dcist_ws/install/brainbox_husky_bringup/share/brainbox_husky_bringup/config/ouster_driver_params.yaml'].
